[0.100s] Invoking command in '/home/hb/Git/Embedded/build/turtlebot3_manipulation_gazebo': CMAKE_PREFIX_PATH=${CMAKE_PREFIX_PATH}:/home/hb/Git/Embedded/install/turtlebot3_teleop:/home/hb/Git/Embedded/install/turtlebot3_example:/home/hb/Git/Embedded/install/robot_web_interface:/home/hb/Git/Embedded/install/delivery_interface:/home/hb/Git/Embedded/install/app_navigation:/opt/ros/humble /usr/bin/cmake --build /home/hb/Git/Embedded/build/turtlebot3_manipulation_gazebo -- -j16 -l16
[1.440s] [ 20%] Built target StorageDoorRos2Plugin
[1.440s] [ 40%] Built target CoordinatorRos2Plugin
[1.440s] [ 50%] [32mBuilding CXX object CMakeFiles/ElevatorRos2Plugin.dir/home/hb/Git/Embedded/src/Plugin/ElevatorRos2Plugin.cpp.o[0m
[1.440s] [ 70%] Built target BoxControlPlugin
[1.440s] [ 90%] Built target AptDoorRos2Plugin
[16.423s] [100%] [32m[1mLinking CXX shared library libElevatorRos2Plugin.so[0m
[16.965s] [100%] Built target ElevatorRos2Plugin
[16.976s] Invoked command in '/home/hb/Git/Embedded/build/turtlebot3_manipulation_gazebo' returned '0': CMAKE_PREFIX_PATH=${CMAKE_PREFIX_PATH}:/home/hb/Git/Embedded/install/turtlebot3_teleop:/home/hb/Git/Embedded/install/turtlebot3_example:/home/hb/Git/Embedded/install/robot_web_interface:/home/hb/Git/Embedded/install/delivery_interface:/home/hb/Git/Embedded/install/app_navigation:/opt/ros/humble /usr/bin/cmake --build /home/hb/Git/Embedded/build/turtlebot3_manipulation_gazebo -- -j16 -l16
[16.977s] Invoking command in '/home/hb/Git/Embedded/build/turtlebot3_manipulation_gazebo': CMAKE_PREFIX_PATH=${CMAKE_PREFIX_PATH}:/home/hb/Git/Embedded/install/turtlebot3_teleop:/home/hb/Git/Embedded/install/turtlebot3_example:/home/hb/Git/Embedded/install/robot_web_interface:/home/hb/Git/Embedded/install/delivery_interface:/home/hb/Git/Embedded/install/app_navigation:/opt/ros/humble /usr/bin/cmake --install /home/hb/Git/Embedded/build/turtlebot3_manipulation_gazebo
[16.983s] -- Install configuration: ""
[16.983s] -- Installing: /home/hb/Git/Embedded/install/turtlebot3_manipulation_gazebo/lib/libElevatorRos2Plugin.so
[16.988s] -- Set runtime path of "/home/hb/Git/Embedded/install/turtlebot3_manipulation_gazebo/lib/libElevatorRos2Plugin.so" to ""
[16.988s] -- Up-to-date: /home/hb/Git/Embedded/install/turtlebot3_manipulation_gazebo/lib/libAptDoorRos2Plugin.so
[16.988s] -- Up-to-date: /home/hb/Git/Embedded/install/turtlebot3_manipulation_gazebo/lib/libCoordinatorRos2Plugin.so
[16.989s] -- Up-to-date: /home/hb/Git/Embedded/install/turtlebot3_manipulation_gazebo/lib/libStorageDoorRos2Plugin.so
[16.989s] -- Up-to-date: /home/hb/Git/Embedded/install/turtlebot3_manipulation_gazebo/lib/libBoxControlPlugin.so
[16.989s] -- Up-to-date: /home/hb/Git/Embedded/install/turtlebot3_manipulation_gazebo/share/turtlebot3_manipulation_gazebo/config
[16.989s] -- Up-to-date: /home/hb/Git/Embedded/install/turtlebot3_manipulation_gazebo/share/turtlebot3_manipulation_gazebo/config/gazebo_controller_manager.yaml
[16.989s] -- Up-to-date: /home/hb/Git/Embedded/install/turtlebot3_manipulation_gazebo/share/turtlebot3_manipulation_gazebo/config/hardware_controller_manager.yaml
[16.989s] -- Up-to-date: /home/hb/Git/Embedded/install/turtlebot3_manipulation_gazebo/share/turtlebot3_manipulation_gazebo/gazebo
[16.989s] -- Up-to-date: /home/hb/Git/Embedded/install/turtlebot3_manipulation_gazebo/share/turtlebot3_manipulation_gazebo/gazebo/open_manipulator_x.gazebo.xacro
[16.989s] -- Up-to-date: /home/hb/Git/Embedded/install/turtlebot3_manipulation_gazebo/share/turtlebot3_manipulation_gazebo/gazebo/turtlebot3_waffle_pi.gazebo.xacro
[16.989s] -- Up-to-date: /home/hb/Git/Embedded/install/turtlebot3_manipulation_gazebo/share/turtlebot3_manipulation_gazebo/gazebo/materials.xacro
[16.989s] -- Up-to-date: /home/hb/Git/Embedded/install/turtlebot3_manipulation_gazebo/share/turtlebot3_manipulation_gazebo/launch
[16.989s] -- Up-to-date: /home/hb/Git/Embedded/install/turtlebot3_manipulation_gazebo/share/turtlebot3_manipulation_gazebo/launch/gazebo.launch.py
[16.989s] -- Up-to-date: /home/hb/Git/Embedded/install/turtlebot3_manipulation_gazebo/share/turtlebot3_manipulation_gazebo/launch/gazebo.launch_backup.py
[16.989s] -- Up-to-date: /home/hb/Git/Embedded/install/turtlebot3_manipulation_gazebo/share/turtlebot3_manipulation_gazebo/launch/fake.launch.py
[16.990s] -- Up-to-date: /home/hb/Git/Embedded/install/turtlebot3_manipulation_gazebo/share/turtlebot3_manipulation_gazebo/launch/turtlebot3_home_service_challenge.launch_backup.py
[16.990s] -- Up-to-date: /home/hb/Git/Embedded/install/turtlebot3_manipulation_gazebo/share/turtlebot3_manipulation_gazebo/launch/turtlebot3_home_service_challenge.launch.py
[16.990s] -- Up-to-date: /home/hb/Git/Embedded/install/turtlebot3_manipulation_gazebo/share/turtlebot3_manipulation_gazebo/launch/base.launch.py
[16.990s] -- Up-to-date: /home/hb/Git/Embedded/install/turtlebot3_manipulation_gazebo/share/turtlebot3_manipulation_gazebo/ros2_control
[16.990s] -- Up-to-date: /home/hb/Git/Embedded/install/turtlebot3_manipulation_gazebo/share/turtlebot3_manipulation_gazebo/ros2_control/turtlebot3_manipulation_system.ros2_control.xacro
[16.990s] -- Up-to-date: /home/hb/Git/Embedded/install/turtlebot3_manipulation_gazebo/share/turtlebot3_manipulation_gazebo/rviz
[16.990s] -- Up-to-date: /home/hb/Git/Embedded/install/turtlebot3_manipulation_gazebo/share/turtlebot3_manipulation_gazebo/rviz/turtlebot3_manipulation.rviz
[16.990s] -- Up-to-date: /home/hb/Git/Embedded/install/turtlebot3_manipulation_gazebo/share/turtlebot3_manipulation_gazebo/urdf
[16.990s] -- Up-to-date: /home/hb/Git/Embedded/install/turtlebot3_manipulation_gazebo/share/turtlebot3_manipulation_gazebo/urdf/turtlebot3_manipulation.urdf.xacro
[16.990s] -- Up-to-date: /home/hb/Git/Embedded/install/turtlebot3_manipulation_gazebo/share/turtlebot3_manipulation_gazebo/urdf/open_manipulator_x.urdf.xacro
[16.990s] -- Up-to-date: /home/hb/Git/Embedded/install/turtlebot3_manipulation_gazebo/share/turtlebot3_manipulation_gazebo/urdf/turtlebot3_waffle_pi.urdf.xacro
[16.990s] -- Up-to-date: /home/hb/Git/Embedded/install/turtlebot3_manipulation_gazebo/share/turtlebot3_manipulation_gazebo/worlds
[16.990s] -- Up-to-date: /home/hb/Git/Embedded/install/turtlebot3_manipulation_gazebo/share/turtlebot3_manipulation_gazebo/worlds/outer.world
[16.990s] -- Up-to-date: /home/hb/Git/Embedded/install/turtlebot3_manipulation_gazebo/share/turtlebot3_manipulation_gazebo/worlds/turtlebot3_home_service_challenge.world
[16.990s] -- Up-to-date: /home/hb/Git/Embedded/install/turtlebot3_manipulation_gazebo/share/turtlebot3_manipulation_gazebo/models
[16.990s] -- Up-to-date: /home/hb/Git/Embedded/install/turtlebot3_manipulation_gazebo/share/turtlebot3_manipulation_gazebo/models/turtlebot3_home_service_challenge
[16.990s] -- Up-to-date: /home/hb/Git/Embedded/install/turtlebot3_manipulation_gazebo/share/turtlebot3_manipulation_gazebo/models/turtlebot3_home_service_challenge/marker6
[16.990s] -- Up-to-date: /home/hb/Git/Embedded/install/turtlebot3_manipulation_gazebo/share/turtlebot3_manipulation_gazebo/models/turtlebot3_home_service_challenge/marker6/model.config
[16.990s] -- Up-to-date: /home/hb/Git/Embedded/install/turtlebot3_manipulation_gazebo/share/turtlebot3_manipulation_gazebo/models/turtlebot3_home_service_challenge/marker6/model-1_4.sdf
[16.990s] -- Up-to-date: /home/hb/Git/Embedded/install/turtlebot3_manipulation_gazebo/share/turtlebot3_manipulation_gazebo/models/turtlebot3_home_service_challenge/marker6/model.sdf
[16.990s] -- Up-to-date: /home/hb/Git/Embedded/install/turtlebot3_manipulation_gazebo/share/turtlebot3_manipulation_gazebo/models/turtlebot3_home_service_challenge/marker6/meshes
[16.990s] -- Up-to-date: /home/hb/Git/Embedded/install/turtlebot3_manipulation_gazebo/share/turtlebot3_manipulation_gazebo/models/turtlebot3_home_service_challenge/marker6/meshes/Marker6.dae
[16.991s] -- Up-to-date: /home/hb/Git/Embedded/install/turtlebot3_manipulation_gazebo/share/turtlebot3_manipulation_gazebo/models/turtlebot3_home_service_challenge/marker6/model-1_5.sdf
[16.991s] -- Up-to-date: /home/hb/Git/Embedded/install/turtlebot3_manipulation_gazebo/share/turtlebot3_manipulation_gazebo/models/turtlebot3_home_service_challenge/marker6/materials
[16.991s] -- Up-to-date: /home/hb/Git/Embedded/install/turtlebot3_manipulation_gazebo/share/turtlebot3_manipulation_gazebo/models/turtlebot3_home_service_challenge/marker6/materials/textures
[16.991s] -- Up-to-date: /home/hb/Git/Embedded/install/turtlebot3_manipulation_gazebo/share/turtlebot3_manipulation_gazebo/models/turtlebot3_home_service_challenge/marker6/materials/textures/Marker6.png
[16.991s] -- Up-to-date: /home/hb/Git/Embedded/install/turtlebot3_manipulation_gazebo/share/turtlebot3_manipulation_gazebo/models/turtlebot3_home_service_challenge/marker1
[16.991s] -- Up-to-date: /home/hb/Git/Embedded/install/turtlebot3_manipulation_gazebo/share/turtlebot3_manipulation_gazebo/models/turtlebot3_home_service_challenge/marker1/model.config
[16.991s] -- Up-to-date: /home/hb/Git/Embedded/install/turtlebot3_manipulation_gazebo/share/turtlebot3_manipulation_gazebo/models/turtlebot3_home_service_challenge/marker1/model-1_4.sdf
[16.991s] -- Up-to-date: /home/hb/Git/Embedded/install/turtlebot3_manipulation_gazebo/share/turtlebot3_manipulation_gazebo/models/turtlebot3_home_service_challenge/marker1/model.sdf
[16.991s] -- Up-to-date: /home/hb/Git/Embedded/install/turtlebot3_manipulation_gazebo/share/turtlebot3_manipulation_gazebo/models/turtlebot3_home_service_challenge/marker1/meshes
[16.991s] -- Up-to-date: /home/hb/Git/Embedded/install/turtlebot3_manipulation_gazebo/share/turtlebot3_manipulation_gazebo/models/turtlebot3_home_service_challenge/marker1/meshes/Marker1.dae
[16.991s] -- Up-to-date: /home/hb/Git/Embedded/install/turtlebot3_manipulation_gazebo/share/turtlebot3_manipulation_gazebo/models/turtlebot3_home_service_challenge/marker1/model-1_5.sdf
[16.991s] -- Up-to-date: /home/hb/Git/Embedded/install/turtlebot3_manipulation_gazebo/share/turtlebot3_manipulation_gazebo/models/turtlebot3_home_service_challenge/marker1/materials
[16.991s] -- Up-to-date: /home/hb/Git/Embedded/install/turtlebot3_manipulation_gazebo/share/turtlebot3_manipulation_gazebo/models/turtlebot3_home_service_challenge/marker1/materials/textures
[16.991s] -- Up-to-date: /home/hb/Git/Embedded/install/turtlebot3_manipulation_gazebo/share/turtlebot3_manipulation_gazebo/models/turtlebot3_home_service_challenge/marker1/materials/textures/Marker1.png
[16.991s] -- Up-to-date: /home/hb/Git/Embedded/install/turtlebot3_manipulation_gazebo/share/turtlebot3_manipulation_gazebo/models/turtlebot3_home_service_challenge/marker8
[16.991s] -- Up-to-date: /home/hb/Git/Embedded/install/turtlebot3_manipulation_gazebo/share/turtlebot3_manipulation_gazebo/models/turtlebot3_home_service_challenge/marker8/model.config
[16.991s] -- Up-to-date: /home/hb/Git/Embedded/install/turtlebot3_manipulation_gazebo/share/turtlebot3_manipulation_gazebo/models/turtlebot3_home_service_challenge/marker8/model-1_4.sdf
[16.992s] -- Up-to-date: /home/hb/Git/Embedded/install/turtlebot3_manipulation_gazebo/share/turtlebot3_manipulation_gazebo/models/turtlebot3_home_service_challenge/marker8/model.sdf
[16.992s] -- Up-to-date: /home/hb/Git/Embedded/install/turtlebot3_manipulation_gazebo/share/turtlebot3_manipulation_gazebo/models/turtlebot3_home_service_challenge/marker8/meshes
[16.992s] -- Up-to-date: /home/hb/Git/Embedded/install/turtlebot3_manipulation_gazebo/share/turtlebot3_manipulation_gazebo/models/turtlebot3_home_service_challenge/marker8/meshes/Marker8.dae
[16.992s] -- Up-to-date: /home/hb/Git/Embedded/install/turtlebot3_manipulation_gazebo/share/turtlebot3_manipulation_gazebo/models/turtlebot3_home_service_challenge/marker8/model-1_5.sdf
[16.992s] -- Up-to-date: /home/hb/Git/Embedded/install/turtlebot3_manipulation_gazebo/share/turtlebot3_manipulation_gazebo/models/turtlebot3_home_service_challenge/marker8/materials
[16.992s] -- Up-to-date: /home/hb/Git/Embedded/install/turtlebot3_manipulation_gazebo/share/turtlebot3_manipulation_gazebo/models/turtlebot3_home_service_challenge/marker8/materials/textures
[16.992s] -- Up-to-date: /home/hb/Git/Embedded/install/turtlebot3_manipulation_gazebo/share/turtlebot3_manipulation_gazebo/models/turtlebot3_home_service_challenge/marker8/materials/textures/Marker8.png
[16.992s] -- Up-to-date: /home/hb/Git/Embedded/install/turtlebot3_manipulation_gazebo/share/turtlebot3_manipulation_gazebo/models/turtlebot3_home_service_challenge/marker0
[16.992s] -- Up-to-date: /home/hb/Git/Embedded/install/turtlebot3_manipulation_gazebo/share/turtlebot3_manipulation_gazebo/models/turtlebot3_home_service_challenge/marker0/model.config
[16.992s] -- Up-to-date: /home/hb/Git/Embedded/install/turtlebot3_manipulation_gazebo/share/turtlebot3_manipulation_gazebo/models/turtlebot3_home_service_challenge/marker0/model-1_4.sdf
[16.992s] -- Up-to-date: /home/hb/Git/Embedded/install/turtlebot3_manipulation_gazebo/share/turtlebot3_manipulation_gazebo/models/turtlebot3_home_service_challenge/marker0/model.sdf
[16.992s] -- Up-to-date: /home/hb/Git/Embedded/install/turtlebot3_manipulation_gazebo/share/turtlebot3_manipulation_gazebo/models/turtlebot3_home_service_challenge/marker0/meshes
[16.992s] -- Up-to-date: /home/hb/Git/Embedded/install/turtlebot3_manipulation_gazebo/share/turtlebot3_manipulation_gazebo/models/turtlebot3_home_service_challenge/marker0/meshes/Marker0.dae
[16.992s] -- Up-to-date: /home/hb/Git/Embedded/install/turtlebot3_manipulation_gazebo/share/turtlebot3_manipulation_gazebo/models/turtlebot3_home_service_challenge/marker0/model-1_5.sdf
[16.992s] -- Up-to-date: /home/hb/Git/Embedded/install/turtlebot3_manipulation_gazebo/share/turtlebot3_manipulation_gazebo/models/turtlebot3_home_service_challenge/marker0/materials
[16.992s] -- Up-to-date: /home/hb/Git/Embedded/install/turtlebot3_manipulation_gazebo/share/turtlebot3_manipulation_gazebo/models/turtlebot3_home_service_challenge/marker0/materials/textures
[16.992s] -- Up-to-date: /home/hb/Git/Embedded/install/turtlebot3_manipulation_gazebo/share/turtlebot3_manipulation_gazebo/models/turtlebot3_home_service_challenge/marker0/materials/textures/Marker0.png
[16.992s] -- Up-to-date: /home/hb/Git/Embedded/install/turtlebot3_manipulation_gazebo/share/turtlebot3_manipulation_gazebo/models/turtlebot3_home_service_challenge/marker3
[16.992s] -- Up-to-date: /home/hb/Git/Embedded/install/turtlebot3_manipulation_gazebo/share/turtlebot3_manipulation_gazebo/models/turtlebot3_home_service_challenge/marker3/model.config
[16.992s] -- Up-to-date: /home/hb/Git/Embedded/install/turtlebot3_manipulation_gazebo/share/turtlebot3_manipulation_gazebo/models/turtlebot3_home_service_challenge/marker3/model-1_4.sdf
[16.992s] -- Up-to-date: /home/hb/Git/Embedded/install/turtlebot3_manipulation_gazebo/share/turtlebot3_manipulation_gazebo/models/turtlebot3_home_service_challenge/marker3/model.sdf
[16.992s] -- Up-to-date: /home/hb/Git/Embedded/install/turtlebot3_manipulation_gazebo/share/turtlebot3_manipulation_gazebo/models/turtlebot3_home_service_challenge/marker3/meshes
[16.993s] -- Up-to-date: /home/hb/Git/Embedded/install/turtlebot3_manipulation_gazebo/share/turtlebot3_manipulation_gazebo/models/turtlebot3_home_service_challenge/marker3/meshes/Marker3.dae
[16.993s] -- Up-to-date: /home/hb/Git/Embedded/install/turtlebot3_manipulation_gazebo/share/turtlebot3_manipulation_gazebo/models/turtlebot3_home_service_challenge/marker3/model-1_5.sdf
[16.993s] -- Up-to-date: /home/hb/Git/Embedded/install/turtlebot3_manipulation_gazebo/share/turtlebot3_manipulation_gazebo/models/turtlebot3_home_service_challenge/marker3/materials
[16.993s] -- Up-to-date: /home/hb/Git/Embedded/install/turtlebot3_manipulation_gazebo/share/turtlebot3_manipulation_gazebo/models/turtlebot3_home_service_challenge/marker3/materials/textures
[16.993s] -- Up-to-date: /home/hb/Git/Embedded/install/turtlebot3_manipulation_gazebo/share/turtlebot3_manipulation_gazebo/models/turtlebot3_home_service_challenge/marker3/materials/textures/Marker3.png
[16.993s] -- Up-to-date: /home/hb/Git/Embedded/install/turtlebot3_manipulation_gazebo/share/turtlebot3_manipulation_gazebo/models/turtlebot3_home_service_challenge/marker2
[16.993s] -- Up-to-date: /home/hb/Git/Embedded/install/turtlebot3_manipulation_gazebo/share/turtlebot3_manipulation_gazebo/models/turtlebot3_home_service_challenge/marker2/model.config
[16.993s] -- Up-to-date: /home/hb/Git/Embedded/install/turtlebot3_manipulation_gazebo/share/turtlebot3_manipulation_gazebo/models/turtlebot3_home_service_challenge/marker2/model-1_4.sdf
[16.993s] -- Up-to-date: /home/hb/Git/Embedded/install/turtlebot3_manipulation_gazebo/share/turtlebot3_manipulation_gazebo/models/turtlebot3_home_service_challenge/marker2/model.sdf
[16.993s] -- Up-to-date: /home/hb/Git/Embedded/install/turtlebot3_manipulation_gazebo/share/turtlebot3_manipulation_gazebo/models/turtlebot3_home_service_challenge/marker2/meshes
[16.993s] -- Up-to-date: /home/hb/Git/Embedded/install/turtlebot3_manipulation_gazebo/share/turtlebot3_manipulation_gazebo/models/turtlebot3_home_service_challenge/marker2/meshes/Marker2.dae
[16.993s] -- Up-to-date: /home/hb/Git/Embedded/install/turtlebot3_manipulation_gazebo/share/turtlebot3_manipulation_gazebo/models/turtlebot3_home_service_challenge/marker2/model-1_5.sdf
[16.993s] -- Up-to-date: /home/hb/Git/Embedded/install/turtlebot3_manipulation_gazebo/share/turtlebot3_manipulation_gazebo/models/turtlebot3_home_service_challenge/marker2/materials
[16.993s] -- Up-to-date: /home/hb/Git/Embedded/install/turtlebot3_manipulation_gazebo/share/turtlebot3_manipulation_gazebo/models/turtlebot3_home_service_challenge/marker2/materials/textures
[16.993s] -- Up-to-date: /home/hb/Git/Embedded/install/turtlebot3_manipulation_gazebo/share/turtlebot3_manipulation_gazebo/models/turtlebot3_home_service_challenge/marker2/materials/textures/Marker2.png
[16.993s] -- Up-to-date: /home/hb/Git/Embedded/install/turtlebot3_manipulation_gazebo/share/turtlebot3_manipulation_gazebo/models/turtlebot3_home_service_challenge/marker7
[16.994s] -- Up-to-date: /home/hb/Git/Embedded/install/turtlebot3_manipulation_gazebo/share/turtlebot3_manipulation_gazebo/models/turtlebot3_home_service_challenge/marker7/model.config
[16.994s] -- Up-to-date: /home/hb/Git/Embedded/install/turtlebot3_manipulation_gazebo/share/turtlebot3_manipulation_gazebo/models/turtlebot3_home_service_challenge/marker7/model-1_4.sdf
[16.994s] -- Up-to-date: /home/hb/Git/Embedded/install/turtlebot3_manipulation_gazebo/share/turtlebot3_manipulation_gazebo/models/turtlebot3_home_service_challenge/marker7/model.sdf
[16.994s] -- Up-to-date: /home/hb/Git/Embedded/install/turtlebot3_manipulation_gazebo/share/turtlebot3_manipulation_gazebo/models/turtlebot3_home_service_challenge/marker7/meshes
[16.994s] -- Up-to-date: /home/hb/Git/Embedded/install/turtlebot3_manipulation_gazebo/share/turtlebot3_manipulation_gazebo/models/turtlebot3_home_service_challenge/marker7/meshes/Marker7.dae
[16.994s] -- Up-to-date: /home/hb/Git/Embedded/install/turtlebot3_manipulation_gazebo/share/turtlebot3_manipulation_gazebo/models/turtlebot3_home_service_challenge/marker7/model-1_5.sdf
[16.994s] -- Up-to-date: /home/hb/Git/Embedded/install/turtlebot3_manipulation_gazebo/share/turtlebot3_manipulation_gazebo/models/turtlebot3_home_service_challenge/marker7/materials
[16.994s] -- Up-to-date: /home/hb/Git/Embedded/install/turtlebot3_manipulation_gazebo/share/turtlebot3_manipulation_gazebo/models/turtlebot3_home_service_challenge/marker7/materials/textures
[16.994s] -- Up-to-date: /home/hb/Git/Embedded/install/turtlebot3_manipulation_gazebo/share/turtlebot3_manipulation_gazebo/models/turtlebot3_home_service_challenge/marker7/materials/textures/Marker7.png
[16.994s] -- Up-to-date: /home/hb/Git/Embedded/install/turtlebot3_manipulation_gazebo/share/turtlebot3_manipulation_gazebo/models/turtlebot3_home_service_challenge/marker9
[16.994s] -- Up-to-date: /home/hb/Git/Embedded/install/turtlebot3_manipulation_gazebo/share/turtlebot3_manipulation_gazebo/models/turtlebot3_home_service_challenge/marker9/model.config
[16.994s] -- Up-to-date: /home/hb/Git/Embedded/install/turtlebot3_manipulation_gazebo/share/turtlebot3_manipulation_gazebo/models/turtlebot3_home_service_challenge/marker9/model-1_4.sdf
[16.994s] -- Up-to-date: /home/hb/Git/Embedded/install/turtlebot3_manipulation_gazebo/share/turtlebot3_manipulation_gazebo/models/turtlebot3_home_service_challenge/marker9/model.sdf
[16.994s] -- Up-to-date: /home/hb/Git/Embedded/install/turtlebot3_manipulation_gazebo/share/turtlebot3_manipulation_gazebo/models/turtlebot3_home_service_challenge/marker9/meshes
[16.995s] -- Up-to-date: /home/hb/Git/Embedded/install/turtlebot3_manipulation_gazebo/share/turtlebot3_manipulation_gazebo/models/turtlebot3_home_service_challenge/marker9/meshes/Marker9.dae
[16.995s] -- Up-to-date: /home/hb/Git/Embedded/install/turtlebot3_manipulation_gazebo/share/turtlebot3_manipulation_gazebo/models/turtlebot3_home_service_challenge/marker9/model-1_5.sdf
[16.995s] -- Up-to-date: /home/hb/Git/Embedded/install/turtlebot3_manipulation_gazebo/share/turtlebot3_manipulation_gazebo/models/turtlebot3_home_service_challenge/marker9/materials
[16.995s] -- Up-to-date: /home/hb/Git/Embedded/install/turtlebot3_manipulation_gazebo/share/turtlebot3_manipulation_gazebo/models/turtlebot3_home_service_challenge/marker9/materials/textures
[16.995s] -- Up-to-date: /home/hb/Git/Embedded/install/turtlebot3_manipulation_gazebo/share/turtlebot3_manipulation_gazebo/models/turtlebot3_home_service_challenge/marker9/materials/textures/Marker9.png
[16.995s] -- Up-to-date: /home/hb/Git/Embedded/install/turtlebot3_manipulation_gazebo/share/turtlebot3_manipulation_gazebo/models/turtlebot3_home_service_challenge/marker5
[16.995s] -- Up-to-date: /home/hb/Git/Embedded/install/turtlebot3_manipulation_gazebo/share/turtlebot3_manipulation_gazebo/models/turtlebot3_home_service_challenge/marker5/model.config
[16.995s] -- Up-to-date: /home/hb/Git/Embedded/install/turtlebot3_manipulation_gazebo/share/turtlebot3_manipulation_gazebo/models/turtlebot3_home_service_challenge/marker5/model-1_4.sdf
[16.995s] -- Up-to-date: /home/hb/Git/Embedded/install/turtlebot3_manipulation_gazebo/share/turtlebot3_manipulation_gazebo/models/turtlebot3_home_service_challenge/marker5/model.sdf
[16.995s] -- Up-to-date: /home/hb/Git/Embedded/install/turtlebot3_manipulation_gazebo/share/turtlebot3_manipulation_gazebo/models/turtlebot3_home_service_challenge/marker5/meshes
[16.995s] -- Up-to-date: /home/hb/Git/Embedded/install/turtlebot3_manipulation_gazebo/share/turtlebot3_manipulation_gazebo/models/turtlebot3_home_service_challenge/marker5/meshes/Marker5.dae
[16.995s] -- Up-to-date: /home/hb/Git/Embedded/install/turtlebot3_manipulation_gazebo/share/turtlebot3_manipulation_gazebo/models/turtlebot3_home_service_challenge/marker5/model-1_5.sdf
[16.995s] -- Up-to-date: /home/hb/Git/Embedded/install/turtlebot3_manipulation_gazebo/share/turtlebot3_manipulation_gazebo/models/turtlebot3_home_service_challenge/marker5/materials
[16.995s] -- Up-to-date: /home/hb/Git/Embedded/install/turtlebot3_manipulation_gazebo/share/turtlebot3_manipulation_gazebo/models/turtlebot3_home_service_challenge/marker5/materials/textures
[16.995s] -- Up-to-date: /home/hb/Git/Embedded/install/turtlebot3_manipulation_gazebo/share/turtlebot3_manipulation_gazebo/models/turtlebot3_home_service_challenge/marker5/materials/textures/Marker5.png
[16.995s] -- Up-to-date: /home/hb/Git/Embedded/install/turtlebot3_manipulation_gazebo/share/turtlebot3_manipulation_gazebo/models/turtlebot3_home_service_challenge/marker4
[16.996s] -- Up-to-date: /home/hb/Git/Embedded/install/turtlebot3_manipulation_gazebo/share/turtlebot3_manipulation_gazebo/models/turtlebot3_home_service_challenge/marker4/model.config
[16.996s] -- Up-to-date: /home/hb/Git/Embedded/install/turtlebot3_manipulation_gazebo/share/turtlebot3_manipulation_gazebo/models/turtlebot3_home_service_challenge/marker4/model-1_4.sdf
[16.996s] -- Up-to-date: /home/hb/Git/Embedded/install/turtlebot3_manipulation_gazebo/share/turtlebot3_manipulation_gazebo/models/turtlebot3_home_service_challenge/marker4/model.sdf
[16.996s] -- Up-to-date: /home/hb/Git/Embedded/install/turtlebot3_manipulation_gazebo/share/turtlebot3_manipulation_gazebo/models/turtlebot3_home_service_challenge/marker4/meshes
[16.996s] -- Up-to-date: /home/hb/Git/Embedded/install/turtlebot3_manipulation_gazebo/share/turtlebot3_manipulation_gazebo/models/turtlebot3_home_service_challenge/marker4/meshes/Marker4.dae
[16.996s] -- Up-to-date: /home/hb/Git/Embedded/install/turtlebot3_manipulation_gazebo/share/turtlebot3_manipulation_gazebo/models/turtlebot3_home_service_challenge/marker4/model-1_5.sdf
[16.996s] -- Up-to-date: /home/hb/Git/Embedded/install/turtlebot3_manipulation_gazebo/share/turtlebot3_manipulation_gazebo/models/turtlebot3_home_service_challenge/marker4/materials
[16.996s] -- Up-to-date: /home/hb/Git/Embedded/install/turtlebot3_manipulation_gazebo/share/turtlebot3_manipulation_gazebo/models/turtlebot3_home_service_challenge/marker4/materials/textures
[16.996s] -- Up-to-date: /home/hb/Git/Embedded/install/turtlebot3_manipulation_gazebo/share/turtlebot3_manipulation_gazebo/models/turtlebot3_home_service_challenge/marker4/materials/textures/Marker4.png
[16.996s] -- Up-to-date: /home/hb/Git/Embedded/install/turtlebot3_manipulation_gazebo/share/turtlebot3_manipulation_gazebo/models/small_red_box
[16.996s] -- Up-to-date: /home/hb/Git/Embedded/install/turtlebot3_manipulation_gazebo/share/turtlebot3_manipulation_gazebo/models/small_red_box/model.config
[16.996s] -- Up-to-date: /home/hb/Git/Embedded/install/turtlebot3_manipulation_gazebo/share/turtlebot3_manipulation_gazebo/models/small_red_box/model.sdf
[16.996s] -- Up-to-date: /home/hb/Git/Embedded/install/turtlebot3_manipulation_gazebo/share/turtlebot3_manipulation_gazebo/meshes
[16.996s] -- Up-to-date: /home/hb/Git/Embedded/install/turtlebot3_manipulation_gazebo/share/turtlebot3_manipulation_gazebo/meshes/turtlebot3_waffle_pi
[16.996s] -- Up-to-date: /home/hb/Git/Embedded/install/turtlebot3_manipulation_gazebo/share/turtlebot3_manipulation_gazebo/meshes/turtlebot3_waffle_pi/right_tire.stl
[16.996s] -- Up-to-date: /home/hb/Git/Embedded/install/turtlebot3_manipulation_gazebo/share/turtlebot3_manipulation_gazebo/meshes/turtlebot3_waffle_pi/left_tire.stl
[16.996s] -- Up-to-date: /home/hb/Git/Embedded/install/turtlebot3_manipulation_gazebo/share/turtlebot3_manipulation_gazebo/meshes/turtlebot3_waffle_pi/ladar.stl
[16.996s] -- Up-to-date: /home/hb/Git/Embedded/install/turtlebot3_manipulation_gazebo/share/turtlebot3_manipulation_gazebo/meshes/turtlebot3_waffle_pi/base.stl
[16.996s] -- Up-to-date: /home/hb/Git/Embedded/install/turtlebot3_manipulation_gazebo/share/turtlebot3_manipulation_gazebo/meshes/open_manipulator_x
[16.996s] -- Up-to-date: /home/hb/Git/Embedded/install/turtlebot3_manipulation_gazebo/share/turtlebot3_manipulation_gazebo/meshes/open_manipulator_x/link3.stl
[16.996s] -- Up-to-date: /home/hb/Git/Embedded/install/turtlebot3_manipulation_gazebo/share/turtlebot3_manipulation_gazebo/meshes/open_manipulator_x/link5.stl
[16.996s] -- Up-to-date: /home/hb/Git/Embedded/install/turtlebot3_manipulation_gazebo/share/turtlebot3_manipulation_gazebo/meshes/open_manipulator_x/link2.stl
[16.997s] -- Up-to-date: /home/hb/Git/Embedded/install/turtlebot3_manipulation_gazebo/share/turtlebot3_manipulation_gazebo/meshes/open_manipulator_x/gripper_right_palm.stl
[16.997s] -- Up-to-date: /home/hb/Git/Embedded/install/turtlebot3_manipulation_gazebo/share/turtlebot3_manipulation_gazebo/meshes/open_manipulator_x/link1.stl
[16.997s] -- Up-to-date: /home/hb/Git/Embedded/install/turtlebot3_manipulation_gazebo/share/turtlebot3_manipulation_gazebo/meshes/open_manipulator_x/gripper_left_palm.stl
[16.997s] -- Up-to-date: /home/hb/Git/Embedded/install/turtlebot3_manipulation_gazebo/share/turtlebot3_manipulation_gazebo/meshes/open_manipulator_x/link4.stl
[16.997s] -- Up-to-date: /home/hb/Git/Embedded/install/turtlebot3_manipulation_gazebo/share/ament_index/resource_index/package_run_dependencies/turtlebot3_manipulation_gazebo
[16.997s] -- Up-to-date: /home/hb/Git/Embedded/install/turtlebot3_manipulation_gazebo/share/ament_index/resource_index/parent_prefix_path/turtlebot3_manipulation_gazebo
[16.997s] -- Up-to-date: /home/hb/Git/Embedded/install/turtlebot3_manipulation_gazebo/share/turtlebot3_manipulation_gazebo/environment/ament_prefix_path.sh
[16.997s] -- Up-to-date: /home/hb/Git/Embedded/install/turtlebot3_manipulation_gazebo/share/turtlebot3_manipulation_gazebo/environment/ament_prefix_path.dsv
[16.997s] -- Up-to-date: /home/hb/Git/Embedded/install/turtlebot3_manipulation_gazebo/share/turtlebot3_manipulation_gazebo/environment/path.sh
[16.997s] -- Up-to-date: /home/hb/Git/Embedded/install/turtlebot3_manipulation_gazebo/share/turtlebot3_manipulation_gazebo/environment/path.dsv
[16.997s] -- Up-to-date: /home/hb/Git/Embedded/install/turtlebot3_manipulation_gazebo/share/turtlebot3_manipulation_gazebo/local_setup.bash
[16.997s] -- Up-to-date: /home/hb/Git/Embedded/install/turtlebot3_manipulation_gazebo/share/turtlebot3_manipulation_gazebo/local_setup.sh
[16.997s] -- Up-to-date: /home/hb/Git/Embedded/install/turtlebot3_manipulation_gazebo/share/turtlebot3_manipulation_gazebo/local_setup.zsh
[16.997s] -- Up-to-date: /home/hb/Git/Embedded/install/turtlebot3_manipulation_gazebo/share/turtlebot3_manipulation_gazebo/local_setup.dsv
[16.997s] -- Installing: /home/hb/Git/Embedded/install/turtlebot3_manipulation_gazebo/share/turtlebot3_manipulation_gazebo/package.dsv
[16.997s] -- Up-to-date: /home/hb/Git/Embedded/install/turtlebot3_manipulation_gazebo/share/ament_index/resource_index/packages/turtlebot3_manipulation_gazebo
[16.997s] -- Up-to-date: /home/hb/Git/Embedded/install/turtlebot3_manipulation_gazebo/share/turtlebot3_manipulation_gazebo/cmake/turtlebot3_manipulation_gazeboConfig.cmake
[16.997s] -- Up-to-date: /home/hb/Git/Embedded/install/turtlebot3_manipulation_gazebo/share/turtlebot3_manipulation_gazebo/cmake/turtlebot3_manipulation_gazeboConfig-version.cmake
[16.997s] -- Up-to-date: /home/hb/Git/Embedded/install/turtlebot3_manipulation_gazebo/share/turtlebot3_manipulation_gazebo/package.xml
[16.998s] Invoked command in '/home/hb/Git/Embedded/build/turtlebot3_manipulation_gazebo' returned '0': CMAKE_PREFIX_PATH=${CMAKE_PREFIX_PATH}:/home/hb/Git/Embedded/install/turtlebot3_teleop:/home/hb/Git/Embedded/install/turtlebot3_example:/home/hb/Git/Embedded/install/robot_web_interface:/home/hb/Git/Embedded/install/delivery_interface:/home/hb/Git/Embedded/install/app_navigation:/opt/ros/humble /usr/bin/cmake --install /home/hb/Git/Embedded/build/turtlebot3_manipulation_gazebo
