[0.126s] Invoking command in '/home/donggun/S13P21A501/Embedded/build/turtlebot3_manipulation_moveit_config': AMENT_PREFIX_PATH=/home/donggun/S13P21A501/Embedded/install/turtlebot3_manipulation_description:${AMENT_PREFIX_PATH} CMAKE_PREFIX_PATH=/home/donggun/S13P21A501/Embedded/install/turtlebot3_manipulation_description:/opt/ros/humble /usr/bin/cmake --build /home/donggun/S13P21A501/Embedded/build/turtlebot3_manipulation_moveit_config -- -j16 -l16
[0.686s] Invoked command in '/home/donggun/S13P21A501/Embedded/build/turtlebot3_manipulation_moveit_config' returned '0': AMENT_PREFIX_PATH=/home/donggun/S13P21A501/Embedded/install/turtlebot3_manipulation_description:${AMENT_PREFIX_PATH} CMAKE_PREFIX_PATH=/home/donggun/S13P21A501/Embedded/install/turtlebot3_manipulation_description:/opt/ros/humble /usr/bin/cmake --build /home/donggun/S13P21A501/Embedded/build/turtlebot3_manipulation_moveit_config -- -j16 -l16
[0.687s] Invoking command in '/home/donggun/S13P21A501/Embedded/build/turtlebot3_manipulation_moveit_config': AMENT_PREFIX_PATH=/home/donggun/S13P21A501/Embedded/install/turtlebot3_manipulation_description:${AMENT_PREFIX_PATH} CMAKE_PREFIX_PATH=/home/donggun/S13P21A501/Embedded/install/turtlebot3_manipulation_description:/opt/ros/humble /usr/bin/cmake --install /home/donggun/S13P21A501/Embedded/build/turtlebot3_manipulation_moveit_config
[0.712s] -- Install configuration: ""
[0.712s] -- Up-to-date: /home/donggun/S13P21A501/Embedded/install/turtlebot3_manipulation_moveit_config/share/turtlebot3_manipulation_moveit_config/launch
[0.712s] -- Up-to-date: /home/donggun/S13P21A501/Embedded/install/turtlebot3_manipulation_moveit_config/share/turtlebot3_manipulation_moveit_config/launch/setup_assistant.launch.py
[0.712s] -- Up-to-date: /home/donggun/S13P21A501/Embedded/install/turtlebot3_manipulation_moveit_config/share/turtlebot3_manipulation_moveit_config/launch/moveit_fake.launch.py
[0.712s] -- Up-to-date: /home/donggun/S13P21A501/Embedded/install/turtlebot3_manipulation_moveit_config/share/turtlebot3_manipulation_moveit_config/launch/servo.launch.py
[0.713s] -- Up-to-date: /home/donggun/S13P21A501/Embedded/install/turtlebot3_manipulation_moveit_config/share/turtlebot3_manipulation_moveit_config/launch/moveit_core.launch.py
[0.713s] -- Up-to-date: /home/donggun/S13P21A501/Embedded/install/turtlebot3_manipulation_moveit_config/share/turtlebot3_manipulation_moveit_config/launch/static_virtual_joint_tfs.launch.py
[0.713s] -- Up-to-date: /home/donggun/S13P21A501/Embedded/install/turtlebot3_manipulation_moveit_config/share/turtlebot3_manipulation_moveit_config/launch/moveit_gazebo.launch.py
[0.713s] -- Up-to-date: /home/donggun/S13P21A501/Embedded/install/turtlebot3_manipulation_moveit_config/share/turtlebot3_manipulation_moveit_config/launch/moveit_rviz.launch.py
[0.713s] -- Up-to-date: /home/donggun/S13P21A501/Embedded/install/turtlebot3_manipulation_moveit_config/share/turtlebot3_manipulation_moveit_config/launch/move_group.launch.py
[0.713s] -- Up-to-date: /home/donggun/S13P21A501/Embedded/install/turtlebot3_manipulation_moveit_config/share/turtlebot3_manipulation_moveit_config/launch/spawn_controllers.launch.py
[0.713s] -- Up-to-date: /home/donggun/S13P21A501/Embedded/install/turtlebot3_manipulation_moveit_config/share/turtlebot3_manipulation_moveit_config/launch/rsp.launch.py
[0.713s] -- Up-to-date: /home/donggun/S13P21A501/Embedded/install/turtlebot3_manipulation_moveit_config/share/turtlebot3_manipulation_moveit_config/config
[0.714s] -- Up-to-date: /home/donggun/S13P21A501/Embedded/install/turtlebot3_manipulation_moveit_config/share/turtlebot3_manipulation_moveit_config/config/joint_limits.yaml
[0.714s] -- Up-to-date: /home/donggun/S13P21A501/Embedded/install/turtlebot3_manipulation_moveit_config/share/turtlebot3_manipulation_moveit_config/config/ompl_planning.yaml
[0.714s] -- Up-to-date: /home/donggun/S13P21A501/Embedded/install/turtlebot3_manipulation_moveit_config/share/turtlebot3_manipulation_moveit_config/config/turtlebot3_manipulation.srdf
[0.714s] -- Up-to-date: /home/donggun/S13P21A501/Embedded/install/turtlebot3_manipulation_moveit_config/share/turtlebot3_manipulation_moveit_config/config/moveit_controllers.yaml
[0.714s] -- Up-to-date: /home/donggun/S13P21A501/Embedded/install/turtlebot3_manipulation_moveit_config/share/turtlebot3_manipulation_moveit_config/config/initial_positions.yaml
[0.714s] -- Up-to-date: /home/donggun/S13P21A501/Embedded/install/turtlebot3_manipulation_moveit_config/share/turtlebot3_manipulation_moveit_config/config/kinematics.yaml
[0.714s] -- Up-to-date: /home/donggun/S13P21A501/Embedded/install/turtlebot3_manipulation_moveit_config/share/turtlebot3_manipulation_moveit_config/config/moveit_teleop.rviz
[0.714s] -- Up-to-date: /home/donggun/S13P21A501/Embedded/install/turtlebot3_manipulation_moveit_config/share/turtlebot3_manipulation_moveit_config/config/moveit.rviz
[0.715s] -- Up-to-date: /home/donggun/S13P21A501/Embedded/install/turtlebot3_manipulation_moveit_config/share/turtlebot3_manipulation_moveit_config/config/moveit_servo.yaml
[0.715s] -- Up-to-date: /home/donggun/S13P21A501/Embedded/install/turtlebot3_manipulation_moveit_config/share/turtlebot3_manipulation_moveit_config/.setup_assistant
[0.715s] -- Up-to-date: /home/donggun/S13P21A501/Embedded/install/turtlebot3_manipulation_moveit_config/share/ament_index/resource_index/package_run_dependencies/turtlebot3_manipulation_moveit_config
[0.715s] -- Up-to-date: /home/donggun/S13P21A501/Embedded/install/turtlebot3_manipulation_moveit_config/share/ament_index/resource_index/parent_prefix_path/turtlebot3_manipulation_moveit_config
[0.720s] -- Up-to-date: /home/donggun/S13P21A501/Embedded/install/turtlebot3_manipulation_moveit_config/share/turtlebot3_manipulation_moveit_config/environment/ament_prefix_path.sh
[0.720s] -- Up-to-date: /home/donggun/S13P21A501/Embedded/install/turtlebot3_manipulation_moveit_config/share/turtlebot3_manipulation_moveit_config/environment/ament_prefix_path.dsv
[0.721s] -- Up-to-date: /home/donggun/S13P21A501/Embedded/install/turtlebot3_manipulation_moveit_config/share/turtlebot3_manipulation_moveit_config/environment/path.sh
[0.721s] -- Up-to-date: /home/donggun/S13P21A501/Embedded/install/turtlebot3_manipulation_moveit_config/share/turtlebot3_manipulation_moveit_config/environment/path.dsv
[0.721s] -- Up-to-date: /home/donggun/S13P21A501/Embedded/install/turtlebot3_manipulation_moveit_config/share/turtlebot3_manipulation_moveit_config/local_setup.bash
[0.721s] -- Up-to-date: /home/donggun/S13P21A501/Embedded/install/turtlebot3_manipulation_moveit_config/share/turtlebot3_manipulation_moveit_config/local_setup.sh
[0.721s] -- Up-to-date: /home/donggun/S13P21A501/Embedded/install/turtlebot3_manipulation_moveit_config/share/turtlebot3_manipulation_moveit_config/local_setup.zsh
[0.721s] -- Up-to-date: /home/donggun/S13P21A501/Embedded/install/turtlebot3_manipulation_moveit_config/share/turtlebot3_manipulation_moveit_config/local_setup.dsv
[0.722s] -- Up-to-date: /home/donggun/S13P21A501/Embedded/install/turtlebot3_manipulation_moveit_config/share/turtlebot3_manipulation_moveit_config/package.dsv
[0.724s] -- Up-to-date: /home/donggun/S13P21A501/Embedded/install/turtlebot3_manipulation_moveit_config/share/ament_index/resource_index/packages/turtlebot3_manipulation_moveit_config
[0.724s] -- Up-to-date: /home/donggun/S13P21A501/Embedded/install/turtlebot3_manipulation_moveit_config/share/turtlebot3_manipulation_moveit_config/cmake/turtlebot3_manipulation_moveit_configConfig.cmake
[0.724s] -- Up-to-date: /home/donggun/S13P21A501/Embedded/install/turtlebot3_manipulation_moveit_config/share/turtlebot3_manipulation_moveit_config/cmake/turtlebot3_manipulation_moveit_configConfig-version.cmake
[0.724s] -- Up-to-date: /home/donggun/S13P21A501/Embedded/install/turtlebot3_manipulation_moveit_config/share/turtlebot3_manipulation_moveit_config/package.xml
[0.746s] Invoked command in '/home/donggun/S13P21A501/Embedded/build/turtlebot3_manipulation_moveit_config' returned '0': AMENT_PREFIX_PATH=/home/donggun/S13P21A501/Embedded/install/turtlebot3_manipulation_description:${AMENT_PREFIX_PATH} CMAKE_PREFIX_PATH=/home/donggun/S13P21A501/Embedded/install/turtlebot3_manipulation_description:/opt/ros/humble /usr/bin/cmake --install /home/donggun/S13P21A501/Embedded/build/turtlebot3_manipulation_moveit_config
