[0.013s] Invoking command in '/home/donggun/S13P21A501/Embedded/build/turtlebot3_bringup': AMENT_PREFIX_PATH=/home/donggun/S13P21A501/Embedded/install/turtlebot3_node:/home/donggun/S13P21A501/Embedded/install/turtlebot3_msgs:/home/donggun/S13P21A501/Embedded/install/turtlebot3_description:/home/donggun/S13P21A501/Embedded/install/dynamixel_sdk:${AMENT_PREFIX_PATH} CMAKE_PREFIX_PATH=/home/donggun/S13P21A501/Embedded/install/turtlebot3_node:/home/donggun/S13P21A501/Embedded/install/turtlebot3_msgs:/home/donggun/S13P21A501/Embedded/install/turtlebot3_description:/home/donggun/S13P21A501/Embedded/install/dynamixel_sdk:/opt/ros/humble LD_LIBRARY_PATH=/home/donggun/S13P21A501/Embedded/install/turtlebot3_msgs/lib:/home/donggun/S13P21A501/Embedded/install/dynamixel_sdk/lib:${LD_LIBRARY_PATH} PYTHONPATH=/home/donggun/S13P21A501/Embedded/install/turtlebot3_msgs/local/lib/python3.10/dist-packages:/home/donggun/S13P21A501/Embedded/install/dynamixel_sdk/local/lib/python3.10/dist-packages:${PYTHONPATH} /usr/bin/cmake /home/donggun/S13P21A501/Embedded/src/turtlebot3/turtlebot3_bringup -DCMAKE_INSTALL_PREFIX=/home/donggun/S13P21A501/Embedded/install/turtlebot3_bringup
[0.071s] -- The C compiler identification is GNU 11.4.0
[0.133s] -- The CXX compiler identification is GNU 11.4.0
[0.141s] -- Detecting C compiler ABI info
[0.216s] -- Detecting C compiler ABI info - done
[0.224s] -- Check for working C compiler: /usr/bin/cc - skipped
[0.225s] -- Detecting C compile features
[0.225s] -- Detecting C compile features - done
[0.228s] -- Detecting CXX compiler ABI info
[0.315s] -- Detecting CXX compiler ABI info - done
[0.323s] -- Check for working CXX compiler: /usr/bin/c++ - skipped
[0.324s] -- Detecting CXX compile features
[0.324s] -- Detecting CXX compile features - done
[0.327s] -- Found ament_cmake: 1.3.12 (/opt/ros/humble/share/ament_cmake/cmake)
[1.194s] -- Found Python3: /usr/bin/python3 (found version "3.10.12") found components: Interpreter 
[1.405s] -- Configuring done
[1.408s] -- Generating done
[1.410s] -- Build files have been written to: /home/donggun/S13P21A501/Embedded/build/turtlebot3_bringup
[1.415s] Invoked command in '/home/donggun/S13P21A501/Embedded/build/turtlebot3_bringup' returned '0': AMENT_PREFIX_PATH=/home/donggun/S13P21A501/Embedded/install/turtlebot3_node:/home/donggun/S13P21A501/Embedded/install/turtlebot3_msgs:/home/donggun/S13P21A501/Embedded/install/turtlebot3_description:/home/donggun/S13P21A501/Embedded/install/dynamixel_sdk:${AMENT_PREFIX_PATH} CMAKE_PREFIX_PATH=/home/donggun/S13P21A501/Embedded/install/turtlebot3_node:/home/donggun/S13P21A501/Embedded/install/turtlebot3_msgs:/home/donggun/S13P21A501/Embedded/install/turtlebot3_description:/home/donggun/S13P21A501/Embedded/install/dynamixel_sdk:/opt/ros/humble LD_LIBRARY_PATH=/home/donggun/S13P21A501/Embedded/install/turtlebot3_msgs/lib:/home/donggun/S13P21A501/Embedded/install/dynamixel_sdk/lib:${LD_LIBRARY_PATH} PYTHONPATH=/home/donggun/S13P21A501/Embedded/install/turtlebot3_msgs/local/lib/python3.10/dist-packages:/home/donggun/S13P21A501/Embedded/install/dynamixel_sdk/local/lib/python3.10/dist-packages:${PYTHONPATH} /usr/bin/cmake /home/donggun/S13P21A501/Embedded/src/turtlebot3/turtlebot3_bringup -DCMAKE_INSTALL_PREFIX=/home/donggun/S13P21A501/Embedded/install/turtlebot3_bringup
[1.416s] Invoking command in '/home/donggun/S13P21A501/Embedded/build/turtlebot3_bringup': AMENT_PREFIX_PATH=/home/donggun/S13P21A501/Embedded/install/turtlebot3_node:/home/donggun/S13P21A501/Embedded/install/turtlebot3_msgs:/home/donggun/S13P21A501/Embedded/install/turtlebot3_description:/home/donggun/S13P21A501/Embedded/install/dynamixel_sdk:${AMENT_PREFIX_PATH} CMAKE_PREFIX_PATH=/home/donggun/S13P21A501/Embedded/install/turtlebot3_node:/home/donggun/S13P21A501/Embedded/install/turtlebot3_msgs:/home/donggun/S13P21A501/Embedded/install/turtlebot3_description:/home/donggun/S13P21A501/Embedded/install/dynamixel_sdk:/opt/ros/humble LD_LIBRARY_PATH=/home/donggun/S13P21A501/Embedded/install/turtlebot3_msgs/lib:/home/donggun/S13P21A501/Embedded/install/dynamixel_sdk/lib:${LD_LIBRARY_PATH} PYTHONPATH=/home/donggun/S13P21A501/Embedded/install/turtlebot3_msgs/local/lib/python3.10/dist-packages:/home/donggun/S13P21A501/Embedded/install/dynamixel_sdk/local/lib/python3.10/dist-packages:${PYTHONPATH} /usr/bin/cmake --build /home/donggun/S13P21A501/Embedded/build/turtlebot3_bringup -- -j16 -l16
[1.457s] Invoked command in '/home/donggun/S13P21A501/Embedded/build/turtlebot3_bringup' returned '0': AMENT_PREFIX_PATH=/home/donggun/S13P21A501/Embedded/install/turtlebot3_node:/home/donggun/S13P21A501/Embedded/install/turtlebot3_msgs:/home/donggun/S13P21A501/Embedded/install/turtlebot3_description:/home/donggun/S13P21A501/Embedded/install/dynamixel_sdk:${AMENT_PREFIX_PATH} CMAKE_PREFIX_PATH=/home/donggun/S13P21A501/Embedded/install/turtlebot3_node:/home/donggun/S13P21A501/Embedded/install/turtlebot3_msgs:/home/donggun/S13P21A501/Embedded/install/turtlebot3_description:/home/donggun/S13P21A501/Embedded/install/dynamixel_sdk:/opt/ros/humble LD_LIBRARY_PATH=/home/donggun/S13P21A501/Embedded/install/turtlebot3_msgs/lib:/home/donggun/S13P21A501/Embedded/install/dynamixel_sdk/lib:${LD_LIBRARY_PATH} PYTHONPATH=/home/donggun/S13P21A501/Embedded/install/turtlebot3_msgs/local/lib/python3.10/dist-packages:/home/donggun/S13P21A501/Embedded/install/dynamixel_sdk/local/lib/python3.10/dist-packages:${PYTHONPATH} /usr/bin/cmake --build /home/donggun/S13P21A501/Embedded/build/turtlebot3_bringup -- -j16 -l16
[1.459s] Invoking command in '/home/donggun/S13P21A501/Embedded/build/turtlebot3_bringup': AMENT_PREFIX_PATH=/home/donggun/S13P21A501/Embedded/install/turtlebot3_node:/home/donggun/S13P21A501/Embedded/install/turtlebot3_msgs:/home/donggun/S13P21A501/Embedded/install/turtlebot3_description:/home/donggun/S13P21A501/Embedded/install/dynamixel_sdk:${AMENT_PREFIX_PATH} CMAKE_PREFIX_PATH=/home/donggun/S13P21A501/Embedded/install/turtlebot3_node:/home/donggun/S13P21A501/Embedded/install/turtlebot3_msgs:/home/donggun/S13P21A501/Embedded/install/turtlebot3_description:/home/donggun/S13P21A501/Embedded/install/dynamixel_sdk:/opt/ros/humble LD_LIBRARY_PATH=/home/donggun/S13P21A501/Embedded/install/turtlebot3_msgs/lib:/home/donggun/S13P21A501/Embedded/install/dynamixel_sdk/lib:${LD_LIBRARY_PATH} PYTHONPATH=/home/donggun/S13P21A501/Embedded/install/turtlebot3_msgs/local/lib/python3.10/dist-packages:/home/donggun/S13P21A501/Embedded/install/dynamixel_sdk/local/lib/python3.10/dist-packages:${PYTHONPATH} /usr/bin/cmake --install /home/donggun/S13P21A501/Embedded/build/turtlebot3_bringup
[1.466s] -- Install configuration: ""
[1.466s] -- Installing: /home/donggun/S13P21A501/Embedded/install/turtlebot3_bringup/share/turtlebot3_bringup/launch
[1.466s] -- Installing: /home/donggun/S13P21A501/Embedded/install/turtlebot3_bringup/share/turtlebot3_bringup/launch/camera.launch.py
[1.466s] -- Installing: /home/donggun/S13P21A501/Embedded/install/turtlebot3_bringup/share/turtlebot3_bringup/launch/turtlebot3_state_publisher.launch.py
[1.466s] -- Installing: /home/donggun/S13P21A501/Embedded/install/turtlebot3_bringup/share/turtlebot3_bringup/launch/robot.launch.py
[1.466s] -- Installing: /home/donggun/S13P21A501/Embedded/install/turtlebot3_bringup/share/turtlebot3_bringup/launch/rviz2.launch.py
[1.466s] -- Installing: /home/donggun/S13P21A501/Embedded/install/turtlebot3_bringup/share/turtlebot3_bringup/param
[1.467s] -- Installing: /home/donggun/S13P21A501/Embedded/install/turtlebot3_bringup/share/turtlebot3_bringup/param/waffle.yaml
[1.467s] -- Installing: /home/donggun/S13P21A501/Embedded/install/turtlebot3_bringup/share/turtlebot3_bringup/param/waffle_pi.yaml
[1.467s] -- Installing: /home/donggun/S13P21A501/Embedded/install/turtlebot3_bringup/share/turtlebot3_bringup/param/humble
[1.467s] -- Installing: /home/donggun/S13P21A501/Embedded/install/turtlebot3_bringup/share/turtlebot3_bringup/param/humble/waffle.yaml
[1.467s] -- Installing: /home/donggun/S13P21A501/Embedded/install/turtlebot3_bringup/share/turtlebot3_bringup/param/humble/waffle_pi.yaml
[1.467s] -- Installing: /home/donggun/S13P21A501/Embedded/install/turtlebot3_bringup/share/turtlebot3_bringup/param/humble/burger.yaml
[1.467s] -- Installing: /home/donggun/S13P21A501/Embedded/install/turtlebot3_bringup/share/turtlebot3_bringup/param/burger.yaml
[1.467s] -- Installing: /home/donggun/S13P21A501/Embedded/install/turtlebot3_bringup/share/turtlebot3_bringup/script
[1.467s] -- Installing: /home/donggun/S13P21A501/Embedded/install/turtlebot3_bringup/share/turtlebot3_bringup/script/99-turtlebot3-cdc.rules
[1.467s] -- Installing: /home/donggun/S13P21A501/Embedded/install/turtlebot3_bringup/share/turtlebot3_bringup/script/create_udev_rules
[1.467s] -- Installing: /home/donggun/S13P21A501/Embedded/install/turtlebot3_bringup/share/ament_index/resource_index/package_run_dependencies/turtlebot3_bringup
[1.467s] -- Installing: /home/donggun/S13P21A501/Embedded/install/turtlebot3_bringup/share/ament_index/resource_index/parent_prefix_path/turtlebot3_bringup
[1.468s] -- Installing: /home/donggun/S13P21A501/Embedded/install/turtlebot3_bringup/share/turtlebot3_bringup/environment/ament_prefix_path.sh
[1.468s] -- Installing: /home/donggun/S13P21A501/Embedded/install/turtlebot3_bringup/share/turtlebot3_bringup/environment/ament_prefix_path.dsv
[1.468s] -- Installing: /home/donggun/S13P21A501/Embedded/install/turtlebot3_bringup/share/turtlebot3_bringup/environment/path.sh
[1.468s] -- Installing: /home/donggun/S13P21A501/Embedded/install/turtlebot3_bringup/share/turtlebot3_bringup/environment/path.dsv
[1.468s] -- Installing: /home/donggun/S13P21A501/Embedded/install/turtlebot3_bringup/share/turtlebot3_bringup/local_setup.bash
[1.468s] -- Installing: /home/donggun/S13P21A501/Embedded/install/turtlebot3_bringup/share/turtlebot3_bringup/local_setup.sh
[1.468s] -- Installing: /home/donggun/S13P21A501/Embedded/install/turtlebot3_bringup/share/turtlebot3_bringup/local_setup.zsh
[1.468s] -- Installing: /home/donggun/S13P21A501/Embedded/install/turtlebot3_bringup/share/turtlebot3_bringup/local_setup.dsv
[1.468s] -- Installing: /home/donggun/S13P21A501/Embedded/install/turtlebot3_bringup/share/turtlebot3_bringup/package.dsv
[1.469s] -- Installing: /home/donggun/S13P21A501/Embedded/install/turtlebot3_bringup/share/ament_index/resource_index/packages/turtlebot3_bringup
[1.469s] -- Installing: /home/donggun/S13P21A501/Embedded/install/turtlebot3_bringup/share/turtlebot3_bringup/cmake/turtlebot3_bringupConfig.cmake
[1.469s] -- Installing: /home/donggun/S13P21A501/Embedded/install/turtlebot3_bringup/share/turtlebot3_bringup/cmake/turtlebot3_bringupConfig-version.cmake
[1.469s] -- Installing: /home/donggun/S13P21A501/Embedded/install/turtlebot3_bringup/share/turtlebot3_bringup/package.xml
[1.471s] Invoked command in '/home/donggun/S13P21A501/Embedded/build/turtlebot3_bringup' returned '0': AMENT_PREFIX_PATH=/home/donggun/S13P21A501/Embedded/install/turtlebot3_node:/home/donggun/S13P21A501/Embedded/install/turtlebot3_msgs:/home/donggun/S13P21A501/Embedded/install/turtlebot3_description:/home/donggun/S13P21A501/Embedded/install/dynamixel_sdk:${AMENT_PREFIX_PATH} CMAKE_PREFIX_PATH=/home/donggun/S13P21A501/Embedded/install/turtlebot3_node:/home/donggun/S13P21A501/Embedded/install/turtlebot3_msgs:/home/donggun/S13P21A501/Embedded/install/turtlebot3_description:/home/donggun/S13P21A501/Embedded/install/dynamixel_sdk:/opt/ros/humble LD_LIBRARY_PATH=/home/donggun/S13P21A501/Embedded/install/turtlebot3_msgs/lib:/home/donggun/S13P21A501/Embedded/install/dynamixel_sdk/lib:${LD_LIBRARY_PATH} PYTHONPATH=/home/donggun/S13P21A501/Embedded/install/turtlebot3_msgs/local/lib/python3.10/dist-packages:/home/donggun/S13P21A501/Embedded/install/dynamixel_sdk/local/lib/python3.10/dist-packages:${PYTHONPATH} /usr/bin/cmake --install /home/donggun/S13P21A501/Embedded/build/turtlebot3_bringup
