running egg_info
creating ../../../build/delivery_interface/delivery_interface.egg-info
writing ../../../build/delivery_interface/delivery_interface.egg-info/PKG-INFO
writing dependency_links to ../../../build/delivery_interface/delivery_interface.egg-info/dependency_links.txt
writing requirements to ../../../build/delivery_interface/delivery_interface.egg-info/requires.txt
writing top-level names to ../../../build/delivery_interface/delivery_interface.egg-info/top_level.txt
writing manifest file '../../../build/delivery_interface/delivery_interface.egg-info/SOURCES.txt'
reading manifest file '../../../build/delivery_interface/delivery_interface.egg-info/SOURCES.txt'
writing manifest file '../../../build/delivery_interface/delivery_interface.egg-info/SOURCES.txt'
running build
running build_py
creating /home/donggun/S13P21A501/Embedded/build/delivery_interface/build
creating /home/donggun/S13P21A501/Embedded/build/delivery_interface/build/lib
creating /home/donggun/S13P21A501/Embedded/build/delivery_interface/build/lib/delivery_interface
copying delivery_interface/__init__.py -> /home/donggun/S13P21A501/Embedded/build/delivery_interface/build/lib/delivery_interface
running install
running install_lib
creating /home/donggun/S13P21A501/Embedded/install/delivery_interface/lib/python3.10/site-packages/delivery_interface
copying /home/donggun/S13P21A501/Embedded/build/delivery_interface/build/lib/delivery_interface/__init__.py -> /home/donggun/S13P21A501/Embedded/install/delivery_interface/lib/python3.10/site-packages/delivery_interface
byte-compiling /home/donggun/S13P21A501/Embedded/install/delivery_interface/lib/python3.10/site-packages/delivery_interface/__init__.py to __init__.cpython-310.pyc
running install_data
creating /home/donggun/S13P21A501/Embedded/install/delivery_interface/share/ament_index
creating /home/donggun/S13P21A501/Embedded/install/delivery_interface/share/ament_index/resource_index
creating /home/donggun/S13P21A501/Embedded/install/delivery_interface/share/ament_index/resource_index/packages
copying resource/delivery_interface -> /home/donggun/S13P21A501/Embedded/install/delivery_interface/share/ament_index/resource_index/packages
copying package.xml -> /home/donggun/S13P21A501/Embedded/install/delivery_interface/share/delivery_interface
running install_egg_info
Copying ../../../build/delivery_interface/delivery_interface.egg-info to /home/donggun/S13P21A501/Embedded/install/delivery_interface/lib/python3.10/site-packages/delivery_interface-0.0.0-py3.10.egg-info
running install_scripts
writing list of installed files to '/home/donggun/S13P21A501/Embedded/build/delivery_interface/install.log'
