[0.064s] Invoking command in '/home/donggun/S13P21A501/Embedded/build/turtlebot3_manipulation_teleop': AMENT_PREFIX_PATH=/home/donggun/S13P21A501/Embedded/install/turtlebot3_manipulation_moveit_config:/home/donggun/S13P21A501/Embedded/install/turtlebot3_manipulation_bringup:/home/donggun/S13P21A501/Embedded/install/turtlebot3_manipulation_description:${AMENT_PREFIX_PATH} CMAKE_PREFIX_PATH=/home/donggun/S13P21A501/Embedded/install/turtlebot3_manipulation_moveit_config:/home/donggun/S13P21A501/Embedded/install/turtlebot3_manipulation_bringup:/home/donggun/S13P21A501/Embedded/install/turtlebot3_manipulation_description:/opt/ros/humble /usr/bin/cmake --build /home/donggun/S13P21A501/Embedded/build/turtlebot3_manipulation_teleop -- -j16 -l16
[0.107s] [35m[1mConsolidate compiler generated dependencies of target turtlebot3_manipulation_teleop[0m
[0.126s] [100%] Built target turtlebot3_manipulation_teleop
[0.147s] Invoked command in '/home/donggun/S13P21A501/Embedded/build/turtlebot3_manipulation_teleop' returned '0': AMENT_PREFIX_PATH=/home/donggun/S13P21A501/Embedded/install/turtlebot3_manipulation_moveit_config:/home/donggun/S13P21A501/Embedded/install/turtlebot3_manipulation_bringup:/home/donggun/S13P21A501/Embedded/install/turtlebot3_manipulation_description:${AMENT_PREFIX_PATH} CMAKE_PREFIX_PATH=/home/donggun/S13P21A501/Embedded/install/turtlebot3_manipulation_moveit_config:/home/donggun/S13P21A501/Embedded/install/turtlebot3_manipulation_bringup:/home/donggun/S13P21A501/Embedded/install/turtlebot3_manipulation_description:/opt/ros/humble /usr/bin/cmake --build /home/donggun/S13P21A501/Embedded/build/turtlebot3_manipulation_teleop -- -j16 -l16
[0.150s] Invoking command in '/home/donggun/S13P21A501/Embedded/build/turtlebot3_manipulation_teleop': AMENT_PREFIX_PATH=/home/donggun/S13P21A501/Embedded/install/turtlebot3_manipulation_moveit_config:/home/donggun/S13P21A501/Embedded/install/turtlebot3_manipulation_bringup:/home/donggun/S13P21A501/Embedded/install/turtlebot3_manipulation_description:${AMENT_PREFIX_PATH} CMAKE_PREFIX_PATH=/home/donggun/S13P21A501/Embedded/install/turtlebot3_manipulation_moveit_config:/home/donggun/S13P21A501/Embedded/install/turtlebot3_manipulation_bringup:/home/donggun/S13P21A501/Embedded/install/turtlebot3_manipulation_description:/opt/ros/humble /usr/bin/cmake --install /home/donggun/S13P21A501/Embedded/build/turtlebot3_manipulation_teleop
[0.160s] -- Install configuration: ""
[0.160s] -- Up-to-date: /home/donggun/S13P21A501/Embedded/install/turtlebot3_manipulation_teleop/lib/turtlebot3_manipulation_teleop/turtlebot3_manipulation_teleop
[0.160s] -- Up-to-date: /home/donggun/S13P21A501/Embedded/install/turtlebot3_manipulation_teleop/share/ament_index/resource_index/package_run_dependencies/turtlebot3_manipulation_teleop
[0.160s] -- Up-to-date: /home/donggun/S13P21A501/Embedded/install/turtlebot3_manipulation_teleop/share/ament_index/resource_index/parent_prefix_path/turtlebot3_manipulation_teleop
[0.160s] -- Up-to-date: /home/donggun/S13P21A501/Embedded/install/turtlebot3_manipulation_teleop/share/turtlebot3_manipulation_teleop/environment/ament_prefix_path.sh
[0.160s] -- Up-to-date: /home/donggun/S13P21A501/Embedded/install/turtlebot3_manipulation_teleop/share/turtlebot3_manipulation_teleop/environment/ament_prefix_path.dsv
[0.160s] -- Up-to-date: /home/donggun/S13P21A501/Embedded/install/turtlebot3_manipulation_teleop/share/turtlebot3_manipulation_teleop/environment/path.sh
[0.160s] -- Up-to-date: /home/donggun/S13P21A501/Embedded/install/turtlebot3_manipulation_teleop/share/turtlebot3_manipulation_teleop/environment/path.dsv
[0.161s] -- Up-to-date: /home/donggun/S13P21A501/Embedded/install/turtlebot3_manipulation_teleop/share/turtlebot3_manipulation_teleop/local_setup.bash
[0.161s] -- Up-to-date: /home/donggun/S13P21A501/Embedded/install/turtlebot3_manipulation_teleop/share/turtlebot3_manipulation_teleop/local_setup.sh
[0.161s] -- Up-to-date: /home/donggun/S13P21A501/Embedded/install/turtlebot3_manipulation_teleop/share/turtlebot3_manipulation_teleop/local_setup.zsh
[0.161s] -- Up-to-date: /home/donggun/S13P21A501/Embedded/install/turtlebot3_manipulation_teleop/share/turtlebot3_manipulation_teleop/local_setup.dsv
[0.161s] -- Installing: /home/donggun/S13P21A501/Embedded/install/turtlebot3_manipulation_teleop/share/turtlebot3_manipulation_teleop/package.dsv
[0.161s] -- Up-to-date: /home/donggun/S13P21A501/Embedded/install/turtlebot3_manipulation_teleop/share/ament_index/resource_index/packages/turtlebot3_manipulation_teleop
[0.161s] -- Up-to-date: /home/donggun/S13P21A501/Embedded/install/turtlebot3_manipulation_teleop/share/turtlebot3_manipulation_teleop/cmake/turtlebot3_manipulation_teleopConfig.cmake
[0.161s] -- Up-to-date: /home/donggun/S13P21A501/Embedded/install/turtlebot3_manipulation_teleop/share/turtlebot3_manipulation_teleop/cmake/turtlebot3_manipulation_teleopConfig-version.cmake
[0.162s] -- Up-to-date: /home/donggun/S13P21A501/Embedded/install/turtlebot3_manipulation_teleop/share/turtlebot3_manipulation_teleop/package.xml
[0.185s] Invoked command in '/home/donggun/S13P21A501/Embedded/build/turtlebot3_manipulation_teleop' returned '0': AMENT_PREFIX_PATH=/home/donggun/S13P21A501/Embedded/install/turtlebot3_manipulation_moveit_config:/home/donggun/S13P21A501/Embedded/install/turtlebot3_manipulation_bringup:/home/donggun/S13P21A501/Embedded/install/turtlebot3_manipulation_description:${AMENT_PREFIX_PATH} CMAKE_PREFIX_PATH=/home/donggun/S13P21A501/Embedded/install/turtlebot3_manipulation_moveit_config:/home/donggun/S13P21A501/Embedded/install/turtlebot3_manipulation_bringup:/home/donggun/S13P21A501/Embedded/install/turtlebot3_manipulation_description:/opt/ros/humble /usr/bin/cmake --install /home/donggun/S13P21A501/Embedded/build/turtlebot3_manipulation_teleop
