[2.199s] Invoking command in '/home/hb/Git/Embedded/src/turtlebot3/turtlebot3_teleop': PYTHONPATH=/home/hb/Git/Embedded/build/turtlebot3_teleop/prefix_override:/usr/lib/python3/dist-packages/colcon_core/task/python/colcon_distutils_commands:/home/hb/Git/Embedded/install/turtlebot3_teleop/lib/python3.10/site-packages:${PYTHONPATH} /usr/bin/python3 -W ignore:setup.py install is deprecated -W ignore:easy_install command is deprecated setup.py egg_info --egg-base ../../../build/turtlebot3_teleop build --build-base /home/hb/Git/Embedded/build/turtlebot3_teleop/build install --record /home/hb/Git/Embedded/build/turtlebot3_teleop/install.log --single-version-externally-managed install_data
[2.664s] running egg_info
[2.664s] writing ../../../build/turtlebot3_teleop/turtlebot3_teleop.egg-info/PKG-INFO
[2.664s] writing dependency_links to ../../../build/turtlebot3_teleop/turtlebot3_teleop.egg-info/dependency_links.txt
[2.664s] writing entry points to ../../../build/turtlebot3_teleop/turtlebot3_teleop.egg-info/entry_points.txt
[2.664s] writing requirements to ../../../build/turtlebot3_teleop/turtlebot3_teleop.egg-info/requires.txt
[2.664s] writing top-level names to ../../../build/turtlebot3_teleop/turtlebot3_teleop.egg-info/top_level.txt
[2.667s] reading manifest file '../../../build/turtlebot3_teleop/turtlebot3_teleop.egg-info/SOURCES.txt'
[2.668s] writing manifest file '../../../build/turtlebot3_teleop/turtlebot3_teleop.egg-info/SOURCES.txt'
[2.668s] running build
[2.668s] running build_py
[2.669s] running install
[2.669s] running install_lib
[2.671s] running install_data
[2.671s] running install_egg_info
[2.674s] removing '/home/hb/Git/Embedded/install/turtlebot3_teleop/lib/python3.10/site-packages/turtlebot3_teleop-2.3.3-py3.10.egg-info' (and everything under it)
[2.674s] Copying ../../../build/turtlebot3_teleop/turtlebot3_teleop.egg-info to /home/hb/Git/Embedded/install/turtlebot3_teleop/lib/python3.10/site-packages/turtlebot3_teleop-2.3.3-py3.10.egg-info
[2.675s] running install_scripts
[2.707s] Installing teleop_keyboard script to /home/hb/Git/Embedded/install/turtlebot3_teleop/lib/turtlebot3_teleop
[2.707s] writing list of installed files to '/home/hb/Git/Embedded/build/turtlebot3_teleop/install.log'
[2.742s] Invoked command in '/home/hb/Git/Embedded/src/turtlebot3/turtlebot3_teleop' returned '0': PYTHONPATH=/home/hb/Git/Embedded/build/turtlebot3_teleop/prefix_override:/usr/lib/python3/dist-packages/colcon_core/task/python/colcon_distutils_commands:/home/hb/Git/Embedded/install/turtlebot3_teleop/lib/python3.10/site-packages:${PYTHONPATH} /usr/bin/python3 -W ignore:setup.py install is deprecated -W ignore:easy_install command is deprecated setup.py egg_info --egg-base ../../../build/turtlebot3_teleop build --build-base /home/hb/Git/Embedded/build/turtlebot3_teleop/build install --record /home/hb/Git/Embedded/build/turtlebot3_teleop/install.log --single-version-externally-managed install_data
