[2.467s] Invoking command in '/home/hb/Git/Embedded/src/app_navigation': PYTHONPATH=/home/hb/Git/Embedded/build/app_navigation/prefix_override:/usr/lib/python3/dist-packages/colcon_core/task/python/colcon_distutils_commands:/home/hb/Git/Embedded/install/app_navigation/lib/python3.10/site-packages:${PYTHONPATH} /usr/bin/python3 -W ignore:setup.py install is deprecated -W ignore:easy_install command is deprecated setup.py egg_info --egg-base ../../build/app_navigation build --build-base /home/hb/Git/Embedded/build/app_navigation/build install --record /home/hb/Git/Embedded/build/app_navigation/install.log --single-version-externally-managed install_data
[3.008s] running egg_info
[3.010s] writing ../../build/app_navigation/app_navigation.egg-info/PKG-INFO
[3.010s] writing dependency_links to ../../build/app_navigation/app_navigation.egg-info/dependency_links.txt
[3.010s] writing entry points to ../../build/app_navigation/app_navigation.egg-info/entry_points.txt
[3.010s] writing requirements to ../../build/app_navigation/app_navigation.egg-info/requires.txt
[3.010s] writing top-level names to ../../build/app_navigation/app_navigation.egg-info/top_level.txt
[3.013s] reading manifest file '../../build/app_navigation/app_navigation.egg-info/SOURCES.txt'
[3.015s] writing manifest file '../../build/app_navigation/app_navigation.egg-info/SOURCES.txt'
[3.015s] running build
[3.015s] running build_py
[3.015s] running install
[3.015s] running install_lib
[3.017s] running install_data
[3.017s] running install_egg_info
[3.020s] removing '/home/hb/Git/Embedded/install/app_navigation/lib/python3.10/site-packages/app_navigation-0.0.0-py3.10.egg-info' (and everything under it)
[3.020s] Copying ../../build/app_navigation/app_navigation.egg-info to /home/hb/Git/Embedded/install/app_navigation/lib/python3.10/site-packages/app_navigation-0.0.0-py3.10.egg-info
[3.022s] running install_scripts
[3.058s] Installing app_navigator script to /home/hb/Git/Embedded/install/app_navigation/bin
[3.059s] writing list of installed files to '/home/hb/Git/Embedded/build/app_navigation/install.log'
[3.090s] Invoked command in '/home/hb/Git/Embedded/src/app_navigation' returned '0': PYTHONPATH=/home/hb/Git/Embedded/build/app_navigation/prefix_override:/usr/lib/python3/dist-packages/colcon_core/task/python/colcon_distutils_commands:/home/hb/Git/Embedded/install/app_navigation/lib/python3.10/site-packages:${PYTHONPATH} /usr/bin/python3 -W ignore:setup.py install is deprecated -W ignore:easy_install command is deprecated setup.py egg_info --egg-base ../../build/app_navigation build --build-base /home/hb/Git/Embedded/build/app_navigation/build install --record /home/hb/Git/Embedded/build/app_navigation/install.log --single-version-externally-managed install_data
