[2.684s] Invoking command in '/home/hb/Git/Embedded/src/robot_web_interface': PYTHONPATH=/home/hb/Git/Embedded/build/robot_web_interface/prefix_override:/usr/lib/python3/dist-packages/colcon_core/task/python/colcon_distutils_commands:/home/hb/Git/Embedded/install/robot_web_interface/lib/python3.10/site-packages:${PYTHONPATH} /usr/bin/python3 -W ignore:setup.py install is deprecated -W ignore:easy_install command is deprecated setup.py egg_info --egg-base ../../build/robot_web_interface build --build-base /home/hb/Git/Embedded/build/robot_web_interface/build install --record /home/hb/Git/Embedded/build/robot_web_interface/install.log --single-version-externally-managed install_data
[3.241s] running egg_info
[3.242s] creating ../../build/robot_web_interface/robot_web_interface.egg-info
[3.242s] writing ../../build/robot_web_interface/robot_web_interface.egg-info/PKG-INFO
[3.244s] writing dependency_links to ../../build/robot_web_interface/robot_web_interface.egg-info/dependency_links.txt
[3.244s] writing entry points to ../../build/robot_web_interface/robot_web_interface.egg-info/entry_points.txt
[3.244s] writing requirements to ../../build/robot_web_interface/robot_web_interface.egg-info/requires.txt
[3.244s] writing top-level names to ../../build/robot_web_interface/robot_web_interface.egg-info/top_level.txt
[3.244s] writing manifest file '../../build/robot_web_interface/robot_web_interface.egg-info/SOURCES.txt'
[3.247s] reading manifest file '../../build/robot_web_interface/robot_web_interface.egg-info/SOURCES.txt'
[3.248s] writing manifest file '../../build/robot_web_interface/robot_web_interface.egg-info/SOURCES.txt'
[3.248s] running build
[3.248s] running build_py
[3.248s] creating /home/hb/Git/Embedded/build/robot_web_interface/build
[3.248s] creating /home/hb/Git/Embedded/build/robot_web_interface/build/lib
[3.248s] creating /home/hb/Git/Embedded/build/robot_web_interface/build/lib/robot_web_interface
[3.248s] copying robot_web_interface/delivery_address_client.py -> /home/hb/Git/Embedded/build/robot_web_interface/build/lib/robot_web_interface
[3.248s] copying robot_web_interface/robot_status_client.py -> /home/hb/Git/Embedded/build/robot_web_interface/build/lib/robot_web_interface
[3.248s] copying robot_web_interface/robot_status_monitor.py -> /home/hb/Git/Embedded/build/robot_web_interface/build/lib/robot_web_interface
[3.248s] copying robot_web_interface/turtlebot_status_monitor.py -> /home/hb/Git/Embedded/build/robot_web_interface/build/lib/robot_web_interface
[3.248s] copying robot_web_interface/robot_http_server.py -> /home/hb/Git/Embedded/build/robot_web_interface/build/lib/robot_web_interface
[3.249s] copying robot_web_interface/__init__.py -> /home/hb/Git/Embedded/build/robot_web_interface/build/lib/robot_web_interface
[3.249s] running install
[3.249s] running install_lib
[3.251s] creating /home/hb/Git/Embedded/install/robot_web_interface/lib/python3.10/site-packages/robot_web_interface
[3.251s] copying /home/hb/Git/Embedded/build/robot_web_interface/build/lib/robot_web_interface/delivery_address_client.py -> /home/hb/Git/Embedded/install/robot_web_interface/lib/python3.10/site-packages/robot_web_interface
[3.251s] copying /home/hb/Git/Embedded/build/robot_web_interface/build/lib/robot_web_interface/robot_status_client.py -> /home/hb/Git/Embedded/install/robot_web_interface/lib/python3.10/site-packages/robot_web_interface
[3.251s] copying /home/hb/Git/Embedded/build/robot_web_interface/build/lib/robot_web_interface/robot_status_monitor.py -> /home/hb/Git/Embedded/install/robot_web_interface/lib/python3.10/site-packages/robot_web_interface
[3.251s] copying /home/hb/Git/Embedded/build/robot_web_interface/build/lib/robot_web_interface/turtlebot_status_monitor.py -> /home/hb/Git/Embedded/install/robot_web_interface/lib/python3.10/site-packages/robot_web_interface
[3.251s] copying /home/hb/Git/Embedded/build/robot_web_interface/build/lib/robot_web_interface/robot_http_server.py -> /home/hb/Git/Embedded/install/robot_web_interface/lib/python3.10/site-packages/robot_web_interface
[3.251s] copying /home/hb/Git/Embedded/build/robot_web_interface/build/lib/robot_web_interface/__init__.py -> /home/hb/Git/Embedded/install/robot_web_interface/lib/python3.10/site-packages/robot_web_interface
[3.254s] byte-compiling /home/hb/Git/Embedded/install/robot_web_interface/lib/python3.10/site-packages/robot_web_interface/delivery_address_client.py to delivery_address_client.cpython-310.pyc
[3.254s] byte-compiling /home/hb/Git/Embedded/install/robot_web_interface/lib/python3.10/site-packages/robot_web_interface/robot_status_client.py to robot_status_client.cpython-310.pyc
[3.256s] byte-compiling /home/hb/Git/Embedded/install/robot_web_interface/lib/python3.10/site-packages/robot_web_interface/robot_status_monitor.py to robot_status_monitor.cpython-310.pyc
[3.257s] byte-compiling /home/hb/Git/Embedded/install/robot_web_interface/lib/python3.10/site-packages/robot_web_interface/turtlebot_status_monitor.py to turtlebot_status_monitor.cpython-310.pyc
[3.258s] byte-compiling /home/hb/Git/Embedded/install/robot_web_interface/lib/python3.10/site-packages/robot_web_interface/robot_http_server.py to robot_http_server.cpython-310.pyc
[3.263s] byte-compiling /home/hb/Git/Embedded/install/robot_web_interface/lib/python3.10/site-packages/robot_web_interface/__init__.py to __init__.cpython-310.pyc
[3.263s] running install_data
[3.264s] creating /home/hb/Git/Embedded/install/robot_web_interface/share/ament_index
[3.264s] creating /home/hb/Git/Embedded/install/robot_web_interface/share/ament_index/resource_index
[3.264s] creating /home/hb/Git/Embedded/install/robot_web_interface/share/ament_index/resource_index/packages
[3.264s] copying resource/robot_web_interface -> /home/hb/Git/Embedded/install/robot_web_interface/share/ament_index/resource_index/packages
[3.264s] copying package.xml -> /home/hb/Git/Embedded/install/robot_web_interface/share/robot_web_interface
[3.264s] creating /home/hb/Git/Embedded/install/robot_web_interface/share/robot_web_interface/launch
[3.264s] copying launch/robot_web_interface.launch.py -> /home/hb/Git/Embedded/install/robot_web_interface/share/robot_web_interface/launch
[3.265s] copying launch/backend_integration.launch.py -> /home/hb/Git/Embedded/install/robot_web_interface/share/robot_web_interface/launch
[3.265s] copying launch/robot_web_server.launch.py -> /home/hb/Git/Embedded/install/robot_web_interface/share/robot_web_interface/launch
[3.265s] running install_egg_info
[3.269s] Copying ../../build/robot_web_interface/robot_web_interface.egg-info to /home/hb/Git/Embedded/install/robot_web_interface/lib/python3.10/site-packages/robot_web_interface-0.0.0-py3.10.egg-info
[3.269s] running install_scripts
[3.299s] Installing delivery_address_client script to /home/hb/Git/Embedded/install/robot_web_interface/lib/robot_web_interface
[3.300s] Installing robot_http_server script to /home/hb/Git/Embedded/install/robot_web_interface/lib/robot_web_interface
[3.300s] Installing robot_status_client script to /home/hb/Git/Embedded/install/robot_web_interface/lib/robot_web_interface
[3.300s] Installing robot_status_monitor script to /home/hb/Git/Embedded/install/robot_web_interface/lib/robot_web_interface
[3.301s] Installing turtlebot_status_monitor script to /home/hb/Git/Embedded/install/robot_web_interface/lib/robot_web_interface
[3.301s] writing list of installed files to '/home/hb/Git/Embedded/build/robot_web_interface/install.log'
[3.351s] Invoked command in '/home/hb/Git/Embedded/src/robot_web_interface' returned '0': PYTHONPATH=/home/hb/Git/Embedded/build/robot_web_interface/prefix_override:/usr/lib/python3/dist-packages/colcon_core/task/python/colcon_distutils_commands:/home/hb/Git/Embedded/install/robot_web_interface/lib/python3.10/site-packages:${PYTHONPATH} /usr/bin/python3 -W ignore:setup.py install is deprecated -W ignore:easy_install command is deprecated setup.py egg_info --egg-base ../../build/robot_web_interface build --build-base /home/hb/Git/Embedded/build/robot_web_interface/build install --record /home/hb/Git/Embedded/build/robot_web_interface/install.log --single-version-externally-managed install_data
