[0.080s] Invoking command in '/home/hb/Git/Embedded/build/turtlebot3_manipulation_navigation2': CMAKE_PREFIX_PATH=${CMAKE_PREFIX_PATH}:/home/hb/Git/Embedded/install/turtlebot3_teleop:/home/hb/Git/Embedded/install/turtlebot3_example:/home/hb/Git/Embedded/install/robot_web_interface:/home/hb/Git/Embedded/install/delivery_interface:/home/hb/Git/Embedded/install/app_navigation:/opt/ros/humble /usr/bin/cmake /home/hb/Git/Embedded/src/turtlebot3_manipulation/turtlebot3_manipulation_navigation2 -DCMAKE_INSTALL_PREFIX=/home/hb/Git/Embedded/install/turtlebot3_manipulation_navigation2
[1.752s] -- The C compiler identification is GNU 11.4.0
[1.753s] -- The CXX compiler identification is GNU 11.4.0
[1.754s] -- Detecting C compiler ABI info
[1.754s] -- Detecting C compiler ABI info - done
[1.754s] -- Check for working C compiler: /usr/bin/cc - skipped
[1.754s] -- Detecting C compile features
[1.754s] -- Detecting C compile features - done
[1.754s] -- Detecting CXX compiler ABI info
[1.754s] -- Detecting CXX compiler ABI info - done
[1.754s] -- Check for working CXX compiler: /usr/bin/c++ - skipped
[1.754s] -- Detecting CXX compile features
[1.754s] -- Detecting CXX compile features - done
[1.754s] -- Found ament_cmake: 1.3.12 (/opt/ros/humble/share/ament_cmake/cmake)
[1.754s] -- Found Python3: /usr/bin/python3 (found version "3.10.12") found components: Interpreter 
[1.754s] -- Configuring done
[1.755s] -- Generating done
[1.755s] -- Build files have been written to: /home/hb/Git/Embedded/build/turtlebot3_manipulation_navigation2
[1.773s] Invoked command in '/home/hb/Git/Embedded/build/turtlebot3_manipulation_navigation2' returned '0': CMAKE_PREFIX_PATH=${CMAKE_PREFIX_PATH}:/home/hb/Git/Embedded/install/turtlebot3_teleop:/home/hb/Git/Embedded/install/turtlebot3_example:/home/hb/Git/Embedded/install/robot_web_interface:/home/hb/Git/Embedded/install/delivery_interface:/home/hb/Git/Embedded/install/app_navigation:/opt/ros/humble /usr/bin/cmake /home/hb/Git/Embedded/src/turtlebot3_manipulation/turtlebot3_manipulation_navigation2 -DCMAKE_INSTALL_PREFIX=/home/hb/Git/Embedded/install/turtlebot3_manipulation_navigation2
[1.775s] Invoking command in '/home/hb/Git/Embedded/build/turtlebot3_manipulation_navigation2': CMAKE_PREFIX_PATH=${CMAKE_PREFIX_PATH}:/home/hb/Git/Embedded/install/turtlebot3_teleop:/home/hb/Git/Embedded/install/turtlebot3_example:/home/hb/Git/Embedded/install/robot_web_interface:/home/hb/Git/Embedded/install/delivery_interface:/home/hb/Git/Embedded/install/app_navigation:/opt/ros/humble /usr/bin/cmake --build /home/hb/Git/Embedded/build/turtlebot3_manipulation_navigation2 -- -j16 -l16
[1.978s] Invoked command in '/home/hb/Git/Embedded/build/turtlebot3_manipulation_navigation2' returned '0': CMAKE_PREFIX_PATH=${CMAKE_PREFIX_PATH}:/home/hb/Git/Embedded/install/turtlebot3_teleop:/home/hb/Git/Embedded/install/turtlebot3_example:/home/hb/Git/Embedded/install/robot_web_interface:/home/hb/Git/Embedded/install/delivery_interface:/home/hb/Git/Embedded/install/app_navigation:/opt/ros/humble /usr/bin/cmake --build /home/hb/Git/Embedded/build/turtlebot3_manipulation_navigation2 -- -j16 -l16
[1.979s] Invoking command in '/home/hb/Git/Embedded/build/turtlebot3_manipulation_navigation2': CMAKE_PREFIX_PATH=${CMAKE_PREFIX_PATH}:/home/hb/Git/Embedded/install/turtlebot3_teleop:/home/hb/Git/Embedded/install/turtlebot3_example:/home/hb/Git/Embedded/install/robot_web_interface:/home/hb/Git/Embedded/install/delivery_interface:/home/hb/Git/Embedded/install/app_navigation:/opt/ros/humble /usr/bin/cmake --install /home/hb/Git/Embedded/build/turtlebot3_manipulation_navigation2
[2.038s] -- Install configuration: ""
[2.038s] -- Installing: /home/hb/Git/Embedded/install/turtlebot3_manipulation_navigation2/share/turtlebot3_manipulation_navigation2/launch
[2.038s] -- Installing: /home/hb/Git/Embedded/install/turtlebot3_manipulation_navigation2/share/turtlebot3_manipulation_navigation2/launch/navigation2.launch.py
[2.038s] -- Installing: /home/hb/Git/Embedded/install/turtlebot3_manipulation_navigation2/share/turtlebot3_manipulation_navigation2/launch/navigation2_use_sim_time.launch.py
[2.038s] -- Installing: /home/hb/Git/Embedded/install/turtlebot3_manipulation_navigation2/share/turtlebot3_manipulation_navigation2/map
[2.038s] -- Installing: /home/hb/Git/Embedded/install/turtlebot3_manipulation_navigation2/share/turtlebot3_manipulation_navigation2/map/turtlebot3_world.yaml
[2.040s] -- Installing: /home/hb/Git/Embedded/install/turtlebot3_manipulation_navigation2/share/turtlebot3_manipulation_navigation2/map/turtlebot3_world.pgm
[2.040s] -- Installing: /home/hb/Git/Embedded/install/turtlebot3_manipulation_navigation2/share/turtlebot3_manipulation_navigation2/param
[2.041s] -- Installing: /home/hb/Git/Embedded/install/turtlebot3_manipulation_navigation2/share/turtlebot3_manipulation_navigation2/param/turtlebot3.yaml
[2.041s] -- Installing: /home/hb/Git/Embedded/install/turtlebot3_manipulation_navigation2/share/turtlebot3_manipulation_navigation2/param/turtlebot3_use_sim_time.yaml
[2.041s] -- Installing: /home/hb/Git/Embedded/install/turtlebot3_manipulation_navigation2/share/turtlebot3_manipulation_navigation2/rviz
[2.041s] -- Installing: /home/hb/Git/Embedded/install/turtlebot3_manipulation_navigation2/share/turtlebot3_manipulation_navigation2/rviz/navigation2.rviz
[2.041s] -- Installing: /home/hb/Git/Embedded/install/turtlebot3_manipulation_navigation2/share/ament_index/resource_index/package_run_dependencies/turtlebot3_manipulation_navigation2
[2.041s] -- Installing: /home/hb/Git/Embedded/install/turtlebot3_manipulation_navigation2/share/ament_index/resource_index/parent_prefix_path/turtlebot3_manipulation_navigation2
[2.041s] -- Installing: /home/hb/Git/Embedded/install/turtlebot3_manipulation_navigation2/share/turtlebot3_manipulation_navigation2/environment/ament_prefix_path.sh
[2.041s] -- Installing: /home/hb/Git/Embedded/install/turtlebot3_manipulation_navigation2/share/turtlebot3_manipulation_navigation2/environment/ament_prefix_path.dsv
[2.041s] -- Installing: /home/hb/Git/Embedded/install/turtlebot3_manipulation_navigation2/share/turtlebot3_manipulation_navigation2/environment/path.sh
[2.041s] -- Installing: /home/hb/Git/Embedded/install/turtlebot3_manipulation_navigation2/share/turtlebot3_manipulation_navigation2/environment/path.dsv
[2.042s] -- Installing: /home/hb/Git/Embedded/install/turtlebot3_manipulation_navigation2/share/turtlebot3_manipulation_navigation2/local_setup.bash
[2.042s] -- Installing: /home/hb/Git/Embedded/install/turtlebot3_manipulation_navigation2/share/turtlebot3_manipulation_navigation2/local_setup.sh
[2.042s] -- Installing: /home/hb/Git/Embedded/install/turtlebot3_manipulation_navigation2/share/turtlebot3_manipulation_navigation2/local_setup.zsh
[2.042s] -- Installing: /home/hb/Git/Embedded/install/turtlebot3_manipulation_navigation2/share/turtlebot3_manipulation_navigation2/local_setup.dsv
[2.042s] -- Installing: /home/hb/Git/Embedded/install/turtlebot3_manipulation_navigation2/share/turtlebot3_manipulation_navigation2/package.dsv
[2.042s] -- Installing: /home/hb/Git/Embedded/install/turtlebot3_manipulation_navigation2/share/ament_index/resource_index/packages/turtlebot3_manipulation_navigation2
[2.042s] -- Installing: /home/hb/Git/Embedded/install/turtlebot3_manipulation_navigation2/share/turtlebot3_manipulation_navigation2/cmake/turtlebot3_manipulation_navigation2Config.cmake
[2.042s] -- Installing: /home/hb/Git/Embedded/install/turtlebot3_manipulation_navigation2/share/turtlebot3_manipulation_navigation2/cmake/turtlebot3_manipulation_navigation2Config-version.cmake
[2.042s] -- Installing: /home/hb/Git/Embedded/install/turtlebot3_manipulation_navigation2/share/turtlebot3_manipulation_navigation2/package.xml
[2.256s] Invoked command in '/home/hb/Git/Embedded/build/turtlebot3_manipulation_navigation2' returned '0': CMAKE_PREFIX_PATH=${CMAKE_PREFIX_PATH}:/home/hb/Git/Embedded/install/turtlebot3_teleop:/home/hb/Git/Embedded/install/turtlebot3_example:/home/hb/Git/Embedded/install/robot_web_interface:/home/hb/Git/Embedded/install/delivery_interface:/home/hb/Git/Embedded/install/app_navigation:/opt/ros/humble /usr/bin/cmake --install /home/hb/Git/Embedded/build/turtlebot3_manipulation_navigation2
