[0.056s] Invoking command in '/home/hb/Git/Embedded/build/turtlebot3_msgs': CMAKE_PREFIX_PATH=${CMAKE_PREFIX_PATH}:/home/hb/Git/Embedded/install/turtlebot3_teleop:/home/hb/Git/Embedded/install/turtlebot3_example:/home/hb/Git/Embedded/install/robot_web_interface:/home/hb/Git/Embedded/install/delivery_interface:/home/hb/Git/Embedded/install/app_navigation:/opt/ros/humble /usr/bin/cmake /home/hb/Git/Embedded/src/turtlebot3_msgs -DCMAKE_INSTALL_PREFIX=/home/hb/Git/Embedded/install/turtlebot3_msgs
[1.785s] -- The C compiler identification is GNU 11.4.0
[1.786s] -- The CXX compiler identification is GNU 11.4.0
[1.786s] -- Detecting C compiler ABI info
[1.786s] -- Detecting C compiler ABI info - done
[1.786s] -- Check for working C compiler: /usr/bin/cc - skipped
[1.786s] -- Detecting C compile features
[1.786s] -- Detecting C compile features - done
[1.786s] -- Detecting CXX compiler ABI info
[1.786s] -- Detecting CXX compiler ABI info - done
[1.786s] -- Check for working CXX compiler: /usr/bin/c++ - skipped
[1.786s] -- Detecting CXX compile features
[1.786s] -- Detecting CXX compile features - done
[1.786s] -- Found action_msgs: 1.2.2 (/opt/ros/humble/share/action_msgs/cmake)
[1.786s] -- Found Python3: /usr/bin/python3 (found version "3.10.12") found components: Interpreter 
[1.786s] -- Found rosidl_generator_c: 3.1.7 (/opt/ros/humble/share/rosidl_generator_c/cmake)
[1.786s] -- Found rosidl_adapter: 3.1.7 (/opt/ros/humble/share/rosidl_adapter/cmake)
[1.787s] -- Found rosidl_generator_cpp: 3.1.7 (/opt/ros/humble/share/rosidl_generator_cpp/cmake)
[1.787s] -- Using all available rosidl_typesupport_c: rosidl_typesupport_fastrtps_c;rosidl_typesupport_introspection_c
[1.787s] -- Using all available rosidl_typesupport_cpp: rosidl_typesupport_fastrtps_cpp;rosidl_typesupport_introspection_cpp
[1.787s] -- Found rosidl_default_generators: 1.2.0 (/opt/ros/humble/share/rosidl_default_generators/cmake)
[1.787s] -- Found std_msgs: 4.9.0 (/opt/ros/humble/share/std_msgs/cmake)
[1.787s] -- Found geometry_msgs: 4.9.0 (/opt/ros/humble/share/geometry_msgs/cmake)
[1.787s] -- Found ament_cmake_cppcheck: 0.12.14 (/opt/ros/humble/share/ament_cmake_cppcheck/cmake)
[1.787s] -- Found ament_cmake_cpplint: 0.12.14 (/opt/ros/humble/share/ament_cmake_cpplint/cmake)
[1.787s] -- Found ament_cmake_uncrustify: 0.12.14 (/opt/ros/humble/share/ament_cmake_uncrustify/cmake)
[1.787s] -- Found ament_cmake_ros: 0.10.0 (/opt/ros/humble/share/ament_cmake_ros/cmake)
[2.660s] -- Using all available rosidl_typesupport_c: rosidl_typesupport_fastrtps_c;rosidl_typesupport_introspection_c
[2.975s] -- Using all available rosidl_typesupport_cpp: rosidl_typesupport_fastrtps_cpp;rosidl_typesupport_introspection_cpp
[3.032s] -- Found PythonInterp: /usr/bin/python3 (found suitable version "3.10.12", minimum required is "3.6") 
[3.049s] -- Found python_cmake_module: 0.10.0 (/opt/ros/humble/share/python_cmake_module/cmake)
[3.112s] -- Found PythonLibs: /usr/lib/x86_64-linux-gnu/libpython3.10.so (found suitable version "3.10.12", minimum required is "3.5") 
[3.112s] -- Using PYTHON_EXECUTABLE: /usr/bin/python3
[3.113s] -- Using PYTHON_INCLUDE_DIRS: /usr/include/python3.10
[3.113s] -- Using PYTHON_LIBRARIES: /usr/lib/x86_64-linux-gnu/libpython3.10.so
[3.175s] -- Found PythonExtra: .so  
[3.354s] -- Found ament_cmake_flake8: 0.12.14 (/opt/ros/humble/share/ament_cmake_flake8/cmake)
[3.365s] -- Found ament_cmake_pep257: 0.12.14 (/opt/ros/humble/share/ament_cmake_pep257/cmake)
[3.379s] -- Configuring done
[3.474s] -- Generating done
[3.493s] -- Build files have been written to: /home/hb/Git/Embedded/build/turtlebot3_msgs
[3.508s] Invoked command in '/home/hb/Git/Embedded/build/turtlebot3_msgs' returned '0': CMAKE_PREFIX_PATH=${CMAKE_PREFIX_PATH}:/home/hb/Git/Embedded/install/turtlebot3_teleop:/home/hb/Git/Embedded/install/turtlebot3_example:/home/hb/Git/Embedded/install/robot_web_interface:/home/hb/Git/Embedded/install/delivery_interface:/home/hb/Git/Embedded/install/app_navigation:/opt/ros/humble /usr/bin/cmake /home/hb/Git/Embedded/src/turtlebot3_msgs -DCMAKE_INSTALL_PREFIX=/home/hb/Git/Embedded/install/turtlebot3_msgs
[3.510s] Invoking command in '/home/hb/Git/Embedded/build/turtlebot3_msgs': CMAKE_PREFIX_PATH=${CMAKE_PREFIX_PATH}:/home/hb/Git/Embedded/install/turtlebot3_teleop:/home/hb/Git/Embedded/install/turtlebot3_example:/home/hb/Git/Embedded/install/robot_web_interface:/home/hb/Git/Embedded/install/delivery_interface:/home/hb/Git/Embedded/install/app_navigation:/opt/ros/humble /usr/bin/cmake --build /home/hb/Git/Embedded/build/turtlebot3_msgs -- -j16 -l16
[3.580s] [  1%] [34m[1mGenerating C code for ROS interfaces[0m
[3.604s] [  2%] [34m[1mGenerating C++ code for ROS interfaces[0m
[3.611s] [  2%] Built target ament_cmake_python_copy_turtlebot3_msgs
[4.201s] running egg_info
[4.208s] creating turtlebot3_msgs.egg-info
[4.208s] writing turtlebot3_msgs.egg-info/PKG-INFO
[4.209s] writing dependency_links to turtlebot3_msgs.egg-info/dependency_links.txt
[4.209s] writing top-level names to turtlebot3_msgs.egg-info/top_level.txt
[4.209s] writing manifest file 'turtlebot3_msgs.egg-info/SOURCES.txt'
[4.209s] reading manifest file 'turtlebot3_msgs.egg-info/SOURCES.txt'
[4.210s] writing manifest file 'turtlebot3_msgs.egg-info/SOURCES.txt'
[4.273s] [  2%] Built target ament_cmake_python_build_turtlebot3_msgs_egg
[7.252s] [  3%] [32mBuilding C object CMakeFiles/turtlebot3_msgs__rosidl_generator_c.dir/rosidl_generator_c/turtlebot3_msgs/msg/detail/sensor_state__functions.c.o[0m
[7.257s] [  5%] [32mBuilding C object CMakeFiles/turtlebot3_msgs__rosidl_generator_c.dir/rosidl_generator_c/turtlebot3_msgs/msg/detail/sound__functions.c.o[0m
[7.261s] [  6%] [32mBuilding C object CMakeFiles/turtlebot3_msgs__rosidl_generator_c.dir/rosidl_generator_c/turtlebot3_msgs/msg/detail/version_info__functions.c.o[0m
[7.278s] [  8%] [32mBuilding C object CMakeFiles/turtlebot3_msgs__rosidl_generator_c.dir/rosidl_generator_c/turtlebot3_msgs/srv/detail/sound__functions.c.o[0m
[7.279s] [ 10%] [32mBuilding C object CMakeFiles/turtlebot3_msgs__rosidl_generator_c.dir/rosidl_generator_c/turtlebot3_msgs/action/detail/patrol__functions.c.o[0m
[7.283s] [ 10%] [32mBuilding C object CMakeFiles/turtlebot3_msgs__rosidl_generator_c.dir/rosidl_generator_c/turtlebot3_msgs/srv/detail/dqn__functions.c.o[0m
[7.294s] [ 11%] [32mBuilding C object CMakeFiles/turtlebot3_msgs__rosidl_generator_c.dir/rosidl_generator_c/turtlebot3_msgs/srv/detail/goal__functions.c.o[0m
[7.459s] [ 11%] Built target turtlebot3_msgs__cpp
[7.496s] [ 12%] [34m[1mGenerating C++ type support dispatch for ROS interfaces[0m
[7.504s] [ 13%] [34m[1mGenerating C++ type support for eProsima Fast-RTPS[0m
[7.515s] [ 15%] [34m[1mGenerating C++ introspection for ROS interfaces[0m
[7.786s] [ 16%] [32m[1mLinking C shared library libturtlebot3_msgs__rosidl_generator_c.so[0m
[7.908s] [ 16%] Built target turtlebot3_msgs__rosidl_generator_c
[7.928s] [ 17%] [34m[1mGenerating C introspection for ROS interfaces[0m
[7.939s] [ 18%] [34m[1mGenerating C type support dispatch for ROS interfaces[0m
[7.941s] [ 20%] [34m[1mGenerating C type support for eProsima Fast-RTPS[0m
[9.909s] [ 22%] [32mBuilding CXX object CMakeFiles/turtlebot3_msgs__rosidl_typesupport_c.dir/rosidl_typesupport_c/turtlebot3_msgs/msg/sensor_state__type_support.cpp.o[0m
[9.909s] [ 22%] [32mBuilding CXX object CMakeFiles/turtlebot3_msgs__rosidl_typesupport_c.dir/rosidl_typesupport_c/turtlebot3_msgs/msg/sound__type_support.cpp.o[0m
[9.911s] [ 24%] [32mBuilding CXX object CMakeFiles/turtlebot3_msgs__rosidl_typesupport_c.dir/rosidl_typesupport_c/turtlebot3_msgs/msg/version_info__type_support.cpp.o[0m
[9.922s] [ 26%] [32mBuilding CXX object CMakeFiles/turtlebot3_msgs__rosidl_typesupport_c.dir/rosidl_typesupport_c/turtlebot3_msgs/srv/dqn__type_support.cpp.o[0m
[9.922s] [ 27%] [32mBuilding CXX object CMakeFiles/turtlebot3_msgs__rosidl_typesupport_c.dir/rosidl_typesupport_c/turtlebot3_msgs/srv/goal__type_support.cpp.o[0m
[9.923s] [ 29%] [32mBuilding CXX object CMakeFiles/turtlebot3_msgs__rosidl_typesupport_c.dir/rosidl_typesupport_c/turtlebot3_msgs/action/patrol__type_support.cpp.o[0m
[9.927s] [ 29%] [32mBuilding CXX object CMakeFiles/turtlebot3_msgs__rosidl_typesupport_c.dir/rosidl_typesupport_c/turtlebot3_msgs/srv/sound__type_support.cpp.o[0m
[10.162s] [ 30%] [32m[1mLinking CXX shared library libturtlebot3_msgs__rosidl_typesupport_c.so[0m
[10.398s] [ 30%] Built target turtlebot3_msgs__rosidl_typesupport_c
[11.231s] [ 31%] [32mBuilding CXX object CMakeFiles/turtlebot3_msgs__rosidl_typesupport_cpp.dir/rosidl_typesupport_cpp/turtlebot3_msgs/msg/sensor_state__type_support.cpp.o[0m
[11.231s] [ 34%] [32mBuilding CXX object CMakeFiles/turtlebot3_msgs__rosidl_typesupport_cpp.dir/rosidl_typesupport_cpp/turtlebot3_msgs/msg/version_info__type_support.cpp.o[0m
[11.231s] [ 34%] [32mBuilding CXX object CMakeFiles/turtlebot3_msgs__rosidl_typesupport_cpp.dir/rosidl_typesupport_cpp/turtlebot3_msgs/srv/dqn__type_support.cpp.o[0m
[11.235s] [ 35%] [32mBuilding CXX object CMakeFiles/turtlebot3_msgs__rosidl_typesupport_cpp.dir/rosidl_typesupport_cpp/turtlebot3_msgs/srv/sound__type_support.cpp.o[0m
[11.244s] [ 36%] [32mBuilding CXX object CMakeFiles/turtlebot3_msgs__rosidl_typesupport_cpp.dir/rosidl_typesupport_cpp/turtlebot3_msgs/msg/sound__type_support.cpp.o[0m
[11.247s] [ 37%] [32mBuilding CXX object CMakeFiles/turtlebot3_msgs__rosidl_typesupport_cpp.dir/rosidl_typesupport_cpp/turtlebot3_msgs/srv/goal__type_support.cpp.o[0m
[11.259s] [ 39%] [32mBuilding CXX object CMakeFiles/turtlebot3_msgs__rosidl_typesupport_cpp.dir/rosidl_typesupport_cpp/turtlebot3_msgs/action/patrol__type_support.cpp.o[0m
[11.760s] [ 40%] [32mBuilding C object CMakeFiles/turtlebot3_msgs__rosidl_typesupport_introspection_c.dir/rosidl_typesupport_introspection_c/turtlebot3_msgs/msg/detail/sensor_state__type_support.c.o[0m
[11.760s] [ 41%] [32mBuilding C object CMakeFiles/turtlebot3_msgs__rosidl_typesupport_introspection_c.dir/rosidl_typesupport_introspection_c/turtlebot3_msgs/msg/detail/version_info__type_support.c.o[0m
[11.762s] [ 43%] [32mBuilding C object CMakeFiles/turtlebot3_msgs__rosidl_typesupport_introspection_c.dir/rosidl_typesupport_introspection_c/turtlebot3_msgs/srv/detail/dqn__type_support.c.o[0m
[11.765s] [ 44%] [32mBuilding C object CMakeFiles/turtlebot3_msgs__rosidl_typesupport_introspection_c.dir/rosidl_typesupport_introspection_c/turtlebot3_msgs/msg/detail/sound__type_support.c.o[0m
[11.775s] [ 45%] [32mBuilding C object CMakeFiles/turtlebot3_msgs__rosidl_typesupport_introspection_c.dir/rosidl_typesupport_introspection_c/turtlebot3_msgs/srv/detail/goal__type_support.c.o[0m
[11.844s] [ 46%] [32mBuilding C object CMakeFiles/turtlebot3_msgs__rosidl_typesupport_introspection_c.dir/rosidl_typesupport_introspection_c/turtlebot3_msgs/srv/detail/sound__type_support.c.o[0m
[11.855s] [ 48%] [32mBuilding C object CMakeFiles/turtlebot3_msgs__rosidl_typesupport_introspection_c.dir/rosidl_typesupport_introspection_c/turtlebot3_msgs/action/detail/patrol__type_support.c.o[0m
[12.037s] [ 49%] [32m[1mLinking C shared library libturtlebot3_msgs__rosidl_typesupport_introspection_c.so[0m
[12.160s] [ 49%] Built target turtlebot3_msgs__rosidl_typesupport_introspection_c
[12.631s] [ 50%] [32mBuilding CXX object CMakeFiles/turtlebot3_msgs__rosidl_typesupport_introspection_cpp.dir/rosidl_typesupport_introspection_cpp/turtlebot3_msgs/msg/detail/sensor_state__type_support.cpp.o[0m
[12.643s] [ 51%] [32mBuilding CXX object CMakeFiles/turtlebot3_msgs__rosidl_typesupport_introspection_cpp.dir/rosidl_typesupport_introspection_cpp/turtlebot3_msgs/msg/detail/version_info__type_support.cpp.o[0m
[12.645s] [ 54%] [32mBuilding CXX object CMakeFiles/turtlebot3_msgs__rosidl_typesupport_introspection_cpp.dir/rosidl_typesupport_introspection_cpp/turtlebot3_msgs/srv/detail/dqn__type_support.cpp.o[0m
[12.646s] [ 55%] [32mBuilding CXX object CMakeFiles/turtlebot3_msgs__rosidl_typesupport_introspection_cpp.dir/rosidl_typesupport_introspection_cpp/turtlebot3_msgs/srv/detail/sound__type_support.cpp.o[0m
[12.649s] [ 55%] [32mBuilding CXX object CMakeFiles/turtlebot3_msgs__rosidl_typesupport_introspection_cpp.dir/rosidl_typesupport_introspection_cpp/turtlebot3_msgs/srv/detail/goal__type_support.cpp.o[0m
[12.657s] [ 56%] [32mBuilding CXX object CMakeFiles/turtlebot3_msgs__rosidl_typesupport_introspection_cpp.dir/rosidl_typesupport_introspection_cpp/turtlebot3_msgs/action/detail/patrol__type_support.cpp.o[0m
[12.657s] [ 58%] [32mBuilding CXX object CMakeFiles/turtlebot3_msgs__rosidl_typesupport_introspection_cpp.dir/rosidl_typesupport_introspection_cpp/turtlebot3_msgs/msg/detail/sound__type_support.cpp.o[0m
[12.847s] [ 59%] [32mBuilding CXX object CMakeFiles/turtlebot3_msgs__rosidl_typesupport_fastrtps_cpp.dir/rosidl_typesupport_fastrtps_cpp/turtlebot3_msgs/msg/detail/dds_fastrtps/version_info__type_support.cpp.o[0m
[12.848s] [ 60%] [32mBuilding CXX object CMakeFiles/turtlebot3_msgs__rosidl_typesupport_fastrtps_cpp.dir/rosidl_typesupport_fastrtps_cpp/turtlebot3_msgs/msg/detail/dds_fastrtps/sensor_state__type_support.cpp.o[0m
[12.861s] [ 62%] [32mBuilding CXX object CMakeFiles/turtlebot3_msgs__rosidl_typesupport_fastrtps_cpp.dir/rosidl_typesupport_fastrtps_cpp/turtlebot3_msgs/msg/detail/dds_fastrtps/sound__type_support.cpp.o[0m
[12.886s] [ 65%] [32mBuilding CXX object CMakeFiles/turtlebot3_msgs__rosidl_typesupport_fastrtps_cpp.dir/rosidl_typesupport_fastrtps_cpp/turtlebot3_msgs/srv/detail/dds_fastrtps/dqn__type_support.cpp.o[0m
[12.888s] [ 65%] [32mBuilding CXX object CMakeFiles/turtlebot3_msgs__rosidl_typesupport_fastrtps_cpp.dir/rosidl_typesupport_fastrtps_cpp/turtlebot3_msgs/srv/detail/dds_fastrtps/goal__type_support.cpp.o[0m
[12.888s] [ 65%] [32mBuilding CXX object CMakeFiles/turtlebot3_msgs__rosidl_typesupport_fastrtps_cpp.dir/rosidl_typesupport_fastrtps_cpp/turtlebot3_msgs/srv/detail/dds_fastrtps/sound__type_support.cpp.o[0m
[12.913s] [ 67%] [32mBuilding CXX object CMakeFiles/turtlebot3_msgs__rosidl_typesupport_fastrtps_cpp.dir/rosidl_typesupport_fastrtps_cpp/turtlebot3_msgs/action/detail/dds_fastrtps/patrol__type_support.cpp.o[0m
[13.443s] [ 68%] [32mBuilding CXX object CMakeFiles/turtlebot3_msgs__rosidl_typesupport_fastrtps_c.dir/rosidl_typesupport_fastrtps_c/turtlebot3_msgs/msg/detail/sensor_state__type_support_c.cpp.o[0m
[14.016s] [ 69%] [32m[1mLinking CXX shared library libturtlebot3_msgs__rosidl_typesupport_cpp.so[0m
[14.036s] [ 70%] [32mBuilding CXX object CMakeFiles/turtlebot3_msgs__rosidl_typesupport_fastrtps_c.dir/rosidl_typesupport_fastrtps_c/turtlebot3_msgs/msg/detail/sound__type_support_c.cpp.o[0m
[14.173s] [ 72%] [32mBuilding CXX object CMakeFiles/turtlebot3_msgs__rosidl_typesupport_fastrtps_c.dir/rosidl_typesupport_fastrtps_c/turtlebot3_msgs/msg/detail/version_info__type_support_c.cpp.o[0m
[14.216s] [ 72%] Built target turtlebot3_msgs__rosidl_typesupport_cpp
[14.232s] [ 73%] [32mBuilding CXX object CMakeFiles/turtlebot3_msgs__rosidl_typesupport_fastrtps_c.dir/rosidl_typesupport_fastrtps_c/turtlebot3_msgs/srv/detail/sound__type_support_c.cpp.o[0m
[14.334s] [ 74%] [32mBuilding CXX object CMakeFiles/turtlebot3_msgs__rosidl_typesupport_fastrtps_c.dir/rosidl_typesupport_fastrtps_c/turtlebot3_msgs/srv/detail/dqn__type_support_c.cpp.o[0m
[14.605s] [ 75%] [32mBuilding CXX object CMakeFiles/turtlebot3_msgs__rosidl_typesupport_fastrtps_c.dir/rosidl_typesupport_fastrtps_c/turtlebot3_msgs/srv/detail/goal__type_support_c.cpp.o[0m
[14.684s] [ 77%] [32mBuilding CXX object CMakeFiles/turtlebot3_msgs__rosidl_typesupport_fastrtps_c.dir/rosidl_typesupport_fastrtps_c/turtlebot3_msgs/action/detail/patrol__type_support_c.cpp.o[0m
[15.587s] [ 78%] [32m[1mLinking CXX shared library libturtlebot3_msgs__rosidl_typesupport_introspection_cpp.so[0m
[15.729s] [ 79%] [32m[1mLinking CXX shared library libturtlebot3_msgs__rosidl_typesupport_fastrtps_c.so[0m
[15.738s] [ 81%] [32m[1mLinking CXX shared library libturtlebot3_msgs__rosidl_typesupport_fastrtps_cpp.so[0m
[15.800s] [ 81%] Built target turtlebot3_msgs__rosidl_typesupport_introspection_cpp
[15.975s] [ 81%] Built target turtlebot3_msgs__rosidl_typesupport_fastrtps_c
[16.062s] [ 81%] Built target turtlebot3_msgs__rosidl_typesupport_fastrtps_cpp
[16.129s] [ 81%] Built target turtlebot3_msgs
[16.200s] [ 82%] [34m[1mGenerating Python code for ROS interfaces[0m
[21.067s] [ 82%] Built target turtlebot3_msgs__py
[21.111s] [ 83%] [32mBuilding C object CMakeFiles/turtlebot3_msgs__rosidl_generator_py.dir/rosidl_generator_py/turtlebot3_msgs/msg/_sensor_state_s.c.o[0m
[21.117s] [ 84%] [32mBuilding C object CMakeFiles/turtlebot3_msgs__rosidl_generator_py.dir/rosidl_generator_py/turtlebot3_msgs/msg/_sound_s.c.o[0m
[21.132s] [ 86%] [32mBuilding C object CMakeFiles/turtlebot3_msgs__rosidl_generator_py.dir/rosidl_generator_py/turtlebot3_msgs/msg/_version_info_s.c.o[0m
[21.132s] [ 87%] [32mBuilding C object CMakeFiles/turtlebot3_msgs__rosidl_generator_py.dir/rosidl_generator_py/turtlebot3_msgs/srv/_sound_s.c.o[0m
[21.138s] [ 88%] [32mBuilding C object CMakeFiles/turtlebot3_msgs__rosidl_generator_py.dir/rosidl_generator_py/turtlebot3_msgs/srv/_goal_s.c.o[0m
[21.138s] [ 89%] [32mBuilding C object CMakeFiles/turtlebot3_msgs__rosidl_generator_py.dir/rosidl_generator_py/turtlebot3_msgs/action/_patrol_s.c.o[0m
[21.159s] [ 91%] [32mBuilding C object CMakeFiles/turtlebot3_msgs__rosidl_generator_py.dir/rosidl_generator_py/turtlebot3_msgs/srv/_dqn_s.c.o[0m
[21.580s] [ 92%] [32m[1mLinking C shared library rosidl_generator_py/turtlebot3_msgs/libturtlebot3_msgs__rosidl_generator_py.so[0m
[21.693s] [ 92%] Built target turtlebot3_msgs__rosidl_generator_py
[21.765s] [ 93%] [32mBuilding C object CMakeFiles/turtlebot3_msgs__rosidl_typesupport_fastrtps_c__pyext.dir/rosidl_generator_py/turtlebot3_msgs/_turtlebot3_msgs_s.ep.rosidl_typesupport_fastrtps_c.c.o[0m
[21.780s] [ 96%] [32mBuilding C object CMakeFiles/turtlebot3_msgs__rosidl_typesupport_introspection_c__pyext.dir/rosidl_generator_py/turtlebot3_msgs/_turtlebot3_msgs_s.ep.rosidl_typesupport_introspection_c.c.o[0m
[21.780s] [ 96%] [32mBuilding C object CMakeFiles/turtlebot3_msgs__rosidl_typesupport_c__pyext.dir/rosidl_generator_py/turtlebot3_msgs/_turtlebot3_msgs_s.ep.rosidl_typesupport_c.c.o[0m
[22.074s] [ 97%] [32m[1mLinking C shared library rosidl_generator_py/turtlebot3_msgs/turtlebot3_msgs_s__rosidl_typesupport_fastrtps_c.cpython-310-x86_64-linux-gnu.so[0m
[22.102s] [ 98%] [32m[1mLinking C shared library rosidl_generator_py/turtlebot3_msgs/turtlebot3_msgs_s__rosidl_typesupport_introspection_c.cpython-310-x86_64-linux-gnu.so[0m
[22.165s] [ 98%] Built target turtlebot3_msgs__rosidl_typesupport_fastrtps_c__pyext
[22.208s] [ 98%] Built target turtlebot3_msgs__rosidl_typesupport_introspection_c__pyext
[22.245s] [100%] [32m[1mLinking C shared library rosidl_generator_py/turtlebot3_msgs/turtlebot3_msgs_s__rosidl_typesupport_c.cpython-310-x86_64-linux-gnu.so[0m
[22.328s] [100%] Built target turtlebot3_msgs__rosidl_typesupport_c__pyext
[22.372s] Invoked command in '/home/hb/Git/Embedded/build/turtlebot3_msgs' returned '0': CMAKE_PREFIX_PATH=${CMAKE_PREFIX_PATH}:/home/hb/Git/Embedded/install/turtlebot3_teleop:/home/hb/Git/Embedded/install/turtlebot3_example:/home/hb/Git/Embedded/install/robot_web_interface:/home/hb/Git/Embedded/install/delivery_interface:/home/hb/Git/Embedded/install/app_navigation:/opt/ros/humble /usr/bin/cmake --build /home/hb/Git/Embedded/build/turtlebot3_msgs -- -j16 -l16
[22.381s] Invoking command in '/home/hb/Git/Embedded/build/turtlebot3_msgs': CMAKE_PREFIX_PATH=${CMAKE_PREFIX_PATH}:/home/hb/Git/Embedded/install/turtlebot3_teleop:/home/hb/Git/Embedded/install/turtlebot3_example:/home/hb/Git/Embedded/install/robot_web_interface:/home/hb/Git/Embedded/install/delivery_interface:/home/hb/Git/Embedded/install/app_navigation:/opt/ros/humble /usr/bin/cmake --install /home/hb/Git/Embedded/build/turtlebot3_msgs
[22.413s] -- Install configuration: ""
[22.414s] -- Installing: /home/hb/Git/Embedded/install/turtlebot3_msgs/share/ament_index/resource_index/rosidl_interfaces/turtlebot3_msgs
[22.414s] -- Installing: /home/hb/Git/Embedded/install/turtlebot3_msgs/include/turtlebot3_msgs/turtlebot3_msgs
[22.414s] -- Installing: /home/hb/Git/Embedded/install/turtlebot3_msgs/include/turtlebot3_msgs/turtlebot3_msgs/msg
[22.414s] -- Installing: /home/hb/Git/Embedded/install/turtlebot3_msgs/include/turtlebot3_msgs/turtlebot3_msgs/msg/sensor_state.h
[22.414s] -- Installing: /home/hb/Git/Embedded/install/turtlebot3_msgs/include/turtlebot3_msgs/turtlebot3_msgs/msg/detail
[22.414s] -- Installing: /home/hb/Git/Embedded/install/turtlebot3_msgs/include/turtlebot3_msgs/turtlebot3_msgs/msg/detail/version_info__functions.h
[22.414s] -- Installing: /home/hb/Git/Embedded/install/turtlebot3_msgs/include/turtlebot3_msgs/turtlebot3_msgs/msg/detail/version_info__type_support.h
[22.414s] -- Installing: /home/hb/Git/Embedded/install/turtlebot3_msgs/include/turtlebot3_msgs/turtlebot3_msgs/msg/detail/sound__type_support.h
[22.415s] -- Installing: /home/hb/Git/Embedded/install/turtlebot3_msgs/include/turtlebot3_msgs/turtlebot3_msgs/msg/detail/sensor_state__functions.h
[22.415s] -- Installing: /home/hb/Git/Embedded/install/turtlebot3_msgs/include/turtlebot3_msgs/turtlebot3_msgs/msg/detail/sensor_state__functions.c
[22.415s] -- Installing: /home/hb/Git/Embedded/install/turtlebot3_msgs/include/turtlebot3_msgs/turtlebot3_msgs/msg/detail/sound__functions.h
[22.415s] -- Installing: /home/hb/Git/Embedded/install/turtlebot3_msgs/include/turtlebot3_msgs/turtlebot3_msgs/msg/detail/sensor_state__struct.h
[22.415s] -- Installing: /home/hb/Git/Embedded/install/turtlebot3_msgs/include/turtlebot3_msgs/turtlebot3_msgs/msg/detail/sensor_state__type_support.h
[22.415s] -- Installing: /home/hb/Git/Embedded/install/turtlebot3_msgs/include/turtlebot3_msgs/turtlebot3_msgs/msg/detail/sound__functions.c
[22.415s] -- Installing: /home/hb/Git/Embedded/install/turtlebot3_msgs/include/turtlebot3_msgs/turtlebot3_msgs/msg/detail/sound__struct.h
[22.415s] -- Installing: /home/hb/Git/Embedded/install/turtlebot3_msgs/include/turtlebot3_msgs/turtlebot3_msgs/msg/detail/version_info__functions.c
[22.415s] -- Installing: /home/hb/Git/Embedded/install/turtlebot3_msgs/include/turtlebot3_msgs/turtlebot3_msgs/msg/detail/version_info__struct.h
[22.416s] -- Installing: /home/hb/Git/Embedded/install/turtlebot3_msgs/include/turtlebot3_msgs/turtlebot3_msgs/msg/sound.h
[22.416s] -- Installing: /home/hb/Git/Embedded/install/turtlebot3_msgs/include/turtlebot3_msgs/turtlebot3_msgs/msg/version_info.h
[22.416s] -- Installing: /home/hb/Git/Embedded/install/turtlebot3_msgs/include/turtlebot3_msgs/turtlebot3_msgs/msg/rosidl_generator_c__visibility_control.h
[22.416s] -- Installing: /home/hb/Git/Embedded/install/turtlebot3_msgs/include/turtlebot3_msgs/turtlebot3_msgs/action
[22.416s] -- Installing: /home/hb/Git/Embedded/install/turtlebot3_msgs/include/turtlebot3_msgs/turtlebot3_msgs/action/detail
[22.416s] -- Installing: /home/hb/Git/Embedded/install/turtlebot3_msgs/include/turtlebot3_msgs/turtlebot3_msgs/action/detail/patrol__struct.h
[22.416s] -- Installing: /home/hb/Git/Embedded/install/turtlebot3_msgs/include/turtlebot3_msgs/turtlebot3_msgs/action/detail/patrol__functions.c
[22.418s] -- Installing: /home/hb/Git/Embedded/install/turtlebot3_msgs/include/turtlebot3_msgs/turtlebot3_msgs/action/detail/patrol__type_support.h
[22.419s] -- Installing: /home/hb/Git/Embedded/install/turtlebot3_msgs/include/turtlebot3_msgs/turtlebot3_msgs/action/detail/patrol__functions.h
[22.419s] -- Installing: /home/hb/Git/Embedded/install/turtlebot3_msgs/include/turtlebot3_msgs/turtlebot3_msgs/action/patrol.h
[22.419s] -- Installing: /home/hb/Git/Embedded/install/turtlebot3_msgs/include/turtlebot3_msgs/turtlebot3_msgs/srv
[22.419s] -- Installing: /home/hb/Git/Embedded/install/turtlebot3_msgs/include/turtlebot3_msgs/turtlebot3_msgs/srv/detail
[22.419s] -- Installing: /home/hb/Git/Embedded/install/turtlebot3_msgs/include/turtlebot3_msgs/turtlebot3_msgs/srv/detail/sound__type_support.h
[22.419s] -- Installing: /home/hb/Git/Embedded/install/turtlebot3_msgs/include/turtlebot3_msgs/turtlebot3_msgs/srv/detail/goal__functions.c
[22.419s] -- Installing: /home/hb/Git/Embedded/install/turtlebot3_msgs/include/turtlebot3_msgs/turtlebot3_msgs/srv/detail/dqn__functions.c
[22.419s] -- Installing: /home/hb/Git/Embedded/install/turtlebot3_msgs/include/turtlebot3_msgs/turtlebot3_msgs/srv/detail/dqn__type_support.h
[22.419s] -- Installing: /home/hb/Git/Embedded/install/turtlebot3_msgs/include/turtlebot3_msgs/turtlebot3_msgs/srv/detail/goal__functions.h
[22.420s] -- Installing: /home/hb/Git/Embedded/install/turtlebot3_msgs/include/turtlebot3_msgs/turtlebot3_msgs/srv/detail/goal__struct.h
[22.420s] -- Installing: /home/hb/Git/Embedded/install/turtlebot3_msgs/include/turtlebot3_msgs/turtlebot3_msgs/srv/detail/dqn__struct.h
[22.420s] -- Installing: /home/hb/Git/Embedded/install/turtlebot3_msgs/include/turtlebot3_msgs/turtlebot3_msgs/srv/detail/sound__functions.h
[22.420s] -- Installing: /home/hb/Git/Embedded/install/turtlebot3_msgs/include/turtlebot3_msgs/turtlebot3_msgs/srv/detail/goal__type_support.h
[22.420s] -- Installing: /home/hb/Git/Embedded/install/turtlebot3_msgs/include/turtlebot3_msgs/turtlebot3_msgs/srv/detail/dqn__functions.h
[22.420s] -- Installing: /home/hb/Git/Embedded/install/turtlebot3_msgs/include/turtlebot3_msgs/turtlebot3_msgs/srv/detail/sound__functions.c
[22.420s] -- Installing: /home/hb/Git/Embedded/install/turtlebot3_msgs/include/turtlebot3_msgs/turtlebot3_msgs/srv/detail/sound__struct.h
[22.420s] -- Installing: /home/hb/Git/Embedded/install/turtlebot3_msgs/include/turtlebot3_msgs/turtlebot3_msgs/srv/dqn.h
[22.420s] -- Installing: /home/hb/Git/Embedded/install/turtlebot3_msgs/include/turtlebot3_msgs/turtlebot3_msgs/srv/sound.h
[22.420s] -- Installing: /home/hb/Git/Embedded/install/turtlebot3_msgs/include/turtlebot3_msgs/turtlebot3_msgs/srv/goal.h
[22.420s] -- Installing: /home/hb/Git/Embedded/install/turtlebot3_msgs/share/turtlebot3_msgs/environment/library_path.sh
[22.421s] -- Installing: /home/hb/Git/Embedded/install/turtlebot3_msgs/share/turtlebot3_msgs/environment/library_path.dsv
[22.421s] -- Installing: /home/hb/Git/Embedded/install/turtlebot3_msgs/lib/libturtlebot3_msgs__rosidl_generator_c.so
[22.422s] -- Set runtime path of "/home/hb/Git/Embedded/install/turtlebot3_msgs/lib/libturtlebot3_msgs__rosidl_generator_c.so" to ""
[22.422s] -- Up-to-date: /home/hb/Git/Embedded/install/turtlebot3_msgs/include/turtlebot3_msgs/turtlebot3_msgs
[22.422s] -- Up-to-date: /home/hb/Git/Embedded/install/turtlebot3_msgs/include/turtlebot3_msgs/turtlebot3_msgs/msg
[22.422s] -- Up-to-date: /home/hb/Git/Embedded/install/turtlebot3_msgs/include/turtlebot3_msgs/turtlebot3_msgs/msg/detail
[22.422s] -- Installing: /home/hb/Git/Embedded/install/turtlebot3_msgs/include/turtlebot3_msgs/turtlebot3_msgs/msg/detail/sound__rosidl_typesupport_fastrtps_c.h
[22.422s] -- Installing: /home/hb/Git/Embedded/install/turtlebot3_msgs/include/turtlebot3_msgs/turtlebot3_msgs/msg/detail/version_info__rosidl_typesupport_fastrtps_c.h
[22.422s] -- Installing: /home/hb/Git/Embedded/install/turtlebot3_msgs/include/turtlebot3_msgs/turtlebot3_msgs/msg/detail/sensor_state__rosidl_typesupport_fastrtps_c.h
[22.423s] -- Installing: /home/hb/Git/Embedded/install/turtlebot3_msgs/include/turtlebot3_msgs/turtlebot3_msgs/msg/rosidl_typesupport_fastrtps_c__visibility_control.h
[22.423s] -- Up-to-date: /home/hb/Git/Embedded/install/turtlebot3_msgs/include/turtlebot3_msgs/turtlebot3_msgs/action
[22.423s] -- Up-to-date: /home/hb/Git/Embedded/install/turtlebot3_msgs/include/turtlebot3_msgs/turtlebot3_msgs/action/detail
[22.423s] -- Installing: /home/hb/Git/Embedded/install/turtlebot3_msgs/include/turtlebot3_msgs/turtlebot3_msgs/action/detail/patrol__rosidl_typesupport_fastrtps_c.h
[22.423s] -- Up-to-date: /home/hb/Git/Embedded/install/turtlebot3_msgs/include/turtlebot3_msgs/turtlebot3_msgs/srv
[22.423s] -- Up-to-date: /home/hb/Git/Embedded/install/turtlebot3_msgs/include/turtlebot3_msgs/turtlebot3_msgs/srv/detail
[22.423s] -- Installing: /home/hb/Git/Embedded/install/turtlebot3_msgs/include/turtlebot3_msgs/turtlebot3_msgs/srv/detail/sound__rosidl_typesupport_fastrtps_c.h
[22.425s] -- Installing: /home/hb/Git/Embedded/install/turtlebot3_msgs/include/turtlebot3_msgs/turtlebot3_msgs/srv/detail/dqn__rosidl_typesupport_fastrtps_c.h
[22.425s] -- Installing: /home/hb/Git/Embedded/install/turtlebot3_msgs/include/turtlebot3_msgs/turtlebot3_msgs/srv/detail/goal__rosidl_typesupport_fastrtps_c.h
[22.425s] -- Installing: /home/hb/Git/Embedded/install/turtlebot3_msgs/lib/libturtlebot3_msgs__rosidl_typesupport_fastrtps_c.so
[22.425s] -- Set runtime path of "/home/hb/Git/Embedded/install/turtlebot3_msgs/lib/libturtlebot3_msgs__rosidl_typesupport_fastrtps_c.so" to ""
[22.426s] -- Up-to-date: /home/hb/Git/Embedded/install/turtlebot3_msgs/include/turtlebot3_msgs/turtlebot3_msgs
[22.426s] -- Up-to-date: /home/hb/Git/Embedded/install/turtlebot3_msgs/include/turtlebot3_msgs/turtlebot3_msgs/msg
[22.426s] -- Installing: /home/hb/Git/Embedded/install/turtlebot3_msgs/include/turtlebot3_msgs/turtlebot3_msgs/msg/rosidl_generator_cpp__visibility_control.hpp
[22.426s] -- Up-to-date: /home/hb/Git/Embedded/install/turtlebot3_msgs/include/turtlebot3_msgs/turtlebot3_msgs/msg/detail
[22.426s] -- Installing: /home/hb/Git/Embedded/install/turtlebot3_msgs/include/turtlebot3_msgs/turtlebot3_msgs/msg/detail/sound__struct.hpp
[22.430s] -- Installing: /home/hb/Git/Embedded/install/turtlebot3_msgs/include/turtlebot3_msgs/turtlebot3_msgs/msg/detail/sensor_state__builder.hpp
[22.430s] -- Installing: /home/hb/Git/Embedded/install/turtlebot3_msgs/include/turtlebot3_msgs/turtlebot3_msgs/msg/detail/version_info__builder.hpp
[22.430s] -- Installing: /home/hb/Git/Embedded/install/turtlebot3_msgs/include/turtlebot3_msgs/turtlebot3_msgs/msg/detail/sound__type_support.hpp
[22.430s] -- Installing: /home/hb/Git/Embedded/install/turtlebot3_msgs/include/turtlebot3_msgs/turtlebot3_msgs/msg/detail/version_info__type_support.hpp
[22.430s] -- Installing: /home/hb/Git/Embedded/install/turtlebot3_msgs/include/turtlebot3_msgs/turtlebot3_msgs/msg/detail/version_info__traits.hpp
[22.430s] -- Installing: /home/hb/Git/Embedded/install/turtlebot3_msgs/include/turtlebot3_msgs/turtlebot3_msgs/msg/detail/sensor_state__struct.hpp
[22.430s] -- Installing: /home/hb/Git/Embedded/install/turtlebot3_msgs/include/turtlebot3_msgs/turtlebot3_msgs/msg/detail/sensor_state__type_support.hpp
[22.430s] -- Installing: /home/hb/Git/Embedded/install/turtlebot3_msgs/include/turtlebot3_msgs/turtlebot3_msgs/msg/detail/version_info__struct.hpp
[22.430s] -- Installing: /home/hb/Git/Embedded/install/turtlebot3_msgs/include/turtlebot3_msgs/turtlebot3_msgs/msg/detail/sensor_state__traits.hpp
[22.430s] -- Installing: /home/hb/Git/Embedded/install/turtlebot3_msgs/include/turtlebot3_msgs/turtlebot3_msgs/msg/detail/sound__traits.hpp
[22.430s] -- Installing: /home/hb/Git/Embedded/install/turtlebot3_msgs/include/turtlebot3_msgs/turtlebot3_msgs/msg/detail/sound__builder.hpp
[22.430s] -- Installing: /home/hb/Git/Embedded/install/turtlebot3_msgs/include/turtlebot3_msgs/turtlebot3_msgs/msg/sensor_state.hpp
[22.431s] -- Installing: /home/hb/Git/Embedded/install/turtlebot3_msgs/include/turtlebot3_msgs/turtlebot3_msgs/msg/version_info.hpp
[22.431s] -- Installing: /home/hb/Git/Embedded/install/turtlebot3_msgs/include/turtlebot3_msgs/turtlebot3_msgs/msg/sound.hpp
[22.431s] -- Up-to-date: /home/hb/Git/Embedded/install/turtlebot3_msgs/include/turtlebot3_msgs/turtlebot3_msgs/action
[22.431s] -- Up-to-date: /home/hb/Git/Embedded/install/turtlebot3_msgs/include/turtlebot3_msgs/turtlebot3_msgs/action/detail
[22.431s] -- Installing: /home/hb/Git/Embedded/install/turtlebot3_msgs/include/turtlebot3_msgs/turtlebot3_msgs/action/detail/patrol__builder.hpp
[22.431s] -- Installing: /home/hb/Git/Embedded/install/turtlebot3_msgs/include/turtlebot3_msgs/turtlebot3_msgs/action/detail/patrol__struct.hpp
[22.431s] -- Installing: /home/hb/Git/Embedded/install/turtlebot3_msgs/include/turtlebot3_msgs/turtlebot3_msgs/action/detail/patrol__type_support.hpp
[22.431s] -- Installing: /home/hb/Git/Embedded/install/turtlebot3_msgs/include/turtlebot3_msgs/turtlebot3_msgs/action/detail/patrol__traits.hpp
[22.431s] -- Installing: /home/hb/Git/Embedded/install/turtlebot3_msgs/include/turtlebot3_msgs/turtlebot3_msgs/action/patrol.hpp
[22.431s] -- Up-to-date: /home/hb/Git/Embedded/install/turtlebot3_msgs/include/turtlebot3_msgs/turtlebot3_msgs/srv
[22.432s] -- Installing: /home/hb/Git/Embedded/install/turtlebot3_msgs/include/turtlebot3_msgs/turtlebot3_msgs/srv/dqn.hpp
[22.432s] -- Up-to-date: /home/hb/Git/Embedded/install/turtlebot3_msgs/include/turtlebot3_msgs/turtlebot3_msgs/srv/detail
[22.432s] -- Installing: /home/hb/Git/Embedded/install/turtlebot3_msgs/include/turtlebot3_msgs/turtlebot3_msgs/srv/detail/sound__struct.hpp
[22.432s] -- Installing: /home/hb/Git/Embedded/install/turtlebot3_msgs/include/turtlebot3_msgs/turtlebot3_msgs/srv/detail/goal__traits.hpp
[22.432s] -- Installing: /home/hb/Git/Embedded/install/turtlebot3_msgs/include/turtlebot3_msgs/turtlebot3_msgs/srv/detail/dqn__type_support.hpp
[22.432s] -- Installing: /home/hb/Git/Embedded/install/turtlebot3_msgs/include/turtlebot3_msgs/turtlebot3_msgs/srv/detail/sound__type_support.hpp
[22.433s] -- Installing: /home/hb/Git/Embedded/install/turtlebot3_msgs/include/turtlebot3_msgs/turtlebot3_msgs/srv/detail/dqn__builder.hpp
[22.433s] -- Installing: /home/hb/Git/Embedded/install/turtlebot3_msgs/include/turtlebot3_msgs/turtlebot3_msgs/srv/detail/goal__builder.hpp
[22.433s] -- Installing: /home/hb/Git/Embedded/install/turtlebot3_msgs/include/turtlebot3_msgs/turtlebot3_msgs/srv/detail/dqn__traits.hpp
[22.433s] -- Installing: /home/hb/Git/Embedded/install/turtlebot3_msgs/include/turtlebot3_msgs/turtlebot3_msgs/srv/detail/goal__struct.hpp
[22.433s] -- Installing: /home/hb/Git/Embedded/install/turtlebot3_msgs/include/turtlebot3_msgs/turtlebot3_msgs/srv/detail/sound__traits.hpp
[22.433s] -- Installing: /home/hb/Git/Embedded/install/turtlebot3_msgs/include/turtlebot3_msgs/turtlebot3_msgs/srv/detail/dqn__struct.hpp
[22.433s] -- Installing: /home/hb/Git/Embedded/install/turtlebot3_msgs/include/turtlebot3_msgs/turtlebot3_msgs/srv/detail/sound__builder.hpp
[22.433s] -- Installing: /home/hb/Git/Embedded/install/turtlebot3_msgs/include/turtlebot3_msgs/turtlebot3_msgs/srv/detail/goal__type_support.hpp
[22.433s] -- Installing: /home/hb/Git/Embedded/install/turtlebot3_msgs/include/turtlebot3_msgs/turtlebot3_msgs/srv/goal.hpp
[22.433s] -- Installing: /home/hb/Git/Embedded/install/turtlebot3_msgs/include/turtlebot3_msgs/turtlebot3_msgs/srv/sound.hpp
[22.437s] -- Up-to-date: /home/hb/Git/Embedded/install/turtlebot3_msgs/include/turtlebot3_msgs/turtlebot3_msgs
[22.437s] -- Up-to-date: /home/hb/Git/Embedded/install/turtlebot3_msgs/include/turtlebot3_msgs/turtlebot3_msgs/msg
[22.437s] -- Up-to-date: /home/hb/Git/Embedded/install/turtlebot3_msgs/include/turtlebot3_msgs/turtlebot3_msgs/msg/detail
[22.437s] -- Installing: /home/hb/Git/Embedded/install/turtlebot3_msgs/include/turtlebot3_msgs/turtlebot3_msgs/msg/detail/sensor_state__rosidl_typesupport_fastrtps_cpp.hpp
[22.437s] -- Installing: /home/hb/Git/Embedded/install/turtlebot3_msgs/include/turtlebot3_msgs/turtlebot3_msgs/msg/detail/version_info__rosidl_typesupport_fastrtps_cpp.hpp
[22.437s] -- Installing: /home/hb/Git/Embedded/install/turtlebot3_msgs/include/turtlebot3_msgs/turtlebot3_msgs/msg/detail/sound__rosidl_typesupport_fastrtps_cpp.hpp
[22.437s] -- Installing: /home/hb/Git/Embedded/install/turtlebot3_msgs/include/turtlebot3_msgs/turtlebot3_msgs/msg/detail/dds_fastrtps
[22.437s] -- Installing: /home/hb/Git/Embedded/install/turtlebot3_msgs/include/turtlebot3_msgs/turtlebot3_msgs/msg/rosidl_typesupport_fastrtps_cpp__visibility_control.h
[22.437s] -- Up-to-date: /home/hb/Git/Embedded/install/turtlebot3_msgs/include/turtlebot3_msgs/turtlebot3_msgs/action
[22.437s] -- Up-to-date: /home/hb/Git/Embedded/install/turtlebot3_msgs/include/turtlebot3_msgs/turtlebot3_msgs/action/detail
[22.438s] -- Installing: /home/hb/Git/Embedded/install/turtlebot3_msgs/include/turtlebot3_msgs/turtlebot3_msgs/action/detail/patrol__rosidl_typesupport_fastrtps_cpp.hpp
[22.438s] -- Installing: /home/hb/Git/Embedded/install/turtlebot3_msgs/include/turtlebot3_msgs/turtlebot3_msgs/action/detail/dds_fastrtps
[22.438s] -- Up-to-date: /home/hb/Git/Embedded/install/turtlebot3_msgs/include/turtlebot3_msgs/turtlebot3_msgs/srv
[22.438s] -- Up-to-date: /home/hb/Git/Embedded/install/turtlebot3_msgs/include/turtlebot3_msgs/turtlebot3_msgs/srv/detail
[22.438s] -- Installing: /home/hb/Git/Embedded/install/turtlebot3_msgs/include/turtlebot3_msgs/turtlebot3_msgs/srv/detail/goal__rosidl_typesupport_fastrtps_cpp.hpp
[22.438s] -- Installing: /home/hb/Git/Embedded/install/turtlebot3_msgs/include/turtlebot3_msgs/turtlebot3_msgs/srv/detail/dqn__rosidl_typesupport_fastrtps_cpp.hpp
[22.438s] -- Installing: /home/hb/Git/Embedded/install/turtlebot3_msgs/include/turtlebot3_msgs/turtlebot3_msgs/srv/detail/sound__rosidl_typesupport_fastrtps_cpp.hpp
[22.438s] -- Installing: /home/hb/Git/Embedded/install/turtlebot3_msgs/include/turtlebot3_msgs/turtlebot3_msgs/srv/detail/dds_fastrtps
[22.438s] -- Installing: /home/hb/Git/Embedded/install/turtlebot3_msgs/lib/libturtlebot3_msgs__rosidl_typesupport_fastrtps_cpp.so
[22.439s] -- Set runtime path of "/home/hb/Git/Embedded/install/turtlebot3_msgs/lib/libturtlebot3_msgs__rosidl_typesupport_fastrtps_cpp.so" to ""
[22.439s] -- Up-to-date: /home/hb/Git/Embedded/install/turtlebot3_msgs/include/turtlebot3_msgs/turtlebot3_msgs
[22.439s] -- Up-to-date: /home/hb/Git/Embedded/install/turtlebot3_msgs/include/turtlebot3_msgs/turtlebot3_msgs/msg
[22.439s] -- Up-to-date: /home/hb/Git/Embedded/install/turtlebot3_msgs/include/turtlebot3_msgs/turtlebot3_msgs/msg/detail
[22.439s] -- Installing: /home/hb/Git/Embedded/install/turtlebot3_msgs/include/turtlebot3_msgs/turtlebot3_msgs/msg/detail/sensor_state__type_support.c
[22.439s] -- Installing: /home/hb/Git/Embedded/install/turtlebot3_msgs/include/turtlebot3_msgs/turtlebot3_msgs/msg/detail/version_info__type_support.c
[22.439s] -- Installing: /home/hb/Git/Embedded/install/turtlebot3_msgs/include/turtlebot3_msgs/turtlebot3_msgs/msg/detail/sound__type_support.c
[22.440s] -- Installing: /home/hb/Git/Embedded/install/turtlebot3_msgs/include/turtlebot3_msgs/turtlebot3_msgs/msg/detail/sound__rosidl_typesupport_introspection_c.h
[22.440s] -- Installing: /home/hb/Git/Embedded/install/turtlebot3_msgs/include/turtlebot3_msgs/turtlebot3_msgs/msg/detail/version_info__rosidl_typesupport_introspection_c.h
[22.440s] -- Installing: /home/hb/Git/Embedded/install/turtlebot3_msgs/include/turtlebot3_msgs/turtlebot3_msgs/msg/detail/sensor_state__rosidl_typesupport_introspection_c.h
[22.440s] -- Installing: /home/hb/Git/Embedded/install/turtlebot3_msgs/include/turtlebot3_msgs/turtlebot3_msgs/msg/rosidl_typesupport_introspection_c__visibility_control.h
[22.440s] -- Up-to-date: /home/hb/Git/Embedded/install/turtlebot3_msgs/include/turtlebot3_msgs/turtlebot3_msgs/action
[22.440s] -- Up-to-date: /home/hb/Git/Embedded/install/turtlebot3_msgs/include/turtlebot3_msgs/turtlebot3_msgs/action/detail
[22.440s] -- Installing: /home/hb/Git/Embedded/install/turtlebot3_msgs/include/turtlebot3_msgs/turtlebot3_msgs/action/detail/patrol__type_support.c
[22.440s] -- Installing: /home/hb/Git/Embedded/install/turtlebot3_msgs/include/turtlebot3_msgs/turtlebot3_msgs/action/detail/patrol__rosidl_typesupport_introspection_c.h
[22.441s] -- Up-to-date: /home/hb/Git/Embedded/install/turtlebot3_msgs/include/turtlebot3_msgs/turtlebot3_msgs/srv
[22.441s] -- Up-to-date: /home/hb/Git/Embedded/install/turtlebot3_msgs/include/turtlebot3_msgs/turtlebot3_msgs/srv/detail
[22.441s] -- Installing: /home/hb/Git/Embedded/install/turtlebot3_msgs/include/turtlebot3_msgs/turtlebot3_msgs/srv/detail/goal__rosidl_typesupport_introspection_c.h
[22.441s] -- Installing: /home/hb/Git/Embedded/install/turtlebot3_msgs/include/turtlebot3_msgs/turtlebot3_msgs/srv/detail/sound__type_support.c
[22.445s] -- Installing: /home/hb/Git/Embedded/install/turtlebot3_msgs/include/turtlebot3_msgs/turtlebot3_msgs/srv/detail/sound__rosidl_typesupport_introspection_c.h
[22.445s] -- Installing: /home/hb/Git/Embedded/install/turtlebot3_msgs/include/turtlebot3_msgs/turtlebot3_msgs/srv/detail/goal__type_support.c
[22.445s] -- Installing: /home/hb/Git/Embedded/install/turtlebot3_msgs/include/turtlebot3_msgs/turtlebot3_msgs/srv/detail/dqn__rosidl_typesupport_introspection_c.h
[22.445s] -- Installing: /home/hb/Git/Embedded/install/turtlebot3_msgs/include/turtlebot3_msgs/turtlebot3_msgs/srv/detail/dqn__type_support.c
[22.450s] -- Installing: /home/hb/Git/Embedded/install/turtlebot3_msgs/lib/libturtlebot3_msgs__rosidl_typesupport_introspection_c.so
[22.450s] -- Set runtime path of "/home/hb/Git/Embedded/install/turtlebot3_msgs/lib/libturtlebot3_msgs__rosidl_typesupport_introspection_c.so" to ""
[22.450s] -- Installing: /home/hb/Git/Embedded/install/turtlebot3_msgs/lib/libturtlebot3_msgs__rosidl_typesupport_c.so
[22.450s] -- Set runtime path of "/home/hb/Git/Embedded/install/turtlebot3_msgs/lib/libturtlebot3_msgs__rosidl_typesupport_c.so" to ""
[22.450s] -- Up-to-date: /home/hb/Git/Embedded/install/turtlebot3_msgs/include/turtlebot3_msgs/turtlebot3_msgs
[22.450s] -- Up-to-date: /home/hb/Git/Embedded/install/turtlebot3_msgs/include/turtlebot3_msgs/turtlebot3_msgs/msg
[22.450s] -- Up-to-date: /home/hb/Git/Embedded/install/turtlebot3_msgs/include/turtlebot3_msgs/turtlebot3_msgs/msg/detail
[22.451s] -- Installing: /home/hb/Git/Embedded/install/turtlebot3_msgs/include/turtlebot3_msgs/turtlebot3_msgs/msg/detail/version_info__type_support.cpp
[22.451s] -- Installing: /home/hb/Git/Embedded/install/turtlebot3_msgs/include/turtlebot3_msgs/turtlebot3_msgs/msg/detail/sound__type_support.cpp
[22.451s] -- Installing: /home/hb/Git/Embedded/install/turtlebot3_msgs/include/turtlebot3_msgs/turtlebot3_msgs/msg/detail/version_info__rosidl_typesupport_introspection_cpp.hpp
[22.451s] -- Installing: /home/hb/Git/Embedded/install/turtlebot3_msgs/include/turtlebot3_msgs/turtlebot3_msgs/msg/detail/sensor_state__type_support.cpp
[22.453s] -- Installing: /home/hb/Git/Embedded/install/turtlebot3_msgs/include/turtlebot3_msgs/turtlebot3_msgs/msg/detail/sound__rosidl_typesupport_introspection_cpp.hpp
[22.453s] -- Installing: /home/hb/Git/Embedded/install/turtlebot3_msgs/include/turtlebot3_msgs/turtlebot3_msgs/msg/detail/sensor_state__rosidl_typesupport_introspection_cpp.hpp
[22.453s] -- Up-to-date: /home/hb/Git/Embedded/install/turtlebot3_msgs/include/turtlebot3_msgs/turtlebot3_msgs/action
[22.453s] -- Up-to-date: /home/hb/Git/Embedded/install/turtlebot3_msgs/include/turtlebot3_msgs/turtlebot3_msgs/action/detail
[22.453s] -- Installing: /home/hb/Git/Embedded/install/turtlebot3_msgs/include/turtlebot3_msgs/turtlebot3_msgs/action/detail/patrol__rosidl_typesupport_introspection_cpp.hpp
[22.453s] -- Installing: /home/hb/Git/Embedded/install/turtlebot3_msgs/include/turtlebot3_msgs/turtlebot3_msgs/action/detail/patrol__type_support.cpp
[22.453s] -- Up-to-date: /home/hb/Git/Embedded/install/turtlebot3_msgs/include/turtlebot3_msgs/turtlebot3_msgs/srv
[22.453s] -- Up-to-date: /home/hb/Git/Embedded/install/turtlebot3_msgs/include/turtlebot3_msgs/turtlebot3_msgs/srv/detail
[22.454s] -- Installing: /home/hb/Git/Embedded/install/turtlebot3_msgs/include/turtlebot3_msgs/turtlebot3_msgs/srv/detail/goal__type_support.cpp
[22.454s] -- Installing: /home/hb/Git/Embedded/install/turtlebot3_msgs/include/turtlebot3_msgs/turtlebot3_msgs/srv/detail/sound__type_support.cpp
[22.454s] -- Installing: /home/hb/Git/Embedded/install/turtlebot3_msgs/include/turtlebot3_msgs/turtlebot3_msgs/srv/detail/dqn__type_support.cpp
[22.454s] -- Installing: /home/hb/Git/Embedded/install/turtlebot3_msgs/include/turtlebot3_msgs/turtlebot3_msgs/srv/detail/sound__rosidl_typesupport_introspection_cpp.hpp
[22.454s] -- Installing: /home/hb/Git/Embedded/install/turtlebot3_msgs/include/turtlebot3_msgs/turtlebot3_msgs/srv/detail/dqn__rosidl_typesupport_introspection_cpp.hpp
[22.454s] -- Installing: /home/hb/Git/Embedded/install/turtlebot3_msgs/include/turtlebot3_msgs/turtlebot3_msgs/srv/detail/goal__rosidl_typesupport_introspection_cpp.hpp
[22.454s] -- Installing: /home/hb/Git/Embedded/install/turtlebot3_msgs/lib/libturtlebot3_msgs__rosidl_typesupport_introspection_cpp.so
[22.454s] -- Set runtime path of "/home/hb/Git/Embedded/install/turtlebot3_msgs/lib/libturtlebot3_msgs__rosidl_typesupport_introspection_cpp.so" to ""
[22.454s] -- Installing: /home/hb/Git/Embedded/install/turtlebot3_msgs/lib/libturtlebot3_msgs__rosidl_typesupport_cpp.so
[22.454s] -- Set runtime path of "/home/hb/Git/Embedded/install/turtlebot3_msgs/lib/libturtlebot3_msgs__rosidl_typesupport_cpp.so" to ""
[22.455s] -- Installing: /home/hb/Git/Embedded/install/turtlebot3_msgs/share/turtlebot3_msgs/environment/pythonpath.sh
[22.455s] -- Installing: /home/hb/Git/Embedded/install/turtlebot3_msgs/share/turtlebot3_msgs/environment/pythonpath.dsv
[22.455s] -- Installing: /home/hb/Git/Embedded/install/turtlebot3_msgs/local/lib/python3.10/dist-packages/turtlebot3_msgs-2.4.0-py3.10.egg-info
[22.455s] -- Installing: /home/hb/Git/Embedded/install/turtlebot3_msgs/local/lib/python3.10/dist-packages/turtlebot3_msgs-2.4.0-py3.10.egg-info/PKG-INFO
[22.455s] -- Installing: /home/hb/Git/Embedded/install/turtlebot3_msgs/local/lib/python3.10/dist-packages/turtlebot3_msgs-2.4.0-py3.10.egg-info/dependency_links.txt
[22.455s] -- Installing: /home/hb/Git/Embedded/install/turtlebot3_msgs/local/lib/python3.10/dist-packages/turtlebot3_msgs-2.4.0-py3.10.egg-info/top_level.txt
[22.456s] -- Installing: /home/hb/Git/Embedded/install/turtlebot3_msgs/local/lib/python3.10/dist-packages/turtlebot3_msgs-2.4.0-py3.10.egg-info/SOURCES.txt
[22.456s] -- Installing: /home/hb/Git/Embedded/install/turtlebot3_msgs/local/lib/python3.10/dist-packages/turtlebot3_msgs
[22.456s] -- Installing: /home/hb/Git/Embedded/install/turtlebot3_msgs/local/lib/python3.10/dist-packages/turtlebot3_msgs/msg
[22.456s] -- Installing: /home/hb/Git/Embedded/install/turtlebot3_msgs/local/lib/python3.10/dist-packages/turtlebot3_msgs/msg/_sensor_state.py
[22.456s] -- Installing: /home/hb/Git/Embedded/install/turtlebot3_msgs/local/lib/python3.10/dist-packages/turtlebot3_msgs/msg/_version_info_s.c
[22.456s] -- Installing: /home/hb/Git/Embedded/install/turtlebot3_msgs/local/lib/python3.10/dist-packages/turtlebot3_msgs/msg/_sensor_state_s.c
[22.456s] -- Installing: /home/hb/Git/Embedded/install/turtlebot3_msgs/local/lib/python3.10/dist-packages/turtlebot3_msgs/msg/_version_info.py
[22.456s] -- Installing: /home/hb/Git/Embedded/install/turtlebot3_msgs/local/lib/python3.10/dist-packages/turtlebot3_msgs/msg/_sound_s.c
[22.456s] -- Installing: /home/hb/Git/Embedded/install/turtlebot3_msgs/local/lib/python3.10/dist-packages/turtlebot3_msgs/msg/__init__.py
[22.456s] -- Installing: /home/hb/Git/Embedded/install/turtlebot3_msgs/local/lib/python3.10/dist-packages/turtlebot3_msgs/msg/_sound.py
[22.457s] -- Installing: /home/hb/Git/Embedded/install/turtlebot3_msgs/local/lib/python3.10/dist-packages/turtlebot3_msgs/turtlebot3_msgs_s__rosidl_typesupport_c.cpython-310-x86_64-linux-gnu.so
[22.457s] -- Installing: /home/hb/Git/Embedded/install/turtlebot3_msgs/local/lib/python3.10/dist-packages/turtlebot3_msgs/_turtlebot3_msgs_s.ep.rosidl_typesupport_introspection_c.c
[22.457s] -- Installing: /home/hb/Git/Embedded/install/turtlebot3_msgs/local/lib/python3.10/dist-packages/turtlebot3_msgs/action
[22.457s] -- Installing: /home/hb/Git/Embedded/install/turtlebot3_msgs/local/lib/python3.10/dist-packages/turtlebot3_msgs/action/_patrol.py
[22.457s] -- Installing: /home/hb/Git/Embedded/install/turtlebot3_msgs/local/lib/python3.10/dist-packages/turtlebot3_msgs/action/_patrol_s.c
[22.457s] -- Installing: /home/hb/Git/Embedded/install/turtlebot3_msgs/local/lib/python3.10/dist-packages/turtlebot3_msgs/action/__init__.py
[22.457s] -- Installing: /home/hb/Git/Embedded/install/turtlebot3_msgs/local/lib/python3.10/dist-packages/turtlebot3_msgs/_turtlebot3_msgs_s.ep.rosidl_typesupport_c.c
[22.457s] -- Installing: /home/hb/Git/Embedded/install/turtlebot3_msgs/local/lib/python3.10/dist-packages/turtlebot3_msgs/_turtlebot3_msgs_s.ep.rosidl_typesupport_fastrtps_c.c
[22.457s] -- Installing: /home/hb/Git/Embedded/install/turtlebot3_msgs/local/lib/python3.10/dist-packages/turtlebot3_msgs/turtlebot3_msgs_s__rosidl_typesupport_introspection_c.cpython-310-x86_64-linux-gnu.so
[22.457s] -- Installing: /home/hb/Git/Embedded/install/turtlebot3_msgs/local/lib/python3.10/dist-packages/turtlebot3_msgs/libturtlebot3_msgs__rosidl_generator_py.so
[22.458s] -- Installing: /home/hb/Git/Embedded/install/turtlebot3_msgs/local/lib/python3.10/dist-packages/turtlebot3_msgs/turtlebot3_msgs_s__rosidl_typesupport_fastrtps_c.cpython-310-x86_64-linux-gnu.so
[22.458s] -- Installing: /home/hb/Git/Embedded/install/turtlebot3_msgs/local/lib/python3.10/dist-packages/turtlebot3_msgs/srv
[22.458s] -- Installing: /home/hb/Git/Embedded/install/turtlebot3_msgs/local/lib/python3.10/dist-packages/turtlebot3_msgs/srv/_goal_s.c
[22.458s] -- Installing: /home/hb/Git/Embedded/install/turtlebot3_msgs/local/lib/python3.10/dist-packages/turtlebot3_msgs/srv/_dqn_s.c
[22.458s] -- Installing: /home/hb/Git/Embedded/install/turtlebot3_msgs/local/lib/python3.10/dist-packages/turtlebot3_msgs/srv/_dqn.py
[22.458s] -- Installing: /home/hb/Git/Embedded/install/turtlebot3_msgs/local/lib/python3.10/dist-packages/turtlebot3_msgs/srv/_sound_s.c
[22.458s] -- Installing: /home/hb/Git/Embedded/install/turtlebot3_msgs/local/lib/python3.10/dist-packages/turtlebot3_msgs/srv/_goal.py
[22.458s] -- Installing: /home/hb/Git/Embedded/install/turtlebot3_msgs/local/lib/python3.10/dist-packages/turtlebot3_msgs/srv/__init__.py
[22.458s] -- Installing: /home/hb/Git/Embedded/install/turtlebot3_msgs/local/lib/python3.10/dist-packages/turtlebot3_msgs/srv/_sound.py
[22.458s] -- Installing: /home/hb/Git/Embedded/install/turtlebot3_msgs/local/lib/python3.10/dist-packages/turtlebot3_msgs/__init__.py
[22.574s] Listing '/home/hb/Git/Embedded/install/turtlebot3_msgs/local/lib/python3.10/dist-packages/turtlebot3_msgs'...
[22.574s] Compiling '/home/hb/Git/Embedded/install/turtlebot3_msgs/local/lib/python3.10/dist-packages/turtlebot3_msgs/__init__.py'...
[22.574s] Listing '/home/hb/Git/Embedded/install/turtlebot3_msgs/local/lib/python3.10/dist-packages/turtlebot3_msgs/action'...
[22.574s] Compiling '/home/hb/Git/Embedded/install/turtlebot3_msgs/local/lib/python3.10/dist-packages/turtlebot3_msgs/action/__init__.py'...
[22.574s] Compiling '/home/hb/Git/Embedded/install/turtlebot3_msgs/local/lib/python3.10/dist-packages/turtlebot3_msgs/action/_patrol.py'...
[22.574s] Listing '/home/hb/Git/Embedded/install/turtlebot3_msgs/local/lib/python3.10/dist-packages/turtlebot3_msgs/msg'...
[22.574s] Compiling '/home/hb/Git/Embedded/install/turtlebot3_msgs/local/lib/python3.10/dist-packages/turtlebot3_msgs/msg/__init__.py'...
[22.574s] Compiling '/home/hb/Git/Embedded/install/turtlebot3_msgs/local/lib/python3.10/dist-packages/turtlebot3_msgs/msg/_sensor_state.py'...
[22.575s] Compiling '/home/hb/Git/Embedded/install/turtlebot3_msgs/local/lib/python3.10/dist-packages/turtlebot3_msgs/msg/_sound.py'...
[22.575s] Compiling '/home/hb/Git/Embedded/install/turtlebot3_msgs/local/lib/python3.10/dist-packages/turtlebot3_msgs/msg/_version_info.py'...
[22.575s] Listing '/home/hb/Git/Embedded/install/turtlebot3_msgs/local/lib/python3.10/dist-packages/turtlebot3_msgs/srv'...
[22.575s] Compiling '/home/hb/Git/Embedded/install/turtlebot3_msgs/local/lib/python3.10/dist-packages/turtlebot3_msgs/srv/__init__.py'...
[22.575s] Compiling '/home/hb/Git/Embedded/install/turtlebot3_msgs/local/lib/python3.10/dist-packages/turtlebot3_msgs/srv/_dqn.py'...
[22.575s] Compiling '/home/hb/Git/Embedded/install/turtlebot3_msgs/local/lib/python3.10/dist-packages/turtlebot3_msgs/srv/_goal.py'...
[22.575s] Compiling '/home/hb/Git/Embedded/install/turtlebot3_msgs/local/lib/python3.10/dist-packages/turtlebot3_msgs/srv/_sound.py'...
[22.586s] -- Installing: /home/hb/Git/Embedded/install/turtlebot3_msgs/local/lib/python3.10/dist-packages/turtlebot3_msgs/turtlebot3_msgs_s__rosidl_typesupport_fastrtps_c.cpython-310-x86_64-linux-gnu.so
[22.586s] -- Set runtime path of "/home/hb/Git/Embedded/install/turtlebot3_msgs/local/lib/python3.10/dist-packages/turtlebot3_msgs/turtlebot3_msgs_s__rosidl_typesupport_fastrtps_c.cpython-310-x86_64-linux-gnu.so" to ""
[22.586s] -- Installing: /home/hb/Git/Embedded/install/turtlebot3_msgs/local/lib/python3.10/dist-packages/turtlebot3_msgs/turtlebot3_msgs_s__rosidl_typesupport_introspection_c.cpython-310-x86_64-linux-gnu.so
[22.586s] -- Set runtime path of "/home/hb/Git/Embedded/install/turtlebot3_msgs/local/lib/python3.10/dist-packages/turtlebot3_msgs/turtlebot3_msgs_s__rosidl_typesupport_introspection_c.cpython-310-x86_64-linux-gnu.so" to ""
[22.586s] -- Installing: /home/hb/Git/Embedded/install/turtlebot3_msgs/local/lib/python3.10/dist-packages/turtlebot3_msgs/turtlebot3_msgs_s__rosidl_typesupport_c.cpython-310-x86_64-linux-gnu.so
[22.587s] -- Set runtime path of "/home/hb/Git/Embedded/install/turtlebot3_msgs/local/lib/python3.10/dist-packages/turtlebot3_msgs/turtlebot3_msgs_s__rosidl_typesupport_c.cpython-310-x86_64-linux-gnu.so" to ""
[22.588s] -- Installing: /home/hb/Git/Embedded/install/turtlebot3_msgs/lib/libturtlebot3_msgs__rosidl_generator_py.so
[22.588s] -- Set runtime path of "/home/hb/Git/Embedded/install/turtlebot3_msgs/lib/libturtlebot3_msgs__rosidl_generator_py.so" to ""
[22.588s] -- Installing: /home/hb/Git/Embedded/install/turtlebot3_msgs/share/turtlebot3_msgs/msg/SensorState.idl
[22.588s] -- Installing: /home/hb/Git/Embedded/install/turtlebot3_msgs/share/turtlebot3_msgs/msg/Sound.idl
[22.589s] -- Installing: /home/hb/Git/Embedded/install/turtlebot3_msgs/share/turtlebot3_msgs/msg/VersionInfo.idl
[22.589s] -- Installing: /home/hb/Git/Embedded/install/turtlebot3_msgs/share/turtlebot3_msgs/srv/Sound.idl
[22.590s] -- Installing: /home/hb/Git/Embedded/install/turtlebot3_msgs/share/turtlebot3_msgs/srv/Dqn.idl
[22.590s] -- Installing: /home/hb/Git/Embedded/install/turtlebot3_msgs/share/turtlebot3_msgs/srv/Goal.idl
[22.591s] -- Installing: /home/hb/Git/Embedded/install/turtlebot3_msgs/share/turtlebot3_msgs/action/Patrol.idl
[22.592s] -- Installing: /home/hb/Git/Embedded/install/turtlebot3_msgs/share/turtlebot3_msgs/msg/SensorState.msg
[22.592s] -- Installing: /home/hb/Git/Embedded/install/turtlebot3_msgs/share/turtlebot3_msgs/msg/Sound.msg
[22.593s] -- Installing: /home/hb/Git/Embedded/install/turtlebot3_msgs/share/turtlebot3_msgs/msg/VersionInfo.msg
[22.594s] -- Installing: /home/hb/Git/Embedded/install/turtlebot3_msgs/share/turtlebot3_msgs/srv/Sound.srv
[22.594s] -- Installing: /home/hb/Git/Embedded/install/turtlebot3_msgs/share/turtlebot3_msgs/srv/Sound_Request.msg
[22.594s] -- Installing: /home/hb/Git/Embedded/install/turtlebot3_msgs/share/turtlebot3_msgs/srv/Sound_Response.msg
[22.595s] -- Installing: /home/hb/Git/Embedded/install/turtlebot3_msgs/share/turtlebot3_msgs/srv/Dqn.srv
[22.595s] -- Installing: /home/hb/Git/Embedded/install/turtlebot3_msgs/share/turtlebot3_msgs/srv/Dqn_Request.msg
[22.596s] -- Installing: /home/hb/Git/Embedded/install/turtlebot3_msgs/share/turtlebot3_msgs/srv/Dqn_Response.msg
[22.598s] -- Installing: /home/hb/Git/Embedded/install/turtlebot3_msgs/share/turtlebot3_msgs/srv/Goal.srv
[22.599s] -- Installing: /home/hb/Git/Embedded/install/turtlebot3_msgs/share/turtlebot3_msgs/srv/Goal_Request.msg
[22.599s] -- Installing: /home/hb/Git/Embedded/install/turtlebot3_msgs/share/turtlebot3_msgs/srv/Goal_Response.msg
[22.601s] -- Installing: /home/hb/Git/Embedded/install/turtlebot3_msgs/share/turtlebot3_msgs/action/Patrol.action
[22.601s] -- Installing: /home/hb/Git/Embedded/install/turtlebot3_msgs/share/ament_index/resource_index/package_run_dependencies/turtlebot3_msgs
[22.601s] -- Installing: /home/hb/Git/Embedded/install/turtlebot3_msgs/share/ament_index/resource_index/parent_prefix_path/turtlebot3_msgs
[22.601s] -- Installing: /home/hb/Git/Embedded/install/turtlebot3_msgs/share/turtlebot3_msgs/environment/ament_prefix_path.sh
[22.602s] -- Installing: /home/hb/Git/Embedded/install/turtlebot3_msgs/share/turtlebot3_msgs/environment/ament_prefix_path.dsv
[22.603s] -- Installing: /home/hb/Git/Embedded/install/turtlebot3_msgs/share/turtlebot3_msgs/environment/path.sh
[22.604s] -- Installing: /home/hb/Git/Embedded/install/turtlebot3_msgs/share/turtlebot3_msgs/environment/path.dsv
[22.604s] -- Installing: /home/hb/Git/Embedded/install/turtlebot3_msgs/share/turtlebot3_msgs/local_setup.bash
[22.605s] -- Installing: /home/hb/Git/Embedded/install/turtlebot3_msgs/share/turtlebot3_msgs/local_setup.sh
[22.605s] -- Installing: /home/hb/Git/Embedded/install/turtlebot3_msgs/share/turtlebot3_msgs/local_setup.zsh
[22.605s] -- Installing: /home/hb/Git/Embedded/install/turtlebot3_msgs/share/turtlebot3_msgs/local_setup.dsv
[22.605s] -- Installing: /home/hb/Git/Embedded/install/turtlebot3_msgs/share/turtlebot3_msgs/package.dsv
[22.610s] -- Installing: /home/hb/Git/Embedded/install/turtlebot3_msgs/share/ament_index/resource_index/packages/turtlebot3_msgs
[22.610s] -- Installing: /home/hb/Git/Embedded/install/turtlebot3_msgs/share/turtlebot3_msgs/cmake/export_turtlebot3_msgs__rosidl_generator_cExport.cmake
[22.611s] -- Installing: /home/hb/Git/Embedded/install/turtlebot3_msgs/share/turtlebot3_msgs/cmake/export_turtlebot3_msgs__rosidl_generator_cExport-noconfig.cmake
[22.611s] -- Installing: /home/hb/Git/Embedded/install/turtlebot3_msgs/share/turtlebot3_msgs/cmake/export_turtlebot3_msgs__rosidl_typesupport_fastrtps_cExport.cmake
[22.611s] -- Installing: /home/hb/Git/Embedded/install/turtlebot3_msgs/share/turtlebot3_msgs/cmake/export_turtlebot3_msgs__rosidl_typesupport_fastrtps_cExport-noconfig.cmake
[22.611s] -- Installing: /home/hb/Git/Embedded/install/turtlebot3_msgs/share/turtlebot3_msgs/cmake/export_turtlebot3_msgs__rosidl_generator_cppExport.cmake
[22.611s] -- Installing: /home/hb/Git/Embedded/install/turtlebot3_msgs/share/turtlebot3_msgs/cmake/export_turtlebot3_msgs__rosidl_typesupport_fastrtps_cppExport.cmake
[22.611s] -- Installing: /home/hb/Git/Embedded/install/turtlebot3_msgs/share/turtlebot3_msgs/cmake/export_turtlebot3_msgs__rosidl_typesupport_fastrtps_cppExport-noconfig.cmake
[22.611s] -- Installing: /home/hb/Git/Embedded/install/turtlebot3_msgs/share/turtlebot3_msgs/cmake/turtlebot3_msgs__rosidl_typesupport_introspection_cExport.cmake
[22.611s] -- Installing: /home/hb/Git/Embedded/install/turtlebot3_msgs/share/turtlebot3_msgs/cmake/turtlebot3_msgs__rosidl_typesupport_introspection_cExport-noconfig.cmake
[22.611s] -- Installing: /home/hb/Git/Embedded/install/turtlebot3_msgs/share/turtlebot3_msgs/cmake/turtlebot3_msgs__rosidl_typesupport_cExport.cmake
[22.611s] -- Installing: /home/hb/Git/Embedded/install/turtlebot3_msgs/share/turtlebot3_msgs/cmake/turtlebot3_msgs__rosidl_typesupport_cExport-noconfig.cmake
[22.611s] -- Installing: /home/hb/Git/Embedded/install/turtlebot3_msgs/share/turtlebot3_msgs/cmake/turtlebot3_msgs__rosidl_typesupport_introspection_cppExport.cmake
[22.612s] -- Installing: /home/hb/Git/Embedded/install/turtlebot3_msgs/share/turtlebot3_msgs/cmake/turtlebot3_msgs__rosidl_typesupport_introspection_cppExport-noconfig.cmake
[22.612s] -- Installing: /home/hb/Git/Embedded/install/turtlebot3_msgs/share/turtlebot3_msgs/cmake/turtlebot3_msgs__rosidl_typesupport_cppExport.cmake
[22.612s] -- Installing: /home/hb/Git/Embedded/install/turtlebot3_msgs/share/turtlebot3_msgs/cmake/turtlebot3_msgs__rosidl_typesupport_cppExport-noconfig.cmake
[22.612s] -- Installing: /home/hb/Git/Embedded/install/turtlebot3_msgs/share/turtlebot3_msgs/cmake/export_turtlebot3_msgs__rosidl_generator_pyExport.cmake
[22.612s] -- Installing: /home/hb/Git/Embedded/install/turtlebot3_msgs/share/turtlebot3_msgs/cmake/export_turtlebot3_msgs__rosidl_generator_pyExport-noconfig.cmake
[22.614s] -- Installing: /home/hb/Git/Embedded/install/turtlebot3_msgs/share/turtlebot3_msgs/cmake/rosidl_cmake-extras.cmake
[22.614s] -- Installing: /home/hb/Git/Embedded/install/turtlebot3_msgs/share/turtlebot3_msgs/cmake/ament_cmake_export_dependencies-extras.cmake
[22.615s] -- Installing: /home/hb/Git/Embedded/install/turtlebot3_msgs/share/turtlebot3_msgs/cmake/ament_cmake_export_include_directories-extras.cmake
[22.615s] -- Installing: /home/hb/Git/Embedded/install/turtlebot3_msgs/share/turtlebot3_msgs/cmake/ament_cmake_export_libraries-extras.cmake
[22.615s] -- Installing: /home/hb/Git/Embedded/install/turtlebot3_msgs/share/turtlebot3_msgs/cmake/ament_cmake_export_targets-extras.cmake
[22.615s] -- Installing: /home/hb/Git/Embedded/install/turtlebot3_msgs/share/turtlebot3_msgs/cmake/rosidl_cmake_export_typesupport_targets-extras.cmake
[22.615s] -- Installing: /home/hb/Git/Embedded/install/turtlebot3_msgs/share/turtlebot3_msgs/cmake/rosidl_cmake_export_typesupport_libraries-extras.cmake
[22.615s] -- Installing: /home/hb/Git/Embedded/install/turtlebot3_msgs/share/turtlebot3_msgs/cmake/turtlebot3_msgsConfig.cmake
[22.615s] -- Installing: /home/hb/Git/Embedded/install/turtlebot3_msgs/share/turtlebot3_msgs/cmake/turtlebot3_msgsConfig-version.cmake
[22.615s] -- Installing: /home/hb/Git/Embedded/install/turtlebot3_msgs/share/turtlebot3_msgs/package.xml
[22.624s] Invoked command in '/home/hb/Git/Embedded/build/turtlebot3_msgs' returned '0': CMAKE_PREFIX_PATH=${CMAKE_PREFIX_PATH}:/home/hb/Git/Embedded/install/turtlebot3_teleop:/home/hb/Git/Embedded/install/turtlebot3_example:/home/hb/Git/Embedded/install/robot_web_interface:/home/hb/Git/Embedded/install/delivery_interface:/home/hb/Git/Embedded/install/app_navigation:/opt/ros/humble /usr/bin/cmake --install /home/hb/Git/Embedded/build/turtlebot3_msgs
