[0.026s] Invoking command in '/home/donggun/S13P21A501/Embedded/build/turtlebot3_node': AMENT_PREFIX_PATH=/home/donggun/S13P21A501/Embedded/install/turtlebot3_msgs:/home/donggun/S13P21A501/Embedded/install/dynamixel_sdk:${AMENT_PREFIX_PATH} CMAKE_PREFIX_PATH=/home/donggun/S13P21A501/Embedded/install/turtlebot3_msgs:/home/donggun/S13P21A501/Embedded/install/dynamixel_sdk:/opt/ros/humble LD_LIBRARY_PATH=/home/donggun/S13P21A501/Embedded/install/turtlebot3_msgs/lib:/home/donggun/S13P21A501/Embedded/install/dynamixel_sdk/lib:${LD_LIBRARY_PATH} PYTHONPATH=/home/donggun/S13P21A501/Embedded/install/turtlebot3_msgs/local/lib/python3.10/dist-packages:/home/donggun/S13P21A501/Embedded/install/dynamixel_sdk/local/lib/python3.10/dist-packages:${PYTHONPATH} /usr/bin/cmake /home/donggun/S13P21A501/Embedded/src/turtlebot3/turtlebot3_node -DCMAKE_INSTALL_PREFIX=/home/donggun/S13P21A501/Embedded/install/turtlebot3_node
[0.688s] -- The C compiler identification is GNU 11.4.0
[0.688s] -- The CXX compiler identification is GNU 11.4.0
[0.688s] -- Detecting C compiler ABI info
[0.688s] -- Detecting C compiler ABI info - done
[0.688s] -- Check for working C compiler: /usr/bin/cc - skipped
[0.688s] -- Detecting C compile features
[0.688s] -- Detecting C compile features - done
[0.689s] -- Detecting CXX compiler ABI info
[0.689s] -- Detecting CXX compiler ABI info - done
[0.689s] -- Check for working CXX compiler: /usr/bin/c++ - skipped
[0.689s] -- Detecting CXX compile features
[0.689s] -- Detecting CXX compile features - done
[0.689s] -- Found ament_cmake: 1.3.12 (/opt/ros/humble/share/ament_cmake/cmake)
[2.004s] -- Found Python3: /usr/bin/python3 (found version "3.10.12") found components: Interpreter 
[2.196s] -- Found dynamixel_sdk: 3.8.4 (/home/donggun/S13P21A501/Embedded/install/dynamixel_sdk/share/dynamixel_sdk/cmake)
[2.204s] -- Found geometry_msgs: 4.9.0 (/opt/ros/humble/share/geometry_msgs/cmake)
[2.282s] -- Found rosidl_generator_c: 3.1.7 (/opt/ros/humble/share/rosidl_generator_c/cmake)
[2.294s] -- Found rosidl_adapter: 3.1.7 (/opt/ros/humble/share/rosidl_adapter/cmake)
[2.313s] -- Found rosidl_generator_cpp: 3.1.7 (/opt/ros/humble/share/rosidl_generator_cpp/cmake)
[2.336s] -- Using all available rosidl_typesupport_c: rosidl_typesupport_fastrtps_c;rosidl_typesupport_introspection_c
[2.371s] -- Using all available rosidl_typesupport_cpp: rosidl_typesupport_fastrtps_cpp;rosidl_typesupport_introspection_cpp
[2.461s] -- Found message_filters: 4.3.8 (/opt/ros/humble/share/message_filters/cmake)
[2.549s] -- Found rmw_implementation_cmake: 6.1.2 (/opt/ros/humble/share/rmw_implementation_cmake/cmake)
[2.554s] -- Found rmw_fastrtps_cpp: 6.2.8 (/opt/ros/humble/share/rmw_fastrtps_cpp/cmake)
[2.709s] -- Found OpenSSL: /usr/lib/x86_64-linux-gnu/libcrypto.so (found version "3.0.2")  
[2.763s] -- Found FastRTPS: /opt/ros/humble/include  
[2.838s] -- Using RMW implementation 'rmw_fastrtps_cpp' as default
[2.855s] -- Looking for pthread.h
[2.979s] -- Looking for pthread.h - found
[2.979s] -- Performing Test CMAKE_HAVE_LIBC_PTHREAD
[3.141s] -- Performing Test CMAKE_HAVE_LIBC_PTHREAD - Success
[3.141s] -- Found Threads: TRUE  
[3.224s] -- Found nav_msgs: 4.9.0 (/opt/ros/humble/share/nav_msgs/cmake)
[3.261s] -- Found sensor_msgs: 4.9.0 (/opt/ros/humble/share/sensor_msgs/cmake)
[3.299s] -- Found std_srvs: 4.9.0 (/opt/ros/humble/share/std_srvs/cmake)
[3.320s] -- Found tf2: 0.25.16 (/opt/ros/humble/share/tf2/cmake)
[3.350s] -- Found tf2_ros: 0.25.16 (/opt/ros/humble/share/tf2_ros/cmake)
[3.510s] -- Found turtlebot3_msgs: 2.4.0 (/home/donggun/S13P21A501/Embedded/install/turtlebot3_msgs/share/turtlebot3_msgs/cmake)
[3.671s] -- Configuring done
[3.697s] -- Generating done
[3.704s] -- Build files have been written to: /home/donggun/S13P21A501/Embedded/build/turtlebot3_node
[3.717s] Invoked command in '/home/donggun/S13P21A501/Embedded/build/turtlebot3_node' returned '0': AMENT_PREFIX_PATH=/home/donggun/S13P21A501/Embedded/install/turtlebot3_msgs:/home/donggun/S13P21A501/Embedded/install/dynamixel_sdk:${AMENT_PREFIX_PATH} CMAKE_PREFIX_PATH=/home/donggun/S13P21A501/Embedded/install/turtlebot3_msgs:/home/donggun/S13P21A501/Embedded/install/dynamixel_sdk:/opt/ros/humble LD_LIBRARY_PATH=/home/donggun/S13P21A501/Embedded/install/turtlebot3_msgs/lib:/home/donggun/S13P21A501/Embedded/install/dynamixel_sdk/lib:${LD_LIBRARY_PATH} PYTHONPATH=/home/donggun/S13P21A501/Embedded/install/turtlebot3_msgs/local/lib/python3.10/dist-packages:/home/donggun/S13P21A501/Embedded/install/dynamixel_sdk/local/lib/python3.10/dist-packages:${PYTHONPATH} /usr/bin/cmake /home/donggun/S13P21A501/Embedded/src/turtlebot3/turtlebot3_node -DCMAKE_INSTALL_PREFIX=/home/donggun/S13P21A501/Embedded/install/turtlebot3_node
[3.719s] Invoking command in '/home/donggun/S13P21A501/Embedded/build/turtlebot3_node': AMENT_PREFIX_PATH=/home/donggun/S13P21A501/Embedded/install/turtlebot3_msgs:/home/donggun/S13P21A501/Embedded/install/dynamixel_sdk:${AMENT_PREFIX_PATH} CMAKE_PREFIX_PATH=/home/donggun/S13P21A501/Embedded/install/turtlebot3_msgs:/home/donggun/S13P21A501/Embedded/install/dynamixel_sdk:/opt/ros/humble LD_LIBRARY_PATH=/home/donggun/S13P21A501/Embedded/install/turtlebot3_msgs/lib:/home/donggun/S13P21A501/Embedded/install/dynamixel_sdk/lib:${LD_LIBRARY_PATH} PYTHONPATH=/home/donggun/S13P21A501/Embedded/install/turtlebot3_msgs/local/lib/python3.10/dist-packages:/home/donggun/S13P21A501/Embedded/install/dynamixel_sdk/local/lib/python3.10/dist-packages:${PYTHONPATH} /usr/bin/cmake --build /home/donggun/S13P21A501/Embedded/build/turtlebot3_node -- -j16 -l16
[3.782s] [  7%] [32mBuilding CXX object CMakeFiles/turtlebot3_node_lib.dir/src/devices/sound.cpp.o[0m
[3.783s] [ 14%] [32mBuilding CXX object CMakeFiles/turtlebot3_node_lib.dir/src/diff_drive_controller.cpp.o[0m
[3.783s] [ 21%] [32mBuilding CXX object CMakeFiles/turtlebot3_node_lib.dir/src/devices/reset.cpp.o[0m
[3.787s] [ 28%] [32mBuilding CXX object CMakeFiles/turtlebot3_node_lib.dir/src/devices/motor_power.cpp.o[0m
[3.787s] [ 35%] [32mBuilding CXX object CMakeFiles/turtlebot3_node_lib.dir/src/dynamixel_sdk_wrapper.cpp.o[0m
[3.797s] [ 50%] [32mBuilding CXX object CMakeFiles/turtlebot3_node_lib.dir/src/sensors/battery_state.cpp.o[0m
[3.807s] [ 50%] [32mBuilding CXX object CMakeFiles/turtlebot3_node_lib.dir/src/turtlebot3.cpp.o[0m
[3.807s] [ 57%] [32mBuilding CXX object CMakeFiles/turtlebot3_node_lib.dir/src/odometry.cpp.o[0m
[3.809s] [ 64%] [32mBuilding CXX object CMakeFiles/turtlebot3_node_lib.dir/src/sensors/imu.cpp.o[0m
[3.832s] [ 71%] [32mBuilding CXX object CMakeFiles/turtlebot3_node_lib.dir/src/sensors/joint_state.cpp.o[0m
[3.848s] [ 78%] [32mBuilding CXX object CMakeFiles/turtlebot3_node_lib.dir/src/sensors/sensor_state.cpp.o[0m
[26.285s] [ 85%] [32m[1mLinking CXX static library libturtlebot3_node_lib.a[0m
[26.898s] [ 85%] Built target turtlebot3_node_lib
[26.920s] [ 92%] [32mBuilding CXX object CMakeFiles/turtlebot3_ros.dir/src/node_main.cpp.o[0m
[30.933s] [100%] [32m[1mLinking CXX executable turtlebot3_ros[0m
[33.198s] [100%] Built target turtlebot3_ros
[33.211s] Invoked command in '/home/donggun/S13P21A501/Embedded/build/turtlebot3_node' returned '0': AMENT_PREFIX_PATH=/home/donggun/S13P21A501/Embedded/install/turtlebot3_msgs:/home/donggun/S13P21A501/Embedded/install/dynamixel_sdk:${AMENT_PREFIX_PATH} CMAKE_PREFIX_PATH=/home/donggun/S13P21A501/Embedded/install/turtlebot3_msgs:/home/donggun/S13P21A501/Embedded/install/dynamixel_sdk:/opt/ros/humble LD_LIBRARY_PATH=/home/donggun/S13P21A501/Embedded/install/turtlebot3_msgs/lib:/home/donggun/S13P21A501/Embedded/install/dynamixel_sdk/lib:${LD_LIBRARY_PATH} PYTHONPATH=/home/donggun/S13P21A501/Embedded/install/turtlebot3_msgs/local/lib/python3.10/dist-packages:/home/donggun/S13P21A501/Embedded/install/dynamixel_sdk/local/lib/python3.10/dist-packages:${PYTHONPATH} /usr/bin/cmake --build /home/donggun/S13P21A501/Embedded/build/turtlebot3_node -- -j16 -l16
[33.214s] Invoking command in '/home/donggun/S13P21A501/Embedded/build/turtlebot3_node': AMENT_PREFIX_PATH=/home/donggun/S13P21A501/Embedded/install/turtlebot3_msgs:/home/donggun/S13P21A501/Embedded/install/dynamixel_sdk:${AMENT_PREFIX_PATH} CMAKE_PREFIX_PATH=/home/donggun/S13P21A501/Embedded/install/turtlebot3_msgs:/home/donggun/S13P21A501/Embedded/install/dynamixel_sdk:/opt/ros/humble LD_LIBRARY_PATH=/home/donggun/S13P21A501/Embedded/install/turtlebot3_msgs/lib:/home/donggun/S13P21A501/Embedded/install/dynamixel_sdk/lib:${LD_LIBRARY_PATH} PYTHONPATH=/home/donggun/S13P21A501/Embedded/install/turtlebot3_msgs/local/lib/python3.10/dist-packages:/home/donggun/S13P21A501/Embedded/install/dynamixel_sdk/local/lib/python3.10/dist-packages:${PYTHONPATH} /usr/bin/cmake --install /home/donggun/S13P21A501/Embedded/build/turtlebot3_node
[33.221s] -- Install configuration: ""
[33.222s] -- Installing: /home/donggun/S13P21A501/Embedded/install/turtlebot3_node/share/turtlebot3_node/param
[33.222s] -- Installing: /home/donggun/S13P21A501/Embedded/install/turtlebot3_node/share/turtlebot3_node/param/waffle.yaml
[33.222s] -- Installing: /home/donggun/S13P21A501/Embedded/install/turtlebot3_node/share/turtlebot3_node/param/waffle_pi.yaml
[33.222s] -- Installing: /home/donggun/S13P21A501/Embedded/install/turtlebot3_node/share/turtlebot3_node/param/burger.yaml
[33.222s] -- Installing: /home/donggun/S13P21A501/Embedded/install/turtlebot3_node/lib/turtlebot3_node/turtlebot3_ros
[33.234s] -- Set runtime path of "/home/donggun/S13P21A501/Embedded/install/turtlebot3_node/lib/turtlebot3_node/turtlebot3_ros" to ""
[33.234s] -- Installing: /home/donggun/S13P21A501/Embedded/install/turtlebot3_node/share/ament_index/resource_index/package_run_dependencies/turtlebot3_node
[33.235s] -- Installing: /home/donggun/S13P21A501/Embedded/install/turtlebot3_node/share/ament_index/resource_index/parent_prefix_path/turtlebot3_node
[33.235s] -- Installing: /home/donggun/S13P21A501/Embedded/install/turtlebot3_node/share/turtlebot3_node/environment/ament_prefix_path.sh
[33.235s] -- Installing: /home/donggun/S13P21A501/Embedded/install/turtlebot3_node/share/turtlebot3_node/environment/ament_prefix_path.dsv
[33.235s] -- Installing: /home/donggun/S13P21A501/Embedded/install/turtlebot3_node/share/turtlebot3_node/environment/path.sh
[33.235s] -- Installing: /home/donggun/S13P21A501/Embedded/install/turtlebot3_node/share/turtlebot3_node/environment/path.dsv
[33.235s] -- Installing: /home/donggun/S13P21A501/Embedded/install/turtlebot3_node/share/turtlebot3_node/local_setup.bash
[33.235s] -- Installing: /home/donggun/S13P21A501/Embedded/install/turtlebot3_node/share/turtlebot3_node/local_setup.sh
[33.235s] -- Installing: /home/donggun/S13P21A501/Embedded/install/turtlebot3_node/share/turtlebot3_node/local_setup.zsh
[33.236s] -- Installing: /home/donggun/S13P21A501/Embedded/install/turtlebot3_node/share/turtlebot3_node/local_setup.dsv
[33.236s] -- Installing: /home/donggun/S13P21A501/Embedded/install/turtlebot3_node/share/turtlebot3_node/package.dsv
[33.236s] -- Installing: /home/donggun/S13P21A501/Embedded/install/turtlebot3_node/share/ament_index/resource_index/packages/turtlebot3_node
[33.236s] -- Installing: /home/donggun/S13P21A501/Embedded/install/turtlebot3_node/share/turtlebot3_node/cmake/ament_cmake_export_dependencies-extras.cmake
[33.236s] -- Installing: /home/donggun/S13P21A501/Embedded/install/turtlebot3_node/share/turtlebot3_node/cmake/ament_cmake_export_include_directories-extras.cmake
[33.236s] -- Installing: /home/donggun/S13P21A501/Embedded/install/turtlebot3_node/share/turtlebot3_node/cmake/turtlebot3_nodeConfig.cmake
[33.236s] -- Installing: /home/donggun/S13P21A501/Embedded/install/turtlebot3_node/share/turtlebot3_node/cmake/turtlebot3_nodeConfig-version.cmake
[33.236s] -- Installing: /home/donggun/S13P21A501/Embedded/install/turtlebot3_node/share/turtlebot3_node/package.xml
[33.238s] Invoked command in '/home/donggun/S13P21A501/Embedded/build/turtlebot3_node' returned '0': AMENT_PREFIX_PATH=/home/donggun/S13P21A501/Embedded/install/turtlebot3_msgs:/home/donggun/S13P21A501/Embedded/install/dynamixel_sdk:${AMENT_PREFIX_PATH} CMAKE_PREFIX_PATH=/home/donggun/S13P21A501/Embedded/install/turtlebot3_msgs:/home/donggun/S13P21A501/Embedded/install/dynamixel_sdk:/opt/ros/humble LD_LIBRARY_PATH=/home/donggun/S13P21A501/Embedded/install/turtlebot3_msgs/lib:/home/donggun/S13P21A501/Embedded/install/dynamixel_sdk/lib:${LD_LIBRARY_PATH} PYTHONPATH=/home/donggun/S13P21A501/Embedded/install/turtlebot3_msgs/local/lib/python3.10/dist-packages:/home/donggun/S13P21A501/Embedded/install/dynamixel_sdk/local/lib/python3.10/dist-packages:${PYTHONPATH} /usr/bin/cmake --install /home/donggun/S13P21A501/Embedded/build/turtlebot3_node
