[2.999s] Invoking command in '/home/donggun/S13P21A501/Embedded/src/turtlebot3/turtlebot3_teleop': PYTHONPATH=/home/donggun/S13P21A501/Embedded/build/turtlebot3_teleop/prefix_override:/usr/lib/python3/dist-packages/colcon_core/task/python/colcon_distutils_commands:/home/donggun/S13P21A501/Embedded/install/turtlebot3_teleop/lib/python3.10/site-packages:${PYTHONPATH} /usr/bin/python3 -W ignore:setup.py install is deprecated -W ignore:easy_install command is deprecated setup.py egg_info --egg-base ../../../build/turtlebot3_teleop build --build-base /home/donggun/S13P21A501/Embedded/build/turtlebot3_teleop/build install --record /home/donggun/S13P21A501/Embedded/build/turtlebot3_teleop/install.log --single-version-externally-managed install_data
[3.572s] running egg_info
[3.595s] writing ../../../build/turtlebot3_teleop/turtlebot3_teleop.egg-info/PKG-INFO
[3.595s] writing dependency_links to ../../../build/turtlebot3_teleop/turtlebot3_teleop.egg-info/dependency_links.txt
[3.596s] writing entry points to ../../../build/turtlebot3_teleop/turtlebot3_teleop.egg-info/entry_points.txt
[3.596s] writing requirements to ../../../build/turtlebot3_teleop/turtlebot3_teleop.egg-info/requires.txt
[3.596s] writing top-level names to ../../../build/turtlebot3_teleop/turtlebot3_teleop.egg-info/top_level.txt
[3.640s] reading manifest file '../../../build/turtlebot3_teleop/turtlebot3_teleop.egg-info/SOURCES.txt'
[3.641s] writing manifest file '../../../build/turtlebot3_teleop/turtlebot3_teleop.egg-info/SOURCES.txt'
[3.641s] running build
[3.641s] running build_py
[3.642s] running install
[3.649s] running install_lib
[3.671s] running install_data
[3.671s] running install_egg_info
[3.693s] removing '/home/donggun/S13P21A501/Embedded/install/turtlebot3_teleop/lib/python3.10/site-packages/turtlebot3_teleop-2.3.3-py3.10.egg-info' (and everything under it)
[3.694s] Copying ../../../build/turtlebot3_teleop/turtlebot3_teleop.egg-info to /home/donggun/S13P21A501/Embedded/install/turtlebot3_teleop/lib/python3.10/site-packages/turtlebot3_teleop-2.3.3-py3.10.egg-info
[3.694s] running install_scripts
[3.778s] Installing teleop_keyboard script to /home/donggun/S13P21A501/Embedded/install/turtlebot3_teleop/lib/turtlebot3_teleop
[3.778s] writing list of installed files to '/home/donggun/S13P21A501/Embedded/build/turtlebot3_teleop/install.log'
[3.832s] Invoked command in '/home/donggun/S13P21A501/Embedded/src/turtlebot3/turtlebot3_teleop' returned '0': PYTHONPATH=/home/donggun/S13P21A501/Embedded/build/turtlebot3_teleop/prefix_override:/usr/lib/python3/dist-packages/colcon_core/task/python/colcon_distutils_commands:/home/donggun/S13P21A501/Embedded/install/turtlebot3_teleop/lib/python3.10/site-packages:${PYTHONPATH} /usr/bin/python3 -W ignore:setup.py install is deprecated -W ignore:easy_install command is deprecated setup.py egg_info --egg-base ../../../build/turtlebot3_teleop build --build-base /home/donggun/S13P21A501/Embedded/build/turtlebot3_teleop/build install --record /home/donggun/S13P21A501/Embedded/build/turtlebot3_teleop/install.log --single-version-externally-managed install_data
