[2.524s] Invoking command in '/home/hb/Git/Embedded/src/src/src': PYTHONPATH=/home/hb/Git/Embedded/build/delivery_interface/prefix_override:/usr/lib/python3/dist-packages/colcon_core/task/python/colcon_distutils_commands:/home/hb/Git/Embedded/install/delivery_interface/lib/python3.10/site-packages:${PYTHONPATH} /usr/bin/python3 -W ignore:setup.py install is deprecated -W ignore:easy_install command is deprecated setup.py egg_info --egg-base ../../../build/delivery_interface build --build-base /home/hb/Git/Embedded/build/delivery_interface/build install --record /home/hb/Git/Embedded/build/delivery_interface/install.log --single-version-externally-managed install_data
[3.078s] running egg_info
[3.082s] creating ../../../build/delivery_interface/delivery_interface.egg-info
[3.082s] writing ../../../build/delivery_interface/delivery_interface.egg-info/PKG-INFO
[3.082s] writing dependency_links to ../../../build/delivery_interface/delivery_interface.egg-info/dependency_links.txt
[3.083s] writing entry points to ../../../build/delivery_interface/delivery_interface.egg-info/entry_points.txt
[3.083s] writing requirements to ../../../build/delivery_interface/delivery_interface.egg-info/requires.txt
[3.083s] writing top-level names to ../../../build/delivery_interface/delivery_interface.egg-info/top_level.txt
[3.085s] writing manifest file '../../../build/delivery_interface/delivery_interface.egg-info/SOURCES.txt'
[3.086s] reading manifest file '../../../build/delivery_interface/delivery_interface.egg-info/SOURCES.txt'
[3.087s] writing manifest file '../../../build/delivery_interface/delivery_interface.egg-info/SOURCES.txt'
[3.087s] running build
[3.087s] running build_py
[3.087s] creating /home/hb/Git/Embedded/build/delivery_interface/build
[3.087s] creating /home/hb/Git/Embedded/build/delivery_interface/build/lib
[3.087s] creating /home/hb/Git/Embedded/build/delivery_interface/build/lib/delivery_interface
[3.087s] copying delivery_interface/__init__.py -> /home/hb/Git/Embedded/build/delivery_interface/build/lib/delivery_interface
[3.087s] running install
[3.087s] running install_lib
[3.087s] creating /home/hb/Git/Embedded/install/delivery_interface/lib/python3.10/site-packages/delivery_interface
[3.087s] copying /home/hb/Git/Embedded/build/delivery_interface/build/lib/delivery_interface/__init__.py -> /home/hb/Git/Embedded/install/delivery_interface/lib/python3.10/site-packages/delivery_interface
[3.089s] byte-compiling /home/hb/Git/Embedded/install/delivery_interface/lib/python3.10/site-packages/delivery_interface/__init__.py to __init__.cpython-310.pyc
[3.089s] running install_data
[3.091s] creating /home/hb/Git/Embedded/install/delivery_interface/share/ament_index
[3.091s] creating /home/hb/Git/Embedded/install/delivery_interface/share/ament_index/resource_index
[3.091s] creating /home/hb/Git/Embedded/install/delivery_interface/share/ament_index/resource_index/packages
[3.091s] copying resource/delivery_interface -> /home/hb/Git/Embedded/install/delivery_interface/share/ament_index/resource_index/packages
[3.091s] copying package.xml -> /home/hb/Git/Embedded/install/delivery_interface/share/delivery_interface
[3.091s] running install_egg_info
[3.093s] Copying ../../../build/delivery_interface/delivery_interface.egg-info to /home/hb/Git/Embedded/install/delivery_interface/lib/python3.10/site-packages/delivery_interface-0.0.0-py3.10.egg-info
[3.094s] running install_scripts
[3.133s] writing list of installed files to '/home/hb/Git/Embedded/build/delivery_interface/install.log'
[3.195s] Invoked command in '/home/hb/Git/Embedded/src/src/src' returned '0': PYTHONPATH=/home/hb/Git/Embedded/build/delivery_interface/prefix_override:/usr/lib/python3/dist-packages/colcon_core/task/python/colcon_distutils_commands:/home/hb/Git/Embedded/install/delivery_interface/lib/python3.10/site-packages:${PYTHONPATH} /usr/bin/python3 -W ignore:setup.py install is deprecated -W ignore:easy_install command is deprecated setup.py egg_info --egg-base ../../../build/delivery_interface build --build-base /home/hb/Git/Embedded/build/delivery_interface/build install --record /home/hb/Git/Embedded/build/delivery_interface/install.log --single-version-externally-managed install_data
