running egg_info
writing ../../build/robot_web_interface/robot_web_interface.egg-info/PKG-INFO
writing dependency_links to ../../build/robot_web_interface/robot_web_interface.egg-info/dependency_links.txt
writing entry points to ../../build/robot_web_interface/robot_web_interface.egg-info/entry_points.txt
writing requirements to ../../build/robot_web_interface/robot_web_interface.egg-info/requires.txt
writing top-level names to ../../build/robot_web_interface/robot_web_interface.egg-info/top_level.txt
reading manifest file '../../build/robot_web_interface/robot_web_interface.egg-info/SOURCES.txt'
writing manifest file '../../build/robot_web_interface/robot_web_interface.egg-info/SOURCES.txt'
running build
running build_py
running install
running install_lib
running install_data
running install_egg_info
removing '/home/donggun/S13P21A501/Embedded/install/robot_web_interface/lib/python3.10/site-packages/robot_web_interface-0.0.0-py3.10.egg-info' (and everything under it)
Copying ../../build/robot_web_interface/robot_web_interface.egg-info to /home/donggun/S13P21A501/Embedded/install/robot_web_interface/lib/python3.10/site-packages/robot_web_interface-0.0.0-py3.10.egg-info
running install_scripts
Installing delivery_address_client script to /home/donggun/S13P21A501/Embedded/install/robot_web_interface/lib/robot_web_interface
Installing robot_http_server script to /home/donggun/S13P21A501/Embedded/install/robot_web_interface/lib/robot_web_interface
Installing robot_status_client script to /home/donggun/S13P21A501/Embedded/install/robot_web_interface/lib/robot_web_interface
Installing robot_status_monitor script to /home/donggun/S13P21A501/Embedded/install/robot_web_interface/lib/robot_web_interface
Installing turtlebot_status_monitor script to /home/donggun/S13P21A501/Embedded/install/robot_web_interface/lib/robot_web_interface
writing list of installed files to '/home/donggun/S13P21A501/Embedded/build/robot_web_interface/install.log'
