[0.072s] Invoking command in '/home/donggun/S13P21A501/Embedded/build/dynamixel_sdk_examples': AMENT_PREFIX_PATH=/home/donggun/S13P21A501/Embedded/install/dynamixel_sdk_custom_interfaces:/home/donggun/S13P21A501/Embedded/install/dynamixel_sdk:${AMENT_PREFIX_PATH} CMAKE_PREFIX_PATH=/home/donggun/S13P21A501/Embedded/install/dynamixel_sdk_custom_interfaces:/home/donggun/S13P21A501/Embedded/install/dynamixel_sdk:/opt/ros/humble LD_LIBRARY_PATH=/home/donggun/S13P21A501/Embedded/install/dynamixel_sdk_custom_interfaces/lib:/home/donggun/S13P21A501/Embedded/install/dynamixel_sdk/lib:${LD_LIBRARY_PATH} PYTHONPATH=/home/donggun/S13P21A501/Embedded/install/dynamixel_sdk_custom_interfaces/local/lib/python3.10/dist-packages:/home/donggun/S13P21A501/Embedded/install/dynamixel_sdk/local/lib/python3.10/dist-packages:${PYTHONPATH} /usr/bin/cmake /home/donggun/S13P21A501/Embedded/src/DynamixelSDK/ros/dynamixel_sdk_examples -DCMAKE_INSTALL_PREFIX=/home/donggun/S13P21A501/Embedded/install/dynamixel_sdk_examples
[0.265s] -- The C compiler identification is GNU 11.4.0
[0.475s] -- The CXX compiler identification is GNU 11.4.0
[0.504s] -- Detecting C compiler ABI info
[0.643s] -- Detecting C compiler ABI info - done
[0.676s] -- Check for working C compiler: /usr/bin/cc - skipped
[0.676s] -- Detecting C compile features
[0.680s] -- Detecting C compile features - done
[0.694s] -- Detecting CXX compiler ABI info
[0.994s] -- Detecting CXX compiler ABI info - done
[1.039s] -- Check for working CXX compiler: /usr/bin/c++ - skipped
[1.040s] -- Detecting CXX compile features
[1.051s] -- Detecting CXX compile features - done
[1.059s] -- Found ament_cmake: 1.3.12 (/opt/ros/humble/share/ament_cmake/cmake)
[3.150s] -- Found Python3: /usr/bin/python3 (found version "3.10.12") found components: Interpreter 
[3.262s] -- Found dynamixel_sdk: 3.8.4 (/home/donggun/S13P21A501/Embedded/install/dynamixel_sdk/share/dynamixel_sdk/cmake)
[3.264s] -- Found dynamixel_sdk_custom_interfaces: 3.8.4 (/home/donggun/S13P21A501/Embedded/install/dynamixel_sdk_custom_interfaces/share/dynamixel_sdk_custom_interfaces/cmake)
[3.308s] -- Found rosidl_generator_c: 3.1.7 (/opt/ros/humble/share/rosidl_generator_c/cmake)
[3.314s] -- Found rosidl_adapter: 3.1.7 (/opt/ros/humble/share/rosidl_adapter/cmake)
[3.325s] -- Found rosidl_generator_cpp: 3.1.7 (/opt/ros/humble/share/rosidl_generator_cpp/cmake)
[3.340s] -- Using all available rosidl_typesupport_c: rosidl_typesupport_fastrtps_c;rosidl_typesupport_introspection_c
[3.360s] -- Using all available rosidl_typesupport_cpp: rosidl_typesupport_fastrtps_cpp;rosidl_typesupport_introspection_cpp
[3.391s] -- Found rclcpp: 16.0.14 (/opt/ros/humble/share/rclcpp/cmake)
[3.438s] -- Found rmw_implementation_cmake: 6.1.2 (/opt/ros/humble/share/rmw_implementation_cmake/cmake)
[3.442s] -- Found rmw_fastrtps_cpp: 6.2.8 (/opt/ros/humble/share/rmw_fastrtps_cpp/cmake)
[3.541s] -- Found OpenSSL: /usr/lib/x86_64-linux-gnu/libcrypto.so (found version "3.0.2")  
[3.594s] -- Found FastRTPS: /opt/ros/humble/include  
[3.666s] -- Using RMW implementation 'rmw_fastrtps_cpp' as default
[3.682s] -- Looking for pthread.h
[3.769s] -- Looking for pthread.h - found
[3.769s] -- Performing Test CMAKE_HAVE_LIBC_PTHREAD
[3.870s] -- Performing Test CMAKE_HAVE_LIBC_PTHREAD - Success
[3.871s] -- Found Threads: TRUE  
[3.971s] -- Found rclpy: 3.3.17 (/opt/ros/humble/share/rclpy/cmake)
[3.975s] -- Found ament_lint_auto: 0.12.14 (/opt/ros/humble/share/ament_lint_auto/cmake)
[4.185s] -- Added test 'copyright' to check source files copyright and LICENSE
[4.186s] -- Added test 'cppcheck' to perform static code analysis on C / C++ code
[4.187s] -- Configured cppcheck include dirs: /home/donggun/S13P21A501/Embedded/src/DynamixelSDK/ros/dynamixel_sdk_examples/include
[4.187s] -- Configured cppcheck exclude dirs and/or files: 
[4.189s] -- Added test 'cpplint' to check C / C++ code against the Google style
[4.189s] -- Configured cpplint exclude dirs and/or files: 
[4.190s] -- Added test 'flake8' to check Python code syntax and style conventions
[4.191s] -- Added test 'lint_cmake' to check CMake code style
[4.192s] -- Added test 'pep257' to check Python code against some of the docstring style conventions in PEP 257
[4.193s] -- Added test 'uncrustify' to check C / C++ code style
[4.194s] -- Configured uncrustify additional arguments: 
[4.194s] -- Added test 'xmllint' to check XML markup files
[4.197s] -- Configuring done
[4.212s] -- Generating done
[4.220s] -- Build files have been written to: /home/donggun/S13P21A501/Embedded/build/dynamixel_sdk_examples
[4.236s] Invoked command in '/home/donggun/S13P21A501/Embedded/build/dynamixel_sdk_examples' returned '0': AMENT_PREFIX_PATH=/home/donggun/S13P21A501/Embedded/install/dynamixel_sdk_custom_interfaces:/home/donggun/S13P21A501/Embedded/install/dynamixel_sdk:${AMENT_PREFIX_PATH} CMAKE_PREFIX_PATH=/home/donggun/S13P21A501/Embedded/install/dynamixel_sdk_custom_interfaces:/home/donggun/S13P21A501/Embedded/install/dynamixel_sdk:/opt/ros/humble LD_LIBRARY_PATH=/home/donggun/S13P21A501/Embedded/install/dynamixel_sdk_custom_interfaces/lib:/home/donggun/S13P21A501/Embedded/install/dynamixel_sdk/lib:${LD_LIBRARY_PATH} PYTHONPATH=/home/donggun/S13P21A501/Embedded/install/dynamixel_sdk_custom_interfaces/local/lib/python3.10/dist-packages:/home/donggun/S13P21A501/Embedded/install/dynamixel_sdk/local/lib/python3.10/dist-packages:${PYTHONPATH} /usr/bin/cmake /home/donggun/S13P21A501/Embedded/src/DynamixelSDK/ros/dynamixel_sdk_examples -DCMAKE_INSTALL_PREFIX=/home/donggun/S13P21A501/Embedded/install/dynamixel_sdk_examples
[4.243s] Invoking command in '/home/donggun/S13P21A501/Embedded/build/dynamixel_sdk_examples': AMENT_PREFIX_PATH=/home/donggun/S13P21A501/Embedded/install/dynamixel_sdk_custom_interfaces:/home/donggun/S13P21A501/Embedded/install/dynamixel_sdk:${AMENT_PREFIX_PATH} CMAKE_PREFIX_PATH=/home/donggun/S13P21A501/Embedded/install/dynamixel_sdk_custom_interfaces:/home/donggun/S13P21A501/Embedded/install/dynamixel_sdk:/opt/ros/humble LD_LIBRARY_PATH=/home/donggun/S13P21A501/Embedded/install/dynamixel_sdk_custom_interfaces/lib:/home/donggun/S13P21A501/Embedded/install/dynamixel_sdk/lib:${LD_LIBRARY_PATH} PYTHONPATH=/home/donggun/S13P21A501/Embedded/install/dynamixel_sdk_custom_interfaces/local/lib/python3.10/dist-packages:/home/donggun/S13P21A501/Embedded/install/dynamixel_sdk/local/lib/python3.10/dist-packages:${PYTHONPATH} /usr/bin/cmake --build /home/donggun/S13P21A501/Embedded/build/dynamixel_sdk_examples -- -j16 -l16
[4.320s] [ 50%] [32mBuilding CXX object CMakeFiles/read_write_node.dir/src/read_write_node.cpp.o[0m
[20.000s] [100%] [32m[1mLinking CXX executable read_write_node[0m
[20.870s] [100%] Built target read_write_node
[20.939s] Invoked command in '/home/donggun/S13P21A501/Embedded/build/dynamixel_sdk_examples' returned '0': AMENT_PREFIX_PATH=/home/donggun/S13P21A501/Embedded/install/dynamixel_sdk_custom_interfaces:/home/donggun/S13P21A501/Embedded/install/dynamixel_sdk:${AMENT_PREFIX_PATH} CMAKE_PREFIX_PATH=/home/donggun/S13P21A501/Embedded/install/dynamixel_sdk_custom_interfaces:/home/donggun/S13P21A501/Embedded/install/dynamixel_sdk:/opt/ros/humble LD_LIBRARY_PATH=/home/donggun/S13P21A501/Embedded/install/dynamixel_sdk_custom_interfaces/lib:/home/donggun/S13P21A501/Embedded/install/dynamixel_sdk/lib:${LD_LIBRARY_PATH} PYTHONPATH=/home/donggun/S13P21A501/Embedded/install/dynamixel_sdk_custom_interfaces/local/lib/python3.10/dist-packages:/home/donggun/S13P21A501/Embedded/install/dynamixel_sdk/local/lib/python3.10/dist-packages:${PYTHONPATH} /usr/bin/cmake --build /home/donggun/S13P21A501/Embedded/build/dynamixel_sdk_examples -- -j16 -l16
[20.942s] Invoking command in '/home/donggun/S13P21A501/Embedded/build/dynamixel_sdk_examples': AMENT_PREFIX_PATH=/home/donggun/S13P21A501/Embedded/install/dynamixel_sdk_custom_interfaces:/home/donggun/S13P21A501/Embedded/install/dynamixel_sdk:${AMENT_PREFIX_PATH} CMAKE_PREFIX_PATH=/home/donggun/S13P21A501/Embedded/install/dynamixel_sdk_custom_interfaces:/home/donggun/S13P21A501/Embedded/install/dynamixel_sdk:/opt/ros/humble LD_LIBRARY_PATH=/home/donggun/S13P21A501/Embedded/install/dynamixel_sdk_custom_interfaces/lib:/home/donggun/S13P21A501/Embedded/install/dynamixel_sdk/lib:${LD_LIBRARY_PATH} PYTHONPATH=/home/donggun/S13P21A501/Embedded/install/dynamixel_sdk_custom_interfaces/local/lib/python3.10/dist-packages:/home/donggun/S13P21A501/Embedded/install/dynamixel_sdk/local/lib/python3.10/dist-packages:${PYTHONPATH} /usr/bin/cmake --install /home/donggun/S13P21A501/Embedded/build/dynamixel_sdk_examples
[20.959s] -- Install configuration: ""
[20.959s] -- Installing: /home/donggun/S13P21A501/Embedded/install/dynamixel_sdk_examples/lib/dynamixel_sdk_examples/read_write_node
[20.961s] -- Set runtime path of "/home/donggun/S13P21A501/Embedded/install/dynamixel_sdk_examples/lib/dynamixel_sdk_examples/read_write_node" to ""
[20.962s] -- Installing: /home/donggun/S13P21A501/Embedded/install/dynamixel_sdk_examples/lib/dynamixel_sdk_examples/read_write_node.py
[20.962s] -- Installing: /home/donggun/S13P21A501/Embedded/install/dynamixel_sdk_examples/share/ament_index/resource_index/package_run_dependencies/dynamixel_sdk_examples
[20.962s] -- Installing: /home/donggun/S13P21A501/Embedded/install/dynamixel_sdk_examples/share/ament_index/resource_index/parent_prefix_path/dynamixel_sdk_examples
[20.962s] -- Installing: /home/donggun/S13P21A501/Embedded/install/dynamixel_sdk_examples/share/dynamixel_sdk_examples/environment/ament_prefix_path.sh
[20.963s] -- Installing: /home/donggun/S13P21A501/Embedded/install/dynamixel_sdk_examples/share/dynamixel_sdk_examples/environment/ament_prefix_path.dsv
[20.963s] -- Installing: /home/donggun/S13P21A501/Embedded/install/dynamixel_sdk_examples/share/dynamixel_sdk_examples/environment/path.sh
[20.963s] -- Installing: /home/donggun/S13P21A501/Embedded/install/dynamixel_sdk_examples/share/dynamixel_sdk_examples/environment/path.dsv
[20.963s] -- Installing: /home/donggun/S13P21A501/Embedded/install/dynamixel_sdk_examples/share/dynamixel_sdk_examples/local_setup.bash
[20.964s] -- Installing: /home/donggun/S13P21A501/Embedded/install/dynamixel_sdk_examples/share/dynamixel_sdk_examples/local_setup.sh
[20.964s] -- Installing: /home/donggun/S13P21A501/Embedded/install/dynamixel_sdk_examples/share/dynamixel_sdk_examples/local_setup.zsh
[20.964s] -- Installing: /home/donggun/S13P21A501/Embedded/install/dynamixel_sdk_examples/share/dynamixel_sdk_examples/local_setup.dsv
[20.964s] -- Installing: /home/donggun/S13P21A501/Embedded/install/dynamixel_sdk_examples/share/dynamixel_sdk_examples/package.dsv
[20.964s] -- Installing: /home/donggun/S13P21A501/Embedded/install/dynamixel_sdk_examples/share/ament_index/resource_index/packages/dynamixel_sdk_examples
[20.965s] -- Installing: /home/donggun/S13P21A501/Embedded/install/dynamixel_sdk_examples/share/dynamixel_sdk_examples/cmake/dynamixel_sdk_examplesConfig.cmake
[20.965s] -- Installing: /home/donggun/S13P21A501/Embedded/install/dynamixel_sdk_examples/share/dynamixel_sdk_examples/cmake/dynamixel_sdk_examplesConfig-version.cmake
[20.965s] -- Installing: /home/donggun/S13P21A501/Embedded/install/dynamixel_sdk_examples/share/dynamixel_sdk_examples/package.xml
[20.972s] Invoked command in '/home/donggun/S13P21A501/Embedded/build/dynamixel_sdk_examples' returned '0': AMENT_PREFIX_PATH=/home/donggun/S13P21A501/Embedded/install/dynamixel_sdk_custom_interfaces:/home/donggun/S13P21A501/Embedded/install/dynamixel_sdk:${AMENT_PREFIX_PATH} CMAKE_PREFIX_PATH=/home/donggun/S13P21A501/Embedded/install/dynamixel_sdk_custom_interfaces:/home/donggun/S13P21A501/Embedded/install/dynamixel_sdk:/opt/ros/humble LD_LIBRARY_PATH=/home/donggun/S13P21A501/Embedded/install/dynamixel_sdk_custom_interfaces/lib:/home/donggun/S13P21A501/Embedded/install/dynamixel_sdk/lib:${LD_LIBRARY_PATH} PYTHONPATH=/home/donggun/S13P21A501/Embedded/install/dynamixel_sdk_custom_interfaces/local/lib/python3.10/dist-packages:/home/donggun/S13P21A501/Embedded/install/dynamixel_sdk/local/lib/python3.10/dist-packages:${PYTHONPATH} /usr/bin/cmake --install /home/donggun/S13P21A501/Embedded/build/dynamixel_sdk_examples
