[0.054s] Invoking command in '/home/donggun/S13P21A501/Embedded/build/turtlebot3_description': CMAKE_PREFIX_PATH=/opt/ros/humble /usr/bin/cmake /home/donggun/S13P21A501/Embedded/src/turtlebot3/turtlebot3_description -DCMAKE_INSTALL_PREFIX=/home/donggun/S13P21A501/Embedded/install/turtlebot3_description
[2.679s] -- The C compiler identification is GNU 11.4.0
[2.679s] -- The CXX compiler identification is GNU 11.4.0
[2.679s] -- Detecting C compiler ABI info
[2.679s] -- Detecting C compiler ABI info - done
[2.679s] -- Check for working C compiler: /usr/bin/cc - skipped
[2.679s] -- Detecting C compile features
[2.679s] -- Detecting C compile features - done
[2.679s] -- Detecting CXX compiler ABI info
[2.679s] -- Detecting CXX compiler ABI info - done
[2.680s] -- Check for working CXX compiler: /usr/bin/c++ - skipped
[2.680s] -- Detecting CXX compile features
[2.680s] -- Detecting CXX compile features - done
[2.680s] -- Found ament_cmake: 1.3.12 (/opt/ros/humble/share/ament_cmake/cmake)
[2.680s] -- Found Python3: /usr/bin/python3 (found version "3.10.12") found components: Interpreter 
[2.680s] -- Found urdf: 2.6.1 (/opt/ros/humble/share/urdf/cmake)
[2.680s] -- Configuring done
[2.680s] -- Generating done
[2.680s] -- Build files have been written to: /home/donggun/S13P21A501/Embedded/build/turtlebot3_description
[2.702s] Invoked command in '/home/donggun/S13P21A501/Embedded/build/turtlebot3_description' returned '0': CMAKE_PREFIX_PATH=/opt/ros/humble /usr/bin/cmake /home/donggun/S13P21A501/Embedded/src/turtlebot3/turtlebot3_description -DCMAKE_INSTALL_PREFIX=/home/donggun/S13P21A501/Embedded/install/turtlebot3_description
[2.703s] Invoking command in '/home/donggun/S13P21A501/Embedded/build/turtlebot3_description': CMAKE_PREFIX_PATH=/opt/ros/humble /usr/bin/cmake --build /home/donggun/S13P21A501/Embedded/build/turtlebot3_description -- -j16 -l16
[2.764s] Invoked command in '/home/donggun/S13P21A501/Embedded/build/turtlebot3_description' returned '0': CMAKE_PREFIX_PATH=/opt/ros/humble /usr/bin/cmake --build /home/donggun/S13P21A501/Embedded/build/turtlebot3_description -- -j16 -l16
[2.765s] Invoking command in '/home/donggun/S13P21A501/Embedded/build/turtlebot3_description': CMAKE_PREFIX_PATH=/opt/ros/humble /usr/bin/cmake --install /home/donggun/S13P21A501/Embedded/build/turtlebot3_description
[2.796s] -- Install configuration: ""
[2.796s] -- Installing: /home/donggun/S13P21A501/Embedded/install/turtlebot3_description/share/turtlebot3_description/meshes
[2.797s] -- Installing: /home/donggun/S13P21A501/Embedded/install/turtlebot3_description/share/turtlebot3_description/meshes/wheels
[2.797s] -- Installing: /home/donggun/S13P21A501/Embedded/install/turtlebot3_description/share/turtlebot3_description/meshes/wheels/left_tire.stl
[2.797s] -- Installing: /home/donggun/S13P21A501/Embedded/install/turtlebot3_description/share/turtlebot3_description/meshes/wheels/right_tire.stl
[2.798s] -- Installing: /home/donggun/S13P21A501/Embedded/install/turtlebot3_description/share/turtlebot3_description/meshes/bases
[2.798s] -- Installing: /home/donggun/S13P21A501/Embedded/install/turtlebot3_description/share/turtlebot3_description/meshes/bases/waffle_base.stl
[2.857s] -- Installing: /home/donggun/S13P21A501/Embedded/install/turtlebot3_description/share/turtlebot3_description/meshes/bases/burger_base.stl
[2.858s] -- Installing: /home/donggun/S13P21A501/Embedded/install/turtlebot3_description/share/turtlebot3_description/meshes/bases/waffle_pi_base.stl
[2.879s] -- Installing: /home/donggun/S13P21A501/Embedded/install/turtlebot3_description/share/turtlebot3_description/meshes/sensors
[2.879s] -- Installing: /home/donggun/S13P21A501/Embedded/install/turtlebot3_description/share/turtlebot3_description/meshes/sensors/astra.dae
[2.898s] -- Installing: /home/donggun/S13P21A501/Embedded/install/turtlebot3_description/share/turtlebot3_description/meshes/sensors/astra.jpg
[2.907s] -- Installing: /home/donggun/S13P21A501/Embedded/install/turtlebot3_description/share/turtlebot3_description/meshes/sensors/lds.stl
[2.907s] -- Installing: /home/donggun/S13P21A501/Embedded/install/turtlebot3_description/share/turtlebot3_description/meshes/sensors/r200.jpg
[2.907s] -- Installing: /home/donggun/S13P21A501/Embedded/install/turtlebot3_description/share/turtlebot3_description/meshes/sensors/r200.dae
[2.907s] -- Installing: /home/donggun/S13P21A501/Embedded/install/turtlebot3_description/share/turtlebot3_description/rviz
[2.907s] -- Installing: /home/donggun/S13P21A501/Embedded/install/turtlebot3_description/share/turtlebot3_description/rviz/model.rviz
[2.915s] -- Installing: /home/donggun/S13P21A501/Embedded/install/turtlebot3_description/share/turtlebot3_description/urdf
[2.915s] -- Installing: /home/donggun/S13P21A501/Embedded/install/turtlebot3_description/share/turtlebot3_description/urdf/common_properties.urdf
[2.915s] -- Installing: /home/donggun/S13P21A501/Embedded/install/turtlebot3_description/share/turtlebot3_description/urdf/turtlebot3_waffle_pi.urdf
[2.915s] -- Installing: /home/donggun/S13P21A501/Embedded/install/turtlebot3_description/share/turtlebot3_description/urdf/turtlebot3_burger.urdf
[2.915s] -- Installing: /home/donggun/S13P21A501/Embedded/install/turtlebot3_description/share/turtlebot3_description/urdf/turtlebot3_waffle.urdf
[2.915s] -- Installing: /home/donggun/S13P21A501/Embedded/install/turtlebot3_description/share/ament_index/resource_index/package_run_dependencies/turtlebot3_description
[2.915s] -- Installing: /home/donggun/S13P21A501/Embedded/install/turtlebot3_description/share/ament_index/resource_index/parent_prefix_path/turtlebot3_description
[2.915s] -- Installing: /home/donggun/S13P21A501/Embedded/install/turtlebot3_description/share/turtlebot3_description/environment/ament_prefix_path.sh
[2.916s] -- Installing: /home/donggun/S13P21A501/Embedded/install/turtlebot3_description/share/turtlebot3_description/environment/ament_prefix_path.dsv
[2.916s] -- Installing: /home/donggun/S13P21A501/Embedded/install/turtlebot3_description/share/turtlebot3_description/environment/path.sh
[2.916s] -- Installing: /home/donggun/S13P21A501/Embedded/install/turtlebot3_description/share/turtlebot3_description/environment/path.dsv
[2.916s] -- Installing: /home/donggun/S13P21A501/Embedded/install/turtlebot3_description/share/turtlebot3_description/local_setup.bash
[2.916s] -- Installing: /home/donggun/S13P21A501/Embedded/install/turtlebot3_description/share/turtlebot3_description/local_setup.sh
[2.916s] -- Installing: /home/donggun/S13P21A501/Embedded/install/turtlebot3_description/share/turtlebot3_description/local_setup.zsh
[2.916s] -- Installing: /home/donggun/S13P21A501/Embedded/install/turtlebot3_description/share/turtlebot3_description/local_setup.dsv
[2.916s] -- Installing: /home/donggun/S13P21A501/Embedded/install/turtlebot3_description/share/turtlebot3_description/package.dsv
[2.916s] -- Installing: /home/donggun/S13P21A501/Embedded/install/turtlebot3_description/share/ament_index/resource_index/packages/turtlebot3_description
[2.916s] -- Installing: /home/donggun/S13P21A501/Embedded/install/turtlebot3_description/share/turtlebot3_description/cmake/turtlebot3_descriptionConfig.cmake
[2.917s] -- Installing: /home/donggun/S13P21A501/Embedded/install/turtlebot3_description/share/turtlebot3_description/cmake/turtlebot3_descriptionConfig-version.cmake
[2.921s] -- Installing: /home/donggun/S13P21A501/Embedded/install/turtlebot3_description/share/turtlebot3_description/package.xml
[3.130s] Invoked command in '/home/donggun/S13P21A501/Embedded/build/turtlebot3_description' returned '0': CMAKE_PREFIX_PATH=/opt/ros/humble /usr/bin/cmake --install /home/donggun/S13P21A501/Embedded/build/turtlebot3_description
