[2.227s] Invoking command in '/home/hb/Git/Embedded/src/app_navigation': PYTHONPATH=/home/hb/Git/Embedded/build/app_navigation/prefix_override:/usr/lib/python3/dist-packages/colcon_core/task/python/colcon_distutils_commands:/home/hb/Git/Embedded/install/app_navigation/lib/python3.10/site-packages:${PYTHONPATH} /usr/bin/python3 -W ignore:setup.py install is deprecated -W ignore:easy_install command is deprecated setup.py egg_info --egg-base ../../build/app_navigation build --build-base /home/hb/Git/Embedded/build/app_navigation/build install --record /home/hb/Git/Embedded/build/app_navigation/install.log --single-version-externally-managed install_data
[2.718s] running egg_info
[2.721s] writing ../../build/app_navigation/app_navigation.egg-info/PKG-INFO
[2.721s] writing dependency_links to ../../build/app_navigation/app_navigation.egg-info/dependency_links.txt
[2.722s] writing entry points to ../../build/app_navigation/app_navigation.egg-info/entry_points.txt
[2.722s] writing requirements to ../../build/app_navigation/app_navigation.egg-info/requires.txt
[2.723s] writing top-level names to ../../build/app_navigation/app_navigation.egg-info/top_level.txt
[2.725s] reading manifest file '../../build/app_navigation/app_navigation.egg-info/SOURCES.txt'
[2.726s] writing manifest file '../../build/app_navigation/app_navigation.egg-info/SOURCES.txt'
[2.726s] running build
[2.726s] running build_py
[2.727s] running install
[2.727s] running install_lib
[2.730s] running install_data
[2.730s] running install_egg_info
[2.734s] removing '/home/hb/Git/Embedded/install/app_navigation/lib/python3.10/site-packages/app_navigation-0.0.0-py3.10.egg-info' (and everything under it)
[2.735s] Copying ../../build/app_navigation/app_navigation.egg-info to /home/hb/Git/Embedded/install/app_navigation/lib/python3.10/site-packages/app_navigation-0.0.0-py3.10.egg-info
[2.735s] running install_scripts
[2.779s] Installing app_navigator script to /home/hb/Git/Embedded/install/app_navigation/bin
[2.779s] writing list of installed files to '/home/hb/Git/Embedded/build/app_navigation/install.log'
[2.827s] Invoked command in '/home/hb/Git/Embedded/src/app_navigation' returned '0': PYTHONPATH=/home/hb/Git/Embedded/build/app_navigation/prefix_override:/usr/lib/python3/dist-packages/colcon_core/task/python/colcon_distutils_commands:/home/hb/Git/Embedded/install/app_navigation/lib/python3.10/site-packages:${PYTHONPATH} /usr/bin/python3 -W ignore:setup.py install is deprecated -W ignore:easy_install command is deprecated setup.py egg_info --egg-base ../../build/app_navigation build --build-base /home/hb/Git/Embedded/build/app_navigation/build install --record /home/hb/Git/Embedded/build/app_navigation/install.log --single-version-externally-managed install_data
