[0.051s] Invoking command in '/home/hb/Git/Embedded/build/turtlebot3_navigation2': CMAKE_PREFIX_PATH=${CMAKE_PREFIX_PATH}:/home/hb/Git/Embedded/install/turtlebot3_teleop:/home/hb/Git/Embedded/install/turtlebot3_example:/home/hb/Git/Embedded/install/robot_web_interface:/home/hb/Git/Embedded/install/delivery_interface:/home/hb/Git/Embedded/install/app_navigation:/opt/ros/humble /usr/bin/cmake /home/hb/Git/Embedded/src/turtlebot3/turtlebot3_navigation2 -DCMAKE_INSTALL_PREFIX=/home/hb/Git/Embedded/install/turtlebot3_navigation2
[1.774s] -- The C compiler identification is GNU 11.4.0
[1.775s] -- The CXX compiler identification is GNU 11.4.0
[1.775s] -- Detecting C compiler ABI info
[1.775s] -- Detecting C compiler ABI info - done
[1.775s] -- Check for working C compiler: /usr/bin/cc - skipped
[1.775s] -- Detecting C compile features
[1.775s] -- Detecting C compile features - done
[1.775s] -- Detecting CXX compiler ABI info
[1.775s] -- Detecting CXX compiler ABI info - done
[1.775s] -- Check for working CXX compiler: /usr/bin/c++ - skipped
[1.775s] -- Detecting CXX compile features
[1.775s] -- Detecting CXX compile features - done
[1.775s] -- Found ament_cmake: 1.3.12 (/opt/ros/humble/share/ament_cmake/cmake)
[1.775s] -- Found Python3: /usr/bin/python3 (found version "3.10.12") found components: Interpreter 
[1.775s] -- Configuring done
[1.776s] -- Generating done
[1.776s] -- Build files have been written to: /home/hb/Git/Embedded/build/turtlebot3_navigation2
[1.778s] Invoked command in '/home/hb/Git/Embedded/build/turtlebot3_navigation2' returned '0': CMAKE_PREFIX_PATH=${CMAKE_PREFIX_PATH}:/home/hb/Git/Embedded/install/turtlebot3_teleop:/home/hb/Git/Embedded/install/turtlebot3_example:/home/hb/Git/Embedded/install/robot_web_interface:/home/hb/Git/Embedded/install/delivery_interface:/home/hb/Git/Embedded/install/app_navigation:/opt/ros/humble /usr/bin/cmake /home/hb/Git/Embedded/src/turtlebot3/turtlebot3_navigation2 -DCMAKE_INSTALL_PREFIX=/home/hb/Git/Embedded/install/turtlebot3_navigation2
[1.780s] Invoking command in '/home/hb/Git/Embedded/build/turtlebot3_navigation2': CMAKE_PREFIX_PATH=${CMAKE_PREFIX_PATH}:/home/hb/Git/Embedded/install/turtlebot3_teleop:/home/hb/Git/Embedded/install/turtlebot3_example:/home/hb/Git/Embedded/install/robot_web_interface:/home/hb/Git/Embedded/install/delivery_interface:/home/hb/Git/Embedded/install/app_navigation:/opt/ros/humble /usr/bin/cmake --build /home/hb/Git/Embedded/build/turtlebot3_navigation2 -- -j16 -l16
[1.877s] Invoked command in '/home/hb/Git/Embedded/build/turtlebot3_navigation2' returned '0': CMAKE_PREFIX_PATH=${CMAKE_PREFIX_PATH}:/home/hb/Git/Embedded/install/turtlebot3_teleop:/home/hb/Git/Embedded/install/turtlebot3_example:/home/hb/Git/Embedded/install/robot_web_interface:/home/hb/Git/Embedded/install/delivery_interface:/home/hb/Git/Embedded/install/app_navigation:/opt/ros/humble /usr/bin/cmake --build /home/hb/Git/Embedded/build/turtlebot3_navigation2 -- -j16 -l16
[1.879s] Invoking command in '/home/hb/Git/Embedded/build/turtlebot3_navigation2': CMAKE_PREFIX_PATH=${CMAKE_PREFIX_PATH}:/home/hb/Git/Embedded/install/turtlebot3_teleop:/home/hb/Git/Embedded/install/turtlebot3_example:/home/hb/Git/Embedded/install/robot_web_interface:/home/hb/Git/Embedded/install/delivery_interface:/home/hb/Git/Embedded/install/app_navigation:/opt/ros/humble /usr/bin/cmake --install /home/hb/Git/Embedded/build/turtlebot3_navigation2
[1.922s] -- Install configuration: ""
[1.922s] -- Installing: /home/hb/Git/Embedded/install/turtlebot3_navigation2/share/turtlebot3_navigation2/launch
[1.923s] -- Installing: /home/hb/Git/Embedded/install/turtlebot3_navigation2/share/turtlebot3_navigation2/launch/navigation2.launch.py
[1.923s] -- Installing: /home/hb/Git/Embedded/install/turtlebot3_navigation2/share/turtlebot3_navigation2/map
[1.923s] -- Installing: /home/hb/Git/Embedded/install/turtlebot3_navigation2/share/turtlebot3_navigation2/map/map.pgm
[1.923s] -- Installing: /home/hb/Git/Embedded/install/turtlebot3_navigation2/share/turtlebot3_navigation2/map/map.yaml
[1.923s] -- Installing: /home/hb/Git/Embedded/install/turtlebot3_navigation2/share/turtlebot3_navigation2/param
[1.923s] -- Installing: /home/hb/Git/Embedded/install/turtlebot3_navigation2/share/turtlebot3_navigation2/param/burger_cam.yaml
[1.924s] -- Installing: /home/hb/Git/Embedded/install/turtlebot3_navigation2/share/turtlebot3_navigation2/param/humble
[1.937s] -- Installing: /home/hb/Git/Embedded/install/turtlebot3_navigation2/share/turtlebot3_navigation2/param/humble/burger_cam.yaml
[1.937s] -- Installing: /home/hb/Git/Embedded/install/turtlebot3_navigation2/share/turtlebot3_navigation2/param/humble/burger.yaml
[1.937s] -- Installing: /home/hb/Git/Embedded/install/turtlebot3_navigation2/share/turtlebot3_navigation2/param/humble/waffle.yaml
[1.937s] -- Installing: /home/hb/Git/Embedded/install/turtlebot3_navigation2/share/turtlebot3_navigation2/param/humble/waffle_pi.yaml
[1.937s] -- Installing: /home/hb/Git/Embedded/install/turtlebot3_navigation2/share/turtlebot3_navigation2/param/burger.yaml
[1.937s] -- Installing: /home/hb/Git/Embedded/install/turtlebot3_navigation2/share/turtlebot3_navigation2/param/waffle.yaml
[1.937s] -- Installing: /home/hb/Git/Embedded/install/turtlebot3_navigation2/share/turtlebot3_navigation2/param/waffle_pi.yaml
[1.937s] -- Installing: /home/hb/Git/Embedded/install/turtlebot3_navigation2/share/turtlebot3_navigation2/rviz
[1.938s] -- Installing: /home/hb/Git/Embedded/install/turtlebot3_navigation2/share/turtlebot3_navigation2/rviz/tb3_navigation2.rviz
[1.938s] -- Installing: /home/hb/Git/Embedded/install/turtlebot3_navigation2/share/ament_index/resource_index/package_run_dependencies/turtlebot3_navigation2
[1.938s] -- Installing: /home/hb/Git/Embedded/install/turtlebot3_navigation2/share/ament_index/resource_index/parent_prefix_path/turtlebot3_navigation2
[1.939s] -- Installing: /home/hb/Git/Embedded/install/turtlebot3_navigation2/share/turtlebot3_navigation2/environment/ament_prefix_path.sh
[1.946s] -- Installing: /home/hb/Git/Embedded/install/turtlebot3_navigation2/share/turtlebot3_navigation2/environment/ament_prefix_path.dsv
[1.946s] -- Installing: /home/hb/Git/Embedded/install/turtlebot3_navigation2/share/turtlebot3_navigation2/environment/path.sh
[1.947s] -- Installing: /home/hb/Git/Embedded/install/turtlebot3_navigation2/share/turtlebot3_navigation2/environment/path.dsv
[1.947s] -- Installing: /home/hb/Git/Embedded/install/turtlebot3_navigation2/share/turtlebot3_navigation2/local_setup.bash
[1.947s] -- Installing: /home/hb/Git/Embedded/install/turtlebot3_navigation2/share/turtlebot3_navigation2/local_setup.sh
[1.947s] -- Installing: /home/hb/Git/Embedded/install/turtlebot3_navigation2/share/turtlebot3_navigation2/local_setup.zsh
[1.951s] -- Installing: /home/hb/Git/Embedded/install/turtlebot3_navigation2/share/turtlebot3_navigation2/local_setup.dsv
[1.951s] -- Installing: /home/hb/Git/Embedded/install/turtlebot3_navigation2/share/turtlebot3_navigation2/package.dsv
[1.951s] -- Installing: /home/hb/Git/Embedded/install/turtlebot3_navigation2/share/ament_index/resource_index/packages/turtlebot3_navigation2
[1.951s] -- Installing: /home/hb/Git/Embedded/install/turtlebot3_navigation2/share/turtlebot3_navigation2/cmake/turtlebot3_navigation2Config.cmake
[1.951s] -- Installing: /home/hb/Git/Embedded/install/turtlebot3_navigation2/share/turtlebot3_navigation2/cmake/turtlebot3_navigation2Config-version.cmake
[1.951s] -- Installing: /home/hb/Git/Embedded/install/turtlebot3_navigation2/share/turtlebot3_navigation2/package.xml
[2.173s] Invoked command in '/home/hb/Git/Embedded/build/turtlebot3_navigation2' returned '0': CMAKE_PREFIX_PATH=${CMAKE_PREFIX_PATH}:/home/hb/Git/Embedded/install/turtlebot3_teleop:/home/hb/Git/Embedded/install/turtlebot3_example:/home/hb/Git/Embedded/install/robot_web_interface:/home/hb/Git/Embedded/install/delivery_interface:/home/hb/Git/Embedded/install/app_navigation:/opt/ros/humble /usr/bin/cmake --install /home/hb/Git/Embedded/build/turtlebot3_navigation2
