[0.051s] Invoking command in '/home/hb/Git/Embedded/build/turtlebot3_manipulation_cartographer': CMAKE_PREFIX_PATH=${CMAKE_PREFIX_PATH}:/home/hb/Git/Embedded/install/turtlebot3_teleop:/home/hb/Git/Embedded/install/turtlebot3_example:/home/hb/Git/Embedded/install/robot_web_interface:/home/hb/Git/Embedded/install/delivery_interface:/home/hb/Git/Embedded/install/app_navigation:/opt/ros/humble /usr/bin/cmake /home/hb/Git/Embedded/src/turtlebot3_manipulation/turtlebot3_manipulation_cartographer -DCMAKE_INSTALL_PREFIX=/home/hb/Git/Embedded/install/turtlebot3_manipulation_cartographer
[1.779s] -- The C compiler identification is GNU 11.4.0
[1.779s] -- The CXX compiler identification is GNU 11.4.0
[1.779s] -- Detecting C compiler ABI info
[1.779s] -- Detecting C compiler ABI info - done
[1.779s] -- Check for working C compiler: /usr/bin/cc - skipped
[1.779s] -- Detecting C compile features
[1.779s] -- Detecting C compile features - done
[1.779s] -- Detecting CXX compiler ABI info
[1.779s] -- Detecting CXX compiler ABI info - done
[1.779s] -- Check for working CXX compiler: /usr/bin/c++ - skipped
[1.779s] -- Detecting CXX compile features
[1.779s] -- Detecting CXX compile features - done
[1.779s] -- Found ament_cmake: 1.3.12 (/opt/ros/humble/share/ament_cmake/cmake)
[1.780s] -- Found Python3: /usr/bin/python3 (found version "3.10.12") found components: Interpreter 
[1.780s] -- Configuring done
[1.780s] -- Generating done
[1.780s] -- Build files have been written to: /home/hb/Git/Embedded/build/turtlebot3_manipulation_cartographer
[1.795s] Invoked command in '/home/hb/Git/Embedded/build/turtlebot3_manipulation_cartographer' returned '0': CMAKE_PREFIX_PATH=${CMAKE_PREFIX_PATH}:/home/hb/Git/Embedded/install/turtlebot3_teleop:/home/hb/Git/Embedded/install/turtlebot3_example:/home/hb/Git/Embedded/install/robot_web_interface:/home/hb/Git/Embedded/install/delivery_interface:/home/hb/Git/Embedded/install/app_navigation:/opt/ros/humble /usr/bin/cmake /home/hb/Git/Embedded/src/turtlebot3_manipulation/turtlebot3_manipulation_cartographer -DCMAKE_INSTALL_PREFIX=/home/hb/Git/Embedded/install/turtlebot3_manipulation_cartographer
[1.798s] Invoking command in '/home/hb/Git/Embedded/build/turtlebot3_manipulation_cartographer': CMAKE_PREFIX_PATH=${CMAKE_PREFIX_PATH}:/home/hb/Git/Embedded/install/turtlebot3_teleop:/home/hb/Git/Embedded/install/turtlebot3_example:/home/hb/Git/Embedded/install/robot_web_interface:/home/hb/Git/Embedded/install/delivery_interface:/home/hb/Git/Embedded/install/app_navigation:/opt/ros/humble /usr/bin/cmake --build /home/hb/Git/Embedded/build/turtlebot3_manipulation_cartographer -- -j16 -l16
[1.874s] Invoked command in '/home/hb/Git/Embedded/build/turtlebot3_manipulation_cartographer' returned '0': CMAKE_PREFIX_PATH=${CMAKE_PREFIX_PATH}:/home/hb/Git/Embedded/install/turtlebot3_teleop:/home/hb/Git/Embedded/install/turtlebot3_example:/home/hb/Git/Embedded/install/robot_web_interface:/home/hb/Git/Embedded/install/delivery_interface:/home/hb/Git/Embedded/install/app_navigation:/opt/ros/humble /usr/bin/cmake --build /home/hb/Git/Embedded/build/turtlebot3_manipulation_cartographer -- -j16 -l16
[1.881s] Invoking command in '/home/hb/Git/Embedded/build/turtlebot3_manipulation_cartographer': CMAKE_PREFIX_PATH=${CMAKE_PREFIX_PATH}:/home/hb/Git/Embedded/install/turtlebot3_teleop:/home/hb/Git/Embedded/install/turtlebot3_example:/home/hb/Git/Embedded/install/robot_web_interface:/home/hb/Git/Embedded/install/delivery_interface:/home/hb/Git/Embedded/install/app_navigation:/opt/ros/humble /usr/bin/cmake --install /home/hb/Git/Embedded/build/turtlebot3_manipulation_cartographer
[1.922s] -- Install configuration: ""
[1.923s] -- Installing: /home/hb/Git/Embedded/install/turtlebot3_manipulation_cartographer/share/turtlebot3_manipulation_cartographer/config
[1.923s] -- Installing: /home/hb/Git/Embedded/install/turtlebot3_manipulation_cartographer/share/turtlebot3_manipulation_cartographer/config/turtlebot3_2d.lua
[1.923s] -- Installing: /home/hb/Git/Embedded/install/turtlebot3_manipulation_cartographer/share/turtlebot3_manipulation_cartographer/launch
[1.923s] -- Installing: /home/hb/Git/Embedded/install/turtlebot3_manipulation_cartographer/share/turtlebot3_manipulation_cartographer/launch/cartographer.launch.py
[1.923s] -- Installing: /home/hb/Git/Embedded/install/turtlebot3_manipulation_cartographer/share/turtlebot3_manipulation_cartographer/rviz
[1.923s] -- Installing: /home/hb/Git/Embedded/install/turtlebot3_manipulation_cartographer/share/turtlebot3_manipulation_cartographer/rviz/cartographer.rviz
[1.923s] -- Installing: /home/hb/Git/Embedded/install/turtlebot3_manipulation_cartographer/share/ament_index/resource_index/package_run_dependencies/turtlebot3_manipulation_cartographer
[1.923s] -- Installing: /home/hb/Git/Embedded/install/turtlebot3_manipulation_cartographer/share/ament_index/resource_index/parent_prefix_path/turtlebot3_manipulation_cartographer
[1.923s] -- Installing: /home/hb/Git/Embedded/install/turtlebot3_manipulation_cartographer/share/turtlebot3_manipulation_cartographer/environment/ament_prefix_path.sh
[1.923s] -- Installing: /home/hb/Git/Embedded/install/turtlebot3_manipulation_cartographer/share/turtlebot3_manipulation_cartographer/environment/ament_prefix_path.dsv
[1.924s] -- Installing: /home/hb/Git/Embedded/install/turtlebot3_manipulation_cartographer/share/turtlebot3_manipulation_cartographer/environment/path.sh
[1.924s] -- Installing: /home/hb/Git/Embedded/install/turtlebot3_manipulation_cartographer/share/turtlebot3_manipulation_cartographer/environment/path.dsv
[1.932s] -- Installing: /home/hb/Git/Embedded/install/turtlebot3_manipulation_cartographer/share/turtlebot3_manipulation_cartographer/local_setup.bash
[1.932s] -- Installing: /home/hb/Git/Embedded/install/turtlebot3_manipulation_cartographer/share/turtlebot3_manipulation_cartographer/local_setup.sh
[1.933s] -- Installing: /home/hb/Git/Embedded/install/turtlebot3_manipulation_cartographer/share/turtlebot3_manipulation_cartographer/local_setup.zsh
[1.947s] -- Installing: /home/hb/Git/Embedded/install/turtlebot3_manipulation_cartographer/share/turtlebot3_manipulation_cartographer/local_setup.dsv
[1.947s] -- Installing: /home/hb/Git/Embedded/install/turtlebot3_manipulation_cartographer/share/turtlebot3_manipulation_cartographer/package.dsv
[1.947s] -- Installing: /home/hb/Git/Embedded/install/turtlebot3_manipulation_cartographer/share/ament_index/resource_index/packages/turtlebot3_manipulation_cartographer
[1.947s] -- Installing: /home/hb/Git/Embedded/install/turtlebot3_manipulation_cartographer/share/turtlebot3_manipulation_cartographer/cmake/turtlebot3_manipulation_cartographerConfig.cmake
[1.947s] -- Installing: /home/hb/Git/Embedded/install/turtlebot3_manipulation_cartographer/share/turtlebot3_manipulation_cartographer/cmake/turtlebot3_manipulation_cartographerConfig-version.cmake
[1.947s] -- Installing: /home/hb/Git/Embedded/install/turtlebot3_manipulation_cartographer/share/turtlebot3_manipulation_cartographer/package.xml
[2.038s] Invoked command in '/home/hb/Git/Embedded/build/turtlebot3_manipulation_cartographer' returned '0': CMAKE_PREFIX_PATH=${CMAKE_PREFIX_PATH}:/home/hb/Git/Embedded/install/turtlebot3_teleop:/home/hb/Git/Embedded/install/turtlebot3_example:/home/hb/Git/Embedded/install/robot_web_interface:/home/hb/Git/Embedded/install/delivery_interface:/home/hb/Git/Embedded/install/app_navigation:/opt/ros/humble /usr/bin/cmake --install /home/hb/Git/Embedded/build/turtlebot3_manipulation_cartographer
