[0.055s] Invoking command in '/home/hb/Git/Embedded/build/turtlebot3_manipulation_description': CMAKE_PREFIX_PATH=${CMAKE_PREFIX_PATH}:/home/hb/Git/Embedded/install/turtlebot3_teleop:/home/hb/Git/Embedded/install/turtlebot3_example:/home/hb/Git/Embedded/install/robot_web_interface:/home/hb/Git/Embedded/install/delivery_interface:/home/hb/Git/Embedded/install/app_navigation:/opt/ros/humble /usr/bin/cmake /home/hb/Git/Embedded/src/turtlebot3_manipulation/turtlebot3_manipulation_description -DCMAKE_INSTALL_PREFIX=/home/hb/Git/Embedded/install/turtlebot3_manipulation_description
[1.784s] -- The C compiler identification is GNU 11.4.0
[1.785s] -- The CXX compiler identification is GNU 11.4.0
[1.785s] -- Detecting C compiler ABI info
[1.785s] -- Detecting C compiler ABI info - done
[1.785s] -- Check for working C compiler: /usr/bin/cc - skipped
[1.785s] -- Detecting C compile features
[1.785s] -- Detecting C compile features - done
[1.786s] -- Detecting CXX compiler ABI info
[1.786s] -- Detecting CXX compiler ABI info - done
[1.786s] -- Check for working CXX compiler: /usr/bin/c++ - skipped
[1.786s] -- Detecting CXX compile features
[1.786s] -- Detecting CXX compile features - done
[1.786s] -- Found ament_cmake: 1.3.12 (/opt/ros/humble/share/ament_cmake/cmake)
[1.786s] -- Found Python3: /usr/bin/python3 (found version "3.10.12") found components: Interpreter 
[1.786s] -- Configuring done
[1.786s] -- Generating done
[1.786s] -- Build files have been written to: /home/hb/Git/Embedded/build/turtlebot3_manipulation_description
[1.802s] Invoked command in '/home/hb/Git/Embedded/build/turtlebot3_manipulation_description' returned '0': CMAKE_PREFIX_PATH=${CMAKE_PREFIX_PATH}:/home/hb/Git/Embedded/install/turtlebot3_teleop:/home/hb/Git/Embedded/install/turtlebot3_example:/home/hb/Git/Embedded/install/robot_web_interface:/home/hb/Git/Embedded/install/delivery_interface:/home/hb/Git/Embedded/install/app_navigation:/opt/ros/humble /usr/bin/cmake /home/hb/Git/Embedded/src/turtlebot3_manipulation/turtlebot3_manipulation_description -DCMAKE_INSTALL_PREFIX=/home/hb/Git/Embedded/install/turtlebot3_manipulation_description
[1.804s] Invoking command in '/home/hb/Git/Embedded/build/turtlebot3_manipulation_description': CMAKE_PREFIX_PATH=${CMAKE_PREFIX_PATH}:/home/hb/Git/Embedded/install/turtlebot3_teleop:/home/hb/Git/Embedded/install/turtlebot3_example:/home/hb/Git/Embedded/install/robot_web_interface:/home/hb/Git/Embedded/install/delivery_interface:/home/hb/Git/Embedded/install/app_navigation:/opt/ros/humble /usr/bin/cmake --build /home/hb/Git/Embedded/build/turtlebot3_manipulation_description -- -j16 -l16
[1.860s] Invoked command in '/home/hb/Git/Embedded/build/turtlebot3_manipulation_description' returned '0': CMAKE_PREFIX_PATH=${CMAKE_PREFIX_PATH}:/home/hb/Git/Embedded/install/turtlebot3_teleop:/home/hb/Git/Embedded/install/turtlebot3_example:/home/hb/Git/Embedded/install/robot_web_interface:/home/hb/Git/Embedded/install/delivery_interface:/home/hb/Git/Embedded/install/app_navigation:/opt/ros/humble /usr/bin/cmake --build /home/hb/Git/Embedded/build/turtlebot3_manipulation_description -- -j16 -l16
[1.875s] Invoking command in '/home/hb/Git/Embedded/build/turtlebot3_manipulation_description': CMAKE_PREFIX_PATH=${CMAKE_PREFIX_PATH}:/home/hb/Git/Embedded/install/turtlebot3_teleop:/home/hb/Git/Embedded/install/turtlebot3_example:/home/hb/Git/Embedded/install/robot_web_interface:/home/hb/Git/Embedded/install/delivery_interface:/home/hb/Git/Embedded/install/app_navigation:/opt/ros/humble /usr/bin/cmake --install /home/hb/Git/Embedded/build/turtlebot3_manipulation_description
[1.896s] -- Install configuration: ""
[1.896s] -- Installing: /home/hb/Git/Embedded/install/turtlebot3_manipulation_description/share/turtlebot3_manipulation_description/launch
[1.896s] -- Installing: /home/hb/Git/Embedded/install/turtlebot3_manipulation_description/share/turtlebot3_manipulation_description/launch/model.launch.py
[1.897s] -- Installing: /home/hb/Git/Embedded/install/turtlebot3_manipulation_description/share/turtlebot3_manipulation_description/rviz
[1.900s] -- Installing: /home/hb/Git/Embedded/install/turtlebot3_manipulation_description/share/turtlebot3_manipulation_description/rviz/model.rviz
[1.900s] -- Installing: /home/hb/Git/Embedded/install/turtlebot3_manipulation_description/share/turtlebot3_manipulation_description/urdf
[1.901s] -- Installing: /home/hb/Git/Embedded/install/turtlebot3_manipulation_description/share/turtlebot3_manipulation_description/urdf/turtlebot3_manipulation.urdf.xacro
[1.901s] -- Installing: /home/hb/Git/Embedded/install/turtlebot3_manipulation_description/share/turtlebot3_manipulation_description/urdf/open_manipulator_x.urdf.xacro
[1.901s] -- Installing: /home/hb/Git/Embedded/install/turtlebot3_manipulation_description/share/turtlebot3_manipulation_description/urdf/turtlebot3_waffle_pi.urdf.xacro
[1.901s] -- Installing: /home/hb/Git/Embedded/install/turtlebot3_manipulation_description/share/turtlebot3_manipulation_description/meshes
[1.901s] -- Installing: /home/hb/Git/Embedded/install/turtlebot3_manipulation_description/share/turtlebot3_manipulation_description/meshes/turtlebot3_waffle_pi
[1.901s] -- Installing: /home/hb/Git/Embedded/install/turtlebot3_manipulation_description/share/turtlebot3_manipulation_description/meshes/turtlebot3_waffle_pi/right_tire.stl
[1.911s] -- Installing: /home/hb/Git/Embedded/install/turtlebot3_manipulation_description/share/turtlebot3_manipulation_description/meshes/turtlebot3_waffle_pi/left_tire.stl
[1.916s] -- Installing: /home/hb/Git/Embedded/install/turtlebot3_manipulation_description/share/turtlebot3_manipulation_description/meshes/turtlebot3_waffle_pi/ladar.stl
[1.918s] -- Installing: /home/hb/Git/Embedded/install/turtlebot3_manipulation_description/share/turtlebot3_manipulation_description/meshes/turtlebot3_waffle_pi/base.stl
[1.932s] -- Installing: /home/hb/Git/Embedded/install/turtlebot3_manipulation_description/share/turtlebot3_manipulation_description/meshes/open_manipulator_x
[1.932s] -- Installing: /home/hb/Git/Embedded/install/turtlebot3_manipulation_description/share/turtlebot3_manipulation_description/meshes/open_manipulator_x/link3.stl
[1.947s] -- Installing: /home/hb/Git/Embedded/install/turtlebot3_manipulation_description/share/turtlebot3_manipulation_description/meshes/open_manipulator_x/link5.stl
[1.947s] -- Installing: /home/hb/Git/Embedded/install/turtlebot3_manipulation_description/share/turtlebot3_manipulation_description/meshes/open_manipulator_x/link2.stl
[1.948s] -- Installing: /home/hb/Git/Embedded/install/turtlebot3_manipulation_description/share/turtlebot3_manipulation_description/meshes/open_manipulator_x/gripper_right_palm.stl
[1.948s] -- Installing: /home/hb/Git/Embedded/install/turtlebot3_manipulation_description/share/turtlebot3_manipulation_description/meshes/open_manipulator_x/link1.stl
[1.948s] -- Installing: /home/hb/Git/Embedded/install/turtlebot3_manipulation_description/share/turtlebot3_manipulation_description/meshes/open_manipulator_x/gripper_left_palm.stl
[1.948s] -- Installing: /home/hb/Git/Embedded/install/turtlebot3_manipulation_description/share/turtlebot3_manipulation_description/meshes/open_manipulator_x/link4.stl
[1.948s] -- Installing: /home/hb/Git/Embedded/install/turtlebot3_manipulation_description/share/turtlebot3_manipulation_description/ros2_control
[1.948s] -- Installing: /home/hb/Git/Embedded/install/turtlebot3_manipulation_description/share/turtlebot3_manipulation_description/ros2_control/turtlebot3_manipulation_system.ros2_control.xacro
[1.949s] -- Installing: /home/hb/Git/Embedded/install/turtlebot3_manipulation_description/share/turtlebot3_manipulation_description/gazebo
[1.949s] -- Installing: /home/hb/Git/Embedded/install/turtlebot3_manipulation_description/share/turtlebot3_manipulation_description/gazebo/open_manipulator_x.gazebo.xacro
[1.949s] -- Installing: /home/hb/Git/Embedded/install/turtlebot3_manipulation_description/share/turtlebot3_manipulation_description/gazebo/turtlebot3_waffle_pi.gazebo.xacro
[1.949s] -- Installing: /home/hb/Git/Embedded/install/turtlebot3_manipulation_description/share/turtlebot3_manipulation_description/gazebo/materials.xacro
[1.949s] -- Installing: /home/hb/Git/Embedded/install/turtlebot3_manipulation_description/share/ament_index/resource_index/package_run_dependencies/turtlebot3_manipulation_description
[1.949s] -- Installing: /home/hb/Git/Embedded/install/turtlebot3_manipulation_description/share/ament_index/resource_index/parent_prefix_path/turtlebot3_manipulation_description
[1.950s] -- Installing: /home/hb/Git/Embedded/install/turtlebot3_manipulation_description/share/turtlebot3_manipulation_description/environment/ament_prefix_path.sh
[1.950s] -- Installing: /home/hb/Git/Embedded/install/turtlebot3_manipulation_description/share/turtlebot3_manipulation_description/environment/ament_prefix_path.dsv
[1.950s] -- Installing: /home/hb/Git/Embedded/install/turtlebot3_manipulation_description/share/turtlebot3_manipulation_description/environment/path.sh
[1.964s] -- Installing: /home/hb/Git/Embedded/install/turtlebot3_manipulation_description/share/turtlebot3_manipulation_description/environment/path.dsv
[1.964s] -- Installing: /home/hb/Git/Embedded/install/turtlebot3_manipulation_description/share/turtlebot3_manipulation_description/local_setup.bash
[1.964s] -- Installing: /home/hb/Git/Embedded/install/turtlebot3_manipulation_description/share/turtlebot3_manipulation_description/local_setup.sh
[1.965s] -- Installing: /home/hb/Git/Embedded/install/turtlebot3_manipulation_description/share/turtlebot3_manipulation_description/local_setup.zsh
[1.965s] -- Installing: /home/hb/Git/Embedded/install/turtlebot3_manipulation_description/share/turtlebot3_manipulation_description/local_setup.dsv
[1.965s] -- Installing: /home/hb/Git/Embedded/install/turtlebot3_manipulation_description/share/turtlebot3_manipulation_description/package.dsv
[1.965s] -- Installing: /home/hb/Git/Embedded/install/turtlebot3_manipulation_description/share/ament_index/resource_index/packages/turtlebot3_manipulation_description
[1.970s] -- Installing: /home/hb/Git/Embedded/install/turtlebot3_manipulation_description/share/turtlebot3_manipulation_description/cmake/turtlebot3_manipulation_descriptionConfig.cmake
[1.971s] -- Installing: /home/hb/Git/Embedded/install/turtlebot3_manipulation_description/share/turtlebot3_manipulation_description/cmake/turtlebot3_manipulation_descriptionConfig-version.cmake
[1.971s] -- Installing: /home/hb/Git/Embedded/install/turtlebot3_manipulation_description/share/turtlebot3_manipulation_description/package.xml
[2.104s] Invoked command in '/home/hb/Git/Embedded/build/turtlebot3_manipulation_description' returned '0': CMAKE_PREFIX_PATH=${CMAKE_PREFIX_PATH}:/home/hb/Git/Embedded/install/turtlebot3_teleop:/home/hb/Git/Embedded/install/turtlebot3_example:/home/hb/Git/Embedded/install/robot_web_interface:/home/hb/Git/Embedded/install/delivery_interface:/home/hb/Git/Embedded/install/app_navigation:/opt/ros/humble /usr/bin/cmake --install /home/hb/Git/Embedded/build/turtlebot3_manipulation_description
