[2.456s] Invoking command in '/home/hb/Git/Embedded/src/robot_web_interface': PYTHONPATH=/home/hb/Git/Embedded/build/robot_web_interface/prefix_override:/usr/lib/python3/dist-packages/colcon_core/task/python/colcon_distutils_commands:/home/hb/Git/Embedded/install/robot_web_interface/lib/python3.10/site-packages:${PYTHONPATH} /usr/bin/python3 -W ignore:setup.py install is deprecated -W ignore:easy_install command is deprecated setup.py egg_info --egg-base ../../build/robot_web_interface build --build-base /home/hb/Git/Embedded/build/robot_web_interface/build install --record /home/hb/Git/Embedded/build/robot_web_interface/install.log --single-version-externally-managed install_data
[2.880s] running egg_info
[2.881s] writing ../../build/robot_web_interface/robot_web_interface.egg-info/PKG-INFO
[2.881s] writing dependency_links to ../../build/robot_web_interface/robot_web_interface.egg-info/dependency_links.txt
[2.882s] writing entry points to ../../build/robot_web_interface/robot_web_interface.egg-info/entry_points.txt
[2.882s] writing requirements to ../../build/robot_web_interface/robot_web_interface.egg-info/requires.txt
[2.882s] writing top-level names to ../../build/robot_web_interface/robot_web_interface.egg-info/top_level.txt
[2.884s] reading manifest file '../../build/robot_web_interface/robot_web_interface.egg-info/SOURCES.txt'
[2.885s] writing manifest file '../../build/robot_web_interface/robot_web_interface.egg-info/SOURCES.txt'
[2.885s] running build
[2.885s] running build_py
[2.886s] running install
[2.886s] running install_lib
[2.888s] running install_data
[2.888s] running install_egg_info
[2.891s] removing '/home/hb/Git/Embedded/install/robot_web_interface/lib/python3.10/site-packages/robot_web_interface-0.0.0-py3.10.egg-info' (and everything under it)
[2.891s] Copying ../../build/robot_web_interface/robot_web_interface.egg-info to /home/hb/Git/Embedded/install/robot_web_interface/lib/python3.10/site-packages/robot_web_interface-0.0.0-py3.10.egg-info
[2.892s] running install_scripts
[2.919s] Installing delivery_address_client script to /home/hb/Git/Embedded/install/robot_web_interface/lib/robot_web_interface
[2.919s] Installing robot_http_server script to /home/hb/Git/Embedded/install/robot_web_interface/lib/robot_web_interface
[2.919s] Installing robot_status_client script to /home/hb/Git/Embedded/install/robot_web_interface/lib/robot_web_interface
[2.919s] Installing robot_status_monitor script to /home/hb/Git/Embedded/install/robot_web_interface/lib/robot_web_interface
[2.919s] Installing turtlebot_status_monitor script to /home/hb/Git/Embedded/install/robot_web_interface/lib/robot_web_interface
[2.920s] writing list of installed files to '/home/hb/Git/Embedded/build/robot_web_interface/install.log'
[2.952s] Invoked command in '/home/hb/Git/Embedded/src/robot_web_interface' returned '0': PYTHONPATH=/home/hb/Git/Embedded/build/robot_web_interface/prefix_override:/usr/lib/python3/dist-packages/colcon_core/task/python/colcon_distutils_commands:/home/hb/Git/Embedded/install/robot_web_interface/lib/python3.10/site-packages:${PYTHONPATH} /usr/bin/python3 -W ignore:setup.py install is deprecated -W ignore:easy_install command is deprecated setup.py egg_info --egg-base ../../build/robot_web_interface build --build-base /home/hb/Git/Embedded/build/robot_web_interface/build install --record /home/hb/Git/Embedded/build/robot_web_interface/install.log --single-version-externally-managed install_data
