[0.052s] Invoking command in '/home/donggun/S13P21A501/Embedded/build/turtlebot3_manipulation_teleop': AMENT_PREFIX_PATH=/home/donggun/S13P21A501/Embedded/install/turtlebot3_manipulation_moveit_config:/home/donggun/S13P21A501/Embedded/install/turtlebot3_manipulation_bringup:/home/donggun/S13P21A501/Embedded/install/turtlebot3_manipulation_description:${AMENT_PREFIX_PATH} CMAKE_PREFIX_PATH=/home/donggun/S13P21A501/Embedded/install/turtlebot3_manipulation_moveit_config:/home/donggun/S13P21A501/Embedded/install/turtlebot3_manipulation_bringup:/home/donggun/S13P21A501/Embedded/install/turtlebot3_manipulation_description:/opt/ros/humble /usr/bin/cmake /home/donggun/S13P21A501/Embedded/src/turtlebot3_manipulation/turtlebot3_manipulation_teleop -DCMAKE_INSTALL_PREFIX=/home/donggun/S13P21A501/Embedded/install/turtlebot3_manipulation_teleop
[0.196s] -- The C compiler identification is GNU 11.4.0
[0.318s] -- The CXX compiler identification is GNU 11.4.0
[0.334s] -- Detecting C compiler ABI info
[0.565s] -- Detecting C compiler ABI info - done
[0.616s] -- Check for working C compiler: /usr/bin/cc - skipped
[0.617s] -- Detecting C compile features
[0.621s] -- Detecting C compile features - done
[0.630s] -- Detecting CXX compiler ABI info
[0.792s] -- Detecting CXX compiler ABI info - done
[0.808s] -- Check for working CXX compiler: /usr/bin/c++ - skipped
[0.809s] -- Detecting CXX compile features
[0.812s] -- Detecting CXX compile features - done
[0.815s] -- Found ament_cmake: 1.3.12 (/opt/ros/humble/share/ament_cmake/cmake)
[2.510s] -- Found Python3: /usr/bin/python3 (found version "3.10.12") found components: Interpreter 
[2.880s] -- Found rclcpp: 16.0.14 (/opt/ros/humble/share/rclcpp/cmake)
[3.106s] -- Found rosidl_generator_c: 3.1.7 (/opt/ros/humble/share/rosidl_generator_c/cmake)
[3.152s] -- Found rosidl_adapter: 3.1.7 (/opt/ros/humble/share/rosidl_adapter/cmake)
[3.205s] -- Found rosidl_generator_cpp: 3.1.7 (/opt/ros/humble/share/rosidl_generator_cpp/cmake)
[3.285s] -- Using all available rosidl_typesupport_c: rosidl_typesupport_fastrtps_c;rosidl_typesupport_introspection_c
[3.404s] -- Using all available rosidl_typesupport_cpp: rosidl_typesupport_fastrtps_cpp;rosidl_typesupport_introspection_cpp
[3.572s] -- Found rmw_implementation_cmake: 6.1.2 (/opt/ros/humble/share/rmw_implementation_cmake/cmake)
[3.578s] -- Found rmw_fastrtps_cpp: 6.2.8 (/opt/ros/humble/share/rmw_fastrtps_cpp/cmake)
[3.799s] -- Found OpenSSL: /usr/lib/x86_64-linux-gnu/libcrypto.so (found version "3.0.2")  
[3.919s] -- Found FastRTPS: /opt/ros/humble/include  
[4.043s] -- Using RMW implementation 'rmw_fastrtps_cpp' as default
[4.087s] -- Looking for pthread.h
[4.336s] -- Looking for pthread.h - found
[4.336s] -- Performing Test CMAKE_HAVE_LIBC_PTHREAD
[4.593s] -- Performing Test CMAKE_HAVE_LIBC_PTHREAD - Success
[4.598s] -- Found Threads: TRUE  
[4.809s] -- Found turtlebot3_manipulation_bringup: 2.2.1 (/home/donggun/S13P21A501/Embedded/install/turtlebot3_manipulation_bringup/share/turtlebot3_manipulation_bringup/cmake)
[4.812s] -- Found turtlebot3_manipulation_moveit_config: 2.2.1 (/home/donggun/S13P21A501/Embedded/install/turtlebot3_manipulation_moveit_config/share/turtlebot3_manipulation_moveit_config/cmake)
[4.819s] -- Found turtlebot3_manipulation_description: 2.2.1 (/home/donggun/S13P21A501/Embedded/install/turtlebot3_manipulation_description/share/turtlebot3_manipulation_description/cmake)
[4.824s] -- Found geometry_msgs: 4.9.0 (/opt/ros/humble/share/geometry_msgs/cmake)
[4.876s] -- Found nav_msgs: 4.9.0 (/opt/ros/humble/share/nav_msgs/cmake)
[4.929s] -- Found control_msgs: 4.8.0 (/opt/ros/humble/share/control_msgs/cmake)
[5.114s] -- Found std_srvs: 4.9.0 (/opt/ros/humble/share/std_srvs/cmake)
[5.167s] -- Found rclcpp_action: 16.0.14 (/opt/ros/humble/share/rclcpp_action/cmake)
[5.572s] -- Configuring done
[5.594s] -- Generating done
[5.602s] -- Build files have been written to: /home/donggun/S13P21A501/Embedded/build/turtlebot3_manipulation_teleop
[5.627s] Invoked command in '/home/donggun/S13P21A501/Embedded/build/turtlebot3_manipulation_teleop' returned '0': AMENT_PREFIX_PATH=/home/donggun/S13P21A501/Embedded/install/turtlebot3_manipulation_moveit_config:/home/donggun/S13P21A501/Embedded/install/turtlebot3_manipulation_bringup:/home/donggun/S13P21A501/Embedded/install/turtlebot3_manipulation_description:${AMENT_PREFIX_PATH} CMAKE_PREFIX_PATH=/home/donggun/S13P21A501/Embedded/install/turtlebot3_manipulation_moveit_config:/home/donggun/S13P21A501/Embedded/install/turtlebot3_manipulation_bringup:/home/donggun/S13P21A501/Embedded/install/turtlebot3_manipulation_description:/opt/ros/humble /usr/bin/cmake /home/donggun/S13P21A501/Embedded/src/turtlebot3_manipulation/turtlebot3_manipulation_teleop -DCMAKE_INSTALL_PREFIX=/home/donggun/S13P21A501/Embedded/install/turtlebot3_manipulation_teleop
[5.632s] Invoking command in '/home/donggun/S13P21A501/Embedded/build/turtlebot3_manipulation_teleop': AMENT_PREFIX_PATH=/home/donggun/S13P21A501/Embedded/install/turtlebot3_manipulation_moveit_config:/home/donggun/S13P21A501/Embedded/install/turtlebot3_manipulation_bringup:/home/donggun/S13P21A501/Embedded/install/turtlebot3_manipulation_description:${AMENT_PREFIX_PATH} CMAKE_PREFIX_PATH=/home/donggun/S13P21A501/Embedded/install/turtlebot3_manipulation_moveit_config:/home/donggun/S13P21A501/Embedded/install/turtlebot3_manipulation_bringup:/home/donggun/S13P21A501/Embedded/install/turtlebot3_manipulation_description:/opt/ros/humble /usr/bin/cmake --build /home/donggun/S13P21A501/Embedded/build/turtlebot3_manipulation_teleop -- -j16 -l16
[5.806s] [ 50%] [32mBuilding CXX object CMakeFiles/turtlebot3_manipulation_teleop.dir/src/turtlebot3_manipulation_teleop.cpp.o[0m
[18.913s] [100%] [32m[1mLinking CXX executable turtlebot3_manipulation_teleop[0m
[19.758s] [100%] Built target turtlebot3_manipulation_teleop
[19.794s] Invoked command in '/home/donggun/S13P21A501/Embedded/build/turtlebot3_manipulation_teleop' returned '0': AMENT_PREFIX_PATH=/home/donggun/S13P21A501/Embedded/install/turtlebot3_manipulation_moveit_config:/home/donggun/S13P21A501/Embedded/install/turtlebot3_manipulation_bringup:/home/donggun/S13P21A501/Embedded/install/turtlebot3_manipulation_description:${AMENT_PREFIX_PATH} CMAKE_PREFIX_PATH=/home/donggun/S13P21A501/Embedded/install/turtlebot3_manipulation_moveit_config:/home/donggun/S13P21A501/Embedded/install/turtlebot3_manipulation_bringup:/home/donggun/S13P21A501/Embedded/install/turtlebot3_manipulation_description:/opt/ros/humble /usr/bin/cmake --build /home/donggun/S13P21A501/Embedded/build/turtlebot3_manipulation_teleop -- -j16 -l16
[19.795s] Invoking command in '/home/donggun/S13P21A501/Embedded/build/turtlebot3_manipulation_teleop': AMENT_PREFIX_PATH=/home/donggun/S13P21A501/Embedded/install/turtlebot3_manipulation_moveit_config:/home/donggun/S13P21A501/Embedded/install/turtlebot3_manipulation_bringup:/home/donggun/S13P21A501/Embedded/install/turtlebot3_manipulation_description:${AMENT_PREFIX_PATH} CMAKE_PREFIX_PATH=/home/donggun/S13P21A501/Embedded/install/turtlebot3_manipulation_moveit_config:/home/donggun/S13P21A501/Embedded/install/turtlebot3_manipulation_bringup:/home/donggun/S13P21A501/Embedded/install/turtlebot3_manipulation_description:/opt/ros/humble /usr/bin/cmake --install /home/donggun/S13P21A501/Embedded/build/turtlebot3_manipulation_teleop
[19.815s] -- Install configuration: ""
[19.815s] -- Installing: /home/donggun/S13P21A501/Embedded/install/turtlebot3_manipulation_teleop/lib/turtlebot3_manipulation_teleop/turtlebot3_manipulation_teleop
[19.822s] -- Set runtime path of "/home/donggun/S13P21A501/Embedded/install/turtlebot3_manipulation_teleop/lib/turtlebot3_manipulation_teleop/turtlebot3_manipulation_teleop" to ""
[19.823s] -- Installing: /home/donggun/S13P21A501/Embedded/install/turtlebot3_manipulation_teleop/share/ament_index/resource_index/package_run_dependencies/turtlebot3_manipulation_teleop
[19.823s] -- Installing: /home/donggun/S13P21A501/Embedded/install/turtlebot3_manipulation_teleop/share/ament_index/resource_index/parent_prefix_path/turtlebot3_manipulation_teleop
[19.823s] -- Installing: /home/donggun/S13P21A501/Embedded/install/turtlebot3_manipulation_teleop/share/turtlebot3_manipulation_teleop/environment/ament_prefix_path.sh
[19.826s] -- Installing: /home/donggun/S13P21A501/Embedded/install/turtlebot3_manipulation_teleop/share/turtlebot3_manipulation_teleop/environment/ament_prefix_path.dsv
[19.829s] -- Installing: /home/donggun/S13P21A501/Embedded/install/turtlebot3_manipulation_teleop/share/turtlebot3_manipulation_teleop/environment/path.sh
[19.830s] -- Installing: /home/donggun/S13P21A501/Embedded/install/turtlebot3_manipulation_teleop/share/turtlebot3_manipulation_teleop/environment/path.dsv
[19.830s] -- Installing: /home/donggun/S13P21A501/Embedded/install/turtlebot3_manipulation_teleop/share/turtlebot3_manipulation_teleop/local_setup.bash
[19.830s] -- Installing: /home/donggun/S13P21A501/Embedded/install/turtlebot3_manipulation_teleop/share/turtlebot3_manipulation_teleop/local_setup.sh
[19.830s] -- Installing: /home/donggun/S13P21A501/Embedded/install/turtlebot3_manipulation_teleop/share/turtlebot3_manipulation_teleop/local_setup.zsh
[19.830s] -- Installing: /home/donggun/S13P21A501/Embedded/install/turtlebot3_manipulation_teleop/share/turtlebot3_manipulation_teleop/local_setup.dsv
[19.830s] -- Installing: /home/donggun/S13P21A501/Embedded/install/turtlebot3_manipulation_teleop/share/turtlebot3_manipulation_teleop/package.dsv
[19.830s] -- Installing: /home/donggun/S13P21A501/Embedded/install/turtlebot3_manipulation_teleop/share/ament_index/resource_index/packages/turtlebot3_manipulation_teleop
[19.830s] -- Installing: /home/donggun/S13P21A501/Embedded/install/turtlebot3_manipulation_teleop/share/turtlebot3_manipulation_teleop/cmake/turtlebot3_manipulation_teleopConfig.cmake
[19.830s] -- Installing: /home/donggun/S13P21A501/Embedded/install/turtlebot3_manipulation_teleop/share/turtlebot3_manipulation_teleop/cmake/turtlebot3_manipulation_teleopConfig-version.cmake
[19.832s] -- Installing: /home/donggun/S13P21A501/Embedded/install/turtlebot3_manipulation_teleop/share/turtlebot3_manipulation_teleop/package.xml
[19.836s] Invoked command in '/home/donggun/S13P21A501/Embedded/build/turtlebot3_manipulation_teleop' returned '0': AMENT_PREFIX_PATH=/home/donggun/S13P21A501/Embedded/install/turtlebot3_manipulation_moveit_config:/home/donggun/S13P21A501/Embedded/install/turtlebot3_manipulation_bringup:/home/donggun/S13P21A501/Embedded/install/turtlebot3_manipulation_description:${AMENT_PREFIX_PATH} CMAKE_PREFIX_PATH=/home/donggun/S13P21A501/Embedded/install/turtlebot3_manipulation_moveit_config:/home/donggun/S13P21A501/Embedded/install/turtlebot3_manipulation_bringup:/home/donggun/S13P21A501/Embedded/install/turtlebot3_manipulation_description:/opt/ros/humble /usr/bin/cmake --install /home/donggun/S13P21A501/Embedded/build/turtlebot3_manipulation_teleop
