[0.057s] Invoking command in '/home/donggun/S13P21A501/Embedded/build/turtlebot3_cartographer': CMAKE_PREFIX_PATH=/opt/ros/humble /usr/bin/cmake --build /home/donggun/S13P21A501/Embedded/build/turtlebot3_cartographer -- -j16 -l16
[2.035s] Invoked command in '/home/donggun/S13P21A501/Embedded/build/turtlebot3_cartographer' returned '0': CMAKE_PREFIX_PATH=/opt/ros/humble /usr/bin/cmake --build /home/donggun/S13P21A501/Embedded/build/turtlebot3_cartographer -- -j16 -l16
[2.036s] Invoking command in '/home/donggun/S13P21A501/Embedded/build/turtlebot3_cartographer': CMAKE_PREFIX_PATH=/opt/ros/humble /usr/bin/cmake --install /home/donggun/S13P21A501/Embedded/build/turtlebot3_cartographer
[2.080s] -- Install configuration: ""
[2.081s] -- Up-to-date: /home/donggun/S13P21A501/Embedded/install/turtlebot3_cartographer/share/turtlebot3_cartographer/config
[2.083s] -- Up-to-date: /home/donggun/S13P21A501/Embedded/install/turtlebot3_cartographer/share/turtlebot3_cartographer/config/turtlebot3_lds_2d.lua
[2.084s] -- Up-to-date: /home/donggun/S13P21A501/Embedded/install/turtlebot3_cartographer/share/turtlebot3_cartographer/launch
[2.086s] -- Up-to-date: /home/donggun/S13P21A501/Embedded/install/turtlebot3_cartographer/share/turtlebot3_cartographer/launch/cartographer.launch.py
[2.086s] -- Up-to-date: /home/donggun/S13P21A501/Embedded/install/turtlebot3_cartographer/share/turtlebot3_cartographer/launch/occupancy_grid.launch.py
[2.086s] -- Up-to-date: /home/donggun/S13P21A501/Embedded/install/turtlebot3_cartographer/share/turtlebot3_cartographer/rviz
[2.087s] -- Up-to-date: /home/donggun/S13P21A501/Embedded/install/turtlebot3_cartographer/share/turtlebot3_cartographer/rviz/tb3_cartographer.rviz
[2.087s] -- Up-to-date: /home/donggun/S13P21A501/Embedded/install/turtlebot3_cartographer/share/ament_index/resource_index/package_run_dependencies/turtlebot3_cartographer
[2.087s] -- Up-to-date: /home/donggun/S13P21A501/Embedded/install/turtlebot3_cartographer/share/ament_index/resource_index/parent_prefix_path/turtlebot3_cartographer
[2.087s] -- Up-to-date: /home/donggun/S13P21A501/Embedded/install/turtlebot3_cartographer/share/turtlebot3_cartographer/environment/ament_prefix_path.sh
[2.087s] -- Up-to-date: /home/donggun/S13P21A501/Embedded/install/turtlebot3_cartographer/share/turtlebot3_cartographer/environment/ament_prefix_path.dsv
[2.087s] -- Up-to-date: /home/donggun/S13P21A501/Embedded/install/turtlebot3_cartographer/share/turtlebot3_cartographer/environment/path.sh
[2.087s] -- Up-to-date: /home/donggun/S13P21A501/Embedded/install/turtlebot3_cartographer/share/turtlebot3_cartographer/environment/path.dsv
[2.088s] -- Up-to-date: /home/donggun/S13P21A501/Embedded/install/turtlebot3_cartographer/share/turtlebot3_cartographer/local_setup.bash
[2.088s] -- Up-to-date: /home/donggun/S13P21A501/Embedded/install/turtlebot3_cartographer/share/turtlebot3_cartographer/local_setup.sh
[2.088s] -- Up-to-date: /home/donggun/S13P21A501/Embedded/install/turtlebot3_cartographer/share/turtlebot3_cartographer/local_setup.zsh
[2.088s] -- Up-to-date: /home/donggun/S13P21A501/Embedded/install/turtlebot3_cartographer/share/turtlebot3_cartographer/local_setup.dsv
[2.088s] -- Up-to-date: /home/donggun/S13P21A501/Embedded/install/turtlebot3_cartographer/share/turtlebot3_cartographer/package.dsv
[2.088s] -- Up-to-date: /home/donggun/S13P21A501/Embedded/install/turtlebot3_cartographer/share/ament_index/resource_index/packages/turtlebot3_cartographer
[2.088s] -- Up-to-date: /home/donggun/S13P21A501/Embedded/install/turtlebot3_cartographer/share/turtlebot3_cartographer/cmake/turtlebot3_cartographerConfig.cmake
[2.088s] -- Up-to-date: /home/donggun/S13P21A501/Embedded/install/turtlebot3_cartographer/share/turtlebot3_cartographer/cmake/turtlebot3_cartographerConfig-version.cmake
[2.088s] -- Up-to-date: /home/donggun/S13P21A501/Embedded/install/turtlebot3_cartographer/share/turtlebot3_cartographer/package.xml
[2.235s] Invoked command in '/home/donggun/S13P21A501/Embedded/build/turtlebot3_cartographer' returned '0': CMAKE_PREFIX_PATH=/opt/ros/humble /usr/bin/cmake --install /home/donggun/S13P21A501/Embedded/build/turtlebot3_cartographer
