[0.057s] Invoking command in '/home/donggun/S13P21A501/Embedded/build/turtlebot3_description': CMAKE_PREFIX_PATH=/opt/ros/humble /usr/bin/cmake --build /home/donggun/S13P21A501/Embedded/build/turtlebot3_description -- -j16 -l16
[2.039s] Invoked command in '/home/donggun/S13P21A501/Embedded/build/turtlebot3_description' returned '0': CMAKE_PREFIX_PATH=/opt/ros/humble /usr/bin/cmake --build /home/donggun/S13P21A501/Embedded/build/turtlebot3_description -- -j16 -l16
[2.040s] Invoking command in '/home/donggun/S13P21A501/Embedded/build/turtlebot3_description': CMAKE_PREFIX_PATH=/opt/ros/humble /usr/bin/cmake --install /home/donggun/S13P21A501/Embedded/build/turtlebot3_description
[2.082s] -- Install configuration: ""
[2.082s] -- Up-to-date: /home/donggun/S13P21A501/Embedded/install/turtlebot3_description/share/turtlebot3_description/meshes
[2.083s] -- Up-to-date: /home/donggun/S13P21A501/Embedded/install/turtlebot3_description/share/turtlebot3_description/meshes/wheels
[2.083s] -- Up-to-date: /home/donggun/S13P21A501/Embedded/install/turtlebot3_description/share/turtlebot3_description/meshes/wheels/left_tire.stl
[2.083s] -- Up-to-date: /home/donggun/S13P21A501/Embedded/install/turtlebot3_description/share/turtlebot3_description/meshes/wheels/right_tire.stl
[2.083s] -- Up-to-date: /home/donggun/S13P21A501/Embedded/install/turtlebot3_description/share/turtlebot3_description/meshes/bases
[2.083s] -- Up-to-date: /home/donggun/S13P21A501/Embedded/install/turtlebot3_description/share/turtlebot3_description/meshes/bases/waffle_base.stl
[2.083s] -- Up-to-date: /home/donggun/S13P21A501/Embedded/install/turtlebot3_description/share/turtlebot3_description/meshes/bases/burger_base.stl
[2.083s] -- Up-to-date: /home/donggun/S13P21A501/Embedded/install/turtlebot3_description/share/turtlebot3_description/meshes/bases/waffle_pi_base.stl
[2.083s] -- Up-to-date: /home/donggun/S13P21A501/Embedded/install/turtlebot3_description/share/turtlebot3_description/meshes/sensors
[2.083s] -- Up-to-date: /home/donggun/S13P21A501/Embedded/install/turtlebot3_description/share/turtlebot3_description/meshes/sensors/astra.dae
[2.083s] -- Up-to-date: /home/donggun/S13P21A501/Embedded/install/turtlebot3_description/share/turtlebot3_description/meshes/sensors/astra.jpg
[2.084s] -- Up-to-date: /home/donggun/S13P21A501/Embedded/install/turtlebot3_description/share/turtlebot3_description/meshes/sensors/lds.stl
[2.084s] -- Up-to-date: /home/donggun/S13P21A501/Embedded/install/turtlebot3_description/share/turtlebot3_description/meshes/sensors/r200.jpg
[2.084s] -- Up-to-date: /home/donggun/S13P21A501/Embedded/install/turtlebot3_description/share/turtlebot3_description/meshes/sensors/r200.dae
[2.084s] -- Up-to-date: /home/donggun/S13P21A501/Embedded/install/turtlebot3_description/share/turtlebot3_description/rviz
[2.084s] -- Up-to-date: /home/donggun/S13P21A501/Embedded/install/turtlebot3_description/share/turtlebot3_description/rviz/model.rviz
[2.084s] -- Up-to-date: /home/donggun/S13P21A501/Embedded/install/turtlebot3_description/share/turtlebot3_description/urdf
[2.084s] -- Up-to-date: /home/donggun/S13P21A501/Embedded/install/turtlebot3_description/share/turtlebot3_description/urdf/common_properties.urdf
[2.084s] -- Up-to-date: /home/donggun/S13P21A501/Embedded/install/turtlebot3_description/share/turtlebot3_description/urdf/turtlebot3_waffle_pi.urdf
[2.084s] -- Up-to-date: /home/donggun/S13P21A501/Embedded/install/turtlebot3_description/share/turtlebot3_description/urdf/turtlebot3_burger.urdf
[2.084s] -- Up-to-date: /home/donggun/S13P21A501/Embedded/install/turtlebot3_description/share/turtlebot3_description/urdf/turtlebot3_waffle.urdf
[2.084s] -- Up-to-date: /home/donggun/S13P21A501/Embedded/install/turtlebot3_description/share/ament_index/resource_index/package_run_dependencies/turtlebot3_description
[2.084s] -- Up-to-date: /home/donggun/S13P21A501/Embedded/install/turtlebot3_description/share/ament_index/resource_index/parent_prefix_path/turtlebot3_description
[2.084s] -- Up-to-date: /home/donggun/S13P21A501/Embedded/install/turtlebot3_description/share/turtlebot3_description/environment/ament_prefix_path.sh
[2.084s] -- Up-to-date: /home/donggun/S13P21A501/Embedded/install/turtlebot3_description/share/turtlebot3_description/environment/ament_prefix_path.dsv
[2.085s] -- Up-to-date: /home/donggun/S13P21A501/Embedded/install/turtlebot3_description/share/turtlebot3_description/environment/path.sh
[2.085s] -- Up-to-date: /home/donggun/S13P21A501/Embedded/install/turtlebot3_description/share/turtlebot3_description/environment/path.dsv
[2.085s] -- Up-to-date: /home/donggun/S13P21A501/Embedded/install/turtlebot3_description/share/turtlebot3_description/local_setup.bash
[2.085s] -- Up-to-date: /home/donggun/S13P21A501/Embedded/install/turtlebot3_description/share/turtlebot3_description/local_setup.sh
[2.085s] -- Up-to-date: /home/donggun/S13P21A501/Embedded/install/turtlebot3_description/share/turtlebot3_description/local_setup.zsh
[2.095s] -- Up-to-date: /home/donggun/S13P21A501/Embedded/install/turtlebot3_description/share/turtlebot3_description/local_setup.dsv
[2.095s] -- Installing: /home/donggun/S13P21A501/Embedded/install/turtlebot3_description/share/turtlebot3_description/package.dsv
[2.096s] -- Up-to-date: /home/donggun/S13P21A501/Embedded/install/turtlebot3_description/share/ament_index/resource_index/packages/turtlebot3_description
[2.096s] -- Up-to-date: /home/donggun/S13P21A501/Embedded/install/turtlebot3_description/share/turtlebot3_description/cmake/turtlebot3_descriptionConfig.cmake
[2.096s] -- Up-to-date: /home/donggun/S13P21A501/Embedded/install/turtlebot3_description/share/turtlebot3_description/cmake/turtlebot3_descriptionConfig-version.cmake
[2.096s] -- Up-to-date: /home/donggun/S13P21A501/Embedded/install/turtlebot3_description/share/turtlebot3_description/package.xml
[2.222s] Invoked command in '/home/donggun/S13P21A501/Embedded/build/turtlebot3_description' returned '0': CMAKE_PREFIX_PATH=/opt/ros/humble /usr/bin/cmake --install /home/donggun/S13P21A501/Embedded/build/turtlebot3_description
