[2.279s] Invoking command in '/home/hb/Git/Embedded/src/app_navigation': PYTHONPATH=/home/hb/Git/Embedded/build/app_navigation/prefix_override:/usr/lib/python3/dist-packages/colcon_core/task/python/colcon_distutils_commands:/home/hb/Git/Embedded/install/app_navigation/lib/python3.10/site-packages:${PYTHONPATH} /usr/bin/python3 -W ignore:setup.py install is deprecated -W ignore:easy_install command is deprecated setup.py egg_info --egg-base ../../build/app_navigation build --build-base /home/hb/Git/Embedded/build/app_navigation/build install --record /home/hb/Git/Embedded/build/app_navigation/install.log --single-version-externally-managed install_data
[2.691s] running egg_info
[2.692s] writing ../../build/app_navigation/app_navigation.egg-info/PKG-INFO
[2.693s] writing dependency_links to ../../build/app_navigation/app_navigation.egg-info/dependency_links.txt
[2.693s] writing entry points to ../../build/app_navigation/app_navigation.egg-info/entry_points.txt
[2.693s] writing requirements to ../../build/app_navigation/app_navigation.egg-info/requires.txt
[2.693s] writing top-level names to ../../build/app_navigation/app_navigation.egg-info/top_level.txt
[2.696s] reading manifest file '../../build/app_navigation/app_navigation.egg-info/SOURCES.txt'
[2.697s] writing manifest file '../../build/app_navigation/app_navigation.egg-info/SOURCES.txt'
[2.697s] running build
[2.697s] running build_py
[2.698s] running install
[2.698s] running install_lib
[2.700s] running install_data
[2.700s] running install_egg_info
[2.703s] removing '/home/hb/Git/Embedded/install/app_navigation/lib/python3.10/site-packages/app_navigation-0.0.0-py3.10.egg-info' (and everything under it)
[2.703s] Copying ../../build/app_navigation/app_navigation.egg-info to /home/hb/Git/Embedded/install/app_navigation/lib/python3.10/site-packages/app_navigation-0.0.0-py3.10.egg-info
[2.704s] running install_scripts
[2.733s] Installing app_navigator script to /home/hb/Git/Embedded/install/app_navigation/bin
[2.733s] writing list of installed files to '/home/hb/Git/Embedded/build/app_navigation/install.log'
[3.189s] Invoked command in '/home/hb/Git/Embedded/src/app_navigation' returned '0': PYTHONPATH=/home/hb/Git/Embedded/build/app_navigation/prefix_override:/usr/lib/python3/dist-packages/colcon_core/task/python/colcon_distutils_commands:/home/hb/Git/Embedded/install/app_navigation/lib/python3.10/site-packages:${PYTHONPATH} /usr/bin/python3 -W ignore:setup.py install is deprecated -W ignore:easy_install command is deprecated setup.py egg_info --egg-base ../../build/app_navigation build --build-base /home/hb/Git/Embedded/build/app_navigation/build install --record /home/hb/Git/Embedded/build/app_navigation/install.log --single-version-externally-managed install_data
