[2.488s] Invoking command in '/home/hb/Git/Embedded/src/turtlebot3/turtlebot3_teleop': PYTHONPATH=/home/hb/Git/Embedded/build/turtlebot3_teleop/prefix_override:/usr/lib/python3/dist-packages/colcon_core/task/python/colcon_distutils_commands:/home/hb/Git/Embedded/install/turtlebot3_teleop/lib/python3.10/site-packages:${PYTHONPATH} /usr/bin/python3 -W ignore:setup.py install is deprecated -W ignore:easy_install command is deprecated setup.py egg_info --egg-base ../../../build/turtlebot3_teleop build --build-base /home/hb/Git/Embedded/build/turtlebot3_teleop/build install --record /home/hb/Git/Embedded/build/turtlebot3_teleop/install.log --single-version-externally-managed install_data
[2.895s] running egg_info
[2.895s] writing ../../../build/turtlebot3_teleop/turtlebot3_teleop.egg-info/PKG-INFO
[2.895s] writing dependency_links to ../../../build/turtlebot3_teleop/turtlebot3_teleop.egg-info/dependency_links.txt
[2.895s] writing entry points to ../../../build/turtlebot3_teleop/turtlebot3_teleop.egg-info/entry_points.txt
[2.895s] writing requirements to ../../../build/turtlebot3_teleop/turtlebot3_teleop.egg-info/requires.txt
[2.896s] writing top-level names to ../../../build/turtlebot3_teleop/turtlebot3_teleop.egg-info/top_level.txt
[2.898s] reading manifest file '../../../build/turtlebot3_teleop/turtlebot3_teleop.egg-info/SOURCES.txt'
[2.899s] writing manifest file '../../../build/turtlebot3_teleop/turtlebot3_teleop.egg-info/SOURCES.txt'
[2.899s] running build
[2.899s] running build_py
[2.900s] running install
[2.900s] running install_lib
[2.902s] running install_data
[2.902s] running install_egg_info
[2.905s] removing '/home/hb/Git/Embedded/install/turtlebot3_teleop/lib/python3.10/site-packages/turtlebot3_teleop-2.3.3-py3.10.egg-info' (and everything under it)
[2.905s] Copying ../../../build/turtlebot3_teleop/turtlebot3_teleop.egg-info to /home/hb/Git/Embedded/install/turtlebot3_teleop/lib/python3.10/site-packages/turtlebot3_teleop-2.3.3-py3.10.egg-info
[2.906s] running install_scripts
[2.932s] Installing teleop_keyboard script to /home/hb/Git/Embedded/install/turtlebot3_teleop/lib/turtlebot3_teleop
[2.933s] writing list of installed files to '/home/hb/Git/Embedded/build/turtlebot3_teleop/install.log'
[2.967s] Invoked command in '/home/hb/Git/Embedded/src/turtlebot3/turtlebot3_teleop' returned '0': PYTHONPATH=/home/hb/Git/Embedded/build/turtlebot3_teleop/prefix_override:/usr/lib/python3/dist-packages/colcon_core/task/python/colcon_distutils_commands:/home/hb/Git/Embedded/install/turtlebot3_teleop/lib/python3.10/site-packages:${PYTHONPATH} /usr/bin/python3 -W ignore:setup.py install is deprecated -W ignore:easy_install command is deprecated setup.py egg_info --egg-base ../../../build/turtlebot3_teleop build --build-base /home/hb/Git/Embedded/build/turtlebot3_teleop/build install --record /home/hb/Git/Embedded/build/turtlebot3_teleop/install.log --single-version-externally-managed install_data
