[0.107s] Invoking command in '/home/hb/Git/Embedded/build/turtlebot3_navigation2': CMAKE_PREFIX_PATH=${CMAKE_PREFIX_PATH}:/home/hb/Git/Embedded/install/turtlebot3_teleop:/home/hb/Git/Embedded/install/turtlebot3_example:/home/hb/Git/Embedded/install/robot_web_interface:/home/hb/Git/Embedded/install/delivery_interface:/home/hb/Git/Embedded/install/app_navigation:/opt/ros/humble /usr/bin/cmake --build /home/hb/Git/Embedded/build/turtlebot3_navigation2 -- -j16 -l16
[1.452s] Invoked command in '/home/hb/Git/Embedded/build/turtlebot3_navigation2' returned '0': CMAKE_PREFIX_PATH=${CMAKE_PREFIX_PATH}:/home/hb/Git/Embedded/install/turtlebot3_teleop:/home/hb/Git/Embedded/install/turtlebot3_example:/home/hb/Git/Embedded/install/robot_web_interface:/home/hb/Git/Embedded/install/delivery_interface:/home/hb/Git/Embedded/install/app_navigation:/opt/ros/humble /usr/bin/cmake --build /home/hb/Git/Embedded/build/turtlebot3_navigation2 -- -j16 -l16
[1.454s] Invoking command in '/home/hb/Git/Embedded/build/turtlebot3_navigation2': CMAKE_PREFIX_PATH=${CMAKE_PREFIX_PATH}:/home/hb/Git/Embedded/install/turtlebot3_teleop:/home/hb/Git/Embedded/install/turtlebot3_example:/home/hb/Git/Embedded/install/robot_web_interface:/home/hb/Git/Embedded/install/delivery_interface:/home/hb/Git/Embedded/install/app_navigation:/opt/ros/humble /usr/bin/cmake --install /home/hb/Git/Embedded/build/turtlebot3_navigation2
[1.517s] -- Install configuration: ""
[1.517s] -- Up-to-date: /home/hb/Git/Embedded/install/turtlebot3_navigation2/share/turtlebot3_navigation2/launch
[1.517s] -- Up-to-date: /home/hb/Git/Embedded/install/turtlebot3_navigation2/share/turtlebot3_navigation2/launch/navigation2.launch.py
[1.517s] -- Up-to-date: /home/hb/Git/Embedded/install/turtlebot3_navigation2/share/turtlebot3_navigation2/map
[1.517s] -- Up-to-date: /home/hb/Git/Embedded/install/turtlebot3_navigation2/share/turtlebot3_navigation2/map/map.pgm
[1.517s] -- Up-to-date: /home/hb/Git/Embedded/install/turtlebot3_navigation2/share/turtlebot3_navigation2/map/map.yaml
[1.517s] -- Up-to-date: /home/hb/Git/Embedded/install/turtlebot3_navigation2/share/turtlebot3_navigation2/param
[1.518s] -- Up-to-date: /home/hb/Git/Embedded/install/turtlebot3_navigation2/share/turtlebot3_navigation2/param/burger_cam.yaml
[1.518s] -- Up-to-date: /home/hb/Git/Embedded/install/turtlebot3_navigation2/share/turtlebot3_navigation2/param/humble
[1.518s] -- Up-to-date: /home/hb/Git/Embedded/install/turtlebot3_navigation2/share/turtlebot3_navigation2/param/humble/burger_cam.yaml
[1.518s] -- Up-to-date: /home/hb/Git/Embedded/install/turtlebot3_navigation2/share/turtlebot3_navigation2/param/humble/burger.yaml
[1.518s] -- Up-to-date: /home/hb/Git/Embedded/install/turtlebot3_navigation2/share/turtlebot3_navigation2/param/humble/waffle.yaml
[1.518s] -- Up-to-date: /home/hb/Git/Embedded/install/turtlebot3_navigation2/share/turtlebot3_navigation2/param/humble/waffle_pi.yaml
[1.518s] -- Up-to-date: /home/hb/Git/Embedded/install/turtlebot3_navigation2/share/turtlebot3_navigation2/param/burger.yaml
[1.518s] -- Up-to-date: /home/hb/Git/Embedded/install/turtlebot3_navigation2/share/turtlebot3_navigation2/param/waffle.yaml
[1.518s] -- Up-to-date: /home/hb/Git/Embedded/install/turtlebot3_navigation2/share/turtlebot3_navigation2/param/waffle_pi.yaml
[1.519s] -- Up-to-date: /home/hb/Git/Embedded/install/turtlebot3_navigation2/share/turtlebot3_navigation2/rviz
[1.519s] -- Up-to-date: /home/hb/Git/Embedded/install/turtlebot3_navigation2/share/turtlebot3_navigation2/rviz/tb3_navigation2.rviz
[1.519s] -- Up-to-date: /home/hb/Git/Embedded/install/turtlebot3_navigation2/share/ament_index/resource_index/package_run_dependencies/turtlebot3_navigation2
[1.519s] -- Up-to-date: /home/hb/Git/Embedded/install/turtlebot3_navigation2/share/ament_index/resource_index/parent_prefix_path/turtlebot3_navigation2
[1.519s] -- Up-to-date: /home/hb/Git/Embedded/install/turtlebot3_navigation2/share/turtlebot3_navigation2/environment/ament_prefix_path.sh
[1.519s] -- Up-to-date: /home/hb/Git/Embedded/install/turtlebot3_navigation2/share/turtlebot3_navigation2/environment/ament_prefix_path.dsv
[1.519s] -- Up-to-date: /home/hb/Git/Embedded/install/turtlebot3_navigation2/share/turtlebot3_navigation2/environment/path.sh
[1.519s] -- Up-to-date: /home/hb/Git/Embedded/install/turtlebot3_navigation2/share/turtlebot3_navigation2/environment/path.dsv
[1.519s] -- Up-to-date: /home/hb/Git/Embedded/install/turtlebot3_navigation2/share/turtlebot3_navigation2/local_setup.bash
[1.520s] -- Up-to-date: /home/hb/Git/Embedded/install/turtlebot3_navigation2/share/turtlebot3_navigation2/local_setup.sh
[1.520s] -- Up-to-date: /home/hb/Git/Embedded/install/turtlebot3_navigation2/share/turtlebot3_navigation2/local_setup.zsh
[1.520s] -- Up-to-date: /home/hb/Git/Embedded/install/turtlebot3_navigation2/share/turtlebot3_navigation2/local_setup.dsv
[1.520s] -- Installing: /home/hb/Git/Embedded/install/turtlebot3_navigation2/share/turtlebot3_navigation2/package.dsv
[1.520s] -- Up-to-date: /home/hb/Git/Embedded/install/turtlebot3_navigation2/share/ament_index/resource_index/packages/turtlebot3_navigation2
[1.520s] -- Up-to-date: /home/hb/Git/Embedded/install/turtlebot3_navigation2/share/turtlebot3_navigation2/cmake/turtlebot3_navigation2Config.cmake
[1.520s] -- Up-to-date: /home/hb/Git/Embedded/install/turtlebot3_navigation2/share/turtlebot3_navigation2/cmake/turtlebot3_navigation2Config-version.cmake
[1.520s] -- Up-to-date: /home/hb/Git/Embedded/install/turtlebot3_navigation2/share/turtlebot3_navigation2/package.xml
[1.700s] Invoked command in '/home/hb/Git/Embedded/build/turtlebot3_navigation2' returned '0': CMAKE_PREFIX_PATH=${CMAKE_PREFIX_PATH}:/home/hb/Git/Embedded/install/turtlebot3_teleop:/home/hb/Git/Embedded/install/turtlebot3_example:/home/hb/Git/Embedded/install/robot_web_interface:/home/hb/Git/Embedded/install/delivery_interface:/home/hb/Git/Embedded/install/app_navigation:/opt/ros/humble /usr/bin/cmake --install /home/hb/Git/Embedded/build/turtlebot3_navigation2
