[0.065s] Invoking command in '/home/hb/Git/Embedded/build/turtlebot3_msgs': CMAKE_PREFIX_PATH=${CMAKE_PREFIX_PATH}:/home/hb/Git/Embedded/install/turtlebot3_teleop:/home/hb/Git/Embedded/install/turtlebot3_example:/home/hb/Git/Embedded/install/robot_web_interface:/home/hb/Git/Embedded/install/delivery_interface:/home/hb/Git/Embedded/install/app_navigation:/opt/ros/humble /usr/bin/cmake --build /home/hb/Git/Embedded/build/turtlebot3_msgs -- -j16 -l16
[1.173s] [35m[1mConsolidate compiler generated dependencies of target turtlebot3_msgs__rosidl_generator_c[0m
[1.174s] [  1%] Built target turtlebot3_msgs__cpp
[1.174s] [ 12%] Built target turtlebot3_msgs__rosidl_generator_c
[1.174s] [35m[1mConsolidate compiler generated dependencies of target turtlebot3_msgs__rosidl_typesupport_fastrtps_cpp[0m
[1.174s] [ 12%] Built target ament_cmake_python_copy_turtlebot3_msgs
[1.174s] [35m[1mConsolidate compiler generated dependencies of target turtlebot3_msgs__rosidl_typesupport_c[0m
[1.174s] [35m[1mConsolidate compiler generated dependencies of target turtlebot3_msgs__rosidl_typesupport_introspection_c[0m
[1.174s] [35m[1mConsolidate compiler generated dependencies of target turtlebot3_msgs__rosidl_typesupport_introspection_cpp[0m
[1.174s] [35m[1mConsolidate compiler generated dependencies of target turtlebot3_msgs__rosidl_typesupport_fastrtps_c[0m
[1.174s] [35m[1mConsolidate compiler generated dependencies of target turtlebot3_msgs__rosidl_typesupport_cpp[0m
[1.174s] [ 24%] Built target turtlebot3_msgs__rosidl_typesupport_fastrtps_cpp
[1.175s] [ 35%] Built target turtlebot3_msgs__rosidl_typesupport_introspection_cpp
[1.175s] [ 46%] Built target turtlebot3_msgs__rosidl_typesupport_c
[1.175s] [ 58%] Built target turtlebot3_msgs__rosidl_typesupport_introspection_c
[1.175s] [ 69%] Built target turtlebot3_msgs__rosidl_typesupport_fastrtps_c
[1.175s] [ 81%] Built target turtlebot3_msgs__rosidl_typesupport_cpp
[1.175s] [ 81%] Built target turtlebot3_msgs
[1.175s] [ 82%] Built target turtlebot3_msgs__py
[1.175s] [35m[1mConsolidate compiler generated dependencies of target turtlebot3_msgs__rosidl_generator_py[0m
[1.175s] [ 92%] Built target turtlebot3_msgs__rosidl_generator_py
[1.177s] [35m[1mConsolidate compiler generated dependencies of target turtlebot3_msgs__rosidl_typesupport_c__pyext[0m
[1.177s] [35m[1mConsolidate compiler generated dependencies of target turtlebot3_msgs__rosidl_typesupport_fastrtps_c__pyext[0m
[1.177s] [35m[1mConsolidate compiler generated dependencies of target turtlebot3_msgs__rosidl_typesupport_introspection_c__pyext[0m
[1.177s] [ 94%] Built target turtlebot3_msgs__rosidl_typesupport_c__pyext
[1.177s] [ 97%] Built target turtlebot3_msgs__rosidl_typesupport_fastrtps_c__pyext
[1.177s] [100%] Built target turtlebot3_msgs__rosidl_typesupport_introspection_c__pyext
[1.178s] running egg_info
[1.178s] writing turtlebot3_msgs.egg-info/PKG-INFO
[1.179s] writing dependency_links to turtlebot3_msgs.egg-info/dependency_links.txt
[1.179s] writing top-level names to turtlebot3_msgs.egg-info/top_level.txt
[1.179s] reading manifest file 'turtlebot3_msgs.egg-info/SOURCES.txt'
[1.179s] writing manifest file 'turtlebot3_msgs.egg-info/SOURCES.txt'
[1.179s] [100%] Built target ament_cmake_python_build_turtlebot3_msgs_egg
[1.231s] Invoked command in '/home/hb/Git/Embedded/build/turtlebot3_msgs' returned '0': CMAKE_PREFIX_PATH=${CMAKE_PREFIX_PATH}:/home/hb/Git/Embedded/install/turtlebot3_teleop:/home/hb/Git/Embedded/install/turtlebot3_example:/home/hb/Git/Embedded/install/robot_web_interface:/home/hb/Git/Embedded/install/delivery_interface:/home/hb/Git/Embedded/install/app_navigation:/opt/ros/humble /usr/bin/cmake --build /home/hb/Git/Embedded/build/turtlebot3_msgs -- -j16 -l16
[1.233s] Invoking command in '/home/hb/Git/Embedded/build/turtlebot3_msgs': CMAKE_PREFIX_PATH=${CMAKE_PREFIX_PATH}:/home/hb/Git/Embedded/install/turtlebot3_teleop:/home/hb/Git/Embedded/install/turtlebot3_example:/home/hb/Git/Embedded/install/robot_web_interface:/home/hb/Git/Embedded/install/delivery_interface:/home/hb/Git/Embedded/install/app_navigation:/opt/ros/humble /usr/bin/cmake --install /home/hb/Git/Embedded/build/turtlebot3_msgs
[1.315s] -- Install configuration: ""
[1.315s] -- Up-to-date: /home/hb/Git/Embedded/install/turtlebot3_msgs/share/ament_index/resource_index/rosidl_interfaces/turtlebot3_msgs
[1.315s] -- Up-to-date: /home/hb/Git/Embedded/install/turtlebot3_msgs/include/turtlebot3_msgs/turtlebot3_msgs
[1.316s] -- Up-to-date: /home/hb/Git/Embedded/install/turtlebot3_msgs/include/turtlebot3_msgs/turtlebot3_msgs/msg
[1.316s] -- Up-to-date: /home/hb/Git/Embedded/install/turtlebot3_msgs/include/turtlebot3_msgs/turtlebot3_msgs/msg/sensor_state.h
[1.316s] -- Up-to-date: /home/hb/Git/Embedded/install/turtlebot3_msgs/include/turtlebot3_msgs/turtlebot3_msgs/msg/detail
[1.316s] -- Up-to-date: /home/hb/Git/Embedded/install/turtlebot3_msgs/include/turtlebot3_msgs/turtlebot3_msgs/msg/detail/version_info__functions.h
[1.316s] -- Up-to-date: /home/hb/Git/Embedded/install/turtlebot3_msgs/include/turtlebot3_msgs/turtlebot3_msgs/msg/detail/version_info__type_support.h
[1.316s] -- Up-to-date: /home/hb/Git/Embedded/install/turtlebot3_msgs/include/turtlebot3_msgs/turtlebot3_msgs/msg/detail/sound__type_support.h
[1.317s] -- Up-to-date: /home/hb/Git/Embedded/install/turtlebot3_msgs/include/turtlebot3_msgs/turtlebot3_msgs/msg/detail/sensor_state__functions.h
[1.317s] -- Up-to-date: /home/hb/Git/Embedded/install/turtlebot3_msgs/include/turtlebot3_msgs/turtlebot3_msgs/msg/detail/sensor_state__functions.c
[1.317s] -- Up-to-date: /home/hb/Git/Embedded/install/turtlebot3_msgs/include/turtlebot3_msgs/turtlebot3_msgs/msg/detail/sound__functions.h
[1.317s] -- Up-to-date: /home/hb/Git/Embedded/install/turtlebot3_msgs/include/turtlebot3_msgs/turtlebot3_msgs/msg/detail/sensor_state__struct.h
[1.317s] -- Up-to-date: /home/hb/Git/Embedded/install/turtlebot3_msgs/include/turtlebot3_msgs/turtlebot3_msgs/msg/detail/sensor_state__type_support.h
[1.317s] -- Up-to-date: /home/hb/Git/Embedded/install/turtlebot3_msgs/include/turtlebot3_msgs/turtlebot3_msgs/msg/detail/sound__functions.c
[1.317s] -- Up-to-date: /home/hb/Git/Embedded/install/turtlebot3_msgs/include/turtlebot3_msgs/turtlebot3_msgs/msg/detail/sound__struct.h
[1.317s] -- Up-to-date: /home/hb/Git/Embedded/install/turtlebot3_msgs/include/turtlebot3_msgs/turtlebot3_msgs/msg/detail/version_info__functions.c
[1.317s] -- Up-to-date: /home/hb/Git/Embedded/install/turtlebot3_msgs/include/turtlebot3_msgs/turtlebot3_msgs/msg/detail/version_info__struct.h
[1.317s] -- Up-to-date: /home/hb/Git/Embedded/install/turtlebot3_msgs/include/turtlebot3_msgs/turtlebot3_msgs/msg/sound.h
[1.318s] -- Up-to-date: /home/hb/Git/Embedded/install/turtlebot3_msgs/include/turtlebot3_msgs/turtlebot3_msgs/msg/version_info.h
[1.318s] -- Up-to-date: /home/hb/Git/Embedded/install/turtlebot3_msgs/include/turtlebot3_msgs/turtlebot3_msgs/msg/rosidl_generator_c__visibility_control.h
[1.318s] -- Up-to-date: /home/hb/Git/Embedded/install/turtlebot3_msgs/include/turtlebot3_msgs/turtlebot3_msgs/action
[1.318s] -- Up-to-date: /home/hb/Git/Embedded/install/turtlebot3_msgs/include/turtlebot3_msgs/turtlebot3_msgs/action/detail
[1.318s] -- Up-to-date: /home/hb/Git/Embedded/install/turtlebot3_msgs/include/turtlebot3_msgs/turtlebot3_msgs/action/detail/patrol__struct.h
[1.319s] -- Up-to-date: /home/hb/Git/Embedded/install/turtlebot3_msgs/include/turtlebot3_msgs/turtlebot3_msgs/action/detail/patrol__functions.c
[1.319s] -- Up-to-date: /home/hb/Git/Embedded/install/turtlebot3_msgs/include/turtlebot3_msgs/turtlebot3_msgs/action/detail/patrol__type_support.h
[1.319s] -- Up-to-date: /home/hb/Git/Embedded/install/turtlebot3_msgs/include/turtlebot3_msgs/turtlebot3_msgs/action/detail/patrol__functions.h
[1.319s] -- Up-to-date: /home/hb/Git/Embedded/install/turtlebot3_msgs/include/turtlebot3_msgs/turtlebot3_msgs/action/patrol.h
[1.320s] -- Up-to-date: /home/hb/Git/Embedded/install/turtlebot3_msgs/include/turtlebot3_msgs/turtlebot3_msgs/srv
[1.320s] -- Up-to-date: /home/hb/Git/Embedded/install/turtlebot3_msgs/include/turtlebot3_msgs/turtlebot3_msgs/srv/detail
[1.320s] -- Up-to-date: /home/hb/Git/Embedded/install/turtlebot3_msgs/include/turtlebot3_msgs/turtlebot3_msgs/srv/detail/sound__type_support.h
[1.320s] -- Up-to-date: /home/hb/Git/Embedded/install/turtlebot3_msgs/include/turtlebot3_msgs/turtlebot3_msgs/srv/detail/goal__functions.c
[1.320s] -- Up-to-date: /home/hb/Git/Embedded/install/turtlebot3_msgs/include/turtlebot3_msgs/turtlebot3_msgs/srv/detail/dqn__functions.c
[1.321s] -- Up-to-date: /home/hb/Git/Embedded/install/turtlebot3_msgs/include/turtlebot3_msgs/turtlebot3_msgs/srv/detail/dqn__type_support.h
[1.321s] -- Up-to-date: /home/hb/Git/Embedded/install/turtlebot3_msgs/include/turtlebot3_msgs/turtlebot3_msgs/srv/detail/goal__functions.h
[1.321s] -- Up-to-date: /home/hb/Git/Embedded/install/turtlebot3_msgs/include/turtlebot3_msgs/turtlebot3_msgs/srv/detail/goal__struct.h
[1.321s] -- Up-to-date: /home/hb/Git/Embedded/install/turtlebot3_msgs/include/turtlebot3_msgs/turtlebot3_msgs/srv/detail/dqn__struct.h
[1.321s] -- Up-to-date: /home/hb/Git/Embedded/install/turtlebot3_msgs/include/turtlebot3_msgs/turtlebot3_msgs/srv/detail/sound__functions.h
[1.322s] -- Up-to-date: /home/hb/Git/Embedded/install/turtlebot3_msgs/include/turtlebot3_msgs/turtlebot3_msgs/srv/detail/goal__type_support.h
[1.323s] -- Up-to-date: /home/hb/Git/Embedded/install/turtlebot3_msgs/include/turtlebot3_msgs/turtlebot3_msgs/srv/detail/dqn__functions.h
[1.323s] -- Up-to-date: /home/hb/Git/Embedded/install/turtlebot3_msgs/include/turtlebot3_msgs/turtlebot3_msgs/srv/detail/sound__functions.c
[1.323s] -- Up-to-date: /home/hb/Git/Embedded/install/turtlebot3_msgs/include/turtlebot3_msgs/turtlebot3_msgs/srv/detail/sound__struct.h
[1.323s] -- Up-to-date: /home/hb/Git/Embedded/install/turtlebot3_msgs/include/turtlebot3_msgs/turtlebot3_msgs/srv/dqn.h
[1.323s] -- Up-to-date: /home/hb/Git/Embedded/install/turtlebot3_msgs/include/turtlebot3_msgs/turtlebot3_msgs/srv/sound.h
[1.323s] -- Up-to-date: /home/hb/Git/Embedded/install/turtlebot3_msgs/include/turtlebot3_msgs/turtlebot3_msgs/srv/goal.h
[1.323s] -- Up-to-date: /home/hb/Git/Embedded/install/turtlebot3_msgs/share/turtlebot3_msgs/environment/library_path.sh
[1.323s] -- Up-to-date: /home/hb/Git/Embedded/install/turtlebot3_msgs/share/turtlebot3_msgs/environment/library_path.dsv
[1.324s] -- Up-to-date: /home/hb/Git/Embedded/install/turtlebot3_msgs/lib/libturtlebot3_msgs__rosidl_generator_c.so
[1.324s] -- Up-to-date: /home/hb/Git/Embedded/install/turtlebot3_msgs/include/turtlebot3_msgs/turtlebot3_msgs
[1.324s] -- Up-to-date: /home/hb/Git/Embedded/install/turtlebot3_msgs/include/turtlebot3_msgs/turtlebot3_msgs/msg
[1.324s] -- Up-to-date: /home/hb/Git/Embedded/install/turtlebot3_msgs/include/turtlebot3_msgs/turtlebot3_msgs/msg/detail
[1.324s] -- Up-to-date: /home/hb/Git/Embedded/install/turtlebot3_msgs/include/turtlebot3_msgs/turtlebot3_msgs/msg/detail/sound__rosidl_typesupport_fastrtps_c.h
[1.324s] -- Up-to-date: /home/hb/Git/Embedded/install/turtlebot3_msgs/include/turtlebot3_msgs/turtlebot3_msgs/msg/detail/version_info__rosidl_typesupport_fastrtps_c.h
[1.324s] -- Up-to-date: /home/hb/Git/Embedded/install/turtlebot3_msgs/include/turtlebot3_msgs/turtlebot3_msgs/msg/detail/sensor_state__rosidl_typesupport_fastrtps_c.h
[1.324s] -- Up-to-date: /home/hb/Git/Embedded/install/turtlebot3_msgs/include/turtlebot3_msgs/turtlebot3_msgs/msg/rosidl_typesupport_fastrtps_c__visibility_control.h
[1.324s] -- Up-to-date: /home/hb/Git/Embedded/install/turtlebot3_msgs/include/turtlebot3_msgs/turtlebot3_msgs/action
[1.325s] -- Up-to-date: /home/hb/Git/Embedded/install/turtlebot3_msgs/include/turtlebot3_msgs/turtlebot3_msgs/action/detail
[1.325s] -- Up-to-date: /home/hb/Git/Embedded/install/turtlebot3_msgs/include/turtlebot3_msgs/turtlebot3_msgs/action/detail/patrol__rosidl_typesupport_fastrtps_c.h
[1.325s] -- Up-to-date: /home/hb/Git/Embedded/install/turtlebot3_msgs/include/turtlebot3_msgs/turtlebot3_msgs/srv
[1.325s] -- Up-to-date: /home/hb/Git/Embedded/install/turtlebot3_msgs/include/turtlebot3_msgs/turtlebot3_msgs/srv/detail
[1.325s] -- Up-to-date: /home/hb/Git/Embedded/install/turtlebot3_msgs/include/turtlebot3_msgs/turtlebot3_msgs/srv/detail/sound__rosidl_typesupport_fastrtps_c.h
[1.325s] -- Up-to-date: /home/hb/Git/Embedded/install/turtlebot3_msgs/include/turtlebot3_msgs/turtlebot3_msgs/srv/detail/dqn__rosidl_typesupport_fastrtps_c.h
[1.325s] -- Up-to-date: /home/hb/Git/Embedded/install/turtlebot3_msgs/include/turtlebot3_msgs/turtlebot3_msgs/srv/detail/goal__rosidl_typesupport_fastrtps_c.h
[1.326s] -- Up-to-date: /home/hb/Git/Embedded/install/turtlebot3_msgs/lib/libturtlebot3_msgs__rosidl_typesupport_fastrtps_c.so
[1.326s] -- Up-to-date: /home/hb/Git/Embedded/install/turtlebot3_msgs/include/turtlebot3_msgs/turtlebot3_msgs
[1.326s] -- Up-to-date: /home/hb/Git/Embedded/install/turtlebot3_msgs/include/turtlebot3_msgs/turtlebot3_msgs/msg
[1.326s] -- Up-to-date: /home/hb/Git/Embedded/install/turtlebot3_msgs/include/turtlebot3_msgs/turtlebot3_msgs/msg/rosidl_generator_cpp__visibility_control.hpp
[1.326s] -- Up-to-date: /home/hb/Git/Embedded/install/turtlebot3_msgs/include/turtlebot3_msgs/turtlebot3_msgs/msg/detail
[1.326s] -- Up-to-date: /home/hb/Git/Embedded/install/turtlebot3_msgs/include/turtlebot3_msgs/turtlebot3_msgs/msg/detail/sound__struct.hpp
[1.326s] -- Up-to-date: /home/hb/Git/Embedded/install/turtlebot3_msgs/include/turtlebot3_msgs/turtlebot3_msgs/msg/detail/sensor_state__builder.hpp
[1.326s] -- Up-to-date: /home/hb/Git/Embedded/install/turtlebot3_msgs/include/turtlebot3_msgs/turtlebot3_msgs/msg/detail/version_info__builder.hpp
[1.327s] -- Up-to-date: /home/hb/Git/Embedded/install/turtlebot3_msgs/include/turtlebot3_msgs/turtlebot3_msgs/msg/detail/sound__type_support.hpp
[1.327s] -- Up-to-date: /home/hb/Git/Embedded/install/turtlebot3_msgs/include/turtlebot3_msgs/turtlebot3_msgs/msg/detail/version_info__type_support.hpp
[1.327s] -- Up-to-date: /home/hb/Git/Embedded/install/turtlebot3_msgs/include/turtlebot3_msgs/turtlebot3_msgs/msg/detail/version_info__traits.hpp
[1.327s] -- Up-to-date: /home/hb/Git/Embedded/install/turtlebot3_msgs/include/turtlebot3_msgs/turtlebot3_msgs/msg/detail/sensor_state__struct.hpp
[1.327s] -- Up-to-date: /home/hb/Git/Embedded/install/turtlebot3_msgs/include/turtlebot3_msgs/turtlebot3_msgs/msg/detail/sensor_state__type_support.hpp
[1.327s] -- Up-to-date: /home/hb/Git/Embedded/install/turtlebot3_msgs/include/turtlebot3_msgs/turtlebot3_msgs/msg/detail/version_info__struct.hpp
[1.328s] -- Up-to-date: /home/hb/Git/Embedded/install/turtlebot3_msgs/include/turtlebot3_msgs/turtlebot3_msgs/msg/detail/sensor_state__traits.hpp
[1.328s] -- Up-to-date: /home/hb/Git/Embedded/install/turtlebot3_msgs/include/turtlebot3_msgs/turtlebot3_msgs/msg/detail/sound__traits.hpp
[1.328s] -- Up-to-date: /home/hb/Git/Embedded/install/turtlebot3_msgs/include/turtlebot3_msgs/turtlebot3_msgs/msg/detail/sound__builder.hpp
[1.328s] -- Up-to-date: /home/hb/Git/Embedded/install/turtlebot3_msgs/include/turtlebot3_msgs/turtlebot3_msgs/msg/sensor_state.hpp
[1.328s] -- Up-to-date: /home/hb/Git/Embedded/install/turtlebot3_msgs/include/turtlebot3_msgs/turtlebot3_msgs/msg/version_info.hpp
[1.328s] -- Up-to-date: /home/hb/Git/Embedded/install/turtlebot3_msgs/include/turtlebot3_msgs/turtlebot3_msgs/msg/sound.hpp
[1.328s] -- Up-to-date: /home/hb/Git/Embedded/install/turtlebot3_msgs/include/turtlebot3_msgs/turtlebot3_msgs/action
[1.328s] -- Up-to-date: /home/hb/Git/Embedded/install/turtlebot3_msgs/include/turtlebot3_msgs/turtlebot3_msgs/action/detail
[1.329s] -- Up-to-date: /home/hb/Git/Embedded/install/turtlebot3_msgs/include/turtlebot3_msgs/turtlebot3_msgs/action/detail/patrol__builder.hpp
[1.329s] -- Up-to-date: /home/hb/Git/Embedded/install/turtlebot3_msgs/include/turtlebot3_msgs/turtlebot3_msgs/action/detail/patrol__struct.hpp
[1.329s] -- Up-to-date: /home/hb/Git/Embedded/install/turtlebot3_msgs/include/turtlebot3_msgs/turtlebot3_msgs/action/detail/patrol__type_support.hpp
[1.329s] -- Up-to-date: /home/hb/Git/Embedded/install/turtlebot3_msgs/include/turtlebot3_msgs/turtlebot3_msgs/action/detail/patrol__traits.hpp
[1.329s] -- Up-to-date: /home/hb/Git/Embedded/install/turtlebot3_msgs/include/turtlebot3_msgs/turtlebot3_msgs/action/patrol.hpp
[1.329s] -- Up-to-date: /home/hb/Git/Embedded/install/turtlebot3_msgs/include/turtlebot3_msgs/turtlebot3_msgs/srv
[1.329s] -- Up-to-date: /home/hb/Git/Embedded/install/turtlebot3_msgs/include/turtlebot3_msgs/turtlebot3_msgs/srv/dqn.hpp
[1.329s] -- Up-to-date: /home/hb/Git/Embedded/install/turtlebot3_msgs/include/turtlebot3_msgs/turtlebot3_msgs/srv/detail
[1.329s] -- Up-to-date: /home/hb/Git/Embedded/install/turtlebot3_msgs/include/turtlebot3_msgs/turtlebot3_msgs/srv/detail/sound__struct.hpp
[1.329s] -- Up-to-date: /home/hb/Git/Embedded/install/turtlebot3_msgs/include/turtlebot3_msgs/turtlebot3_msgs/srv/detail/goal__traits.hpp
[1.329s] -- Up-to-date: /home/hb/Git/Embedded/install/turtlebot3_msgs/include/turtlebot3_msgs/turtlebot3_msgs/srv/detail/dqn__type_support.hpp
[1.330s] -- Up-to-date: /home/hb/Git/Embedded/install/turtlebot3_msgs/include/turtlebot3_msgs/turtlebot3_msgs/srv/detail/sound__type_support.hpp
[1.330s] -- Up-to-date: /home/hb/Git/Embedded/install/turtlebot3_msgs/include/turtlebot3_msgs/turtlebot3_msgs/srv/detail/dqn__builder.hpp
[1.330s] -- Up-to-date: /home/hb/Git/Embedded/install/turtlebot3_msgs/include/turtlebot3_msgs/turtlebot3_msgs/srv/detail/goal__builder.hpp
[1.330s] -- Up-to-date: /home/hb/Git/Embedded/install/turtlebot3_msgs/include/turtlebot3_msgs/turtlebot3_msgs/srv/detail/dqn__traits.hpp
[1.330s] -- Up-to-date: /home/hb/Git/Embedded/install/turtlebot3_msgs/include/turtlebot3_msgs/turtlebot3_msgs/srv/detail/goal__struct.hpp
[1.330s] -- Up-to-date: /home/hb/Git/Embedded/install/turtlebot3_msgs/include/turtlebot3_msgs/turtlebot3_msgs/srv/detail/sound__traits.hpp
[1.330s] -- Up-to-date: /home/hb/Git/Embedded/install/turtlebot3_msgs/include/turtlebot3_msgs/turtlebot3_msgs/srv/detail/dqn__struct.hpp
[1.331s] -- Up-to-date: /home/hb/Git/Embedded/install/turtlebot3_msgs/include/turtlebot3_msgs/turtlebot3_msgs/srv/detail/sound__builder.hpp
[1.331s] -- Up-to-date: /home/hb/Git/Embedded/install/turtlebot3_msgs/include/turtlebot3_msgs/turtlebot3_msgs/srv/detail/goal__type_support.hpp
[1.331s] -- Up-to-date: /home/hb/Git/Embedded/install/turtlebot3_msgs/include/turtlebot3_msgs/turtlebot3_msgs/srv/goal.hpp
[1.332s] -- Up-to-date: /home/hb/Git/Embedded/install/turtlebot3_msgs/include/turtlebot3_msgs/turtlebot3_msgs/srv/sound.hpp
[1.332s] -- Up-to-date: /home/hb/Git/Embedded/install/turtlebot3_msgs/include/turtlebot3_msgs/turtlebot3_msgs
[1.332s] -- Up-to-date: /home/hb/Git/Embedded/install/turtlebot3_msgs/include/turtlebot3_msgs/turtlebot3_msgs/msg
[1.332s] -- Up-to-date: /home/hb/Git/Embedded/install/turtlebot3_msgs/include/turtlebot3_msgs/turtlebot3_msgs/msg/detail
[1.332s] -- Up-to-date: /home/hb/Git/Embedded/install/turtlebot3_msgs/include/turtlebot3_msgs/turtlebot3_msgs/msg/detail/sensor_state__rosidl_typesupport_fastrtps_cpp.hpp
[1.333s] -- Up-to-date: /home/hb/Git/Embedded/install/turtlebot3_msgs/include/turtlebot3_msgs/turtlebot3_msgs/msg/detail/version_info__rosidl_typesupport_fastrtps_cpp.hpp
[1.333s] -- Up-to-date: /home/hb/Git/Embedded/install/turtlebot3_msgs/include/turtlebot3_msgs/turtlebot3_msgs/msg/detail/sound__rosidl_typesupport_fastrtps_cpp.hpp
[1.333s] -- Up-to-date: /home/hb/Git/Embedded/install/turtlebot3_msgs/include/turtlebot3_msgs/turtlebot3_msgs/msg/detail/dds_fastrtps
[1.333s] -- Up-to-date: /home/hb/Git/Embedded/install/turtlebot3_msgs/include/turtlebot3_msgs/turtlebot3_msgs/msg/rosidl_typesupport_fastrtps_cpp__visibility_control.h
[1.333s] -- Up-to-date: /home/hb/Git/Embedded/install/turtlebot3_msgs/include/turtlebot3_msgs/turtlebot3_msgs/action
[1.333s] -- Up-to-date: /home/hb/Git/Embedded/install/turtlebot3_msgs/include/turtlebot3_msgs/turtlebot3_msgs/action/detail
[1.333s] -- Up-to-date: /home/hb/Git/Embedded/install/turtlebot3_msgs/include/turtlebot3_msgs/turtlebot3_msgs/action/detail/patrol__rosidl_typesupport_fastrtps_cpp.hpp
[1.333s] -- Up-to-date: /home/hb/Git/Embedded/install/turtlebot3_msgs/include/turtlebot3_msgs/turtlebot3_msgs/action/detail/dds_fastrtps
[1.334s] -- Up-to-date: /home/hb/Git/Embedded/install/turtlebot3_msgs/include/turtlebot3_msgs/turtlebot3_msgs/srv
[1.334s] -- Up-to-date: /home/hb/Git/Embedded/install/turtlebot3_msgs/include/turtlebot3_msgs/turtlebot3_msgs/srv/detail
[1.334s] -- Up-to-date: /home/hb/Git/Embedded/install/turtlebot3_msgs/include/turtlebot3_msgs/turtlebot3_msgs/srv/detail/goal__rosidl_typesupport_fastrtps_cpp.hpp
[1.334s] -- Up-to-date: /home/hb/Git/Embedded/install/turtlebot3_msgs/include/turtlebot3_msgs/turtlebot3_msgs/srv/detail/dqn__rosidl_typesupport_fastrtps_cpp.hpp
[1.335s] -- Up-to-date: /home/hb/Git/Embedded/install/turtlebot3_msgs/include/turtlebot3_msgs/turtlebot3_msgs/srv/detail/sound__rosidl_typesupport_fastrtps_cpp.hpp
[1.336s] -- Up-to-date: /home/hb/Git/Embedded/install/turtlebot3_msgs/include/turtlebot3_msgs/turtlebot3_msgs/srv/detail/dds_fastrtps
[1.336s] -- Up-to-date: /home/hb/Git/Embedded/install/turtlebot3_msgs/lib/libturtlebot3_msgs__rosidl_typesupport_fastrtps_cpp.so
[1.336s] -- Up-to-date: /home/hb/Git/Embedded/install/turtlebot3_msgs/include/turtlebot3_msgs/turtlebot3_msgs
[1.336s] -- Up-to-date: /home/hb/Git/Embedded/install/turtlebot3_msgs/include/turtlebot3_msgs/turtlebot3_msgs/msg
[1.336s] -- Up-to-date: /home/hb/Git/Embedded/install/turtlebot3_msgs/include/turtlebot3_msgs/turtlebot3_msgs/msg/detail
[1.336s] -- Up-to-date: /home/hb/Git/Embedded/install/turtlebot3_msgs/include/turtlebot3_msgs/turtlebot3_msgs/msg/detail/sensor_state__type_support.c
[1.337s] -- Up-to-date: /home/hb/Git/Embedded/install/turtlebot3_msgs/include/turtlebot3_msgs/turtlebot3_msgs/msg/detail/version_info__type_support.c
[1.337s] -- Up-to-date: /home/hb/Git/Embedded/install/turtlebot3_msgs/include/turtlebot3_msgs/turtlebot3_msgs/msg/detail/sound__type_support.c
[1.337s] -- Up-to-date: /home/hb/Git/Embedded/install/turtlebot3_msgs/include/turtlebot3_msgs/turtlebot3_msgs/msg/detail/sound__rosidl_typesupport_introspection_c.h
[1.337s] -- Up-to-date: /home/hb/Git/Embedded/install/turtlebot3_msgs/include/turtlebot3_msgs/turtlebot3_msgs/msg/detail/version_info__rosidl_typesupport_introspection_c.h
[1.337s] -- Up-to-date: /home/hb/Git/Embedded/install/turtlebot3_msgs/include/turtlebot3_msgs/turtlebot3_msgs/msg/detail/sensor_state__rosidl_typesupport_introspection_c.h
[1.337s] -- Up-to-date: /home/hb/Git/Embedded/install/turtlebot3_msgs/include/turtlebot3_msgs/turtlebot3_msgs/msg/rosidl_typesupport_introspection_c__visibility_control.h
[1.337s] -- Up-to-date: /home/hb/Git/Embedded/install/turtlebot3_msgs/include/turtlebot3_msgs/turtlebot3_msgs/action
[1.337s] -- Up-to-date: /home/hb/Git/Embedded/install/turtlebot3_msgs/include/turtlebot3_msgs/turtlebot3_msgs/action/detail
[1.337s] -- Up-to-date: /home/hb/Git/Embedded/install/turtlebot3_msgs/include/turtlebot3_msgs/turtlebot3_msgs/action/detail/patrol__type_support.c
[1.337s] -- Up-to-date: /home/hb/Git/Embedded/install/turtlebot3_msgs/include/turtlebot3_msgs/turtlebot3_msgs/action/detail/patrol__rosidl_typesupport_introspection_c.h
[1.338s] -- Up-to-date: /home/hb/Git/Embedded/install/turtlebot3_msgs/include/turtlebot3_msgs/turtlebot3_msgs/srv
[1.338s] -- Up-to-date: /home/hb/Git/Embedded/install/turtlebot3_msgs/include/turtlebot3_msgs/turtlebot3_msgs/srv/detail
[1.338s] -- Up-to-date: /home/hb/Git/Embedded/install/turtlebot3_msgs/include/turtlebot3_msgs/turtlebot3_msgs/srv/detail/goal__rosidl_typesupport_introspection_c.h
[1.338s] -- Up-to-date: /home/hb/Git/Embedded/install/turtlebot3_msgs/include/turtlebot3_msgs/turtlebot3_msgs/srv/detail/sound__type_support.c
[1.338s] -- Up-to-date: /home/hb/Git/Embedded/install/turtlebot3_msgs/include/turtlebot3_msgs/turtlebot3_msgs/srv/detail/sound__rosidl_typesupport_introspection_c.h
[1.338s] -- Up-to-date: /home/hb/Git/Embedded/install/turtlebot3_msgs/include/turtlebot3_msgs/turtlebot3_msgs/srv/detail/goal__type_support.c
[1.338s] -- Up-to-date: /home/hb/Git/Embedded/install/turtlebot3_msgs/include/turtlebot3_msgs/turtlebot3_msgs/srv/detail/dqn__rosidl_typesupport_introspection_c.h
[1.339s] -- Up-to-date: /home/hb/Git/Embedded/install/turtlebot3_msgs/include/turtlebot3_msgs/turtlebot3_msgs/srv/detail/dqn__type_support.c
[1.339s] -- Up-to-date: /home/hb/Git/Embedded/install/turtlebot3_msgs/lib/libturtlebot3_msgs__rosidl_typesupport_introspection_c.so
[1.339s] -- Up-to-date: /home/hb/Git/Embedded/install/turtlebot3_msgs/lib/libturtlebot3_msgs__rosidl_typesupport_c.so
[1.339s] -- Up-to-date: /home/hb/Git/Embedded/install/turtlebot3_msgs/include/turtlebot3_msgs/turtlebot3_msgs
[1.339s] -- Up-to-date: /home/hb/Git/Embedded/install/turtlebot3_msgs/include/turtlebot3_msgs/turtlebot3_msgs/msg
[1.339s] -- Up-to-date: /home/hb/Git/Embedded/install/turtlebot3_msgs/include/turtlebot3_msgs/turtlebot3_msgs/msg/detail
[1.340s] -- Up-to-date: /home/hb/Git/Embedded/install/turtlebot3_msgs/include/turtlebot3_msgs/turtlebot3_msgs/msg/detail/version_info__type_support.cpp
[1.340s] -- Up-to-date: /home/hb/Git/Embedded/install/turtlebot3_msgs/include/turtlebot3_msgs/turtlebot3_msgs/msg/detail/sound__type_support.cpp
[1.340s] -- Up-to-date: /home/hb/Git/Embedded/install/turtlebot3_msgs/include/turtlebot3_msgs/turtlebot3_msgs/msg/detail/version_info__rosidl_typesupport_introspection_cpp.hpp
[1.340s] -- Up-to-date: /home/hb/Git/Embedded/install/turtlebot3_msgs/include/turtlebot3_msgs/turtlebot3_msgs/msg/detail/sensor_state__type_support.cpp
[1.340s] -- Up-to-date: /home/hb/Git/Embedded/install/turtlebot3_msgs/include/turtlebot3_msgs/turtlebot3_msgs/msg/detail/sound__rosidl_typesupport_introspection_cpp.hpp
[1.340s] -- Up-to-date: /home/hb/Git/Embedded/install/turtlebot3_msgs/include/turtlebot3_msgs/turtlebot3_msgs/msg/detail/sensor_state__rosidl_typesupport_introspection_cpp.hpp
[1.341s] -- Up-to-date: /home/hb/Git/Embedded/install/turtlebot3_msgs/include/turtlebot3_msgs/turtlebot3_msgs/action
[1.341s] -- Up-to-date: /home/hb/Git/Embedded/install/turtlebot3_msgs/include/turtlebot3_msgs/turtlebot3_msgs/action/detail
[1.341s] -- Up-to-date: /home/hb/Git/Embedded/install/turtlebot3_msgs/include/turtlebot3_msgs/turtlebot3_msgs/action/detail/patrol__rosidl_typesupport_introspection_cpp.hpp
[1.341s] -- Up-to-date: /home/hb/Git/Embedded/install/turtlebot3_msgs/include/turtlebot3_msgs/turtlebot3_msgs/action/detail/patrol__type_support.cpp
[1.341s] -- Up-to-date: /home/hb/Git/Embedded/install/turtlebot3_msgs/include/turtlebot3_msgs/turtlebot3_msgs/srv
[1.341s] -- Up-to-date: /home/hb/Git/Embedded/install/turtlebot3_msgs/include/turtlebot3_msgs/turtlebot3_msgs/srv/detail
[1.342s] -- Up-to-date: /home/hb/Git/Embedded/install/turtlebot3_msgs/include/turtlebot3_msgs/turtlebot3_msgs/srv/detail/goal__type_support.cpp
[1.342s] -- Up-to-date: /home/hb/Git/Embedded/install/turtlebot3_msgs/include/turtlebot3_msgs/turtlebot3_msgs/srv/detail/sound__type_support.cpp
[1.342s] -- Up-to-date: /home/hb/Git/Embedded/install/turtlebot3_msgs/include/turtlebot3_msgs/turtlebot3_msgs/srv/detail/dqn__type_support.cpp
[1.342s] -- Up-to-date: /home/hb/Git/Embedded/install/turtlebot3_msgs/include/turtlebot3_msgs/turtlebot3_msgs/srv/detail/sound__rosidl_typesupport_introspection_cpp.hpp
[1.342s] -- Up-to-date: /home/hb/Git/Embedded/install/turtlebot3_msgs/include/turtlebot3_msgs/turtlebot3_msgs/srv/detail/dqn__rosidl_typesupport_introspection_cpp.hpp
[1.342s] -- Up-to-date: /home/hb/Git/Embedded/install/turtlebot3_msgs/include/turtlebot3_msgs/turtlebot3_msgs/srv/detail/goal__rosidl_typesupport_introspection_cpp.hpp
[1.343s] -- Up-to-date: /home/hb/Git/Embedded/install/turtlebot3_msgs/lib/libturtlebot3_msgs__rosidl_typesupport_introspection_cpp.so
[1.343s] -- Up-to-date: /home/hb/Git/Embedded/install/turtlebot3_msgs/lib/libturtlebot3_msgs__rosidl_typesupport_cpp.so
[1.343s] -- Up-to-date: /home/hb/Git/Embedded/install/turtlebot3_msgs/share/turtlebot3_msgs/environment/pythonpath.sh
[1.343s] -- Up-to-date: /home/hb/Git/Embedded/install/turtlebot3_msgs/share/turtlebot3_msgs/environment/pythonpath.dsv
[1.343s] -- Up-to-date: /home/hb/Git/Embedded/install/turtlebot3_msgs/local/lib/python3.10/dist-packages/turtlebot3_msgs-2.4.0-py3.10.egg-info
[1.343s] -- Installing: /home/hb/Git/Embedded/install/turtlebot3_msgs/local/lib/python3.10/dist-packages/turtlebot3_msgs-2.4.0-py3.10.egg-info/PKG-INFO
[1.343s] -- Installing: /home/hb/Git/Embedded/install/turtlebot3_msgs/local/lib/python3.10/dist-packages/turtlebot3_msgs-2.4.0-py3.10.egg-info/dependency_links.txt
[1.343s] -- Installing: /home/hb/Git/Embedded/install/turtlebot3_msgs/local/lib/python3.10/dist-packages/turtlebot3_msgs-2.4.0-py3.10.egg-info/top_level.txt
[1.343s] -- Installing: /home/hb/Git/Embedded/install/turtlebot3_msgs/local/lib/python3.10/dist-packages/turtlebot3_msgs-2.4.0-py3.10.egg-info/SOURCES.txt
[1.344s] -- Up-to-date: /home/hb/Git/Embedded/install/turtlebot3_msgs/local/lib/python3.10/dist-packages/turtlebot3_msgs
[1.344s] -- Up-to-date: /home/hb/Git/Embedded/install/turtlebot3_msgs/local/lib/python3.10/dist-packages/turtlebot3_msgs/msg
[1.344s] -- Up-to-date: /home/hb/Git/Embedded/install/turtlebot3_msgs/local/lib/python3.10/dist-packages/turtlebot3_msgs/msg/_sensor_state.py
[1.344s] -- Up-to-date: /home/hb/Git/Embedded/install/turtlebot3_msgs/local/lib/python3.10/dist-packages/turtlebot3_msgs/msg/_version_info_s.c
[1.344s] -- Up-to-date: /home/hb/Git/Embedded/install/turtlebot3_msgs/local/lib/python3.10/dist-packages/turtlebot3_msgs/msg/_sensor_state_s.c
[1.344s] -- Up-to-date: /home/hb/Git/Embedded/install/turtlebot3_msgs/local/lib/python3.10/dist-packages/turtlebot3_msgs/msg/_version_info.py
[1.344s] -- Up-to-date: /home/hb/Git/Embedded/install/turtlebot3_msgs/local/lib/python3.10/dist-packages/turtlebot3_msgs/msg/_sound_s.c
[1.344s] -- Up-to-date: /home/hb/Git/Embedded/install/turtlebot3_msgs/local/lib/python3.10/dist-packages/turtlebot3_msgs/msg/__init__.py
[1.344s] -- Up-to-date: /home/hb/Git/Embedded/install/turtlebot3_msgs/local/lib/python3.10/dist-packages/turtlebot3_msgs/msg/_sound.py
[1.345s] -- Up-to-date: /home/hb/Git/Embedded/install/turtlebot3_msgs/local/lib/python3.10/dist-packages/turtlebot3_msgs/turtlebot3_msgs_s__rosidl_typesupport_c.cpython-310-x86_64-linux-gnu.so
[1.345s] -- Up-to-date: /home/hb/Git/Embedded/install/turtlebot3_msgs/local/lib/python3.10/dist-packages/turtlebot3_msgs/_turtlebot3_msgs_s.ep.rosidl_typesupport_introspection_c.c
[1.345s] -- Up-to-date: /home/hb/Git/Embedded/install/turtlebot3_msgs/local/lib/python3.10/dist-packages/turtlebot3_msgs/action
[1.345s] -- Up-to-date: /home/hb/Git/Embedded/install/turtlebot3_msgs/local/lib/python3.10/dist-packages/turtlebot3_msgs/action/_patrol.py
[1.345s] -- Up-to-date: /home/hb/Git/Embedded/install/turtlebot3_msgs/local/lib/python3.10/dist-packages/turtlebot3_msgs/action/_patrol_s.c
[1.345s] -- Up-to-date: /home/hb/Git/Embedded/install/turtlebot3_msgs/local/lib/python3.10/dist-packages/turtlebot3_msgs/action/__init__.py
[1.345s] -- Up-to-date: /home/hb/Git/Embedded/install/turtlebot3_msgs/local/lib/python3.10/dist-packages/turtlebot3_msgs/_turtlebot3_msgs_s.ep.rosidl_typesupport_c.c
[1.345s] -- Up-to-date: /home/hb/Git/Embedded/install/turtlebot3_msgs/local/lib/python3.10/dist-packages/turtlebot3_msgs/_turtlebot3_msgs_s.ep.rosidl_typesupport_fastrtps_c.c
[1.346s] -- Up-to-date: /home/hb/Git/Embedded/install/turtlebot3_msgs/local/lib/python3.10/dist-packages/turtlebot3_msgs/turtlebot3_msgs_s__rosidl_typesupport_introspection_c.cpython-310-x86_64-linux-gnu.so
[1.346s] -- Up-to-date: /home/hb/Git/Embedded/install/turtlebot3_msgs/local/lib/python3.10/dist-packages/turtlebot3_msgs/libturtlebot3_msgs__rosidl_generator_py.so
[1.346s] -- Up-to-date: /home/hb/Git/Embedded/install/turtlebot3_msgs/local/lib/python3.10/dist-packages/turtlebot3_msgs/turtlebot3_msgs_s__rosidl_typesupport_fastrtps_c.cpython-310-x86_64-linux-gnu.so
[1.346s] -- Up-to-date: /home/hb/Git/Embedded/install/turtlebot3_msgs/local/lib/python3.10/dist-packages/turtlebot3_msgs/srv
[1.346s] -- Up-to-date: /home/hb/Git/Embedded/install/turtlebot3_msgs/local/lib/python3.10/dist-packages/turtlebot3_msgs/srv/_goal_s.c
[1.346s] -- Up-to-date: /home/hb/Git/Embedded/install/turtlebot3_msgs/local/lib/python3.10/dist-packages/turtlebot3_msgs/srv/_dqn_s.c
[1.346s] -- Up-to-date: /home/hb/Git/Embedded/install/turtlebot3_msgs/local/lib/python3.10/dist-packages/turtlebot3_msgs/srv/_dqn.py
[1.346s] -- Up-to-date: /home/hb/Git/Embedded/install/turtlebot3_msgs/local/lib/python3.10/dist-packages/turtlebot3_msgs/srv/_sound_s.c
[1.347s] -- Up-to-date: /home/hb/Git/Embedded/install/turtlebot3_msgs/local/lib/python3.10/dist-packages/turtlebot3_msgs/srv/_goal.py
[1.347s] -- Up-to-date: /home/hb/Git/Embedded/install/turtlebot3_msgs/local/lib/python3.10/dist-packages/turtlebot3_msgs/srv/__init__.py
[1.347s] -- Up-to-date: /home/hb/Git/Embedded/install/turtlebot3_msgs/local/lib/python3.10/dist-packages/turtlebot3_msgs/srv/_sound.py
[1.347s] -- Up-to-date: /home/hb/Git/Embedded/install/turtlebot3_msgs/local/lib/python3.10/dist-packages/turtlebot3_msgs/__init__.py
[1.361s] Listing '/home/hb/Git/Embedded/install/turtlebot3_msgs/local/lib/python3.10/dist-packages/turtlebot3_msgs'...
[1.361s] Listing '/home/hb/Git/Embedded/install/turtlebot3_msgs/local/lib/python3.10/dist-packages/turtlebot3_msgs/action'...
[1.361s] Listing '/home/hb/Git/Embedded/install/turtlebot3_msgs/local/lib/python3.10/dist-packages/turtlebot3_msgs/msg'...
[1.361s] Listing '/home/hb/Git/Embedded/install/turtlebot3_msgs/local/lib/python3.10/dist-packages/turtlebot3_msgs/srv'...
[1.361s] -- Up-to-date: /home/hb/Git/Embedded/install/turtlebot3_msgs/local/lib/python3.10/dist-packages/turtlebot3_msgs/turtlebot3_msgs_s__rosidl_typesupport_fastrtps_c.cpython-310-x86_64-linux-gnu.so
[1.361s] -- Up-to-date: /home/hb/Git/Embedded/install/turtlebot3_msgs/local/lib/python3.10/dist-packages/turtlebot3_msgs/turtlebot3_msgs_s__rosidl_typesupport_introspection_c.cpython-310-x86_64-linux-gnu.so
[1.362s] -- Up-to-date: /home/hb/Git/Embedded/install/turtlebot3_msgs/local/lib/python3.10/dist-packages/turtlebot3_msgs/turtlebot3_msgs_s__rosidl_typesupport_c.cpython-310-x86_64-linux-gnu.so
[1.362s] -- Up-to-date: /home/hb/Git/Embedded/install/turtlebot3_msgs/lib/libturtlebot3_msgs__rosidl_generator_py.so
[1.362s] -- Up-to-date: /home/hb/Git/Embedded/install/turtlebot3_msgs/share/turtlebot3_msgs/msg/SensorState.idl
[1.362s] -- Up-to-date: /home/hb/Git/Embedded/install/turtlebot3_msgs/share/turtlebot3_msgs/msg/Sound.idl
[1.362s] -- Up-to-date: /home/hb/Git/Embedded/install/turtlebot3_msgs/share/turtlebot3_msgs/msg/VersionInfo.idl
[1.362s] -- Up-to-date: /home/hb/Git/Embedded/install/turtlebot3_msgs/share/turtlebot3_msgs/srv/Sound.idl
[1.362s] -- Up-to-date: /home/hb/Git/Embedded/install/turtlebot3_msgs/share/turtlebot3_msgs/srv/Dqn.idl
[1.362s] -- Up-to-date: /home/hb/Git/Embedded/install/turtlebot3_msgs/share/turtlebot3_msgs/srv/Goal.idl
[1.363s] -- Up-to-date: /home/hb/Git/Embedded/install/turtlebot3_msgs/share/turtlebot3_msgs/action/Patrol.idl
[1.363s] -- Up-to-date: /home/hb/Git/Embedded/install/turtlebot3_msgs/share/turtlebot3_msgs/msg/SensorState.msg
[1.363s] -- Up-to-date: /home/hb/Git/Embedded/install/turtlebot3_msgs/share/turtlebot3_msgs/msg/Sound.msg
[1.363s] -- Up-to-date: /home/hb/Git/Embedded/install/turtlebot3_msgs/share/turtlebot3_msgs/msg/VersionInfo.msg
[1.363s] -- Up-to-date: /home/hb/Git/Embedded/install/turtlebot3_msgs/share/turtlebot3_msgs/srv/Sound.srv
[1.363s] -- Up-to-date: /home/hb/Git/Embedded/install/turtlebot3_msgs/share/turtlebot3_msgs/srv/Sound_Request.msg
[1.363s] -- Up-to-date: /home/hb/Git/Embedded/install/turtlebot3_msgs/share/turtlebot3_msgs/srv/Sound_Response.msg
[1.364s] -- Up-to-date: /home/hb/Git/Embedded/install/turtlebot3_msgs/share/turtlebot3_msgs/srv/Dqn.srv
[1.364s] -- Up-to-date: /home/hb/Git/Embedded/install/turtlebot3_msgs/share/turtlebot3_msgs/srv/Dqn_Request.msg
[1.364s] -- Up-to-date: /home/hb/Git/Embedded/install/turtlebot3_msgs/share/turtlebot3_msgs/srv/Dqn_Response.msg
[1.364s] -- Up-to-date: /home/hb/Git/Embedded/install/turtlebot3_msgs/share/turtlebot3_msgs/srv/Goal.srv
[1.364s] -- Up-to-date: /home/hb/Git/Embedded/install/turtlebot3_msgs/share/turtlebot3_msgs/srv/Goal_Request.msg
[1.364s] -- Up-to-date: /home/hb/Git/Embedded/install/turtlebot3_msgs/share/turtlebot3_msgs/srv/Goal_Response.msg
[1.364s] -- Up-to-date: /home/hb/Git/Embedded/install/turtlebot3_msgs/share/turtlebot3_msgs/action/Patrol.action
[1.365s] -- Up-to-date: /home/hb/Git/Embedded/install/turtlebot3_msgs/share/ament_index/resource_index/package_run_dependencies/turtlebot3_msgs
[1.365s] -- Up-to-date: /home/hb/Git/Embedded/install/turtlebot3_msgs/share/ament_index/resource_index/parent_prefix_path/turtlebot3_msgs
[1.365s] -- Up-to-date: /home/hb/Git/Embedded/install/turtlebot3_msgs/share/turtlebot3_msgs/environment/ament_prefix_path.sh
[1.365s] -- Up-to-date: /home/hb/Git/Embedded/install/turtlebot3_msgs/share/turtlebot3_msgs/environment/ament_prefix_path.dsv
[1.365s] -- Up-to-date: /home/hb/Git/Embedded/install/turtlebot3_msgs/share/turtlebot3_msgs/environment/path.sh
[1.365s] -- Up-to-date: /home/hb/Git/Embedded/install/turtlebot3_msgs/share/turtlebot3_msgs/environment/path.dsv
[1.365s] -- Up-to-date: /home/hb/Git/Embedded/install/turtlebot3_msgs/share/turtlebot3_msgs/local_setup.bash
[1.365s] -- Up-to-date: /home/hb/Git/Embedded/install/turtlebot3_msgs/share/turtlebot3_msgs/local_setup.sh
[1.366s] -- Up-to-date: /home/hb/Git/Embedded/install/turtlebot3_msgs/share/turtlebot3_msgs/local_setup.zsh
[1.366s] -- Up-to-date: /home/hb/Git/Embedded/install/turtlebot3_msgs/share/turtlebot3_msgs/local_setup.dsv
[1.366s] -- Installing: /home/hb/Git/Embedded/install/turtlebot3_msgs/share/turtlebot3_msgs/package.dsv
[1.366s] -- Up-to-date: /home/hb/Git/Embedded/install/turtlebot3_msgs/share/ament_index/resource_index/packages/turtlebot3_msgs
[1.366s] -- Up-to-date: /home/hb/Git/Embedded/install/turtlebot3_msgs/share/turtlebot3_msgs/cmake/export_turtlebot3_msgs__rosidl_generator_cExport.cmake
[1.366s] -- Up-to-date: /home/hb/Git/Embedded/install/turtlebot3_msgs/share/turtlebot3_msgs/cmake/export_turtlebot3_msgs__rosidl_generator_cExport-noconfig.cmake
[1.366s] -- Up-to-date: /home/hb/Git/Embedded/install/turtlebot3_msgs/share/turtlebot3_msgs/cmake/export_turtlebot3_msgs__rosidl_typesupport_fastrtps_cExport.cmake
[1.366s] -- Up-to-date: /home/hb/Git/Embedded/install/turtlebot3_msgs/share/turtlebot3_msgs/cmake/export_turtlebot3_msgs__rosidl_typesupport_fastrtps_cExport-noconfig.cmake
[1.367s] -- Up-to-date: /home/hb/Git/Embedded/install/turtlebot3_msgs/share/turtlebot3_msgs/cmake/export_turtlebot3_msgs__rosidl_generator_cppExport.cmake
[1.367s] -- Up-to-date: /home/hb/Git/Embedded/install/turtlebot3_msgs/share/turtlebot3_msgs/cmake/export_turtlebot3_msgs__rosidl_typesupport_fastrtps_cppExport.cmake
[1.367s] -- Up-to-date: /home/hb/Git/Embedded/install/turtlebot3_msgs/share/turtlebot3_msgs/cmake/export_turtlebot3_msgs__rosidl_typesupport_fastrtps_cppExport-noconfig.cmake
[1.367s] -- Up-to-date: /home/hb/Git/Embedded/install/turtlebot3_msgs/share/turtlebot3_msgs/cmake/turtlebot3_msgs__rosidl_typesupport_introspection_cExport.cmake
[1.367s] -- Up-to-date: /home/hb/Git/Embedded/install/turtlebot3_msgs/share/turtlebot3_msgs/cmake/turtlebot3_msgs__rosidl_typesupport_introspection_cExport-noconfig.cmake
[1.367s] -- Up-to-date: /home/hb/Git/Embedded/install/turtlebot3_msgs/share/turtlebot3_msgs/cmake/turtlebot3_msgs__rosidl_typesupport_cExport.cmake
[1.367s] -- Up-to-date: /home/hb/Git/Embedded/install/turtlebot3_msgs/share/turtlebot3_msgs/cmake/turtlebot3_msgs__rosidl_typesupport_cExport-noconfig.cmake
[1.367s] -- Up-to-date: /home/hb/Git/Embedded/install/turtlebot3_msgs/share/turtlebot3_msgs/cmake/turtlebot3_msgs__rosidl_typesupport_introspection_cppExport.cmake
[1.367s] -- Up-to-date: /home/hb/Git/Embedded/install/turtlebot3_msgs/share/turtlebot3_msgs/cmake/turtlebot3_msgs__rosidl_typesupport_introspection_cppExport-noconfig.cmake
[1.367s] -- Up-to-date: /home/hb/Git/Embedded/install/turtlebot3_msgs/share/turtlebot3_msgs/cmake/turtlebot3_msgs__rosidl_typesupport_cppExport.cmake
[1.368s] -- Up-to-date: /home/hb/Git/Embedded/install/turtlebot3_msgs/share/turtlebot3_msgs/cmake/turtlebot3_msgs__rosidl_typesupport_cppExport-noconfig.cmake
[1.368s] -- Up-to-date: /home/hb/Git/Embedded/install/turtlebot3_msgs/share/turtlebot3_msgs/cmake/export_turtlebot3_msgs__rosidl_generator_pyExport.cmake
[1.368s] -- Up-to-date: /home/hb/Git/Embedded/install/turtlebot3_msgs/share/turtlebot3_msgs/cmake/export_turtlebot3_msgs__rosidl_generator_pyExport-noconfig.cmake
[1.368s] -- Up-to-date: /home/hb/Git/Embedded/install/turtlebot3_msgs/share/turtlebot3_msgs/cmake/rosidl_cmake-extras.cmake
[1.368s] -- Up-to-date: /home/hb/Git/Embedded/install/turtlebot3_msgs/share/turtlebot3_msgs/cmake/ament_cmake_export_dependencies-extras.cmake
[1.369s] -- Up-to-date: /home/hb/Git/Embedded/install/turtlebot3_msgs/share/turtlebot3_msgs/cmake/ament_cmake_export_include_directories-extras.cmake
[1.370s] -- Up-to-date: /home/hb/Git/Embedded/install/turtlebot3_msgs/share/turtlebot3_msgs/cmake/ament_cmake_export_libraries-extras.cmake
[1.370s] -- Up-to-date: /home/hb/Git/Embedded/install/turtlebot3_msgs/share/turtlebot3_msgs/cmake/ament_cmake_export_targets-extras.cmake
[1.370s] -- Up-to-date: /home/hb/Git/Embedded/install/turtlebot3_msgs/share/turtlebot3_msgs/cmake/rosidl_cmake_export_typesupport_targets-extras.cmake
[1.370s] -- Up-to-date: /home/hb/Git/Embedded/install/turtlebot3_msgs/share/turtlebot3_msgs/cmake/rosidl_cmake_export_typesupport_libraries-extras.cmake
[1.370s] -- Up-to-date: /home/hb/Git/Embedded/install/turtlebot3_msgs/share/turtlebot3_msgs/cmake/turtlebot3_msgsConfig.cmake
[1.370s] -- Up-to-date: /home/hb/Git/Embedded/install/turtlebot3_msgs/share/turtlebot3_msgs/cmake/turtlebot3_msgsConfig-version.cmake
[1.370s] -- Up-to-date: /home/hb/Git/Embedded/install/turtlebot3_msgs/share/turtlebot3_msgs/package.xml
[1.500s] Invoked command in '/home/hb/Git/Embedded/build/turtlebot3_msgs' returned '0': CMAKE_PREFIX_PATH=${CMAKE_PREFIX_PATH}:/home/hb/Git/Embedded/install/turtlebot3_teleop:/home/hb/Git/Embedded/install/turtlebot3_example:/home/hb/Git/Embedded/install/robot_web_interface:/home/hb/Git/Embedded/install/delivery_interface:/home/hb/Git/Embedded/install/app_navigation:/opt/ros/humble /usr/bin/cmake --install /home/hb/Git/Embedded/build/turtlebot3_msgs
