[0.101s] Invoking command in '/home/hb/Git/Embedded/build/turtlebot3_msgs': CMAKE_PREFIX_PATH=${CMAKE_PREFIX_PATH}:/home/hb/Git/Embedded/install/turtlebot3_teleop:/home/hb/Git/Embedded/install/turtlebot3_example:/home/hb/Git/Embedded/install/robot_web_interface:/home/hb/Git/Embedded/install/delivery_interface:/home/hb/Git/Embedded/install/app_navigation:/opt/ros/humble /usr/bin/cmake /home/hb/Git/Embedded/src/turtlebot3_msgs -DCMAKE_INSTALL_PREFIX=/home/hb/Git/Embedded/install/turtlebot3_msgs
[1.780s] -- The C compiler identification is GNU 11.4.0
[1.780s] -- The CXX compiler identification is GNU 11.4.0
[1.780s] -- Detecting C compiler ABI info
[1.780s] -- Detecting C compiler ABI info - done
[1.780s] -- Check for working C compiler: /usr/bin/cc - skipped
[1.780s] -- Detecting C compile features
[1.780s] -- Detecting C compile features - done
[1.780s] -- Detecting CXX compiler ABI info
[1.780s] -- Detecting CXX compiler ABI info - done
[1.780s] -- Check for working CXX compiler: /usr/bin/c++ - skipped
[1.781s] -- Detecting CXX compile features
[1.781s] -- Detecting CXX compile features - done
[1.781s] -- Found action_msgs: 1.2.2 (/opt/ros/humble/share/action_msgs/cmake)
[1.781s] -- Found Python3: /usr/bin/python3 (found version "3.10.12") found components: Interpreter 
[1.781s] -- Found rosidl_generator_c: 3.1.7 (/opt/ros/humble/share/rosidl_generator_c/cmake)
[1.781s] -- Found rosidl_adapter: 3.1.7 (/opt/ros/humble/share/rosidl_adapter/cmake)
[1.781s] -- Found rosidl_generator_cpp: 3.1.7 (/opt/ros/humble/share/rosidl_generator_cpp/cmake)
[1.781s] -- Using all available rosidl_typesupport_c: rosidl_typesupport_fastrtps_c;rosidl_typesupport_introspection_c
[1.782s] -- Using all available rosidl_typesupport_cpp: rosidl_typesupport_fastrtps_cpp;rosidl_typesupport_introspection_cpp
[1.782s] -- Found rosidl_default_generators: 1.2.0 (/opt/ros/humble/share/rosidl_default_generators/cmake)
[1.782s] -- Found std_msgs: 4.9.0 (/opt/ros/humble/share/std_msgs/cmake)
[1.782s] -- Found geometry_msgs: 4.9.0 (/opt/ros/humble/share/geometry_msgs/cmake)
[1.782s] -- Found ament_cmake_cppcheck: 0.12.14 (/opt/ros/humble/share/ament_cmake_cppcheck/cmake)
[1.783s] -- Found ament_cmake_cpplint: 0.12.14 (/opt/ros/humble/share/ament_cmake_cpplint/cmake)
[1.783s] -- Found ament_cmake_uncrustify: 0.12.14 (/opt/ros/humble/share/ament_cmake_uncrustify/cmake)
[1.783s] -- Found ament_cmake_ros: 0.10.0 (/opt/ros/humble/share/ament_cmake_ros/cmake)
[2.872s] -- Using all available rosidl_typesupport_c: rosidl_typesupport_fastrtps_c;rosidl_typesupport_introspection_c
[3.274s] -- Using all available rosidl_typesupport_cpp: rosidl_typesupport_fastrtps_cpp;rosidl_typesupport_introspection_cpp
[3.334s] -- Found PythonInterp: /usr/bin/python3 (found suitable version "3.10.12", minimum required is "3.6") 
[3.337s] -- Found python_cmake_module: 0.10.0 (/opt/ros/humble/share/python_cmake_module/cmake)
[3.407s] -- Found PythonLibs: /usr/lib/x86_64-linux-gnu/libpython3.10.so (found suitable version "3.10.12", minimum required is "3.5") 
[3.407s] -- Using PYTHON_EXECUTABLE: /usr/bin/python3
[3.407s] -- Using PYTHON_INCLUDE_DIRS: /usr/include/python3.10
[3.407s] -- Using PYTHON_LIBRARIES: /usr/lib/x86_64-linux-gnu/libpython3.10.so
[3.432s] -- Found PythonExtra: .so  
[3.602s] -- Found ament_cmake_flake8: 0.12.14 (/opt/ros/humble/share/ament_cmake_flake8/cmake)
[3.609s] -- Found ament_cmake_pep257: 0.12.14 (/opt/ros/humble/share/ament_cmake_pep257/cmake)
[3.623s] -- Configuring done
[3.704s] -- Generating done
[3.727s] -- Build files have been written to: /home/hb/Git/Embedded/build/turtlebot3_msgs
[3.744s] Invoked command in '/home/hb/Git/Embedded/build/turtlebot3_msgs' returned '0': CMAKE_PREFIX_PATH=${CMAKE_PREFIX_PATH}:/home/hb/Git/Embedded/install/turtlebot3_teleop:/home/hb/Git/Embedded/install/turtlebot3_example:/home/hb/Git/Embedded/install/robot_web_interface:/home/hb/Git/Embedded/install/delivery_interface:/home/hb/Git/Embedded/install/app_navigation:/opt/ros/humble /usr/bin/cmake /home/hb/Git/Embedded/src/turtlebot3_msgs -DCMAKE_INSTALL_PREFIX=/home/hb/Git/Embedded/install/turtlebot3_msgs
[3.747s] Invoking command in '/home/hb/Git/Embedded/build/turtlebot3_msgs': CMAKE_PREFIX_PATH=${CMAKE_PREFIX_PATH}:/home/hb/Git/Embedded/install/turtlebot3_teleop:/home/hb/Git/Embedded/install/turtlebot3_example:/home/hb/Git/Embedded/install/robot_web_interface:/home/hb/Git/Embedded/install/delivery_interface:/home/hb/Git/Embedded/install/app_navigation:/opt/ros/humble /usr/bin/cmake --build /home/hb/Git/Embedded/build/turtlebot3_msgs -- -j16 -l16
[3.829s] [  1%] [34m[1mGenerating C code for ROS interfaces[0m
[3.852s] [  1%] Built target ament_cmake_python_copy_turtlebot3_msgs
[3.865s] [  2%] [34m[1mGenerating C++ code for ROS interfaces[0m
[4.496s] running egg_info
[4.497s] creating turtlebot3_msgs.egg-info
[4.497s] writing turtlebot3_msgs.egg-info/PKG-INFO
[4.497s] writing dependency_links to turtlebot3_msgs.egg-info/dependency_links.txt
[4.497s] writing top-level names to turtlebot3_msgs.egg-info/top_level.txt
[4.497s] writing manifest file 'turtlebot3_msgs.egg-info/SOURCES.txt'
[4.502s] reading manifest file 'turtlebot3_msgs.egg-info/SOURCES.txt'
[4.505s] writing manifest file 'turtlebot3_msgs.egg-info/SOURCES.txt'
[4.561s] [  2%] Built target ament_cmake_python_build_turtlebot3_msgs_egg
[6.924s] [  2%] Built target turtlebot3_msgs__cpp
[6.963s] [  3%] [34m[1mGenerating C++ type support dispatch for ROS interfaces[0m
[6.972s] [  5%] [34m[1mGenerating C++ type support for eProsima Fast-RTPS[0m
[6.979s] [  6%] [34m[1mGenerating C++ introspection for ROS interfaces[0m
[7.006s] [  7%] [32mBuilding C object CMakeFiles/turtlebot3_msgs__rosidl_generator_c.dir/rosidl_generator_c/turtlebot3_msgs/msg/detail/sensor_state__functions.c.o[0m
[7.032s] [  8%] [32mBuilding C object CMakeFiles/turtlebot3_msgs__rosidl_generator_c.dir/rosidl_generator_c/turtlebot3_msgs/msg/detail/sound__functions.c.o[0m
[7.058s] [ 10%] [32mBuilding C object CMakeFiles/turtlebot3_msgs__rosidl_generator_c.dir/rosidl_generator_c/turtlebot3_msgs/msg/detail/version_info__functions.c.o[0m
[7.071s] [ 11%] [32mBuilding C object CMakeFiles/turtlebot3_msgs__rosidl_generator_c.dir/rosidl_generator_c/turtlebot3_msgs/srv/detail/sound__functions.c.o[0m
[7.077s] [ 12%] [32mBuilding C object CMakeFiles/turtlebot3_msgs__rosidl_generator_c.dir/rosidl_generator_c/turtlebot3_msgs/action/detail/patrol__functions.c.o[0m
[7.086s] [ 15%] [32mBuilding C object CMakeFiles/turtlebot3_msgs__rosidl_generator_c.dir/rosidl_generator_c/turtlebot3_msgs/srv/detail/dqn__functions.c.o[0m
[7.096s] [ 15%] [32mBuilding C object CMakeFiles/turtlebot3_msgs__rosidl_generator_c.dir/rosidl_generator_c/turtlebot3_msgs/srv/detail/goal__functions.c.o[0m
[7.417s] [ 16%] [32m[1mLinking C shared library libturtlebot3_msgs__rosidl_generator_c.so[0m
[7.501s] [ 16%] Built target turtlebot3_msgs__rosidl_generator_c
[7.526s] [ 17%] [34m[1mGenerating C type support for eProsima Fast-RTPS[0m
[7.536s] [ 18%] [34m[1mGenerating C type support dispatch for ROS interfaces[0m
[7.539s] [ 20%] [34m[1mGenerating C introspection for ROS interfaces[0m
[10.156s] [ 21%] [32mBuilding CXX object CMakeFiles/turtlebot3_msgs__rosidl_typesupport_c.dir/rosidl_typesupport_c/turtlebot3_msgs/msg/sensor_state__type_support.cpp.o[0m
[10.163s] [ 22%] [32mBuilding CXX object CMakeFiles/turtlebot3_msgs__rosidl_typesupport_c.dir/rosidl_typesupport_c/turtlebot3_msgs/msg/sound__type_support.cpp.o[0m
[10.180s] [ 24%] [32mBuilding CXX object CMakeFiles/turtlebot3_msgs__rosidl_typesupport_cpp.dir/rosidl_typesupport_cpp/turtlebot3_msgs/msg/sensor_state__type_support.cpp.o[0m
[10.181s] [ 25%] [32mBuilding CXX object CMakeFiles/turtlebot3_msgs__rosidl_typesupport_cpp.dir/rosidl_typesupport_cpp/turtlebot3_msgs/msg/version_info__type_support.cpp.o[0m
[10.190s] [ 26%] [32mBuilding CXX object CMakeFiles/turtlebot3_msgs__rosidl_typesupport_cpp.dir/rosidl_typesupport_cpp/turtlebot3_msgs/msg/sound__type_support.cpp.o[0m
[10.198s] [ 27%] [32mBuilding CXX object CMakeFiles/turtlebot3_msgs__rosidl_typesupport_c.dir/rosidl_typesupport_c/turtlebot3_msgs/msg/version_info__type_support.cpp.o[0m
[10.199s] [ 29%] [32mBuilding CXX object CMakeFiles/turtlebot3_msgs__rosidl_typesupport_cpp.dir/rosidl_typesupport_cpp/turtlebot3_msgs/srv/sound__type_support.cpp.o[0m
[10.203s] [ 30%] [32mBuilding CXX object CMakeFiles/turtlebot3_msgs__rosidl_typesupport_cpp.dir/rosidl_typesupport_cpp/turtlebot3_msgs/srv/dqn__type_support.cpp.o[0m
[10.231s] [ 31%] [32mBuilding CXX object CMakeFiles/turtlebot3_msgs__rosidl_typesupport_c.dir/rosidl_typesupport_c/turtlebot3_msgs/srv/sound__type_support.cpp.o[0m
[10.247s] [ 32%] [32mBuilding CXX object CMakeFiles/turtlebot3_msgs__rosidl_typesupport_c.dir/rosidl_typesupport_c/turtlebot3_msgs/srv/dqn__type_support.cpp.o[0m
[10.247s] [ 34%] [32mBuilding CXX object CMakeFiles/turtlebot3_msgs__rosidl_typesupport_c.dir/rosidl_typesupport_c/turtlebot3_msgs/srv/goal__type_support.cpp.o[0m
[10.251s] [ 35%] [32mBuilding CXX object CMakeFiles/turtlebot3_msgs__rosidl_typesupport_cpp.dir/rosidl_typesupport_cpp/turtlebot3_msgs/srv/goal__type_support.cpp.o[0m
[10.293s] [ 36%] [32mBuilding CXX object CMakeFiles/turtlebot3_msgs__rosidl_typesupport_c.dir/rosidl_typesupport_c/turtlebot3_msgs/action/patrol__type_support.cpp.o[0m
[10.300s] [ 37%] [32mBuilding CXX object CMakeFiles/turtlebot3_msgs__rosidl_typesupport_cpp.dir/rosidl_typesupport_cpp/turtlebot3_msgs/action/patrol__type_support.cpp.o[0m
[10.313s] [ 39%] [32mBuilding C object CMakeFiles/turtlebot3_msgs__rosidl_typesupport_introspection_c.dir/rosidl_typesupport_introspection_c/turtlebot3_msgs/msg/detail/sensor_state__type_support.c.o[0m
[10.322s] [ 40%] [32mBuilding C object CMakeFiles/turtlebot3_msgs__rosidl_typesupport_introspection_c.dir/rosidl_typesupport_introspection_c/turtlebot3_msgs/msg/detail/version_info__type_support.c.o[0m
[10.328s] [ 41%] [32mBuilding C object CMakeFiles/turtlebot3_msgs__rosidl_typesupport_introspection_c.dir/rosidl_typesupport_introspection_c/turtlebot3_msgs/msg/detail/sound__type_support.c.o[0m
[10.354s] [ 43%] [32mBuilding C object CMakeFiles/turtlebot3_msgs__rosidl_typesupport_introspection_c.dir/rosidl_typesupport_introspection_c/turtlebot3_msgs/srv/detail/sound__type_support.c.o[0m
[10.441s] [ 44%] [32mBuilding C object CMakeFiles/turtlebot3_msgs__rosidl_typesupport_introspection_c.dir/rosidl_typesupport_introspection_c/turtlebot3_msgs/srv/detail/dqn__type_support.c.o[0m
[10.471s] [ 45%] [32mBuilding C object CMakeFiles/turtlebot3_msgs__rosidl_typesupport_introspection_c.dir/rosidl_typesupport_introspection_c/turtlebot3_msgs/srv/detail/goal__type_support.c.o[0m
[10.519s] [ 46%] [32mBuilding C object CMakeFiles/turtlebot3_msgs__rosidl_typesupport_introspection_c.dir/rosidl_typesupport_introspection_c/turtlebot3_msgs/action/detail/patrol__type_support.c.o[0m
[10.548s] [ 48%] [32m[1mLinking CXX shared library libturtlebot3_msgs__rosidl_typesupport_c.so[0m
[10.609s] [ 49%] [32mBuilding CXX object CMakeFiles/turtlebot3_msgs__rosidl_typesupport_introspection_cpp.dir/rosidl_typesupport_introspection_cpp/turtlebot3_msgs/msg/detail/sound__type_support.cpp.o[0m
[10.615s] [ 50%] [32mBuilding CXX object CMakeFiles/turtlebot3_msgs__rosidl_typesupport_introspection_cpp.dir/rosidl_typesupport_introspection_cpp/turtlebot3_msgs/msg/detail/sensor_state__type_support.cpp.o[0m
[10.619s] [ 51%] [32mBuilding CXX object CMakeFiles/turtlebot3_msgs__rosidl_typesupport_introspection_cpp.dir/rosidl_typesupport_introspection_cpp/turtlebot3_msgs/msg/detail/version_info__type_support.cpp.o[0m
[10.639s] [ 53%] [32mBuilding CXX object CMakeFiles/turtlebot3_msgs__rosidl_typesupport_introspection_cpp.dir/rosidl_typesupport_introspection_cpp/turtlebot3_msgs/srv/detail/sound__type_support.cpp.o[0m
[10.668s] [ 54%] [32mBuilding CXX object CMakeFiles/turtlebot3_msgs__rosidl_typesupport_introspection_cpp.dir/rosidl_typesupport_introspection_cpp/turtlebot3_msgs/srv/detail/dqn__type_support.cpp.o[0m
[10.708s] [ 55%] [32m[1mLinking C shared library libturtlebot3_msgs__rosidl_typesupport_introspection_c.so[0m
[10.768s] [ 55%] Built target turtlebot3_msgs__rosidl_typesupport_c
[10.791s] [ 56%] [32mBuilding CXX object CMakeFiles/turtlebot3_msgs__rosidl_typesupport_introspection_cpp.dir/rosidl_typesupport_introspection_cpp/turtlebot3_msgs/srv/detail/goal__type_support.cpp.o[0m
[10.869s] [ 56%] Built target turtlebot3_msgs__rosidl_typesupport_introspection_c
[10.909s] [ 58%] [32mBuilding CXX object CMakeFiles/turtlebot3_msgs__rosidl_typesupport_introspection_cpp.dir/rosidl_typesupport_introspection_cpp/turtlebot3_msgs/action/detail/patrol__type_support.cpp.o[0m
[11.295s] [ 60%] [32mBuilding CXX object CMakeFiles/turtlebot3_msgs__rosidl_typesupport_fastrtps_cpp.dir/rosidl_typesupport_fastrtps_cpp/turtlebot3_msgs/msg/detail/dds_fastrtps/sound__type_support.cpp.o[0m
[11.295s] [ 60%] [32mBuilding CXX object CMakeFiles/turtlebot3_msgs__rosidl_typesupport_fastrtps_cpp.dir/rosidl_typesupport_fastrtps_cpp/turtlebot3_msgs/msg/detail/dds_fastrtps/sensor_state__type_support.cpp.o[0m
[11.297s] [ 62%] [32mBuilding CXX object CMakeFiles/turtlebot3_msgs__rosidl_typesupport_fastrtps_cpp.dir/rosidl_typesupport_fastrtps_cpp/turtlebot3_msgs/srv/detail/dds_fastrtps/sound__type_support.cpp.o[0m
[11.303s] [ 63%] [32mBuilding CXX object CMakeFiles/turtlebot3_msgs__rosidl_typesupport_fastrtps_cpp.dir/rosidl_typesupport_fastrtps_cpp/turtlebot3_msgs/msg/detail/dds_fastrtps/version_info__type_support.cpp.o[0m
[11.467s] [ 64%] [32mBuilding CXX object CMakeFiles/turtlebot3_msgs__rosidl_typesupport_fastrtps_cpp.dir/rosidl_typesupport_fastrtps_cpp/turtlebot3_msgs/srv/detail/dds_fastrtps/dqn__type_support.cpp.o[0m
[11.508s] [ 65%] [32mBuilding CXX object CMakeFiles/turtlebot3_msgs__rosidl_typesupport_fastrtps_cpp.dir/rosidl_typesupport_fastrtps_cpp/turtlebot3_msgs/srv/detail/dds_fastrtps/goal__type_support.cpp.o[0m
[11.634s] [ 67%] [32mBuilding CXX object CMakeFiles/turtlebot3_msgs__rosidl_typesupport_fastrtps_cpp.dir/rosidl_typesupport_fastrtps_cpp/turtlebot3_msgs/action/detail/dds_fastrtps/patrol__type_support.cpp.o[0m
[11.843s] [ 68%] [32m[1mLinking CXX shared library libturtlebot3_msgs__rosidl_typesupport_cpp.so[0m
[11.975s] [ 68%] Built target turtlebot3_msgs__rosidl_typesupport_cpp
[12.461s] [ 69%] [32mBuilding CXX object CMakeFiles/turtlebot3_msgs__rosidl_typesupport_fastrtps_c.dir/rosidl_typesupport_fastrtps_c/turtlebot3_msgs/msg/detail/sensor_state__type_support_c.cpp.o[0m
[12.462s] [ 70%] [32mBuilding CXX object CMakeFiles/turtlebot3_msgs__rosidl_typesupport_fastrtps_c.dir/rosidl_typesupport_fastrtps_c/turtlebot3_msgs/srv/detail/sound__type_support_c.cpp.o[0m
[12.467s] [ 72%] [32mBuilding CXX object CMakeFiles/turtlebot3_msgs__rosidl_typesupport_fastrtps_c.dir/rosidl_typesupport_fastrtps_c/turtlebot3_msgs/msg/detail/version_info__type_support_c.cpp.o[0m
[12.468s] [ 73%] [32mBuilding CXX object CMakeFiles/turtlebot3_msgs__rosidl_typesupport_fastrtps_c.dir/rosidl_typesupport_fastrtps_c/turtlebot3_msgs/msg/detail/sound__type_support_c.cpp.o[0m
[12.469s] [ 74%] [32mBuilding CXX object CMakeFiles/turtlebot3_msgs__rosidl_typesupport_fastrtps_c.dir/rosidl_typesupport_fastrtps_c/turtlebot3_msgs/srv/detail/dqn__type_support_c.cpp.o[0m
[12.485s] [ 75%] [32mBuilding CXX object CMakeFiles/turtlebot3_msgs__rosidl_typesupport_fastrtps_c.dir/rosidl_typesupport_fastrtps_c/turtlebot3_msgs/srv/detail/goal__type_support_c.cpp.o[0m
[12.490s] [ 77%] [32mBuilding CXX object CMakeFiles/turtlebot3_msgs__rosidl_typesupport_fastrtps_c.dir/rosidl_typesupport_fastrtps_c/turtlebot3_msgs/action/detail/patrol__type_support_c.cpp.o[0m
[13.365s] [ 78%] [32m[1mLinking CXX shared library libturtlebot3_msgs__rosidl_typesupport_fastrtps_cpp.so[0m
[13.541s] [ 79%] [32m[1mLinking CXX shared library libturtlebot3_msgs__rosidl_typesupport_introspection_cpp.so[0m
[13.595s] [ 81%] [32m[1mLinking CXX shared library libturtlebot3_msgs__rosidl_typesupport_fastrtps_c.so[0m
[13.625s] [ 81%] Built target turtlebot3_msgs__rosidl_typesupport_fastrtps_cpp
[13.679s] [ 81%] Built target turtlebot3_msgs__rosidl_typesupport_introspection_cpp
[13.741s] [ 81%] Built target turtlebot3_msgs__rosidl_typesupport_fastrtps_c
[13.776s] [ 81%] Built target turtlebot3_msgs
[13.817s] [ 82%] [34m[1mGenerating Python code for ROS interfaces[0m
[18.329s] [ 82%] Built target turtlebot3_msgs__py
[18.380s] [ 83%] [32mBuilding C object CMakeFiles/turtlebot3_msgs__rosidl_generator_py.dir/rosidl_generator_py/turtlebot3_msgs/msg/_sensor_state_s.c.o[0m
[18.393s] [ 84%] [32mBuilding C object CMakeFiles/turtlebot3_msgs__rosidl_generator_py.dir/rosidl_generator_py/turtlebot3_msgs/msg/_sound_s.c.o[0m
[18.394s] [ 86%] [32mBuilding C object CMakeFiles/turtlebot3_msgs__rosidl_generator_py.dir/rosidl_generator_py/turtlebot3_msgs/action/_patrol_s.c.o[0m
[18.394s] [ 87%] [32mBuilding C object CMakeFiles/turtlebot3_msgs__rosidl_generator_py.dir/rosidl_generator_py/turtlebot3_msgs/msg/_version_info_s.c.o[0m
[18.396s] [ 88%] [32mBuilding C object CMakeFiles/turtlebot3_msgs__rosidl_generator_py.dir/rosidl_generator_py/turtlebot3_msgs/srv/_sound_s.c.o[0m
[18.400s] [ 89%] [32mBuilding C object CMakeFiles/turtlebot3_msgs__rosidl_generator_py.dir/rosidl_generator_py/turtlebot3_msgs/srv/_dqn_s.c.o[0m
[18.404s] [ 91%] [32mBuilding C object CMakeFiles/turtlebot3_msgs__rosidl_generator_py.dir/rosidl_generator_py/turtlebot3_msgs/srv/_goal_s.c.o[0m
[18.745s] [ 92%] [32m[1mLinking C shared library rosidl_generator_py/turtlebot3_msgs/libturtlebot3_msgs__rosidl_generator_py.so[0m
[18.836s] [ 92%] Built target turtlebot3_msgs__rosidl_generator_py
[18.904s] [ 93%] [32mBuilding C object CMakeFiles/turtlebot3_msgs__rosidl_typesupport_c__pyext.dir/rosidl_generator_py/turtlebot3_msgs/_turtlebot3_msgs_s.ep.rosidl_typesupport_c.c.o[0m
[18.905s] [ 94%] [32mBuilding C object CMakeFiles/turtlebot3_msgs__rosidl_typesupport_fastrtps_c__pyext.dir/rosidl_generator_py/turtlebot3_msgs/_turtlebot3_msgs_s.ep.rosidl_typesupport_fastrtps_c.c.o[0m
[18.932s] [ 96%] [32mBuilding C object CMakeFiles/turtlebot3_msgs__rosidl_typesupport_introspection_c__pyext.dir/rosidl_generator_py/turtlebot3_msgs/_turtlebot3_msgs_s.ep.rosidl_typesupport_introspection_c.c.o[0m
[19.324s] [ 97%] [32m[1mLinking C shared library rosidl_generator_py/turtlebot3_msgs/turtlebot3_msgs_s__rosidl_typesupport_c.cpython-310-x86_64-linux-gnu.so[0m
[19.342s] [ 98%] [32m[1mLinking C shared library rosidl_generator_py/turtlebot3_msgs/turtlebot3_msgs_s__rosidl_typesupport_fastrtps_c.cpython-310-x86_64-linux-gnu.so[0m
[19.364s] [100%] [32m[1mLinking C shared library rosidl_generator_py/turtlebot3_msgs/turtlebot3_msgs_s__rosidl_typesupport_introspection_c.cpython-310-x86_64-linux-gnu.so[0m
[19.482s] [100%] Built target turtlebot3_msgs__rosidl_typesupport_c__pyext
[19.508s] [100%] Built target turtlebot3_msgs__rosidl_typesupport_fastrtps_c__pyext
[19.520s] [100%] Built target turtlebot3_msgs__rosidl_typesupport_introspection_c__pyext
[19.567s] Invoked command in '/home/hb/Git/Embedded/build/turtlebot3_msgs' returned '0': CMAKE_PREFIX_PATH=${CMAKE_PREFIX_PATH}:/home/hb/Git/Embedded/install/turtlebot3_teleop:/home/hb/Git/Embedded/install/turtlebot3_example:/home/hb/Git/Embedded/install/robot_web_interface:/home/hb/Git/Embedded/install/delivery_interface:/home/hb/Git/Embedded/install/app_navigation:/opt/ros/humble /usr/bin/cmake --build /home/hb/Git/Embedded/build/turtlebot3_msgs -- -j16 -l16
[19.576s] Invoking command in '/home/hb/Git/Embedded/build/turtlebot3_msgs': CMAKE_PREFIX_PATH=${CMAKE_PREFIX_PATH}:/home/hb/Git/Embedded/install/turtlebot3_teleop:/home/hb/Git/Embedded/install/turtlebot3_example:/home/hb/Git/Embedded/install/robot_web_interface:/home/hb/Git/Embedded/install/delivery_interface:/home/hb/Git/Embedded/install/app_navigation:/opt/ros/humble /usr/bin/cmake --install /home/hb/Git/Embedded/build/turtlebot3_msgs
[19.624s] -- Install configuration: ""
[19.628s] -- Installing: /home/hb/Git/Embedded/install/turtlebot3_msgs/share/ament_index/resource_index/rosidl_interfaces/turtlebot3_msgs
[19.628s] -- Installing: /home/hb/Git/Embedded/install/turtlebot3_msgs/include/turtlebot3_msgs/turtlebot3_msgs
[19.628s] -- Installing: /home/hb/Git/Embedded/install/turtlebot3_msgs/include/turtlebot3_msgs/turtlebot3_msgs/msg
[19.628s] -- Installing: /home/hb/Git/Embedded/install/turtlebot3_msgs/include/turtlebot3_msgs/turtlebot3_msgs/msg/sensor_state.h
[19.630s] -- Installing: /home/hb/Git/Embedded/install/turtlebot3_msgs/include/turtlebot3_msgs/turtlebot3_msgs/msg/detail
[19.631s] -- Installing: /home/hb/Git/Embedded/install/turtlebot3_msgs/include/turtlebot3_msgs/turtlebot3_msgs/msg/detail/version_info__functions.h
[19.634s] -- Installing: /home/hb/Git/Embedded/install/turtlebot3_msgs/include/turtlebot3_msgs/turtlebot3_msgs/msg/detail/version_info__type_support.h
[19.634s] -- Installing: /home/hb/Git/Embedded/install/turtlebot3_msgs/include/turtlebot3_msgs/turtlebot3_msgs/msg/detail/sound__type_support.h
[19.635s] -- Installing: /home/hb/Git/Embedded/install/turtlebot3_msgs/include/turtlebot3_msgs/turtlebot3_msgs/msg/detail/sensor_state__functions.h
[19.635s] -- Installing: /home/hb/Git/Embedded/install/turtlebot3_msgs/include/turtlebot3_msgs/turtlebot3_msgs/msg/detail/sensor_state__functions.c
[19.635s] -- Installing: /home/hb/Git/Embedded/install/turtlebot3_msgs/include/turtlebot3_msgs/turtlebot3_msgs/msg/detail/sound__functions.h
[19.635s] -- Installing: /home/hb/Git/Embedded/install/turtlebot3_msgs/include/turtlebot3_msgs/turtlebot3_msgs/msg/detail/sensor_state__struct.h
[19.635s] -- Installing: /home/hb/Git/Embedded/install/turtlebot3_msgs/include/turtlebot3_msgs/turtlebot3_msgs/msg/detail/sensor_state__type_support.h
[19.635s] -- Installing: /home/hb/Git/Embedded/install/turtlebot3_msgs/include/turtlebot3_msgs/turtlebot3_msgs/msg/detail/sound__functions.c
[19.635s] -- Installing: /home/hb/Git/Embedded/install/turtlebot3_msgs/include/turtlebot3_msgs/turtlebot3_msgs/msg/detail/sound__struct.h
[19.635s] -- Installing: /home/hb/Git/Embedded/install/turtlebot3_msgs/include/turtlebot3_msgs/turtlebot3_msgs/msg/detail/version_info__functions.c
[19.635s] -- Installing: /home/hb/Git/Embedded/install/turtlebot3_msgs/include/turtlebot3_msgs/turtlebot3_msgs/msg/detail/version_info__struct.h
[19.635s] -- Installing: /home/hb/Git/Embedded/install/turtlebot3_msgs/include/turtlebot3_msgs/turtlebot3_msgs/msg/sound.h
[19.636s] -- Installing: /home/hb/Git/Embedded/install/turtlebot3_msgs/include/turtlebot3_msgs/turtlebot3_msgs/msg/version_info.h
[19.636s] -- Installing: /home/hb/Git/Embedded/install/turtlebot3_msgs/include/turtlebot3_msgs/turtlebot3_msgs/msg/rosidl_generator_c__visibility_control.h
[19.636s] -- Installing: /home/hb/Git/Embedded/install/turtlebot3_msgs/include/turtlebot3_msgs/turtlebot3_msgs/action
[19.636s] -- Installing: /home/hb/Git/Embedded/install/turtlebot3_msgs/include/turtlebot3_msgs/turtlebot3_msgs/action/detail
[19.636s] -- Installing: /home/hb/Git/Embedded/install/turtlebot3_msgs/include/turtlebot3_msgs/turtlebot3_msgs/action/detail/patrol__struct.h
[19.636s] -- Installing: /home/hb/Git/Embedded/install/turtlebot3_msgs/include/turtlebot3_msgs/turtlebot3_msgs/action/detail/patrol__functions.c
[19.636s] -- Installing: /home/hb/Git/Embedded/install/turtlebot3_msgs/include/turtlebot3_msgs/turtlebot3_msgs/action/detail/patrol__type_support.h
[19.646s] -- Installing: /home/hb/Git/Embedded/install/turtlebot3_msgs/include/turtlebot3_msgs/turtlebot3_msgs/action/detail/patrol__functions.h
[19.646s] -- Installing: /home/hb/Git/Embedded/install/turtlebot3_msgs/include/turtlebot3_msgs/turtlebot3_msgs/action/patrol.h
[19.646s] -- Installing: /home/hb/Git/Embedded/install/turtlebot3_msgs/include/turtlebot3_msgs/turtlebot3_msgs/srv
[19.647s] -- Installing: /home/hb/Git/Embedded/install/turtlebot3_msgs/include/turtlebot3_msgs/turtlebot3_msgs/srv/detail
[19.647s] -- Installing: /home/hb/Git/Embedded/install/turtlebot3_msgs/include/turtlebot3_msgs/turtlebot3_msgs/srv/detail/sound__type_support.h
[19.647s] -- Installing: /home/hb/Git/Embedded/install/turtlebot3_msgs/include/turtlebot3_msgs/turtlebot3_msgs/srv/detail/goal__functions.c
[19.647s] -- Installing: /home/hb/Git/Embedded/install/turtlebot3_msgs/include/turtlebot3_msgs/turtlebot3_msgs/srv/detail/dqn__functions.c
[19.649s] -- Installing: /home/hb/Git/Embedded/install/turtlebot3_msgs/include/turtlebot3_msgs/turtlebot3_msgs/srv/detail/dqn__type_support.h
[19.649s] -- Installing: /home/hb/Git/Embedded/install/turtlebot3_msgs/include/turtlebot3_msgs/turtlebot3_msgs/srv/detail/goal__functions.h
[19.650s] -- Installing: /home/hb/Git/Embedded/install/turtlebot3_msgs/include/turtlebot3_msgs/turtlebot3_msgs/srv/detail/goal__struct.h
[19.650s] -- Installing: /home/hb/Git/Embedded/install/turtlebot3_msgs/include/turtlebot3_msgs/turtlebot3_msgs/srv/detail/dqn__struct.h
[19.650s] -- Installing: /home/hb/Git/Embedded/install/turtlebot3_msgs/include/turtlebot3_msgs/turtlebot3_msgs/srv/detail/sound__functions.h
[19.650s] -- Installing: /home/hb/Git/Embedded/install/turtlebot3_msgs/include/turtlebot3_msgs/turtlebot3_msgs/srv/detail/goal__type_support.h
[19.650s] -- Installing: /home/hb/Git/Embedded/install/turtlebot3_msgs/include/turtlebot3_msgs/turtlebot3_msgs/srv/detail/dqn__functions.h
[19.650s] -- Installing: /home/hb/Git/Embedded/install/turtlebot3_msgs/include/turtlebot3_msgs/turtlebot3_msgs/srv/detail/sound__functions.c
[19.650s] -- Installing: /home/hb/Git/Embedded/install/turtlebot3_msgs/include/turtlebot3_msgs/turtlebot3_msgs/srv/detail/sound__struct.h
[19.655s] -- Installing: /home/hb/Git/Embedded/install/turtlebot3_msgs/include/turtlebot3_msgs/turtlebot3_msgs/srv/dqn.h
[19.656s] -- Installing: /home/hb/Git/Embedded/install/turtlebot3_msgs/include/turtlebot3_msgs/turtlebot3_msgs/srv/sound.h
[19.656s] -- Installing: /home/hb/Git/Embedded/install/turtlebot3_msgs/include/turtlebot3_msgs/turtlebot3_msgs/srv/goal.h
[19.656s] -- Installing: /home/hb/Git/Embedded/install/turtlebot3_msgs/share/turtlebot3_msgs/environment/library_path.sh
[19.663s] -- Installing: /home/hb/Git/Embedded/install/turtlebot3_msgs/share/turtlebot3_msgs/environment/library_path.dsv
[19.663s] -- Installing: /home/hb/Git/Embedded/install/turtlebot3_msgs/lib/libturtlebot3_msgs__rosidl_generator_c.so
[19.663s] -- Set runtime path of "/home/hb/Git/Embedded/install/turtlebot3_msgs/lib/libturtlebot3_msgs__rosidl_generator_c.so" to ""
[19.663s] -- Up-to-date: /home/hb/Git/Embedded/install/turtlebot3_msgs/include/turtlebot3_msgs/turtlebot3_msgs
[19.663s] -- Up-to-date: /home/hb/Git/Embedded/install/turtlebot3_msgs/include/turtlebot3_msgs/turtlebot3_msgs/msg
[19.663s] -- Up-to-date: /home/hb/Git/Embedded/install/turtlebot3_msgs/include/turtlebot3_msgs/turtlebot3_msgs/msg/detail
[19.663s] -- Installing: /home/hb/Git/Embedded/install/turtlebot3_msgs/include/turtlebot3_msgs/turtlebot3_msgs/msg/detail/sound__rosidl_typesupport_fastrtps_c.h
[19.663s] -- Installing: /home/hb/Git/Embedded/install/turtlebot3_msgs/include/turtlebot3_msgs/turtlebot3_msgs/msg/detail/version_info__rosidl_typesupport_fastrtps_c.h
[19.663s] -- Installing: /home/hb/Git/Embedded/install/turtlebot3_msgs/include/turtlebot3_msgs/turtlebot3_msgs/msg/detail/sensor_state__rosidl_typesupport_fastrtps_c.h
[19.664s] -- Installing: /home/hb/Git/Embedded/install/turtlebot3_msgs/include/turtlebot3_msgs/turtlebot3_msgs/msg/rosidl_typesupport_fastrtps_c__visibility_control.h
[19.664s] -- Up-to-date: /home/hb/Git/Embedded/install/turtlebot3_msgs/include/turtlebot3_msgs/turtlebot3_msgs/action
[19.664s] -- Up-to-date: /home/hb/Git/Embedded/install/turtlebot3_msgs/include/turtlebot3_msgs/turtlebot3_msgs/action/detail
[19.664s] -- Installing: /home/hb/Git/Embedded/install/turtlebot3_msgs/include/turtlebot3_msgs/turtlebot3_msgs/action/detail/patrol__rosidl_typesupport_fastrtps_c.h
[19.664s] -- Up-to-date: /home/hb/Git/Embedded/install/turtlebot3_msgs/include/turtlebot3_msgs/turtlebot3_msgs/srv
[19.664s] -- Up-to-date: /home/hb/Git/Embedded/install/turtlebot3_msgs/include/turtlebot3_msgs/turtlebot3_msgs/srv/detail
[19.664s] -- Installing: /home/hb/Git/Embedded/install/turtlebot3_msgs/include/turtlebot3_msgs/turtlebot3_msgs/srv/detail/sound__rosidl_typesupport_fastrtps_c.h
[19.664s] -- Installing: /home/hb/Git/Embedded/install/turtlebot3_msgs/include/turtlebot3_msgs/turtlebot3_msgs/srv/detail/dqn__rosidl_typesupport_fastrtps_c.h
[19.664s] -- Installing: /home/hb/Git/Embedded/install/turtlebot3_msgs/include/turtlebot3_msgs/turtlebot3_msgs/srv/detail/goal__rosidl_typesupport_fastrtps_c.h
[19.664s] -- Installing: /home/hb/Git/Embedded/install/turtlebot3_msgs/lib/libturtlebot3_msgs__rosidl_typesupport_fastrtps_c.so
[19.674s] -- Set runtime path of "/home/hb/Git/Embedded/install/turtlebot3_msgs/lib/libturtlebot3_msgs__rosidl_typesupport_fastrtps_c.so" to ""
[19.675s] -- Up-to-date: /home/hb/Git/Embedded/install/turtlebot3_msgs/include/turtlebot3_msgs/turtlebot3_msgs
[19.675s] -- Up-to-date: /home/hb/Git/Embedded/install/turtlebot3_msgs/include/turtlebot3_msgs/turtlebot3_msgs/msg
[19.675s] -- Installing: /home/hb/Git/Embedded/install/turtlebot3_msgs/include/turtlebot3_msgs/turtlebot3_msgs/msg/rosidl_generator_cpp__visibility_control.hpp
[19.675s] -- Up-to-date: /home/hb/Git/Embedded/install/turtlebot3_msgs/include/turtlebot3_msgs/turtlebot3_msgs/msg/detail
[19.675s] -- Installing: /home/hb/Git/Embedded/install/turtlebot3_msgs/include/turtlebot3_msgs/turtlebot3_msgs/msg/detail/sound__struct.hpp
[19.675s] -- Installing: /home/hb/Git/Embedded/install/turtlebot3_msgs/include/turtlebot3_msgs/turtlebot3_msgs/msg/detail/sensor_state__builder.hpp
[19.675s] -- Installing: /home/hb/Git/Embedded/install/turtlebot3_msgs/include/turtlebot3_msgs/turtlebot3_msgs/msg/detail/version_info__builder.hpp
[19.675s] -- Installing: /home/hb/Git/Embedded/install/turtlebot3_msgs/include/turtlebot3_msgs/turtlebot3_msgs/msg/detail/sound__type_support.hpp
[19.675s] -- Installing: /home/hb/Git/Embedded/install/turtlebot3_msgs/include/turtlebot3_msgs/turtlebot3_msgs/msg/detail/version_info__type_support.hpp
[19.675s] -- Installing: /home/hb/Git/Embedded/install/turtlebot3_msgs/include/turtlebot3_msgs/turtlebot3_msgs/msg/detail/version_info__traits.hpp
[19.676s] -- Installing: /home/hb/Git/Embedded/install/turtlebot3_msgs/include/turtlebot3_msgs/turtlebot3_msgs/msg/detail/sensor_state__struct.hpp
[19.676s] -- Installing: /home/hb/Git/Embedded/install/turtlebot3_msgs/include/turtlebot3_msgs/turtlebot3_msgs/msg/detail/sensor_state__type_support.hpp
[19.676s] -- Installing: /home/hb/Git/Embedded/install/turtlebot3_msgs/include/turtlebot3_msgs/turtlebot3_msgs/msg/detail/version_info__struct.hpp
[19.676s] -- Installing: /home/hb/Git/Embedded/install/turtlebot3_msgs/include/turtlebot3_msgs/turtlebot3_msgs/msg/detail/sensor_state__traits.hpp
[19.676s] -- Installing: /home/hb/Git/Embedded/install/turtlebot3_msgs/include/turtlebot3_msgs/turtlebot3_msgs/msg/detail/sound__traits.hpp
[19.676s] -- Installing: /home/hb/Git/Embedded/install/turtlebot3_msgs/include/turtlebot3_msgs/turtlebot3_msgs/msg/detail/sound__builder.hpp
[19.676s] -- Installing: /home/hb/Git/Embedded/install/turtlebot3_msgs/include/turtlebot3_msgs/turtlebot3_msgs/msg/sensor_state.hpp
[19.676s] -- Installing: /home/hb/Git/Embedded/install/turtlebot3_msgs/include/turtlebot3_msgs/turtlebot3_msgs/msg/version_info.hpp
[19.676s] -- Installing: /home/hb/Git/Embedded/install/turtlebot3_msgs/include/turtlebot3_msgs/turtlebot3_msgs/msg/sound.hpp
[19.676s] -- Up-to-date: /home/hb/Git/Embedded/install/turtlebot3_msgs/include/turtlebot3_msgs/turtlebot3_msgs/action
[19.677s] -- Up-to-date: /home/hb/Git/Embedded/install/turtlebot3_msgs/include/turtlebot3_msgs/turtlebot3_msgs/action/detail
[19.677s] -- Installing: /home/hb/Git/Embedded/install/turtlebot3_msgs/include/turtlebot3_msgs/turtlebot3_msgs/action/detail/patrol__builder.hpp
[19.677s] -- Installing: /home/hb/Git/Embedded/install/turtlebot3_msgs/include/turtlebot3_msgs/turtlebot3_msgs/action/detail/patrol__struct.hpp
[19.677s] -- Installing: /home/hb/Git/Embedded/install/turtlebot3_msgs/include/turtlebot3_msgs/turtlebot3_msgs/action/detail/patrol__type_support.hpp
[19.677s] -- Installing: /home/hb/Git/Embedded/install/turtlebot3_msgs/include/turtlebot3_msgs/turtlebot3_msgs/action/detail/patrol__traits.hpp
[19.680s] -- Installing: /home/hb/Git/Embedded/install/turtlebot3_msgs/include/turtlebot3_msgs/turtlebot3_msgs/action/patrol.hpp
[19.680s] -- Up-to-date: /home/hb/Git/Embedded/install/turtlebot3_msgs/include/turtlebot3_msgs/turtlebot3_msgs/srv
[19.681s] -- Installing: /home/hb/Git/Embedded/install/turtlebot3_msgs/include/turtlebot3_msgs/turtlebot3_msgs/srv/dqn.hpp
[19.681s] -- Up-to-date: /home/hb/Git/Embedded/install/turtlebot3_msgs/include/turtlebot3_msgs/turtlebot3_msgs/srv/detail
[19.681s] -- Installing: /home/hb/Git/Embedded/install/turtlebot3_msgs/include/turtlebot3_msgs/turtlebot3_msgs/srv/detail/sound__struct.hpp
[19.681s] -- Installing: /home/hb/Git/Embedded/install/turtlebot3_msgs/include/turtlebot3_msgs/turtlebot3_msgs/srv/detail/goal__traits.hpp
[19.681s] -- Installing: /home/hb/Git/Embedded/install/turtlebot3_msgs/include/turtlebot3_msgs/turtlebot3_msgs/srv/detail/dqn__type_support.hpp
[19.681s] -- Installing: /home/hb/Git/Embedded/install/turtlebot3_msgs/include/turtlebot3_msgs/turtlebot3_msgs/srv/detail/sound__type_support.hpp
[19.681s] -- Installing: /home/hb/Git/Embedded/install/turtlebot3_msgs/include/turtlebot3_msgs/turtlebot3_msgs/srv/detail/dqn__builder.hpp
[19.681s] -- Installing: /home/hb/Git/Embedded/install/turtlebot3_msgs/include/turtlebot3_msgs/turtlebot3_msgs/srv/detail/goal__builder.hpp
[19.681s] -- Installing: /home/hb/Git/Embedded/install/turtlebot3_msgs/include/turtlebot3_msgs/turtlebot3_msgs/srv/detail/dqn__traits.hpp
[19.682s] -- Installing: /home/hb/Git/Embedded/install/turtlebot3_msgs/include/turtlebot3_msgs/turtlebot3_msgs/srv/detail/goal__struct.hpp
[19.685s] -- Installing: /home/hb/Git/Embedded/install/turtlebot3_msgs/include/turtlebot3_msgs/turtlebot3_msgs/srv/detail/sound__traits.hpp
[19.685s] -- Installing: /home/hb/Git/Embedded/install/turtlebot3_msgs/include/turtlebot3_msgs/turtlebot3_msgs/srv/detail/dqn__struct.hpp
[19.686s] -- Installing: /home/hb/Git/Embedded/install/turtlebot3_msgs/include/turtlebot3_msgs/turtlebot3_msgs/srv/detail/sound__builder.hpp
[19.686s] -- Installing: /home/hb/Git/Embedded/install/turtlebot3_msgs/include/turtlebot3_msgs/turtlebot3_msgs/srv/detail/goal__type_support.hpp
[19.686s] -- Installing: /home/hb/Git/Embedded/install/turtlebot3_msgs/include/turtlebot3_msgs/turtlebot3_msgs/srv/goal.hpp
[19.686s] -- Installing: /home/hb/Git/Embedded/install/turtlebot3_msgs/include/turtlebot3_msgs/turtlebot3_msgs/srv/sound.hpp
[19.688s] -- Up-to-date: /home/hb/Git/Embedded/install/turtlebot3_msgs/include/turtlebot3_msgs/turtlebot3_msgs
[19.689s] -- Up-to-date: /home/hb/Git/Embedded/install/turtlebot3_msgs/include/turtlebot3_msgs/turtlebot3_msgs/msg
[19.689s] -- Up-to-date: /home/hb/Git/Embedded/install/turtlebot3_msgs/include/turtlebot3_msgs/turtlebot3_msgs/msg/detail
[19.689s] -- Installing: /home/hb/Git/Embedded/install/turtlebot3_msgs/include/turtlebot3_msgs/turtlebot3_msgs/msg/detail/sensor_state__rosidl_typesupport_fastrtps_cpp.hpp
[19.690s] -- Installing: /home/hb/Git/Embedded/install/turtlebot3_msgs/include/turtlebot3_msgs/turtlebot3_msgs/msg/detail/version_info__rosidl_typesupport_fastrtps_cpp.hpp
[19.690s] -- Installing: /home/hb/Git/Embedded/install/turtlebot3_msgs/include/turtlebot3_msgs/turtlebot3_msgs/msg/detail/sound__rosidl_typesupport_fastrtps_cpp.hpp
[19.690s] -- Installing: /home/hb/Git/Embedded/install/turtlebot3_msgs/include/turtlebot3_msgs/turtlebot3_msgs/msg/detail/dds_fastrtps
[19.691s] -- Installing: /home/hb/Git/Embedded/install/turtlebot3_msgs/include/turtlebot3_msgs/turtlebot3_msgs/msg/rosidl_typesupport_fastrtps_cpp__visibility_control.h
[19.691s] -- Up-to-date: /home/hb/Git/Embedded/install/turtlebot3_msgs/include/turtlebot3_msgs/turtlebot3_msgs/action
[19.691s] -- Up-to-date: /home/hb/Git/Embedded/install/turtlebot3_msgs/include/turtlebot3_msgs/turtlebot3_msgs/action/detail
[19.691s] -- Installing: /home/hb/Git/Embedded/install/turtlebot3_msgs/include/turtlebot3_msgs/turtlebot3_msgs/action/detail/patrol__rosidl_typesupport_fastrtps_cpp.hpp
[19.691s] -- Installing: /home/hb/Git/Embedded/install/turtlebot3_msgs/include/turtlebot3_msgs/turtlebot3_msgs/action/detail/dds_fastrtps
[19.693s] -- Up-to-date: /home/hb/Git/Embedded/install/turtlebot3_msgs/include/turtlebot3_msgs/turtlebot3_msgs/srv
[19.695s] -- Up-to-date: /home/hb/Git/Embedded/install/turtlebot3_msgs/include/turtlebot3_msgs/turtlebot3_msgs/srv/detail
[19.695s] -- Installing: /home/hb/Git/Embedded/install/turtlebot3_msgs/include/turtlebot3_msgs/turtlebot3_msgs/srv/detail/goal__rosidl_typesupport_fastrtps_cpp.hpp
[19.695s] -- Installing: /home/hb/Git/Embedded/install/turtlebot3_msgs/include/turtlebot3_msgs/turtlebot3_msgs/srv/detail/dqn__rosidl_typesupport_fastrtps_cpp.hpp
[19.696s] -- Installing: /home/hb/Git/Embedded/install/turtlebot3_msgs/include/turtlebot3_msgs/turtlebot3_msgs/srv/detail/sound__rosidl_typesupport_fastrtps_cpp.hpp
[19.696s] -- Installing: /home/hb/Git/Embedded/install/turtlebot3_msgs/include/turtlebot3_msgs/turtlebot3_msgs/srv/detail/dds_fastrtps
[19.696s] -- Installing: /home/hb/Git/Embedded/install/turtlebot3_msgs/lib/libturtlebot3_msgs__rosidl_typesupport_fastrtps_cpp.so
[19.696s] -- Set runtime path of "/home/hb/Git/Embedded/install/turtlebot3_msgs/lib/libturtlebot3_msgs__rosidl_typesupport_fastrtps_cpp.so" to ""
[19.696s] -- Up-to-date: /home/hb/Git/Embedded/install/turtlebot3_msgs/include/turtlebot3_msgs/turtlebot3_msgs
[19.696s] -- Up-to-date: /home/hb/Git/Embedded/install/turtlebot3_msgs/include/turtlebot3_msgs/turtlebot3_msgs/msg
[19.696s] -- Up-to-date: /home/hb/Git/Embedded/install/turtlebot3_msgs/include/turtlebot3_msgs/turtlebot3_msgs/msg/detail
[19.696s] -- Installing: /home/hb/Git/Embedded/install/turtlebot3_msgs/include/turtlebot3_msgs/turtlebot3_msgs/msg/detail/sensor_state__type_support.c
[19.699s] -- Installing: /home/hb/Git/Embedded/install/turtlebot3_msgs/include/turtlebot3_msgs/turtlebot3_msgs/msg/detail/version_info__type_support.c
[19.699s] -- Installing: /home/hb/Git/Embedded/install/turtlebot3_msgs/include/turtlebot3_msgs/turtlebot3_msgs/msg/detail/sound__type_support.c
[19.699s] -- Installing: /home/hb/Git/Embedded/install/turtlebot3_msgs/include/turtlebot3_msgs/turtlebot3_msgs/msg/detail/sound__rosidl_typesupport_introspection_c.h
[19.700s] -- Installing: /home/hb/Git/Embedded/install/turtlebot3_msgs/include/turtlebot3_msgs/turtlebot3_msgs/msg/detail/version_info__rosidl_typesupport_introspection_c.h
[19.700s] -- Installing: /home/hb/Git/Embedded/install/turtlebot3_msgs/include/turtlebot3_msgs/turtlebot3_msgs/msg/detail/sensor_state__rosidl_typesupport_introspection_c.h
[19.700s] -- Installing: /home/hb/Git/Embedded/install/turtlebot3_msgs/include/turtlebot3_msgs/turtlebot3_msgs/msg/rosidl_typesupport_introspection_c__visibility_control.h
[19.701s] -- Up-to-date: /home/hb/Git/Embedded/install/turtlebot3_msgs/include/turtlebot3_msgs/turtlebot3_msgs/action
[19.701s] -- Up-to-date: /home/hb/Git/Embedded/install/turtlebot3_msgs/include/turtlebot3_msgs/turtlebot3_msgs/action/detail
[19.701s] -- Installing: /home/hb/Git/Embedded/install/turtlebot3_msgs/include/turtlebot3_msgs/turtlebot3_msgs/action/detail/patrol__type_support.c
[19.701s] -- Installing: /home/hb/Git/Embedded/install/turtlebot3_msgs/include/turtlebot3_msgs/turtlebot3_msgs/action/detail/patrol__rosidl_typesupport_introspection_c.h
[19.701s] -- Up-to-date: /home/hb/Git/Embedded/install/turtlebot3_msgs/include/turtlebot3_msgs/turtlebot3_msgs/srv
[19.701s] -- Up-to-date: /home/hb/Git/Embedded/install/turtlebot3_msgs/include/turtlebot3_msgs/turtlebot3_msgs/srv/detail
[19.701s] -- Installing: /home/hb/Git/Embedded/install/turtlebot3_msgs/include/turtlebot3_msgs/turtlebot3_msgs/srv/detail/goal__rosidl_typesupport_introspection_c.h
[19.705s] -- Installing: /home/hb/Git/Embedded/install/turtlebot3_msgs/include/turtlebot3_msgs/turtlebot3_msgs/srv/detail/sound__type_support.c
[19.705s] -- Installing: /home/hb/Git/Embedded/install/turtlebot3_msgs/include/turtlebot3_msgs/turtlebot3_msgs/srv/detail/sound__rosidl_typesupport_introspection_c.h
[19.706s] -- Installing: /home/hb/Git/Embedded/install/turtlebot3_msgs/include/turtlebot3_msgs/turtlebot3_msgs/srv/detail/goal__type_support.c
[19.706s] -- Installing: /home/hb/Git/Embedded/install/turtlebot3_msgs/include/turtlebot3_msgs/turtlebot3_msgs/srv/detail/dqn__rosidl_typesupport_introspection_c.h
[19.706s] -- Installing: /home/hb/Git/Embedded/install/turtlebot3_msgs/include/turtlebot3_msgs/turtlebot3_msgs/srv/detail/dqn__type_support.c
[19.706s] -- Installing: /home/hb/Git/Embedded/install/turtlebot3_msgs/lib/libturtlebot3_msgs__rosidl_typesupport_introspection_c.so
[19.706s] -- Set runtime path of "/home/hb/Git/Embedded/install/turtlebot3_msgs/lib/libturtlebot3_msgs__rosidl_typesupport_introspection_c.so" to ""
[19.706s] -- Installing: /home/hb/Git/Embedded/install/turtlebot3_msgs/lib/libturtlebot3_msgs__rosidl_typesupport_c.so
[19.706s] -- Set runtime path of "/home/hb/Git/Embedded/install/turtlebot3_msgs/lib/libturtlebot3_msgs__rosidl_typesupport_c.so" to ""
[19.706s] -- Up-to-date: /home/hb/Git/Embedded/install/turtlebot3_msgs/include/turtlebot3_msgs/turtlebot3_msgs
[19.706s] -- Up-to-date: /home/hb/Git/Embedded/install/turtlebot3_msgs/include/turtlebot3_msgs/turtlebot3_msgs/msg
[19.706s] -- Up-to-date: /home/hb/Git/Embedded/install/turtlebot3_msgs/include/turtlebot3_msgs/turtlebot3_msgs/msg/detail
[19.707s] -- Installing: /home/hb/Git/Embedded/install/turtlebot3_msgs/include/turtlebot3_msgs/turtlebot3_msgs/msg/detail/version_info__type_support.cpp
[19.716s] -- Installing: /home/hb/Git/Embedded/install/turtlebot3_msgs/include/turtlebot3_msgs/turtlebot3_msgs/msg/detail/sound__type_support.cpp
[19.716s] -- Installing: /home/hb/Git/Embedded/install/turtlebot3_msgs/include/turtlebot3_msgs/turtlebot3_msgs/msg/detail/version_info__rosidl_typesupport_introspection_cpp.hpp
[19.716s] -- Installing: /home/hb/Git/Embedded/install/turtlebot3_msgs/include/turtlebot3_msgs/turtlebot3_msgs/msg/detail/sensor_state__type_support.cpp
[19.716s] -- Installing: /home/hb/Git/Embedded/install/turtlebot3_msgs/include/turtlebot3_msgs/turtlebot3_msgs/msg/detail/sound__rosidl_typesupport_introspection_cpp.hpp
[19.716s] -- Installing: /home/hb/Git/Embedded/install/turtlebot3_msgs/include/turtlebot3_msgs/turtlebot3_msgs/msg/detail/sensor_state__rosidl_typesupport_introspection_cpp.hpp
[19.717s] -- Up-to-date: /home/hb/Git/Embedded/install/turtlebot3_msgs/include/turtlebot3_msgs/turtlebot3_msgs/action
[19.717s] -- Up-to-date: /home/hb/Git/Embedded/install/turtlebot3_msgs/include/turtlebot3_msgs/turtlebot3_msgs/action/detail
[19.717s] -- Installing: /home/hb/Git/Embedded/install/turtlebot3_msgs/include/turtlebot3_msgs/turtlebot3_msgs/action/detail/patrol__rosidl_typesupport_introspection_cpp.hpp
[19.717s] -- Installing: /home/hb/Git/Embedded/install/turtlebot3_msgs/include/turtlebot3_msgs/turtlebot3_msgs/action/detail/patrol__type_support.cpp
[19.717s] -- Up-to-date: /home/hb/Git/Embedded/install/turtlebot3_msgs/include/turtlebot3_msgs/turtlebot3_msgs/srv
[19.717s] -- Up-to-date: /home/hb/Git/Embedded/install/turtlebot3_msgs/include/turtlebot3_msgs/turtlebot3_msgs/srv/detail
[19.717s] -- Installing: /home/hb/Git/Embedded/install/turtlebot3_msgs/include/turtlebot3_msgs/turtlebot3_msgs/srv/detail/goal__type_support.cpp
[19.717s] -- Installing: /home/hb/Git/Embedded/install/turtlebot3_msgs/include/turtlebot3_msgs/turtlebot3_msgs/srv/detail/sound__type_support.cpp
[19.717s] -- Installing: /home/hb/Git/Embedded/install/turtlebot3_msgs/include/turtlebot3_msgs/turtlebot3_msgs/srv/detail/dqn__type_support.cpp
[19.718s] -- Installing: /home/hb/Git/Embedded/install/turtlebot3_msgs/include/turtlebot3_msgs/turtlebot3_msgs/srv/detail/sound__rosidl_typesupport_introspection_cpp.hpp
[19.718s] -- Installing: /home/hb/Git/Embedded/install/turtlebot3_msgs/include/turtlebot3_msgs/turtlebot3_msgs/srv/detail/dqn__rosidl_typesupport_introspection_cpp.hpp
[19.718s] -- Installing: /home/hb/Git/Embedded/install/turtlebot3_msgs/include/turtlebot3_msgs/turtlebot3_msgs/srv/detail/goal__rosidl_typesupport_introspection_cpp.hpp
[19.718s] -- Installing: /home/hb/Git/Embedded/install/turtlebot3_msgs/lib/libturtlebot3_msgs__rosidl_typesupport_introspection_cpp.so
[19.718s] -- Set runtime path of "/home/hb/Git/Embedded/install/turtlebot3_msgs/lib/libturtlebot3_msgs__rosidl_typesupport_introspection_cpp.so" to ""
[19.718s] -- Installing: /home/hb/Git/Embedded/install/turtlebot3_msgs/lib/libturtlebot3_msgs__rosidl_typesupport_cpp.so
[19.718s] -- Set runtime path of "/home/hb/Git/Embedded/install/turtlebot3_msgs/lib/libturtlebot3_msgs__rosidl_typesupport_cpp.so" to ""
[19.718s] -- Installing: /home/hb/Git/Embedded/install/turtlebot3_msgs/share/turtlebot3_msgs/environment/pythonpath.sh
[19.727s] -- Installing: /home/hb/Git/Embedded/install/turtlebot3_msgs/share/turtlebot3_msgs/environment/pythonpath.dsv
[19.727s] -- Installing: /home/hb/Git/Embedded/install/turtlebot3_msgs/local/lib/python3.10/dist-packages/turtlebot3_msgs-2.4.0-py3.10.egg-info
[19.728s] -- Installing: /home/hb/Git/Embedded/install/turtlebot3_msgs/local/lib/python3.10/dist-packages/turtlebot3_msgs-2.4.0-py3.10.egg-info/PKG-INFO
[19.728s] -- Installing: /home/hb/Git/Embedded/install/turtlebot3_msgs/local/lib/python3.10/dist-packages/turtlebot3_msgs-2.4.0-py3.10.egg-info/dependency_links.txt
[19.728s] -- Installing: /home/hb/Git/Embedded/install/turtlebot3_msgs/local/lib/python3.10/dist-packages/turtlebot3_msgs-2.4.0-py3.10.egg-info/top_level.txt
[19.728s] -- Installing: /home/hb/Git/Embedded/install/turtlebot3_msgs/local/lib/python3.10/dist-packages/turtlebot3_msgs-2.4.0-py3.10.egg-info/SOURCES.txt
[19.728s] -- Installing: /home/hb/Git/Embedded/install/turtlebot3_msgs/local/lib/python3.10/dist-packages/turtlebot3_msgs
[19.728s] -- Installing: /home/hb/Git/Embedded/install/turtlebot3_msgs/local/lib/python3.10/dist-packages/turtlebot3_msgs/msg
[19.728s] -- Installing: /home/hb/Git/Embedded/install/turtlebot3_msgs/local/lib/python3.10/dist-packages/turtlebot3_msgs/msg/_sensor_state.py
[19.729s] -- Installing: /home/hb/Git/Embedded/install/turtlebot3_msgs/local/lib/python3.10/dist-packages/turtlebot3_msgs/msg/_version_info_s.c
[19.729s] -- Installing: /home/hb/Git/Embedded/install/turtlebot3_msgs/local/lib/python3.10/dist-packages/turtlebot3_msgs/msg/_sensor_state_s.c
[19.729s] -- Installing: /home/hb/Git/Embedded/install/turtlebot3_msgs/local/lib/python3.10/dist-packages/turtlebot3_msgs/msg/_version_info.py
[19.729s] -- Installing: /home/hb/Git/Embedded/install/turtlebot3_msgs/local/lib/python3.10/dist-packages/turtlebot3_msgs/msg/_sound_s.c
[19.729s] -- Installing: /home/hb/Git/Embedded/install/turtlebot3_msgs/local/lib/python3.10/dist-packages/turtlebot3_msgs/msg/__init__.py
[19.729s] -- Installing: /home/hb/Git/Embedded/install/turtlebot3_msgs/local/lib/python3.10/dist-packages/turtlebot3_msgs/msg/_sound.py
[19.729s] -- Installing: /home/hb/Git/Embedded/install/turtlebot3_msgs/local/lib/python3.10/dist-packages/turtlebot3_msgs/turtlebot3_msgs_s__rosidl_typesupport_c.cpython-310-x86_64-linux-gnu.so
[19.732s] -- Installing: /home/hb/Git/Embedded/install/turtlebot3_msgs/local/lib/python3.10/dist-packages/turtlebot3_msgs/_turtlebot3_msgs_s.ep.rosidl_typesupport_introspection_c.c
[19.734s] -- Installing: /home/hb/Git/Embedded/install/turtlebot3_msgs/local/lib/python3.10/dist-packages/turtlebot3_msgs/action
[19.734s] -- Installing: /home/hb/Git/Embedded/install/turtlebot3_msgs/local/lib/python3.10/dist-packages/turtlebot3_msgs/action/_patrol.py
[19.734s] -- Installing: /home/hb/Git/Embedded/install/turtlebot3_msgs/local/lib/python3.10/dist-packages/turtlebot3_msgs/action/_patrol_s.c
[19.734s] -- Installing: /home/hb/Git/Embedded/install/turtlebot3_msgs/local/lib/python3.10/dist-packages/turtlebot3_msgs/action/__init__.py
[19.734s] -- Installing: /home/hb/Git/Embedded/install/turtlebot3_msgs/local/lib/python3.10/dist-packages/turtlebot3_msgs/_turtlebot3_msgs_s.ep.rosidl_typesupport_c.c
[19.734s] -- Installing: /home/hb/Git/Embedded/install/turtlebot3_msgs/local/lib/python3.10/dist-packages/turtlebot3_msgs/_turtlebot3_msgs_s.ep.rosidl_typesupport_fastrtps_c.c
[19.735s] -- Installing: /home/hb/Git/Embedded/install/turtlebot3_msgs/local/lib/python3.10/dist-packages/turtlebot3_msgs/turtlebot3_msgs_s__rosidl_typesupport_introspection_c.cpython-310-x86_64-linux-gnu.so
[19.735s] -- Installing: /home/hb/Git/Embedded/install/turtlebot3_msgs/local/lib/python3.10/dist-packages/turtlebot3_msgs/libturtlebot3_msgs__rosidl_generator_py.so
[19.737s] -- Installing: /home/hb/Git/Embedded/install/turtlebot3_msgs/local/lib/python3.10/dist-packages/turtlebot3_msgs/turtlebot3_msgs_s__rosidl_typesupport_fastrtps_c.cpython-310-x86_64-linux-gnu.so
[19.738s] -- Installing: /home/hb/Git/Embedded/install/turtlebot3_msgs/local/lib/python3.10/dist-packages/turtlebot3_msgs/srv
[19.738s] -- Installing: /home/hb/Git/Embedded/install/turtlebot3_msgs/local/lib/python3.10/dist-packages/turtlebot3_msgs/srv/_goal_s.c
[19.741s] -- Installing: /home/hb/Git/Embedded/install/turtlebot3_msgs/local/lib/python3.10/dist-packages/turtlebot3_msgs/srv/_dqn_s.c
[19.741s] -- Installing: /home/hb/Git/Embedded/install/turtlebot3_msgs/local/lib/python3.10/dist-packages/turtlebot3_msgs/srv/_dqn.py
[19.742s] -- Installing: /home/hb/Git/Embedded/install/turtlebot3_msgs/local/lib/python3.10/dist-packages/turtlebot3_msgs/srv/_sound_s.c
[19.742s] -- Installing: /home/hb/Git/Embedded/install/turtlebot3_msgs/local/lib/python3.10/dist-packages/turtlebot3_msgs/srv/_goal.py
[19.743s] -- Installing: /home/hb/Git/Embedded/install/turtlebot3_msgs/local/lib/python3.10/dist-packages/turtlebot3_msgs/srv/__init__.py
[19.743s] -- Installing: /home/hb/Git/Embedded/install/turtlebot3_msgs/local/lib/python3.10/dist-packages/turtlebot3_msgs/srv/_sound.py
[19.743s] -- Installing: /home/hb/Git/Embedded/install/turtlebot3_msgs/local/lib/python3.10/dist-packages/turtlebot3_msgs/__init__.py
[19.874s] Listing '/home/hb/Git/Embedded/install/turtlebot3_msgs/local/lib/python3.10/dist-packages/turtlebot3_msgs'...
[19.875s] Compiling '/home/hb/Git/Embedded/install/turtlebot3_msgs/local/lib/python3.10/dist-packages/turtlebot3_msgs/__init__.py'...
[19.875s] Listing '/home/hb/Git/Embedded/install/turtlebot3_msgs/local/lib/python3.10/dist-packages/turtlebot3_msgs/action'...
[19.875s] Compiling '/home/hb/Git/Embedded/install/turtlebot3_msgs/local/lib/python3.10/dist-packages/turtlebot3_msgs/action/__init__.py'...
[19.875s] Compiling '/home/hb/Git/Embedded/install/turtlebot3_msgs/local/lib/python3.10/dist-packages/turtlebot3_msgs/action/_patrol.py'...
[19.875s] Listing '/home/hb/Git/Embedded/install/turtlebot3_msgs/local/lib/python3.10/dist-packages/turtlebot3_msgs/msg'...
[19.875s] Compiling '/home/hb/Git/Embedded/install/turtlebot3_msgs/local/lib/python3.10/dist-packages/turtlebot3_msgs/msg/__init__.py'...
[19.875s] Compiling '/home/hb/Git/Embedded/install/turtlebot3_msgs/local/lib/python3.10/dist-packages/turtlebot3_msgs/msg/_sensor_state.py'...
[19.875s] Compiling '/home/hb/Git/Embedded/install/turtlebot3_msgs/local/lib/python3.10/dist-packages/turtlebot3_msgs/msg/_sound.py'...
[19.875s] Compiling '/home/hb/Git/Embedded/install/turtlebot3_msgs/local/lib/python3.10/dist-packages/turtlebot3_msgs/msg/_version_info.py'...
[19.875s] Listing '/home/hb/Git/Embedded/install/turtlebot3_msgs/local/lib/python3.10/dist-packages/turtlebot3_msgs/srv'...
[19.876s] Compiling '/home/hb/Git/Embedded/install/turtlebot3_msgs/local/lib/python3.10/dist-packages/turtlebot3_msgs/srv/__init__.py'...
[19.876s] Compiling '/home/hb/Git/Embedded/install/turtlebot3_msgs/local/lib/python3.10/dist-packages/turtlebot3_msgs/srv/_dqn.py'...
[19.876s] Compiling '/home/hb/Git/Embedded/install/turtlebot3_msgs/local/lib/python3.10/dist-packages/turtlebot3_msgs/srv/_goal.py'...
[19.876s] Compiling '/home/hb/Git/Embedded/install/turtlebot3_msgs/local/lib/python3.10/dist-packages/turtlebot3_msgs/srv/_sound.py'...
[19.883s] -- Installing: /home/hb/Git/Embedded/install/turtlebot3_msgs/local/lib/python3.10/dist-packages/turtlebot3_msgs/turtlebot3_msgs_s__rosidl_typesupport_fastrtps_c.cpython-310-x86_64-linux-gnu.so
[19.883s] -- Set runtime path of "/home/hb/Git/Embedded/install/turtlebot3_msgs/local/lib/python3.10/dist-packages/turtlebot3_msgs/turtlebot3_msgs_s__rosidl_typesupport_fastrtps_c.cpython-310-x86_64-linux-gnu.so" to ""
[19.884s] -- Installing: /home/hb/Git/Embedded/install/turtlebot3_msgs/local/lib/python3.10/dist-packages/turtlebot3_msgs/turtlebot3_msgs_s__rosidl_typesupport_introspection_c.cpython-310-x86_64-linux-gnu.so
[19.885s] -- Set runtime path of "/home/hb/Git/Embedded/install/turtlebot3_msgs/local/lib/python3.10/dist-packages/turtlebot3_msgs/turtlebot3_msgs_s__rosidl_typesupport_introspection_c.cpython-310-x86_64-linux-gnu.so" to ""
[19.885s] -- Installing: /home/hb/Git/Embedded/install/turtlebot3_msgs/local/lib/python3.10/dist-packages/turtlebot3_msgs/turtlebot3_msgs_s__rosidl_typesupport_c.cpython-310-x86_64-linux-gnu.so
[19.886s] -- Set runtime path of "/home/hb/Git/Embedded/install/turtlebot3_msgs/local/lib/python3.10/dist-packages/turtlebot3_msgs/turtlebot3_msgs_s__rosidl_typesupport_c.cpython-310-x86_64-linux-gnu.so" to ""
[19.886s] -- Installing: /home/hb/Git/Embedded/install/turtlebot3_msgs/lib/libturtlebot3_msgs__rosidl_generator_py.so
[19.891s] -- Set runtime path of "/home/hb/Git/Embedded/install/turtlebot3_msgs/lib/libturtlebot3_msgs__rosidl_generator_py.so" to ""
[19.891s] -- Installing: /home/hb/Git/Embedded/install/turtlebot3_msgs/share/turtlebot3_msgs/msg/SensorState.idl
[19.891s] -- Installing: /home/hb/Git/Embedded/install/turtlebot3_msgs/share/turtlebot3_msgs/msg/Sound.idl
[19.892s] -- Installing: /home/hb/Git/Embedded/install/turtlebot3_msgs/share/turtlebot3_msgs/msg/VersionInfo.idl
[19.892s] -- Installing: /home/hb/Git/Embedded/install/turtlebot3_msgs/share/turtlebot3_msgs/srv/Sound.idl
[19.893s] -- Installing: /home/hb/Git/Embedded/install/turtlebot3_msgs/share/turtlebot3_msgs/srv/Dqn.idl
[19.894s] -- Installing: /home/hb/Git/Embedded/install/turtlebot3_msgs/share/turtlebot3_msgs/srv/Goal.idl
[19.894s] -- Installing: /home/hb/Git/Embedded/install/turtlebot3_msgs/share/turtlebot3_msgs/action/Patrol.idl
[19.894s] -- Installing: /home/hb/Git/Embedded/install/turtlebot3_msgs/share/turtlebot3_msgs/msg/SensorState.msg
[19.894s] -- Installing: /home/hb/Git/Embedded/install/turtlebot3_msgs/share/turtlebot3_msgs/msg/Sound.msg
[19.895s] -- Installing: /home/hb/Git/Embedded/install/turtlebot3_msgs/share/turtlebot3_msgs/msg/VersionInfo.msg
[19.895s] -- Installing: /home/hb/Git/Embedded/install/turtlebot3_msgs/share/turtlebot3_msgs/srv/Sound.srv
[19.896s] -- Installing: /home/hb/Git/Embedded/install/turtlebot3_msgs/share/turtlebot3_msgs/srv/Sound_Request.msg
[19.896s] -- Installing: /home/hb/Git/Embedded/install/turtlebot3_msgs/share/turtlebot3_msgs/srv/Sound_Response.msg
[19.897s] -- Installing: /home/hb/Git/Embedded/install/turtlebot3_msgs/share/turtlebot3_msgs/srv/Dqn.srv
[19.897s] -- Installing: /home/hb/Git/Embedded/install/turtlebot3_msgs/share/turtlebot3_msgs/srv/Dqn_Request.msg
[19.898s] -- Installing: /home/hb/Git/Embedded/install/turtlebot3_msgs/share/turtlebot3_msgs/srv/Dqn_Response.msg
[19.898s] -- Installing: /home/hb/Git/Embedded/install/turtlebot3_msgs/share/turtlebot3_msgs/srv/Goal.srv
[19.898s] -- Installing: /home/hb/Git/Embedded/install/turtlebot3_msgs/share/turtlebot3_msgs/srv/Goal_Request.msg
[19.899s] -- Installing: /home/hb/Git/Embedded/install/turtlebot3_msgs/share/turtlebot3_msgs/srv/Goal_Response.msg
[19.899s] -- Installing: /home/hb/Git/Embedded/install/turtlebot3_msgs/share/turtlebot3_msgs/action/Patrol.action
[19.900s] -- Installing: /home/hb/Git/Embedded/install/turtlebot3_msgs/share/ament_index/resource_index/package_run_dependencies/turtlebot3_msgs
[19.900s] -- Installing: /home/hb/Git/Embedded/install/turtlebot3_msgs/share/ament_index/resource_index/parent_prefix_path/turtlebot3_msgs
[19.901s] -- Installing: /home/hb/Git/Embedded/install/turtlebot3_msgs/share/turtlebot3_msgs/environment/ament_prefix_path.sh
[19.901s] -- Installing: /home/hb/Git/Embedded/install/turtlebot3_msgs/share/turtlebot3_msgs/environment/ament_prefix_path.dsv
[19.902s] -- Installing: /home/hb/Git/Embedded/install/turtlebot3_msgs/share/turtlebot3_msgs/environment/path.sh
[19.902s] -- Installing: /home/hb/Git/Embedded/install/turtlebot3_msgs/share/turtlebot3_msgs/environment/path.dsv
[19.903s] -- Installing: /home/hb/Git/Embedded/install/turtlebot3_msgs/share/turtlebot3_msgs/local_setup.bash
[19.903s] -- Installing: /home/hb/Git/Embedded/install/turtlebot3_msgs/share/turtlebot3_msgs/local_setup.sh
[19.903s] -- Installing: /home/hb/Git/Embedded/install/turtlebot3_msgs/share/turtlebot3_msgs/local_setup.zsh
[19.904s] -- Installing: /home/hb/Git/Embedded/install/turtlebot3_msgs/share/turtlebot3_msgs/local_setup.dsv
[19.904s] -- Installing: /home/hb/Git/Embedded/install/turtlebot3_msgs/share/turtlebot3_msgs/package.dsv
[19.905s] -- Installing: /home/hb/Git/Embedded/install/turtlebot3_msgs/share/ament_index/resource_index/packages/turtlebot3_msgs
[19.905s] -- Installing: /home/hb/Git/Embedded/install/turtlebot3_msgs/share/turtlebot3_msgs/cmake/export_turtlebot3_msgs__rosidl_generator_cExport.cmake
[19.906s] -- Installing: /home/hb/Git/Embedded/install/turtlebot3_msgs/share/turtlebot3_msgs/cmake/export_turtlebot3_msgs__rosidl_generator_cExport-noconfig.cmake
[19.906s] -- Installing: /home/hb/Git/Embedded/install/turtlebot3_msgs/share/turtlebot3_msgs/cmake/export_turtlebot3_msgs__rosidl_typesupport_fastrtps_cExport.cmake
[19.906s] -- Installing: /home/hb/Git/Embedded/install/turtlebot3_msgs/share/turtlebot3_msgs/cmake/export_turtlebot3_msgs__rosidl_typesupport_fastrtps_cExport-noconfig.cmake
[19.907s] -- Installing: /home/hb/Git/Embedded/install/turtlebot3_msgs/share/turtlebot3_msgs/cmake/export_turtlebot3_msgs__rosidl_generator_cppExport.cmake
[19.907s] -- Installing: /home/hb/Git/Embedded/install/turtlebot3_msgs/share/turtlebot3_msgs/cmake/export_turtlebot3_msgs__rosidl_typesupport_fastrtps_cppExport.cmake
[19.908s] -- Installing: /home/hb/Git/Embedded/install/turtlebot3_msgs/share/turtlebot3_msgs/cmake/export_turtlebot3_msgs__rosidl_typesupport_fastrtps_cppExport-noconfig.cmake
[19.909s] -- Installing: /home/hb/Git/Embedded/install/turtlebot3_msgs/share/turtlebot3_msgs/cmake/turtlebot3_msgs__rosidl_typesupport_introspection_cExport.cmake
[19.909s] -- Installing: /home/hb/Git/Embedded/install/turtlebot3_msgs/share/turtlebot3_msgs/cmake/turtlebot3_msgs__rosidl_typesupport_introspection_cExport-noconfig.cmake
[19.910s] -- Installing: /home/hb/Git/Embedded/install/turtlebot3_msgs/share/turtlebot3_msgs/cmake/turtlebot3_msgs__rosidl_typesupport_cExport.cmake
[19.910s] -- Installing: /home/hb/Git/Embedded/install/turtlebot3_msgs/share/turtlebot3_msgs/cmake/turtlebot3_msgs__rosidl_typesupport_cExport-noconfig.cmake
[19.911s] -- Installing: /home/hb/Git/Embedded/install/turtlebot3_msgs/share/turtlebot3_msgs/cmake/turtlebot3_msgs__rosidl_typesupport_introspection_cppExport.cmake
[19.911s] -- Installing: /home/hb/Git/Embedded/install/turtlebot3_msgs/share/turtlebot3_msgs/cmake/turtlebot3_msgs__rosidl_typesupport_introspection_cppExport-noconfig.cmake
[19.912s] -- Installing: /home/hb/Git/Embedded/install/turtlebot3_msgs/share/turtlebot3_msgs/cmake/turtlebot3_msgs__rosidl_typesupport_cppExport.cmake
[19.912s] -- Installing: /home/hb/Git/Embedded/install/turtlebot3_msgs/share/turtlebot3_msgs/cmake/turtlebot3_msgs__rosidl_typesupport_cppExport-noconfig.cmake
[19.912s] -- Installing: /home/hb/Git/Embedded/install/turtlebot3_msgs/share/turtlebot3_msgs/cmake/export_turtlebot3_msgs__rosidl_generator_pyExport.cmake
[19.914s] -- Installing: /home/hb/Git/Embedded/install/turtlebot3_msgs/share/turtlebot3_msgs/cmake/export_turtlebot3_msgs__rosidl_generator_pyExport-noconfig.cmake
[19.914s] -- Installing: /home/hb/Git/Embedded/install/turtlebot3_msgs/share/turtlebot3_msgs/cmake/rosidl_cmake-extras.cmake
[19.915s] -- Installing: /home/hb/Git/Embedded/install/turtlebot3_msgs/share/turtlebot3_msgs/cmake/ament_cmake_export_dependencies-extras.cmake
[19.915s] -- Installing: /home/hb/Git/Embedded/install/turtlebot3_msgs/share/turtlebot3_msgs/cmake/ament_cmake_export_include_directories-extras.cmake
[19.916s] -- Installing: /home/hb/Git/Embedded/install/turtlebot3_msgs/share/turtlebot3_msgs/cmake/ament_cmake_export_libraries-extras.cmake
[19.916s] -- Installing: /home/hb/Git/Embedded/install/turtlebot3_msgs/share/turtlebot3_msgs/cmake/ament_cmake_export_targets-extras.cmake
[19.917s] -- Installing: /home/hb/Git/Embedded/install/turtlebot3_msgs/share/turtlebot3_msgs/cmake/rosidl_cmake_export_typesupport_targets-extras.cmake
[19.917s] -- Installing: /home/hb/Git/Embedded/install/turtlebot3_msgs/share/turtlebot3_msgs/cmake/rosidl_cmake_export_typesupport_libraries-extras.cmake
[19.917s] -- Installing: /home/hb/Git/Embedded/install/turtlebot3_msgs/share/turtlebot3_msgs/cmake/turtlebot3_msgsConfig.cmake
[19.918s] -- Installing: /home/hb/Git/Embedded/install/turtlebot3_msgs/share/turtlebot3_msgs/cmake/turtlebot3_msgsConfig-version.cmake
[19.918s] -- Installing: /home/hb/Git/Embedded/install/turtlebot3_msgs/share/turtlebot3_msgs/package.xml
[19.930s] Invoked command in '/home/hb/Git/Embedded/build/turtlebot3_msgs' returned '0': CMAKE_PREFIX_PATH=${CMAKE_PREFIX_PATH}:/home/hb/Git/Embedded/install/turtlebot3_teleop:/home/hb/Git/Embedded/install/turtlebot3_example:/home/hb/Git/Embedded/install/robot_web_interface:/home/hb/Git/Embedded/install/delivery_interface:/home/hb/Git/Embedded/install/app_navigation:/opt/ros/humble /usr/bin/cmake --install /home/hb/Git/Embedded/build/turtlebot3_msgs
