[0.064s] Invoking command in '/home/donggun/S13P21A501/Embedded/build/turtlebot3_gazebo': CMAKE_PREFIX_PATH=/opt/ros/humble /usr/bin/cmake /home/donggun/S13P21A501/Embedded/src/turtlebot3_simulations/turtlebot3_gazebo -DCMAKE_INSTALL_PREFIX=/home/donggun/S13P21A501/Embedded/install/turtlebot3_gazebo
[2.677s] -- The C compiler identification is GNU 11.4.0
[2.677s] -- The CXX compiler identification is GNU 11.4.0
[2.678s] -- Detecting C compiler ABI info
[2.678s] -- Detecting C compiler ABI info - done
[2.678s] -- Check for working C compiler: /usr/bin/cc - skipped
[2.678s] -- Detecting C compile features
[2.678s] -- Detecting C compile features - done
[2.678s] -- Detecting CXX compiler ABI info
[2.678s] -- Detecting CXX compiler ABI info - done
[2.678s] -- Check for working CXX compiler: /usr/bin/c++ - skipped
[2.678s] -- Detecting CXX compile features
[2.678s] -- Detecting CXX compile features - done
[2.678s] -- Found ament_cmake: 1.3.12 (/opt/ros/humble/share/ament_cmake/cmake)
[2.678s] -- Found Python3: /usr/bin/python3 (found version "3.10.12") found components: Interpreter 
[2.678s] -- Found PkgConfig: /usr/bin/pkg-config (found version "0.29.2") 
[2.678s] -- Checking for module 'bullet>=2.82'
[2.678s] --   Found bullet, version 3.05
[2.678s] -- Found fcl: /usr/include (found suitable version "0.7.0", minimum required is "0.5.0") 
[2.679s] -- Found assimp: /usr/include (found version "5.2.0") 
[2.679s] -- Found DART: /usr/include (Required is at least version "6.6") found components: dart 
[2.679s] -- Found Boost: /usr/lib/x86_64-linux-gnu/cmake/Boost-1.74.0/BoostConfig.cmake (found suitable version "1.74.0", minimum required is "1.40.0") found components: thread system filesystem program_options regex iostreams date_time 
[2.679s] -- Found Protobuf: /usr/lib/x86_64-linux-gnu/libprotobuf.so (found version "3.12.4") 
[2.679s] -- Looking for ignition-math6 -- found version 6.15.1
[2.679s] -- Searching for dependencies of ignition-math6
[2.679s] -- Looking for OGRE...
[2.679s] -- OGRE_PREFIX_WATCH changed.
[2.679s] -- Checking for module 'OGRE'
[2.679s] --   Found OGRE, version 1.9.0
[2.679s] -- Found Ogre Ghadamon (1.9.0)
[2.679s] -- Found OGRE: optimized;/usr/lib/x86_64-linux-gnu/libOgreMain.so;debug;/usr/lib/x86_64-linux-gnu/libOgreMain.so
[2.679s] -- Looking for OGRE_Paging...
[2.679s] -- Found OGRE_Paging: optimized;/usr/lib/x86_64-linux-gnu/libOgrePaging.so;debug;/usr/lib/x86_64-linux-gnu/libOgrePaging.so
[2.679s] -- Looking for OGRE_Terrain...
[2.680s] -- Found OGRE_Terrain: optimized;/usr/lib/x86_64-linux-gnu/libOgreTerrain.so;debug;/usr/lib/x86_64-linux-gnu/libOgreTerrain.so
[2.680s] -- Looking for OGRE_Property...
[2.680s] -- Found OGRE_Property: optimized;/usr/lib/x86_64-linux-gnu/libOgreProperty.so;debug;/usr/lib/x86_64-linux-gnu/libOgreProperty.so
[2.680s] -- Looking for OGRE_RTShaderSystem...
[2.680s] -- Found OGRE_RTShaderSystem: optimized;/usr/lib/x86_64-linux-gnu/libOgreRTShaderSystem.so;debug;/usr/lib/x86_64-linux-gnu/libOgreRTShaderSystem.so
[2.680s] -- Looking for OGRE_Volume...
[2.680s] -- Found OGRE_Volume: optimized;/usr/lib/x86_64-linux-gnu/libOgreVolume.so;debug;/usr/lib/x86_64-linux-gnu/libOgreVolume.so
[2.680s] -- Looking for OGRE_Overlay...
[2.680s] -- Found OGRE_Overlay: optimized;/usr/lib/x86_64-linux-gnu/libOgreOverlay.so;debug;/usr/lib/x86_64-linux-gnu/libOgreOverlay.so
[2.680s] -- Looking for ignition-math6 -- found version 6.15.1
[2.680s] -- Looking for ignition-transport8 -- found version 8.2.1
[2.680s] -- Searching for dependencies of ignition-transport8
[2.680s] -- Found Protobuf: /usr/lib/x86_64-linux-gnu/libprotobuf.so (found suitable version "3.12.4", minimum required is "3") 
[2.680s] -- Config-file not installed for ZeroMQ -- checking for pkg-config
[2.681s] -- Checking for module 'libzmq >= 4'
[2.681s] [33mCMake Warning (dev) at /usr/share/cmake-3.22/Modules/FindPackageHandleStandardArgs.cmake:438 (message):
[2.681s]   The package name passed to `find_package_handle_standard_args` (PkgConfig)
[2.681s]   does not match the name of the calling package (gazebo).  This can lead to
[2.681s]   problems in calling code that expects `find_package` result variables
[2.681s]   (e.g., `_FOUND`) to follow a certain pattern.
[2.681s] Call Stack (most recent call first):
[2.681s]   /usr/share/cmake-3.22/Modules/FindPkgConfig.cmake:99 (find_package_handle_standard_args)
[2.681s]   /usr/lib/x86_64-linux-gnu/cmake/gazebo/gazebo-config.cmake:72 (include)
[2.681s]   CMakeLists.txt:23 (find_package)
[2.681s] This warning is for project developers.  Use -Wno-dev to suppress it.
[2.681s] [0m
[2.693s] --   Found libzmq , version 4.3.4
[2.716s] -- Found ZeroMQ: TRUE (Required is at least version "4") 
[2.728s] -- Checking for module 'uuid'
[2.749s] --   Found uuid, version 2.37.2
[2.844s] -- Found UUID: TRUE  
[2.849s] -- Looking for ignition-msgs5 -- found version 5.8.1
[2.850s] -- Searching for dependencies of ignition-msgs5
[2.929s] -- Looking for ignition-math6 -- found version 6.15.1
[2.948s] -- Checking for module 'tinyxml2'
[2.981s] --   Found tinyxml2, version 9.0.0
[3.040s] -- Looking for ignition-msgs5 -- found version 5.8.1
[3.062s] -- Looking for ignition-common3 -- found version 3.14.0
[3.062s] -- Searching for dependencies of ignition-common3
[3.062s] -- Looking for dlfcn.h - found
[3.062s] -- Looking for libdl - found
[3.066s] -- Found DL: TRUE  
[3.114s] -- Found tinyobjloader: /usr/lib/x86_64-linux-gnu/cmake/tinyobjloader/tinyobjloader-config.cmake (found version "2.0.0") 
[3.115s] -- Searching for <ignition-common3> component [graphics]
[3.117s] -- Looking for ignition-common3-graphics -- found version 3.14.0
[3.122s] -- Searching for dependencies of ignition-common3-graphics
[3.122s] -- Looking for ignition-math6 -- found version 6.15.1
[3.143s] -- Looking for ignition-fuel_tools4 -- found version 4.4.0
[3.144s] -- Searching for dependencies of ignition-fuel_tools4
[3.352s] -- Found CURL: /usr/lib/x86_64-linux-gnu/libcurl.so (found version "7.81.0")  
[3.369s] -- Checking for module 'jsoncpp'
[3.390s] --   Found jsoncpp, version 1.9.5
[3.452s] -- Found JSONCPP: TRUE  
[3.466s] -- Checking for module 'libzip'
[3.489s] --   Found libzip, version 1.7.3
[3.538s] -- Found ZIP: TRUE  
[3.539s] -- Looking for ignition-common3 -- found version 3.14.0
[3.539s] -- Looking for ignition-math6 -- found version 6.15.1
[3.540s] -- Looking for ignition-msgs5 -- found version 5.8.1
[3.552s] -- Found gazebo_ros_pkgs: 3.9.0 (/opt/ros/humble/share/gazebo_ros_pkgs/cmake)
[3.558s] -- Found geometry_msgs: 4.9.0 (/opt/ros/humble/share/geometry_msgs/cmake)
[3.612s] -- Found rosidl_generator_c: 3.1.7 (/opt/ros/humble/share/rosidl_generator_c/cmake)
[3.623s] -- Found rosidl_adapter: 3.1.7 (/opt/ros/humble/share/rosidl_adapter/cmake)
[3.640s] -- Found rosidl_generator_cpp: 3.1.7 (/opt/ros/humble/share/rosidl_generator_cpp/cmake)
[3.666s] -- Using all available rosidl_typesupport_c: rosidl_typesupport_fastrtps_c;rosidl_typesupport_introspection_c
[3.699s] -- Using all available rosidl_typesupport_cpp: rosidl_typesupport_fastrtps_cpp;rosidl_typesupport_introspection_cpp
[3.783s] -- Found nav_msgs: 4.9.0 (/opt/ros/humble/share/nav_msgs/cmake)
[3.824s] -- Found rclcpp: 16.0.14 (/opt/ros/humble/share/rclcpp/cmake)
[3.903s] -- Found rmw_implementation_cmake: 6.1.2 (/opt/ros/humble/share/rmw_implementation_cmake/cmake)
[3.912s] -- Found rmw_fastrtps_cpp: 6.2.8 (/opt/ros/humble/share/rmw_fastrtps_cpp/cmake)
[4.067s] -- Found OpenSSL: /usr/lib/x86_64-linux-gnu/libcrypto.so (found version "3.0.2")  
[4.113s] -- Found FastRTPS: /opt/ros/humble/include  
[4.201s] -- Using RMW implementation 'rmw_fastrtps_cpp' as default
[4.219s] -- Found Threads: TRUE  
[4.303s] -- Found sensor_msgs: 4.9.0 (/opt/ros/humble/share/sensor_msgs/cmake)
[4.386s] -- Found tf2: 0.25.16 (/opt/ros/humble/share/tf2/cmake)
[4.620s] -- Configuring done
[4.810s] -- Generating done
[4.844s] -- Build files have been written to: /home/donggun/S13P21A501/Embedded/build/turtlebot3_gazebo
[4.902s] Invoked command in '/home/donggun/S13P21A501/Embedded/build/turtlebot3_gazebo' returned '0': CMAKE_PREFIX_PATH=/opt/ros/humble /usr/bin/cmake /home/donggun/S13P21A501/Embedded/src/turtlebot3_simulations/turtlebot3_gazebo -DCMAKE_INSTALL_PREFIX=/home/donggun/S13P21A501/Embedded/install/turtlebot3_gazebo
[4.903s] Invoking command in '/home/donggun/S13P21A501/Embedded/build/turtlebot3_gazebo': CMAKE_PREFIX_PATH=/opt/ros/humble /usr/bin/cmake --build /home/donggun/S13P21A501/Embedded/build/turtlebot3_gazebo -- -j16 -l16
[5.774s] [  8%] [32mBuilding CXX object CMakeFiles/traffic_light_plugin.dir/src/traffic_light_plugin.cpp.o[0m
[5.775s] [ 16%] [32mBuilding CXX object CMakeFiles/turtlebot3_drive.dir/src/turtlebot3_drive.cpp.o[0m
[5.775s] [ 33%] [32mBuilding CXX object CMakeFiles/obstacle1.dir/src/obstacle1.cpp.o[0m
[5.775s] [ 33%] [32mBuilding CXX object CMakeFiles/traffic_bar_plugin.dir/src/traffic_bar_plugin.cpp.o[0m
[5.775s] [ 41%] [32mBuilding CXX object CMakeFiles/obstacles.dir/src/obstacles.cpp.o[0m
[5.775s] [ 50%] [32mBuilding CXX object CMakeFiles/obstacle2.dir/src/obstacle2.cpp.o[0m
[24.850s] [ 58%] [32m[1mLinking CXX executable turtlebot3_drive[0m
[26.872s] [ 58%] Built target turtlebot3_drive
[28.523s] [ 66%] [32m[1mLinking CXX shared library libobstacles.so[0m
[29.143s] [ 75%] [32m[1mLinking CXX shared library libobstacle2.so[0m
[29.333s] [ 75%] Built target obstacles
[29.385s] [ 83%] [32m[1mLinking CXX shared library libobstacle1.so[0m
[29.701s] [ 83%] Built target obstacle2
[30.046s] [ 83%] Built target obstacle1
[30.131s] [ 91%] [32m[1mLinking CXX shared library libtraffic_light_plugin.so[0m
[30.185s] [100%] [32m[1mLinking CXX shared library libtraffic_bar_plugin.so[0m
[30.701s] [100%] Built target traffic_light_plugin
[30.726s] [100%] Built target traffic_bar_plugin
[30.768s] Invoked command in '/home/donggun/S13P21A501/Embedded/build/turtlebot3_gazebo' returned '0': CMAKE_PREFIX_PATH=/opt/ros/humble /usr/bin/cmake --build /home/donggun/S13P21A501/Embedded/build/turtlebot3_gazebo -- -j16 -l16
[30.771s] Invoking command in '/home/donggun/S13P21A501/Embedded/build/turtlebot3_gazebo': CMAKE_PREFIX_PATH=/opt/ros/humble /usr/bin/cmake --install /home/donggun/S13P21A501/Embedded/build/turtlebot3_gazebo
[30.785s] -- Install configuration: ""
[30.786s] -- Installing: /home/donggun/S13P21A501/Embedded/install/turtlebot3_gazebo/lib/turtlebot3_gazebo/turtlebot3_drive
[30.791s] -- Set runtime path of "/home/donggun/S13P21A501/Embedded/install/turtlebot3_gazebo/lib/turtlebot3_gazebo/turtlebot3_drive" to ""
[30.791s] -- Installing: /home/donggun/S13P21A501/Embedded/install/turtlebot3_gazebo/share/turtlebot3_gazebo//launch
[30.794s] -- Installing: /home/donggun/S13P21A501/Embedded/install/turtlebot3_gazebo/share/turtlebot3_gazebo//launch/spawn_turtlebot3.launch.py
[30.795s] -- Installing: /home/donggun/S13P21A501/Embedded/install/turtlebot3_gazebo/share/turtlebot3_gazebo//launch/turtlebot3_duworld.launch.py
[30.796s] -- Installing: /home/donggun/S13P21A501/Embedded/install/turtlebot3_gazebo/share/turtlebot3_gazebo//launch/multi_robot.launch.py
[30.797s] -- Installing: /home/donggun/S13P21A501/Embedded/install/turtlebot3_gazebo/share/turtlebot3_gazebo//launch/empty_world.launch.py
[30.797s] -- Installing: /home/donggun/S13P21A501/Embedded/install/turtlebot3_gazebo/share/turtlebot3_gazebo//launch/multi_spawn_turtlebot3.launch.py
[30.798s] -- Installing: /home/donggun/S13P21A501/Embedded/install/turtlebot3_gazebo/share/turtlebot3_gazebo//launch/turtlebot3_nav2_auto.launch.py
[30.799s] -- Installing: /home/donggun/S13P21A501/Embedded/install/turtlebot3_gazebo/share/turtlebot3_gazebo//launch/turtlebot3_dqn_stage2.launch.py
[30.800s] -- Installing: /home/donggun/S13P21A501/Embedded/install/turtlebot3_gazebo/share/turtlebot3_gazebo//launch/turtlebot3_aptcomplexworld_scaled.launch.py
[30.801s] -- Installing: /home/donggun/S13P21A501/Embedded/install/turtlebot3_gazebo/share/turtlebot3_gazebo//launch/robot_state_publisher.launch.py
[30.802s] -- Installing: /home/donggun/S13P21A501/Embedded/install/turtlebot3_gazebo/share/turtlebot3_gazebo//launch/turtlebot3_dqn_stage3.launch.py
[30.803s] -- Installing: /home/donggun/S13P21A501/Embedded/install/turtlebot3_gazebo/share/turtlebot3_gazebo//launch/turtlebot3_autorace_2020.launch.py
[30.804s] -- Installing: /home/donggun/S13P21A501/Embedded/install/turtlebot3_gazebo/share/turtlebot3_gazebo//launch/turtlebot3_world.launch.py
[30.804s] -- Installing: /home/donggun/S13P21A501/Embedded/install/turtlebot3_gazebo/share/turtlebot3_gazebo//launch/turtlebot3_aptcomplexworld.launch.py
[30.805s] -- Installing: /home/donggun/S13P21A501/Embedded/install/turtlebot3_gazebo/share/turtlebot3_gazebo//launch/turtlebot3_dqn_stage1.launch.py
[30.806s] -- Installing: /home/donggun/S13P21A501/Embedded/install/turtlebot3_gazebo/share/turtlebot3_gazebo//launch/turtlebot3_outerworld.launch.py
[30.807s] -- Installing: /home/donggun/S13P21A501/Embedded/install/turtlebot3_gazebo/share/turtlebot3_gazebo//launch/turtlebot3_house.launch.py
[30.808s] -- Installing: /home/donggun/S13P21A501/Embedded/install/turtlebot3_gazebo/share/turtlebot3_gazebo//launch/turtlebot3_dqn_stage4.launch.py
[30.809s] -- Installing: /home/donggun/S13P21A501/Embedded/install/turtlebot3_gazebo/share/turtlebot3_gazebo//models
[30.810s] -- Installing: /home/donggun/S13P21A501/Embedded/install/turtlebot3_gazebo/share/turtlebot3_gazebo//models/turtlebot3_dqn_world
[30.810s] -- Installing: /home/donggun/S13P21A501/Embedded/install/turtlebot3_gazebo/share/turtlebot3_gazebo//models/turtlebot3_dqn_world/goal_box
[30.811s] -- Installing: /home/donggun/S13P21A501/Embedded/install/turtlebot3_gazebo/share/turtlebot3_gazebo//models/turtlebot3_dqn_world/goal_box/model.sdf
[30.812s] -- Installing: /home/donggun/S13P21A501/Embedded/install/turtlebot3_gazebo/share/turtlebot3_gazebo//models/turtlebot3_dqn_world/goal_box/model.config
[30.813s] -- Installing: /home/donggun/S13P21A501/Embedded/install/turtlebot3_gazebo/share/turtlebot3_gazebo//models/turtlebot3_dqn_world/obstacle2
[30.814s] -- Installing: /home/donggun/S13P21A501/Embedded/install/turtlebot3_gazebo/share/turtlebot3_gazebo//models/turtlebot3_dqn_world/obstacle2/model.sdf
[30.815s] -- Installing: /home/donggun/S13P21A501/Embedded/install/turtlebot3_gazebo/share/turtlebot3_gazebo//models/turtlebot3_dqn_world/obstacle2/model.config
[30.816s] -- Installing: /home/donggun/S13P21A501/Embedded/install/turtlebot3_gazebo/share/turtlebot3_gazebo//models/turtlebot3_dqn_world/obstacle1
[30.817s] -- Installing: /home/donggun/S13P21A501/Embedded/install/turtlebot3_gazebo/share/turtlebot3_gazebo//models/turtlebot3_dqn_world/obstacle1/model.sdf
[30.817s] -- Installing: /home/donggun/S13P21A501/Embedded/install/turtlebot3_gazebo/share/turtlebot3_gazebo//models/turtlebot3_dqn_world/obstacle1/model.config
[30.818s] -- Installing: /home/donggun/S13P21A501/Embedded/install/turtlebot3_gazebo/share/turtlebot3_gazebo//models/turtlebot3_dqn_world/model.sdf
[30.819s] -- Installing: /home/donggun/S13P21A501/Embedded/install/turtlebot3_gazebo/share/turtlebot3_gazebo//models/turtlebot3_dqn_world/inner_walls
[30.820s] -- Installing: /home/donggun/S13P21A501/Embedded/install/turtlebot3_gazebo/share/turtlebot3_gazebo//models/turtlebot3_dqn_world/inner_walls/model.sdf
[30.821s] -- Installing: /home/donggun/S13P21A501/Embedded/install/turtlebot3_gazebo/share/turtlebot3_gazebo//models/turtlebot3_dqn_world/inner_walls/model.config
[30.822s] -- Installing: /home/donggun/S13P21A501/Embedded/install/turtlebot3_gazebo/share/turtlebot3_gazebo//models/turtlebot3_dqn_world/obstacles
[30.823s] -- Installing: /home/donggun/S13P21A501/Embedded/install/turtlebot3_gazebo/share/turtlebot3_gazebo//models/turtlebot3_dqn_world/obstacles/model.sdf
[30.823s] -- Installing: /home/donggun/S13P21A501/Embedded/install/turtlebot3_gazebo/share/turtlebot3_gazebo//models/turtlebot3_dqn_world/obstacles/model.config
[30.823s] -- Installing: /home/donggun/S13P21A501/Embedded/install/turtlebot3_gazebo/share/turtlebot3_gazebo//models/turtlebot3_dqn_world/model.config
[30.823s] -- Installing: /home/donggun/S13P21A501/Embedded/install/turtlebot3_gazebo/share/turtlebot3_gazebo//models/turtlebot3_common
[30.823s] -- Installing: /home/donggun/S13P21A501/Embedded/install/turtlebot3_gazebo/share/turtlebot3_gazebo//models/turtlebot3_common/meshes
[30.823s] -- Installing: /home/donggun/S13P21A501/Embedded/install/turtlebot3_gazebo/share/turtlebot3_gazebo//models/turtlebot3_common/meshes/wheels
[30.823s] -- Installing: /home/donggun/S13P21A501/Embedded/install/turtlebot3_gazebo/share/turtlebot3_gazebo//models/turtlebot3_common/meshes/wheels/left_tire.stl
[30.823s] -- Installing: /home/donggun/S13P21A501/Embedded/install/turtlebot3_gazebo/share/turtlebot3_gazebo//models/turtlebot3_common/meshes/wheels/right_tire.stl
[30.823s] -- Installing: /home/donggun/S13P21A501/Embedded/install/turtlebot3_gazebo/share/turtlebot3_gazebo//models/turtlebot3_common/meshes/bases
[30.823s] -- Installing: /home/donggun/S13P21A501/Embedded/install/turtlebot3_gazebo/share/turtlebot3_gazebo//models/turtlebot3_common/meshes/bases/waffle_base.stl
[30.827s] -- Installing: /home/donggun/S13P21A501/Embedded/install/turtlebot3_gazebo/share/turtlebot3_gazebo//models/turtlebot3_common/meshes/bases/burger_base.stl
[30.833s] -- Installing: /home/donggun/S13P21A501/Embedded/install/turtlebot3_gazebo/share/turtlebot3_gazebo//models/turtlebot3_common/meshes/bases/waffle_pi_base.stl
[30.843s] -- Installing: /home/donggun/S13P21A501/Embedded/install/turtlebot3_gazebo/share/turtlebot3_gazebo//models/turtlebot3_common/meshes/waffle_base.dae
[30.843s] -- Installing: /home/donggun/S13P21A501/Embedded/install/turtlebot3_gazebo/share/turtlebot3_gazebo//models/turtlebot3_common/meshes/waffle_pi_base.dae
[30.843s] -- Installing: /home/donggun/S13P21A501/Embedded/install/turtlebot3_gazebo/share/turtlebot3_gazebo//models/turtlebot3_common/meshes/sensors
[30.843s] -- Installing: /home/donggun/S13P21A501/Embedded/install/turtlebot3_gazebo/share/turtlebot3_gazebo//models/turtlebot3_common/meshes/sensors/astra.dae
[30.854s] -- Installing: /home/donggun/S13P21A501/Embedded/install/turtlebot3_gazebo/share/turtlebot3_gazebo//models/turtlebot3_common/meshes/sensors/astra.jpg
[30.854s] -- Installing: /home/donggun/S13P21A501/Embedded/install/turtlebot3_gazebo/share/turtlebot3_gazebo//models/turtlebot3_common/meshes/sensors/lds.stl
[30.855s] -- Installing: /home/donggun/S13P21A501/Embedded/install/turtlebot3_gazebo/share/turtlebot3_gazebo//models/turtlebot3_common/meshes/sensors/r200.jpg
[30.855s] -- Installing: /home/donggun/S13P21A501/Embedded/install/turtlebot3_gazebo/share/turtlebot3_gazebo//models/turtlebot3_common/meshes/sensors/r200.dae
[30.856s] -- Installing: /home/donggun/S13P21A501/Embedded/install/turtlebot3_gazebo/share/turtlebot3_gazebo//models/turtlebot3_common/meshes/burger_base.dae
[30.856s] -- Installing: /home/donggun/S13P21A501/Embedded/install/turtlebot3_gazebo/share/turtlebot3_gazebo//models/turtlebot3_common/meshes/lds.dae
[30.856s] -- Installing: /home/donggun/S13P21A501/Embedded/install/turtlebot3_gazebo/share/turtlebot3_gazebo//models/turtlebot3_common/meshes/tire.dae
[30.856s] -- Installing: /home/donggun/S13P21A501/Embedded/install/turtlebot3_gazebo/share/turtlebot3_gazebo//models/turtlebot3_common/meshes/r200.dae
[30.857s] -- Installing: /home/donggun/S13P21A501/Embedded/install/turtlebot3_gazebo/share/turtlebot3_gazebo//models/turtlebot3_common/model.config
[30.858s] -- Installing: /home/donggun/S13P21A501/Embedded/install/turtlebot3_gazebo/share/turtlebot3_gazebo//models/turtlebot3_burger_cam
[30.858s] -- Installing: /home/donggun/S13P21A501/Embedded/install/turtlebot3_gazebo/share/turtlebot3_gazebo//models/turtlebot3_burger_cam/model-1_4.sdf
[30.858s] -- Installing: /home/donggun/S13P21A501/Embedded/install/turtlebot3_gazebo/share/turtlebot3_gazebo//models/turtlebot3_burger_cam/model.sdf
[30.858s] -- Installing: /home/donggun/S13P21A501/Embedded/install/turtlebot3_gazebo/share/turtlebot3_gazebo//models/turtlebot3_burger_cam/model.config
[30.858s] -- Installing: /home/donggun/S13P21A501/Embedded/install/turtlebot3_gazebo/share/turtlebot3_gazebo//models/turtlebot3_world
[30.859s] -- Installing: /home/donggun/S13P21A501/Embedded/install/turtlebot3_gazebo/share/turtlebot3_gazebo//models/turtlebot3_world/meshes
[30.859s] -- Installing: /home/donggun/S13P21A501/Embedded/install/turtlebot3_gazebo/share/turtlebot3_gazebo//models/turtlebot3_world/meshes/hexagon.dae
[30.859s] -- Installing: /home/donggun/S13P21A501/Embedded/install/turtlebot3_gazebo/share/turtlebot3_gazebo//models/turtlebot3_world/meshes/wall.dae
[30.859s] -- Installing: /home/donggun/S13P21A501/Embedded/install/turtlebot3_gazebo/share/turtlebot3_gazebo//models/turtlebot3_world/model-1_4.sdf
[30.859s] -- Installing: /home/donggun/S13P21A501/Embedded/install/turtlebot3_gazebo/share/turtlebot3_gazebo//models/turtlebot3_world/model.sdf
[30.859s] -- Installing: /home/donggun/S13P21A501/Embedded/install/turtlebot3_gazebo/share/turtlebot3_gazebo//models/turtlebot3_world/model.config
[30.860s] -- Installing: /home/donggun/S13P21A501/Embedded/install/turtlebot3_gazebo/share/turtlebot3_gazebo//models/turtlebot3_waffle
[30.860s] -- Installing: /home/donggun/S13P21A501/Embedded/install/turtlebot3_gazebo/share/turtlebot3_gazebo//models/turtlebot3_waffle/model-1_4.sdf
[30.860s] -- Installing: /home/donggun/S13P21A501/Embedded/install/turtlebot3_gazebo/share/turtlebot3_gazebo//models/turtlebot3_waffle/model.sdf
[30.860s] -- Installing: /home/donggun/S13P21A501/Embedded/install/turtlebot3_gazebo/share/turtlebot3_gazebo//models/turtlebot3_waffle/model.config
[30.860s] -- Installing: /home/donggun/S13P21A501/Embedded/install/turtlebot3_gazebo/share/turtlebot3_gazebo//models/turtlebot3_waffle_pi
[30.860s] -- Installing: /home/donggun/S13P21A501/Embedded/install/turtlebot3_gazebo/share/turtlebot3_gazebo//models/turtlebot3_waffle_pi/model.sdf
[30.860s] -- Installing: /home/donggun/S13P21A501/Embedded/install/turtlebot3_gazebo/share/turtlebot3_gazebo//models/turtlebot3_waffle_pi/model-1_4_.sdf
[30.860s] -- Installing: /home/donggun/S13P21A501/Embedded/install/turtlebot3_gazebo/share/turtlebot3_gazebo//models/turtlebot3_waffle_pi/model.config
[30.860s] -- Installing: /home/donggun/S13P21A501/Embedded/install/turtlebot3_gazebo/share/turtlebot3_gazebo//models/turtlebot3_burger
[30.861s] -- Installing: /home/donggun/S13P21A501/Embedded/install/turtlebot3_gazebo/share/turtlebot3_gazebo//models/turtlebot3_burger/model-1_4.sdf
[30.868s] -- Installing: /home/donggun/S13P21A501/Embedded/install/turtlebot3_gazebo/share/turtlebot3_gazebo//models/turtlebot3_burger/model.sdf
[30.868s] -- Installing: /home/donggun/S13P21A501/Embedded/install/turtlebot3_gazebo/share/turtlebot3_gazebo//models/turtlebot3_burger/model.config
[30.868s] -- Installing: /home/donggun/S13P21A501/Embedded/install/turtlebot3_gazebo/share/turtlebot3_gazebo//models/turtlebot3_autorace_2020
[30.868s] -- Installing: /home/donggun/S13P21A501/Embedded/install/turtlebot3_gazebo/share/turtlebot3_gazebo//models/turtlebot3_autorace_2020/traffic_left
[30.868s] -- Installing: /home/donggun/S13P21A501/Embedded/install/turtlebot3_gazebo/share/turtlebot3_gazebo//models/turtlebot3_autorace_2020/traffic_left/materials
[30.869s] -- Installing: /home/donggun/S13P21A501/Embedded/install/turtlebot3_gazebo/share/turtlebot3_gazebo//models/turtlebot3_autorace_2020/traffic_left/materials/textures
[30.869s] -- Installing: /home/donggun/S13P21A501/Embedded/install/turtlebot3_gazebo/share/turtlebot3_gazebo//models/turtlebot3_autorace_2020/traffic_left/materials/textures/traffic_left.png
[30.869s] -- Installing: /home/donggun/S13P21A501/Embedded/install/turtlebot3_gazebo/share/turtlebot3_gazebo//models/turtlebot3_autorace_2020/traffic_left/materials/scripts
[30.869s] -- Installing: /home/donggun/S13P21A501/Embedded/install/turtlebot3_gazebo/share/turtlebot3_gazebo//models/turtlebot3_autorace_2020/traffic_left/materials/scripts/traffic_is_left.material
[30.870s] -- Installing: /home/donggun/S13P21A501/Embedded/install/turtlebot3_gazebo/share/turtlebot3_gazebo//models/turtlebot3_autorace_2020/traffic_left/model.sdf
[30.870s] -- Installing: /home/donggun/S13P21A501/Embedded/install/turtlebot3_gazebo/share/turtlebot3_gazebo//models/turtlebot3_autorace_2020/traffic_left/model.config
[30.870s] -- Installing: /home/donggun/S13P21A501/Embedded/install/turtlebot3_gazebo/share/turtlebot3_gazebo//models/turtlebot3_autorace_2020/traffic_right
[30.870s] -- Installing: /home/donggun/S13P21A501/Embedded/install/turtlebot3_gazebo/share/turtlebot3_gazebo//models/turtlebot3_autorace_2020/traffic_right/materials
[30.870s] -- Installing: /home/donggun/S13P21A501/Embedded/install/turtlebot3_gazebo/share/turtlebot3_gazebo//models/turtlebot3_autorace_2020/traffic_right/materials/textures
[30.870s] -- Installing: /home/donggun/S13P21A501/Embedded/install/turtlebot3_gazebo/share/turtlebot3_gazebo//models/turtlebot3_autorace_2020/traffic_right/materials/textures/traffic_right.png
[30.870s] -- Installing: /home/donggun/S13P21A501/Embedded/install/turtlebot3_gazebo/share/turtlebot3_gazebo//models/turtlebot3_autorace_2020/traffic_right/materials/scripts
[30.870s] -- Installing: /home/donggun/S13P21A501/Embedded/install/turtlebot3_gazebo/share/turtlebot3_gazebo//models/turtlebot3_autorace_2020/traffic_right/materials/scripts/traffic_right.material
[30.871s] -- Installing: /home/donggun/S13P21A501/Embedded/install/turtlebot3_gazebo/share/turtlebot3_gazebo//models/turtlebot3_autorace_2020/traffic_right/model.sdf
[30.871s] -- Installing: /home/donggun/S13P21A501/Embedded/install/turtlebot3_gazebo/share/turtlebot3_gazebo//models/turtlebot3_autorace_2020/traffic_right/model.config
[30.871s] -- Installing: /home/donggun/S13P21A501/Embedded/install/turtlebot3_gazebo/share/turtlebot3_gazebo//models/turtlebot3_autorace_2020/traffic_construction
[30.871s] -- Installing: /home/donggun/S13P21A501/Embedded/install/turtlebot3_gazebo/share/turtlebot3_gazebo//models/turtlebot3_autorace_2020/traffic_construction/materials
[30.871s] -- Installing: /home/donggun/S13P21A501/Embedded/install/turtlebot3_gazebo/share/turtlebot3_gazebo//models/turtlebot3_autorace_2020/traffic_construction/materials/textures
[30.871s] -- Installing: /home/donggun/S13P21A501/Embedded/install/turtlebot3_gazebo/share/turtlebot3_gazebo//models/turtlebot3_autorace_2020/traffic_construction/materials/textures/traffic_construction.png
[30.871s] -- Installing: /home/donggun/S13P21A501/Embedded/install/turtlebot3_gazebo/share/turtlebot3_gazebo//models/turtlebot3_autorace_2020/traffic_construction/materials/scripts
[30.872s] -- Installing: /home/donggun/S13P21A501/Embedded/install/turtlebot3_gazebo/share/turtlebot3_gazebo//models/turtlebot3_autorace_2020/traffic_construction/materials/scripts/traffic_construction.material
[30.872s] -- Installing: /home/donggun/S13P21A501/Embedded/install/turtlebot3_gazebo/share/turtlebot3_gazebo//models/turtlebot3_autorace_2020/traffic_construction/model.sdf
[30.872s] -- Installing: /home/donggun/S13P21A501/Embedded/install/turtlebot3_gazebo/share/turtlebot3_gazebo//models/turtlebot3_autorace_2020/traffic_construction/model.config
[30.872s] -- Installing: /home/donggun/S13P21A501/Embedded/install/turtlebot3_gazebo/share/turtlebot3_gazebo//models/turtlebot3_autorace_2020/traffic_parking
[30.872s] -- Installing: /home/donggun/S13P21A501/Embedded/install/turtlebot3_gazebo/share/turtlebot3_gazebo//models/turtlebot3_autorace_2020/traffic_parking/materials
[30.872s] -- Installing: /home/donggun/S13P21A501/Embedded/install/turtlebot3_gazebo/share/turtlebot3_gazebo//models/turtlebot3_autorace_2020/traffic_parking/materials/textures
[30.872s] -- Installing: /home/donggun/S13P21A501/Embedded/install/turtlebot3_gazebo/share/turtlebot3_gazebo//models/turtlebot3_autorace_2020/traffic_parking/materials/textures/traffic_parking.png
[30.872s] -- Installing: /home/donggun/S13P21A501/Embedded/install/turtlebot3_gazebo/share/turtlebot3_gazebo//models/turtlebot3_autorace_2020/traffic_parking/materials/scripts
[30.873s] -- Installing: /home/donggun/S13P21A501/Embedded/install/turtlebot3_gazebo/share/turtlebot3_gazebo//models/turtlebot3_autorace_2020/traffic_parking/materials/scripts/traffic_parking.material
[30.873s] -- Installing: /home/donggun/S13P21A501/Embedded/install/turtlebot3_gazebo/share/turtlebot3_gazebo//models/turtlebot3_autorace_2020/traffic_parking/model.sdf
[30.873s] -- Installing: /home/donggun/S13P21A501/Embedded/install/turtlebot3_gazebo/share/turtlebot3_gazebo//models/turtlebot3_autorace_2020/traffic_parking/model.config
[30.873s] -- Installing: /home/donggun/S13P21A501/Embedded/install/turtlebot3_gazebo/share/turtlebot3_gazebo//models/turtlebot3_autorace_2020/traffic_bar
[30.873s] -- Installing: /home/donggun/S13P21A501/Embedded/install/turtlebot3_gazebo/share/turtlebot3_gazebo//models/turtlebot3_autorace_2020/traffic_bar/materials
[30.873s] -- Installing: /home/donggun/S13P21A501/Embedded/install/turtlebot3_gazebo/share/turtlebot3_gazebo//models/turtlebot3_autorace_2020/traffic_bar/materials/textures
[30.874s] -- Installing: /home/donggun/S13P21A501/Embedded/install/turtlebot3_gazebo/share/turtlebot3_gazebo//models/turtlebot3_autorace_2020/traffic_bar/materials/textures/traffic_bar.png
[30.874s] -- Installing: /home/donggun/S13P21A501/Embedded/install/turtlebot3_gazebo/share/turtlebot3_gazebo//models/turtlebot3_autorace_2020/traffic_bar/materials/scripts
[30.874s] -- Installing: /home/donggun/S13P21A501/Embedded/install/turtlebot3_gazebo/share/turtlebot3_gazebo//models/turtlebot3_autorace_2020/traffic_bar/materials/scripts/traffic_bar.material
[30.874s] -- Installing: /home/donggun/S13P21A501/Embedded/install/turtlebot3_gazebo/share/turtlebot3_gazebo//models/turtlebot3_autorace_2020/traffic_bar/model.sdf
[30.874s] -- Installing: /home/donggun/S13P21A501/Embedded/install/turtlebot3_gazebo/share/turtlebot3_gazebo//models/turtlebot3_autorace_2020/traffic_bar/model.config
[30.874s] -- Installing: /home/donggun/S13P21A501/Embedded/install/turtlebot3_gazebo/share/turtlebot3_gazebo//models/turtlebot3_autorace_2020/traffic_intersection
[30.875s] -- Installing: /home/donggun/S13P21A501/Embedded/install/turtlebot3_gazebo/share/turtlebot3_gazebo//models/turtlebot3_autorace_2020/traffic_intersection/materials
[30.875s] -- Installing: /home/donggun/S13P21A501/Embedded/install/turtlebot3_gazebo/share/turtlebot3_gazebo//models/turtlebot3_autorace_2020/traffic_intersection/materials/textures
[30.875s] -- Installing: /home/donggun/S13P21A501/Embedded/install/turtlebot3_gazebo/share/turtlebot3_gazebo//models/turtlebot3_autorace_2020/traffic_intersection/materials/textures/traffic_intersection.png
[30.876s] -- Installing: /home/donggun/S13P21A501/Embedded/install/turtlebot3_gazebo/share/turtlebot3_gazebo//models/turtlebot3_autorace_2020/traffic_intersection/materials/scripts
[30.876s] -- Installing: /home/donggun/S13P21A501/Embedded/install/turtlebot3_gazebo/share/turtlebot3_gazebo//models/turtlebot3_autorace_2020/traffic_intersection/materials/scripts/traffic_intersection.material
[30.876s] -- Installing: /home/donggun/S13P21A501/Embedded/install/turtlebot3_gazebo/share/turtlebot3_gazebo//models/turtlebot3_autorace_2020/traffic_intersection/model.sdf
[30.876s] -- Installing: /home/donggun/S13P21A501/Embedded/install/turtlebot3_gazebo/share/turtlebot3_gazebo//models/turtlebot3_autorace_2020/traffic_intersection/model.config
[30.876s] -- Installing: /home/donggun/S13P21A501/Embedded/install/turtlebot3_gazebo/share/turtlebot3_gazebo//models/turtlebot3_autorace_2020/traffic_stop
[30.876s] -- Installing: /home/donggun/S13P21A501/Embedded/install/turtlebot3_gazebo/share/turtlebot3_gazebo//models/turtlebot3_autorace_2020/traffic_stop/materials
[30.877s] -- Installing: /home/donggun/S13P21A501/Embedded/install/turtlebot3_gazebo/share/turtlebot3_gazebo//models/turtlebot3_autorace_2020/traffic_stop/materials/textures
[30.877s] -- Installing: /home/donggun/S13P21A501/Embedded/install/turtlebot3_gazebo/share/turtlebot3_gazebo//models/turtlebot3_autorace_2020/traffic_stop/materials/textures/traffic_stop.png
[30.877s] -- Installing: /home/donggun/S13P21A501/Embedded/install/turtlebot3_gazebo/share/turtlebot3_gazebo//models/turtlebot3_autorace_2020/traffic_stop/materials/scripts
[30.877s] -- Installing: /home/donggun/S13P21A501/Embedded/install/turtlebot3_gazebo/share/turtlebot3_gazebo//models/turtlebot3_autorace_2020/traffic_stop/materials/scripts/traffic_stop.material
[30.877s] -- Installing: /home/donggun/S13P21A501/Embedded/install/turtlebot3_gazebo/share/turtlebot3_gazebo//models/turtlebot3_autorace_2020/traffic_stop/model.sdf
[30.877s] -- Installing: /home/donggun/S13P21A501/Embedded/install/turtlebot3_gazebo/share/turtlebot3_gazebo//models/turtlebot3_autorace_2020/traffic_stop/model.config
[30.877s] -- Installing: /home/donggun/S13P21A501/Embedded/install/turtlebot3_gazebo/share/turtlebot3_gazebo//models/turtlebot3_autorace_2020/traffic_noentry
[30.877s] -- Installing: /home/donggun/S13P21A501/Embedded/install/turtlebot3_gazebo/share/turtlebot3_gazebo//models/turtlebot3_autorace_2020/traffic_noentry/materials
[30.877s] -- Installing: /home/donggun/S13P21A501/Embedded/install/turtlebot3_gazebo/share/turtlebot3_gazebo//models/turtlebot3_autorace_2020/traffic_noentry/materials/textures
[30.878s] -- Installing: /home/donggun/S13P21A501/Embedded/install/turtlebot3_gazebo/share/turtlebot3_gazebo//models/turtlebot3_autorace_2020/traffic_noentry/materials/textures/traffic_noentry.png
[30.878s] -- Installing: /home/donggun/S13P21A501/Embedded/install/turtlebot3_gazebo/share/turtlebot3_gazebo//models/turtlebot3_autorace_2020/traffic_noentry/materials/scripts
[30.878s] -- Installing: /home/donggun/S13P21A501/Embedded/install/turtlebot3_gazebo/share/turtlebot3_gazebo//models/turtlebot3_autorace_2020/traffic_noentry/materials/scripts/traffic_noentry.material
[30.878s] -- Installing: /home/donggun/S13P21A501/Embedded/install/turtlebot3_gazebo/share/turtlebot3_gazebo//models/turtlebot3_autorace_2020/traffic_noentry/model.sdf
[30.878s] -- Installing: /home/donggun/S13P21A501/Embedded/install/turtlebot3_gazebo/share/turtlebot3_gazebo//models/turtlebot3_autorace_2020/traffic_noentry/model.config
[30.878s] -- Installing: /home/donggun/S13P21A501/Embedded/install/turtlebot3_gazebo/share/turtlebot3_gazebo//models/turtlebot3_autorace_2020/traffic_light
[30.878s] -- Installing: /home/donggun/S13P21A501/Embedded/install/turtlebot3_gazebo/share/turtlebot3_gazebo//models/turtlebot3_autorace_2020/traffic_light/materials
[30.878s] -- Installing: /home/donggun/S13P21A501/Embedded/install/turtlebot3_gazebo/share/turtlebot3_gazebo//models/turtlebot3_autorace_2020/traffic_light/materials/textures
[30.879s] -- Installing: /home/donggun/S13P21A501/Embedded/install/turtlebot3_gazebo/share/turtlebot3_gazebo//models/turtlebot3_autorace_2020/traffic_light/materials/textures/traffic_light_red.png
[30.879s] -- Installing: /home/donggun/S13P21A501/Embedded/install/turtlebot3_gazebo/share/turtlebot3_gazebo//models/turtlebot3_autorace_2020/traffic_light/materials/textures/traffic_light.png
[30.880s] -- Installing: /home/donggun/S13P21A501/Embedded/install/turtlebot3_gazebo/share/turtlebot3_gazebo//models/turtlebot3_autorace_2020/traffic_light/materials/textures/traffic_light_green.png
[30.880s] -- Installing: /home/donggun/S13P21A501/Embedded/install/turtlebot3_gazebo/share/turtlebot3_gazebo//models/turtlebot3_autorace_2020/traffic_light/materials/textures/traffic_light_yellow.png
[30.880s] -- Installing: /home/donggun/S13P21A501/Embedded/install/turtlebot3_gazebo/share/turtlebot3_gazebo//models/turtlebot3_autorace_2020/traffic_light/materials/scripts
[30.880s] -- Installing: /home/donggun/S13P21A501/Embedded/install/turtlebot3_gazebo/share/turtlebot3_gazebo//models/turtlebot3_autorace_2020/traffic_light/materials/scripts/traffic_light.material
[30.880s] -- Installing: /home/donggun/S13P21A501/Embedded/install/turtlebot3_gazebo/share/turtlebot3_gazebo//models/turtlebot3_autorace_2020/traffic_light/model.sdf
[30.880s] -- Installing: /home/donggun/S13P21A501/Embedded/install/turtlebot3_gazebo/share/turtlebot3_gazebo//models/turtlebot3_autorace_2020/traffic_light/model.config
[30.881s] -- Installing: /home/donggun/S13P21A501/Embedded/install/turtlebot3_gazebo/share/turtlebot3_gazebo//models/turtlebot3_autorace_2020/traffic_tunnel
[30.881s] -- Installing: /home/donggun/S13P21A501/Embedded/install/turtlebot3_gazebo/share/turtlebot3_gazebo//models/turtlebot3_autorace_2020/traffic_tunnel/materials
[30.881s] -- Installing: /home/donggun/S13P21A501/Embedded/install/turtlebot3_gazebo/share/turtlebot3_gazebo//models/turtlebot3_autorace_2020/traffic_tunnel/materials/textures
[30.881s] -- Installing: /home/donggun/S13P21A501/Embedded/install/turtlebot3_gazebo/share/turtlebot3_gazebo//models/turtlebot3_autorace_2020/traffic_tunnel/materials/textures/tunnel.png
[30.881s] -- Installing: /home/donggun/S13P21A501/Embedded/install/turtlebot3_gazebo/share/turtlebot3_gazebo//models/turtlebot3_autorace_2020/traffic_tunnel/materials/scripts
[30.881s] -- Installing: /home/donggun/S13P21A501/Embedded/install/turtlebot3_gazebo/share/turtlebot3_gazebo//models/turtlebot3_autorace_2020/traffic_tunnel/materials/scripts/tunnel.material
[30.881s] -- Installing: /home/donggun/S13P21A501/Embedded/install/turtlebot3_gazebo/share/turtlebot3_gazebo//models/turtlebot3_autorace_2020/traffic_tunnel/model.sdf
[30.882s] -- Installing: /home/donggun/S13P21A501/Embedded/install/turtlebot3_gazebo/share/turtlebot3_gazebo//models/turtlebot3_autorace_2020/traffic_tunnel/model.config
[30.882s] -- Installing: /home/donggun/S13P21A501/Embedded/install/turtlebot3_gazebo/share/turtlebot3_gazebo//models/turtlebot3_autorace_2020/traffic_pl_left
[30.882s] -- Installing: /home/donggun/S13P21A501/Embedded/install/turtlebot3_gazebo/share/turtlebot3_gazebo//models/turtlebot3_autorace_2020/traffic_pl_left/materials
[30.882s] -- Installing: /home/donggun/S13P21A501/Embedded/install/turtlebot3_gazebo/share/turtlebot3_gazebo//models/turtlebot3_autorace_2020/traffic_pl_left/materials/textures
[30.882s] -- Installing: /home/donggun/S13P21A501/Embedded/install/turtlebot3_gazebo/share/turtlebot3_gazebo//models/turtlebot3_autorace_2020/traffic_pl_left/materials/textures/traffic_pl_left.png
[30.882s] -- Installing: /home/donggun/S13P21A501/Embedded/install/turtlebot3_gazebo/share/turtlebot3_gazebo//models/turtlebot3_autorace_2020/traffic_pl_left/materials/scripts
[30.882s] -- Installing: /home/donggun/S13P21A501/Embedded/install/turtlebot3_gazebo/share/turtlebot3_gazebo//models/turtlebot3_autorace_2020/traffic_pl_left/materials/scripts/traffic_pl_left.material
[30.882s] -- Installing: /home/donggun/S13P21A501/Embedded/install/turtlebot3_gazebo/share/turtlebot3_gazebo//models/turtlebot3_autorace_2020/traffic_pl_left/model.sdf
[30.883s] -- Installing: /home/donggun/S13P21A501/Embedded/install/turtlebot3_gazebo/share/turtlebot3_gazebo//models/turtlebot3_autorace_2020/traffic_pl_left/model.config
[30.883s] -- Installing: /home/donggun/S13P21A501/Embedded/install/turtlebot3_gazebo/share/turtlebot3_gazebo//models/turtlebot3_autorace_2020/course
[30.883s] -- Installing: /home/donggun/S13P21A501/Embedded/install/turtlebot3_gazebo/share/turtlebot3_gazebo//models/turtlebot3_autorace_2020/course/materials
[30.883s] -- Installing: /home/donggun/S13P21A501/Embedded/install/turtlebot3_gazebo/share/turtlebot3_gazebo//models/turtlebot3_autorace_2020/course/materials/textures
[30.883s] -- Installing: /home/donggun/S13P21A501/Embedded/install/turtlebot3_gazebo/share/turtlebot3_gazebo//models/turtlebot3_autorace_2020/course/materials/textures/course.png
[30.884s] -- Installing: /home/donggun/S13P21A501/Embedded/install/turtlebot3_gazebo/share/turtlebot3_gazebo//models/turtlebot3_autorace_2020/course/materials/scripts
[30.884s] -- Installing: /home/donggun/S13P21A501/Embedded/install/turtlebot3_gazebo/share/turtlebot3_gazebo//models/turtlebot3_autorace_2020/course/materials/scripts/course.material
[30.884s] -- Installing: /home/donggun/S13P21A501/Embedded/install/turtlebot3_gazebo/share/turtlebot3_gazebo//models/turtlebot3_autorace_2020/course/model.sdf
[30.884s] -- Installing: /home/donggun/S13P21A501/Embedded/install/turtlebot3_gazebo/share/turtlebot3_gazebo//models/turtlebot3_autorace_2020/course/model.config
[30.884s] -- Installing: /home/donggun/S13P21A501/Embedded/install/turtlebot3_gazebo/share/turtlebot3_gazebo//models/turtlebot3_autorace_2020/checker
[30.884s] -- Installing: /home/donggun/S13P21A501/Embedded/install/turtlebot3_gazebo/share/turtlebot3_gazebo//models/turtlebot3_autorace_2020/checker/materials
[30.885s] -- Installing: /home/donggun/S13P21A501/Embedded/install/turtlebot3_gazebo/share/turtlebot3_gazebo//models/turtlebot3_autorace_2020/checker/materials/textures
[30.885s] -- Installing: /home/donggun/S13P21A501/Embedded/install/turtlebot3_gazebo/share/turtlebot3_gazebo//models/turtlebot3_autorace_2020/checker/materials/textures/checker.png
[30.885s] -- Installing: /home/donggun/S13P21A501/Embedded/install/turtlebot3_gazebo/share/turtlebot3_gazebo//models/turtlebot3_autorace_2020/checker/materials/checker.png
[30.885s] -- Installing: /home/donggun/S13P21A501/Embedded/install/turtlebot3_gazebo/share/turtlebot3_gazebo//models/turtlebot3_autorace_2020/checker/materials/scripts
[30.885s] -- Installing: /home/donggun/S13P21A501/Embedded/install/turtlebot3_gazebo/share/turtlebot3_gazebo//models/turtlebot3_autorace_2020/checker/materials/scripts/checker.material
[30.885s] -- Installing: /home/donggun/S13P21A501/Embedded/install/turtlebot3_gazebo/share/turtlebot3_gazebo//models/turtlebot3_autorace_2020/checker/model.sdf
[30.885s] -- Installing: /home/donggun/S13P21A501/Embedded/install/turtlebot3_gazebo/share/turtlebot3_gazebo//models/turtlebot3_autorace_2020/checker/model.config
[30.885s] -- Installing: /home/donggun/S13P21A501/Embedded/install/turtlebot3_gazebo/share/turtlebot3_gazebo//models/turtlebot3_house
[30.886s] -- Installing: /home/donggun/S13P21A501/Embedded/install/turtlebot3_gazebo/share/turtlebot3_gazebo//models/turtlebot3_house/model.sdf
[30.886s] -- Installing: /home/donggun/S13P21A501/Embedded/install/turtlebot3_gazebo/share/turtlebot3_gazebo//models/turtlebot3_house/model.config
[30.886s] -- Installing: /home/donggun/S13P21A501/Embedded/install/turtlebot3_gazebo/share/turtlebot3_gazebo//rviz
[30.886s] -- Installing: /home/donggun/S13P21A501/Embedded/install/turtlebot3_gazebo/share/turtlebot3_gazebo//rviz/tb3_gazebo.rviz
[30.886s] -- Installing: /home/donggun/S13P21A501/Embedded/install/turtlebot3_gazebo/share/turtlebot3_gazebo//urdf
[30.886s] -- Installing: /home/donggun/S13P21A501/Embedded/install/turtlebot3_gazebo/share/turtlebot3_gazebo//urdf/common_properties.urdf
[30.886s] -- Installing: /home/donggun/S13P21A501/Embedded/install/turtlebot3_gazebo/share/turtlebot3_gazebo//urdf/turtlebot3_burger_cam.urdf
[30.886s] -- Installing: /home/donggun/S13P21A501/Embedded/install/turtlebot3_gazebo/share/turtlebot3_gazebo//urdf/turtlebot3_waffle_pi.urdf
[30.887s] -- Installing: /home/donggun/S13P21A501/Embedded/install/turtlebot3_gazebo/share/turtlebot3_gazebo//urdf/turtlebot3_burger.urdf
[30.887s] -- Installing: /home/donggun/S13P21A501/Embedded/install/turtlebot3_gazebo/share/turtlebot3_gazebo//urdf/turtlebot3_waffle.urdf
[30.887s] -- Installing: /home/donggun/S13P21A501/Embedded/install/turtlebot3_gazebo/share/turtlebot3_gazebo//worlds
[30.887s] -- Installing: /home/donggun/S13P21A501/Embedded/install/turtlebot3_gazebo/share/turtlebot3_gazebo//worlds/outer.world.backup
[30.887s] -- Installing: /home/donggun/S13P21A501/Embedded/install/turtlebot3_gazebo/share/turtlebot3_gazebo//worlds/turtlebot3_autorace_2020.world
[30.887s] -- Installing: /home/donggun/S13P21A501/Embedded/install/turtlebot3_gazebo/share/turtlebot3_gazebo//worlds/outer.world.selective_backup
[30.887s] -- Installing: /home/donggun/S13P21A501/Embedded/install/turtlebot3_gazebo/share/turtlebot3_gazebo//worlds/duworld.world
[30.887s] -- Installing: /home/donggun/S13P21A501/Embedded/install/turtlebot3_gazebo/share/turtlebot3_gazebo//worlds/myworld.world
[30.888s] -- Installing: /home/donggun/S13P21A501/Embedded/install/turtlebot3_gazebo/share/turtlebot3_gazebo//worlds/apt_complex_scaled.world
[30.888s] -- Installing: /home/donggun/S13P21A501/Embedded/install/turtlebot3_gazebo/share/turtlebot3_gazebo//worlds/turtlebot3_dqn_stage3.world
[30.888s] -- Installing: /home/donggun/S13P21A501/Embedded/install/turtlebot3_gazebo/share/turtlebot3_gazebo//worlds/apt_complex.world
[30.888s] -- Installing: /home/donggun/S13P21A501/Embedded/install/turtlebot3_gazebo/share/turtlebot3_gazebo//worlds/outer.world.correct_realpath_backup
[30.888s] -- Installing: /home/donggun/S13P21A501/Embedded/install/turtlebot3_gazebo/share/turtlebot3_gazebo//worlds/turtlebot3_house.world
[30.888s] -- Installing: /home/donggun/S13P21A501/Embedded/install/turtlebot3_gazebo/share/turtlebot3_gazebo//worlds/turtlebot3_world.world
[30.888s] -- Installing: /home/donggun/S13P21A501/Embedded/install/turtlebot3_gazebo/share/turtlebot3_gazebo//worlds/turtlebot3_dqn_stage1.world
[30.889s] -- Installing: /home/donggun/S13P21A501/Embedded/install/turtlebot3_gazebo/share/turtlebot3_gazebo//worlds/outer.world.realpath_only_backup
[30.889s] -- Installing: /home/donggun/S13P21A501/Embedded/install/turtlebot3_gazebo/share/turtlebot3_gazebo//worlds/turtlebot3_dqn_stage4.world
[30.889s] -- Installing: /home/donggun/S13P21A501/Embedded/install/turtlebot3_gazebo/share/turtlebot3_gazebo//worlds/outer.world
[30.889s] -- Installing: /home/donggun/S13P21A501/Embedded/install/turtlebot3_gazebo/share/turtlebot3_gazebo//worlds/realworld.world
[30.889s] -- Installing: /home/donggun/S13P21A501/Embedded/install/turtlebot3_gazebo/share/turtlebot3_gazebo//worlds/empty_world.world
[30.889s] -- Installing: /home/donggun/S13P21A501/Embedded/install/turtlebot3_gazebo/share/turtlebot3_gazebo//worlds/outer.world.realpath_backup
[30.889s] -- Installing: /home/donggun/S13P21A501/Embedded/install/turtlebot3_gazebo/share/turtlebot3_gazebo//worlds/turtlebot3_dqn_stage2.world
[30.889s] -- Installing: /home/donggun/S13P21A501/Embedded/install/turtlebot3_gazebo/include/
[30.890s] -- Installing: /home/donggun/S13P21A501/Embedded/install/turtlebot3_gazebo/include//turtlebot3_gazebo
[30.890s] -- Installing: /home/donggun/S13P21A501/Embedded/install/turtlebot3_gazebo/include//turtlebot3_gazebo/traffic_bar_plugin.hpp
[30.890s] -- Installing: /home/donggun/S13P21A501/Embedded/install/turtlebot3_gazebo/include//turtlebot3_gazebo/obstacle1.hpp
[30.890s] -- Installing: /home/donggun/S13P21A501/Embedded/install/turtlebot3_gazebo/include//turtlebot3_gazebo/obstacles.hpp
[30.890s] -- Installing: /home/donggun/S13P21A501/Embedded/install/turtlebot3_gazebo/include//turtlebot3_gazebo/traffic_light_plugin.hpp
[30.890s] -- Installing: /home/donggun/S13P21A501/Embedded/install/turtlebot3_gazebo/include//turtlebot3_gazebo/obstacle2.hpp
[30.891s] -- Installing: /home/donggun/S13P21A501/Embedded/install/turtlebot3_gazebo/include//turtlebot3_gazebo/turtlebot3_drive.hpp
[30.891s] -- Installing: /home/donggun/S13P21A501/Embedded/install/turtlebot3_gazebo/share/ament_index/resource_index/package_run_dependencies/turtlebot3_gazebo
[30.891s] -- Installing: /home/donggun/S13P21A501/Embedded/install/turtlebot3_gazebo/share/ament_index/resource_index/parent_prefix_path/turtlebot3_gazebo
[30.891s] -- Installing: /home/donggun/S13P21A501/Embedded/install/turtlebot3_gazebo/share/turtlebot3_gazebo/environment/ament_prefix_path.sh
[30.891s] -- Installing: /home/donggun/S13P21A501/Embedded/install/turtlebot3_gazebo/share/turtlebot3_gazebo/environment/ament_prefix_path.dsv
[30.891s] -- Installing: /home/donggun/S13P21A501/Embedded/install/turtlebot3_gazebo/share/turtlebot3_gazebo/environment/path.sh
[30.891s] -- Installing: /home/donggun/S13P21A501/Embedded/install/turtlebot3_gazebo/share/turtlebot3_gazebo/environment/path.dsv
[30.891s] -- Installing: /home/donggun/S13P21A501/Embedded/install/turtlebot3_gazebo/share/turtlebot3_gazebo/local_setup.bash
[30.892s] -- Installing: /home/donggun/S13P21A501/Embedded/install/turtlebot3_gazebo/share/turtlebot3_gazebo/local_setup.sh
[30.892s] -- Installing: /home/donggun/S13P21A501/Embedded/install/turtlebot3_gazebo/share/turtlebot3_gazebo/local_setup.zsh
[30.892s] -- Installing: /home/donggun/S13P21A501/Embedded/install/turtlebot3_gazebo/share/turtlebot3_gazebo/local_setup.dsv
[30.892s] -- Installing: /home/donggun/S13P21A501/Embedded/install/turtlebot3_gazebo/share/turtlebot3_gazebo/package.dsv
[30.892s] -- Installing: /home/donggun/S13P21A501/Embedded/install/turtlebot3_gazebo/share/ament_index/resource_index/packages/turtlebot3_gazebo
[30.892s] -- Installing: /home/donggun/S13P21A501/Embedded/install/turtlebot3_gazebo/share/turtlebot3_gazebo/cmake/ament_cmake_export_include_directories-extras.cmake
[30.892s] -- Installing: /home/donggun/S13P21A501/Embedded/install/turtlebot3_gazebo/share/turtlebot3_gazebo/cmake/ament_cmake_export_dependencies-extras.cmake
[30.893s] -- Installing: /home/donggun/S13P21A501/Embedded/install/turtlebot3_gazebo/share/turtlebot3_gazebo/cmake/turtlebot3_gazeboConfig.cmake
[30.893s] -- Installing: /home/donggun/S13P21A501/Embedded/install/turtlebot3_gazebo/share/turtlebot3_gazebo/cmake/turtlebot3_gazeboConfig-version.cmake
[30.893s] -- Installing: /home/donggun/S13P21A501/Embedded/install/turtlebot3_gazebo/share/turtlebot3_gazebo/package.xml
[30.896s] Invoked command in '/home/donggun/S13P21A501/Embedded/build/turtlebot3_gazebo' returned '0': CMAKE_PREFIX_PATH=/opt/ros/humble /usr/bin/cmake --install /home/donggun/S13P21A501/Embedded/build/turtlebot3_gazebo
