[0.677s] Invoking command in '/home/donggun/S13P21A501/Embedded/build/turtlebot3_fake_node': AMENT_PREFIX_PATH=/home/donggun/S13P21A501/Embedded/install/turtlebot3_msgs:${AMENT_PREFIX_PATH} CMAKE_PREFIX_PATH=/home/donggun/S13P21A501/Embedded/install/turtlebot3_msgs:/opt/ros/humble LD_LIBRARY_PATH=/home/donggun/S13P21A501/Embedded/install/turtlebot3_msgs/lib:${LD_LIBRARY_PATH} PYTHONPATH=/home/donggun/S13P21A501/Embedded/install/turtlebot3_msgs/local/lib/python3.10/dist-packages:${PYTHONPATH} /usr/bin/cmake /home/donggun/S13P21A501/Embedded/src/turtlebot3_simulations/turtlebot3_fake_node -DCMAKE_INSTALL_PREFIX=/home/donggun/S13P21A501/Embedded/install/turtlebot3_fake_node
[0.792s] -- The C compiler identification is GNU 11.4.0
[0.899s] -- The CXX compiler identification is GNU 11.4.0
[0.914s] -- Detecting C compiler ABI info
[1.001s] -- Detecting C compiler ABI info - done
[1.016s] -- Check for working C compiler: /usr/bin/cc - skipped
[1.016s] -- Detecting C compile features
[1.017s] -- Detecting C compile features - done
[1.021s] -- Detecting CXX compiler ABI info
[1.119s] -- Detecting CXX compiler ABI info - done
[1.134s] -- Check for working CXX compiler: /usr/bin/c++ - skipped
[1.134s] -- Detecting CXX compile features
[1.135s] -- Detecting CXX compile features - done
[1.139s] -- Found ament_cmake: 1.3.12 (/opt/ros/humble/share/ament_cmake/cmake)
[2.584s] -- Found Python3: /usr/bin/python3 (found version "3.10.12") found components: Interpreter 
[2.761s] -- Found geometry_msgs: 4.9.0 (/opt/ros/humble/share/geometry_msgs/cmake)
[2.837s] -- Found rosidl_generator_c: 3.1.7 (/opt/ros/humble/share/rosidl_generator_c/cmake)
[2.846s] -- Found rosidl_adapter: 3.1.7 (/opt/ros/humble/share/rosidl_adapter/cmake)
[2.864s] -- Found rosidl_generator_cpp: 3.1.7 (/opt/ros/humble/share/rosidl_generator_cpp/cmake)
[2.889s] -- Using all available rosidl_typesupport_c: rosidl_typesupport_fastrtps_c;rosidl_typesupport_introspection_c
[2.923s] -- Using all available rosidl_typesupport_cpp: rosidl_typesupport_fastrtps_cpp;rosidl_typesupport_introspection_cpp
[3.006s] -- Found nav_msgs: 4.9.0 (/opt/ros/humble/share/nav_msgs/cmake)
[3.042s] -- Found rclcpp: 16.0.14 (/opt/ros/humble/share/rclcpp/cmake)
[3.128s] -- Found rmw_implementation_cmake: 6.1.2 (/opt/ros/humble/share/rmw_implementation_cmake/cmake)
[3.128s] -- Found rmw_fastrtps_cpp: 6.2.8 (/opt/ros/humble/share/rmw_fastrtps_cpp/cmake)
[3.275s] -- Found OpenSSL: /usr/lib/x86_64-linux-gnu/libcrypto.so (found version "3.0.2")  
[3.327s] -- Found FastRTPS: /opt/ros/humble/include  
[3.409s] -- Using RMW implementation 'rmw_fastrtps_cpp' as default
[3.423s] -- Looking for pthread.h
[3.544s] -- Looking for pthread.h - found
[3.544s] -- Performing Test CMAKE_HAVE_LIBC_PTHREAD
[3.682s] -- Performing Test CMAKE_HAVE_LIBC_PTHREAD - Success
[3.684s] -- Found Threads: TRUE  
[3.777s] -- Found sensor_msgs: 4.9.0 (/opt/ros/humble/share/sensor_msgs/cmake)
[3.811s] -- Found tf2: 0.25.16 (/opt/ros/humble/share/tf2/cmake)
[3.829s] -- Found tf2_msgs: 0.25.16 (/opt/ros/humble/share/tf2_msgs/cmake)
[3.990s] -- Found turtlebot3_msgs: 2.4.0 (/home/donggun/S13P21A501/Embedded/install/turtlebot3_msgs/share/turtlebot3_msgs/cmake)
[4.441s] -- Configuring done
[4.503s] -- Generating done
[4.529s] -- Build files have been written to: /home/donggun/S13P21A501/Embedded/build/turtlebot3_fake_node
[4.572s] Invoked command in '/home/donggun/S13P21A501/Embedded/build/turtlebot3_fake_node' returned '0': AMENT_PREFIX_PATH=/home/donggun/S13P21A501/Embedded/install/turtlebot3_msgs:${AMENT_PREFIX_PATH} CMAKE_PREFIX_PATH=/home/donggun/S13P21A501/Embedded/install/turtlebot3_msgs:/opt/ros/humble LD_LIBRARY_PATH=/home/donggun/S13P21A501/Embedded/install/turtlebot3_msgs/lib:${LD_LIBRARY_PATH} PYTHONPATH=/home/donggun/S13P21A501/Embedded/install/turtlebot3_msgs/local/lib/python3.10/dist-packages:${PYTHONPATH} /usr/bin/cmake /home/donggun/S13P21A501/Embedded/src/turtlebot3_simulations/turtlebot3_fake_node -DCMAKE_INSTALL_PREFIX=/home/donggun/S13P21A501/Embedded/install/turtlebot3_fake_node
[4.573s] Invoking command in '/home/donggun/S13P21A501/Embedded/build/turtlebot3_fake_node': AMENT_PREFIX_PATH=/home/donggun/S13P21A501/Embedded/install/turtlebot3_msgs:${AMENT_PREFIX_PATH} CMAKE_PREFIX_PATH=/home/donggun/S13P21A501/Embedded/install/turtlebot3_msgs:/opt/ros/humble LD_LIBRARY_PATH=/home/donggun/S13P21A501/Embedded/install/turtlebot3_msgs/lib:${LD_LIBRARY_PATH} PYTHONPATH=/home/donggun/S13P21A501/Embedded/install/turtlebot3_msgs/local/lib/python3.10/dist-packages:${PYTHONPATH} /usr/bin/cmake --build /home/donggun/S13P21A501/Embedded/build/turtlebot3_fake_node -- -j16 -l16
[4.750s] [ 50%] [32mBuilding CXX object CMakeFiles/turtlebot3_fake_node.dir/src/turtlebot3_fake_node.cpp.o[0m
[20.994s] [100%] [32m[1mLinking CXX executable turtlebot3_fake_node[0m
[21.584s] [100%] Built target turtlebot3_fake_node
[21.596s] Invoked command in '/home/donggun/S13P21A501/Embedded/build/turtlebot3_fake_node' returned '0': AMENT_PREFIX_PATH=/home/donggun/S13P21A501/Embedded/install/turtlebot3_msgs:${AMENT_PREFIX_PATH} CMAKE_PREFIX_PATH=/home/donggun/S13P21A501/Embedded/install/turtlebot3_msgs:/opt/ros/humble LD_LIBRARY_PATH=/home/donggun/S13P21A501/Embedded/install/turtlebot3_msgs/lib:${LD_LIBRARY_PATH} PYTHONPATH=/home/donggun/S13P21A501/Embedded/install/turtlebot3_msgs/local/lib/python3.10/dist-packages:${PYTHONPATH} /usr/bin/cmake --build /home/donggun/S13P21A501/Embedded/build/turtlebot3_fake_node -- -j16 -l16
[21.598s] Invoking command in '/home/donggun/S13P21A501/Embedded/build/turtlebot3_fake_node': AMENT_PREFIX_PATH=/home/donggun/S13P21A501/Embedded/install/turtlebot3_msgs:${AMENT_PREFIX_PATH} CMAKE_PREFIX_PATH=/home/donggun/S13P21A501/Embedded/install/turtlebot3_msgs:/opt/ros/humble LD_LIBRARY_PATH=/home/donggun/S13P21A501/Embedded/install/turtlebot3_msgs/lib:${LD_LIBRARY_PATH} PYTHONPATH=/home/donggun/S13P21A501/Embedded/install/turtlebot3_msgs/local/lib/python3.10/dist-packages:${PYTHONPATH} /usr/bin/cmake --install /home/donggun/S13P21A501/Embedded/build/turtlebot3_fake_node
[21.606s] -- Install configuration: ""
[21.606s] -- Installing: /home/donggun/S13P21A501/Embedded/install/turtlebot3_fake_node/lib/turtlebot3_fake_node/turtlebot3_fake_node
[21.610s] -- Set runtime path of "/home/donggun/S13P21A501/Embedded/install/turtlebot3_fake_node/lib/turtlebot3_fake_node/turtlebot3_fake_node" to ""
[21.610s] -- Installing: /home/donggun/S13P21A501/Embedded/install/turtlebot3_fake_node/share/turtlebot3_fake_node/launch
[21.610s] -- Installing: /home/donggun/S13P21A501/Embedded/install/turtlebot3_fake_node/share/turtlebot3_fake_node/launch/rviz2.launch.py
[21.610s] -- Installing: /home/donggun/S13P21A501/Embedded/install/turtlebot3_fake_node/share/turtlebot3_fake_node/launch/turtlebot3_fake_node.launch.py
[21.610s] -- Installing: /home/donggun/S13P21A501/Embedded/install/turtlebot3_fake_node/share/turtlebot3_fake_node/param
[21.611s] -- Installing: /home/donggun/S13P21A501/Embedded/install/turtlebot3_fake_node/share/turtlebot3_fake_node/param/waffle.yaml
[21.611s] -- Installing: /home/donggun/S13P21A501/Embedded/install/turtlebot3_fake_node/share/turtlebot3_fake_node/param/waffle_pi.yaml
[21.611s] -- Installing: /home/donggun/S13P21A501/Embedded/install/turtlebot3_fake_node/share/turtlebot3_fake_node/param/burger.yaml
[21.611s] -- Installing: /home/donggun/S13P21A501/Embedded/install/turtlebot3_fake_node/include/
[21.611s] -- Installing: /home/donggun/S13P21A501/Embedded/install/turtlebot3_fake_node/include//turtlebot3_fake_node
[21.611s] -- Installing: /home/donggun/S13P21A501/Embedded/install/turtlebot3_fake_node/include//turtlebot3_fake_node/turtlebot3_fake_node.hpp
[21.611s] -- Installing: /home/donggun/S13P21A501/Embedded/install/turtlebot3_fake_node/share/ament_index/resource_index/package_run_dependencies/turtlebot3_fake_node
[21.612s] -- Installing: /home/donggun/S13P21A501/Embedded/install/turtlebot3_fake_node/share/ament_index/resource_index/parent_prefix_path/turtlebot3_fake_node
[21.612s] -- Installing: /home/donggun/S13P21A501/Embedded/install/turtlebot3_fake_node/share/turtlebot3_fake_node/environment/ament_prefix_path.sh
[21.612s] -- Installing: /home/donggun/S13P21A501/Embedded/install/turtlebot3_fake_node/share/turtlebot3_fake_node/environment/ament_prefix_path.dsv
[21.612s] -- Installing: /home/donggun/S13P21A501/Embedded/install/turtlebot3_fake_node/share/turtlebot3_fake_node/environment/path.sh
[21.612s] -- Installing: /home/donggun/S13P21A501/Embedded/install/turtlebot3_fake_node/share/turtlebot3_fake_node/environment/path.dsv
[21.612s] -- Installing: /home/donggun/S13P21A501/Embedded/install/turtlebot3_fake_node/share/turtlebot3_fake_node/local_setup.bash
[21.612s] -- Installing: /home/donggun/S13P21A501/Embedded/install/turtlebot3_fake_node/share/turtlebot3_fake_node/local_setup.sh
[21.612s] -- Installing: /home/donggun/S13P21A501/Embedded/install/turtlebot3_fake_node/share/turtlebot3_fake_node/local_setup.zsh
[21.613s] -- Installing: /home/donggun/S13P21A501/Embedded/install/turtlebot3_fake_node/share/turtlebot3_fake_node/local_setup.dsv
[21.613s] -- Installing: /home/donggun/S13P21A501/Embedded/install/turtlebot3_fake_node/share/turtlebot3_fake_node/package.dsv
[21.613s] -- Installing: /home/donggun/S13P21A501/Embedded/install/turtlebot3_fake_node/share/ament_index/resource_index/packages/turtlebot3_fake_node
[21.613s] -- Installing: /home/donggun/S13P21A501/Embedded/install/turtlebot3_fake_node/share/turtlebot3_fake_node/cmake/ament_cmake_export_include_directories-extras.cmake
[21.613s] -- Installing: /home/donggun/S13P21A501/Embedded/install/turtlebot3_fake_node/share/turtlebot3_fake_node/cmake/ament_cmake_export_dependencies-extras.cmake
[21.613s] -- Installing: /home/donggun/S13P21A501/Embedded/install/turtlebot3_fake_node/share/turtlebot3_fake_node/cmake/turtlebot3_fake_nodeConfig.cmake
[21.613s] -- Installing: /home/donggun/S13P21A501/Embedded/install/turtlebot3_fake_node/share/turtlebot3_fake_node/cmake/turtlebot3_fake_nodeConfig-version.cmake
[21.613s] -- Installing: /home/donggun/S13P21A501/Embedded/install/turtlebot3_fake_node/share/turtlebot3_fake_node/package.xml
[21.616s] Invoked command in '/home/donggun/S13P21A501/Embedded/build/turtlebot3_fake_node' returned '0': AMENT_PREFIX_PATH=/home/donggun/S13P21A501/Embedded/install/turtlebot3_msgs:${AMENT_PREFIX_PATH} CMAKE_PREFIX_PATH=/home/donggun/S13P21A501/Embedded/install/turtlebot3_msgs:/opt/ros/humble LD_LIBRARY_PATH=/home/donggun/S13P21A501/Embedded/install/turtlebot3_msgs/lib:${LD_LIBRARY_PATH} PYTHONPATH=/home/donggun/S13P21A501/Embedded/install/turtlebot3_msgs/local/lib/python3.10/dist-packages:${PYTHONPATH} /usr/bin/cmake --install /home/donggun/S13P21A501/Embedded/build/turtlebot3_fake_node
