[4.266s] Invoking command in '/home/donggun/S13P21A501/Embedded/src/robot_web_interface': PYTHONPATH=/home/donggun/S13P21A501/Embedded/build/robot_web_interface/prefix_override:/usr/lib/python3/dist-packages/colcon_core/task/python/colcon_distutils_commands:/home/donggun/S13P21A501/Embedded/install/robot_web_interface/lib/python3.10/site-packages:${PYTHONPATH} /usr/bin/python3 -W ignore:setup.py install is deprecated -W ignore:easy_install command is deprecated setup.py egg_info --egg-base ../../build/robot_web_interface build --build-base /home/donggun/S13P21A501/Embedded/build/robot_web_interface/build install --record /home/donggun/S13P21A501/Embedded/build/robot_web_interface/install.log --single-version-externally-managed install_data
[5.725s] running egg_info
[5.727s] creating ../../build/robot_web_interface/robot_web_interface.egg-info
[5.805s] writing ../../build/robot_web_interface/robot_web_interface.egg-info/PKG-INFO
[5.808s] writing dependency_links to ../../build/robot_web_interface/robot_web_interface.egg-info/dependency_links.txt
[5.808s] writing entry points to ../../build/robot_web_interface/robot_web_interface.egg-info/entry_points.txt
[5.809s] writing requirements to ../../build/robot_web_interface/robot_web_interface.egg-info/requires.txt
[5.809s] writing top-level names to ../../build/robot_web_interface/robot_web_interface.egg-info/top_level.txt
[5.809s] writing manifest file '../../build/robot_web_interface/robot_web_interface.egg-info/SOURCES.txt'
[5.919s] reading manifest file '../../build/robot_web_interface/robot_web_interface.egg-info/SOURCES.txt'
[5.919s] writing manifest file '../../build/robot_web_interface/robot_web_interface.egg-info/SOURCES.txt'
[5.919s] running build
[5.919s] running build_py
[5.920s] creating /home/donggun/S13P21A501/Embedded/build/robot_web_interface/build
[5.920s] creating /home/donggun/S13P21A501/Embedded/build/robot_web_interface/build/lib
[5.920s] creating /home/donggun/S13P21A501/Embedded/build/robot_web_interface/build/lib/robot_web_interface
[5.920s] copying robot_web_interface/robot_status_client.py -> /home/donggun/S13P21A501/Embedded/build/robot_web_interface/build/lib/robot_web_interface
[5.920s] copying robot_web_interface/turtlebot_status_monitor.py -> /home/donggun/S13P21A501/Embedded/build/robot_web_interface/build/lib/robot_web_interface
[5.924s] copying robot_web_interface/robot_http_server.py -> /home/donggun/S13P21A501/Embedded/build/robot_web_interface/build/lib/robot_web_interface
[5.924s] copying robot_web_interface/__init__.py -> /home/donggun/S13P21A501/Embedded/build/robot_web_interface/build/lib/robot_web_interface
[5.925s] copying robot_web_interface/robot_status_monitor.py -> /home/donggun/S13P21A501/Embedded/build/robot_web_interface/build/lib/robot_web_interface
[5.925s] copying robot_web_interface/delivery_address_client.py -> /home/donggun/S13P21A501/Embedded/build/robot_web_interface/build/lib/robot_web_interface
[5.925s] running install
[5.941s] running install_lib
[5.986s] creating /home/donggun/S13P21A501/Embedded/install/robot_web_interface/lib/python3.10/site-packages/robot_web_interface
[5.986s] copying /home/donggun/S13P21A501/Embedded/build/robot_web_interface/build/lib/robot_web_interface/robot_status_client.py -> /home/donggun/S13P21A501/Embedded/install/robot_web_interface/lib/python3.10/site-packages/robot_web_interface
[5.986s] copying /home/donggun/S13P21A501/Embedded/build/robot_web_interface/build/lib/robot_web_interface/turtlebot_status_monitor.py -> /home/donggun/S13P21A501/Embedded/install/robot_web_interface/lib/python3.10/site-packages/robot_web_interface
[5.986s] copying /home/donggun/S13P21A501/Embedded/build/robot_web_interface/build/lib/robot_web_interface/robot_http_server.py -> /home/donggun/S13P21A501/Embedded/install/robot_web_interface/lib/python3.10/site-packages/robot_web_interface
[5.986s] copying /home/donggun/S13P21A501/Embedded/build/robot_web_interface/build/lib/robot_web_interface/__init__.py -> /home/donggun/S13P21A501/Embedded/install/robot_web_interface/lib/python3.10/site-packages/robot_web_interface
[5.987s] copying /home/donggun/S13P21A501/Embedded/build/robot_web_interface/build/lib/robot_web_interface/robot_status_monitor.py -> /home/donggun/S13P21A501/Embedded/install/robot_web_interface/lib/python3.10/site-packages/robot_web_interface
[5.987s] copying /home/donggun/S13P21A501/Embedded/build/robot_web_interface/build/lib/robot_web_interface/delivery_address_client.py -> /home/donggun/S13P21A501/Embedded/install/robot_web_interface/lib/python3.10/site-packages/robot_web_interface
[5.987s] byte-compiling /home/donggun/S13P21A501/Embedded/install/robot_web_interface/lib/python3.10/site-packages/robot_web_interface/robot_status_client.py to robot_status_client.cpython-310.pyc
[5.988s] byte-compiling /home/donggun/S13P21A501/Embedded/install/robot_web_interface/lib/python3.10/site-packages/robot_web_interface/turtlebot_status_monitor.py to turtlebot_status_monitor.cpython-310.pyc
[5.989s] byte-compiling /home/donggun/S13P21A501/Embedded/install/robot_web_interface/lib/python3.10/site-packages/robot_web_interface/robot_http_server.py to robot_http_server.cpython-310.pyc
[5.993s] byte-compiling /home/donggun/S13P21A501/Embedded/install/robot_web_interface/lib/python3.10/site-packages/robot_web_interface/__init__.py to __init__.cpython-310.pyc
[5.993s] byte-compiling /home/donggun/S13P21A501/Embedded/install/robot_web_interface/lib/python3.10/site-packages/robot_web_interface/robot_status_monitor.py to robot_status_monitor.cpython-310.pyc
[5.995s] byte-compiling /home/donggun/S13P21A501/Embedded/install/robot_web_interface/lib/python3.10/site-packages/robot_web_interface/delivery_address_client.py to delivery_address_client.cpython-310.pyc
[5.997s] running install_data
[5.997s] creating /home/donggun/S13P21A501/Embedded/install/robot_web_interface/share/ament_index
[5.997s] creating /home/donggun/S13P21A501/Embedded/install/robot_web_interface/share/ament_index/resource_index
[5.997s] creating /home/donggun/S13P21A501/Embedded/install/robot_web_interface/share/ament_index/resource_index/packages
[5.997s] copying resource/robot_web_interface -> /home/donggun/S13P21A501/Embedded/install/robot_web_interface/share/ament_index/resource_index/packages
[5.997s] copying package.xml -> /home/donggun/S13P21A501/Embedded/install/robot_web_interface/share/robot_web_interface
[6.001s] creating /home/donggun/S13P21A501/Embedded/install/robot_web_interface/share/robot_web_interface/launch
[6.001s] copying launch/robot_web_server.launch.py -> /home/donggun/S13P21A501/Embedded/install/robot_web_interface/share/robot_web_interface/launch
[6.001s] copying launch/backend_integration.launch.py -> /home/donggun/S13P21A501/Embedded/install/robot_web_interface/share/robot_web_interface/launch
[6.001s] copying launch/robot_web_interface.launch.py -> /home/donggun/S13P21A501/Embedded/install/robot_web_interface/share/robot_web_interface/launch
[6.001s] running install_egg_info
[6.055s] Copying ../../build/robot_web_interface/robot_web_interface.egg-info to /home/donggun/S13P21A501/Embedded/install/robot_web_interface/lib/python3.10/site-packages/robot_web_interface-0.0.0-py3.10.egg-info
[6.057s] running install_scripts
[6.238s] Installing delivery_address_client script to /home/donggun/S13P21A501/Embedded/install/robot_web_interface/lib/robot_web_interface
[6.238s] Installing robot_http_server script to /home/donggun/S13P21A501/Embedded/install/robot_web_interface/lib/robot_web_interface
[6.238s] Installing robot_status_client script to /home/donggun/S13P21A501/Embedded/install/robot_web_interface/lib/robot_web_interface
[6.239s] Installing robot_status_monitor script to /home/donggun/S13P21A501/Embedded/install/robot_web_interface/lib/robot_web_interface
[6.239s] Installing turtlebot_status_monitor script to /home/donggun/S13P21A501/Embedded/install/robot_web_interface/lib/robot_web_interface
[6.239s] writing list of installed files to '/home/donggun/S13P21A501/Embedded/build/robot_web_interface/install.log'
[6.315s] Invoked command in '/home/donggun/S13P21A501/Embedded/src/robot_web_interface' returned '0': PYTHONPATH=/home/donggun/S13P21A501/Embedded/build/robot_web_interface/prefix_override:/usr/lib/python3/dist-packages/colcon_core/task/python/colcon_distutils_commands:/home/donggun/S13P21A501/Embedded/install/robot_web_interface/lib/python3.10/site-packages:${PYTHONPATH} /usr/bin/python3 -W ignore:setup.py install is deprecated -W ignore:easy_install command is deprecated setup.py egg_info --egg-base ../../build/robot_web_interface build --build-base /home/donggun/S13P21A501/Embedded/build/robot_web_interface/build install --record /home/donggun/S13P21A501/Embedded/build/robot_web_interface/install.log --single-version-externally-managed install_data
