running egg_info
creating ../../build/app_navigation/app_navigation.egg-info
writing ../../build/app_navigation/app_navigation.egg-info/PKG-INFO
writing dependency_links to ../../build/app_navigation/app_navigation.egg-info/dependency_links.txt
writing entry points to ../../build/app_navigation/app_navigation.egg-info/entry_points.txt
writing requirements to ../../build/app_navigation/app_navigation.egg-info/requires.txt
writing top-level names to ../../build/app_navigation/app_navigation.egg-info/top_level.txt
writing manifest file '../../build/app_navigation/app_navigation.egg-info/SOURCES.txt'
reading manifest file '../../build/app_navigation/app_navigation.egg-info/SOURCES.txt'
writing manifest file '../../build/app_navigation/app_navigation.egg-info/SOURCES.txt'
running build
running build_py
creating /home/donggun/S13P21A501/Embedded/build/app_navigation/build
creating /home/donggun/S13P21A501/Embedded/build/app_navigation/build/lib
creating /home/donggun/S13P21A501/Embedded/build/app_navigation/build/lib/app_navigation
copying app_navigation/__init__.py -> /home/donggun/S13P21A501/Embedded/build/app_navigation/build/lib/app_navigation
copying app_navigation/app_navigator.py -> /home/donggun/S13P21A501/Embedded/build/app_navigation/build/lib/app_navigation
running install
running install_lib
creating /home/donggun/S13P21A501/Embedded/install/app_navigation/lib/python3.10/site-packages/app_navigation
copying /home/donggun/S13P21A501/Embedded/build/app_navigation/build/lib/app_navigation/__init__.py -> /home/donggun/S13P21A501/Embedded/install/app_navigation/lib/python3.10/site-packages/app_navigation
copying /home/donggun/S13P21A501/Embedded/build/app_navigation/build/lib/app_navigation/app_navigator.py -> /home/donggun/S13P21A501/Embedded/install/app_navigation/lib/python3.10/site-packages/app_navigation
byte-compiling /home/donggun/S13P21A501/Embedded/install/app_navigation/lib/python3.10/site-packages/app_navigation/__init__.py to __init__.cpython-310.pyc
byte-compiling /home/donggun/S13P21A501/Embedded/install/app_navigation/lib/python3.10/site-packages/app_navigation/app_navigator.py to app_navigator.cpython-310.pyc
running install_data
creating /home/donggun/S13P21A501/Embedded/install/app_navigation/share/ament_index
creating /home/donggun/S13P21A501/Embedded/install/app_navigation/share/ament_index/resource_index
creating /home/donggun/S13P21A501/Embedded/install/app_navigation/share/ament_index/resource_index/packages
copying resource/app_navigation -> /home/donggun/S13P21A501/Embedded/install/app_navigation/share/ament_index/resource_index/packages
copying package.xml -> /home/donggun/S13P21A501/Embedded/install/app_navigation/share/app_navigation
running install_egg_info
Copying ../../build/app_navigation/app_navigation.egg-info to /home/donggun/S13P21A501/Embedded/install/app_navigation/lib/python3.10/site-packages/app_navigation-0.0.0-py3.10.egg-info
running install_scripts
Installing app_navigator script to /home/donggun/S13P21A501/Embedded/install/app_navigation/bin
writing list of installed files to '/home/donggun/S13P21A501/Embedded/build/app_navigation/install.log'
