[0.059s] Invoking command in '/home/hb/Git/Embedded/build/dynamixel_sdk': CMAKE_PREFIX_PATH=${CMAKE_PREFIX_PATH}:/home/hb/Git/Embedded/install/turtlebot3_teleop:/home/hb/Git/Embedded/install/turtlebot3_example:/home/hb/Git/Embedded/install/robot_web_interface:/home/hb/Git/Embedded/install/delivery_interface:/home/hb/Git/Embedded/install/app_navigation:/opt/ros/humble /usr/bin/cmake /home/hb/Git/Embedded/src/DynamixelSDK/ros/dynamixel_sdk -DCMAKE_INSTALL_PREFIX=/home/hb/Git/Embedded/install/dynamixel_sdk
[1.787s] -- The C compiler identification is GNU 11.4.0
[1.787s] -- The CXX compiler identification is GNU 11.4.0
[1.787s] -- Detecting C compiler ABI info
[1.787s] -- Detecting C compiler ABI info - done
[1.788s] -- Check for working C compiler: /usr/bin/cc - skipped
[1.788s] -- Detecting C compile features
[1.788s] -- Detecting C compile features - done
[1.788s] -- Detecting CXX compiler ABI info
[1.788s] -- Detecting CXX compiler ABI info - done
[1.788s] -- Check for working CXX compiler: /usr/bin/c++ - skipped
[1.788s] -- Detecting CXX compile features
[1.788s] -- Detecting CXX compile features - done
[1.788s] -- Found ament_cmake: 1.3.12 (/opt/ros/humble/share/ament_cmake/cmake)
[1.788s] -- Found Python3: /usr/bin/python3 (found version "3.10.12") found components: Interpreter 
[1.788s] -- Configuring done
[1.788s] -- Generating done
[1.789s] -- Build files have been written to: /home/hb/Git/Embedded/build/dynamixel_sdk
[1.821s] Invoked command in '/home/hb/Git/Embedded/build/dynamixel_sdk' returned '0': CMAKE_PREFIX_PATH=${CMAKE_PREFIX_PATH}:/home/hb/Git/Embedded/install/turtlebot3_teleop:/home/hb/Git/Embedded/install/turtlebot3_example:/home/hb/Git/Embedded/install/robot_web_interface:/home/hb/Git/Embedded/install/delivery_interface:/home/hb/Git/Embedded/install/app_navigation:/opt/ros/humble /usr/bin/cmake /home/hb/Git/Embedded/src/DynamixelSDK/ros/dynamixel_sdk -DCMAKE_INSTALL_PREFIX=/home/hb/Git/Embedded/install/dynamixel_sdk
[1.823s] Invoking command in '/home/hb/Git/Embedded/build/dynamixel_sdk': CMAKE_PREFIX_PATH=${CMAKE_PREFIX_PATH}:/home/hb/Git/Embedded/install/turtlebot3_teleop:/home/hb/Git/Embedded/install/turtlebot3_example:/home/hb/Git/Embedded/install/robot_web_interface:/home/hb/Git/Embedded/install/delivery_interface:/home/hb/Git/Embedded/install/app_navigation:/opt/ros/humble /usr/bin/cmake --build /home/hb/Git/Embedded/build/dynamixel_sdk -- -j16 -l16
[1.928s] [  7%] [32mBuilding CXX object CMakeFiles/dynamixel_sdk.dir/src/dynamixel_sdk/packet_handler.cpp.o[0m
[1.928s] [ 15%] [32mBuilding CXX object CMakeFiles/dynamixel_sdk.dir/src/dynamixel_sdk/protocol1_packet_handler.cpp.o[0m
[1.928s] [ 23%] [32mBuilding CXX object CMakeFiles/dynamixel_sdk.dir/src/dynamixel_sdk/protocol2_packet_handler.cpp.o[0m
[1.928s] [ 30%] [32mBuilding CXX object CMakeFiles/dynamixel_sdk.dir/src/dynamixel_sdk/group_sync_read.cpp.o[0m
[1.954s] [ 38%] [32mBuilding CXX object CMakeFiles/dynamixel_sdk.dir/src/dynamixel_sdk/group_bulk_write.cpp.o[0m
[1.957s] [ 46%] [32mBuilding CXX object CMakeFiles/dynamixel_sdk.dir/src/dynamixel_sdk/group_bulk_read.cpp.o[0m
[1.972s] [ 53%] [32mBuilding CXX object CMakeFiles/dynamixel_sdk.dir/src/dynamixel_sdk/group_sync_write.cpp.o[0m
[1.979s] [ 61%] [32mBuilding CXX object CMakeFiles/dynamixel_sdk.dir/src/dynamixel_sdk/group_fast_sync_read.cpp.o[0m
[1.979s] [ 69%] [32mBuilding CXX object CMakeFiles/dynamixel_sdk.dir/src/dynamixel_sdk/group_fast_bulk_read.cpp.o[0m
[1.983s] [ 69%] Built target ament_cmake_python_copy_dynamixel_sdk
[1.984s] [ 76%] [32mBuilding CXX object CMakeFiles/dynamixel_sdk.dir/src/dynamixel_sdk/port_handler_linux.cpp.o[0m
[1.984s] [ 84%] [32mBuilding CXX object CMakeFiles/dynamixel_sdk.dir/src/dynamixel_sdk/port_handler.cpp.o[0m
[1.984s] [ 92%] [32mBuilding CXX object CMakeFiles/dynamixel_sdk.dir/src/dynamixel_sdk/group_handler.cpp.o[0m
[2.602s] running egg_info
[2.602s] creating dynamixel_sdk.egg-info
[2.602s] writing dynamixel_sdk.egg-info/PKG-INFO
[2.602s] writing dependency_links to dynamixel_sdk.egg-info/dependency_links.txt
[2.602s] writing top-level names to dynamixel_sdk.egg-info/top_level.txt
[2.602s] writing manifest file 'dynamixel_sdk.egg-info/SOURCES.txt'
[2.606s] reading manifest file 'dynamixel_sdk.egg-info/SOURCES.txt'
[2.606s] writing manifest file 'dynamixel_sdk.egg-info/SOURCES.txt'
[2.657s] [ 92%] Built target ament_cmake_python_build_dynamixel_sdk_egg
[3.018s] [100%] [32m[1mLinking CXX shared library libdynamixel_sdk.so[0m
[3.271s] [100%] Built target dynamixel_sdk
[3.291s] Invoked command in '/home/hb/Git/Embedded/build/dynamixel_sdk' returned '0': CMAKE_PREFIX_PATH=${CMAKE_PREFIX_PATH}:/home/hb/Git/Embedded/install/turtlebot3_teleop:/home/hb/Git/Embedded/install/turtlebot3_example:/home/hb/Git/Embedded/install/robot_web_interface:/home/hb/Git/Embedded/install/delivery_interface:/home/hb/Git/Embedded/install/app_navigation:/opt/ros/humble /usr/bin/cmake --build /home/hb/Git/Embedded/build/dynamixel_sdk -- -j16 -l16
[3.295s] Invoking command in '/home/hb/Git/Embedded/build/dynamixel_sdk': CMAKE_PREFIX_PATH=${CMAKE_PREFIX_PATH}:/home/hb/Git/Embedded/install/turtlebot3_teleop:/home/hb/Git/Embedded/install/turtlebot3_example:/home/hb/Git/Embedded/install/robot_web_interface:/home/hb/Git/Embedded/install/delivery_interface:/home/hb/Git/Embedded/install/app_navigation:/opt/ros/humble /usr/bin/cmake --install /home/hb/Git/Embedded/build/dynamixel_sdk
[3.309s] -- Install configuration: ""
[3.309s] -- Installing: /home/hb/Git/Embedded/install/dynamixel_sdk/include/
[3.309s] -- Installing: /home/hb/Git/Embedded/install/dynamixel_sdk/include//dynamixel_sdk
[3.309s] -- Installing: /home/hb/Git/Embedded/install/dynamixel_sdk/include//dynamixel_sdk/group_fast_sync_read.h
[3.310s] -- Installing: /home/hb/Git/Embedded/install/dynamixel_sdk/include//dynamixel_sdk/group_sync_read.h
[3.310s] -- Installing: /home/hb/Git/Embedded/install/dynamixel_sdk/include//dynamixel_sdk/group_handler.h
[3.310s] -- Installing: /home/hb/Git/Embedded/install/dynamixel_sdk/include//dynamixel_sdk/protocol1_packet_handler.h
[3.310s] -- Installing: /home/hb/Git/Embedded/install/dynamixel_sdk/include//dynamixel_sdk/port_handler_mac.h
[3.310s] -- Installing: /home/hb/Git/Embedded/install/dynamixel_sdk/include//dynamixel_sdk/group_sync_write.h
[3.310s] -- Installing: /home/hb/Git/Embedded/install/dynamixel_sdk/include//dynamixel_sdk/protocol2_packet_handler.h
[3.310s] -- Installing: /home/hb/Git/Embedded/install/dynamixel_sdk/include//dynamixel_sdk/port_handler_arduino.h
[3.310s] -- Installing: /home/hb/Git/Embedded/install/dynamixel_sdk/include//dynamixel_sdk/group_bulk_read.h
[3.311s] -- Installing: /home/hb/Git/Embedded/install/dynamixel_sdk/include//dynamixel_sdk/group_fast_bulk_read.h
[3.311s] -- Installing: /home/hb/Git/Embedded/install/dynamixel_sdk/include//dynamixel_sdk/dynamixel_sdk.h
[3.311s] -- Installing: /home/hb/Git/Embedded/install/dynamixel_sdk/include//dynamixel_sdk/port_handler.h
[3.311s] -- Installing: /home/hb/Git/Embedded/install/dynamixel_sdk/include//dynamixel_sdk/packet_handler.h
[3.311s] -- Installing: /home/hb/Git/Embedded/install/dynamixel_sdk/include//dynamixel_sdk/group_bulk_write.h
[3.311s] -- Installing: /home/hb/Git/Embedded/install/dynamixel_sdk/include//dynamixel_sdk/port_handler_windows.h
[3.311s] -- Installing: /home/hb/Git/Embedded/install/dynamixel_sdk/include//dynamixel_sdk/port_handler_linux.h
[3.312s] -- Installing: /home/hb/Git/Embedded/install/dynamixel_sdk/lib/libdynamixel_sdk.so
[3.313s] -- Installing: /home/hb/Git/Embedded/install/dynamixel_sdk/share/dynamixel_sdk/environment/pythonpath.sh
[3.313s] -- Installing: /home/hb/Git/Embedded/install/dynamixel_sdk/share/dynamixel_sdk/environment/pythonpath.dsv
[3.314s] -- Installing: /home/hb/Git/Embedded/install/dynamixel_sdk/local/lib/python3.10/dist-packages/dynamixel_sdk-3.8.4-py3.10.egg-info
[3.315s] -- Installing: /home/hb/Git/Embedded/install/dynamixel_sdk/local/lib/python3.10/dist-packages/dynamixel_sdk-3.8.4-py3.10.egg-info/PKG-INFO
[3.315s] -- Installing: /home/hb/Git/Embedded/install/dynamixel_sdk/local/lib/python3.10/dist-packages/dynamixel_sdk-3.8.4-py3.10.egg-info/dependency_links.txt
[3.315s] -- Installing: /home/hb/Git/Embedded/install/dynamixel_sdk/local/lib/python3.10/dist-packages/dynamixel_sdk-3.8.4-py3.10.egg-info/top_level.txt
[3.315s] -- Installing: /home/hb/Git/Embedded/install/dynamixel_sdk/local/lib/python3.10/dist-packages/dynamixel_sdk-3.8.4-py3.10.egg-info/SOURCES.txt
[3.315s] -- Installing: /home/hb/Git/Embedded/install/dynamixel_sdk/local/lib/python3.10/dist-packages/dynamixel_sdk
[3.315s] -- Installing: /home/hb/Git/Embedded/install/dynamixel_sdk/local/lib/python3.10/dist-packages/dynamixel_sdk/group_sync_read.py
[3.319s] -- Installing: /home/hb/Git/Embedded/install/dynamixel_sdk/local/lib/python3.10/dist-packages/dynamixel_sdk/packet_handler.cpp
[3.319s] -- Installing: /home/hb/Git/Embedded/install/dynamixel_sdk/local/lib/python3.10/dist-packages/dynamixel_sdk/group_sync_write.py
[3.319s] -- Installing: /home/hb/Git/Embedded/install/dynamixel_sdk/local/lib/python3.10/dist-packages/dynamixel_sdk/port_handler_mac.cpp
[3.319s] -- Installing: /home/hb/Git/Embedded/install/dynamixel_sdk/local/lib/python3.10/dist-packages/dynamixel_sdk/packet_handler.py
[3.319s] -- Installing: /home/hb/Git/Embedded/install/dynamixel_sdk/local/lib/python3.10/dist-packages/dynamixel_sdk/group_bulk_read.py
[3.320s] -- Installing: /home/hb/Git/Embedded/install/dynamixel_sdk/local/lib/python3.10/dist-packages/dynamixel_sdk/port_handler_windows.cpp
[3.320s] -- Installing: /home/hb/Git/Embedded/install/dynamixel_sdk/local/lib/python3.10/dist-packages/dynamixel_sdk/group_handler.cpp
[3.320s] -- Installing: /home/hb/Git/Embedded/install/dynamixel_sdk/local/lib/python3.10/dist-packages/dynamixel_sdk/robotis_def.py
[3.320s] -- Installing: /home/hb/Git/Embedded/install/dynamixel_sdk/local/lib/python3.10/dist-packages/dynamixel_sdk/port_handler.py
[3.320s] -- Installing: /home/hb/Git/Embedded/install/dynamixel_sdk/local/lib/python3.10/dist-packages/dynamixel_sdk/group_bulk_read.cpp
[3.320s] -- Installing: /home/hb/Git/Embedded/install/dynamixel_sdk/local/lib/python3.10/dist-packages/dynamixel_sdk/group_bulk_write.py
[3.320s] -- Installing: /home/hb/Git/Embedded/install/dynamixel_sdk/local/lib/python3.10/dist-packages/dynamixel_sdk/group_fast_bulk_read.cpp
[3.320s] -- Installing: /home/hb/Git/Embedded/install/dynamixel_sdk/local/lib/python3.10/dist-packages/dynamixel_sdk/protocol1_packet_handler.cpp
[3.321s] -- Installing: /home/hb/Git/Embedded/install/dynamixel_sdk/local/lib/python3.10/dist-packages/dynamixel_sdk/protocol1_packet_handler.py
[3.321s] -- Installing: /home/hb/Git/Embedded/install/dynamixel_sdk/local/lib/python3.10/dist-packages/dynamixel_sdk/group_fast_sync_read.cpp
[3.321s] -- Installing: /home/hb/Git/Embedded/install/dynamixel_sdk/local/lib/python3.10/dist-packages/dynamixel_sdk/group_sync_write.cpp
[3.321s] -- Installing: /home/hb/Git/Embedded/install/dynamixel_sdk/local/lib/python3.10/dist-packages/dynamixel_sdk/port_handler_linux.cpp
[3.321s] -- Installing: /home/hb/Git/Embedded/install/dynamixel_sdk/local/lib/python3.10/dist-packages/dynamixel_sdk/port_handler_arduino.cpp
[3.321s] -- Installing: /home/hb/Git/Embedded/install/dynamixel_sdk/local/lib/python3.10/dist-packages/dynamixel_sdk/protocol2_packet_handler.py
[3.321s] -- Installing: /home/hb/Git/Embedded/install/dynamixel_sdk/local/lib/python3.10/dist-packages/dynamixel_sdk/port_handler.cpp
[3.321s] -- Installing: /home/hb/Git/Embedded/install/dynamixel_sdk/local/lib/python3.10/dist-packages/dynamixel_sdk/protocol2_packet_handler.cpp
[3.321s] -- Installing: /home/hb/Git/Embedded/install/dynamixel_sdk/local/lib/python3.10/dist-packages/dynamixel_sdk/group_bulk_write.cpp
[3.322s] -- Installing: /home/hb/Git/Embedded/install/dynamixel_sdk/local/lib/python3.10/dist-packages/dynamixel_sdk/__init__.py
[3.322s] -- Installing: /home/hb/Git/Embedded/install/dynamixel_sdk/local/lib/python3.10/dist-packages/dynamixel_sdk/group_sync_read.cpp
[3.417s] Listing '/home/hb/Git/Embedded/install/dynamixel_sdk/local/lib/python3.10/dist-packages/dynamixel_sdk'...
[3.417s] Compiling '/home/hb/Git/Embedded/install/dynamixel_sdk/local/lib/python3.10/dist-packages/dynamixel_sdk/__init__.py'...
[3.417s] Compiling '/home/hb/Git/Embedded/install/dynamixel_sdk/local/lib/python3.10/dist-packages/dynamixel_sdk/group_bulk_read.py'...
[3.417s] Compiling '/home/hb/Git/Embedded/install/dynamixel_sdk/local/lib/python3.10/dist-packages/dynamixel_sdk/group_bulk_write.py'...
[3.417s] Compiling '/home/hb/Git/Embedded/install/dynamixel_sdk/local/lib/python3.10/dist-packages/dynamixel_sdk/group_sync_read.py'...
[3.417s] Compiling '/home/hb/Git/Embedded/install/dynamixel_sdk/local/lib/python3.10/dist-packages/dynamixel_sdk/group_sync_write.py'...
[3.418s] Compiling '/home/hb/Git/Embedded/install/dynamixel_sdk/local/lib/python3.10/dist-packages/dynamixel_sdk/packet_handler.py'...
[3.418s] Compiling '/home/hb/Git/Embedded/install/dynamixel_sdk/local/lib/python3.10/dist-packages/dynamixel_sdk/port_handler.py'...
[3.418s] Compiling '/home/hb/Git/Embedded/install/dynamixel_sdk/local/lib/python3.10/dist-packages/dynamixel_sdk/protocol1_packet_handler.py'...
[3.418s] Compiling '/home/hb/Git/Embedded/install/dynamixel_sdk/local/lib/python3.10/dist-packages/dynamixel_sdk/protocol2_packet_handler.py'...
[3.418s] Compiling '/home/hb/Git/Embedded/install/dynamixel_sdk/local/lib/python3.10/dist-packages/dynamixel_sdk/robotis_def.py'...
[3.424s] -- Installing: /home/hb/Git/Embedded/install/dynamixel_sdk/share/dynamixel_sdk/environment/library_path.sh
[3.424s] -- Installing: /home/hb/Git/Embedded/install/dynamixel_sdk/share/dynamixel_sdk/environment/library_path.dsv
[3.424s] -- Installing: /home/hb/Git/Embedded/install/dynamixel_sdk/share/ament_index/resource_index/package_run_dependencies/dynamixel_sdk
[3.424s] -- Installing: /home/hb/Git/Embedded/install/dynamixel_sdk/share/ament_index/resource_index/parent_prefix_path/dynamixel_sdk
[3.424s] -- Installing: /home/hb/Git/Embedded/install/dynamixel_sdk/share/dynamixel_sdk/environment/ament_prefix_path.sh
[3.424s] -- Installing: /home/hb/Git/Embedded/install/dynamixel_sdk/share/dynamixel_sdk/environment/ament_prefix_path.dsv
[3.424s] -- Installing: /home/hb/Git/Embedded/install/dynamixel_sdk/share/dynamixel_sdk/environment/path.sh
[3.425s] -- Installing: /home/hb/Git/Embedded/install/dynamixel_sdk/share/dynamixel_sdk/environment/path.dsv
[3.425s] -- Installing: /home/hb/Git/Embedded/install/dynamixel_sdk/share/dynamixel_sdk/local_setup.bash
[3.425s] -- Installing: /home/hb/Git/Embedded/install/dynamixel_sdk/share/dynamixel_sdk/local_setup.sh
[3.425s] -- Installing: /home/hb/Git/Embedded/install/dynamixel_sdk/share/dynamixel_sdk/local_setup.zsh
[3.425s] -- Installing: /home/hb/Git/Embedded/install/dynamixel_sdk/share/dynamixel_sdk/local_setup.dsv
[3.425s] -- Installing: /home/hb/Git/Embedded/install/dynamixel_sdk/share/dynamixel_sdk/package.dsv
[3.425s] -- Installing: /home/hb/Git/Embedded/install/dynamixel_sdk/share/ament_index/resource_index/packages/dynamixel_sdk
[3.425s] -- Installing: /home/hb/Git/Embedded/install/dynamixel_sdk/share/dynamixel_sdk/cmake/dynamixel_sdkExport.cmake
[3.425s] -- Installing: /home/hb/Git/Embedded/install/dynamixel_sdk/share/dynamixel_sdk/cmake/dynamixel_sdkExport-noconfig.cmake
[3.426s] -- Installing: /home/hb/Git/Embedded/install/dynamixel_sdk/share/dynamixel_sdk/cmake/ament_cmake_export_targets-extras.cmake
[3.426s] -- Installing: /home/hb/Git/Embedded/install/dynamixel_sdk/share/dynamixel_sdk/cmake/ament_cmake_export_include_directories-extras.cmake
[3.426s] -- Installing: /home/hb/Git/Embedded/install/dynamixel_sdk/share/dynamixel_sdk/cmake/ament_cmake_export_libraries-extras.cmake
[3.426s] -- Installing: /home/hb/Git/Embedded/install/dynamixel_sdk/share/dynamixel_sdk/cmake/dynamixel_sdkConfig.cmake
[3.426s] -- Installing: /home/hb/Git/Embedded/install/dynamixel_sdk/share/dynamixel_sdk/cmake/dynamixel_sdkConfig-version.cmake
[3.426s] -- Installing: /home/hb/Git/Embedded/install/dynamixel_sdk/share/dynamixel_sdk/package.xml
[3.430s] Invoked command in '/home/hb/Git/Embedded/build/dynamixel_sdk' returned '0': CMAKE_PREFIX_PATH=${CMAKE_PREFIX_PATH}:/home/hb/Git/Embedded/install/turtlebot3_teleop:/home/hb/Git/Embedded/install/turtlebot3_example:/home/hb/Git/Embedded/install/robot_web_interface:/home/hb/Git/Embedded/install/delivery_interface:/home/hb/Git/Embedded/install/app_navigation:/opt/ros/humble /usr/bin/cmake --install /home/hb/Git/Embedded/build/dynamixel_sdk
