[0.039s] Invoking command in '/home/donggun/S13P21A501/Embedded/build/turtlebot3_bringup': AMENT_PREFIX_PATH=/home/donggun/S13P21A501/Embedded/install/turtlebot3_node:/home/donggun/S13P21A501/Embedded/install/turtlebot3_msgs:/home/donggun/S13P21A501/Embedded/install/turtlebot3_description:/home/donggun/S13P21A501/Embedded/install/dynamixel_sdk:${AMENT_PREFIX_PATH} CMAKE_PREFIX_PATH=/home/donggun/S13P21A501/Embedded/install/turtlebot3_node:/home/donggun/S13P21A501/Embedded/install/turtlebot3_msgs:/home/donggun/S13P21A501/Embedded/install/turtlebot3_description:/home/donggun/S13P21A501/Embedded/install/dynamixel_sdk:/opt/ros/humble LD_LIBRARY_PATH=/home/donggun/S13P21A501/Embedded/install/turtlebot3_msgs/lib:/home/donggun/S13P21A501/Embedded/install/dynamixel_sdk/lib:${LD_LIBRARY_PATH} PYTHONPATH=/home/donggun/S13P21A501/Embedded/install/turtlebot3_msgs/local/lib/python3.10/dist-packages:/home/donggun/S13P21A501/Embedded/install/dynamixel_sdk/local/lib/python3.10/dist-packages:${PYTHONPATH} /usr/bin/cmake --build /home/donggun/S13P21A501/Embedded/build/turtlebot3_bringup -- -j16 -l16
[0.116s] Invoked command in '/home/donggun/S13P21A501/Embedded/build/turtlebot3_bringup' returned '0': AMENT_PREFIX_PATH=/home/donggun/S13P21A501/Embedded/install/turtlebot3_node:/home/donggun/S13P21A501/Embedded/install/turtlebot3_msgs:/home/donggun/S13P21A501/Embedded/install/turtlebot3_description:/home/donggun/S13P21A501/Embedded/install/dynamixel_sdk:${AMENT_PREFIX_PATH} CMAKE_PREFIX_PATH=/home/donggun/S13P21A501/Embedded/install/turtlebot3_node:/home/donggun/S13P21A501/Embedded/install/turtlebot3_msgs:/home/donggun/S13P21A501/Embedded/install/turtlebot3_description:/home/donggun/S13P21A501/Embedded/install/dynamixel_sdk:/opt/ros/humble LD_LIBRARY_PATH=/home/donggun/S13P21A501/Embedded/install/turtlebot3_msgs/lib:/home/donggun/S13P21A501/Embedded/install/dynamixel_sdk/lib:${LD_LIBRARY_PATH} PYTHONPATH=/home/donggun/S13P21A501/Embedded/install/turtlebot3_msgs/local/lib/python3.10/dist-packages:/home/donggun/S13P21A501/Embedded/install/dynamixel_sdk/local/lib/python3.10/dist-packages:${PYTHONPATH} /usr/bin/cmake --build /home/donggun/S13P21A501/Embedded/build/turtlebot3_bringup -- -j16 -l16
[0.118s] Invoking command in '/home/donggun/S13P21A501/Embedded/build/turtlebot3_bringup': AMENT_PREFIX_PATH=/home/donggun/S13P21A501/Embedded/install/turtlebot3_node:/home/donggun/S13P21A501/Embedded/install/turtlebot3_msgs:/home/donggun/S13P21A501/Embedded/install/turtlebot3_description:/home/donggun/S13P21A501/Embedded/install/dynamixel_sdk:${AMENT_PREFIX_PATH} CMAKE_PREFIX_PATH=/home/donggun/S13P21A501/Embedded/install/turtlebot3_node:/home/donggun/S13P21A501/Embedded/install/turtlebot3_msgs:/home/donggun/S13P21A501/Embedded/install/turtlebot3_description:/home/donggun/S13P21A501/Embedded/install/dynamixel_sdk:/opt/ros/humble LD_LIBRARY_PATH=/home/donggun/S13P21A501/Embedded/install/turtlebot3_msgs/lib:/home/donggun/S13P21A501/Embedded/install/dynamixel_sdk/lib:${LD_LIBRARY_PATH} PYTHONPATH=/home/donggun/S13P21A501/Embedded/install/turtlebot3_msgs/local/lib/python3.10/dist-packages:/home/donggun/S13P21A501/Embedded/install/dynamixel_sdk/local/lib/python3.10/dist-packages:${PYTHONPATH} /usr/bin/cmake --install /home/donggun/S13P21A501/Embedded/build/turtlebot3_bringup
[0.129s] -- Install configuration: ""
[0.129s] -- Up-to-date: /home/donggun/S13P21A501/Embedded/install/turtlebot3_bringup/share/turtlebot3_bringup/launch
[0.129s] -- Up-to-date: /home/donggun/S13P21A501/Embedded/install/turtlebot3_bringup/share/turtlebot3_bringup/launch/camera.launch.py
[0.129s] -- Up-to-date: /home/donggun/S13P21A501/Embedded/install/turtlebot3_bringup/share/turtlebot3_bringup/launch/turtlebot3_state_publisher.launch.py
[0.129s] -- Up-to-date: /home/donggun/S13P21A501/Embedded/install/turtlebot3_bringup/share/turtlebot3_bringup/launch/robot.launch.py
[0.129s] -- Up-to-date: /home/donggun/S13P21A501/Embedded/install/turtlebot3_bringup/share/turtlebot3_bringup/launch/rviz2.launch.py
[0.129s] -- Up-to-date: /home/donggun/S13P21A501/Embedded/install/turtlebot3_bringup/share/turtlebot3_bringup/param
[0.129s] -- Up-to-date: /home/donggun/S13P21A501/Embedded/install/turtlebot3_bringup/share/turtlebot3_bringup/param/waffle.yaml
[0.129s] -- Up-to-date: /home/donggun/S13P21A501/Embedded/install/turtlebot3_bringup/share/turtlebot3_bringup/param/waffle_pi.yaml
[0.130s] -- Up-to-date: /home/donggun/S13P21A501/Embedded/install/turtlebot3_bringup/share/turtlebot3_bringup/param/humble
[0.130s] -- Up-to-date: /home/donggun/S13P21A501/Embedded/install/turtlebot3_bringup/share/turtlebot3_bringup/param/humble/waffle.yaml
[0.130s] -- Up-to-date: /home/donggun/S13P21A501/Embedded/install/turtlebot3_bringup/share/turtlebot3_bringup/param/humble/waffle_pi.yaml
[0.130s] -- Up-to-date: /home/donggun/S13P21A501/Embedded/install/turtlebot3_bringup/share/turtlebot3_bringup/param/humble/burger.yaml
[0.130s] -- Up-to-date: /home/donggun/S13P21A501/Embedded/install/turtlebot3_bringup/share/turtlebot3_bringup/param/burger.yaml
[0.130s] -- Up-to-date: /home/donggun/S13P21A501/Embedded/install/turtlebot3_bringup/share/turtlebot3_bringup/script
[0.130s] -- Up-to-date: /home/donggun/S13P21A501/Embedded/install/turtlebot3_bringup/share/turtlebot3_bringup/script/99-turtlebot3-cdc.rules
[0.130s] -- Up-to-date: /home/donggun/S13P21A501/Embedded/install/turtlebot3_bringup/share/turtlebot3_bringup/script/create_udev_rules
[0.130s] -- Up-to-date: /home/donggun/S13P21A501/Embedded/install/turtlebot3_bringup/share/ament_index/resource_index/package_run_dependencies/turtlebot3_bringup
[0.130s] -- Up-to-date: /home/donggun/S13P21A501/Embedded/install/turtlebot3_bringup/share/ament_index/resource_index/parent_prefix_path/turtlebot3_bringup
[0.130s] -- Up-to-date: /home/donggun/S13P21A501/Embedded/install/turtlebot3_bringup/share/turtlebot3_bringup/environment/ament_prefix_path.sh
[0.131s] -- Up-to-date: /home/donggun/S13P21A501/Embedded/install/turtlebot3_bringup/share/turtlebot3_bringup/environment/ament_prefix_path.dsv
[0.131s] -- Up-to-date: /home/donggun/S13P21A501/Embedded/install/turtlebot3_bringup/share/turtlebot3_bringup/environment/path.sh
[0.131s] -- Up-to-date: /home/donggun/S13P21A501/Embedded/install/turtlebot3_bringup/share/turtlebot3_bringup/environment/path.dsv
[0.131s] -- Up-to-date: /home/donggun/S13P21A501/Embedded/install/turtlebot3_bringup/share/turtlebot3_bringup/local_setup.bash
[0.131s] -- Up-to-date: /home/donggun/S13P21A501/Embedded/install/turtlebot3_bringup/share/turtlebot3_bringup/local_setup.sh
[0.131s] -- Up-to-date: /home/donggun/S13P21A501/Embedded/install/turtlebot3_bringup/share/turtlebot3_bringup/local_setup.zsh
[0.131s] -- Up-to-date: /home/donggun/S13P21A501/Embedded/install/turtlebot3_bringup/share/turtlebot3_bringup/local_setup.dsv
[0.131s] -- Up-to-date: /home/donggun/S13P21A501/Embedded/install/turtlebot3_bringup/share/turtlebot3_bringup/package.dsv
[0.131s] -- Up-to-date: /home/donggun/S13P21A501/Embedded/install/turtlebot3_bringup/share/ament_index/resource_index/packages/turtlebot3_bringup
[0.131s] -- Up-to-date: /home/donggun/S13P21A501/Embedded/install/turtlebot3_bringup/share/turtlebot3_bringup/cmake/turtlebot3_bringupConfig.cmake
[0.132s] -- Up-to-date: /home/donggun/S13P21A501/Embedded/install/turtlebot3_bringup/share/turtlebot3_bringup/cmake/turtlebot3_bringupConfig-version.cmake
[0.132s] -- Up-to-date: /home/donggun/S13P21A501/Embedded/install/turtlebot3_bringup/share/turtlebot3_bringup/package.xml
[0.136s] Invoked command in '/home/donggun/S13P21A501/Embedded/build/turtlebot3_bringup' returned '0': AMENT_PREFIX_PATH=/home/donggun/S13P21A501/Embedded/install/turtlebot3_node:/home/donggun/S13P21A501/Embedded/install/turtlebot3_msgs:/home/donggun/S13P21A501/Embedded/install/turtlebot3_description:/home/donggun/S13P21A501/Embedded/install/dynamixel_sdk:${AMENT_PREFIX_PATH} CMAKE_PREFIX_PATH=/home/donggun/S13P21A501/Embedded/install/turtlebot3_node:/home/donggun/S13P21A501/Embedded/install/turtlebot3_msgs:/home/donggun/S13P21A501/Embedded/install/turtlebot3_description:/home/donggun/S13P21A501/Embedded/install/dynamixel_sdk:/opt/ros/humble LD_LIBRARY_PATH=/home/donggun/S13P21A501/Embedded/install/turtlebot3_msgs/lib:/home/donggun/S13P21A501/Embedded/install/dynamixel_sdk/lib:${LD_LIBRARY_PATH} PYTHONPATH=/home/donggun/S13P21A501/Embedded/install/turtlebot3_msgs/local/lib/python3.10/dist-packages:/home/donggun/S13P21A501/Embedded/install/dynamixel_sdk/local/lib/python3.10/dist-packages:${PYTHONPATH} /usr/bin/cmake --install /home/donggun/S13P21A501/Embedded/build/turtlebot3_bringup
