[0.065s] Invoking command in '/home/donggun/S13P21A501/Embedded/build/turtlebot3_manipulation_cartographer': CMAKE_PREFIX_PATH=/opt/ros/humble /usr/bin/cmake /home/donggun/S13P21A501/Embedded/src/turtlebot3_manipulation/turtlebot3_manipulation_cartographer -DCMAKE_INSTALL_PREFIX=/home/donggun/S13P21A501/Embedded/install/turtlebot3_manipulation_cartographer
[2.680s] -- The C compiler identification is GNU 11.4.0
[2.680s] -- The CXX compiler identification is GNU 11.4.0
[2.680s] -- Detecting C compiler ABI info
[2.680s] -- Detecting C compiler ABI info - done
[2.681s] -- Check for working C compiler: /usr/bin/cc - skipped
[2.681s] -- Detecting C compile features
[2.681s] -- Detecting C compile features - done
[2.681s] -- Detecting CXX compiler ABI info
[2.681s] -- Detecting CXX compiler ABI info - done
[2.681s] -- Check for working CXX compiler: /usr/bin/c++ - skipped
[2.681s] -- Detecting CXX compile features
[2.681s] -- Detecting CXX compile features - done
[2.681s] -- Found ament_cmake: 1.3.12 (/opt/ros/humble/share/ament_cmake/cmake)
[2.681s] -- Found Python3: /usr/bin/python3 (found version "3.10.12") found components: Interpreter 
[2.681s] -- Configuring done
[2.681s] -- Generating done
[2.682s] -- Build files have been written to: /home/donggun/S13P21A501/Embedded/build/turtlebot3_manipulation_cartographer
[2.694s] Invoked command in '/home/donggun/S13P21A501/Embedded/build/turtlebot3_manipulation_cartographer' returned '0': CMAKE_PREFIX_PATH=/opt/ros/humble /usr/bin/cmake /home/donggun/S13P21A501/Embedded/src/turtlebot3_manipulation/turtlebot3_manipulation_cartographer -DCMAKE_INSTALL_PREFIX=/home/donggun/S13P21A501/Embedded/install/turtlebot3_manipulation_cartographer
[2.695s] Invoking command in '/home/donggun/S13P21A501/Embedded/build/turtlebot3_manipulation_cartographer': CMAKE_PREFIX_PATH=/opt/ros/humble /usr/bin/cmake --build /home/donggun/S13P21A501/Embedded/build/turtlebot3_manipulation_cartographer -- -j16 -l16
[2.733s] Invoked command in '/home/donggun/S13P21A501/Embedded/build/turtlebot3_manipulation_cartographer' returned '0': CMAKE_PREFIX_PATH=/opt/ros/humble /usr/bin/cmake --build /home/donggun/S13P21A501/Embedded/build/turtlebot3_manipulation_cartographer -- -j16 -l16
[2.745s] Invoking command in '/home/donggun/S13P21A501/Embedded/build/turtlebot3_manipulation_cartographer': CMAKE_PREFIX_PATH=/opt/ros/humble /usr/bin/cmake --install /home/donggun/S13P21A501/Embedded/build/turtlebot3_manipulation_cartographer
[2.767s] -- Install configuration: ""
[2.767s] -- Installing: /home/donggun/S13P21A501/Embedded/install/turtlebot3_manipulation_cartographer/share/turtlebot3_manipulation_cartographer/config
[2.772s] -- Installing: /home/donggun/S13P21A501/Embedded/install/turtlebot3_manipulation_cartographer/share/turtlebot3_manipulation_cartographer/config/turtlebot3_2d.lua
[2.773s] -- Installing: /home/donggun/S13P21A501/Embedded/install/turtlebot3_manipulation_cartographer/share/turtlebot3_manipulation_cartographer/launch
[2.773s] -- Installing: /home/donggun/S13P21A501/Embedded/install/turtlebot3_manipulation_cartographer/share/turtlebot3_manipulation_cartographer/launch/cartographer.launch.py
[2.773s] -- Installing: /home/donggun/S13P21A501/Embedded/install/turtlebot3_manipulation_cartographer/share/turtlebot3_manipulation_cartographer/rviz
[2.773s] -- Installing: /home/donggun/S13P21A501/Embedded/install/turtlebot3_manipulation_cartographer/share/turtlebot3_manipulation_cartographer/rviz/cartographer.rviz
[2.774s] -- Installing: /home/donggun/S13P21A501/Embedded/install/turtlebot3_manipulation_cartographer/share/ament_index/resource_index/package_run_dependencies/turtlebot3_manipulation_cartographer
[2.774s] -- Installing: /home/donggun/S13P21A501/Embedded/install/turtlebot3_manipulation_cartographer/share/ament_index/resource_index/parent_prefix_path/turtlebot3_manipulation_cartographer
[2.774s] -- Installing: /home/donggun/S13P21A501/Embedded/install/turtlebot3_manipulation_cartographer/share/turtlebot3_manipulation_cartographer/environment/ament_prefix_path.sh
[2.775s] -- Installing: /home/donggun/S13P21A501/Embedded/install/turtlebot3_manipulation_cartographer/share/turtlebot3_manipulation_cartographer/environment/ament_prefix_path.dsv
[2.775s] -- Installing: /home/donggun/S13P21A501/Embedded/install/turtlebot3_manipulation_cartographer/share/turtlebot3_manipulation_cartographer/environment/path.sh
[2.776s] -- Installing: /home/donggun/S13P21A501/Embedded/install/turtlebot3_manipulation_cartographer/share/turtlebot3_manipulation_cartographer/environment/path.dsv
[2.784s] -- Installing: /home/donggun/S13P21A501/Embedded/install/turtlebot3_manipulation_cartographer/share/turtlebot3_manipulation_cartographer/local_setup.bash
[2.784s] -- Installing: /home/donggun/S13P21A501/Embedded/install/turtlebot3_manipulation_cartographer/share/turtlebot3_manipulation_cartographer/local_setup.sh
[2.784s] -- Installing: /home/donggun/S13P21A501/Embedded/install/turtlebot3_manipulation_cartographer/share/turtlebot3_manipulation_cartographer/local_setup.zsh
[2.784s] -- Installing: /home/donggun/S13P21A501/Embedded/install/turtlebot3_manipulation_cartographer/share/turtlebot3_manipulation_cartographer/local_setup.dsv
[2.784s] -- Installing: /home/donggun/S13P21A501/Embedded/install/turtlebot3_manipulation_cartographer/share/turtlebot3_manipulation_cartographer/package.dsv
[2.785s] -- Installing: /home/donggun/S13P21A501/Embedded/install/turtlebot3_manipulation_cartographer/share/ament_index/resource_index/packages/turtlebot3_manipulation_cartographer
[2.785s] -- Installing: /home/donggun/S13P21A501/Embedded/install/turtlebot3_manipulation_cartographer/share/turtlebot3_manipulation_cartographer/cmake/turtlebot3_manipulation_cartographerConfig.cmake
[2.785s] -- Installing: /home/donggun/S13P21A501/Embedded/install/turtlebot3_manipulation_cartographer/share/turtlebot3_manipulation_cartographer/cmake/turtlebot3_manipulation_cartographerConfig-version.cmake
[2.785s] -- Installing: /home/donggun/S13P21A501/Embedded/install/turtlebot3_manipulation_cartographer/share/turtlebot3_manipulation_cartographer/package.xml
[2.820s] Invoked command in '/home/donggun/S13P21A501/Embedded/build/turtlebot3_manipulation_cartographer' returned '0': CMAKE_PREFIX_PATH=/opt/ros/humble /usr/bin/cmake --install /home/donggun/S13P21A501/Embedded/build/turtlebot3_manipulation_cartographer
