[0.086s] Invoking command in '/home/hb/Git/Embedded/build/turtlebot3_gazebo': CMAKE_PREFIX_PATH=${CMAKE_PREFIX_PATH}:/home/hb/Git/Embedded/install/turtlebot3_teleop:/home/hb/Git/Embedded/install/turtlebot3_example:/home/hb/Git/Embedded/install/robot_web_interface:/home/hb/Git/Embedded/install/delivery_interface:/home/hb/Git/Embedded/install/app_navigation:/opt/ros/humble /usr/bin/cmake /home/hb/Git/Embedded/src/turtlebot3_simulations/turtlebot3_gazebo -DCMAKE_INSTALL_PREFIX=/home/hb/Git/Embedded/install/turtlebot3_gazebo
[1.758s] -- The C compiler identification is GNU 11.4.0
[1.758s] -- The CXX compiler identification is GNU 11.4.0
[1.758s] -- Detecting C compiler ABI info
[1.758s] -- Detecting C compiler ABI info - done
[1.758s] -- Check for working C compiler: /usr/bin/cc - skipped
[1.758s] -- Detecting C compile features
[1.758s] -- Detecting C compile features - done
[1.758s] -- Detecting CXX compiler ABI info
[1.758s] -- Detecting CXX compiler ABI info - done
[1.758s] -- Check for working CXX compiler: /usr/bin/c++ - skipped
[1.759s] -- Detecting CXX compile features
[1.759s] -- Detecting CXX compile features - done
[1.759s] -- Found ament_cmake: 1.3.12 (/opt/ros/humble/share/ament_cmake/cmake)
[1.759s] -- Found Python3: /usr/bin/python3 (found version "3.10.12") found components: Interpreter 
[1.759s] -- Found PkgConfig: /usr/bin/pkg-config (found version "0.29.2") 
[1.759s] -- Checking for module 'bullet>=2.82'
[1.759s] --   Found bullet, version 3.05
[1.759s] -- Found fcl: /usr/include (found suitable version "0.7.0", minimum required is "0.5.0") 
[1.759s] -- Found assimp: /usr/include (found version "5.2.0") 
[1.759s] -- Found DART: /usr/include (Required is at least version "6.6") found components: dart 
[1.759s] -- Found Boost: /usr/lib/x86_64-linux-gnu/cmake/Boost-1.74.0/BoostConfig.cmake (found suitable version "1.74.0", minimum required is "1.40.0") found components: thread system filesystem program_options regex iostreams date_time 
[1.759s] -- Found Protobuf: /usr/lib/x86_64-linux-gnu/libprotobuf.so (found version "3.12.4") 
[1.759s] -- Looking for ignition-math6 -- found version 6.15.1
[1.759s] -- Searching for dependencies of ignition-math6
[1.759s] -- Looking for OGRE...
[1.760s] -- OGRE_PREFIX_WATCH changed.
[1.760s] -- Checking for module 'OGRE'
[1.760s] --   Found OGRE, version 1.9.0
[1.760s] -- Found Ogre Ghadamon (1.9.0)
[1.760s] -- Found OGRE: optimized;/usr/lib/x86_64-linux-gnu/libOgreMain.so;debug;/usr/lib/x86_64-linux-gnu/libOgreMain.so
[1.760s] -- Looking for OGRE_Paging...
[1.760s] -- Found OGRE_Paging: optimized;/usr/lib/x86_64-linux-gnu/libOgrePaging.so;debug;/usr/lib/x86_64-linux-gnu/libOgrePaging.so
[1.760s] -- Looking for OGRE_Terrain...
[1.760s] -- Found OGRE_Terrain: optimized;/usr/lib/x86_64-linux-gnu/libOgreTerrain.so;debug;/usr/lib/x86_64-linux-gnu/libOgreTerrain.so
[1.761s] -- Looking for OGRE_Property...
[1.761s] -- Found OGRE_Property: optimized;/usr/lib/x86_64-linux-gnu/libOgreProperty.so;debug;/usr/lib/x86_64-linux-gnu/libOgreProperty.so
[1.761s] -- Looking for OGRE_RTShaderSystem...
[1.761s] -- Found OGRE_RTShaderSystem: optimized;/usr/lib/x86_64-linux-gnu/libOgreRTShaderSystem.so;debug;/usr/lib/x86_64-linux-gnu/libOgreRTShaderSystem.so
[1.761s] -- Looking for OGRE_Volume...
[1.761s] -- Found OGRE_Volume: optimized;/usr/lib/x86_64-linux-gnu/libOgreVolume.so;debug;/usr/lib/x86_64-linux-gnu/libOgreVolume.so
[1.761s] -- Looking for OGRE_Overlay...
[1.761s] -- Found OGRE_Overlay: optimized;/usr/lib/x86_64-linux-gnu/libOgreOverlay.so;debug;/usr/lib/x86_64-linux-gnu/libOgreOverlay.so
[1.762s] [33mCMake Warning (dev) at /usr/share/cmake-3.22/Modules/FindPackageHandleStandardArgs.cmake:438 (message):
[1.763s]   The package name passed to `find_package_handle_standard_args` (PkgConfig)
[1.763s]   does not match the name of the calling package (gazebo).  This can lead to
[1.763s]   problems in calling code that expects `find_package` result variables
[1.763s]   (e.g., `_FOUND`) to follow a certain pattern.
[1.763s] Call Stack (most recent call first):
[1.763s]   /usr/share/cmake-3.22/Modules/FindPkgConfig.cmake:99 (find_package_handle_standard_args)
[1.764s]   /usr/lib/x86_64-linux-gnu/cmake/gazebo/gazebo-config.cmake:72 (include)
[1.764s]   CMakeLists.txt:23 (find_package)
[1.764s] This warning is for project developers.  Use -Wno-dev to suppress it.
[1.764s] [0m
[1.803s] -- Looking for ignition-math6 -- found version 6.15.1
[1.806s] -- Looking for ignition-transport8 -- found version 8.2.1
[1.806s] -- Searching for dependencies of ignition-transport8
[1.855s] -- Found Protobuf: /usr/lib/x86_64-linux-gnu/libprotobuf.so (found suitable version "3.12.4", minimum required is "3") 
[1.872s] -- Config-file not installed for ZeroMQ -- checking for pkg-config
[1.884s] -- Checking for module 'libzmq >= 4'
[1.963s] --   Found libzmq , version 4.3.4
[2.097s] -- Found ZeroMQ: TRUE (Required is at least version "4") 
[2.122s] -- Checking for module 'uuid'
[2.173s] --   Found uuid, version 2.37.2
[2.256s] -- Found UUID: TRUE  
[2.266s] -- Looking for ignition-msgs5 -- found version 5.8.1
[2.274s] -- Searching for dependencies of ignition-msgs5
[2.321s] -- Looking for ignition-math6 -- found version 6.15.1
[2.333s] -- Checking for module 'tinyxml2'
[2.386s] --   Found tinyxml2, version 9.0.0
[2.476s] -- Looking for ignition-msgs5 -- found version 5.8.1
[2.491s] -- Looking for ignition-common3 -- found version 3.14.0
[2.492s] -- Searching for dependencies of ignition-common3
[2.493s] -- Looking for dlfcn.h - found
[2.496s] -- Looking for libdl - found
[2.498s] -- Found DL: TRUE  
[2.531s] -- Found tinyobjloader: /usr/lib/x86_64-linux-gnu/cmake/tinyobjloader/tinyobjloader-config.cmake (found version "2.0.0") 
[2.535s] -- Searching for <ignition-common3> component [graphics]
[2.548s] -- Looking for ignition-common3-graphics -- found version 3.14.0
[2.548s] -- Searching for dependencies of ignition-common3-graphics
[2.549s] -- Looking for ignition-math6 -- found version 6.15.1
[2.568s] -- Looking for ignition-fuel_tools4 -- found version 4.4.0
[2.568s] -- Searching for dependencies of ignition-fuel_tools4
[2.948s] -- Found CURL: /usr/lib/x86_64-linux-gnu/libcurl.so (found version "7.81.0")  
[2.984s] -- Checking for module 'jsoncpp'
[3.009s] --   Found jsoncpp, version 1.9.5
[3.073s] -- Found JSONCPP: TRUE  
[3.086s] -- Checking for module 'libzip'
[3.114s] --   Found libzip, version 1.7.3
[3.173s] -- Found ZIP: TRUE  
[3.174s] -- Looking for ignition-common3 -- found version 3.14.0
[3.175s] -- Looking for ignition-math6 -- found version 6.15.1
[3.175s] -- Looking for ignition-msgs5 -- found version 5.8.1
[3.195s] -- Found gazebo_ros_pkgs: 3.9.0 (/opt/ros/humble/share/gazebo_ros_pkgs/cmake)
[3.203s] -- Found geometry_msgs: 4.9.0 (/opt/ros/humble/share/geometry_msgs/cmake)
[3.283s] -- Found rosidl_generator_c: 3.1.7 (/opt/ros/humble/share/rosidl_generator_c/cmake)
[3.294s] -- Found rosidl_adapter: 3.1.7 (/opt/ros/humble/share/rosidl_adapter/cmake)
[3.349s] -- Found rosidl_generator_cpp: 3.1.7 (/opt/ros/humble/share/rosidl_generator_cpp/cmake)
[3.371s] -- Using all available rosidl_typesupport_c: rosidl_typesupport_fastrtps_c;rosidl_typesupport_introspection_c
[3.386s] -- Using all available rosidl_typesupport_cpp: rosidl_typesupport_fastrtps_cpp;rosidl_typesupport_introspection_cpp
[3.464s] -- Found nav_msgs: 4.9.0 (/opt/ros/humble/share/nav_msgs/cmake)
[3.500s] -- Found rclcpp: 16.0.14 (/opt/ros/humble/share/rclcpp/cmake)
[3.580s] -- Found rmw_implementation_cmake: 6.1.2 (/opt/ros/humble/share/rmw_implementation_cmake/cmake)
[3.588s] -- Found rmw_fastrtps_cpp: 6.2.8 (/opt/ros/humble/share/rmw_fastrtps_cpp/cmake)
[3.754s] -- Found OpenSSL: /usr/lib/x86_64-linux-gnu/libcrypto.so (found version "3.0.2")  
[3.808s] -- Found FastRTPS: /opt/ros/humble/include  
[3.916s] -- Using RMW implementation 'rmw_fastrtps_cpp' as default
[3.940s] -- Found Threads: TRUE  
[4.043s] -- Found sensor_msgs: 4.9.0 (/opt/ros/humble/share/sensor_msgs/cmake)
[4.112s] -- Found tf2: 0.25.16 (/opt/ros/humble/share/tf2/cmake)
[4.479s] -- Configuring done
[4.584s] -- Generating done
[4.616s] -- Build files have been written to: /home/hb/Git/Embedded/build/turtlebot3_gazebo
[4.656s] Invoked command in '/home/hb/Git/Embedded/build/turtlebot3_gazebo' returned '0': CMAKE_PREFIX_PATH=${CMAKE_PREFIX_PATH}:/home/hb/Git/Embedded/install/turtlebot3_teleop:/home/hb/Git/Embedded/install/turtlebot3_example:/home/hb/Git/Embedded/install/robot_web_interface:/home/hb/Git/Embedded/install/delivery_interface:/home/hb/Git/Embedded/install/app_navigation:/opt/ros/humble /usr/bin/cmake /home/hb/Git/Embedded/src/turtlebot3_simulations/turtlebot3_gazebo -DCMAKE_INSTALL_PREFIX=/home/hb/Git/Embedded/install/turtlebot3_gazebo
[4.657s] Invoking command in '/home/hb/Git/Embedded/build/turtlebot3_gazebo': CMAKE_PREFIX_PATH=${CMAKE_PREFIX_PATH}:/home/hb/Git/Embedded/install/turtlebot3_teleop:/home/hb/Git/Embedded/install/turtlebot3_example:/home/hb/Git/Embedded/install/robot_web_interface:/home/hb/Git/Embedded/install/delivery_interface:/home/hb/Git/Embedded/install/app_navigation:/opt/ros/humble /usr/bin/cmake --build /home/hb/Git/Embedded/build/turtlebot3_gazebo -- -j16 -l16
[4.754s] [  8%] [32mBuilding CXX object CMakeFiles/turtlebot3_drive.dir/src/turtlebot3_drive.cpp.o[0m
[4.765s] [ 16%] [32mBuilding CXX object CMakeFiles/traffic_light_plugin.dir/src/traffic_light_plugin.cpp.o[0m
[4.773s] [ 25%] [32mBuilding CXX object CMakeFiles/obstacles.dir/src/obstacles.cpp.o[0m
[4.774s] [ 33%] [32mBuilding CXX object CMakeFiles/obstacle2.dir/src/obstacle2.cpp.o[0m
[4.777s] [ 41%] [32mBuilding CXX object CMakeFiles/obstacle1.dir/src/obstacle1.cpp.o[0m
[4.804s] [ 50%] [32mBuilding CXX object CMakeFiles/traffic_bar_plugin.dir/src/traffic_bar_plugin.cpp.o[0m
[30.054s] [ 58%] [32m[1mLinking CXX shared library libtraffic_light_plugin.so[0m
[31.128s] [ 58%] Built target traffic_light_plugin
[33.710s] [ 66%] [32m[1mLinking CXX shared library libobstacle2.so[0m
[33.901s] [ 75%] [32m[1mLinking CXX shared library libtraffic_bar_plugin.so[0m
[34.033s] [ 83%] [32m[1mLinking CXX shared library libobstacle1.so[0m
[34.544s] [ 83%] Built target obstacle2
[34.631s] [ 83%] Built target traffic_bar_plugin
[34.645s] [ 83%] Built target obstacle1
[34.728s] [ 91%] [32m[1mLinking CXX executable turtlebot3_drive[0m
[34.785s] [100%] [32m[1mLinking CXX shared library libobstacles.so[0m
[35.541s] [100%] Built target obstacles
[36.258s] [100%] Built target turtlebot3_drive
[36.299s] Invoked command in '/home/hb/Git/Embedded/build/turtlebot3_gazebo' returned '0': CMAKE_PREFIX_PATH=${CMAKE_PREFIX_PATH}:/home/hb/Git/Embedded/install/turtlebot3_teleop:/home/hb/Git/Embedded/install/turtlebot3_example:/home/hb/Git/Embedded/install/robot_web_interface:/home/hb/Git/Embedded/install/delivery_interface:/home/hb/Git/Embedded/install/app_navigation:/opt/ros/humble /usr/bin/cmake --build /home/hb/Git/Embedded/build/turtlebot3_gazebo -- -j16 -l16
[36.312s] Invoking command in '/home/hb/Git/Embedded/build/turtlebot3_gazebo': CMAKE_PREFIX_PATH=${CMAKE_PREFIX_PATH}:/home/hb/Git/Embedded/install/turtlebot3_teleop:/home/hb/Git/Embedded/install/turtlebot3_example:/home/hb/Git/Embedded/install/robot_web_interface:/home/hb/Git/Embedded/install/delivery_interface:/home/hb/Git/Embedded/install/app_navigation:/opt/ros/humble /usr/bin/cmake --install /home/hb/Git/Embedded/build/turtlebot3_gazebo
[36.335s] -- Install configuration: ""
[36.335s] -- Installing: /home/hb/Git/Embedded/install/turtlebot3_gazebo/lib/turtlebot3_gazebo/turtlebot3_drive
[36.349s] -- Set runtime path of "/home/hb/Git/Embedded/install/turtlebot3_gazebo/lib/turtlebot3_gazebo/turtlebot3_drive" to ""
[36.349s] -- Installing: /home/hb/Git/Embedded/install/turtlebot3_gazebo/share/turtlebot3_gazebo//launch
[36.349s] -- Installing: /home/hb/Git/Embedded/install/turtlebot3_gazebo/share/turtlebot3_gazebo//launch/empty_world.launch.py
[36.350s] -- Installing: /home/hb/Git/Embedded/install/turtlebot3_gazebo/share/turtlebot3_gazebo//launch/multi_spawn_turtlebot3.launch.py
[36.350s] -- Installing: /home/hb/Git/Embedded/install/turtlebot3_gazebo/share/turtlebot3_gazebo//launch/multi_robot.launch.py
[36.351s] -- Installing: /home/hb/Git/Embedded/install/turtlebot3_gazebo/share/turtlebot3_gazebo//launch/spawn_turtlebot3.launch.py
[36.351s] -- Installing: /home/hb/Git/Embedded/install/turtlebot3_gazebo/share/turtlebot3_gazebo//launch/turtlebot3_dqn_stage4.launch.py
[36.351s] -- Installing: /home/hb/Git/Embedded/install/turtlebot3_gazebo/share/turtlebot3_gazebo//launch/turtlebot3_dqn_stage2.launch.py
[36.352s] -- Installing: /home/hb/Git/Embedded/install/turtlebot3_gazebo/share/turtlebot3_gazebo//launch/turtlebot3_outerworld.launch.py
[36.352s] -- Installing: /home/hb/Git/Embedded/install/turtlebot3_gazebo/share/turtlebot3_gazebo//launch/turtlebot3_aptcomplexworld.launch.py
[36.353s] -- Installing: /home/hb/Git/Embedded/install/turtlebot3_gazebo/share/turtlebot3_gazebo//launch/turtlebot3_duworld.launch.py
[36.353s] -- Installing: /home/hb/Git/Embedded/install/turtlebot3_gazebo/share/turtlebot3_gazebo//launch/turtlebot3_autorace_2020.launch.py
[36.353s] -- Installing: /home/hb/Git/Embedded/install/turtlebot3_gazebo/share/turtlebot3_gazebo//launch/robot_state_publisher.launch.py
[36.354s] -- Installing: /home/hb/Git/Embedded/install/turtlebot3_gazebo/share/turtlebot3_gazebo//launch/turtlebot3_aptcomplexworld_scaled.launch.py
[36.354s] -- Installing: /home/hb/Git/Embedded/install/turtlebot3_gazebo/share/turtlebot3_gazebo//launch/turtlebot3_dqn_stage1.launch.py
[36.354s] -- Installing: /home/hb/Git/Embedded/install/turtlebot3_gazebo/share/turtlebot3_gazebo//launch/turtlebot3_house.launch.py
[36.355s] -- Installing: /home/hb/Git/Embedded/install/turtlebot3_gazebo/share/turtlebot3_gazebo//launch/turtlebot3_nav2_auto.launch.py
[36.355s] -- Installing: /home/hb/Git/Embedded/install/turtlebot3_gazebo/share/turtlebot3_gazebo//launch/turtlebot3_world.launch.py
[36.361s] -- Installing: /home/hb/Git/Embedded/install/turtlebot3_gazebo/share/turtlebot3_gazebo//launch/turtlebot3_dqn_stage3.launch.py
[36.361s] -- Installing: /home/hb/Git/Embedded/install/turtlebot3_gazebo/share/turtlebot3_gazebo//models
[36.362s] -- Installing: /home/hb/Git/Embedded/install/turtlebot3_gazebo/share/turtlebot3_gazebo//models/turtlebot3_autorace_2020
[36.362s] -- Installing: /home/hb/Git/Embedded/install/turtlebot3_gazebo/share/turtlebot3_gazebo//models/turtlebot3_autorace_2020/traffic_left
[36.362s] -- Installing: /home/hb/Git/Embedded/install/turtlebot3_gazebo/share/turtlebot3_gazebo//models/turtlebot3_autorace_2020/traffic_left/model.config
[36.362s] -- Installing: /home/hb/Git/Embedded/install/turtlebot3_gazebo/share/turtlebot3_gazebo//models/turtlebot3_autorace_2020/traffic_left/model.sdf
[36.362s] -- Installing: /home/hb/Git/Embedded/install/turtlebot3_gazebo/share/turtlebot3_gazebo//models/turtlebot3_autorace_2020/traffic_left/materials
[36.362s] -- Installing: /home/hb/Git/Embedded/install/turtlebot3_gazebo/share/turtlebot3_gazebo//models/turtlebot3_autorace_2020/traffic_left/materials/scripts
[36.362s] -- Installing: /home/hb/Git/Embedded/install/turtlebot3_gazebo/share/turtlebot3_gazebo//models/turtlebot3_autorace_2020/traffic_left/materials/scripts/traffic_is_left.material
[36.362s] -- Installing: /home/hb/Git/Embedded/install/turtlebot3_gazebo/share/turtlebot3_gazebo//models/turtlebot3_autorace_2020/traffic_left/materials/textures
[36.362s] -- Installing: /home/hb/Git/Embedded/install/turtlebot3_gazebo/share/turtlebot3_gazebo//models/turtlebot3_autorace_2020/traffic_left/materials/textures/traffic_left.png
[36.363s] -- Installing: /home/hb/Git/Embedded/install/turtlebot3_gazebo/share/turtlebot3_gazebo//models/turtlebot3_autorace_2020/traffic_right
[36.363s] -- Installing: /home/hb/Git/Embedded/install/turtlebot3_gazebo/share/turtlebot3_gazebo//models/turtlebot3_autorace_2020/traffic_right/model.config
[36.363s] -- Installing: /home/hb/Git/Embedded/install/turtlebot3_gazebo/share/turtlebot3_gazebo//models/turtlebot3_autorace_2020/traffic_right/model.sdf
[36.363s] -- Installing: /home/hb/Git/Embedded/install/turtlebot3_gazebo/share/turtlebot3_gazebo//models/turtlebot3_autorace_2020/traffic_right/materials
[36.364s] -- Installing: /home/hb/Git/Embedded/install/turtlebot3_gazebo/share/turtlebot3_gazebo//models/turtlebot3_autorace_2020/traffic_right/materials/scripts
[36.364s] -- Installing: /home/hb/Git/Embedded/install/turtlebot3_gazebo/share/turtlebot3_gazebo//models/turtlebot3_autorace_2020/traffic_right/materials/scripts/traffic_right.material
[36.365s] -- Installing: /home/hb/Git/Embedded/install/turtlebot3_gazebo/share/turtlebot3_gazebo//models/turtlebot3_autorace_2020/traffic_right/materials/textures
[36.365s] -- Installing: /home/hb/Git/Embedded/install/turtlebot3_gazebo/share/turtlebot3_gazebo//models/turtlebot3_autorace_2020/traffic_right/materials/textures/traffic_right.png
[36.366s] -- Installing: /home/hb/Git/Embedded/install/turtlebot3_gazebo/share/turtlebot3_gazebo//models/turtlebot3_autorace_2020/checker
[36.366s] -- Installing: /home/hb/Git/Embedded/install/turtlebot3_gazebo/share/turtlebot3_gazebo//models/turtlebot3_autorace_2020/checker/model.config
[36.366s] -- Installing: /home/hb/Git/Embedded/install/turtlebot3_gazebo/share/turtlebot3_gazebo//models/turtlebot3_autorace_2020/checker/model.sdf
[36.369s] -- Installing: /home/hb/Git/Embedded/install/turtlebot3_gazebo/share/turtlebot3_gazebo//models/turtlebot3_autorace_2020/checker/materials
[36.370s] -- Installing: /home/hb/Git/Embedded/install/turtlebot3_gazebo/share/turtlebot3_gazebo//models/turtlebot3_autorace_2020/checker/materials/scripts
[36.370s] -- Installing: /home/hb/Git/Embedded/install/turtlebot3_gazebo/share/turtlebot3_gazebo//models/turtlebot3_autorace_2020/checker/materials/scripts/checker.material
[36.371s] -- Installing: /home/hb/Git/Embedded/install/turtlebot3_gazebo/share/turtlebot3_gazebo//models/turtlebot3_autorace_2020/checker/materials/checker.png
[36.371s] -- Installing: /home/hb/Git/Embedded/install/turtlebot3_gazebo/share/turtlebot3_gazebo//models/turtlebot3_autorace_2020/checker/materials/textures
[36.371s] -- Installing: /home/hb/Git/Embedded/install/turtlebot3_gazebo/share/turtlebot3_gazebo//models/turtlebot3_autorace_2020/checker/materials/textures/checker.png
[36.375s] -- Installing: /home/hb/Git/Embedded/install/turtlebot3_gazebo/share/turtlebot3_gazebo//models/turtlebot3_autorace_2020/traffic_stop
[36.375s] -- Installing: /home/hb/Git/Embedded/install/turtlebot3_gazebo/share/turtlebot3_gazebo//models/turtlebot3_autorace_2020/traffic_stop/model.config
[36.375s] -- Installing: /home/hb/Git/Embedded/install/turtlebot3_gazebo/share/turtlebot3_gazebo//models/turtlebot3_autorace_2020/traffic_stop/model.sdf
[36.376s] -- Installing: /home/hb/Git/Embedded/install/turtlebot3_gazebo/share/turtlebot3_gazebo//models/turtlebot3_autorace_2020/traffic_stop/materials
[36.376s] -- Installing: /home/hb/Git/Embedded/install/turtlebot3_gazebo/share/turtlebot3_gazebo//models/turtlebot3_autorace_2020/traffic_stop/materials/scripts
[36.376s] -- Installing: /home/hb/Git/Embedded/install/turtlebot3_gazebo/share/turtlebot3_gazebo//models/turtlebot3_autorace_2020/traffic_stop/materials/scripts/traffic_stop.material
[36.377s] -- Installing: /home/hb/Git/Embedded/install/turtlebot3_gazebo/share/turtlebot3_gazebo//models/turtlebot3_autorace_2020/traffic_stop/materials/textures
[36.377s] -- Installing: /home/hb/Git/Embedded/install/turtlebot3_gazebo/share/turtlebot3_gazebo//models/turtlebot3_autorace_2020/traffic_stop/materials/textures/traffic_stop.png
[36.382s] -- Installing: /home/hb/Git/Embedded/install/turtlebot3_gazebo/share/turtlebot3_gazebo//models/turtlebot3_autorace_2020/traffic_tunnel
[36.382s] -- Installing: /home/hb/Git/Embedded/install/turtlebot3_gazebo/share/turtlebot3_gazebo//models/turtlebot3_autorace_2020/traffic_tunnel/model.config
[36.382s] -- Installing: /home/hb/Git/Embedded/install/turtlebot3_gazebo/share/turtlebot3_gazebo//models/turtlebot3_autorace_2020/traffic_tunnel/model.sdf
[36.383s] -- Installing: /home/hb/Git/Embedded/install/turtlebot3_gazebo/share/turtlebot3_gazebo//models/turtlebot3_autorace_2020/traffic_tunnel/materials
[36.383s] -- Installing: /home/hb/Git/Embedded/install/turtlebot3_gazebo/share/turtlebot3_gazebo//models/turtlebot3_autorace_2020/traffic_tunnel/materials/scripts
[36.383s] -- Installing: /home/hb/Git/Embedded/install/turtlebot3_gazebo/share/turtlebot3_gazebo//models/turtlebot3_autorace_2020/traffic_tunnel/materials/scripts/tunnel.material
[36.384s] -- Installing: /home/hb/Git/Embedded/install/turtlebot3_gazebo/share/turtlebot3_gazebo//models/turtlebot3_autorace_2020/traffic_tunnel/materials/textures
[36.388s] -- Installing: /home/hb/Git/Embedded/install/turtlebot3_gazebo/share/turtlebot3_gazebo//models/turtlebot3_autorace_2020/traffic_tunnel/materials/textures/tunnel.png
[36.389s] -- Installing: /home/hb/Git/Embedded/install/turtlebot3_gazebo/share/turtlebot3_gazebo//models/turtlebot3_autorace_2020/traffic_intersection
[36.389s] -- Installing: /home/hb/Git/Embedded/install/turtlebot3_gazebo/share/turtlebot3_gazebo//models/turtlebot3_autorace_2020/traffic_intersection/model.config
[36.389s] -- Installing: /home/hb/Git/Embedded/install/turtlebot3_gazebo/share/turtlebot3_gazebo//models/turtlebot3_autorace_2020/traffic_intersection/model.sdf
[36.390s] -- Installing: /home/hb/Git/Embedded/install/turtlebot3_gazebo/share/turtlebot3_gazebo//models/turtlebot3_autorace_2020/traffic_intersection/materials
[36.390s] -- Installing: /home/hb/Git/Embedded/install/turtlebot3_gazebo/share/turtlebot3_gazebo//models/turtlebot3_autorace_2020/traffic_intersection/materials/scripts
[36.391s] -- Installing: /home/hb/Git/Embedded/install/turtlebot3_gazebo/share/turtlebot3_gazebo//models/turtlebot3_autorace_2020/traffic_intersection/materials/scripts/traffic_intersection.material
[36.391s] -- Installing: /home/hb/Git/Embedded/install/turtlebot3_gazebo/share/turtlebot3_gazebo//models/turtlebot3_autorace_2020/traffic_intersection/materials/textures
[36.391s] -- Installing: /home/hb/Git/Embedded/install/turtlebot3_gazebo/share/turtlebot3_gazebo//models/turtlebot3_autorace_2020/traffic_intersection/materials/textures/traffic_intersection.png
[36.404s] -- Installing: /home/hb/Git/Embedded/install/turtlebot3_gazebo/share/turtlebot3_gazebo//models/turtlebot3_autorace_2020/traffic_construction
[36.404s] -- Installing: /home/hb/Git/Embedded/install/turtlebot3_gazebo/share/turtlebot3_gazebo//models/turtlebot3_autorace_2020/traffic_construction/model.config
[36.405s] -- Installing: /home/hb/Git/Embedded/install/turtlebot3_gazebo/share/turtlebot3_gazebo//models/turtlebot3_autorace_2020/traffic_construction/model.sdf
[36.405s] -- Installing: /home/hb/Git/Embedded/install/turtlebot3_gazebo/share/turtlebot3_gazebo//models/turtlebot3_autorace_2020/traffic_construction/materials
[36.405s] -- Installing: /home/hb/Git/Embedded/install/turtlebot3_gazebo/share/turtlebot3_gazebo//models/turtlebot3_autorace_2020/traffic_construction/materials/scripts
[36.405s] -- Installing: /home/hb/Git/Embedded/install/turtlebot3_gazebo/share/turtlebot3_gazebo//models/turtlebot3_autorace_2020/traffic_construction/materials/scripts/traffic_construction.material
[36.405s] -- Installing: /home/hb/Git/Embedded/install/turtlebot3_gazebo/share/turtlebot3_gazebo//models/turtlebot3_autorace_2020/traffic_construction/materials/textures
[36.405s] -- Installing: /home/hb/Git/Embedded/install/turtlebot3_gazebo/share/turtlebot3_gazebo//models/turtlebot3_autorace_2020/traffic_construction/materials/textures/traffic_construction.png
[36.406s] -- Installing: /home/hb/Git/Embedded/install/turtlebot3_gazebo/share/turtlebot3_gazebo//models/turtlebot3_autorace_2020/course
[36.406s] -- Installing: /home/hb/Git/Embedded/install/turtlebot3_gazebo/share/turtlebot3_gazebo//models/turtlebot3_autorace_2020/course/model.config
[36.409s] -- Installing: /home/hb/Git/Embedded/install/turtlebot3_gazebo/share/turtlebot3_gazebo//models/turtlebot3_autorace_2020/course/model.sdf
[36.410s] -- Installing: /home/hb/Git/Embedded/install/turtlebot3_gazebo/share/turtlebot3_gazebo//models/turtlebot3_autorace_2020/course/materials
[36.410s] -- Installing: /home/hb/Git/Embedded/install/turtlebot3_gazebo/share/turtlebot3_gazebo//models/turtlebot3_autorace_2020/course/materials/scripts
[36.410s] -- Installing: /home/hb/Git/Embedded/install/turtlebot3_gazebo/share/turtlebot3_gazebo//models/turtlebot3_autorace_2020/course/materials/scripts/course.material
[36.410s] -- Installing: /home/hb/Git/Embedded/install/turtlebot3_gazebo/share/turtlebot3_gazebo//models/turtlebot3_autorace_2020/course/materials/textures
[36.410s] -- Installing: /home/hb/Git/Embedded/install/turtlebot3_gazebo/share/turtlebot3_gazebo//models/turtlebot3_autorace_2020/course/materials/textures/course.png
[36.411s] -- Installing: /home/hb/Git/Embedded/install/turtlebot3_gazebo/share/turtlebot3_gazebo//models/turtlebot3_autorace_2020/traffic_parking
[36.411s] -- Installing: /home/hb/Git/Embedded/install/turtlebot3_gazebo/share/turtlebot3_gazebo//models/turtlebot3_autorace_2020/traffic_parking/model.config
[36.411s] -- Installing: /home/hb/Git/Embedded/install/turtlebot3_gazebo/share/turtlebot3_gazebo//models/turtlebot3_autorace_2020/traffic_parking/model.sdf
[36.415s] -- Installing: /home/hb/Git/Embedded/install/turtlebot3_gazebo/share/turtlebot3_gazebo//models/turtlebot3_autorace_2020/traffic_parking/materials
[36.415s] -- Installing: /home/hb/Git/Embedded/install/turtlebot3_gazebo/share/turtlebot3_gazebo//models/turtlebot3_autorace_2020/traffic_parking/materials/scripts
[36.416s] -- Installing: /home/hb/Git/Embedded/install/turtlebot3_gazebo/share/turtlebot3_gazebo//models/turtlebot3_autorace_2020/traffic_parking/materials/scripts/traffic_parking.material
[36.416s] -- Installing: /home/hb/Git/Embedded/install/turtlebot3_gazebo/share/turtlebot3_gazebo//models/turtlebot3_autorace_2020/traffic_parking/materials/textures
[36.419s] -- Installing: /home/hb/Git/Embedded/install/turtlebot3_gazebo/share/turtlebot3_gazebo//models/turtlebot3_autorace_2020/traffic_parking/materials/textures/traffic_parking.png
[36.425s] -- Installing: /home/hb/Git/Embedded/install/turtlebot3_gazebo/share/turtlebot3_gazebo//models/turtlebot3_autorace_2020/traffic_light
[36.425s] -- Installing: /home/hb/Git/Embedded/install/turtlebot3_gazebo/share/turtlebot3_gazebo//models/turtlebot3_autorace_2020/traffic_light/model.config
[36.426s] -- Installing: /home/hb/Git/Embedded/install/turtlebot3_gazebo/share/turtlebot3_gazebo//models/turtlebot3_autorace_2020/traffic_light/model.sdf
[36.426s] -- Installing: /home/hb/Git/Embedded/install/turtlebot3_gazebo/share/turtlebot3_gazebo//models/turtlebot3_autorace_2020/traffic_light/materials
[36.426s] -- Installing: /home/hb/Git/Embedded/install/turtlebot3_gazebo/share/turtlebot3_gazebo//models/turtlebot3_autorace_2020/traffic_light/materials/scripts
[36.431s] -- Installing: /home/hb/Git/Embedded/install/turtlebot3_gazebo/share/turtlebot3_gazebo//models/turtlebot3_autorace_2020/traffic_light/materials/scripts/traffic_light.material
[36.431s] -- Installing: /home/hb/Git/Embedded/install/turtlebot3_gazebo/share/turtlebot3_gazebo//models/turtlebot3_autorace_2020/traffic_light/materials/textures
[36.431s] -- Installing: /home/hb/Git/Embedded/install/turtlebot3_gazebo/share/turtlebot3_gazebo//models/turtlebot3_autorace_2020/traffic_light/materials/textures/traffic_light_yellow.png
[36.431s] -- Installing: /home/hb/Git/Embedded/install/turtlebot3_gazebo/share/turtlebot3_gazebo//models/turtlebot3_autorace_2020/traffic_light/materials/textures/traffic_light_red.png
[36.435s] -- Installing: /home/hb/Git/Embedded/install/turtlebot3_gazebo/share/turtlebot3_gazebo//models/turtlebot3_autorace_2020/traffic_light/materials/textures/traffic_light_green.png
[36.436s] -- Installing: /home/hb/Git/Embedded/install/turtlebot3_gazebo/share/turtlebot3_gazebo//models/turtlebot3_autorace_2020/traffic_light/materials/textures/traffic_light.png
[36.439s] -- Installing: /home/hb/Git/Embedded/install/turtlebot3_gazebo/share/turtlebot3_gazebo//models/turtlebot3_autorace_2020/traffic_bar
[36.439s] -- Installing: /home/hb/Git/Embedded/install/turtlebot3_gazebo/share/turtlebot3_gazebo//models/turtlebot3_autorace_2020/traffic_bar/model.config
[36.439s] -- Installing: /home/hb/Git/Embedded/install/turtlebot3_gazebo/share/turtlebot3_gazebo//models/turtlebot3_autorace_2020/traffic_bar/model.sdf
[36.441s] -- Installing: /home/hb/Git/Embedded/install/turtlebot3_gazebo/share/turtlebot3_gazebo//models/turtlebot3_autorace_2020/traffic_bar/materials
[36.442s] -- Installing: /home/hb/Git/Embedded/install/turtlebot3_gazebo/share/turtlebot3_gazebo//models/turtlebot3_autorace_2020/traffic_bar/materials/scripts
[36.442s] -- Installing: /home/hb/Git/Embedded/install/turtlebot3_gazebo/share/turtlebot3_gazebo//models/turtlebot3_autorace_2020/traffic_bar/materials/scripts/traffic_bar.material
[36.455s] -- Installing: /home/hb/Git/Embedded/install/turtlebot3_gazebo/share/turtlebot3_gazebo//models/turtlebot3_autorace_2020/traffic_bar/materials/textures
[36.456s] -- Installing: /home/hb/Git/Embedded/install/turtlebot3_gazebo/share/turtlebot3_gazebo//models/turtlebot3_autorace_2020/traffic_bar/materials/textures/traffic_bar.png
[36.456s] -- Installing: /home/hb/Git/Embedded/install/turtlebot3_gazebo/share/turtlebot3_gazebo//models/turtlebot3_autorace_2020/traffic_noentry
[36.457s] -- Installing: /home/hb/Git/Embedded/install/turtlebot3_gazebo/share/turtlebot3_gazebo//models/turtlebot3_autorace_2020/traffic_noentry/model.config
[36.457s] -- Installing: /home/hb/Git/Embedded/install/turtlebot3_gazebo/share/turtlebot3_gazebo//models/turtlebot3_autorace_2020/traffic_noentry/model.sdf
[36.461s] -- Installing: /home/hb/Git/Embedded/install/turtlebot3_gazebo/share/turtlebot3_gazebo//models/turtlebot3_autorace_2020/traffic_noentry/materials
[36.461s] -- Installing: /home/hb/Git/Embedded/install/turtlebot3_gazebo/share/turtlebot3_gazebo//models/turtlebot3_autorace_2020/traffic_noentry/materials/scripts
[36.461s] -- Installing: /home/hb/Git/Embedded/install/turtlebot3_gazebo/share/turtlebot3_gazebo//models/turtlebot3_autorace_2020/traffic_noentry/materials/scripts/traffic_noentry.material
[36.461s] -- Installing: /home/hb/Git/Embedded/install/turtlebot3_gazebo/share/turtlebot3_gazebo//models/turtlebot3_autorace_2020/traffic_noentry/materials/textures
[36.464s] -- Installing: /home/hb/Git/Embedded/install/turtlebot3_gazebo/share/turtlebot3_gazebo//models/turtlebot3_autorace_2020/traffic_noentry/materials/textures/traffic_noentry.png
[36.465s] -- Installing: /home/hb/Git/Embedded/install/turtlebot3_gazebo/share/turtlebot3_gazebo//models/turtlebot3_autorace_2020/traffic_pl_left
[36.465s] -- Installing: /home/hb/Git/Embedded/install/turtlebot3_gazebo/share/turtlebot3_gazebo//models/turtlebot3_autorace_2020/traffic_pl_left/model.config
[36.468s] -- Installing: /home/hb/Git/Embedded/install/turtlebot3_gazebo/share/turtlebot3_gazebo//models/turtlebot3_autorace_2020/traffic_pl_left/model.sdf
[36.469s] -- Installing: /home/hb/Git/Embedded/install/turtlebot3_gazebo/share/turtlebot3_gazebo//models/turtlebot3_autorace_2020/traffic_pl_left/materials
[36.469s] -- Installing: /home/hb/Git/Embedded/install/turtlebot3_gazebo/share/turtlebot3_gazebo//models/turtlebot3_autorace_2020/traffic_pl_left/materials/scripts
[36.472s] -- Installing: /home/hb/Git/Embedded/install/turtlebot3_gazebo/share/turtlebot3_gazebo//models/turtlebot3_autorace_2020/traffic_pl_left/materials/scripts/traffic_pl_left.material
[36.473s] -- Installing: /home/hb/Git/Embedded/install/turtlebot3_gazebo/share/turtlebot3_gazebo//models/turtlebot3_autorace_2020/traffic_pl_left/materials/textures
[36.473s] -- Installing: /home/hb/Git/Embedded/install/turtlebot3_gazebo/share/turtlebot3_gazebo//models/turtlebot3_autorace_2020/traffic_pl_left/materials/textures/traffic_pl_left.png
[36.477s] -- Installing: /home/hb/Git/Embedded/install/turtlebot3_gazebo/share/turtlebot3_gazebo//models/turtlebot3_house
[36.477s] -- Installing: /home/hb/Git/Embedded/install/turtlebot3_gazebo/share/turtlebot3_gazebo//models/turtlebot3_house/model.config
[36.477s] -- Installing: /home/hb/Git/Embedded/install/turtlebot3_gazebo/share/turtlebot3_gazebo//models/turtlebot3_house/model.sdf
[36.483s] -- Installing: /home/hb/Git/Embedded/install/turtlebot3_gazebo/share/turtlebot3_gazebo//models/turtlebot3_waffle_pi
[36.484s] -- Installing: /home/hb/Git/Embedded/install/turtlebot3_gazebo/share/turtlebot3_gazebo//models/turtlebot3_waffle_pi/model.config
[36.484s] -- Installing: /home/hb/Git/Embedded/install/turtlebot3_gazebo/share/turtlebot3_gazebo//models/turtlebot3_waffle_pi/model-1_4_.sdf
[36.487s] -- Installing: /home/hb/Git/Embedded/install/turtlebot3_gazebo/share/turtlebot3_gazebo//models/turtlebot3_waffle_pi/model.sdf
[36.488s] -- Installing: /home/hb/Git/Embedded/install/turtlebot3_gazebo/share/turtlebot3_gazebo//models/turtlebot3_waffle
[36.488s] -- Installing: /home/hb/Git/Embedded/install/turtlebot3_gazebo/share/turtlebot3_gazebo//models/turtlebot3_waffle/model.config
[36.490s] -- Installing: /home/hb/Git/Embedded/install/turtlebot3_gazebo/share/turtlebot3_gazebo//models/turtlebot3_waffle/model-1_4.sdf
[36.491s] -- Installing: /home/hb/Git/Embedded/install/turtlebot3_gazebo/share/turtlebot3_gazebo//models/turtlebot3_waffle/model.sdf
[36.492s] -- Installing: /home/hb/Git/Embedded/install/turtlebot3_gazebo/share/turtlebot3_gazebo//models/turtlebot3_world
[36.492s] -- Installing: /home/hb/Git/Embedded/install/turtlebot3_gazebo/share/turtlebot3_gazebo//models/turtlebot3_world/model.config
[36.494s] -- Installing: /home/hb/Git/Embedded/install/turtlebot3_gazebo/share/turtlebot3_gazebo//models/turtlebot3_world/model-1_4.sdf
[36.496s] -- Installing: /home/hb/Git/Embedded/install/turtlebot3_gazebo/share/turtlebot3_gazebo//models/turtlebot3_world/model.sdf
[36.497s] -- Installing: /home/hb/Git/Embedded/install/turtlebot3_gazebo/share/turtlebot3_gazebo//models/turtlebot3_world/meshes
[36.497s] -- Installing: /home/hb/Git/Embedded/install/turtlebot3_gazebo/share/turtlebot3_gazebo//models/turtlebot3_world/meshes/wall.dae
[36.497s] -- Installing: /home/hb/Git/Embedded/install/turtlebot3_gazebo/share/turtlebot3_gazebo//models/turtlebot3_world/meshes/hexagon.dae
[36.497s] -- Installing: /home/hb/Git/Embedded/install/turtlebot3_gazebo/share/turtlebot3_gazebo//models/turtlebot3_burger
[36.497s] -- Installing: /home/hb/Git/Embedded/install/turtlebot3_gazebo/share/turtlebot3_gazebo//models/turtlebot3_burger/model.config
[36.498s] -- Installing: /home/hb/Git/Embedded/install/turtlebot3_gazebo/share/turtlebot3_gazebo//models/turtlebot3_burger/model-1_4.sdf
[36.500s] -- Installing: /home/hb/Git/Embedded/install/turtlebot3_gazebo/share/turtlebot3_gazebo//models/turtlebot3_burger/model.sdf
[36.501s] -- Installing: /home/hb/Git/Embedded/install/turtlebot3_gazebo/share/turtlebot3_gazebo//models/turtlebot3_common
[36.501s] -- Installing: /home/hb/Git/Embedded/install/turtlebot3_gazebo/share/turtlebot3_gazebo//models/turtlebot3_common/model.config
[36.502s] -- Installing: /home/hb/Git/Embedded/install/turtlebot3_gazebo/share/turtlebot3_gazebo//models/turtlebot3_common/meshes
[36.502s] -- Installing: /home/hb/Git/Embedded/install/turtlebot3_gazebo/share/turtlebot3_gazebo//models/turtlebot3_common/meshes/burger_base.dae
[36.502s] -- Installing: /home/hb/Git/Embedded/install/turtlebot3_gazebo/share/turtlebot3_gazebo//models/turtlebot3_common/meshes/bases
[36.502s] -- Installing: /home/hb/Git/Embedded/install/turtlebot3_gazebo/share/turtlebot3_gazebo//models/turtlebot3_common/meshes/bases/waffle_pi_base.stl
[36.533s] -- Installing: /home/hb/Git/Embedded/install/turtlebot3_gazebo/share/turtlebot3_gazebo//models/turtlebot3_common/meshes/bases/burger_base.stl
[36.544s] -- Installing: /home/hb/Git/Embedded/install/turtlebot3_gazebo/share/turtlebot3_gazebo//models/turtlebot3_common/meshes/bases/waffle_base.stl
[36.580s] -- Installing: /home/hb/Git/Embedded/install/turtlebot3_gazebo/share/turtlebot3_gazebo//models/turtlebot3_common/meshes/tire.dae
[36.580s] -- Installing: /home/hb/Git/Embedded/install/turtlebot3_gazebo/share/turtlebot3_gazebo//models/turtlebot3_common/meshes/r200.dae
[36.585s] -- Installing: /home/hb/Git/Embedded/install/turtlebot3_gazebo/share/turtlebot3_gazebo//models/turtlebot3_common/meshes/waffle_pi_base.dae
[36.586s] -- Installing: /home/hb/Git/Embedded/install/turtlebot3_gazebo/share/turtlebot3_gazebo//models/turtlebot3_common/meshes/sensors
[36.586s] -- Installing: /home/hb/Git/Embedded/install/turtlebot3_gazebo/share/turtlebot3_gazebo//models/turtlebot3_common/meshes/sensors/lds.stl
[36.592s] -- Installing: /home/hb/Git/Embedded/install/turtlebot3_gazebo/share/turtlebot3_gazebo//models/turtlebot3_common/meshes/sensors/r200.dae
[36.593s] -- Installing: /home/hb/Git/Embedded/install/turtlebot3_gazebo/share/turtlebot3_gazebo//models/turtlebot3_common/meshes/sensors/astra.dae
[36.614s] -- Installing: /home/hb/Git/Embedded/install/turtlebot3_gazebo/share/turtlebot3_gazebo//models/turtlebot3_common/meshes/sensors/r200.jpg
[36.614s] -- Installing: /home/hb/Git/Embedded/install/turtlebot3_gazebo/share/turtlebot3_gazebo//models/turtlebot3_common/meshes/sensors/astra.jpg
[36.618s] -- Installing: /home/hb/Git/Embedded/install/turtlebot3_gazebo/share/turtlebot3_gazebo//models/turtlebot3_common/meshes/wheels
[36.620s] -- Installing: /home/hb/Git/Embedded/install/turtlebot3_gazebo/share/turtlebot3_gazebo//models/turtlebot3_common/meshes/wheels/right_tire.stl
[36.622s] -- Installing: /home/hb/Git/Embedded/install/turtlebot3_gazebo/share/turtlebot3_gazebo//models/turtlebot3_common/meshes/wheels/left_tire.stl
[36.628s] -- Installing: /home/hb/Git/Embedded/install/turtlebot3_gazebo/share/turtlebot3_gazebo//models/turtlebot3_common/meshes/waffle_base.dae
[36.629s] -- Installing: /home/hb/Git/Embedded/install/turtlebot3_gazebo/share/turtlebot3_gazebo//models/turtlebot3_common/meshes/lds.dae
[36.629s] -- Installing: /home/hb/Git/Embedded/install/turtlebot3_gazebo/share/turtlebot3_gazebo//models/turtlebot3_burger_cam
[36.632s] -- Installing: /home/hb/Git/Embedded/install/turtlebot3_gazebo/share/turtlebot3_gazebo//models/turtlebot3_burger_cam/model.config
[36.634s] -- Installing: /home/hb/Git/Embedded/install/turtlebot3_gazebo/share/turtlebot3_gazebo//models/turtlebot3_burger_cam/model-1_4.sdf
[36.634s] -- Installing: /home/hb/Git/Embedded/install/turtlebot3_gazebo/share/turtlebot3_gazebo//models/turtlebot3_burger_cam/model.sdf
[36.635s] -- Installing: /home/hb/Git/Embedded/install/turtlebot3_gazebo/share/turtlebot3_gazebo//models/turtlebot3_dqn_world
[36.635s] -- Installing: /home/hb/Git/Embedded/install/turtlebot3_gazebo/share/turtlebot3_gazebo//models/turtlebot3_dqn_world/model.config
[36.635s] -- Installing: /home/hb/Git/Embedded/install/turtlebot3_gazebo/share/turtlebot3_gazebo//models/turtlebot3_dqn_world/obstacle2
[36.635s] -- Installing: /home/hb/Git/Embedded/install/turtlebot3_gazebo/share/turtlebot3_gazebo//models/turtlebot3_dqn_world/obstacle2/model.config
[36.636s] -- Installing: /home/hb/Git/Embedded/install/turtlebot3_gazebo/share/turtlebot3_gazebo//models/turtlebot3_dqn_world/obstacle2/model.sdf
[36.636s] -- Installing: /home/hb/Git/Embedded/install/turtlebot3_gazebo/share/turtlebot3_gazebo//models/turtlebot3_dqn_world/model.sdf
[36.637s] -- Installing: /home/hb/Git/Embedded/install/turtlebot3_gazebo/share/turtlebot3_gazebo//models/turtlebot3_dqn_world/goal_box
[36.637s] -- Installing: /home/hb/Git/Embedded/install/turtlebot3_gazebo/share/turtlebot3_gazebo//models/turtlebot3_dqn_world/goal_box/model.config
[36.642s] -- Installing: /home/hb/Git/Embedded/install/turtlebot3_gazebo/share/turtlebot3_gazebo//models/turtlebot3_dqn_world/goal_box/model.sdf
[36.642s] -- Installing: /home/hb/Git/Embedded/install/turtlebot3_gazebo/share/turtlebot3_gazebo//models/turtlebot3_dqn_world/inner_walls
[36.642s] -- Installing: /home/hb/Git/Embedded/install/turtlebot3_gazebo/share/turtlebot3_gazebo//models/turtlebot3_dqn_world/inner_walls/model.config
[36.643s] -- Installing: /home/hb/Git/Embedded/install/turtlebot3_gazebo/share/turtlebot3_gazebo//models/turtlebot3_dqn_world/inner_walls/model.sdf
[36.643s] -- Installing: /home/hb/Git/Embedded/install/turtlebot3_gazebo/share/turtlebot3_gazebo//models/turtlebot3_dqn_world/obstacle1
[36.644s] -- Installing: /home/hb/Git/Embedded/install/turtlebot3_gazebo/share/turtlebot3_gazebo//models/turtlebot3_dqn_world/obstacle1/model.config
[36.644s] -- Installing: /home/hb/Git/Embedded/install/turtlebot3_gazebo/share/turtlebot3_gazebo//models/turtlebot3_dqn_world/obstacle1/model.sdf
[36.645s] -- Installing: /home/hb/Git/Embedded/install/turtlebot3_gazebo/share/turtlebot3_gazebo//models/turtlebot3_dqn_world/obstacles
[36.645s] -- Installing: /home/hb/Git/Embedded/install/turtlebot3_gazebo/share/turtlebot3_gazebo//models/turtlebot3_dqn_world/obstacles/model.config
[36.646s] -- Installing: /home/hb/Git/Embedded/install/turtlebot3_gazebo/share/turtlebot3_gazebo//models/turtlebot3_dqn_world/obstacles/model.sdf
[36.646s] -- Installing: /home/hb/Git/Embedded/install/turtlebot3_gazebo/share/turtlebot3_gazebo//rviz
[36.646s] -- Installing: /home/hb/Git/Embedded/install/turtlebot3_gazebo/share/turtlebot3_gazebo//rviz/tb3_gazebo.rviz
[36.647s] -- Installing: /home/hb/Git/Embedded/install/turtlebot3_gazebo/share/turtlebot3_gazebo//urdf
[36.647s] -- Installing: /home/hb/Git/Embedded/install/turtlebot3_gazebo/share/turtlebot3_gazebo//urdf/turtlebot3_burger_cam.urdf
[36.650s] -- Installing: /home/hb/Git/Embedded/install/turtlebot3_gazebo/share/turtlebot3_gazebo//urdf/common_properties.urdf
[36.650s] -- Installing: /home/hb/Git/Embedded/install/turtlebot3_gazebo/share/turtlebot3_gazebo//urdf/turtlebot3_waffle.urdf
[36.651s] -- Installing: /home/hb/Git/Embedded/install/turtlebot3_gazebo/share/turtlebot3_gazebo//urdf/turtlebot3_waffle_pi.urdf
[36.651s] -- Installing: /home/hb/Git/Embedded/install/turtlebot3_gazebo/share/turtlebot3_gazebo//urdf/turtlebot3_burger.urdf
[36.651s] -- Installing: /home/hb/Git/Embedded/install/turtlebot3_gazebo/share/turtlebot3_gazebo//worlds
[36.651s] -- Installing: /home/hb/Git/Embedded/install/turtlebot3_gazebo/share/turtlebot3_gazebo//worlds/realworld.world
[36.653s] -- Installing: /home/hb/Git/Embedded/install/turtlebot3_gazebo/share/turtlebot3_gazebo//worlds/outer.world
[36.654s] -- Installing: /home/hb/Git/Embedded/install/turtlebot3_gazebo/share/turtlebot3_gazebo//worlds/outer.world.realpath_only_backup
[36.656s] -- Installing: /home/hb/Git/Embedded/install/turtlebot3_gazebo/share/turtlebot3_gazebo//worlds/outer.world.backup
[36.658s] -- Installing: /home/hb/Git/Embedded/install/turtlebot3_gazebo/share/turtlebot3_gazebo//worlds/outer.world.realpath_backup
[36.663s] -- Installing: /home/hb/Git/Embedded/install/turtlebot3_gazebo/share/turtlebot3_gazebo//worlds/apt_complex_scaled.world
[36.663s] -- Installing: /home/hb/Git/Embedded/install/turtlebot3_gazebo/share/turtlebot3_gazebo//worlds/apt_complex.world
[36.664s] -- Installing: /home/hb/Git/Embedded/install/turtlebot3_gazebo/share/turtlebot3_gazebo//worlds/turtlebot3_dqn_stage4.world
[36.664s] -- Installing: /home/hb/Git/Embedded/install/turtlebot3_gazebo/share/turtlebot3_gazebo//worlds/empty_world.world
[36.665s] -- Installing: /home/hb/Git/Embedded/install/turtlebot3_gazebo/share/turtlebot3_gazebo//worlds/turtlebot3_autorace_2020.world
[36.665s] -- Installing: /home/hb/Git/Embedded/install/turtlebot3_gazebo/share/turtlebot3_gazebo//worlds/turtlebot3_dqn_stage1.world
[36.666s] -- Installing: /home/hb/Git/Embedded/install/turtlebot3_gazebo/share/turtlebot3_gazebo//worlds/turtlebot3_dqn_stage2.world
[36.666s] -- Installing: /home/hb/Git/Embedded/install/turtlebot3_gazebo/share/turtlebot3_gazebo//worlds/outer.world.correct_realpath_backup
[36.671s] -- Installing: /home/hb/Git/Embedded/install/turtlebot3_gazebo/share/turtlebot3_gazebo//worlds/outer.world.selective_backup
[36.671s] -- Installing: /home/hb/Git/Embedded/install/turtlebot3_gazebo/share/turtlebot3_gazebo//worlds/turtlebot3_dqn_stage3.world
[36.674s] -- Installing: /home/hb/Git/Embedded/install/turtlebot3_gazebo/share/turtlebot3_gazebo//worlds/duworld.world
[36.675s] -- Installing: /home/hb/Git/Embedded/install/turtlebot3_gazebo/share/turtlebot3_gazebo//worlds/turtlebot3_world.world
[36.675s] -- Installing: /home/hb/Git/Embedded/install/turtlebot3_gazebo/share/turtlebot3_gazebo//worlds/myworld.world
[36.676s] -- Installing: /home/hb/Git/Embedded/install/turtlebot3_gazebo/share/turtlebot3_gazebo//worlds/turtlebot3_house.world
[36.676s] -- Installing: /home/hb/Git/Embedded/install/turtlebot3_gazebo/include/
[36.677s] -- Installing: /home/hb/Git/Embedded/install/turtlebot3_gazebo/include//turtlebot3_gazebo
[36.677s] -- Installing: /home/hb/Git/Embedded/install/turtlebot3_gazebo/include//turtlebot3_gazebo/turtlebot3_drive.hpp
[36.677s] -- Installing: /home/hb/Git/Embedded/install/turtlebot3_gazebo/include//turtlebot3_gazebo/obstacles.hpp
[36.678s] -- Installing: /home/hb/Git/Embedded/install/turtlebot3_gazebo/include//turtlebot3_gazebo/obstacle1.hpp
[36.678s] -- Installing: /home/hb/Git/Embedded/install/turtlebot3_gazebo/include//turtlebot3_gazebo/obstacle2.hpp
[36.678s] -- Installing: /home/hb/Git/Embedded/install/turtlebot3_gazebo/include//turtlebot3_gazebo/traffic_light_plugin.hpp
[36.678s] -- Installing: /home/hb/Git/Embedded/install/turtlebot3_gazebo/include//turtlebot3_gazebo/traffic_bar_plugin.hpp
[36.679s] -- Installing: /home/hb/Git/Embedded/install/turtlebot3_gazebo/share/ament_index/resource_index/package_run_dependencies/turtlebot3_gazebo
[36.679s] -- Installing: /home/hb/Git/Embedded/install/turtlebot3_gazebo/share/ament_index/resource_index/parent_prefix_path/turtlebot3_gazebo
[36.680s] -- Installing: /home/hb/Git/Embedded/install/turtlebot3_gazebo/share/turtlebot3_gazebo/environment/ament_prefix_path.sh
[36.681s] -- Installing: /home/hb/Git/Embedded/install/turtlebot3_gazebo/share/turtlebot3_gazebo/environment/ament_prefix_path.dsv
[36.681s] -- Installing: /home/hb/Git/Embedded/install/turtlebot3_gazebo/share/turtlebot3_gazebo/environment/path.sh
[36.684s] -- Installing: /home/hb/Git/Embedded/install/turtlebot3_gazebo/share/turtlebot3_gazebo/environment/path.dsv
[36.684s] -- Installing: /home/hb/Git/Embedded/install/turtlebot3_gazebo/share/turtlebot3_gazebo/local_setup.bash
[36.684s] -- Installing: /home/hb/Git/Embedded/install/turtlebot3_gazebo/share/turtlebot3_gazebo/local_setup.sh
[36.685s] -- Installing: /home/hb/Git/Embedded/install/turtlebot3_gazebo/share/turtlebot3_gazebo/local_setup.zsh
[36.686s] -- Installing: /home/hb/Git/Embedded/install/turtlebot3_gazebo/share/turtlebot3_gazebo/local_setup.dsv
[36.686s] -- Installing: /home/hb/Git/Embedded/install/turtlebot3_gazebo/share/turtlebot3_gazebo/package.dsv
[36.686s] -- Installing: /home/hb/Git/Embedded/install/turtlebot3_gazebo/share/ament_index/resource_index/packages/turtlebot3_gazebo
[36.687s] -- Installing: /home/hb/Git/Embedded/install/turtlebot3_gazebo/share/turtlebot3_gazebo/cmake/ament_cmake_export_include_directories-extras.cmake
[36.687s] -- Installing: /home/hb/Git/Embedded/install/turtlebot3_gazebo/share/turtlebot3_gazebo/cmake/ament_cmake_export_dependencies-extras.cmake
[36.687s] -- Installing: /home/hb/Git/Embedded/install/turtlebot3_gazebo/share/turtlebot3_gazebo/cmake/turtlebot3_gazeboConfig.cmake
[36.689s] -- Installing: /home/hb/Git/Embedded/install/turtlebot3_gazebo/share/turtlebot3_gazebo/cmake/turtlebot3_gazeboConfig-version.cmake
[36.689s] -- Installing: /home/hb/Git/Embedded/install/turtlebot3_gazebo/share/turtlebot3_gazebo/package.xml
[36.696s] Invoked command in '/home/hb/Git/Embedded/build/turtlebot3_gazebo' returned '0': CMAKE_PREFIX_PATH=${CMAKE_PREFIX_PATH}:/home/hb/Git/Embedded/install/turtlebot3_teleop:/home/hb/Git/Embedded/install/turtlebot3_example:/home/hb/Git/Embedded/install/robot_web_interface:/home/hb/Git/Embedded/install/delivery_interface:/home/hb/Git/Embedded/install/app_navigation:/opt/ros/humble /usr/bin/cmake --install /home/hb/Git/Embedded/build/turtlebot3_gazebo
