[0.111s] Invoking command in '/home/hb/Git/Embedded/build/turtlebot3_cartographer': CMAKE_PREFIX_PATH=${CMAKE_PREFIX_PATH}:/home/hb/Git/Embedded/install/turtlebot3_teleop:/home/hb/Git/Embedded/install/turtlebot3_example:/home/hb/Git/Embedded/install/robot_web_interface:/home/hb/Git/Embedded/install/delivery_interface:/home/hb/Git/Embedded/install/app_navigation:/opt/ros/humble /usr/bin/cmake --build /home/hb/Git/Embedded/build/turtlebot3_cartographer -- -j16 -l16
[1.618s] Invoked command in '/home/hb/Git/Embedded/build/turtlebot3_cartographer' returned '0': CMAKE_PREFIX_PATH=${CMAKE_PREFIX_PATH}:/home/hb/Git/Embedded/install/turtlebot3_teleop:/home/hb/Git/Embedded/install/turtlebot3_example:/home/hb/Git/Embedded/install/robot_web_interface:/home/hb/Git/Embedded/install/delivery_interface:/home/hb/Git/Embedded/install/app_navigation:/opt/ros/humble /usr/bin/cmake --build /home/hb/Git/Embedded/build/turtlebot3_cartographer -- -j16 -l16
[1.620s] Invoking command in '/home/hb/Git/Embedded/build/turtlebot3_cartographer': CMAKE_PREFIX_PATH=${CMAKE_PREFIX_PATH}:/home/hb/Git/Embedded/install/turtlebot3_teleop:/home/hb/Git/Embedded/install/turtlebot3_example:/home/hb/Git/Embedded/install/robot_web_interface:/home/hb/Git/Embedded/install/delivery_interface:/home/hb/Git/Embedded/install/app_navigation:/opt/ros/humble /usr/bin/cmake --install /home/hb/Git/Embedded/build/turtlebot3_cartographer
[1.652s] -- Install configuration: ""
[1.653s] -- Up-to-date: /home/hb/Git/Embedded/install/turtlebot3_cartographer/share/turtlebot3_cartographer/config
[1.656s] -- Up-to-date: /home/hb/Git/Embedded/install/turtlebot3_cartographer/share/turtlebot3_cartographer/config/turtlebot3_lds_2d.lua
[1.657s] -- Up-to-date: /home/hb/Git/Embedded/install/turtlebot3_cartographer/share/turtlebot3_cartographer/launch
[1.657s] -- Up-to-date: /home/hb/Git/Embedded/install/turtlebot3_cartographer/share/turtlebot3_cartographer/launch/cartographer.launch.py
[1.657s] -- Up-to-date: /home/hb/Git/Embedded/install/turtlebot3_cartographer/share/turtlebot3_cartographer/launch/occupancy_grid.launch.py
[1.657s] -- Up-to-date: /home/hb/Git/Embedded/install/turtlebot3_cartographer/share/turtlebot3_cartographer/rviz
[1.658s] -- Up-to-date: /home/hb/Git/Embedded/install/turtlebot3_cartographer/share/turtlebot3_cartographer/rviz/tb3_cartographer.rviz
[1.659s] -- Up-to-date: /home/hb/Git/Embedded/install/turtlebot3_cartographer/share/ament_index/resource_index/package_run_dependencies/turtlebot3_cartographer
[1.659s] -- Up-to-date: /home/hb/Git/Embedded/install/turtlebot3_cartographer/share/ament_index/resource_index/parent_prefix_path/turtlebot3_cartographer
[1.659s] -- Up-to-date: /home/hb/Git/Embedded/install/turtlebot3_cartographer/share/turtlebot3_cartographer/environment/ament_prefix_path.sh
[1.659s] -- Up-to-date: /home/hb/Git/Embedded/install/turtlebot3_cartographer/share/turtlebot3_cartographer/environment/ament_prefix_path.dsv
[1.659s] -- Up-to-date: /home/hb/Git/Embedded/install/turtlebot3_cartographer/share/turtlebot3_cartographer/environment/path.sh
[1.659s] -- Up-to-date: /home/hb/Git/Embedded/install/turtlebot3_cartographer/share/turtlebot3_cartographer/environment/path.dsv
[1.659s] -- Up-to-date: /home/hb/Git/Embedded/install/turtlebot3_cartographer/share/turtlebot3_cartographer/local_setup.bash
[1.659s] -- Up-to-date: /home/hb/Git/Embedded/install/turtlebot3_cartographer/share/turtlebot3_cartographer/local_setup.sh
[1.659s] -- Up-to-date: /home/hb/Git/Embedded/install/turtlebot3_cartographer/share/turtlebot3_cartographer/local_setup.zsh
[1.659s] -- Up-to-date: /home/hb/Git/Embedded/install/turtlebot3_cartographer/share/turtlebot3_cartographer/local_setup.dsv
[1.660s] -- Installing: /home/hb/Git/Embedded/install/turtlebot3_cartographer/share/turtlebot3_cartographer/package.dsv
[1.660s] -- Up-to-date: /home/hb/Git/Embedded/install/turtlebot3_cartographer/share/ament_index/resource_index/packages/turtlebot3_cartographer
[1.660s] -- Up-to-date: /home/hb/Git/Embedded/install/turtlebot3_cartographer/share/turtlebot3_cartographer/cmake/turtlebot3_cartographerConfig.cmake
[1.661s] -- Up-to-date: /home/hb/Git/Embedded/install/turtlebot3_cartographer/share/turtlebot3_cartographer/cmake/turtlebot3_cartographerConfig-version.cmake
[1.661s] -- Up-to-date: /home/hb/Git/Embedded/install/turtlebot3_cartographer/share/turtlebot3_cartographer/package.xml
[1.835s] Invoked command in '/home/hb/Git/Embedded/build/turtlebot3_cartographer' returned '0': CMAKE_PREFIX_PATH=${CMAKE_PREFIX_PATH}:/home/hb/Git/Embedded/install/turtlebot3_teleop:/home/hb/Git/Embedded/install/turtlebot3_example:/home/hb/Git/Embedded/install/robot_web_interface:/home/hb/Git/Embedded/install/delivery_interface:/home/hb/Git/Embedded/install/app_navigation:/opt/ros/humble /usr/bin/cmake --install /home/hb/Git/Embedded/build/turtlebot3_cartographer
