[0.056s] Invoking command in '/home/donggun/S13P21A501/Embedded/build/turtlebot3_manipulation_description': CMAKE_PREFIX_PATH=/opt/ros/humble /usr/bin/cmake /home/donggun/S13P21A501/Embedded/src/turtlebot3_manipulation/turtlebot3_manipulation_description -DCMAKE_INSTALL_PREFIX=/home/donggun/S13P21A501/Embedded/install/turtlebot3_manipulation_description
[2.681s] -- The C compiler identification is GNU 11.4.0
[2.681s] -- The CXX compiler identification is GNU 11.4.0
[2.682s] -- Detecting C compiler ABI info
[2.682s] -- Detecting C compiler ABI info - done
[2.682s] -- Check for working C compiler: /usr/bin/cc - skipped
[2.682s] -- Detecting C compile features
[2.682s] -- Detecting C compile features - done
[2.682s] -- Detecting CXX compiler ABI info
[2.682s] -- Detecting CXX compiler ABI info - done
[2.682s] -- Check for working CXX compiler: /usr/bin/c++ - skipped
[2.682s] -- Detecting CXX compile features
[2.682s] -- Detecting CXX compile features - done
[2.682s] -- Found ament_cmake: 1.3.12 (/opt/ros/humble/share/ament_cmake/cmake)
[2.683s] -- Found Python3: /usr/bin/python3 (found version "3.10.12") found components: Interpreter 
[2.683s] -- Configuring done
[2.683s] -- Generating done
[2.683s] -- Build files have been written to: /home/donggun/S13P21A501/Embedded/build/turtlebot3_manipulation_description
[2.722s] Invoked command in '/home/donggun/S13P21A501/Embedded/build/turtlebot3_manipulation_description' returned '0': CMAKE_PREFIX_PATH=/opt/ros/humble /usr/bin/cmake /home/donggun/S13P21A501/Embedded/src/turtlebot3_manipulation/turtlebot3_manipulation_description -DCMAKE_INSTALL_PREFIX=/home/donggun/S13P21A501/Embedded/install/turtlebot3_manipulation_description
[2.727s] Invoking command in '/home/donggun/S13P21A501/Embedded/build/turtlebot3_manipulation_description': CMAKE_PREFIX_PATH=/opt/ros/humble /usr/bin/cmake --build /home/donggun/S13P21A501/Embedded/build/turtlebot3_manipulation_description -- -j16 -l16
[2.825s] Invoked command in '/home/donggun/S13P21A501/Embedded/build/turtlebot3_manipulation_description' returned '0': CMAKE_PREFIX_PATH=/opt/ros/humble /usr/bin/cmake --build /home/donggun/S13P21A501/Embedded/build/turtlebot3_manipulation_description -- -j16 -l16
[2.830s] Invoking command in '/home/donggun/S13P21A501/Embedded/build/turtlebot3_manipulation_description': CMAKE_PREFIX_PATH=/opt/ros/humble /usr/bin/cmake --install /home/donggun/S13P21A501/Embedded/build/turtlebot3_manipulation_description
[2.861s] -- Install configuration: ""
[2.861s] -- Installing: /home/donggun/S13P21A501/Embedded/install/turtlebot3_manipulation_description/share/turtlebot3_manipulation_description/launch
[2.861s] -- Installing: /home/donggun/S13P21A501/Embedded/install/turtlebot3_manipulation_description/share/turtlebot3_manipulation_description/launch/model.launch.py
[2.861s] -- Installing: /home/donggun/S13P21A501/Embedded/install/turtlebot3_manipulation_description/share/turtlebot3_manipulation_description/rviz
[2.861s] -- Installing: /home/donggun/S13P21A501/Embedded/install/turtlebot3_manipulation_description/share/turtlebot3_manipulation_description/rviz/model.rviz
[2.861s] -- Installing: /home/donggun/S13P21A501/Embedded/install/turtlebot3_manipulation_description/share/turtlebot3_manipulation_description/urdf
[2.861s] -- Installing: /home/donggun/S13P21A501/Embedded/install/turtlebot3_manipulation_description/share/turtlebot3_manipulation_description/urdf/turtlebot3_manipulation.urdf.xacro
[2.862s] -- Installing: /home/donggun/S13P21A501/Embedded/install/turtlebot3_manipulation_description/share/turtlebot3_manipulation_description/urdf/turtlebot3_waffle_pi.urdf.xacro
[2.862s] -- Installing: /home/donggun/S13P21A501/Embedded/install/turtlebot3_manipulation_description/share/turtlebot3_manipulation_description/urdf/open_manipulator_x.urdf.xacro
[2.862s] -- Installing: /home/donggun/S13P21A501/Embedded/install/turtlebot3_manipulation_description/share/turtlebot3_manipulation_description/meshes
[2.862s] -- Installing: /home/donggun/S13P21A501/Embedded/install/turtlebot3_manipulation_description/share/turtlebot3_manipulation_description/meshes/turtlebot3_waffle_pi
[2.862s] -- Installing: /home/donggun/S13P21A501/Embedded/install/turtlebot3_manipulation_description/share/turtlebot3_manipulation_description/meshes/turtlebot3_waffle_pi/ladar.stl
[2.862s] -- Installing: /home/donggun/S13P21A501/Embedded/install/turtlebot3_manipulation_description/share/turtlebot3_manipulation_description/meshes/turtlebot3_waffle_pi/base.stl
[2.876s] -- Installing: /home/donggun/S13P21A501/Embedded/install/turtlebot3_manipulation_description/share/turtlebot3_manipulation_description/meshes/turtlebot3_waffle_pi/left_tire.stl
[2.876s] -- Installing: /home/donggun/S13P21A501/Embedded/install/turtlebot3_manipulation_description/share/turtlebot3_manipulation_description/meshes/turtlebot3_waffle_pi/right_tire.stl
[2.883s] -- Installing: /home/donggun/S13P21A501/Embedded/install/turtlebot3_manipulation_description/share/turtlebot3_manipulation_description/meshes/open_manipulator_x
[2.883s] -- Installing: /home/donggun/S13P21A501/Embedded/install/turtlebot3_manipulation_description/share/turtlebot3_manipulation_description/meshes/open_manipulator_x/link4.stl
[2.883s] -- Installing: /home/donggun/S13P21A501/Embedded/install/turtlebot3_manipulation_description/share/turtlebot3_manipulation_description/meshes/open_manipulator_x/gripper_left_palm.stl
[2.883s] -- Installing: /home/donggun/S13P21A501/Embedded/install/turtlebot3_manipulation_description/share/turtlebot3_manipulation_description/meshes/open_manipulator_x/link1.stl
[2.884s] -- Installing: /home/donggun/S13P21A501/Embedded/install/turtlebot3_manipulation_description/share/turtlebot3_manipulation_description/meshes/open_manipulator_x/link3.stl
[2.891s] -- Installing: /home/donggun/S13P21A501/Embedded/install/turtlebot3_manipulation_description/share/turtlebot3_manipulation_description/meshes/open_manipulator_x/link2.stl
[2.891s] -- Installing: /home/donggun/S13P21A501/Embedded/install/turtlebot3_manipulation_description/share/turtlebot3_manipulation_description/meshes/open_manipulator_x/gripper_right_palm.stl
[2.891s] -- Installing: /home/donggun/S13P21A501/Embedded/install/turtlebot3_manipulation_description/share/turtlebot3_manipulation_description/meshes/open_manipulator_x/link5.stl
[2.899s] -- Installing: /home/donggun/S13P21A501/Embedded/install/turtlebot3_manipulation_description/share/turtlebot3_manipulation_description/ros2_control
[2.899s] -- Installing: /home/donggun/S13P21A501/Embedded/install/turtlebot3_manipulation_description/share/turtlebot3_manipulation_description/ros2_control/turtlebot3_manipulation_system.ros2_control.xacro
[2.899s] -- Installing: /home/donggun/S13P21A501/Embedded/install/turtlebot3_manipulation_description/share/turtlebot3_manipulation_description/gazebo
[2.899s] -- Installing: /home/donggun/S13P21A501/Embedded/install/turtlebot3_manipulation_description/share/turtlebot3_manipulation_description/gazebo/open_manipulator_x.gazebo.xacro
[2.899s] -- Installing: /home/donggun/S13P21A501/Embedded/install/turtlebot3_manipulation_description/share/turtlebot3_manipulation_description/gazebo/turtlebot3_waffle_pi.gazebo.xacro
[2.899s] -- Installing: /home/donggun/S13P21A501/Embedded/install/turtlebot3_manipulation_description/share/turtlebot3_manipulation_description/gazebo/materials.xacro
[2.900s] -- Installing: /home/donggun/S13P21A501/Embedded/install/turtlebot3_manipulation_description/share/ament_index/resource_index/package_run_dependencies/turtlebot3_manipulation_description
[2.900s] -- Installing: /home/donggun/S13P21A501/Embedded/install/turtlebot3_manipulation_description/share/ament_index/resource_index/parent_prefix_path/turtlebot3_manipulation_description
[2.900s] -- Installing: /home/donggun/S13P21A501/Embedded/install/turtlebot3_manipulation_description/share/turtlebot3_manipulation_description/environment/ament_prefix_path.sh
[2.900s] -- Installing: /home/donggun/S13P21A501/Embedded/install/turtlebot3_manipulation_description/share/turtlebot3_manipulation_description/environment/ament_prefix_path.dsv
[2.900s] -- Installing: /home/donggun/S13P21A501/Embedded/install/turtlebot3_manipulation_description/share/turtlebot3_manipulation_description/environment/path.sh
[2.900s] -- Installing: /home/donggun/S13P21A501/Embedded/install/turtlebot3_manipulation_description/share/turtlebot3_manipulation_description/environment/path.dsv
[2.900s] -- Installing: /home/donggun/S13P21A501/Embedded/install/turtlebot3_manipulation_description/share/turtlebot3_manipulation_description/local_setup.bash
[2.900s] -- Installing: /home/donggun/S13P21A501/Embedded/install/turtlebot3_manipulation_description/share/turtlebot3_manipulation_description/local_setup.sh
[2.901s] -- Installing: /home/donggun/S13P21A501/Embedded/install/turtlebot3_manipulation_description/share/turtlebot3_manipulation_description/local_setup.zsh
[2.901s] -- Installing: /home/donggun/S13P21A501/Embedded/install/turtlebot3_manipulation_description/share/turtlebot3_manipulation_description/local_setup.dsv
[2.901s] -- Installing: /home/donggun/S13P21A501/Embedded/install/turtlebot3_manipulation_description/share/turtlebot3_manipulation_description/package.dsv
[2.901s] -- Installing: /home/donggun/S13P21A501/Embedded/install/turtlebot3_manipulation_description/share/ament_index/resource_index/packages/turtlebot3_manipulation_description
[2.901s] -- Installing: /home/donggun/S13P21A501/Embedded/install/turtlebot3_manipulation_description/share/turtlebot3_manipulation_description/cmake/turtlebot3_manipulation_descriptionConfig.cmake
[2.901s] -- Installing: /home/donggun/S13P21A501/Embedded/install/turtlebot3_manipulation_description/share/turtlebot3_manipulation_description/cmake/turtlebot3_manipulation_descriptionConfig-version.cmake
[2.901s] -- Installing: /home/donggun/S13P21A501/Embedded/install/turtlebot3_manipulation_description/share/turtlebot3_manipulation_description/package.xml
[3.027s] Invoked command in '/home/donggun/S13P21A501/Embedded/build/turtlebot3_manipulation_description' returned '0': CMAKE_PREFIX_PATH=/opt/ros/humble /usr/bin/cmake --install /home/donggun/S13P21A501/Embedded/build/turtlebot3_manipulation_description
