[2.015s] Invoking command in '/home/donggun/S13P21A501/Embedded/src/turtlebot3/turtlebot3_example': AMENT_PREFIX_PATH=/home/donggun/S13P21A501/Embedded/install/turtlebot3_msgs:${AMENT_PREFIX_PATH} CMAKE_PREFIX_PATH=/home/donggun/S13P21A501/Embedded/install/turtlebot3_msgs LD_LIBRARY_PATH=/home/donggun/S13P21A501/Embedded/install/turtlebot3_msgs/lib:${LD_LIBRARY_PATH} PYTHONPATH=/home/donggun/S13P21A501/Embedded/build/turtlebot3_example/prefix_override:/usr/lib/python3/dist-packages/colcon_core/task/python/colcon_distutils_commands:/home/donggun/S13P21A501/Embedded/install/turtlebot3_example/lib/python3.10/site-packages:/home/donggun/S13P21A501/Embedded/install/turtlebot3_msgs/local/lib/python3.10/dist-packages:${PYTHONPATH} /usr/bin/python3 -W ignore:setup.py install is deprecated -W ignore:easy_install command is deprecated setup.py egg_info --egg-base ../../../build/turtlebot3_example build --build-base /home/donggun/S13P21A501/Embedded/build/turtlebot3_example/build install --record /home/donggun/S13P21A501/Embedded/build/turtlebot3_example/install.log --single-version-externally-managed install_data
[2.979s] running egg_info
[2.980s] creating ../../../build/turtlebot3_example/turtlebot3_example.egg-info
[3.021s] writing ../../../build/turtlebot3_example/turtlebot3_example.egg-info/PKG-INFO
[3.023s] writing dependency_links to ../../../build/turtlebot3_example/turtlebot3_example.egg-info/dependency_links.txt
[3.025s] writing entry points to ../../../build/turtlebot3_example/turtlebot3_example.egg-info/entry_points.txt
[3.025s] writing requirements to ../../../build/turtlebot3_example/turtlebot3_example.egg-info/requires.txt
[3.025s] writing top-level names to ../../../build/turtlebot3_example/turtlebot3_example.egg-info/top_level.txt
[3.025s] writing manifest file '../../../build/turtlebot3_example/turtlebot3_example.egg-info/SOURCES.txt'
[3.105s] reading manifest file '../../../build/turtlebot3_example/turtlebot3_example.egg-info/SOURCES.txt'
[3.107s] writing manifest file '../../../build/turtlebot3_example/turtlebot3_example.egg-info/SOURCES.txt'
[3.108s] running build
[3.108s] running build_py
[3.109s] creating /home/donggun/S13P21A501/Embedded/build/turtlebot3_example/build
[3.109s] creating /home/donggun/S13P21A501/Embedded/build/turtlebot3_example/build/lib
[3.112s] creating /home/donggun/S13P21A501/Embedded/build/turtlebot3_example/build/lib/turtlebot3_example
[3.113s] copying turtlebot3_example/__init__.py -> /home/donggun/S13P21A501/Embedded/build/turtlebot3_example/build/lib/turtlebot3_example
[3.114s] creating /home/donggun/S13P21A501/Embedded/build/turtlebot3_example/build/lib/turtlebot3_example/turtlebot3_absolute_move
[3.115s] copying turtlebot3_example/turtlebot3_absolute_move/__init__.py -> /home/donggun/S13P21A501/Embedded/build/turtlebot3_example/build/lib/turtlebot3_example/turtlebot3_absolute_move
[3.116s] copying turtlebot3_example/turtlebot3_absolute_move/turtlebot3_absolute_move.py -> /home/donggun/S13P21A501/Embedded/build/turtlebot3_example/build/lib/turtlebot3_example/turtlebot3_absolute_move
[3.116s] creating /home/donggun/S13P21A501/Embedded/build/turtlebot3_example/build/lib/turtlebot3_example/turtlebot3_patrol
[3.117s] copying turtlebot3_example/turtlebot3_patrol/turtlebot3_patrol_client.py -> /home/donggun/S13P21A501/Embedded/build/turtlebot3_example/build/lib/turtlebot3_example/turtlebot3_patrol
[3.118s] copying turtlebot3_example/turtlebot3_patrol/__init__.py -> /home/donggun/S13P21A501/Embedded/build/turtlebot3_example/build/lib/turtlebot3_example/turtlebot3_patrol
[3.119s] copying turtlebot3_example/turtlebot3_patrol/turtlebot3_patrol_server.py -> /home/donggun/S13P21A501/Embedded/build/turtlebot3_example/build/lib/turtlebot3_example/turtlebot3_patrol
[3.120s] creating /home/donggun/S13P21A501/Embedded/build/turtlebot3_example/build/lib/turtlebot3_example/turtlebot3_obstacle_detection
[3.121s] copying turtlebot3_example/turtlebot3_obstacle_detection/turtlebot3_obstacle_detection.py -> /home/donggun/S13P21A501/Embedded/build/turtlebot3_example/build/lib/turtlebot3_example/turtlebot3_obstacle_detection
[3.122s] copying turtlebot3_example/turtlebot3_obstacle_detection/__init__.py -> /home/donggun/S13P21A501/Embedded/build/turtlebot3_example/build/lib/turtlebot3_example/turtlebot3_obstacle_detection
[3.123s] creating /home/donggun/S13P21A501/Embedded/build/turtlebot3_example/build/lib/turtlebot3_example/turtlebot3_interactive_marker
[3.124s] copying turtlebot3_example/turtlebot3_interactive_marker/__init__.py -> /home/donggun/S13P21A501/Embedded/build/turtlebot3_example/build/lib/turtlebot3_example/turtlebot3_interactive_marker
[3.125s] copying turtlebot3_example/turtlebot3_interactive_marker/turtlebot3_interactive_marker.py -> /home/donggun/S13P21A501/Embedded/build/turtlebot3_example/build/lib/turtlebot3_example/turtlebot3_interactive_marker
[3.126s] creating /home/donggun/S13P21A501/Embedded/build/turtlebot3_example/build/lib/turtlebot3_example/turtlebot3_relative_move
[3.127s] copying turtlebot3_example/turtlebot3_relative_move/turtlebot3_relative_move.py -> /home/donggun/S13P21A501/Embedded/build/turtlebot3_example/build/lib/turtlebot3_example/turtlebot3_relative_move
[3.128s] copying turtlebot3_example/turtlebot3_relative_move/__init__.py -> /home/donggun/S13P21A501/Embedded/build/turtlebot3_example/build/lib/turtlebot3_example/turtlebot3_relative_move
[3.132s] running install
[3.133s] running install_lib
[3.168s] creating /home/donggun/S13P21A501/Embedded/install/turtlebot3_example/lib/python3.10/site-packages/turtlebot3_example
[3.169s] creating /home/donggun/S13P21A501/Embedded/install/turtlebot3_example/lib/python3.10/site-packages/turtlebot3_example/turtlebot3_absolute_move
[3.170s] copying /home/donggun/S13P21A501/Embedded/build/turtlebot3_example/build/lib/turtlebot3_example/turtlebot3_absolute_move/__init__.py -> /home/donggun/S13P21A501/Embedded/install/turtlebot3_example/lib/python3.10/site-packages/turtlebot3_example/turtlebot3_absolute_move
[3.170s] copying /home/donggun/S13P21A501/Embedded/build/turtlebot3_example/build/lib/turtlebot3_example/turtlebot3_absolute_move/turtlebot3_absolute_move.py -> /home/donggun/S13P21A501/Embedded/install/turtlebot3_example/lib/python3.10/site-packages/turtlebot3_example/turtlebot3_absolute_move
[3.170s] creating /home/donggun/S13P21A501/Embedded/install/turtlebot3_example/lib/python3.10/site-packages/turtlebot3_example/turtlebot3_patrol
[3.170s] copying /home/donggun/S13P21A501/Embedded/build/turtlebot3_example/build/lib/turtlebot3_example/turtlebot3_patrol/turtlebot3_patrol_client.py -> /home/donggun/S13P21A501/Embedded/install/turtlebot3_example/lib/python3.10/site-packages/turtlebot3_example/turtlebot3_patrol
[3.170s] copying /home/donggun/S13P21A501/Embedded/build/turtlebot3_example/build/lib/turtlebot3_example/turtlebot3_patrol/__init__.py -> /home/donggun/S13P21A501/Embedded/install/turtlebot3_example/lib/python3.10/site-packages/turtlebot3_example/turtlebot3_patrol
[3.170s] copying /home/donggun/S13P21A501/Embedded/build/turtlebot3_example/build/lib/turtlebot3_example/turtlebot3_patrol/turtlebot3_patrol_server.py -> /home/donggun/S13P21A501/Embedded/install/turtlebot3_example/lib/python3.10/site-packages/turtlebot3_example/turtlebot3_patrol
[3.170s] copying /home/donggun/S13P21A501/Embedded/build/turtlebot3_example/build/lib/turtlebot3_example/__init__.py -> /home/donggun/S13P21A501/Embedded/install/turtlebot3_example/lib/python3.10/site-packages/turtlebot3_example
[3.171s] creating /home/donggun/S13P21A501/Embedded/install/turtlebot3_example/lib/python3.10/site-packages/turtlebot3_example/turtlebot3_obstacle_detection
[3.171s] copying /home/donggun/S13P21A501/Embedded/build/turtlebot3_example/build/lib/turtlebot3_example/turtlebot3_obstacle_detection/turtlebot3_obstacle_detection.py -> /home/donggun/S13P21A501/Embedded/install/turtlebot3_example/lib/python3.10/site-packages/turtlebot3_example/turtlebot3_obstacle_detection
[3.171s] copying /home/donggun/S13P21A501/Embedded/build/turtlebot3_example/build/lib/turtlebot3_example/turtlebot3_obstacle_detection/__init__.py -> /home/donggun/S13P21A501/Embedded/install/turtlebot3_example/lib/python3.10/site-packages/turtlebot3_example/turtlebot3_obstacle_detection
[3.178s] creating /home/donggun/S13P21A501/Embedded/install/turtlebot3_example/lib/python3.10/site-packages/turtlebot3_example/turtlebot3_interactive_marker
[3.179s] copying /home/donggun/S13P21A501/Embedded/build/turtlebot3_example/build/lib/turtlebot3_example/turtlebot3_interactive_marker/__init__.py -> /home/donggun/S13P21A501/Embedded/install/turtlebot3_example/lib/python3.10/site-packages/turtlebot3_example/turtlebot3_interactive_marker
[3.180s] copying /home/donggun/S13P21A501/Embedded/build/turtlebot3_example/build/lib/turtlebot3_example/turtlebot3_interactive_marker/turtlebot3_interactive_marker.py -> /home/donggun/S13P21A501/Embedded/install/turtlebot3_example/lib/python3.10/site-packages/turtlebot3_example/turtlebot3_interactive_marker
[3.181s] creating /home/donggun/S13P21A501/Embedded/install/turtlebot3_example/lib/python3.10/site-packages/turtlebot3_example/turtlebot3_relative_move
[3.181s] copying /home/donggun/S13P21A501/Embedded/build/turtlebot3_example/build/lib/turtlebot3_example/turtlebot3_relative_move/turtlebot3_relative_move.py -> /home/donggun/S13P21A501/Embedded/install/turtlebot3_example/lib/python3.10/site-packages/turtlebot3_example/turtlebot3_relative_move
[3.182s] copying /home/donggun/S13P21A501/Embedded/build/turtlebot3_example/build/lib/turtlebot3_example/turtlebot3_relative_move/__init__.py -> /home/donggun/S13P21A501/Embedded/install/turtlebot3_example/lib/python3.10/site-packages/turtlebot3_example/turtlebot3_relative_move
[3.183s] byte-compiling /home/donggun/S13P21A501/Embedded/install/turtlebot3_example/lib/python3.10/site-packages/turtlebot3_example/turtlebot3_absolute_move/__init__.py to __init__.cpython-310.pyc
[3.184s] byte-compiling /home/donggun/S13P21A501/Embedded/install/turtlebot3_example/lib/python3.10/site-packages/turtlebot3_example/turtlebot3_absolute_move/turtlebot3_absolute_move.py to turtlebot3_absolute_move.cpython-310.pyc
[3.185s] byte-compiling /home/donggun/S13P21A501/Embedded/install/turtlebot3_example/lib/python3.10/site-packages/turtlebot3_example/turtlebot3_patrol/turtlebot3_patrol_client.py to turtlebot3_patrol_client.cpython-310.pyc
[3.186s] byte-compiling /home/donggun/S13P21A501/Embedded/install/turtlebot3_example/lib/python3.10/site-packages/turtlebot3_example/turtlebot3_patrol/__init__.py to __init__.cpython-310.pyc
[3.187s] byte-compiling /home/donggun/S13P21A501/Embedded/install/turtlebot3_example/lib/python3.10/site-packages/turtlebot3_example/turtlebot3_patrol/turtlebot3_patrol_server.py to turtlebot3_patrol_server.cpython-310.pyc
[3.188s] byte-compiling /home/donggun/S13P21A501/Embedded/install/turtlebot3_example/lib/python3.10/site-packages/turtlebot3_example/__init__.py to __init__.cpython-310.pyc
[3.189s] byte-compiling /home/donggun/S13P21A501/Embedded/install/turtlebot3_example/lib/python3.10/site-packages/turtlebot3_example/turtlebot3_obstacle_detection/turtlebot3_obstacle_detection.py to turtlebot3_obstacle_detection.cpython-310.pyc
[3.189s] byte-compiling /home/donggun/S13P21A501/Embedded/install/turtlebot3_example/lib/python3.10/site-packages/turtlebot3_example/turtlebot3_obstacle_detection/__init__.py to __init__.cpython-310.pyc
[3.189s] byte-compiling /home/donggun/S13P21A501/Embedded/install/turtlebot3_example/lib/python3.10/site-packages/turtlebot3_example/turtlebot3_interactive_marker/__init__.py to __init__.cpython-310.pyc
[3.189s] byte-compiling /home/donggun/S13P21A501/Embedded/install/turtlebot3_example/lib/python3.10/site-packages/turtlebot3_example/turtlebot3_interactive_marker/turtlebot3_interactive_marker.py to turtlebot3_interactive_marker.cpython-310.pyc
[3.189s] byte-compiling /home/donggun/S13P21A501/Embedded/install/turtlebot3_example/lib/python3.10/site-packages/turtlebot3_example/turtlebot3_relative_move/turtlebot3_relative_move.py to turtlebot3_relative_move.cpython-310.pyc
[3.189s] byte-compiling /home/donggun/S13P21A501/Embedded/install/turtlebot3_example/lib/python3.10/site-packages/turtlebot3_example/turtlebot3_relative_move/__init__.py to __init__.cpython-310.pyc
[3.189s] running install_data
[3.189s] creating /home/donggun/S13P21A501/Embedded/install/turtlebot3_example/share/ament_index
[3.189s] creating /home/donggun/S13P21A501/Embedded/install/turtlebot3_example/share/ament_index/resource_index
[3.189s] creating /home/donggun/S13P21A501/Embedded/install/turtlebot3_example/share/ament_index/resource_index/packages
[3.190s] copying resource/turtlebot3_example -> /home/donggun/S13P21A501/Embedded/install/turtlebot3_example/share/ament_index/resource_index/packages
[3.190s] copying package.xml -> /home/donggun/S13P21A501/Embedded/install/turtlebot3_example/share/turtlebot3_example
[3.190s] running install_egg_info
[3.229s] Copying ../../../build/turtlebot3_example/turtlebot3_example.egg-info to /home/donggun/S13P21A501/Embedded/install/turtlebot3_example/lib/python3.10/site-packages/turtlebot3_example-2.3.3-py3.10.egg-info
[3.230s] running install_scripts
[3.377s] Installing turtlebot3_absolute_move script to /home/donggun/S13P21A501/Embedded/install/turtlebot3_example/lib/turtlebot3_example
[3.377s] Installing turtlebot3_interactive_marker script to /home/donggun/S13P21A501/Embedded/install/turtlebot3_example/lib/turtlebot3_example
[3.377s] Installing turtlebot3_obstacle_detection script to /home/donggun/S13P21A501/Embedded/install/turtlebot3_example/lib/turtlebot3_example
[3.378s] Installing turtlebot3_patrol_client script to /home/donggun/S13P21A501/Embedded/install/turtlebot3_example/lib/turtlebot3_example
[3.378s] Installing turtlebot3_patrol_server script to /home/donggun/S13P21A501/Embedded/install/turtlebot3_example/lib/turtlebot3_example
[3.378s] Installing turtlebot3_relative_move script to /home/donggun/S13P21A501/Embedded/install/turtlebot3_example/lib/turtlebot3_example
[3.379s] writing list of installed files to '/home/donggun/S13P21A501/Embedded/build/turtlebot3_example/install.log'
[3.451s] Invoked command in '/home/donggun/S13P21A501/Embedded/src/turtlebot3/turtlebot3_example' returned '0': AMENT_PREFIX_PATH=/home/donggun/S13P21A501/Embedded/install/turtlebot3_msgs:${AMENT_PREFIX_PATH} CMAKE_PREFIX_PATH=/home/donggun/S13P21A501/Embedded/install/turtlebot3_msgs LD_LIBRARY_PATH=/home/donggun/S13P21A501/Embedded/install/turtlebot3_msgs/lib:${LD_LIBRARY_PATH} PYTHONPATH=/home/donggun/S13P21A501/Embedded/build/turtlebot3_example/prefix_override:/usr/lib/python3/dist-packages/colcon_core/task/python/colcon_distutils_commands:/home/donggun/S13P21A501/Embedded/install/turtlebot3_example/lib/python3.10/site-packages:/home/donggun/S13P21A501/Embedded/install/turtlebot3_msgs/local/lib/python3.10/dist-packages:${PYTHONPATH} /usr/bin/python3 -W ignore:setup.py install is deprecated -W ignore:easy_install command is deprecated setup.py egg_info --egg-base ../../../build/turtlebot3_example build --build-base /home/donggun/S13P21A501/Embedded/build/turtlebot3_example/build install --record /home/donggun/S13P21A501/Embedded/build/turtlebot3_example/install.log --single-version-externally-managed install_data
