[0.050s] Invoking command in '/home/hb/Git/Embedded/build/dynamixel_sdk_examples': CMAKE_PREFIX_PATH=/home/hb/Git/Embedded/install/dynamixel_sdk_custom_interfaces:/home/hb/Git/Embedded/install/dynamixel_sdk:/home/hb/Git/Embedded/install/turtlebot3:/home/hb/Git/Embedded/install/turtlebot3_simulations:/home/hb/Git/Embedded/install/turtlebot3_bringup:/home/hb/Git/Embedded/install/turtlebot3_node:/home/hb/Git/Embedded/install/turtlebot3_navigation2:/home/hb/Git/Embedded/install/turtlebot3_fake_node:/home/hb/Git/Embedded/install/turtlebot3_msgs:/home/hb/Git/Embedded/install/turtlebot3_manipulation:/home/hb/Git/Embedded/install/turtlebot3_manipulation_teleop:/home/hb/Git/Embedded/install/turtlebot3_manipulation_navigation2:/home/hb/Git/Embedded/install/turtlebot3_manipulation_moveit_config:/home/hb/Git/Embedded/install/turtlebot3_manipulation_hardware:/home/hb/Git/Embedded/install/turtlebot3_manipulation_gazebo:/home/hb/Git/Embedded/install/turtlebot3_manipulation_bringup:/home/hb/Git/Embedded/install/turtlebot3_manipulation_description:/home/hb/Git/Embedded/install/turtlebot3_manipulation_cartographer:/home/hb/Git/Embedded/install/turtlebot3_gazebo:/home/hb/Git/Embedded/install/turtlebot3_description:/home/hb/Git/Embedded/install/turtlebot3_cartographer:/home/hb/Git/Embedded/install/dynamixel_sdk_examples:/home/hb/Git/Embedded/install/turtlebot3_teleop:/home/hb/Git/Embedded/install/turtlebot3_example:/home/hb/Git/Embedded/install/robot_web_interface:/home/hb/Git/Embedded/install/delivery_interface:/home/hb/Git/Embedded/install/app_navigation:/opt/ros/humble LD_LIBRARY_PATH=/home/hb/Git/Embedded/install/dynamixel_sdk_custom_interfaces/lib:/home/hb/Git/Embedded/install/dynamixel_sdk/lib:/home/hb/Git/Embedded/install/turtlebot3_msgs/lib:/home/hb/Git/Embedded/install/turtlebot3_manipulation_hardware/lib:/home/hb/Git/Embedded/install/turtlebot3_manipulation_gazebo/lib:/usr/lib/x86_64-linux-gnu/gazebo-11/plugins:/opt/ros/humble/opt/rviz_ogre_vendor/lib:/opt/ros/humble/lib/x86_64-linux-gnu:/opt/ros/humble/lib /usr/bin/cmake /home/hb/Git/Embedded/src/DynamixelSDK/ros/dynamixel_sdk_examples -DCMAKE_INSTALL_PREFIX=/home/hb/Git/Embedded/install/dynamixel_sdk_examples
[0.291s] -- The C compiler identification is GNU 11.4.0
[0.490s] -- The CXX compiler identification is GNU 11.4.0
[0.515s] -- Detecting C compiler ABI info
[0.768s] -- Detecting C compiler ABI info - done
[0.820s] -- Check for working C compiler: /usr/bin/cc - skipped
[0.826s] -- Detecting C compile features
[0.827s] -- Detecting C compile features - done
[0.836s] -- Detecting CXX compiler ABI info
[1.209s] -- Detecting CXX compiler ABI info - done
[1.241s] -- Check for working CXX compiler: /usr/bin/c++ - skipped
[1.248s] -- Detecting CXX compile features
[1.249s] -- Detecting CXX compile features - done
[1.267s] -- Found ament_cmake: 1.3.12 (/opt/ros/humble/share/ament_cmake/cmake)
[1.974s] -- Found Python3: /usr/bin/python3 (found version "3.10.12") found components: Interpreter 
[2.387s] -- Found dynamixel_sdk: 3.8.4 (/home/hb/Git/Embedded/install/dynamixel_sdk/share/dynamixel_sdk/cmake)
[2.395s] -- Found dynamixel_sdk_custom_interfaces: 3.8.4 (/home/hb/Git/Embedded/install/dynamixel_sdk_custom_interfaces/share/dynamixel_sdk_custom_interfaces/cmake)
[2.576s] -- Found rosidl_generator_c: 3.1.7 (/opt/ros/humble/share/rosidl_generator_c/cmake)
[2.602s] -- Found rosidl_adapter: 3.1.7 (/opt/ros/humble/share/rosidl_adapter/cmake)
[2.622s] -- Found rosidl_generator_cpp: 3.1.7 (/opt/ros/humble/share/rosidl_generator_cpp/cmake)
[2.655s] -- Using all available rosidl_typesupport_c: rosidl_typesupport_fastrtps_c;rosidl_typesupport_introspection_c
[2.695s] -- Using all available rosidl_typesupport_cpp: rosidl_typesupport_fastrtps_cpp;rosidl_typesupport_introspection_cpp
[2.754s] -- Found rclcpp: 16.0.14 (/opt/ros/humble/share/rclcpp/cmake)
[2.860s] -- Found rmw_implementation_cmake: 6.1.2 (/opt/ros/humble/share/rmw_implementation_cmake/cmake)
[2.871s] -- Found rmw_fastrtps_cpp: 6.2.8 (/opt/ros/humble/share/rmw_fastrtps_cpp/cmake)
[3.173s] -- Found OpenSSL: /usr/lib/x86_64-linux-gnu/libcrypto.so (found version "3.0.2")  
[3.347s] -- Found FastRTPS: /opt/ros/humble/include  
[3.565s] -- Using RMW implementation 'rmw_fastrtps_cpp' as default
[3.624s] -- Looking for pthread.h
[3.844s] -- Looking for pthread.h - found
[3.845s] -- Performing Test CMAKE_HAVE_LIBC_PTHREAD
[4.024s] -- Performing Test CMAKE_HAVE_LIBC_PTHREAD - Success
[4.026s] -- Found Threads: TRUE  
[4.254s] -- Found rclpy: 3.3.17 (/opt/ros/humble/share/rclpy/cmake)
[4.265s] -- Found ament_lint_auto: 0.12.14 (/opt/ros/humble/share/ament_lint_auto/cmake)
[4.487s] -- Added test 'copyright' to check source files copyright and LICENSE
[4.488s] -- Added test 'cppcheck' to perform static code analysis on C / C++ code
[4.490s] -- Configured cppcheck include dirs: /home/hb/Git/Embedded/src/DynamixelSDK/ros/dynamixel_sdk_examples/include
[4.490s] -- Configured cppcheck exclude dirs and/or files: 
[4.492s] -- Added test 'cpplint' to check C / C++ code against the Google style
[4.492s] -- Configured cpplint exclude dirs and/or files: 
[4.496s] -- Added test 'flake8' to check Python code syntax and style conventions
[4.497s] -- Added test 'lint_cmake' to check CMake code style
[4.506s] -- Added test 'pep257' to check Python code against some of the docstring style conventions in PEP 257
[4.508s] -- Added test 'uncrustify' to check C / C++ code style
[4.508s] -- Configured uncrustify additional arguments: 
[4.516s] -- Added test 'xmllint' to check XML markup files
[4.527s] -- Configuring done
[4.582s] -- Generating done
[4.613s] -- Build files have been written to: /home/hb/Git/Embedded/build/dynamixel_sdk_examples
[4.631s] Invoked command in '/home/hb/Git/Embedded/build/dynamixel_sdk_examples' returned '0': CMAKE_PREFIX_PATH=/home/hb/Git/Embedded/install/dynamixel_sdk_custom_interfaces:/home/hb/Git/Embedded/install/dynamixel_sdk:/home/hb/Git/Embedded/install/turtlebot3:/home/hb/Git/Embedded/install/turtlebot3_simulations:/home/hb/Git/Embedded/install/turtlebot3_bringup:/home/hb/Git/Embedded/install/turtlebot3_node:/home/hb/Git/Embedded/install/turtlebot3_navigation2:/home/hb/Git/Embedded/install/turtlebot3_fake_node:/home/hb/Git/Embedded/install/turtlebot3_msgs:/home/hb/Git/Embedded/install/turtlebot3_manipulation:/home/hb/Git/Embedded/install/turtlebot3_manipulation_teleop:/home/hb/Git/Embedded/install/turtlebot3_manipulation_navigation2:/home/hb/Git/Embedded/install/turtlebot3_manipulation_moveit_config:/home/hb/Git/Embedded/install/turtlebot3_manipulation_hardware:/home/hb/Git/Embedded/install/turtlebot3_manipulation_gazebo:/home/hb/Git/Embedded/install/turtlebot3_manipulation_bringup:/home/hb/Git/Embedded/install/turtlebot3_manipulation_description:/home/hb/Git/Embedded/install/turtlebot3_manipulation_cartographer:/home/hb/Git/Embedded/install/turtlebot3_gazebo:/home/hb/Git/Embedded/install/turtlebot3_description:/home/hb/Git/Embedded/install/turtlebot3_cartographer:/home/hb/Git/Embedded/install/dynamixel_sdk_examples:/home/hb/Git/Embedded/install/turtlebot3_teleop:/home/hb/Git/Embedded/install/turtlebot3_example:/home/hb/Git/Embedded/install/robot_web_interface:/home/hb/Git/Embedded/install/delivery_interface:/home/hb/Git/Embedded/install/app_navigation:/opt/ros/humble LD_LIBRARY_PATH=/home/hb/Git/Embedded/install/dynamixel_sdk_custom_interfaces/lib:/home/hb/Git/Embedded/install/dynamixel_sdk/lib:/home/hb/Git/Embedded/install/turtlebot3_msgs/lib:/home/hb/Git/Embedded/install/turtlebot3_manipulation_hardware/lib:/home/hb/Git/Embedded/install/turtlebot3_manipulation_gazebo/lib:/usr/lib/x86_64-linux-gnu/gazebo-11/plugins:/opt/ros/humble/opt/rviz_ogre_vendor/lib:/opt/ros/humble/lib/x86_64-linux-gnu:/opt/ros/humble/lib /usr/bin/cmake /home/hb/Git/Embedded/src/DynamixelSDK/ros/dynamixel_sdk_examples -DCMAKE_INSTALL_PREFIX=/home/hb/Git/Embedded/install/dynamixel_sdk_examples
[4.637s] Invoking command in '/home/hb/Git/Embedded/build/dynamixel_sdk_examples': CMAKE_PREFIX_PATH=/home/hb/Git/Embedded/install/dynamixel_sdk_custom_interfaces:/home/hb/Git/Embedded/install/dynamixel_sdk:/home/hb/Git/Embedded/install/turtlebot3:/home/hb/Git/Embedded/install/turtlebot3_simulations:/home/hb/Git/Embedded/install/turtlebot3_bringup:/home/hb/Git/Embedded/install/turtlebot3_node:/home/hb/Git/Embedded/install/turtlebot3_navigation2:/home/hb/Git/Embedded/install/turtlebot3_fake_node:/home/hb/Git/Embedded/install/turtlebot3_msgs:/home/hb/Git/Embedded/install/turtlebot3_manipulation:/home/hb/Git/Embedded/install/turtlebot3_manipulation_teleop:/home/hb/Git/Embedded/install/turtlebot3_manipulation_navigation2:/home/hb/Git/Embedded/install/turtlebot3_manipulation_moveit_config:/home/hb/Git/Embedded/install/turtlebot3_manipulation_hardware:/home/hb/Git/Embedded/install/turtlebot3_manipulation_gazebo:/home/hb/Git/Embedded/install/turtlebot3_manipulation_bringup:/home/hb/Git/Embedded/install/turtlebot3_manipulation_description:/home/hb/Git/Embedded/install/turtlebot3_manipulation_cartographer:/home/hb/Git/Embedded/install/turtlebot3_gazebo:/home/hb/Git/Embedded/install/turtlebot3_description:/home/hb/Git/Embedded/install/turtlebot3_cartographer:/home/hb/Git/Embedded/install/dynamixel_sdk_examples:/home/hb/Git/Embedded/install/turtlebot3_teleop:/home/hb/Git/Embedded/install/turtlebot3_example:/home/hb/Git/Embedded/install/robot_web_interface:/home/hb/Git/Embedded/install/delivery_interface:/home/hb/Git/Embedded/install/app_navigation:/opt/ros/humble LD_LIBRARY_PATH=/home/hb/Git/Embedded/install/dynamixel_sdk_custom_interfaces/lib:/home/hb/Git/Embedded/install/dynamixel_sdk/lib:/home/hb/Git/Embedded/install/turtlebot3_msgs/lib:/home/hb/Git/Embedded/install/turtlebot3_manipulation_hardware/lib:/home/hb/Git/Embedded/install/turtlebot3_manipulation_gazebo/lib:/usr/lib/x86_64-linux-gnu/gazebo-11/plugins:/opt/ros/humble/opt/rviz_ogre_vendor/lib:/opt/ros/humble/lib/x86_64-linux-gnu:/opt/ros/humble/lib /usr/bin/cmake --build /home/hb/Git/Embedded/build/dynamixel_sdk_examples -- -j16 -l16
[4.747s] [ 50%] [32mBuilding CXX object CMakeFiles/read_write_node.dir/src/read_write_node.cpp.o[0m
[26.054s] [100%] [32m[1mLinking CXX executable read_write_node[0m
[27.406s] [100%] Built target read_write_node
[27.428s] Invoked command in '/home/hb/Git/Embedded/build/dynamixel_sdk_examples' returned '0': CMAKE_PREFIX_PATH=/home/hb/Git/Embedded/install/dynamixel_sdk_custom_interfaces:/home/hb/Git/Embedded/install/dynamixel_sdk:/home/hb/Git/Embedded/install/turtlebot3:/home/hb/Git/Embedded/install/turtlebot3_simulations:/home/hb/Git/Embedded/install/turtlebot3_bringup:/home/hb/Git/Embedded/install/turtlebot3_node:/home/hb/Git/Embedded/install/turtlebot3_navigation2:/home/hb/Git/Embedded/install/turtlebot3_fake_node:/home/hb/Git/Embedded/install/turtlebot3_msgs:/home/hb/Git/Embedded/install/turtlebot3_manipulation:/home/hb/Git/Embedded/install/turtlebot3_manipulation_teleop:/home/hb/Git/Embedded/install/turtlebot3_manipulation_navigation2:/home/hb/Git/Embedded/install/turtlebot3_manipulation_moveit_config:/home/hb/Git/Embedded/install/turtlebot3_manipulation_hardware:/home/hb/Git/Embedded/install/turtlebot3_manipulation_gazebo:/home/hb/Git/Embedded/install/turtlebot3_manipulation_bringup:/home/hb/Git/Embedded/install/turtlebot3_manipulation_description:/home/hb/Git/Embedded/install/turtlebot3_manipulation_cartographer:/home/hb/Git/Embedded/install/turtlebot3_gazebo:/home/hb/Git/Embedded/install/turtlebot3_description:/home/hb/Git/Embedded/install/turtlebot3_cartographer:/home/hb/Git/Embedded/install/dynamixel_sdk_examples:/home/hb/Git/Embedded/install/turtlebot3_teleop:/home/hb/Git/Embedded/install/turtlebot3_example:/home/hb/Git/Embedded/install/robot_web_interface:/home/hb/Git/Embedded/install/delivery_interface:/home/hb/Git/Embedded/install/app_navigation:/opt/ros/humble LD_LIBRARY_PATH=/home/hb/Git/Embedded/install/dynamixel_sdk_custom_interfaces/lib:/home/hb/Git/Embedded/install/dynamixel_sdk/lib:/home/hb/Git/Embedded/install/turtlebot3_msgs/lib:/home/hb/Git/Embedded/install/turtlebot3_manipulation_hardware/lib:/home/hb/Git/Embedded/install/turtlebot3_manipulation_gazebo/lib:/usr/lib/x86_64-linux-gnu/gazebo-11/plugins:/opt/ros/humble/opt/rviz_ogre_vendor/lib:/opt/ros/humble/lib/x86_64-linux-gnu:/opt/ros/humble/lib /usr/bin/cmake --build /home/hb/Git/Embedded/build/dynamixel_sdk_examples -- -j16 -l16
[27.429s] Invoking command in '/home/hb/Git/Embedded/build/dynamixel_sdk_examples': CMAKE_PREFIX_PATH=/home/hb/Git/Embedded/install/dynamixel_sdk_custom_interfaces:/home/hb/Git/Embedded/install/dynamixel_sdk:/home/hb/Git/Embedded/install/turtlebot3:/home/hb/Git/Embedded/install/turtlebot3_simulations:/home/hb/Git/Embedded/install/turtlebot3_bringup:/home/hb/Git/Embedded/install/turtlebot3_node:/home/hb/Git/Embedded/install/turtlebot3_navigation2:/home/hb/Git/Embedded/install/turtlebot3_fake_node:/home/hb/Git/Embedded/install/turtlebot3_msgs:/home/hb/Git/Embedded/install/turtlebot3_manipulation:/home/hb/Git/Embedded/install/turtlebot3_manipulation_teleop:/home/hb/Git/Embedded/install/turtlebot3_manipulation_navigation2:/home/hb/Git/Embedded/install/turtlebot3_manipulation_moveit_config:/home/hb/Git/Embedded/install/turtlebot3_manipulation_hardware:/home/hb/Git/Embedded/install/turtlebot3_manipulation_gazebo:/home/hb/Git/Embedded/install/turtlebot3_manipulation_bringup:/home/hb/Git/Embedded/install/turtlebot3_manipulation_description:/home/hb/Git/Embedded/install/turtlebot3_manipulation_cartographer:/home/hb/Git/Embedded/install/turtlebot3_gazebo:/home/hb/Git/Embedded/install/turtlebot3_description:/home/hb/Git/Embedded/install/turtlebot3_cartographer:/home/hb/Git/Embedded/install/dynamixel_sdk_examples:/home/hb/Git/Embedded/install/turtlebot3_teleop:/home/hb/Git/Embedded/install/turtlebot3_example:/home/hb/Git/Embedded/install/robot_web_interface:/home/hb/Git/Embedded/install/delivery_interface:/home/hb/Git/Embedded/install/app_navigation:/opt/ros/humble LD_LIBRARY_PATH=/home/hb/Git/Embedded/install/dynamixel_sdk_custom_interfaces/lib:/home/hb/Git/Embedded/install/dynamixel_sdk/lib:/home/hb/Git/Embedded/install/turtlebot3_msgs/lib:/home/hb/Git/Embedded/install/turtlebot3_manipulation_hardware/lib:/home/hb/Git/Embedded/install/turtlebot3_manipulation_gazebo/lib:/usr/lib/x86_64-linux-gnu/gazebo-11/plugins:/opt/ros/humble/opt/rviz_ogre_vendor/lib:/opt/ros/humble/lib/x86_64-linux-gnu:/opt/ros/humble/lib /usr/bin/cmake --install /home/hb/Git/Embedded/build/dynamixel_sdk_examples
[27.440s] -- Install configuration: ""
[27.440s] -- Installing: /home/hb/Git/Embedded/install/dynamixel_sdk_examples/lib/dynamixel_sdk_examples/read_write_node
[27.445s] -- Set runtime path of "/home/hb/Git/Embedded/install/dynamixel_sdk_examples/lib/dynamixel_sdk_examples/read_write_node" to ""
[27.445s] -- Installing: /home/hb/Git/Embedded/install/dynamixel_sdk_examples/lib/dynamixel_sdk_examples/read_write_node.py
[27.445s] -- Installing: /home/hb/Git/Embedded/install/dynamixel_sdk_examples/share/ament_index/resource_index/package_run_dependencies/dynamixel_sdk_examples
[27.446s] -- Installing: /home/hb/Git/Embedded/install/dynamixel_sdk_examples/share/ament_index/resource_index/parent_prefix_path/dynamixel_sdk_examples
[27.447s] -- Installing: /home/hb/Git/Embedded/install/dynamixel_sdk_examples/share/dynamixel_sdk_examples/environment/ament_prefix_path.sh
[27.447s] -- Installing: /home/hb/Git/Embedded/install/dynamixel_sdk_examples/share/dynamixel_sdk_examples/environment/ament_prefix_path.dsv
[27.447s] -- Installing: /home/hb/Git/Embedded/install/dynamixel_sdk_examples/share/dynamixel_sdk_examples/environment/path.sh
[27.448s] -- Installing: /home/hb/Git/Embedded/install/dynamixel_sdk_examples/share/dynamixel_sdk_examples/environment/path.dsv
[27.448s] -- Installing: /home/hb/Git/Embedded/install/dynamixel_sdk_examples/share/dynamixel_sdk_examples/local_setup.bash
[27.448s] -- Installing: /home/hb/Git/Embedded/install/dynamixel_sdk_examples/share/dynamixel_sdk_examples/local_setup.sh
[27.448s] -- Installing: /home/hb/Git/Embedded/install/dynamixel_sdk_examples/share/dynamixel_sdk_examples/local_setup.zsh
[27.448s] -- Installing: /home/hb/Git/Embedded/install/dynamixel_sdk_examples/share/dynamixel_sdk_examples/local_setup.dsv
[27.449s] -- Installing: /home/hb/Git/Embedded/install/dynamixel_sdk_examples/share/dynamixel_sdk_examples/package.dsv
[27.449s] -- Installing: /home/hb/Git/Embedded/install/dynamixel_sdk_examples/share/ament_index/resource_index/packages/dynamixel_sdk_examples
[27.449s] -- Installing: /home/hb/Git/Embedded/install/dynamixel_sdk_examples/share/dynamixel_sdk_examples/cmake/dynamixel_sdk_examplesConfig.cmake
[27.449s] -- Installing: /home/hb/Git/Embedded/install/dynamixel_sdk_examples/share/dynamixel_sdk_examples/cmake/dynamixel_sdk_examplesConfig-version.cmake
[27.449s] -- Installing: /home/hb/Git/Embedded/install/dynamixel_sdk_examples/share/dynamixel_sdk_examples/package.xml
[27.452s] Invoked command in '/home/hb/Git/Embedded/build/dynamixel_sdk_examples' returned '0': CMAKE_PREFIX_PATH=/home/hb/Git/Embedded/install/dynamixel_sdk_custom_interfaces:/home/hb/Git/Embedded/install/dynamixel_sdk:/home/hb/Git/Embedded/install/turtlebot3:/home/hb/Git/Embedded/install/turtlebot3_simulations:/home/hb/Git/Embedded/install/turtlebot3_bringup:/home/hb/Git/Embedded/install/turtlebot3_node:/home/hb/Git/Embedded/install/turtlebot3_navigation2:/home/hb/Git/Embedded/install/turtlebot3_fake_node:/home/hb/Git/Embedded/install/turtlebot3_msgs:/home/hb/Git/Embedded/install/turtlebot3_manipulation:/home/hb/Git/Embedded/install/turtlebot3_manipulation_teleop:/home/hb/Git/Embedded/install/turtlebot3_manipulation_navigation2:/home/hb/Git/Embedded/install/turtlebot3_manipulation_moveit_config:/home/hb/Git/Embedded/install/turtlebot3_manipulation_hardware:/home/hb/Git/Embedded/install/turtlebot3_manipulation_gazebo:/home/hb/Git/Embedded/install/turtlebot3_manipulation_bringup:/home/hb/Git/Embedded/install/turtlebot3_manipulation_description:/home/hb/Git/Embedded/install/turtlebot3_manipulation_cartographer:/home/hb/Git/Embedded/install/turtlebot3_gazebo:/home/hb/Git/Embedded/install/turtlebot3_description:/home/hb/Git/Embedded/install/turtlebot3_cartographer:/home/hb/Git/Embedded/install/dynamixel_sdk_examples:/home/hb/Git/Embedded/install/turtlebot3_teleop:/home/hb/Git/Embedded/install/turtlebot3_example:/home/hb/Git/Embedded/install/robot_web_interface:/home/hb/Git/Embedded/install/delivery_interface:/home/hb/Git/Embedded/install/app_navigation:/opt/ros/humble LD_LIBRARY_PATH=/home/hb/Git/Embedded/install/dynamixel_sdk_custom_interfaces/lib:/home/hb/Git/Embedded/install/dynamixel_sdk/lib:/home/hb/Git/Embedded/install/turtlebot3_msgs/lib:/home/hb/Git/Embedded/install/turtlebot3_manipulation_hardware/lib:/home/hb/Git/Embedded/install/turtlebot3_manipulation_gazebo/lib:/usr/lib/x86_64-linux-gnu/gazebo-11/plugins:/opt/ros/humble/opt/rviz_ogre_vendor/lib:/opt/ros/humble/lib/x86_64-linux-gnu:/opt/ros/humble/lib /usr/bin/cmake --install /home/hb/Git/Embedded/build/dynamixel_sdk_examples
