[3.437s] Invoking command in '/home/hb/Git/Embedded/src/turtlebot3/turtlebot3_example': CMAKE_PREFIX_PATH=/home/hb/Git/Embedded/install/turtlebot3_msgs:/home/hb/Git/Embedded/install/turtlebot3:/home/hb/Git/Embedded/install/turtlebot3_simulations:/home/hb/Git/Embedded/install/turtlebot3_bringup:/home/hb/Git/Embedded/install/turtlebot3_node:/home/hb/Git/Embedded/install/turtlebot3_navigation2:/home/hb/Git/Embedded/install/turtlebot3_fake_node:/home/hb/Git/Embedded/install/turtlebot3_manipulation:/home/hb/Git/Embedded/install/turtlebot3_manipulation_teleop:/home/hb/Git/Embedded/install/turtlebot3_manipulation_navigation2:/home/hb/Git/Embedded/install/turtlebot3_manipulation_moveit_config:/home/hb/Git/Embedded/install/turtlebot3_manipulation_hardware:/home/hb/Git/Embedded/install/turtlebot3_manipulation_gazebo:/home/hb/Git/Embedded/install/turtlebot3_manipulation_bringup:/home/hb/Git/Embedded/install/turtlebot3_manipulation_description:/home/hb/Git/Embedded/install/turtlebot3_manipulation_cartographer:/home/hb/Git/Embedded/install/turtlebot3_gazebo:/home/hb/Git/Embedded/install/turtlebot3_description:/home/hb/Git/Embedded/install/turtlebot3_cartographer:/home/hb/Git/Embedded/install/dynamixel_sdk_examples:/home/hb/Git/Embedded/install/dynamixel_sdk_custom_interfaces:/home/hb/Git/Embedded/install/dynamixel_sdk:/home/hb/gazebo/install/elevator PYTHONPATH=/home/hb/Git/Embedded/build/turtlebot3_example/prefix_override:/usr/lib/python3/dist-packages/colcon_core/task/python/colcon_distutils_commands:/home/hb/Git/Embedded/install/turtlebot3_example/lib/python3.10/site-packages:${PYTHONPATH} /usr/bin/python3 -W ignore:setup.py install is deprecated -W ignore:easy_install command is deprecated setup.py egg_info --egg-base ../../../build/turtlebot3_example build --build-base /home/hb/Git/Embedded/build/turtlebot3_example/build install --record /home/hb/Git/Embedded/build/turtlebot3_example/install.log --single-version-externally-managed install_data
[4.032s] running egg_info
[4.032s] creating ../../../build/turtlebot3_example/turtlebot3_example.egg-info
[4.033s] writing ../../../build/turtlebot3_example/turtlebot3_example.egg-info/PKG-INFO
[4.033s] writing dependency_links to ../../../build/turtlebot3_example/turtlebot3_example.egg-info/dependency_links.txt
[4.033s] writing entry points to ../../../build/turtlebot3_example/turtlebot3_example.egg-info/entry_points.txt
[4.034s] writing requirements to ../../../build/turtlebot3_example/turtlebot3_example.egg-info/requires.txt
[4.036s] writing top-level names to ../../../build/turtlebot3_example/turtlebot3_example.egg-info/top_level.txt
[4.036s] writing manifest file '../../../build/turtlebot3_example/turtlebot3_example.egg-info/SOURCES.txt'
[4.039s] reading manifest file '../../../build/turtlebot3_example/turtlebot3_example.egg-info/SOURCES.txt'
[4.040s] writing manifest file '../../../build/turtlebot3_example/turtlebot3_example.egg-info/SOURCES.txt'
[4.040s] running build
[4.041s] running build_py
[4.041s] creating /home/hb/Git/Embedded/build/turtlebot3_example/build
[4.041s] creating /home/hb/Git/Embedded/build/turtlebot3_example/build/lib
[4.041s] creating /home/hb/Git/Embedded/build/turtlebot3_example/build/lib/turtlebot3_example
[4.041s] copying turtlebot3_example/__init__.py -> /home/hb/Git/Embedded/build/turtlebot3_example/build/lib/turtlebot3_example
[4.042s] creating /home/hb/Git/Embedded/build/turtlebot3_example/build/lib/turtlebot3_example/turtlebot3_absolute_move
[4.043s] copying turtlebot3_example/turtlebot3_absolute_move/turtlebot3_absolute_move.py -> /home/hb/Git/Embedded/build/turtlebot3_example/build/lib/turtlebot3_example/turtlebot3_absolute_move
[4.043s] copying turtlebot3_example/turtlebot3_absolute_move/__init__.py -> /home/hb/Git/Embedded/build/turtlebot3_example/build/lib/turtlebot3_example/turtlebot3_absolute_move
[4.043s] creating /home/hb/Git/Embedded/build/turtlebot3_example/build/lib/turtlebot3_example/turtlebot3_relative_move
[4.043s] copying turtlebot3_example/turtlebot3_relative_move/turtlebot3_relative_move.py -> /home/hb/Git/Embedded/build/turtlebot3_example/build/lib/turtlebot3_example/turtlebot3_relative_move
[4.043s] copying turtlebot3_example/turtlebot3_relative_move/__init__.py -> /home/hb/Git/Embedded/build/turtlebot3_example/build/lib/turtlebot3_example/turtlebot3_relative_move
[4.047s] creating /home/hb/Git/Embedded/build/turtlebot3_example/build/lib/turtlebot3_example/turtlebot3_interactive_marker
[4.047s] copying turtlebot3_example/turtlebot3_interactive_marker/turtlebot3_interactive_marker.py -> /home/hb/Git/Embedded/build/turtlebot3_example/build/lib/turtlebot3_example/turtlebot3_interactive_marker
[4.047s] copying turtlebot3_example/turtlebot3_interactive_marker/__init__.py -> /home/hb/Git/Embedded/build/turtlebot3_example/build/lib/turtlebot3_example/turtlebot3_interactive_marker
[4.047s] creating /home/hb/Git/Embedded/build/turtlebot3_example/build/lib/turtlebot3_example/turtlebot3_patrol
[4.047s] copying turtlebot3_example/turtlebot3_patrol/turtlebot3_patrol_client.py -> /home/hb/Git/Embedded/build/turtlebot3_example/build/lib/turtlebot3_example/turtlebot3_patrol
[4.047s] copying turtlebot3_example/turtlebot3_patrol/turtlebot3_patrol_server.py -> /home/hb/Git/Embedded/build/turtlebot3_example/build/lib/turtlebot3_example/turtlebot3_patrol
[4.047s] copying turtlebot3_example/turtlebot3_patrol/__init__.py -> /home/hb/Git/Embedded/build/turtlebot3_example/build/lib/turtlebot3_example/turtlebot3_patrol
[4.048s] creating /home/hb/Git/Embedded/build/turtlebot3_example/build/lib/turtlebot3_example/turtlebot3_obstacle_detection
[4.048s] copying turtlebot3_example/turtlebot3_obstacle_detection/turtlebot3_obstacle_detection.py -> /home/hb/Git/Embedded/build/turtlebot3_example/build/lib/turtlebot3_example/turtlebot3_obstacle_detection
[4.048s] copying turtlebot3_example/turtlebot3_obstacle_detection/__init__.py -> /home/hb/Git/Embedded/build/turtlebot3_example/build/lib/turtlebot3_example/turtlebot3_obstacle_detection
[4.048s] running install
[4.048s] running install_lib
[4.048s] creating /home/hb/Git/Embedded/install/turtlebot3_example/lib/python3.10/site-packages/turtlebot3_example
[4.049s] creating /home/hb/Git/Embedded/install/turtlebot3_example/lib/python3.10/site-packages/turtlebot3_example/turtlebot3_absolute_move
[4.049s] copying /home/hb/Git/Embedded/build/turtlebot3_example/build/lib/turtlebot3_example/turtlebot3_absolute_move/turtlebot3_absolute_move.py -> /home/hb/Git/Embedded/install/turtlebot3_example/lib/python3.10/site-packages/turtlebot3_example/turtlebot3_absolute_move
[4.049s] copying /home/hb/Git/Embedded/build/turtlebot3_example/build/lib/turtlebot3_example/turtlebot3_absolute_move/__init__.py -> /home/hb/Git/Embedded/install/turtlebot3_example/lib/python3.10/site-packages/turtlebot3_example/turtlebot3_absolute_move
[4.049s] creating /home/hb/Git/Embedded/install/turtlebot3_example/lib/python3.10/site-packages/turtlebot3_example/turtlebot3_relative_move
[4.049s] copying /home/hb/Git/Embedded/build/turtlebot3_example/build/lib/turtlebot3_example/turtlebot3_relative_move/turtlebot3_relative_move.py -> /home/hb/Git/Embedded/install/turtlebot3_example/lib/python3.10/site-packages/turtlebot3_example/turtlebot3_relative_move
[4.050s] copying /home/hb/Git/Embedded/build/turtlebot3_example/build/lib/turtlebot3_example/turtlebot3_relative_move/__init__.py -> /home/hb/Git/Embedded/install/turtlebot3_example/lib/python3.10/site-packages/turtlebot3_example/turtlebot3_relative_move
[4.050s] creating /home/hb/Git/Embedded/install/turtlebot3_example/lib/python3.10/site-packages/turtlebot3_example/turtlebot3_interactive_marker
[4.050s] copying /home/hb/Git/Embedded/build/turtlebot3_example/build/lib/turtlebot3_example/turtlebot3_interactive_marker/turtlebot3_interactive_marker.py -> /home/hb/Git/Embedded/install/turtlebot3_example/lib/python3.10/site-packages/turtlebot3_example/turtlebot3_interactive_marker
[4.050s] copying /home/hb/Git/Embedded/build/turtlebot3_example/build/lib/turtlebot3_example/turtlebot3_interactive_marker/__init__.py -> /home/hb/Git/Embedded/install/turtlebot3_example/lib/python3.10/site-packages/turtlebot3_example/turtlebot3_interactive_marker
[4.051s] creating /home/hb/Git/Embedded/install/turtlebot3_example/lib/python3.10/site-packages/turtlebot3_example/turtlebot3_patrol
[4.051s] copying /home/hb/Git/Embedded/build/turtlebot3_example/build/lib/turtlebot3_example/turtlebot3_patrol/turtlebot3_patrol_client.py -> /home/hb/Git/Embedded/install/turtlebot3_example/lib/python3.10/site-packages/turtlebot3_example/turtlebot3_patrol
[4.051s] copying /home/hb/Git/Embedded/build/turtlebot3_example/build/lib/turtlebot3_example/turtlebot3_patrol/turtlebot3_patrol_server.py -> /home/hb/Git/Embedded/install/turtlebot3_example/lib/python3.10/site-packages/turtlebot3_example/turtlebot3_patrol
[4.053s] copying /home/hb/Git/Embedded/build/turtlebot3_example/build/lib/turtlebot3_example/turtlebot3_patrol/__init__.py -> /home/hb/Git/Embedded/install/turtlebot3_example/lib/python3.10/site-packages/turtlebot3_example/turtlebot3_patrol
[4.053s] creating /home/hb/Git/Embedded/install/turtlebot3_example/lib/python3.10/site-packages/turtlebot3_example/turtlebot3_obstacle_detection
[4.053s] copying /home/hb/Git/Embedded/build/turtlebot3_example/build/lib/turtlebot3_example/turtlebot3_obstacle_detection/turtlebot3_obstacle_detection.py -> /home/hb/Git/Embedded/install/turtlebot3_example/lib/python3.10/site-packages/turtlebot3_example/turtlebot3_obstacle_detection
[4.053s] copying /home/hb/Git/Embedded/build/turtlebot3_example/build/lib/turtlebot3_example/turtlebot3_obstacle_detection/__init__.py -> /home/hb/Git/Embedded/install/turtlebot3_example/lib/python3.10/site-packages/turtlebot3_example/turtlebot3_obstacle_detection
[4.053s] copying /home/hb/Git/Embedded/build/turtlebot3_example/build/lib/turtlebot3_example/__init__.py -> /home/hb/Git/Embedded/install/turtlebot3_example/lib/python3.10/site-packages/turtlebot3_example
[4.057s] byte-compiling /home/hb/Git/Embedded/install/turtlebot3_example/lib/python3.10/site-packages/turtlebot3_example/turtlebot3_absolute_move/turtlebot3_absolute_move.py to turtlebot3_absolute_move.cpython-310.pyc
[4.057s] byte-compiling /home/hb/Git/Embedded/install/turtlebot3_example/lib/python3.10/site-packages/turtlebot3_example/turtlebot3_absolute_move/__init__.py to __init__.cpython-310.pyc
[4.058s] byte-compiling /home/hb/Git/Embedded/install/turtlebot3_example/lib/python3.10/site-packages/turtlebot3_example/turtlebot3_relative_move/turtlebot3_relative_move.py to turtlebot3_relative_move.cpython-310.pyc
[4.060s] byte-compiling /home/hb/Git/Embedded/install/turtlebot3_example/lib/python3.10/site-packages/turtlebot3_example/turtlebot3_relative_move/__init__.py to __init__.cpython-310.pyc
[4.061s] byte-compiling /home/hb/Git/Embedded/install/turtlebot3_example/lib/python3.10/site-packages/turtlebot3_example/turtlebot3_interactive_marker/turtlebot3_interactive_marker.py to turtlebot3_interactive_marker.cpython-310.pyc
[4.066s] byte-compiling /home/hb/Git/Embedded/install/turtlebot3_example/lib/python3.10/site-packages/turtlebot3_example/turtlebot3_interactive_marker/__init__.py to __init__.cpython-310.pyc
[4.067s] byte-compiling /home/hb/Git/Embedded/install/turtlebot3_example/lib/python3.10/site-packages/turtlebot3_example/turtlebot3_patrol/turtlebot3_patrol_client.py to turtlebot3_patrol_client.cpython-310.pyc
[4.068s] byte-compiling /home/hb/Git/Embedded/install/turtlebot3_example/lib/python3.10/site-packages/turtlebot3_example/turtlebot3_patrol/turtlebot3_patrol_server.py to turtlebot3_patrol_server.cpython-310.pyc
[4.070s] byte-compiling /home/hb/Git/Embedded/install/turtlebot3_example/lib/python3.10/site-packages/turtlebot3_example/turtlebot3_patrol/__init__.py to __init__.cpython-310.pyc
[4.071s] byte-compiling /home/hb/Git/Embedded/install/turtlebot3_example/lib/python3.10/site-packages/turtlebot3_example/turtlebot3_obstacle_detection/turtlebot3_obstacle_detection.py to turtlebot3_obstacle_detection.cpython-310.pyc
[4.072s] byte-compiling /home/hb/Git/Embedded/install/turtlebot3_example/lib/python3.10/site-packages/turtlebot3_example/turtlebot3_obstacle_detection/__init__.py to __init__.cpython-310.pyc
[4.073s] byte-compiling /home/hb/Git/Embedded/install/turtlebot3_example/lib/python3.10/site-packages/turtlebot3_example/__init__.py to __init__.cpython-310.pyc
[4.073s] running install_data
[4.074s] creating /home/hb/Git/Embedded/install/turtlebot3_example/share/ament_index
[4.074s] creating /home/hb/Git/Embedded/install/turtlebot3_example/share/ament_index/resource_index
[4.074s] creating /home/hb/Git/Embedded/install/turtlebot3_example/share/ament_index/resource_index/packages
[4.075s] copying resource/turtlebot3_example -> /home/hb/Git/Embedded/install/turtlebot3_example/share/ament_index/resource_index/packages
[4.075s] copying package.xml -> /home/hb/Git/Embedded/install/turtlebot3_example/share/turtlebot3_example
[4.075s] running install_egg_info
[4.081s] Copying ../../../build/turtlebot3_example/turtlebot3_example.egg-info to /home/hb/Git/Embedded/install/turtlebot3_example/lib/python3.10/site-packages/turtlebot3_example-2.3.3-py3.10.egg-info
[4.083s] running install_scripts
[4.146s] Installing turtlebot3_absolute_move script to /home/hb/Git/Embedded/install/turtlebot3_example/lib/turtlebot3_example
[4.146s] Installing turtlebot3_interactive_marker script to /home/hb/Git/Embedded/install/turtlebot3_example/lib/turtlebot3_example
[4.146s] Installing turtlebot3_obstacle_detection script to /home/hb/Git/Embedded/install/turtlebot3_example/lib/turtlebot3_example
[4.146s] Installing turtlebot3_patrol_client script to /home/hb/Git/Embedded/install/turtlebot3_example/lib/turtlebot3_example
[4.146s] Installing turtlebot3_patrol_server script to /home/hb/Git/Embedded/install/turtlebot3_example/lib/turtlebot3_example
[4.146s] Installing turtlebot3_relative_move script to /home/hb/Git/Embedded/install/turtlebot3_example/lib/turtlebot3_example
[4.146s] writing list of installed files to '/home/hb/Git/Embedded/build/turtlebot3_example/install.log'
[4.231s] Invoked command in '/home/hb/Git/Embedded/src/turtlebot3/turtlebot3_example' returned '0': CMAKE_PREFIX_PATH=/home/hb/Git/Embedded/install/turtlebot3_msgs:/home/hb/Git/Embedded/install/turtlebot3:/home/hb/Git/Embedded/install/turtlebot3_simulations:/home/hb/Git/Embedded/install/turtlebot3_bringup:/home/hb/Git/Embedded/install/turtlebot3_node:/home/hb/Git/Embedded/install/turtlebot3_navigation2:/home/hb/Git/Embedded/install/turtlebot3_fake_node:/home/hb/Git/Embedded/install/turtlebot3_manipulation:/home/hb/Git/Embedded/install/turtlebot3_manipulation_teleop:/home/hb/Git/Embedded/install/turtlebot3_manipulation_navigation2:/home/hb/Git/Embedded/install/turtlebot3_manipulation_moveit_config:/home/hb/Git/Embedded/install/turtlebot3_manipulation_hardware:/home/hb/Git/Embedded/install/turtlebot3_manipulation_gazebo:/home/hb/Git/Embedded/install/turtlebot3_manipulation_bringup:/home/hb/Git/Embedded/install/turtlebot3_manipulation_description:/home/hb/Git/Embedded/install/turtlebot3_manipulation_cartographer:/home/hb/Git/Embedded/install/turtlebot3_gazebo:/home/hb/Git/Embedded/install/turtlebot3_description:/home/hb/Git/Embedded/install/turtlebot3_cartographer:/home/hb/Git/Embedded/install/dynamixel_sdk_examples:/home/hb/Git/Embedded/install/dynamixel_sdk_custom_interfaces:/home/hb/Git/Embedded/install/dynamixel_sdk:/home/hb/gazebo/install/elevator PYTHONPATH=/home/hb/Git/Embedded/build/turtlebot3_example/prefix_override:/usr/lib/python3/dist-packages/colcon_core/task/python/colcon_distutils_commands:/home/hb/Git/Embedded/install/turtlebot3_example/lib/python3.10/site-packages:${PYTHONPATH} /usr/bin/python3 -W ignore:setup.py install is deprecated -W ignore:easy_install command is deprecated setup.py egg_info --egg-base ../../../build/turtlebot3_example build --build-base /home/hb/Git/Embedded/build/turtlebot3_example/build install --record /home/hb/Git/Embedded/build/turtlebot3_example/install.log --single-version-externally-managed install_data
