[0.054s] Invoking command in '/home/hb/Git/Embedded/build/turtlebot3_description': CMAKE_PREFIX_PATH=${CMAKE_PREFIX_PATH}:/home/hb/Git/Embedded/install/turtlebot3_teleop:/home/hb/Git/Embedded/install/turtlebot3_example:/home/hb/Git/Embedded/install/robot_web_interface:/home/hb/Git/Embedded/install/delivery_interface:/home/hb/Git/Embedded/install/app_navigation:/opt/ros/humble /usr/bin/cmake /home/hb/Git/Embedded/src/turtlebot3/turtlebot3_description -DCMAKE_INSTALL_PREFIX=/home/hb/Git/Embedded/install/turtlebot3_description
[1.784s] -- The C compiler identification is GNU 11.4.0
[1.784s] -- The CXX compiler identification is GNU 11.4.0
[1.784s] -- Detecting C compiler ABI info
[1.784s] -- Detecting C compiler ABI info - done
[1.784s] -- Check for working C compiler: /usr/bin/cc - skipped
[1.784s] -- Detecting C compile features
[1.784s] -- Detecting C compile features - done
[1.784s] -- Detecting CXX compiler ABI info
[1.784s] -- Detecting CXX compiler ABI info - done
[1.784s] -- Check for working CXX compiler: /usr/bin/c++ - skipped
[1.784s] -- Detecting CXX compile features
[1.784s] -- Detecting CXX compile features - done
[1.784s] -- Found ament_cmake: 1.3.12 (/opt/ros/humble/share/ament_cmake/cmake)
[1.784s] -- Found Python3: /usr/bin/python3 (found version "3.10.12") found components: Interpreter 
[1.785s] -- Found urdf: 2.6.1 (/opt/ros/humble/share/urdf/cmake)
[1.785s] -- Configuring done
[1.785s] -- Generating done
[1.785s] -- Build files have been written to: /home/hb/Git/Embedded/build/turtlebot3_description
[1.815s] Invoked command in '/home/hb/Git/Embedded/build/turtlebot3_description' returned '0': CMAKE_PREFIX_PATH=${CMAKE_PREFIX_PATH}:/home/hb/Git/Embedded/install/turtlebot3_teleop:/home/hb/Git/Embedded/install/turtlebot3_example:/home/hb/Git/Embedded/install/robot_web_interface:/home/hb/Git/Embedded/install/delivery_interface:/home/hb/Git/Embedded/install/app_navigation:/opt/ros/humble /usr/bin/cmake /home/hb/Git/Embedded/src/turtlebot3/turtlebot3_description -DCMAKE_INSTALL_PREFIX=/home/hb/Git/Embedded/install/turtlebot3_description
[1.820s] Invoking command in '/home/hb/Git/Embedded/build/turtlebot3_description': CMAKE_PREFIX_PATH=${CMAKE_PREFIX_PATH}:/home/hb/Git/Embedded/install/turtlebot3_teleop:/home/hb/Git/Embedded/install/turtlebot3_example:/home/hb/Git/Embedded/install/robot_web_interface:/home/hb/Git/Embedded/install/delivery_interface:/home/hb/Git/Embedded/install/app_navigation:/opt/ros/humble /usr/bin/cmake --build /home/hb/Git/Embedded/build/turtlebot3_description -- -j16 -l16
[1.961s] Invoked command in '/home/hb/Git/Embedded/build/turtlebot3_description' returned '0': CMAKE_PREFIX_PATH=${CMAKE_PREFIX_PATH}:/home/hb/Git/Embedded/install/turtlebot3_teleop:/home/hb/Git/Embedded/install/turtlebot3_example:/home/hb/Git/Embedded/install/robot_web_interface:/home/hb/Git/Embedded/install/delivery_interface:/home/hb/Git/Embedded/install/app_navigation:/opt/ros/humble /usr/bin/cmake --build /home/hb/Git/Embedded/build/turtlebot3_description -- -j16 -l16
[1.972s] Invoking command in '/home/hb/Git/Embedded/build/turtlebot3_description': CMAKE_PREFIX_PATH=${CMAKE_PREFIX_PATH}:/home/hb/Git/Embedded/install/turtlebot3_teleop:/home/hb/Git/Embedded/install/turtlebot3_example:/home/hb/Git/Embedded/install/robot_web_interface:/home/hb/Git/Embedded/install/delivery_interface:/home/hb/Git/Embedded/install/app_navigation:/opt/ros/humble /usr/bin/cmake --install /home/hb/Git/Embedded/build/turtlebot3_description
[1.976s] -- Install configuration: ""
[1.976s] -- Installing: /home/hb/Git/Embedded/install/turtlebot3_description/share/turtlebot3_description/meshes
[1.984s] -- Installing: /home/hb/Git/Embedded/install/turtlebot3_description/share/turtlebot3_description/meshes/bases
[1.984s] -- Installing: /home/hb/Git/Embedded/install/turtlebot3_description/share/turtlebot3_description/meshes/bases/waffle_pi_base.stl
[1.984s] -- Installing: /home/hb/Git/Embedded/install/turtlebot3_description/share/turtlebot3_description/meshes/bases/burger_base.stl
[1.985s] -- Installing: /home/hb/Git/Embedded/install/turtlebot3_description/share/turtlebot3_description/meshes/bases/waffle_base.stl
[1.989s] -- Installing: /home/hb/Git/Embedded/install/turtlebot3_description/share/turtlebot3_description/meshes/sensors
[1.989s] -- Installing: /home/hb/Git/Embedded/install/turtlebot3_description/share/turtlebot3_description/meshes/sensors/lds.stl
[1.989s] -- Installing: /home/hb/Git/Embedded/install/turtlebot3_description/share/turtlebot3_description/meshes/sensors/r200.dae
[1.990s] -- Installing: /home/hb/Git/Embedded/install/turtlebot3_description/share/turtlebot3_description/meshes/sensors/astra.dae
[2.005s] -- Installing: /home/hb/Git/Embedded/install/turtlebot3_description/share/turtlebot3_description/meshes/sensors/r200.jpg
[2.007s] -- Installing: /home/hb/Git/Embedded/install/turtlebot3_description/share/turtlebot3_description/meshes/sensors/astra.jpg
[2.008s] -- Installing: /home/hb/Git/Embedded/install/turtlebot3_description/share/turtlebot3_description/meshes/wheels
[2.008s] -- Installing: /home/hb/Git/Embedded/install/turtlebot3_description/share/turtlebot3_description/meshes/wheels/right_tire.stl
[2.008s] -- Installing: /home/hb/Git/Embedded/install/turtlebot3_description/share/turtlebot3_description/meshes/wheels/left_tire.stl
[2.008s] -- Installing: /home/hb/Git/Embedded/install/turtlebot3_description/share/turtlebot3_description/rviz
[2.011s] -- Installing: /home/hb/Git/Embedded/install/turtlebot3_description/share/turtlebot3_description/rviz/model.rviz
[2.012s] -- Installing: /home/hb/Git/Embedded/install/turtlebot3_description/share/turtlebot3_description/urdf
[2.012s] -- Installing: /home/hb/Git/Embedded/install/turtlebot3_description/share/turtlebot3_description/urdf/common_properties.urdf
[2.012s] -- Installing: /home/hb/Git/Embedded/install/turtlebot3_description/share/turtlebot3_description/urdf/turtlebot3_waffle.urdf
[2.012s] -- Installing: /home/hb/Git/Embedded/install/turtlebot3_description/share/turtlebot3_description/urdf/turtlebot3_waffle_pi.urdf
[2.012s] -- Installing: /home/hb/Git/Embedded/install/turtlebot3_description/share/turtlebot3_description/urdf/turtlebot3_burger.urdf
[2.012s] -- Installing: /home/hb/Git/Embedded/install/turtlebot3_description/share/ament_index/resource_index/package_run_dependencies/turtlebot3_description
[2.012s] -- Installing: /home/hb/Git/Embedded/install/turtlebot3_description/share/ament_index/resource_index/parent_prefix_path/turtlebot3_description
[2.013s] -- Installing: /home/hb/Git/Embedded/install/turtlebot3_description/share/turtlebot3_description/environment/ament_prefix_path.sh
[2.013s] -- Installing: /home/hb/Git/Embedded/install/turtlebot3_description/share/turtlebot3_description/environment/ament_prefix_path.dsv
[2.020s] -- Installing: /home/hb/Git/Embedded/install/turtlebot3_description/share/turtlebot3_description/environment/path.sh
[2.027s] -- Installing: /home/hb/Git/Embedded/install/turtlebot3_description/share/turtlebot3_description/environment/path.dsv
[2.027s] -- Installing: /home/hb/Git/Embedded/install/turtlebot3_description/share/turtlebot3_description/local_setup.bash
[2.027s] -- Installing: /home/hb/Git/Embedded/install/turtlebot3_description/share/turtlebot3_description/local_setup.sh
[2.027s] -- Installing: /home/hb/Git/Embedded/install/turtlebot3_description/share/turtlebot3_description/local_setup.zsh
[2.027s] -- Installing: /home/hb/Git/Embedded/install/turtlebot3_description/share/turtlebot3_description/local_setup.dsv
[2.027s] -- Installing: /home/hb/Git/Embedded/install/turtlebot3_description/share/turtlebot3_description/package.dsv
[2.027s] -- Installing: /home/hb/Git/Embedded/install/turtlebot3_description/share/ament_index/resource_index/packages/turtlebot3_description
[2.028s] -- Installing: /home/hb/Git/Embedded/install/turtlebot3_description/share/turtlebot3_description/cmake/turtlebot3_descriptionConfig.cmake
[2.028s] -- Installing: /home/hb/Git/Embedded/install/turtlebot3_description/share/turtlebot3_description/cmake/turtlebot3_descriptionConfig-version.cmake
[2.028s] -- Installing: /home/hb/Git/Embedded/install/turtlebot3_description/share/turtlebot3_description/package.xml
[2.287s] Invoked command in '/home/hb/Git/Embedded/build/turtlebot3_description' returned '0': CMAKE_PREFIX_PATH=${CMAKE_PREFIX_PATH}:/home/hb/Git/Embedded/install/turtlebot3_teleop:/home/hb/Git/Embedded/install/turtlebot3_example:/home/hb/Git/Embedded/install/robot_web_interface:/home/hb/Git/Embedded/install/delivery_interface:/home/hb/Git/Embedded/install/app_navigation:/opt/ros/humble /usr/bin/cmake --install /home/hb/Git/Embedded/build/turtlebot3_description
