/home/donggun/S13P21A501/Embedded/install/robot_web_interface/lib/python3.10/site-packages/robot_web_interface/robot_status_client.py
/home/donggun/S13P21A501/Embedded/install/robot_web_interface/lib/python3.10/site-packages/robot_web_interface/turtlebot_status_monitor.py
/home/donggun/S13P21A501/Embedded/install/robot_web_interface/lib/python3.10/site-packages/robot_web_interface/robot_http_server.py
/home/donggun/S13P21A501/Embedded/install/robot_web_interface/lib/python3.10/site-packages/robot_web_interface/__init__.py
/home/donggun/S13P21A501/Embedded/install/robot_web_interface/lib/python3.10/site-packages/robot_web_interface/robot_status_monitor.py
/home/donggun/S13P21A501/Embedded/install/robot_web_interface/lib/python3.10/site-packages/robot_web_interface/delivery_address_client.py
/home/donggun/S13P21A501/Embedded/install/robot_web_interface/lib/python3.10/site-packages/robot_web_interface/__pycache__/robot_status_client.cpython-310.pyc
/home/donggun/S13P21A501/Embedded/install/robot_web_interface/lib/python3.10/site-packages/robot_web_interface/__pycache__/turtlebot_status_monitor.cpython-310.pyc
/home/donggun/S13P21A501/Embedded/install/robot_web_interface/lib/python3.10/site-packages/robot_web_interface/__pycache__/robot_http_server.cpython-310.pyc
/home/donggun/S13P21A501/Embedded/install/robot_web_interface/lib/python3.10/site-packages/robot_web_interface/__pycache__/__init__.cpython-310.pyc
/home/donggun/S13P21A501/Embedded/install/robot_web_interface/lib/python3.10/site-packages/robot_web_interface/__pycache__/robot_status_monitor.cpython-310.pyc
/home/donggun/S13P21A501/Embedded/install/robot_web_interface/lib/python3.10/site-packages/robot_web_interface/__pycache__/delivery_address_client.cpython-310.pyc
/home/donggun/S13P21A501/Embedded/install/robot_web_interface/share/ament_index/resource_index/packages/robot_web_interface
/home/donggun/S13P21A501/Embedded/install/robot_web_interface/share/robot_web_interface/package.xml
/home/donggun/S13P21A501/Embedded/install/robot_web_interface/share/robot_web_interface/launch/robot_web_server.launch.py
/home/donggun/S13P21A501/Embedded/install/robot_web_interface/share/robot_web_interface/launch/backend_integration.launch.py
/home/donggun/S13P21A501/Embedded/install/robot_web_interface/share/robot_web_interface/launch/robot_web_interface.launch.py
/home/donggun/S13P21A501/Embedded/install/robot_web_interface/lib/python3.10/site-packages/robot_web_interface-0.0.0-py3.10.egg-info/top_level.txt
/home/donggun/S13P21A501/Embedded/install/robot_web_interface/lib/python3.10/site-packages/robot_web_interface-0.0.0-py3.10.egg-info/zip-safe
/home/donggun/S13P21A501/Embedded/install/robot_web_interface/lib/python3.10/site-packages/robot_web_interface-0.0.0-py3.10.egg-info/dependency_links.txt
/home/donggun/S13P21A501/Embedded/install/robot_web_interface/lib/python3.10/site-packages/robot_web_interface-0.0.0-py3.10.egg-info/entry_points.txt
/home/donggun/S13P21A501/Embedded/install/robot_web_interface/lib/python3.10/site-packages/robot_web_interface-0.0.0-py3.10.egg-info/requires.txt
/home/donggun/S13P21A501/Embedded/install/robot_web_interface/lib/python3.10/site-packages/robot_web_interface-0.0.0-py3.10.egg-info/PKG-INFO
/home/donggun/S13P21A501/Embedded/install/robot_web_interface/lib/python3.10/site-packages/robot_web_interface-0.0.0-py3.10.egg-info/SOURCES.txt
/home/donggun/S13P21A501/Embedded/install/robot_web_interface/lib/robot_web_interface/delivery_address_client
/home/donggun/S13P21A501/Embedded/install/robot_web_interface/lib/robot_web_interface/robot_http_server
/home/donggun/S13P21A501/Embedded/install/robot_web_interface/lib/robot_web_interface/robot_status_client
/home/donggun/S13P21A501/Embedded/install/robot_web_interface/lib/robot_web_interface/robot_status_monitor
/home/donggun/S13P21A501/Embedded/install/robot_web_interface/lib/robot_web_interface/turtlebot_status_monitor
