[0.719s] Invoking command in '/home/donggun/S13P21A501/Embedded/src/build/robot_web_interface': PYTHONPATH=/home/donggun/S13P21A501/Embedded/src/build/robot_web_interface/prefix_override:/usr/lib/python3/dist-packages/colcon_core/task/python/colcon_distutils_commands:/home/donggun/S13P21A501/Embedded/src/install/robot_web_interface/lib/python3.10/site-packages: VIRTUAL_ENV_PROMPT=(.venv) /usr/bin/python3 -W ignore:setup.py install is deprecated -W ignore:easy_install command is deprecated setup.py develop --editable --build-directory /home/donggun/S13P21A501/Embedded/src/build/robot_web_interface/build --no-deps symlink_data --force
[1.039s] running develop
[1.162s] running egg_info
[1.170s] writing robot_web_interface.egg-info/PKG-INFO
[1.170s] writing dependency_links to robot_web_interface.egg-info/dependency_links.txt
[1.170s] writing entry points to robot_web_interface.egg-info/entry_points.txt
[1.170s] writing requirements to robot_web_interface.egg-info/requires.txt
[1.170s] writing top-level names to robot_web_interface.egg-info/top_level.txt
[1.191s] reading manifest file 'robot_web_interface.egg-info/SOURCES.txt'
[1.192s] writing manifest file 'robot_web_interface.egg-info/SOURCES.txt'
[1.206s] running build_ext
[1.207s] Creating /home/donggun/S13P21A501/Embedded/src/install/robot_web_interface/lib/python3.10/site-packages/robot-web-interface.egg-link (link to .)
[1.207s] Installing robot_status_client script to /home/donggun/S13P21A501/Embedded/src/install/robot_web_interface/lib/robot_web_interface
[1.207s] Installing robot_status_monitor script to /home/donggun/S13P21A501/Embedded/src/install/robot_web_interface/lib/robot_web_interface
[1.207s] 
[1.208s] Installed /home/donggun/S13P21A501/Embedded/src/build/robot_web_interface
[1.208s] running symlink_data
[1.208s] symbolically linking /home/donggun/S13P21A501/Embedded/src/build/robot_web_interface/resource/robot_web_interface -> /home/donggun/S13P21A501/Embedded/src/install/robot_web_interface/share/ament_index/resource_index/packages
[1.208s] symbolically linking /home/donggun/S13P21A501/Embedded/src/build/robot_web_interface/package.xml -> /home/donggun/S13P21A501/Embedded/src/install/robot_web_interface/share/robot_web_interface
[1.208s] symbolically linking /home/donggun/S13P21A501/Embedded/src/build/robot_web_interface/launch/robot_web_interface.launch.py -> /home/donggun/S13P21A501/Embedded/src/install/robot_web_interface/share/robot_web_interface/launch
[1.237s] Invoked command in '/home/donggun/S13P21A501/Embedded/src/build/robot_web_interface' returned '0': PYTHONPATH=/home/donggun/S13P21A501/Embedded/src/build/robot_web_interface/prefix_override:/usr/lib/python3/dist-packages/colcon_core/task/python/colcon_distutils_commands:/home/donggun/S13P21A501/Embedded/src/install/robot_web_interface/lib/python3.10/site-packages: VIRTUAL_ENV_PROMPT=(.venv) /usr/bin/python3 -W ignore:setup.py install is deprecated -W ignore:easy_install command is deprecated setup.py develop --editable --build-directory /home/donggun/S13P21A501/Embedded/src/build/robot_web_interface/build --no-deps symlink_data --force
