[0.032s] Invoking command in '/home/hb/Git/Embedded/build/turtlebot3_manipulation_hardware': CMAKE_PREFIX_PATH=/home/hb/Git/Embedded/install/dynamixel_sdk:/home/hb/Git/Embedded/install/turtlebot3:/home/hb/Git/Embedded/install/turtlebot3_simulations:/home/hb/Git/Embedded/install/turtlebot3_bringup:/home/hb/Git/Embedded/install/turtlebot3_node:/home/hb/Git/Embedded/install/turtlebot3_navigation2:/home/hb/Git/Embedded/install/turtlebot3_fake_node:/home/hb/Git/Embedded/install/turtlebot3_msgs:/home/hb/Git/Embedded/install/turtlebot3_manipulation:/home/hb/Git/Embedded/install/turtlebot3_manipulation_teleop:/home/hb/Git/Embedded/install/turtlebot3_manipulation_navigation2:/home/hb/Git/Embedded/install/turtlebot3_manipulation_moveit_config:/home/hb/Git/Embedded/install/turtlebot3_manipulation_hardware:/home/hb/Git/Embedded/install/turtlebot3_manipulation_gazebo:/home/hb/Git/Embedded/install/turtlebot3_manipulation_bringup:/home/hb/Git/Embedded/install/turtlebot3_manipulation_description:/home/hb/Git/Embedded/install/turtlebot3_manipulation_cartographer:/home/hb/Git/Embedded/install/turtlebot3_gazebo:/home/hb/Git/Embedded/install/turtlebot3_description:/home/hb/Git/Embedded/install/turtlebot3_cartographer:/home/hb/Git/Embedded/install/dynamixel_sdk_examples:/home/hb/Git/Embedded/install/dynamixel_sdk_custom_interfaces:/home/hb/Git/Embedded/install/turtlebot3_teleop:/home/hb/Git/Embedded/install/turtlebot3_example:/home/hb/Git/Embedded/install/robot_web_interface:/home/hb/Git/Embedded/install/delivery_interface:/home/hb/Git/Embedded/install/app_navigation:/opt/ros/humble LD_LIBRARY_PATH=/home/hb/Git/Embedded/install/dynamixel_sdk/lib:/home/hb/Git/Embedded/install/turtlebot3_msgs/lib:/home/hb/Git/Embedded/install/turtlebot3_manipulation_hardware/lib:/home/hb/Git/Embedded/install/turtlebot3_manipulation_gazebo/lib:/home/hb/Git/Embedded/install/dynamixel_sdk_custom_interfaces/lib:/usr/lib/x86_64-linux-gnu/gazebo-11/plugins:/opt/ros/humble/opt/rviz_ogre_vendor/lib:/opt/ros/humble/lib/x86_64-linux-gnu:/opt/ros/humble/lib /usr/bin/cmake /home/hb/Git/Embedded/src/turtlebot3_manipulation/turtlebot3_manipulation_hardware -DCMAKE_INSTALL_PREFIX=/home/hb/Git/Embedded/install/turtlebot3_manipulation_hardware
[0.125s] -- The C compiler identification is GNU 11.4.0
[0.217s] -- The CXX compiler identification is GNU 11.4.0
[0.229s] -- Detecting C compiler ABI info
[0.365s] -- Detecting C compiler ABI info - done
[0.380s] -- Check for working C compiler: /usr/bin/cc - skipped
[0.380s] -- Detecting C compile features
[0.381s] -- Detecting C compile features - done
[0.397s] -- Detecting CXX compiler ABI info
[0.647s] -- Detecting CXX compiler ABI info - done
[0.708s] -- Check for working CXX compiler: /usr/bin/c++ - skipped
[0.708s] -- Detecting CXX compile features
[0.708s] -- Detecting CXX compile features - done
[0.724s] -- Found ament_cmake: 1.3.12 (/opt/ros/humble/share/ament_cmake/cmake)
[1.260s] -- Found Python3: /usr/bin/python3 (found version "3.10.12") found components: Interpreter 
[1.497s] -- Found dynamixel_sdk: 3.8.4 (/home/hb/Git/Embedded/install/dynamixel_sdk/share/dynamixel_sdk/cmake)
[1.513s] -- Found hardware_interface: 2.51.0 (/opt/ros/humble/share/hardware_interface/cmake)
[1.714s] -- Found rosidl_generator_c: 3.1.7 (/opt/ros/humble/share/rosidl_generator_c/cmake)
[1.744s] -- Found rosidl_adapter: 3.1.7 (/opt/ros/humble/share/rosidl_adapter/cmake)
[1.789s] -- Found rosidl_generator_cpp: 3.1.7 (/opt/ros/humble/share/rosidl_generator_cpp/cmake)
[1.828s] -- Using all available rosidl_typesupport_c: rosidl_typesupport_fastrtps_c;rosidl_typesupport_introspection_c
[1.876s] -- Using all available rosidl_typesupport_cpp: rosidl_typesupport_fastrtps_cpp;rosidl_typesupport_introspection_cpp
[2.606s] -- Found rmw_implementation_cmake: 6.1.2 (/opt/ros/humble/share/rmw_implementation_cmake/cmake)
[2.635s] -- Found rmw_fastrtps_cpp: 6.2.8 (/opt/ros/humble/share/rmw_fastrtps_cpp/cmake)
[2.725s] -- Found TinyXML2 via Config file: TinyXML2_DIR-NOTFOUND
[2.898s] -- Found OpenSSL: /usr/lib/x86_64-linux-gnu/libcrypto.so (found version "3.0.2")  
[2.907s] -- Found TinyXML2 via Config file: TinyXML2_DIR-NOTFOUND
[2.961s] -- Found FastRTPS: /opt/ros/humble/include  
[2.967s] -- Found TinyXML2 via Config file: TinyXML2_DIR-NOTFOUND
[2.990s] -- Found TinyXML2 via Config file: TinyXML2_DIR-NOTFOUND
[3.024s] -- Using RMW implementation 'rmw_fastrtps_cpp' as default
[3.052s] -- Looking for pthread.h
[3.275s] -- Looking for pthread.h - found
[3.277s] -- Performing Test CMAKE_HAVE_LIBC_PTHREAD
[3.543s] -- Performing Test CMAKE_HAVE_LIBC_PTHREAD - Success
[3.545s] -- Found Threads: TRUE  
[4.041s] -- Configuring done
[4.150s] -- Generating done
[4.179s] -- Build files have been written to: /home/hb/Git/Embedded/build/turtlebot3_manipulation_hardware
[4.229s] Invoked command in '/home/hb/Git/Embedded/build/turtlebot3_manipulation_hardware' returned '0': CMAKE_PREFIX_PATH=/home/hb/Git/Embedded/install/dynamixel_sdk:/home/hb/Git/Embedded/install/turtlebot3:/home/hb/Git/Embedded/install/turtlebot3_simulations:/home/hb/Git/Embedded/install/turtlebot3_bringup:/home/hb/Git/Embedded/install/turtlebot3_node:/home/hb/Git/Embedded/install/turtlebot3_navigation2:/home/hb/Git/Embedded/install/turtlebot3_fake_node:/home/hb/Git/Embedded/install/turtlebot3_msgs:/home/hb/Git/Embedded/install/turtlebot3_manipulation:/home/hb/Git/Embedded/install/turtlebot3_manipulation_teleop:/home/hb/Git/Embedded/install/turtlebot3_manipulation_navigation2:/home/hb/Git/Embedded/install/turtlebot3_manipulation_moveit_config:/home/hb/Git/Embedded/install/turtlebot3_manipulation_hardware:/home/hb/Git/Embedded/install/turtlebot3_manipulation_gazebo:/home/hb/Git/Embedded/install/turtlebot3_manipulation_bringup:/home/hb/Git/Embedded/install/turtlebot3_manipulation_description:/home/hb/Git/Embedded/install/turtlebot3_manipulation_cartographer:/home/hb/Git/Embedded/install/turtlebot3_gazebo:/home/hb/Git/Embedded/install/turtlebot3_description:/home/hb/Git/Embedded/install/turtlebot3_cartographer:/home/hb/Git/Embedded/install/dynamixel_sdk_examples:/home/hb/Git/Embedded/install/dynamixel_sdk_custom_interfaces:/home/hb/Git/Embedded/install/turtlebot3_teleop:/home/hb/Git/Embedded/install/turtlebot3_example:/home/hb/Git/Embedded/install/robot_web_interface:/home/hb/Git/Embedded/install/delivery_interface:/home/hb/Git/Embedded/install/app_navigation:/opt/ros/humble LD_LIBRARY_PATH=/home/hb/Git/Embedded/install/dynamixel_sdk/lib:/home/hb/Git/Embedded/install/turtlebot3_msgs/lib:/home/hb/Git/Embedded/install/turtlebot3_manipulation_hardware/lib:/home/hb/Git/Embedded/install/turtlebot3_manipulation_gazebo/lib:/home/hb/Git/Embedded/install/dynamixel_sdk_custom_interfaces/lib:/usr/lib/x86_64-linux-gnu/gazebo-11/plugins:/opt/ros/humble/opt/rviz_ogre_vendor/lib:/opt/ros/humble/lib/x86_64-linux-gnu:/opt/ros/humble/lib /usr/bin/cmake /home/hb/Git/Embedded/src/turtlebot3_manipulation/turtlebot3_manipulation_hardware -DCMAKE_INSTALL_PREFIX=/home/hb/Git/Embedded/install/turtlebot3_manipulation_hardware
[4.235s] Invoking command in '/home/hb/Git/Embedded/build/turtlebot3_manipulation_hardware': CMAKE_PREFIX_PATH=/home/hb/Git/Embedded/install/dynamixel_sdk:/home/hb/Git/Embedded/install/turtlebot3:/home/hb/Git/Embedded/install/turtlebot3_simulations:/home/hb/Git/Embedded/install/turtlebot3_bringup:/home/hb/Git/Embedded/install/turtlebot3_node:/home/hb/Git/Embedded/install/turtlebot3_navigation2:/home/hb/Git/Embedded/install/turtlebot3_fake_node:/home/hb/Git/Embedded/install/turtlebot3_msgs:/home/hb/Git/Embedded/install/turtlebot3_manipulation:/home/hb/Git/Embedded/install/turtlebot3_manipulation_teleop:/home/hb/Git/Embedded/install/turtlebot3_manipulation_navigation2:/home/hb/Git/Embedded/install/turtlebot3_manipulation_moveit_config:/home/hb/Git/Embedded/install/turtlebot3_manipulation_hardware:/home/hb/Git/Embedded/install/turtlebot3_manipulation_gazebo:/home/hb/Git/Embedded/install/turtlebot3_manipulation_bringup:/home/hb/Git/Embedded/install/turtlebot3_manipulation_description:/home/hb/Git/Embedded/install/turtlebot3_manipulation_cartographer:/home/hb/Git/Embedded/install/turtlebot3_gazebo:/home/hb/Git/Embedded/install/turtlebot3_description:/home/hb/Git/Embedded/install/turtlebot3_cartographer:/home/hb/Git/Embedded/install/dynamixel_sdk_examples:/home/hb/Git/Embedded/install/dynamixel_sdk_custom_interfaces:/home/hb/Git/Embedded/install/turtlebot3_teleop:/home/hb/Git/Embedded/install/turtlebot3_example:/home/hb/Git/Embedded/install/robot_web_interface:/home/hb/Git/Embedded/install/delivery_interface:/home/hb/Git/Embedded/install/app_navigation:/opt/ros/humble LD_LIBRARY_PATH=/home/hb/Git/Embedded/install/dynamixel_sdk/lib:/home/hb/Git/Embedded/install/turtlebot3_msgs/lib:/home/hb/Git/Embedded/install/turtlebot3_manipulation_hardware/lib:/home/hb/Git/Embedded/install/turtlebot3_manipulation_gazebo/lib:/home/hb/Git/Embedded/install/dynamixel_sdk_custom_interfaces/lib:/usr/lib/x86_64-linux-gnu/gazebo-11/plugins:/opt/ros/humble/opt/rviz_ogre_vendor/lib:/opt/ros/humble/lib/x86_64-linux-gnu:/opt/ros/humble/lib /usr/bin/cmake --build /home/hb/Git/Embedded/build/turtlebot3_manipulation_hardware -- -j16 -l16
[4.399s] [ 25%] [32mBuilding CXX object CMakeFiles/turtlebot3_manipulation_hardware.dir/src/dynamixel_sdk_wrapper.cpp.o[0m
[4.410s] [ 50%] [32mBuilding CXX object CMakeFiles/turtlebot3_manipulation_hardware.dir/src/turtlebot3_manipulation_system.cpp.o[0m
[4.410s] [ 75%] [32mBuilding CXX object CMakeFiles/turtlebot3_manipulation_hardware.dir/src/opencr.cpp.o[0m
[13.351s] [100%] [32m[1mLinking CXX shared library libturtlebot3_manipulation_hardware.so[0m
[13.808s] [100%] Built target turtlebot3_manipulation_hardware
[13.856s] Invoked command in '/home/hb/Git/Embedded/build/turtlebot3_manipulation_hardware' returned '0': CMAKE_PREFIX_PATH=/home/hb/Git/Embedded/install/dynamixel_sdk:/home/hb/Git/Embedded/install/turtlebot3:/home/hb/Git/Embedded/install/turtlebot3_simulations:/home/hb/Git/Embedded/install/turtlebot3_bringup:/home/hb/Git/Embedded/install/turtlebot3_node:/home/hb/Git/Embedded/install/turtlebot3_navigation2:/home/hb/Git/Embedded/install/turtlebot3_fake_node:/home/hb/Git/Embedded/install/turtlebot3_msgs:/home/hb/Git/Embedded/install/turtlebot3_manipulation:/home/hb/Git/Embedded/install/turtlebot3_manipulation_teleop:/home/hb/Git/Embedded/install/turtlebot3_manipulation_navigation2:/home/hb/Git/Embedded/install/turtlebot3_manipulation_moveit_config:/home/hb/Git/Embedded/install/turtlebot3_manipulation_hardware:/home/hb/Git/Embedded/install/turtlebot3_manipulation_gazebo:/home/hb/Git/Embedded/install/turtlebot3_manipulation_bringup:/home/hb/Git/Embedded/install/turtlebot3_manipulation_description:/home/hb/Git/Embedded/install/turtlebot3_manipulation_cartographer:/home/hb/Git/Embedded/install/turtlebot3_gazebo:/home/hb/Git/Embedded/install/turtlebot3_description:/home/hb/Git/Embedded/install/turtlebot3_cartographer:/home/hb/Git/Embedded/install/dynamixel_sdk_examples:/home/hb/Git/Embedded/install/dynamixel_sdk_custom_interfaces:/home/hb/Git/Embedded/install/turtlebot3_teleop:/home/hb/Git/Embedded/install/turtlebot3_example:/home/hb/Git/Embedded/install/robot_web_interface:/home/hb/Git/Embedded/install/delivery_interface:/home/hb/Git/Embedded/install/app_navigation:/opt/ros/humble LD_LIBRARY_PATH=/home/hb/Git/Embedded/install/dynamixel_sdk/lib:/home/hb/Git/Embedded/install/turtlebot3_msgs/lib:/home/hb/Git/Embedded/install/turtlebot3_manipulation_hardware/lib:/home/hb/Git/Embedded/install/turtlebot3_manipulation_gazebo/lib:/home/hb/Git/Embedded/install/dynamixel_sdk_custom_interfaces/lib:/usr/lib/x86_64-linux-gnu/gazebo-11/plugins:/opt/ros/humble/opt/rviz_ogre_vendor/lib:/opt/ros/humble/lib/x86_64-linux-gnu:/opt/ros/humble/lib /usr/bin/cmake --build /home/hb/Git/Embedded/build/turtlebot3_manipulation_hardware -- -j16 -l16
[13.857s] Invoking command in '/home/hb/Git/Embedded/build/turtlebot3_manipulation_hardware': CMAKE_PREFIX_PATH=/home/hb/Git/Embedded/install/dynamixel_sdk:/home/hb/Git/Embedded/install/turtlebot3:/home/hb/Git/Embedded/install/turtlebot3_simulations:/home/hb/Git/Embedded/install/turtlebot3_bringup:/home/hb/Git/Embedded/install/turtlebot3_node:/home/hb/Git/Embedded/install/turtlebot3_navigation2:/home/hb/Git/Embedded/install/turtlebot3_fake_node:/home/hb/Git/Embedded/install/turtlebot3_msgs:/home/hb/Git/Embedded/install/turtlebot3_manipulation:/home/hb/Git/Embedded/install/turtlebot3_manipulation_teleop:/home/hb/Git/Embedded/install/turtlebot3_manipulation_navigation2:/home/hb/Git/Embedded/install/turtlebot3_manipulation_moveit_config:/home/hb/Git/Embedded/install/turtlebot3_manipulation_hardware:/home/hb/Git/Embedded/install/turtlebot3_manipulation_gazebo:/home/hb/Git/Embedded/install/turtlebot3_manipulation_bringup:/home/hb/Git/Embedded/install/turtlebot3_manipulation_description:/home/hb/Git/Embedded/install/turtlebot3_manipulation_cartographer:/home/hb/Git/Embedded/install/turtlebot3_gazebo:/home/hb/Git/Embedded/install/turtlebot3_description:/home/hb/Git/Embedded/install/turtlebot3_cartographer:/home/hb/Git/Embedded/install/dynamixel_sdk_examples:/home/hb/Git/Embedded/install/dynamixel_sdk_custom_interfaces:/home/hb/Git/Embedded/install/turtlebot3_teleop:/home/hb/Git/Embedded/install/turtlebot3_example:/home/hb/Git/Embedded/install/robot_web_interface:/home/hb/Git/Embedded/install/delivery_interface:/home/hb/Git/Embedded/install/app_navigation:/opt/ros/humble LD_LIBRARY_PATH=/home/hb/Git/Embedded/install/dynamixel_sdk/lib:/home/hb/Git/Embedded/install/turtlebot3_msgs/lib:/home/hb/Git/Embedded/install/turtlebot3_manipulation_hardware/lib:/home/hb/Git/Embedded/install/turtlebot3_manipulation_gazebo/lib:/home/hb/Git/Embedded/install/dynamixel_sdk_custom_interfaces/lib:/usr/lib/x86_64-linux-gnu/gazebo-11/plugins:/opt/ros/humble/opt/rviz_ogre_vendor/lib:/opt/ros/humble/lib/x86_64-linux-gnu:/opt/ros/humble/lib /usr/bin/cmake --install /home/hb/Git/Embedded/build/turtlebot3_manipulation_hardware
[13.877s] -- Install configuration: ""
[13.877s] -- Installing: /home/hb/Git/Embedded/install/turtlebot3_manipulation_hardware/share/turtlebot3_manipulation_hardware/turtlebot3_manipulation_hardware.xml
[13.877s] -- Installing: /home/hb/Git/Embedded/install/turtlebot3_manipulation_hardware/include
[13.877s] -- Installing: /home/hb/Git/Embedded/install/turtlebot3_manipulation_hardware/include/turtlebot3_manipulation_hardware
[13.877s] -- Installing: /home/hb/Git/Embedded/install/turtlebot3_manipulation_hardware/include/turtlebot3_manipulation_hardware/visibility_control.h
[13.877s] -- Installing: /home/hb/Git/Embedded/install/turtlebot3_manipulation_hardware/include/turtlebot3_manipulation_hardware/opencr_control_table.hpp
[13.878s] -- Installing: /home/hb/Git/Embedded/install/turtlebot3_manipulation_hardware/include/turtlebot3_manipulation_hardware/opencr_definitions.hpp
[13.878s] -- Installing: /home/hb/Git/Embedded/install/turtlebot3_manipulation_hardware/include/turtlebot3_manipulation_hardware/turtlebot3_manipulation_system.hpp
[13.878s] -- Installing: /home/hb/Git/Embedded/install/turtlebot3_manipulation_hardware/include/turtlebot3_manipulation_hardware/opencr.hpp
[13.878s] -- Installing: /home/hb/Git/Embedded/install/turtlebot3_manipulation_hardware/include/turtlebot3_manipulation_hardware/dynamixel_sdk_wrapper.hpp
[13.878s] -- Installing: /home/hb/Git/Embedded/install/turtlebot3_manipulation_hardware/lib/libturtlebot3_manipulation_hardware.so
[13.878s] -- Set runtime path of "/home/hb/Git/Embedded/install/turtlebot3_manipulation_hardware/lib/libturtlebot3_manipulation_hardware.so" to ""
[13.879s] -- Installing: /home/hb/Git/Embedded/install/turtlebot3_manipulation_hardware/share/turtlebot3_manipulation_hardware/environment/library_path.sh
[13.879s] -- Installing: /home/hb/Git/Embedded/install/turtlebot3_manipulation_hardware/share/turtlebot3_manipulation_hardware/environment/library_path.dsv
[13.879s] -- Installing: /home/hb/Git/Embedded/install/turtlebot3_manipulation_hardware/share/ament_index/resource_index/package_run_dependencies/turtlebot3_manipulation_hardware
[13.879s] -- Installing: /home/hb/Git/Embedded/install/turtlebot3_manipulation_hardware/share/ament_index/resource_index/parent_prefix_path/turtlebot3_manipulation_hardware
[13.879s] -- Installing: /home/hb/Git/Embedded/install/turtlebot3_manipulation_hardware/share/turtlebot3_manipulation_hardware/environment/ament_prefix_path.sh
[13.879s] -- Installing: /home/hb/Git/Embedded/install/turtlebot3_manipulation_hardware/share/turtlebot3_manipulation_hardware/environment/ament_prefix_path.dsv
[13.879s] -- Installing: /home/hb/Git/Embedded/install/turtlebot3_manipulation_hardware/share/turtlebot3_manipulation_hardware/environment/path.sh
[13.879s] -- Installing: /home/hb/Git/Embedded/install/turtlebot3_manipulation_hardware/share/turtlebot3_manipulation_hardware/environment/path.dsv
[13.880s] -- Installing: /home/hb/Git/Embedded/install/turtlebot3_manipulation_hardware/share/turtlebot3_manipulation_hardware/local_setup.bash
[13.880s] -- Installing: /home/hb/Git/Embedded/install/turtlebot3_manipulation_hardware/share/turtlebot3_manipulation_hardware/local_setup.sh
[13.880s] -- Installing: /home/hb/Git/Embedded/install/turtlebot3_manipulation_hardware/share/turtlebot3_manipulation_hardware/local_setup.zsh
[13.880s] -- Installing: /home/hb/Git/Embedded/install/turtlebot3_manipulation_hardware/share/turtlebot3_manipulation_hardware/local_setup.dsv
[13.880s] -- Installing: /home/hb/Git/Embedded/install/turtlebot3_manipulation_hardware/share/turtlebot3_manipulation_hardware/package.dsv
[13.880s] -- Installing: /home/hb/Git/Embedded/install/turtlebot3_manipulation_hardware/share/ament_index/resource_index/packages/turtlebot3_manipulation_hardware
[13.880s] -- Installing: /home/hb/Git/Embedded/install/turtlebot3_manipulation_hardware/share/ament_index/resource_index/hardware_interface__pluginlib__plugin/turtlebot3_manipulation_hardware
[13.880s] -- Installing: /home/hb/Git/Embedded/install/turtlebot3_manipulation_hardware/share/turtlebot3_manipulation_hardware/cmake/ament_cmake_export_include_directories-extras.cmake
[13.884s] -- Installing: /home/hb/Git/Embedded/install/turtlebot3_manipulation_hardware/share/turtlebot3_manipulation_hardware/cmake/ament_cmake_export_libraries-extras.cmake
[13.885s] -- Installing: /home/hb/Git/Embedded/install/turtlebot3_manipulation_hardware/share/turtlebot3_manipulation_hardware/cmake/ament_cmake_export_dependencies-extras.cmake
[13.885s] -- Installing: /home/hb/Git/Embedded/install/turtlebot3_manipulation_hardware/share/turtlebot3_manipulation_hardware/cmake/turtlebot3_manipulation_hardwareConfig.cmake
[13.885s] -- Installing: /home/hb/Git/Embedded/install/turtlebot3_manipulation_hardware/share/turtlebot3_manipulation_hardware/cmake/turtlebot3_manipulation_hardwareConfig-version.cmake
[13.885s] -- Installing: /home/hb/Git/Embedded/install/turtlebot3_manipulation_hardware/share/turtlebot3_manipulation_hardware/package.xml
[13.886s] Invoked command in '/home/hb/Git/Embedded/build/turtlebot3_manipulation_hardware' returned '0': CMAKE_PREFIX_PATH=/home/hb/Git/Embedded/install/dynamixel_sdk:/home/hb/Git/Embedded/install/turtlebot3:/home/hb/Git/Embedded/install/turtlebot3_simulations:/home/hb/Git/Embedded/install/turtlebot3_bringup:/home/hb/Git/Embedded/install/turtlebot3_node:/home/hb/Git/Embedded/install/turtlebot3_navigation2:/home/hb/Git/Embedded/install/turtlebot3_fake_node:/home/hb/Git/Embedded/install/turtlebot3_msgs:/home/hb/Git/Embedded/install/turtlebot3_manipulation:/home/hb/Git/Embedded/install/turtlebot3_manipulation_teleop:/home/hb/Git/Embedded/install/turtlebot3_manipulation_navigation2:/home/hb/Git/Embedded/install/turtlebot3_manipulation_moveit_config:/home/hb/Git/Embedded/install/turtlebot3_manipulation_hardware:/home/hb/Git/Embedded/install/turtlebot3_manipulation_gazebo:/home/hb/Git/Embedded/install/turtlebot3_manipulation_bringup:/home/hb/Git/Embedded/install/turtlebot3_manipulation_description:/home/hb/Git/Embedded/install/turtlebot3_manipulation_cartographer:/home/hb/Git/Embedded/install/turtlebot3_gazebo:/home/hb/Git/Embedded/install/turtlebot3_description:/home/hb/Git/Embedded/install/turtlebot3_cartographer:/home/hb/Git/Embedded/install/dynamixel_sdk_examples:/home/hb/Git/Embedded/install/dynamixel_sdk_custom_interfaces:/home/hb/Git/Embedded/install/turtlebot3_teleop:/home/hb/Git/Embedded/install/turtlebot3_example:/home/hb/Git/Embedded/install/robot_web_interface:/home/hb/Git/Embedded/install/delivery_interface:/home/hb/Git/Embedded/install/app_navigation:/opt/ros/humble LD_LIBRARY_PATH=/home/hb/Git/Embedded/install/dynamixel_sdk/lib:/home/hb/Git/Embedded/install/turtlebot3_msgs/lib:/home/hb/Git/Embedded/install/turtlebot3_manipulation_hardware/lib:/home/hb/Git/Embedded/install/turtlebot3_manipulation_gazebo/lib:/home/hb/Git/Embedded/install/dynamixel_sdk_custom_interfaces/lib:/usr/lib/x86_64-linux-gnu/gazebo-11/plugins:/opt/ros/humble/opt/rviz_ogre_vendor/lib:/opt/ros/humble/lib/x86_64-linux-gnu:/opt/ros/humble/lib /usr/bin/cmake --install /home/hb/Git/Embedded/build/turtlebot3_manipulation_hardware
