[0.654s] Invoking command in '/home/hb/Git/Embedded/build/turtlebot3_fake_node': CMAKE_PREFIX_PATH=/home/hb/Git/Embedded/install/turtlebot3_msgs:/home/hb/Git/Embedded/install/turtlebot3:/home/hb/Git/Embedded/install/turtlebot3_simulations:/home/hb/Git/Embedded/install/turtlebot3_bringup:/home/hb/Git/Embedded/install/turtlebot3_node:/home/hb/Git/Embedded/install/turtlebot3_navigation2:/home/hb/Git/Embedded/install/turtlebot3_fake_node:/home/hb/Git/Embedded/install/turtlebot3_manipulation:/home/hb/Git/Embedded/install/turtlebot3_manipulation_teleop:/home/hb/Git/Embedded/install/turtlebot3_manipulation_navigation2:/home/hb/Git/Embedded/install/turtlebot3_manipulation_moveit_config:/home/hb/Git/Embedded/install/turtlebot3_manipulation_hardware:/home/hb/Git/Embedded/install/turtlebot3_manipulation_gazebo:/home/hb/Git/Embedded/install/turtlebot3_manipulation_bringup:/home/hb/Git/Embedded/install/turtlebot3_manipulation_description:/home/hb/Git/Embedded/install/turtlebot3_manipulation_cartographer:/home/hb/Git/Embedded/install/turtlebot3_gazebo:/home/hb/Git/Embedded/install/turtlebot3_description:/home/hb/Git/Embedded/install/turtlebot3_cartographer:/home/hb/Git/Embedded/install/dynamixel_sdk_examples:/home/hb/Git/Embedded/install/dynamixel_sdk_custom_interfaces:/home/hb/Git/Embedded/install/dynamixel_sdk:/home/hb/Git/Embedded/install/turtlebot3_teleop:/home/hb/Git/Embedded/install/turtlebot3_example:/home/hb/Git/Embedded/install/robot_web_interface:/home/hb/Git/Embedded/install/delivery_interface:/home/hb/Git/Embedded/install/app_navigation:/opt/ros/humble /usr/bin/cmake /home/hb/Git/Embedded/src/turtlebot3_simulations/turtlebot3_fake_node -DCMAKE_INSTALL_PREFIX=/home/hb/Git/Embedded/install/turtlebot3_fake_node
[0.890s] -- The C compiler identification is GNU 11.4.0
[1.092s] -- The CXX compiler identification is GNU 11.4.0
[1.130s] -- Detecting C compiler ABI info
[1.411s] -- Detecting C compiler ABI info - done
[1.453s] -- Check for working C compiler: /usr/bin/cc - skipped
[1.453s] -- Detecting C compile features
[1.454s] -- Detecting C compile features - done
[1.475s] -- Detecting CXX compiler ABI info
[1.845s] -- Detecting CXX compiler ABI info - done
[1.875s] -- Check for working CXX compiler: /usr/bin/c++ - skipped
[1.876s] -- Detecting CXX compile features
[1.877s] -- Detecting CXX compile features - done
[1.888s] -- Found ament_cmake: 1.3.12 (/opt/ros/humble/share/ament_cmake/cmake)
[2.175s] -- Found Python3: /usr/bin/python3 (found version "3.10.12") found components: Interpreter 
[2.406s] -- Found geometry_msgs: 4.9.0 (/opt/ros/humble/share/geometry_msgs/cmake)
[2.500s] -- Found rosidl_generator_c: 3.1.7 (/opt/ros/humble/share/rosidl_generator_c/cmake)
[2.520s] -- Found rosidl_adapter: 3.1.7 (/opt/ros/humble/share/rosidl_adapter/cmake)
[2.539s] -- Found rosidl_generator_cpp: 3.1.7 (/opt/ros/humble/share/rosidl_generator_cpp/cmake)
[2.574s] -- Using all available rosidl_typesupport_c: rosidl_typesupport_fastrtps_c;rosidl_typesupport_introspection_c
[2.618s] -- Using all available rosidl_typesupport_cpp: rosidl_typesupport_fastrtps_cpp;rosidl_typesupport_introspection_cpp
[2.706s] -- Found nav_msgs: 4.9.0 (/opt/ros/humble/share/nav_msgs/cmake)
[2.745s] -- Found rclcpp: 16.0.14 (/opt/ros/humble/share/rclcpp/cmake)
[2.846s] -- Found rmw_implementation_cmake: 6.1.2 (/opt/ros/humble/share/rmw_implementation_cmake/cmake)
[2.854s] -- Found rmw_fastrtps_cpp: 6.2.8 (/opt/ros/humble/share/rmw_fastrtps_cpp/cmake)
[3.162s] -- Found OpenSSL: /usr/lib/x86_64-linux-gnu/libcrypto.so (found version "3.0.2")  
[3.227s] -- Found FastRTPS: /opt/ros/humble/include  
[3.326s] -- Using RMW implementation 'rmw_fastrtps_cpp' as default
[3.353s] -- Looking for pthread.h
[3.625s] -- Looking for pthread.h - found
[3.628s] -- Performing Test CMAKE_HAVE_LIBC_PTHREAD
[3.913s] -- Performing Test CMAKE_HAVE_LIBC_PTHREAD - Success
[3.915s] -- Found Threads: TRUE  
[4.127s] -- Found sensor_msgs: 4.9.0 (/opt/ros/humble/share/sensor_msgs/cmake)
[4.167s] -- Found tf2: 0.25.16 (/opt/ros/humble/share/tf2/cmake)
[4.196s] -- Found tf2_msgs: 0.25.16 (/opt/ros/humble/share/tf2_msgs/cmake)
[4.389s] -- Found turtlebot3_msgs: 2.4.0 (/home/hb/Git/Embedded/install/turtlebot3_msgs/share/turtlebot3_msgs/cmake)
[4.626s] -- Configuring done
[4.651s] -- Generating done
[4.659s] -- Build files have been written to: /home/hb/Git/Embedded/build/turtlebot3_fake_node
[4.687s] Invoked command in '/home/hb/Git/Embedded/build/turtlebot3_fake_node' returned '0': CMAKE_PREFIX_PATH=/home/hb/Git/Embedded/install/turtlebot3_msgs:/home/hb/Git/Embedded/install/turtlebot3:/home/hb/Git/Embedded/install/turtlebot3_simulations:/home/hb/Git/Embedded/install/turtlebot3_bringup:/home/hb/Git/Embedded/install/turtlebot3_node:/home/hb/Git/Embedded/install/turtlebot3_navigation2:/home/hb/Git/Embedded/install/turtlebot3_fake_node:/home/hb/Git/Embedded/install/turtlebot3_manipulation:/home/hb/Git/Embedded/install/turtlebot3_manipulation_teleop:/home/hb/Git/Embedded/install/turtlebot3_manipulation_navigation2:/home/hb/Git/Embedded/install/turtlebot3_manipulation_moveit_config:/home/hb/Git/Embedded/install/turtlebot3_manipulation_hardware:/home/hb/Git/Embedded/install/turtlebot3_manipulation_gazebo:/home/hb/Git/Embedded/install/turtlebot3_manipulation_bringup:/home/hb/Git/Embedded/install/turtlebot3_manipulation_description:/home/hb/Git/Embedded/install/turtlebot3_manipulation_cartographer:/home/hb/Git/Embedded/install/turtlebot3_gazebo:/home/hb/Git/Embedded/install/turtlebot3_description:/home/hb/Git/Embedded/install/turtlebot3_cartographer:/home/hb/Git/Embedded/install/dynamixel_sdk_examples:/home/hb/Git/Embedded/install/dynamixel_sdk_custom_interfaces:/home/hb/Git/Embedded/install/dynamixel_sdk:/home/hb/Git/Embedded/install/turtlebot3_teleop:/home/hb/Git/Embedded/install/turtlebot3_example:/home/hb/Git/Embedded/install/robot_web_interface:/home/hb/Git/Embedded/install/delivery_interface:/home/hb/Git/Embedded/install/app_navigation:/opt/ros/humble /usr/bin/cmake /home/hb/Git/Embedded/src/turtlebot3_simulations/turtlebot3_fake_node -DCMAKE_INSTALL_PREFIX=/home/hb/Git/Embedded/install/turtlebot3_fake_node
[4.695s] Invoking command in '/home/hb/Git/Embedded/build/turtlebot3_fake_node': CMAKE_PREFIX_PATH=/home/hb/Git/Embedded/install/turtlebot3_msgs:/home/hb/Git/Embedded/install/turtlebot3:/home/hb/Git/Embedded/install/turtlebot3_simulations:/home/hb/Git/Embedded/install/turtlebot3_bringup:/home/hb/Git/Embedded/install/turtlebot3_node:/home/hb/Git/Embedded/install/turtlebot3_navigation2:/home/hb/Git/Embedded/install/turtlebot3_fake_node:/home/hb/Git/Embedded/install/turtlebot3_manipulation:/home/hb/Git/Embedded/install/turtlebot3_manipulation_teleop:/home/hb/Git/Embedded/install/turtlebot3_manipulation_navigation2:/home/hb/Git/Embedded/install/turtlebot3_manipulation_moveit_config:/home/hb/Git/Embedded/install/turtlebot3_manipulation_hardware:/home/hb/Git/Embedded/install/turtlebot3_manipulation_gazebo:/home/hb/Git/Embedded/install/turtlebot3_manipulation_bringup:/home/hb/Git/Embedded/install/turtlebot3_manipulation_description:/home/hb/Git/Embedded/install/turtlebot3_manipulation_cartographer:/home/hb/Git/Embedded/install/turtlebot3_gazebo:/home/hb/Git/Embedded/install/turtlebot3_description:/home/hb/Git/Embedded/install/turtlebot3_cartographer:/home/hb/Git/Embedded/install/dynamixel_sdk_examples:/home/hb/Git/Embedded/install/dynamixel_sdk_custom_interfaces:/home/hb/Git/Embedded/install/dynamixel_sdk:/home/hb/Git/Embedded/install/turtlebot3_teleop:/home/hb/Git/Embedded/install/turtlebot3_example:/home/hb/Git/Embedded/install/robot_web_interface:/home/hb/Git/Embedded/install/delivery_interface:/home/hb/Git/Embedded/install/app_navigation:/opt/ros/humble /usr/bin/cmake --build /home/hb/Git/Embedded/build/turtlebot3_fake_node -- -j16 -l16
[4.845s] [ 50%] [32mBuilding CXX object CMakeFiles/turtlebot3_fake_node.dir/src/turtlebot3_fake_node.cpp.o[0m
[23.707s] [100%] [32m[1mLinking CXX executable turtlebot3_fake_node[0m
[24.349s] [100%] Built target turtlebot3_fake_node
[24.362s] Invoked command in '/home/hb/Git/Embedded/build/turtlebot3_fake_node' returned '0': CMAKE_PREFIX_PATH=/home/hb/Git/Embedded/install/turtlebot3_msgs:/home/hb/Git/Embedded/install/turtlebot3:/home/hb/Git/Embedded/install/turtlebot3_simulations:/home/hb/Git/Embedded/install/turtlebot3_bringup:/home/hb/Git/Embedded/install/turtlebot3_node:/home/hb/Git/Embedded/install/turtlebot3_navigation2:/home/hb/Git/Embedded/install/turtlebot3_fake_node:/home/hb/Git/Embedded/install/turtlebot3_manipulation:/home/hb/Git/Embedded/install/turtlebot3_manipulation_teleop:/home/hb/Git/Embedded/install/turtlebot3_manipulation_navigation2:/home/hb/Git/Embedded/install/turtlebot3_manipulation_moveit_config:/home/hb/Git/Embedded/install/turtlebot3_manipulation_hardware:/home/hb/Git/Embedded/install/turtlebot3_manipulation_gazebo:/home/hb/Git/Embedded/install/turtlebot3_manipulation_bringup:/home/hb/Git/Embedded/install/turtlebot3_manipulation_description:/home/hb/Git/Embedded/install/turtlebot3_manipulation_cartographer:/home/hb/Git/Embedded/install/turtlebot3_gazebo:/home/hb/Git/Embedded/install/turtlebot3_description:/home/hb/Git/Embedded/install/turtlebot3_cartographer:/home/hb/Git/Embedded/install/dynamixel_sdk_examples:/home/hb/Git/Embedded/install/dynamixel_sdk_custom_interfaces:/home/hb/Git/Embedded/install/dynamixel_sdk:/home/hb/Git/Embedded/install/turtlebot3_teleop:/home/hb/Git/Embedded/install/turtlebot3_example:/home/hb/Git/Embedded/install/robot_web_interface:/home/hb/Git/Embedded/install/delivery_interface:/home/hb/Git/Embedded/install/app_navigation:/opt/ros/humble /usr/bin/cmake --build /home/hb/Git/Embedded/build/turtlebot3_fake_node -- -j16 -l16
[24.365s] Invoking command in '/home/hb/Git/Embedded/build/turtlebot3_fake_node': CMAKE_PREFIX_PATH=/home/hb/Git/Embedded/install/turtlebot3_msgs:/home/hb/Git/Embedded/install/turtlebot3:/home/hb/Git/Embedded/install/turtlebot3_simulations:/home/hb/Git/Embedded/install/turtlebot3_bringup:/home/hb/Git/Embedded/install/turtlebot3_node:/home/hb/Git/Embedded/install/turtlebot3_navigation2:/home/hb/Git/Embedded/install/turtlebot3_fake_node:/home/hb/Git/Embedded/install/turtlebot3_manipulation:/home/hb/Git/Embedded/install/turtlebot3_manipulation_teleop:/home/hb/Git/Embedded/install/turtlebot3_manipulation_navigation2:/home/hb/Git/Embedded/install/turtlebot3_manipulation_moveit_config:/home/hb/Git/Embedded/install/turtlebot3_manipulation_hardware:/home/hb/Git/Embedded/install/turtlebot3_manipulation_gazebo:/home/hb/Git/Embedded/install/turtlebot3_manipulation_bringup:/home/hb/Git/Embedded/install/turtlebot3_manipulation_description:/home/hb/Git/Embedded/install/turtlebot3_manipulation_cartographer:/home/hb/Git/Embedded/install/turtlebot3_gazebo:/home/hb/Git/Embedded/install/turtlebot3_description:/home/hb/Git/Embedded/install/turtlebot3_cartographer:/home/hb/Git/Embedded/install/dynamixel_sdk_examples:/home/hb/Git/Embedded/install/dynamixel_sdk_custom_interfaces:/home/hb/Git/Embedded/install/dynamixel_sdk:/home/hb/Git/Embedded/install/turtlebot3_teleop:/home/hb/Git/Embedded/install/turtlebot3_example:/home/hb/Git/Embedded/install/robot_web_interface:/home/hb/Git/Embedded/install/delivery_interface:/home/hb/Git/Embedded/install/app_navigation:/opt/ros/humble /usr/bin/cmake --install /home/hb/Git/Embedded/build/turtlebot3_fake_node
[24.372s] -- Install configuration: ""
[24.372s] -- Installing: /home/hb/Git/Embedded/install/turtlebot3_fake_node/lib/turtlebot3_fake_node/turtlebot3_fake_node
[24.375s] -- Set runtime path of "/home/hb/Git/Embedded/install/turtlebot3_fake_node/lib/turtlebot3_fake_node/turtlebot3_fake_node" to ""
[24.376s] -- Installing: /home/hb/Git/Embedded/install/turtlebot3_fake_node/share/turtlebot3_fake_node/launch
[24.376s] -- Installing: /home/hb/Git/Embedded/install/turtlebot3_fake_node/share/turtlebot3_fake_node/launch/rviz2.launch.py
[24.376s] -- Installing: /home/hb/Git/Embedded/install/turtlebot3_fake_node/share/turtlebot3_fake_node/launch/turtlebot3_fake_node.launch.py
[24.376s] -- Installing: /home/hb/Git/Embedded/install/turtlebot3_fake_node/share/turtlebot3_fake_node/param
[24.376s] -- Installing: /home/hb/Git/Embedded/install/turtlebot3_fake_node/share/turtlebot3_fake_node/param/burger.yaml
[24.376s] -- Installing: /home/hb/Git/Embedded/install/turtlebot3_fake_node/share/turtlebot3_fake_node/param/waffle.yaml
[24.377s] -- Installing: /home/hb/Git/Embedded/install/turtlebot3_fake_node/share/turtlebot3_fake_node/param/waffle_pi.yaml
[24.377s] -- Installing: /home/hb/Git/Embedded/install/turtlebot3_fake_node/include/
[24.377s] -- Installing: /home/hb/Git/Embedded/install/turtlebot3_fake_node/include//turtlebot3_fake_node
[24.377s] -- Installing: /home/hb/Git/Embedded/install/turtlebot3_fake_node/include//turtlebot3_fake_node/turtlebot3_fake_node.hpp
[24.377s] -- Installing: /home/hb/Git/Embedded/install/turtlebot3_fake_node/share/ament_index/resource_index/package_run_dependencies/turtlebot3_fake_node
[24.377s] -- Installing: /home/hb/Git/Embedded/install/turtlebot3_fake_node/share/ament_index/resource_index/parent_prefix_path/turtlebot3_fake_node
[24.377s] -- Installing: /home/hb/Git/Embedded/install/turtlebot3_fake_node/share/turtlebot3_fake_node/environment/ament_prefix_path.sh
[24.378s] -- Installing: /home/hb/Git/Embedded/install/turtlebot3_fake_node/share/turtlebot3_fake_node/environment/ament_prefix_path.dsv
[24.378s] -- Installing: /home/hb/Git/Embedded/install/turtlebot3_fake_node/share/turtlebot3_fake_node/environment/path.sh
[24.378s] -- Installing: /home/hb/Git/Embedded/install/turtlebot3_fake_node/share/turtlebot3_fake_node/environment/path.dsv
[24.378s] -- Installing: /home/hb/Git/Embedded/install/turtlebot3_fake_node/share/turtlebot3_fake_node/local_setup.bash
[24.378s] -- Installing: /home/hb/Git/Embedded/install/turtlebot3_fake_node/share/turtlebot3_fake_node/local_setup.sh
[24.378s] -- Installing: /home/hb/Git/Embedded/install/turtlebot3_fake_node/share/turtlebot3_fake_node/local_setup.zsh
[24.378s] -- Installing: /home/hb/Git/Embedded/install/turtlebot3_fake_node/share/turtlebot3_fake_node/local_setup.dsv
[24.378s] -- Installing: /home/hb/Git/Embedded/install/turtlebot3_fake_node/share/turtlebot3_fake_node/package.dsv
[24.379s] -- Installing: /home/hb/Git/Embedded/install/turtlebot3_fake_node/share/ament_index/resource_index/packages/turtlebot3_fake_node
[24.379s] -- Installing: /home/hb/Git/Embedded/install/turtlebot3_fake_node/share/turtlebot3_fake_node/cmake/ament_cmake_export_include_directories-extras.cmake
[24.379s] -- Installing: /home/hb/Git/Embedded/install/turtlebot3_fake_node/share/turtlebot3_fake_node/cmake/ament_cmake_export_dependencies-extras.cmake
[24.379s] -- Installing: /home/hb/Git/Embedded/install/turtlebot3_fake_node/share/turtlebot3_fake_node/cmake/turtlebot3_fake_nodeConfig.cmake
[24.379s] -- Installing: /home/hb/Git/Embedded/install/turtlebot3_fake_node/share/turtlebot3_fake_node/cmake/turtlebot3_fake_nodeConfig-version.cmake
[24.379s] -- Installing: /home/hb/Git/Embedded/install/turtlebot3_fake_node/share/turtlebot3_fake_node/package.xml
[24.382s] Invoked command in '/home/hb/Git/Embedded/build/turtlebot3_fake_node' returned '0': CMAKE_PREFIX_PATH=/home/hb/Git/Embedded/install/turtlebot3_msgs:/home/hb/Git/Embedded/install/turtlebot3:/home/hb/Git/Embedded/install/turtlebot3_simulations:/home/hb/Git/Embedded/install/turtlebot3_bringup:/home/hb/Git/Embedded/install/turtlebot3_node:/home/hb/Git/Embedded/install/turtlebot3_navigation2:/home/hb/Git/Embedded/install/turtlebot3_fake_node:/home/hb/Git/Embedded/install/turtlebot3_manipulation:/home/hb/Git/Embedded/install/turtlebot3_manipulation_teleop:/home/hb/Git/Embedded/install/turtlebot3_manipulation_navigation2:/home/hb/Git/Embedded/install/turtlebot3_manipulation_moveit_config:/home/hb/Git/Embedded/install/turtlebot3_manipulation_hardware:/home/hb/Git/Embedded/install/turtlebot3_manipulation_gazebo:/home/hb/Git/Embedded/install/turtlebot3_manipulation_bringup:/home/hb/Git/Embedded/install/turtlebot3_manipulation_description:/home/hb/Git/Embedded/install/turtlebot3_manipulation_cartographer:/home/hb/Git/Embedded/install/turtlebot3_gazebo:/home/hb/Git/Embedded/install/turtlebot3_description:/home/hb/Git/Embedded/install/turtlebot3_cartographer:/home/hb/Git/Embedded/install/dynamixel_sdk_examples:/home/hb/Git/Embedded/install/dynamixel_sdk_custom_interfaces:/home/hb/Git/Embedded/install/dynamixel_sdk:/home/hb/Git/Embedded/install/turtlebot3_teleop:/home/hb/Git/Embedded/install/turtlebot3_example:/home/hb/Git/Embedded/install/robot_web_interface:/home/hb/Git/Embedded/install/delivery_interface:/home/hb/Git/Embedded/install/app_navigation:/opt/ros/humble /usr/bin/cmake --install /home/hb/Git/Embedded/build/turtlebot3_fake_node
