[2.687s] Invoking command in '/home/hb/Git/Embedded/src/robot_web_interface': PYTHONPATH=/home/hb/Git/Embedded/build/robot_web_interface/prefix_override:/usr/lib/python3/dist-packages/colcon_core/task/python/colcon_distutils_commands:/home/hb/Git/Embedded/install/robot_web_interface/lib/python3.10/site-packages:${PYTHONPATH} /usr/bin/python3 -W ignore:setup.py install is deprecated -W ignore:easy_install command is deprecated setup.py egg_info --egg-base ../../build/robot_web_interface build --build-base /home/hb/Git/Embedded/build/robot_web_interface/build install --record /home/hb/Git/Embedded/build/robot_web_interface/install.log --single-version-externally-managed install_data
[3.227s] running egg_info
[3.230s] creating ../../build/robot_web_interface/robot_web_interface.egg-info
[3.230s] writing ../../build/robot_web_interface/robot_web_interface.egg-info/PKG-INFO
[3.230s] writing dependency_links to ../../build/robot_web_interface/robot_web_interface.egg-info/dependency_links.txt
[3.231s] writing entry points to ../../build/robot_web_interface/robot_web_interface.egg-info/entry_points.txt
[3.232s] writing requirements to ../../build/robot_web_interface/robot_web_interface.egg-info/requires.txt
[3.233s] writing top-level names to ../../build/robot_web_interface/robot_web_interface.egg-info/top_level.txt
[3.233s] writing manifest file '../../build/robot_web_interface/robot_web_interface.egg-info/SOURCES.txt'
[3.238s] reading manifest file '../../build/robot_web_interface/robot_web_interface.egg-info/SOURCES.txt'
[3.241s] writing manifest file '../../build/robot_web_interface/robot_web_interface.egg-info/SOURCES.txt'
[3.242s] running build
[3.242s] running build_py
[3.242s] creating /home/hb/Git/Embedded/build/robot_web_interface/build
[3.242s] creating /home/hb/Git/Embedded/build/robot_web_interface/build/lib
[3.243s] creating /home/hb/Git/Embedded/build/robot_web_interface/build/lib/robot_web_interface
[3.244s] copying robot_web_interface/delivery_address_client.py -> /home/hb/Git/Embedded/build/robot_web_interface/build/lib/robot_web_interface
[3.245s] copying robot_web_interface/robot_status_client.py -> /home/hb/Git/Embedded/build/robot_web_interface/build/lib/robot_web_interface
[3.245s] copying robot_web_interface/robot_status_monitor.py -> /home/hb/Git/Embedded/build/robot_web_interface/build/lib/robot_web_interface
[3.245s] copying robot_web_interface/turtlebot_status_monitor.py -> /home/hb/Git/Embedded/build/robot_web_interface/build/lib/robot_web_interface
[3.245s] copying robot_web_interface/robot_http_server.py -> /home/hb/Git/Embedded/build/robot_web_interface/build/lib/robot_web_interface
[3.246s] copying robot_web_interface/__init__.py -> /home/hb/Git/Embedded/build/robot_web_interface/build/lib/robot_web_interface
[3.246s] running install
[3.250s] running install_lib
[3.250s] creating /home/hb/Git/Embedded/install/robot_web_interface/lib/python3.10/site-packages/robot_web_interface
[3.251s] copying /home/hb/Git/Embedded/build/robot_web_interface/build/lib/robot_web_interface/delivery_address_client.py -> /home/hb/Git/Embedded/install/robot_web_interface/lib/python3.10/site-packages/robot_web_interface
[3.251s] copying /home/hb/Git/Embedded/build/robot_web_interface/build/lib/robot_web_interface/robot_status_client.py -> /home/hb/Git/Embedded/install/robot_web_interface/lib/python3.10/site-packages/robot_web_interface
[3.251s] copying /home/hb/Git/Embedded/build/robot_web_interface/build/lib/robot_web_interface/robot_status_monitor.py -> /home/hb/Git/Embedded/install/robot_web_interface/lib/python3.10/site-packages/robot_web_interface
[3.251s] copying /home/hb/Git/Embedded/build/robot_web_interface/build/lib/robot_web_interface/turtlebot_status_monitor.py -> /home/hb/Git/Embedded/install/robot_web_interface/lib/python3.10/site-packages/robot_web_interface
[3.251s] copying /home/hb/Git/Embedded/build/robot_web_interface/build/lib/robot_web_interface/robot_http_server.py -> /home/hb/Git/Embedded/install/robot_web_interface/lib/python3.10/site-packages/robot_web_interface
[3.251s] copying /home/hb/Git/Embedded/build/robot_web_interface/build/lib/robot_web_interface/__init__.py -> /home/hb/Git/Embedded/install/robot_web_interface/lib/python3.10/site-packages/robot_web_interface
[3.252s] byte-compiling /home/hb/Git/Embedded/install/robot_web_interface/lib/python3.10/site-packages/robot_web_interface/delivery_address_client.py to delivery_address_client.cpython-310.pyc
[3.254s] byte-compiling /home/hb/Git/Embedded/install/robot_web_interface/lib/python3.10/site-packages/robot_web_interface/robot_status_client.py to robot_status_client.cpython-310.pyc
[3.256s] byte-compiling /home/hb/Git/Embedded/install/robot_web_interface/lib/python3.10/site-packages/robot_web_interface/robot_status_monitor.py to robot_status_monitor.cpython-310.pyc
[3.257s] byte-compiling /home/hb/Git/Embedded/install/robot_web_interface/lib/python3.10/site-packages/robot_web_interface/turtlebot_status_monitor.py to turtlebot_status_monitor.cpython-310.pyc
[3.262s] byte-compiling /home/hb/Git/Embedded/install/robot_web_interface/lib/python3.10/site-packages/robot_web_interface/robot_http_server.py to robot_http_server.cpython-310.pyc
[3.266s] byte-compiling /home/hb/Git/Embedded/install/robot_web_interface/lib/python3.10/site-packages/robot_web_interface/__init__.py to __init__.cpython-310.pyc
[3.301s] running install_data
[3.301s] creating /home/hb/Git/Embedded/install/robot_web_interface/share/ament_index
[3.301s] creating /home/hb/Git/Embedded/install/robot_web_interface/share/ament_index/resource_index
[3.301s] creating /home/hb/Git/Embedded/install/robot_web_interface/share/ament_index/resource_index/packages
[3.301s] copying resource/robot_web_interface -> /home/hb/Git/Embedded/install/robot_web_interface/share/ament_index/resource_index/packages
[3.301s] copying package.xml -> /home/hb/Git/Embedded/install/robot_web_interface/share/robot_web_interface
[3.302s] creating /home/hb/Git/Embedded/install/robot_web_interface/share/robot_web_interface/launch
[3.302s] copying launch/robot_web_interface.launch.py -> /home/hb/Git/Embedded/install/robot_web_interface/share/robot_web_interface/launch
[3.302s] copying launch/backend_integration.launch.py -> /home/hb/Git/Embedded/install/robot_web_interface/share/robot_web_interface/launch
[3.302s] copying launch/robot_web_server.launch.py -> /home/hb/Git/Embedded/install/robot_web_interface/share/robot_web_interface/launch
[3.302s] running install_egg_info
[3.302s] Copying ../../build/robot_web_interface/robot_web_interface.egg-info to /home/hb/Git/Embedded/install/robot_web_interface/lib/python3.10/site-packages/robot_web_interface-0.0.0-py3.10.egg-info
[3.302s] running install_scripts
[3.322s] Installing delivery_address_client script to /home/hb/Git/Embedded/install/robot_web_interface/lib/robot_web_interface
[3.322s] Installing robot_http_server script to /home/hb/Git/Embedded/install/robot_web_interface/lib/robot_web_interface
[3.323s] Installing robot_status_client script to /home/hb/Git/Embedded/install/robot_web_interface/lib/robot_web_interface
[3.323s] Installing robot_status_monitor script to /home/hb/Git/Embedded/install/robot_web_interface/lib/robot_web_interface
[3.323s] Installing turtlebot_status_monitor script to /home/hb/Git/Embedded/install/robot_web_interface/lib/robot_web_interface
[3.323s] writing list of installed files to '/home/hb/Git/Embedded/build/robot_web_interface/install.log'
[3.354s] Invoked command in '/home/hb/Git/Embedded/src/robot_web_interface' returned '0': PYTHONPATH=/home/hb/Git/Embedded/build/robot_web_interface/prefix_override:/usr/lib/python3/dist-packages/colcon_core/task/python/colcon_distutils_commands:/home/hb/Git/Embedded/install/robot_web_interface/lib/python3.10/site-packages:${PYTHONPATH} /usr/bin/python3 -W ignore:setup.py install is deprecated -W ignore:easy_install command is deprecated setup.py egg_info --egg-base ../../build/robot_web_interface build --build-base /home/hb/Git/Embedded/build/robot_web_interface/build install --record /home/hb/Git/Embedded/build/robot_web_interface/install.log --single-version-externally-managed install_data
