[0.093s] Invoking command in '/home/hb/Git/Embedded/build/turtlebot3_description': CMAKE_PREFIX_PATH=${CMAKE_PREFIX_PATH}:/home/hb/Git/Embedded/install/turtlebot3_teleop:/home/hb/Git/Embedded/install/turtlebot3_example:/home/hb/Git/Embedded/install/robot_web_interface:/home/hb/Git/Embedded/install/delivery_interface:/home/hb/Git/Embedded/install/app_navigation:/opt/ros/humble /usr/bin/cmake /home/hb/Git/Embedded/src/turtlebot3/turtlebot3_description -DCMAKE_INSTALL_PREFIX=/home/hb/Git/Embedded/install/turtlebot3_description
[1.771s] -- The C compiler identification is GNU 11.4.0
[1.772s] -- The CXX compiler identification is GNU 11.4.0
[1.772s] -- Detecting C compiler ABI info
[1.772s] -- Detecting C compiler ABI info - done
[1.772s] -- Check for working C compiler: /usr/bin/cc - skipped
[1.772s] -- Detecting C compile features
[1.772s] -- Detecting C compile features - done
[1.772s] -- Detecting CXX compiler ABI info
[1.773s] -- Detecting CXX compiler ABI info - done
[1.773s] -- Check for working CXX compiler: /usr/bin/c++ - skipped
[1.773s] -- Detecting CXX compile features
[1.773s] -- Detecting CXX compile features - done
[1.773s] -- Found ament_cmake: 1.3.12 (/opt/ros/humble/share/ament_cmake/cmake)
[1.773s] -- Found Python3: /usr/bin/python3 (found version "3.10.12") found components: Interpreter 
[1.774s] -- Found urdf: 2.6.1 (/opt/ros/humble/share/urdf/cmake)
[1.774s] -- Configuring done
[1.774s] -- Generating done
[1.774s] -- Build files have been written to: /home/hb/Git/Embedded/build/turtlebot3_description
[1.806s] Invoked command in '/home/hb/Git/Embedded/build/turtlebot3_description' returned '0': CMAKE_PREFIX_PATH=${CMAKE_PREFIX_PATH}:/home/hb/Git/Embedded/install/turtlebot3_teleop:/home/hb/Git/Embedded/install/turtlebot3_example:/home/hb/Git/Embedded/install/robot_web_interface:/home/hb/Git/Embedded/install/delivery_interface:/home/hb/Git/Embedded/install/app_navigation:/opt/ros/humble /usr/bin/cmake /home/hb/Git/Embedded/src/turtlebot3/turtlebot3_description -DCMAKE_INSTALL_PREFIX=/home/hb/Git/Embedded/install/turtlebot3_description
[1.808s] Invoking command in '/home/hb/Git/Embedded/build/turtlebot3_description': CMAKE_PREFIX_PATH=${CMAKE_PREFIX_PATH}:/home/hb/Git/Embedded/install/turtlebot3_teleop:/home/hb/Git/Embedded/install/turtlebot3_example:/home/hb/Git/Embedded/install/robot_web_interface:/home/hb/Git/Embedded/install/delivery_interface:/home/hb/Git/Embedded/install/app_navigation:/opt/ros/humble /usr/bin/cmake --build /home/hb/Git/Embedded/build/turtlebot3_description -- -j16 -l16
[1.887s] Invoked command in '/home/hb/Git/Embedded/build/turtlebot3_description' returned '0': CMAKE_PREFIX_PATH=${CMAKE_PREFIX_PATH}:/home/hb/Git/Embedded/install/turtlebot3_teleop:/home/hb/Git/Embedded/install/turtlebot3_example:/home/hb/Git/Embedded/install/robot_web_interface:/home/hb/Git/Embedded/install/delivery_interface:/home/hb/Git/Embedded/install/app_navigation:/opt/ros/humble /usr/bin/cmake --build /home/hb/Git/Embedded/build/turtlebot3_description -- -j16 -l16
[1.888s] Invoking command in '/home/hb/Git/Embedded/build/turtlebot3_description': CMAKE_PREFIX_PATH=${CMAKE_PREFIX_PATH}:/home/hb/Git/Embedded/install/turtlebot3_teleop:/home/hb/Git/Embedded/install/turtlebot3_example:/home/hb/Git/Embedded/install/robot_web_interface:/home/hb/Git/Embedded/install/delivery_interface:/home/hb/Git/Embedded/install/app_navigation:/opt/ros/humble /usr/bin/cmake --install /home/hb/Git/Embedded/build/turtlebot3_description
[1.916s] -- Install configuration: ""
[1.916s] -- Installing: /home/hb/Git/Embedded/install/turtlebot3_description/share/turtlebot3_description/meshes
[1.916s] -- Installing: /home/hb/Git/Embedded/install/turtlebot3_description/share/turtlebot3_description/meshes/bases
[1.925s] -- Installing: /home/hb/Git/Embedded/install/turtlebot3_description/share/turtlebot3_description/meshes/bases/waffle_pi_base.stl
[1.953s] -- Installing: /home/hb/Git/Embedded/install/turtlebot3_description/share/turtlebot3_description/meshes/bases/burger_base.stl
[1.953s] -- Installing: /home/hb/Git/Embedded/install/turtlebot3_description/share/turtlebot3_description/meshes/bases/waffle_base.stl
[1.966s] -- Installing: /home/hb/Git/Embedded/install/turtlebot3_description/share/turtlebot3_description/meshes/sensors
[1.966s] -- Installing: /home/hb/Git/Embedded/install/turtlebot3_description/share/turtlebot3_description/meshes/sensors/lds.stl
[1.966s] -- Installing: /home/hb/Git/Embedded/install/turtlebot3_description/share/turtlebot3_description/meshes/sensors/r200.dae
[1.966s] -- Installing: /home/hb/Git/Embedded/install/turtlebot3_description/share/turtlebot3_description/meshes/sensors/astra.dae
[1.975s] -- Installing: /home/hb/Git/Embedded/install/turtlebot3_description/share/turtlebot3_description/meshes/sensors/r200.jpg
[1.979s] -- Installing: /home/hb/Git/Embedded/install/turtlebot3_description/share/turtlebot3_description/meshes/sensors/astra.jpg
[1.980s] -- Installing: /home/hb/Git/Embedded/install/turtlebot3_description/share/turtlebot3_description/meshes/wheels
[1.980s] -- Installing: /home/hb/Git/Embedded/install/turtlebot3_description/share/turtlebot3_description/meshes/wheels/right_tire.stl
[1.980s] -- Installing: /home/hb/Git/Embedded/install/turtlebot3_description/share/turtlebot3_description/meshes/wheels/left_tire.stl
[1.983s] -- Installing: /home/hb/Git/Embedded/install/turtlebot3_description/share/turtlebot3_description/rviz
[1.983s] -- Installing: /home/hb/Git/Embedded/install/turtlebot3_description/share/turtlebot3_description/rviz/model.rviz
[1.983s] -- Installing: /home/hb/Git/Embedded/install/turtlebot3_description/share/turtlebot3_description/urdf
[1.983s] -- Installing: /home/hb/Git/Embedded/install/turtlebot3_description/share/turtlebot3_description/urdf/common_properties.urdf
[1.983s] -- Installing: /home/hb/Git/Embedded/install/turtlebot3_description/share/turtlebot3_description/urdf/turtlebot3_waffle.urdf
[1.983s] -- Installing: /home/hb/Git/Embedded/install/turtlebot3_description/share/turtlebot3_description/urdf/turtlebot3_waffle_pi.urdf
[1.984s] -- Installing: /home/hb/Git/Embedded/install/turtlebot3_description/share/turtlebot3_description/urdf/turtlebot3_burger.urdf
[1.984s] -- Installing: /home/hb/Git/Embedded/install/turtlebot3_description/share/ament_index/resource_index/package_run_dependencies/turtlebot3_description
[1.984s] -- Installing: /home/hb/Git/Embedded/install/turtlebot3_description/share/ament_index/resource_index/parent_prefix_path/turtlebot3_description
[1.984s] -- Installing: /home/hb/Git/Embedded/install/turtlebot3_description/share/turtlebot3_description/environment/ament_prefix_path.sh
[1.984s] -- Installing: /home/hb/Git/Embedded/install/turtlebot3_description/share/turtlebot3_description/environment/ament_prefix_path.dsv
[1.984s] -- Installing: /home/hb/Git/Embedded/install/turtlebot3_description/share/turtlebot3_description/environment/path.sh
[1.984s] -- Installing: /home/hb/Git/Embedded/install/turtlebot3_description/share/turtlebot3_description/environment/path.dsv
[1.984s] -- Installing: /home/hb/Git/Embedded/install/turtlebot3_description/share/turtlebot3_description/local_setup.bash
[1.984s] -- Installing: /home/hb/Git/Embedded/install/turtlebot3_description/share/turtlebot3_description/local_setup.sh
[1.984s] -- Installing: /home/hb/Git/Embedded/install/turtlebot3_description/share/turtlebot3_description/local_setup.zsh
[1.984s] -- Installing: /home/hb/Git/Embedded/install/turtlebot3_description/share/turtlebot3_description/local_setup.dsv
[1.984s] -- Installing: /home/hb/Git/Embedded/install/turtlebot3_description/share/turtlebot3_description/package.dsv
[1.988s] -- Installing: /home/hb/Git/Embedded/install/turtlebot3_description/share/ament_index/resource_index/packages/turtlebot3_description
[1.988s] -- Installing: /home/hb/Git/Embedded/install/turtlebot3_description/share/turtlebot3_description/cmake/turtlebot3_descriptionConfig.cmake
[1.988s] -- Installing: /home/hb/Git/Embedded/install/turtlebot3_description/share/turtlebot3_description/cmake/turtlebot3_descriptionConfig-version.cmake
[1.989s] -- Installing: /home/hb/Git/Embedded/install/turtlebot3_description/share/turtlebot3_description/package.xml
[2.203s] Invoked command in '/home/hb/Git/Embedded/build/turtlebot3_description' returned '0': CMAKE_PREFIX_PATH=${CMAKE_PREFIX_PATH}:/home/hb/Git/Embedded/install/turtlebot3_teleop:/home/hb/Git/Embedded/install/turtlebot3_example:/home/hb/Git/Embedded/install/robot_web_interface:/home/hb/Git/Embedded/install/delivery_interface:/home/hb/Git/Embedded/install/app_navigation:/opt/ros/humble /usr/bin/cmake --install /home/hb/Git/Embedded/build/turtlebot3_description
