[2.620s] Invoking command in '/home/hb/Git/Embedded/src/app_navigation': PYTHONPATH=/home/hb/Git/Embedded/build/app_navigation/prefix_override:/usr/lib/python3/dist-packages/colcon_core/task/python/colcon_distutils_commands:/home/hb/Git/Embedded/install/app_navigation/lib/python3.10/site-packages:${PYTHONPATH} /usr/bin/python3 -W ignore:setup.py install is deprecated -W ignore:easy_install command is deprecated setup.py egg_info --egg-base ../../build/app_navigation build --build-base /home/hb/Git/Embedded/build/app_navigation/build install --record /home/hb/Git/Embedded/build/app_navigation/install.log --single-version-externally-managed install_data
[3.171s] running egg_info
[3.172s] creating ../../build/app_navigation/app_navigation.egg-info
[3.172s] writing ../../build/app_navigation/app_navigation.egg-info/PKG-INFO
[3.173s] writing dependency_links to ../../build/app_navigation/app_navigation.egg-info/dependency_links.txt
[3.173s] writing entry points to ../../build/app_navigation/app_navigation.egg-info/entry_points.txt
[3.173s] writing requirements to ../../build/app_navigation/app_navigation.egg-info/requires.txt
[3.173s] writing top-level names to ../../build/app_navigation/app_navigation.egg-info/top_level.txt
[3.173s] writing manifest file '../../build/app_navigation/app_navigation.egg-info/SOURCES.txt'
[3.181s] reading manifest file '../../build/app_navigation/app_navigation.egg-info/SOURCES.txt'
[3.181s] writing manifest file '../../build/app_navigation/app_navigation.egg-info/SOURCES.txt'
[3.181s] running build
[3.181s] running build_py
[3.181s] creating /home/hb/Git/Embedded/build/app_navigation/build
[3.181s] creating /home/hb/Git/Embedded/build/app_navigation/build/lib
[3.181s] creating /home/hb/Git/Embedded/build/app_navigation/build/lib/app_navigation
[3.181s] copying app_navigation/app_navigator.py -> /home/hb/Git/Embedded/build/app_navigation/build/lib/app_navigation
[3.183s] copying app_navigation/__init__.py -> /home/hb/Git/Embedded/build/app_navigation/build/lib/app_navigation
[3.183s] running install
[3.183s] running install_lib
[3.183s] creating /home/hb/Git/Embedded/install/app_navigation/lib/python3.10/site-packages/app_navigation
[3.183s] copying /home/hb/Git/Embedded/build/app_navigation/build/lib/app_navigation/app_navigator.py -> /home/hb/Git/Embedded/install/app_navigation/lib/python3.10/site-packages/app_navigation
[3.183s] copying /home/hb/Git/Embedded/build/app_navigation/build/lib/app_navigation/__init__.py -> /home/hb/Git/Embedded/install/app_navigation/lib/python3.10/site-packages/app_navigation
[3.183s] byte-compiling /home/hb/Git/Embedded/install/app_navigation/lib/python3.10/site-packages/app_navigation/app_navigator.py to app_navigator.cpython-310.pyc
[3.190s] byte-compiling /home/hb/Git/Embedded/install/app_navigation/lib/python3.10/site-packages/app_navigation/__init__.py to __init__.cpython-310.pyc
[3.190s] running install_data
[3.191s] creating /home/hb/Git/Embedded/install/app_navigation/share/ament_index
[3.191s] creating /home/hb/Git/Embedded/install/app_navigation/share/ament_index/resource_index
[3.196s] creating /home/hb/Git/Embedded/install/app_navigation/share/ament_index/resource_index/packages
[3.196s] copying resource/app_navigation -> /home/hb/Git/Embedded/install/app_navigation/share/ament_index/resource_index/packages
[3.196s] copying package.xml -> /home/hb/Git/Embedded/install/app_navigation/share/app_navigation
[3.196s] running install_egg_info
[3.198s] Copying ../../build/app_navigation/app_navigation.egg-info to /home/hb/Git/Embedded/install/app_navigation/lib/python3.10/site-packages/app_navigation-0.0.0-py3.10.egg-info
[3.198s] running install_scripts
[3.231s] Installing app_navigator script to /home/hb/Git/Embedded/install/app_navigation/bin
[3.232s] writing list of installed files to '/home/hb/Git/Embedded/build/app_navigation/install.log'
[3.277s] Invoked command in '/home/hb/Git/Embedded/src/app_navigation' returned '0': PYTHONPATH=/home/hb/Git/Embedded/build/app_navigation/prefix_override:/usr/lib/python3/dist-packages/colcon_core/task/python/colcon_distutils_commands:/home/hb/Git/Embedded/install/app_navigation/lib/python3.10/site-packages:${PYTHONPATH} /usr/bin/python3 -W ignore:setup.py install is deprecated -W ignore:easy_install command is deprecated setup.py egg_info --egg-base ../../build/app_navigation build --build-base /home/hb/Git/Embedded/build/app_navigation/build install --record /home/hb/Git/Embedded/build/app_navigation/install.log --single-version-externally-managed install_data
