[0.111s] Invoking command in '/home/hb/Git/Embedded/build/turtlebot3_node': CMAKE_PREFIX_PATH=/home/hb/Git/Embedded/install/turtlebot3_msgs:/home/hb/Git/Embedded/install/dynamixel_sdk:/home/hb/Git/Embedded/install/turtlebot3:/home/hb/Git/Embedded/install/turtlebot3_simulations:/home/hb/Git/Embedded/install/turtlebot3_bringup:/home/hb/Git/Embedded/install/turtlebot3_node:/home/hb/Git/Embedded/install/turtlebot3_navigation2:/home/hb/Git/Embedded/install/turtlebot3_fake_node:/home/hb/Git/Embedded/install/turtlebot3_manipulation:/home/hb/Git/Embedded/install/turtlebot3_manipulation_teleop:/home/hb/Git/Embedded/install/turtlebot3_manipulation_navigation2:/home/hb/Git/Embedded/install/turtlebot3_manipulation_moveit_config:/home/hb/Git/Embedded/install/turtlebot3_manipulation_hardware:/home/hb/Git/Embedded/install/turtlebot3_manipulation_gazebo:/home/hb/Git/Embedded/install/turtlebot3_manipulation_bringup:/home/hb/Git/Embedded/install/turtlebot3_manipulation_description:/home/hb/Git/Embedded/install/turtlebot3_manipulation_cartographer:/home/hb/Git/Embedded/install/turtlebot3_gazebo:/home/hb/Git/Embedded/install/turtlebot3_description:/home/hb/Git/Embedded/install/turtlebot3_cartographer:/home/hb/Git/Embedded/install/dynamixel_sdk_examples:/home/hb/Git/Embedded/install/dynamixel_sdk_custom_interfaces:/home/hb/Git/Embedded/install/turtlebot3_teleop:/home/hb/Git/Embedded/install/turtlebot3_example:/home/hb/Git/Embedded/install/robot_web_interface:/home/hb/Git/Embedded/install/delivery_interface:/home/hb/Git/Embedded/install/app_navigation:/opt/ros/humble LD_LIBRARY_PATH=/home/hb/Git/Embedded/install/turtlebot3_msgs/lib:/home/hb/Git/Embedded/install/dynamixel_sdk/lib:/home/hb/Git/Embedded/install/turtlebot3_manipulation_hardware/lib:/home/hb/Git/Embedded/install/turtlebot3_manipulation_gazebo/lib:/home/hb/Git/Embedded/install/dynamixel_sdk_custom_interfaces/lib:/usr/lib/x86_64-linux-gnu/gazebo-11/plugins:/opt/ros/humble/opt/rviz_ogre_vendor/lib:/opt/ros/humble/lib/x86_64-linux-gnu:/opt/ros/humble/lib /usr/bin/cmake /home/hb/Git/Embedded/src/turtlebot3/turtlebot3_node -DCMAKE_INSTALL_PREFIX=/home/hb/Git/Embedded/install/turtlebot3_node
[0.701s] -- The C compiler identification is GNU 11.4.0
[0.701s] -- The CXX compiler identification is GNU 11.4.0
[0.701s] -- Detecting C compiler ABI info
[0.795s] -- Detecting C compiler ABI info - done
[0.823s] -- Check for working C compiler: /usr/bin/cc - skipped
[0.823s] -- Detecting C compile features
[0.830s] -- Detecting C compile features - done
[0.840s] -- Detecting CXX compiler ABI info
[1.137s] -- Detecting CXX compiler ABI info - done
[1.182s] -- Check for working CXX compiler: /usr/bin/c++ - skipped
[1.182s] -- Detecting CXX compile features
[1.183s] -- Detecting CXX compile features - done
[1.204s] -- Found ament_cmake: 1.3.12 (/opt/ros/humble/share/ament_cmake/cmake)
[1.597s] -- Found Python3: /usr/bin/python3 (found version "3.10.12") found components: Interpreter 
[2.103s] -- Found dynamixel_sdk: 3.8.4 (/home/hb/Git/Embedded/install/dynamixel_sdk/share/dynamixel_sdk/cmake)
[2.112s] -- Found geometry_msgs: 4.9.0 (/opt/ros/humble/share/geometry_msgs/cmake)
[2.215s] -- Found rosidl_generator_c: 3.1.7 (/opt/ros/humble/share/rosidl_generator_c/cmake)
[2.235s] -- Found rosidl_adapter: 3.1.7 (/opt/ros/humble/share/rosidl_adapter/cmake)
[2.259s] -- Found rosidl_generator_cpp: 3.1.7 (/opt/ros/humble/share/rosidl_generator_cpp/cmake)
[2.294s] -- Using all available rosidl_typesupport_c: rosidl_typesupport_fastrtps_c;rosidl_typesupport_introspection_c
[2.336s] -- Using all available rosidl_typesupport_cpp: rosidl_typesupport_fastrtps_cpp;rosidl_typesupport_introspection_cpp
[2.435s] -- Found message_filters: 4.3.8 (/opt/ros/humble/share/message_filters/cmake)
[2.550s] -- Found rmw_implementation_cmake: 6.1.2 (/opt/ros/humble/share/rmw_implementation_cmake/cmake)
[2.560s] -- Found rmw_fastrtps_cpp: 6.2.8 (/opt/ros/humble/share/rmw_fastrtps_cpp/cmake)
[2.933s] -- Found OpenSSL: /usr/lib/x86_64-linux-gnu/libcrypto.so (found version "3.0.2")  
[3.040s] -- Found FastRTPS: /opt/ros/humble/include  
[3.198s] -- Using RMW implementation 'rmw_fastrtps_cpp' as default
[3.235s] -- Looking for pthread.h
[3.491s] -- Looking for pthread.h - found
[3.494s] -- Performing Test CMAKE_HAVE_LIBC_PTHREAD
[3.778s] -- Performing Test CMAKE_HAVE_LIBC_PTHREAD - Success
[3.780s] -- Found Threads: TRUE  
[3.971s] -- Found nav_msgs: 4.9.0 (/opt/ros/humble/share/nav_msgs/cmake)
[4.061s] -- Found sensor_msgs: 4.9.0 (/opt/ros/humble/share/sensor_msgs/cmake)
[4.127s] -- Found std_srvs: 4.9.0 (/opt/ros/humble/share/std_srvs/cmake)
[4.152s] -- Found tf2: 0.25.16 (/opt/ros/humble/share/tf2/cmake)
[4.195s] -- Found tf2_ros: 0.25.16 (/opt/ros/humble/share/tf2_ros/cmake)
[4.496s] -- Found turtlebot3_msgs: 2.4.0 (/home/hb/Git/Embedded/install/turtlebot3_msgs/share/turtlebot3_msgs/cmake)
[4.702s] -- Configuring done
[4.770s] -- Generating done
[4.781s] -- Build files have been written to: /home/hb/Git/Embedded/build/turtlebot3_node
[4.805s] Invoked command in '/home/hb/Git/Embedded/build/turtlebot3_node' returned '0': CMAKE_PREFIX_PATH=/home/hb/Git/Embedded/install/turtlebot3_msgs:/home/hb/Git/Embedded/install/dynamixel_sdk:/home/hb/Git/Embedded/install/turtlebot3:/home/hb/Git/Embedded/install/turtlebot3_simulations:/home/hb/Git/Embedded/install/turtlebot3_bringup:/home/hb/Git/Embedded/install/turtlebot3_node:/home/hb/Git/Embedded/install/turtlebot3_navigation2:/home/hb/Git/Embedded/install/turtlebot3_fake_node:/home/hb/Git/Embedded/install/turtlebot3_manipulation:/home/hb/Git/Embedded/install/turtlebot3_manipulation_teleop:/home/hb/Git/Embedded/install/turtlebot3_manipulation_navigation2:/home/hb/Git/Embedded/install/turtlebot3_manipulation_moveit_config:/home/hb/Git/Embedded/install/turtlebot3_manipulation_hardware:/home/hb/Git/Embedded/install/turtlebot3_manipulation_gazebo:/home/hb/Git/Embedded/install/turtlebot3_manipulation_bringup:/home/hb/Git/Embedded/install/turtlebot3_manipulation_description:/home/hb/Git/Embedded/install/turtlebot3_manipulation_cartographer:/home/hb/Git/Embedded/install/turtlebot3_gazebo:/home/hb/Git/Embedded/install/turtlebot3_description:/home/hb/Git/Embedded/install/turtlebot3_cartographer:/home/hb/Git/Embedded/install/dynamixel_sdk_examples:/home/hb/Git/Embedded/install/dynamixel_sdk_custom_interfaces:/home/hb/Git/Embedded/install/turtlebot3_teleop:/home/hb/Git/Embedded/install/turtlebot3_example:/home/hb/Git/Embedded/install/robot_web_interface:/home/hb/Git/Embedded/install/delivery_interface:/home/hb/Git/Embedded/install/app_navigation:/opt/ros/humble LD_LIBRARY_PATH=/home/hb/Git/Embedded/install/turtlebot3_msgs/lib:/home/hb/Git/Embedded/install/dynamixel_sdk/lib:/home/hb/Git/Embedded/install/turtlebot3_manipulation_hardware/lib:/home/hb/Git/Embedded/install/turtlebot3_manipulation_gazebo/lib:/home/hb/Git/Embedded/install/dynamixel_sdk_custom_interfaces/lib:/usr/lib/x86_64-linux-gnu/gazebo-11/plugins:/opt/ros/humble/opt/rviz_ogre_vendor/lib:/opt/ros/humble/lib/x86_64-linux-gnu:/opt/ros/humble/lib /usr/bin/cmake /home/hb/Git/Embedded/src/turtlebot3/turtlebot3_node -DCMAKE_INSTALL_PREFIX=/home/hb/Git/Embedded/install/turtlebot3_node
[4.806s] Invoking command in '/home/hb/Git/Embedded/build/turtlebot3_node': CMAKE_PREFIX_PATH=/home/hb/Git/Embedded/install/turtlebot3_msgs:/home/hb/Git/Embedded/install/dynamixel_sdk:/home/hb/Git/Embedded/install/turtlebot3:/home/hb/Git/Embedded/install/turtlebot3_simulations:/home/hb/Git/Embedded/install/turtlebot3_bringup:/home/hb/Git/Embedded/install/turtlebot3_node:/home/hb/Git/Embedded/install/turtlebot3_navigation2:/home/hb/Git/Embedded/install/turtlebot3_fake_node:/home/hb/Git/Embedded/install/turtlebot3_manipulation:/home/hb/Git/Embedded/install/turtlebot3_manipulation_teleop:/home/hb/Git/Embedded/install/turtlebot3_manipulation_navigation2:/home/hb/Git/Embedded/install/turtlebot3_manipulation_moveit_config:/home/hb/Git/Embedded/install/turtlebot3_manipulation_hardware:/home/hb/Git/Embedded/install/turtlebot3_manipulation_gazebo:/home/hb/Git/Embedded/install/turtlebot3_manipulation_bringup:/home/hb/Git/Embedded/install/turtlebot3_manipulation_description:/home/hb/Git/Embedded/install/turtlebot3_manipulation_cartographer:/home/hb/Git/Embedded/install/turtlebot3_gazebo:/home/hb/Git/Embedded/install/turtlebot3_description:/home/hb/Git/Embedded/install/turtlebot3_cartographer:/home/hb/Git/Embedded/install/dynamixel_sdk_examples:/home/hb/Git/Embedded/install/dynamixel_sdk_custom_interfaces:/home/hb/Git/Embedded/install/turtlebot3_teleop:/home/hb/Git/Embedded/install/turtlebot3_example:/home/hb/Git/Embedded/install/robot_web_interface:/home/hb/Git/Embedded/install/delivery_interface:/home/hb/Git/Embedded/install/app_navigation:/opt/ros/humble LD_LIBRARY_PATH=/home/hb/Git/Embedded/install/turtlebot3_msgs/lib:/home/hb/Git/Embedded/install/dynamixel_sdk/lib:/home/hb/Git/Embedded/install/turtlebot3_manipulation_hardware/lib:/home/hb/Git/Embedded/install/turtlebot3_manipulation_gazebo/lib:/home/hb/Git/Embedded/install/dynamixel_sdk_custom_interfaces/lib:/usr/lib/x86_64-linux-gnu/gazebo-11/plugins:/opt/ros/humble/opt/rviz_ogre_vendor/lib:/opt/ros/humble/lib/x86_64-linux-gnu:/opt/ros/humble/lib /usr/bin/cmake --build /home/hb/Git/Embedded/build/turtlebot3_node -- -j16 -l16
[4.991s] [  7%] [32mBuilding CXX object CMakeFiles/turtlebot3_node_lib.dir/src/devices/motor_power.cpp.o[0m
[4.998s] [ 14%] [32mBuilding CXX object CMakeFiles/turtlebot3_node_lib.dir/src/devices/sound.cpp.o[0m
[4.999s] [ 21%] [32mBuilding CXX object CMakeFiles/turtlebot3_node_lib.dir/src/devices/reset.cpp.o[0m
[5.001s] [ 28%] [32mBuilding CXX object CMakeFiles/turtlebot3_node_lib.dir/src/diff_drive_controller.cpp.o[0m
[5.003s] [ 42%] [32mBuilding CXX object CMakeFiles/turtlebot3_node_lib.dir/src/odometry.cpp.o[0m
[5.003s] [ 42%] [32mBuilding CXX object CMakeFiles/turtlebot3_node_lib.dir/src/dynamixel_sdk_wrapper.cpp.o[0m
[5.015s] [ 50%] [32mBuilding CXX object CMakeFiles/turtlebot3_node_lib.dir/src/sensors/imu.cpp.o[0m
[5.016s] [ 57%] [32mBuilding CXX object CMakeFiles/turtlebot3_node_lib.dir/src/sensors/joint_state.cpp.o[0m
[5.024s] [ 64%] [32mBuilding CXX object CMakeFiles/turtlebot3_node_lib.dir/src/turtlebot3.cpp.o[0m
[5.026s] [ 71%] [32mBuilding CXX object CMakeFiles/turtlebot3_node_lib.dir/src/sensors/battery_state.cpp.o[0m
[5.028s] [ 78%] [32mBuilding CXX object CMakeFiles/turtlebot3_node_lib.dir/src/sensors/sensor_state.cpp.o[0m
[28.466s] [ 85%] [32m[1mLinking CXX static library libturtlebot3_node_lib.a[0m
[28.967s] [ 85%] Built target turtlebot3_node_lib
[28.988s] [ 92%] [32mBuilding CXX object CMakeFiles/turtlebot3_ros.dir/src/node_main.cpp.o[0m
[31.737s] [100%] [32m[1mLinking CXX executable turtlebot3_ros[0m
[33.056s] [100%] Built target turtlebot3_ros
[33.066s] Invoked command in '/home/hb/Git/Embedded/build/turtlebot3_node' returned '0': CMAKE_PREFIX_PATH=/home/hb/Git/Embedded/install/turtlebot3_msgs:/home/hb/Git/Embedded/install/dynamixel_sdk:/home/hb/Git/Embedded/install/turtlebot3:/home/hb/Git/Embedded/install/turtlebot3_simulations:/home/hb/Git/Embedded/install/turtlebot3_bringup:/home/hb/Git/Embedded/install/turtlebot3_node:/home/hb/Git/Embedded/install/turtlebot3_navigation2:/home/hb/Git/Embedded/install/turtlebot3_fake_node:/home/hb/Git/Embedded/install/turtlebot3_manipulation:/home/hb/Git/Embedded/install/turtlebot3_manipulation_teleop:/home/hb/Git/Embedded/install/turtlebot3_manipulation_navigation2:/home/hb/Git/Embedded/install/turtlebot3_manipulation_moveit_config:/home/hb/Git/Embedded/install/turtlebot3_manipulation_hardware:/home/hb/Git/Embedded/install/turtlebot3_manipulation_gazebo:/home/hb/Git/Embedded/install/turtlebot3_manipulation_bringup:/home/hb/Git/Embedded/install/turtlebot3_manipulation_description:/home/hb/Git/Embedded/install/turtlebot3_manipulation_cartographer:/home/hb/Git/Embedded/install/turtlebot3_gazebo:/home/hb/Git/Embedded/install/turtlebot3_description:/home/hb/Git/Embedded/install/turtlebot3_cartographer:/home/hb/Git/Embedded/install/dynamixel_sdk_examples:/home/hb/Git/Embedded/install/dynamixel_sdk_custom_interfaces:/home/hb/Git/Embedded/install/turtlebot3_teleop:/home/hb/Git/Embedded/install/turtlebot3_example:/home/hb/Git/Embedded/install/robot_web_interface:/home/hb/Git/Embedded/install/delivery_interface:/home/hb/Git/Embedded/install/app_navigation:/opt/ros/humble LD_LIBRARY_PATH=/home/hb/Git/Embedded/install/turtlebot3_msgs/lib:/home/hb/Git/Embedded/install/dynamixel_sdk/lib:/home/hb/Git/Embedded/install/turtlebot3_manipulation_hardware/lib:/home/hb/Git/Embedded/install/turtlebot3_manipulation_gazebo/lib:/home/hb/Git/Embedded/install/dynamixel_sdk_custom_interfaces/lib:/usr/lib/x86_64-linux-gnu/gazebo-11/plugins:/opt/ros/humble/opt/rviz_ogre_vendor/lib:/opt/ros/humble/lib/x86_64-linux-gnu:/opt/ros/humble/lib /usr/bin/cmake --build /home/hb/Git/Embedded/build/turtlebot3_node -- -j16 -l16
[33.067s] Invoking command in '/home/hb/Git/Embedded/build/turtlebot3_node': CMAKE_PREFIX_PATH=/home/hb/Git/Embedded/install/turtlebot3_msgs:/home/hb/Git/Embedded/install/dynamixel_sdk:/home/hb/Git/Embedded/install/turtlebot3:/home/hb/Git/Embedded/install/turtlebot3_simulations:/home/hb/Git/Embedded/install/turtlebot3_bringup:/home/hb/Git/Embedded/install/turtlebot3_node:/home/hb/Git/Embedded/install/turtlebot3_navigation2:/home/hb/Git/Embedded/install/turtlebot3_fake_node:/home/hb/Git/Embedded/install/turtlebot3_manipulation:/home/hb/Git/Embedded/install/turtlebot3_manipulation_teleop:/home/hb/Git/Embedded/install/turtlebot3_manipulation_navigation2:/home/hb/Git/Embedded/install/turtlebot3_manipulation_moveit_config:/home/hb/Git/Embedded/install/turtlebot3_manipulation_hardware:/home/hb/Git/Embedded/install/turtlebot3_manipulation_gazebo:/home/hb/Git/Embedded/install/turtlebot3_manipulation_bringup:/home/hb/Git/Embedded/install/turtlebot3_manipulation_description:/home/hb/Git/Embedded/install/turtlebot3_manipulation_cartographer:/home/hb/Git/Embedded/install/turtlebot3_gazebo:/home/hb/Git/Embedded/install/turtlebot3_description:/home/hb/Git/Embedded/install/turtlebot3_cartographer:/home/hb/Git/Embedded/install/dynamixel_sdk_examples:/home/hb/Git/Embedded/install/dynamixel_sdk_custom_interfaces:/home/hb/Git/Embedded/install/turtlebot3_teleop:/home/hb/Git/Embedded/install/turtlebot3_example:/home/hb/Git/Embedded/install/robot_web_interface:/home/hb/Git/Embedded/install/delivery_interface:/home/hb/Git/Embedded/install/app_navigation:/opt/ros/humble LD_LIBRARY_PATH=/home/hb/Git/Embedded/install/turtlebot3_msgs/lib:/home/hb/Git/Embedded/install/dynamixel_sdk/lib:/home/hb/Git/Embedded/install/turtlebot3_manipulation_hardware/lib:/home/hb/Git/Embedded/install/turtlebot3_manipulation_gazebo/lib:/home/hb/Git/Embedded/install/dynamixel_sdk_custom_interfaces/lib:/usr/lib/x86_64-linux-gnu/gazebo-11/plugins:/opt/ros/humble/opt/rviz_ogre_vendor/lib:/opt/ros/humble/lib/x86_64-linux-gnu:/opt/ros/humble/lib /usr/bin/cmake --install /home/hb/Git/Embedded/build/turtlebot3_node
[33.072s] -- Install configuration: ""
[33.072s] -- Installing: /home/hb/Git/Embedded/install/turtlebot3_node/share/turtlebot3_node/param
[33.072s] -- Installing: /home/hb/Git/Embedded/install/turtlebot3_node/share/turtlebot3_node/param/burger.yaml
[33.072s] -- Installing: /home/hb/Git/Embedded/install/turtlebot3_node/share/turtlebot3_node/param/waffle.yaml
[33.072s] -- Installing: /home/hb/Git/Embedded/install/turtlebot3_node/share/turtlebot3_node/param/waffle_pi.yaml
[33.073s] -- Installing: /home/hb/Git/Embedded/install/turtlebot3_node/lib/turtlebot3_node/turtlebot3_ros
[33.080s] -- Set runtime path of "/home/hb/Git/Embedded/install/turtlebot3_node/lib/turtlebot3_node/turtlebot3_ros" to ""
[33.080s] -- Installing: /home/hb/Git/Embedded/install/turtlebot3_node/share/ament_index/resource_index/package_run_dependencies/turtlebot3_node
[33.080s] -- Installing: /home/hb/Git/Embedded/install/turtlebot3_node/share/ament_index/resource_index/parent_prefix_path/turtlebot3_node
[33.081s] -- Installing: /home/hb/Git/Embedded/install/turtlebot3_node/share/turtlebot3_node/environment/ament_prefix_path.sh
[33.081s] -- Installing: /home/hb/Git/Embedded/install/turtlebot3_node/share/turtlebot3_node/environment/ament_prefix_path.dsv
[33.081s] -- Installing: /home/hb/Git/Embedded/install/turtlebot3_node/share/turtlebot3_node/environment/path.sh
[33.081s] -- Installing: /home/hb/Git/Embedded/install/turtlebot3_node/share/turtlebot3_node/environment/path.dsv
[33.081s] -- Installing: /home/hb/Git/Embedded/install/turtlebot3_node/share/turtlebot3_node/local_setup.bash
[33.081s] -- Installing: /home/hb/Git/Embedded/install/turtlebot3_node/share/turtlebot3_node/local_setup.sh
[33.081s] -- Installing: /home/hb/Git/Embedded/install/turtlebot3_node/share/turtlebot3_node/local_setup.zsh
[33.081s] -- Installing: /home/hb/Git/Embedded/install/turtlebot3_node/share/turtlebot3_node/local_setup.dsv
[33.081s] -- Installing: /home/hb/Git/Embedded/install/turtlebot3_node/share/turtlebot3_node/package.dsv
[33.081s] -- Installing: /home/hb/Git/Embedded/install/turtlebot3_node/share/ament_index/resource_index/packages/turtlebot3_node
[33.081s] -- Installing: /home/hb/Git/Embedded/install/turtlebot3_node/share/turtlebot3_node/cmake/ament_cmake_export_dependencies-extras.cmake
[33.081s] -- Installing: /home/hb/Git/Embedded/install/turtlebot3_node/share/turtlebot3_node/cmake/ament_cmake_export_include_directories-extras.cmake
[33.081s] -- Installing: /home/hb/Git/Embedded/install/turtlebot3_node/share/turtlebot3_node/cmake/turtlebot3_nodeConfig.cmake
[33.081s] -- Installing: /home/hb/Git/Embedded/install/turtlebot3_node/share/turtlebot3_node/cmake/turtlebot3_nodeConfig-version.cmake
[33.081s] -- Installing: /home/hb/Git/Embedded/install/turtlebot3_node/share/turtlebot3_node/package.xml
[33.083s] Invoked command in '/home/hb/Git/Embedded/build/turtlebot3_node' returned '0': CMAKE_PREFIX_PATH=/home/hb/Git/Embedded/install/turtlebot3_msgs:/home/hb/Git/Embedded/install/dynamixel_sdk:/home/hb/Git/Embedded/install/turtlebot3:/home/hb/Git/Embedded/install/turtlebot3_simulations:/home/hb/Git/Embedded/install/turtlebot3_bringup:/home/hb/Git/Embedded/install/turtlebot3_node:/home/hb/Git/Embedded/install/turtlebot3_navigation2:/home/hb/Git/Embedded/install/turtlebot3_fake_node:/home/hb/Git/Embedded/install/turtlebot3_manipulation:/home/hb/Git/Embedded/install/turtlebot3_manipulation_teleop:/home/hb/Git/Embedded/install/turtlebot3_manipulation_navigation2:/home/hb/Git/Embedded/install/turtlebot3_manipulation_moveit_config:/home/hb/Git/Embedded/install/turtlebot3_manipulation_hardware:/home/hb/Git/Embedded/install/turtlebot3_manipulation_gazebo:/home/hb/Git/Embedded/install/turtlebot3_manipulation_bringup:/home/hb/Git/Embedded/install/turtlebot3_manipulation_description:/home/hb/Git/Embedded/install/turtlebot3_manipulation_cartographer:/home/hb/Git/Embedded/install/turtlebot3_gazebo:/home/hb/Git/Embedded/install/turtlebot3_description:/home/hb/Git/Embedded/install/turtlebot3_cartographer:/home/hb/Git/Embedded/install/dynamixel_sdk_examples:/home/hb/Git/Embedded/install/dynamixel_sdk_custom_interfaces:/home/hb/Git/Embedded/install/turtlebot3_teleop:/home/hb/Git/Embedded/install/turtlebot3_example:/home/hb/Git/Embedded/install/robot_web_interface:/home/hb/Git/Embedded/install/delivery_interface:/home/hb/Git/Embedded/install/app_navigation:/opt/ros/humble LD_LIBRARY_PATH=/home/hb/Git/Embedded/install/turtlebot3_msgs/lib:/home/hb/Git/Embedded/install/dynamixel_sdk/lib:/home/hb/Git/Embedded/install/turtlebot3_manipulation_hardware/lib:/home/hb/Git/Embedded/install/turtlebot3_manipulation_gazebo/lib:/home/hb/Git/Embedded/install/dynamixel_sdk_custom_interfaces/lib:/usr/lib/x86_64-linux-gnu/gazebo-11/plugins:/opt/ros/humble/opt/rviz_ogre_vendor/lib:/opt/ros/humble/lib/x86_64-linux-gnu:/opt/ros/humble/lib /usr/bin/cmake --install /home/hb/Git/Embedded/build/turtlebot3_node
