[0.104s] Invoking command in '/home/hb/Git/Embedded/build/dynamixel_sdk': CMAKE_PREFIX_PATH=${CMAKE_PREFIX_PATH}:/home/hb/Git/Embedded/install/turtlebot3_teleop:/home/hb/Git/Embedded/install/turtlebot3_example:/home/hb/Git/Embedded/install/robot_web_interface:/home/hb/Git/Embedded/install/delivery_interface:/home/hb/Git/Embedded/install/app_navigation:/opt/ros/humble /usr/bin/cmake /home/hb/Git/Embedded/src/DynamixelSDK/ros/dynamixel_sdk -DCMAKE_INSTALL_PREFIX=/home/hb/Git/Embedded/install/dynamixel_sdk
[1.783s] -- The C compiler identification is GNU 11.4.0
[1.783s] -- The CXX compiler identification is GNU 11.4.0
[1.784s] -- Detecting C compiler ABI info
[1.784s] -- Detecting C compiler ABI info - done
[1.784s] -- Check for working C compiler: /usr/bin/cc - skipped
[1.784s] -- Detecting C compile features
[1.784s] -- Detecting C compile features - done
[1.785s] -- Detecting CXX compiler ABI info
[1.785s] -- Detecting CXX compiler ABI info - done
[1.785s] -- Check for working CXX compiler: /usr/bin/c++ - skipped
[1.785s] -- Detecting CXX compile features
[1.785s] -- Detecting CXX compile features - done
[1.785s] -- Found ament_cmake: 1.3.12 (/opt/ros/humble/share/ament_cmake/cmake)
[1.785s] -- Found Python3: /usr/bin/python3 (found version "3.10.12") found components: Interpreter 
[1.786s] -- Configuring done
[1.786s] -- Generating done
[1.786s] -- Build files have been written to: /home/hb/Git/Embedded/build/dynamixel_sdk
[1.830s] Invoked command in '/home/hb/Git/Embedded/build/dynamixel_sdk' returned '0': CMAKE_PREFIX_PATH=${CMAKE_PREFIX_PATH}:/home/hb/Git/Embedded/install/turtlebot3_teleop:/home/hb/Git/Embedded/install/turtlebot3_example:/home/hb/Git/Embedded/install/robot_web_interface:/home/hb/Git/Embedded/install/delivery_interface:/home/hb/Git/Embedded/install/app_navigation:/opt/ros/humble /usr/bin/cmake /home/hb/Git/Embedded/src/DynamixelSDK/ros/dynamixel_sdk -DCMAKE_INSTALL_PREFIX=/home/hb/Git/Embedded/install/dynamixel_sdk
[1.831s] Invoking command in '/home/hb/Git/Embedded/build/dynamixel_sdk': CMAKE_PREFIX_PATH=${CMAKE_PREFIX_PATH}:/home/hb/Git/Embedded/install/turtlebot3_teleop:/home/hb/Git/Embedded/install/turtlebot3_example:/home/hb/Git/Embedded/install/robot_web_interface:/home/hb/Git/Embedded/install/delivery_interface:/home/hb/Git/Embedded/install/app_navigation:/opt/ros/humble /usr/bin/cmake --build /home/hb/Git/Embedded/build/dynamixel_sdk -- -j16 -l16
[1.914s] [  7%] [32mBuilding CXX object CMakeFiles/dynamixel_sdk.dir/src/dynamixel_sdk/packet_handler.cpp.o[0m
[1.914s] [ 23%] [32mBuilding CXX object CMakeFiles/dynamixel_sdk.dir/src/dynamixel_sdk/protocol2_packet_handler.cpp.o[0m
[1.916s] [ 23%] [32mBuilding CXX object CMakeFiles/dynamixel_sdk.dir/src/dynamixel_sdk/protocol1_packet_handler.cpp.o[0m
[1.916s] [ 30%] [32mBuilding CXX object CMakeFiles/dynamixel_sdk.dir/src/dynamixel_sdk/group_sync_write.cpp.o[0m
[1.916s] [ 30%] Built target ament_cmake_python_copy_dynamixel_sdk
[1.917s] [ 38%] [32mBuilding CXX object CMakeFiles/dynamixel_sdk.dir/src/dynamixel_sdk/group_fast_sync_read.cpp.o[0m
[1.925s] [ 46%] [32mBuilding CXX object CMakeFiles/dynamixel_sdk.dir/src/dynamixel_sdk/group_sync_read.cpp.o[0m
[1.925s] [ 53%] [32mBuilding CXX object CMakeFiles/dynamixel_sdk.dir/src/dynamixel_sdk/group_fast_bulk_read.cpp.o[0m
[1.937s] [ 61%] [32mBuilding CXX object CMakeFiles/dynamixel_sdk.dir/src/dynamixel_sdk/group_handler.cpp.o[0m
[1.938s] [ 69%] [32mBuilding CXX object CMakeFiles/dynamixel_sdk.dir/src/dynamixel_sdk/group_bulk_write.cpp.o[0m
[1.938s] [ 76%] [32mBuilding CXX object CMakeFiles/dynamixel_sdk.dir/src/dynamixel_sdk/group_bulk_read.cpp.o[0m
[1.938s] [ 84%] [32mBuilding CXX object CMakeFiles/dynamixel_sdk.dir/src/dynamixel_sdk/port_handler.cpp.o[0m
[1.973s] [ 92%] [32mBuilding CXX object CMakeFiles/dynamixel_sdk.dir/src/dynamixel_sdk/port_handler_linux.cpp.o[0m
[2.729s] running egg_info
[2.731s] creating dynamixel_sdk.egg-info
[2.731s] writing dynamixel_sdk.egg-info/PKG-INFO
[2.731s] writing dependency_links to dynamixel_sdk.egg-info/dependency_links.txt
[2.732s] writing top-level names to dynamixel_sdk.egg-info/top_level.txt
[2.732s] writing manifest file 'dynamixel_sdk.egg-info/SOURCES.txt'
[2.738s] reading manifest file 'dynamixel_sdk.egg-info/SOURCES.txt'
[2.744s] writing manifest file 'dynamixel_sdk.egg-info/SOURCES.txt'
[2.806s] [ 92%] Built target ament_cmake_python_build_dynamixel_sdk_egg
[3.090s] [100%] [32m[1mLinking CXX shared library libdynamixel_sdk.so[0m
[3.255s] [100%] Built target dynamixel_sdk
[3.282s] Invoked command in '/home/hb/Git/Embedded/build/dynamixel_sdk' returned '0': CMAKE_PREFIX_PATH=${CMAKE_PREFIX_PATH}:/home/hb/Git/Embedded/install/turtlebot3_teleop:/home/hb/Git/Embedded/install/turtlebot3_example:/home/hb/Git/Embedded/install/robot_web_interface:/home/hb/Git/Embedded/install/delivery_interface:/home/hb/Git/Embedded/install/app_navigation:/opt/ros/humble /usr/bin/cmake --build /home/hb/Git/Embedded/build/dynamixel_sdk -- -j16 -l16
[3.285s] Invoking command in '/home/hb/Git/Embedded/build/dynamixel_sdk': CMAKE_PREFIX_PATH=${CMAKE_PREFIX_PATH}:/home/hb/Git/Embedded/install/turtlebot3_teleop:/home/hb/Git/Embedded/install/turtlebot3_example:/home/hb/Git/Embedded/install/robot_web_interface:/home/hb/Git/Embedded/install/delivery_interface:/home/hb/Git/Embedded/install/app_navigation:/opt/ros/humble /usr/bin/cmake --install /home/hb/Git/Embedded/build/dynamixel_sdk
[3.357s] -- Install configuration: ""
[3.357s] -- Installing: /home/hb/Git/Embedded/install/dynamixel_sdk/include/
[3.357s] -- Installing: /home/hb/Git/Embedded/install/dynamixel_sdk/include//dynamixel_sdk
[3.357s] -- Installing: /home/hb/Git/Embedded/install/dynamixel_sdk/include//dynamixel_sdk/group_fast_sync_read.h
[3.357s] -- Installing: /home/hb/Git/Embedded/install/dynamixel_sdk/include//dynamixel_sdk/group_sync_read.h
[3.357s] -- Installing: /home/hb/Git/Embedded/install/dynamixel_sdk/include//dynamixel_sdk/group_handler.h
[3.357s] -- Installing: /home/hb/Git/Embedded/install/dynamixel_sdk/include//dynamixel_sdk/protocol1_packet_handler.h
[3.358s] -- Installing: /home/hb/Git/Embedded/install/dynamixel_sdk/include//dynamixel_sdk/port_handler_mac.h
[3.358s] -- Installing: /home/hb/Git/Embedded/install/dynamixel_sdk/include//dynamixel_sdk/group_sync_write.h
[3.358s] -- Installing: /home/hb/Git/Embedded/install/dynamixel_sdk/include//dynamixel_sdk/protocol2_packet_handler.h
[3.358s] -- Installing: /home/hb/Git/Embedded/install/dynamixel_sdk/include//dynamixel_sdk/port_handler_arduino.h
[3.358s] -- Installing: /home/hb/Git/Embedded/install/dynamixel_sdk/include//dynamixel_sdk/group_bulk_read.h
[3.366s] -- Installing: /home/hb/Git/Embedded/install/dynamixel_sdk/include//dynamixel_sdk/group_fast_bulk_read.h
[3.366s] -- Installing: /home/hb/Git/Embedded/install/dynamixel_sdk/include//dynamixel_sdk/dynamixel_sdk.h
[3.367s] -- Installing: /home/hb/Git/Embedded/install/dynamixel_sdk/include//dynamixel_sdk/port_handler.h
[3.367s] -- Installing: /home/hb/Git/Embedded/install/dynamixel_sdk/include//dynamixel_sdk/packet_handler.h
[3.368s] -- Installing: /home/hb/Git/Embedded/install/dynamixel_sdk/include//dynamixel_sdk/group_bulk_write.h
[3.368s] -- Installing: /home/hb/Git/Embedded/install/dynamixel_sdk/include//dynamixel_sdk/port_handler_windows.h
[3.368s] -- Installing: /home/hb/Git/Embedded/install/dynamixel_sdk/include//dynamixel_sdk/port_handler_linux.h
[3.368s] -- Installing: /home/hb/Git/Embedded/install/dynamixel_sdk/lib/libdynamixel_sdk.so
[3.378s] -- Installing: /home/hb/Git/Embedded/install/dynamixel_sdk/share/dynamixel_sdk/environment/pythonpath.sh
[3.379s] -- Installing: /home/hb/Git/Embedded/install/dynamixel_sdk/share/dynamixel_sdk/environment/pythonpath.dsv
[3.379s] -- Installing: /home/hb/Git/Embedded/install/dynamixel_sdk/local/lib/python3.10/dist-packages/dynamixel_sdk-3.8.4-py3.10.egg-info
[3.379s] -- Installing: /home/hb/Git/Embedded/install/dynamixel_sdk/local/lib/python3.10/dist-packages/dynamixel_sdk-3.8.4-py3.10.egg-info/PKG-INFO
[3.379s] -- Installing: /home/hb/Git/Embedded/install/dynamixel_sdk/local/lib/python3.10/dist-packages/dynamixel_sdk-3.8.4-py3.10.egg-info/dependency_links.txt
[3.379s] -- Installing: /home/hb/Git/Embedded/install/dynamixel_sdk/local/lib/python3.10/dist-packages/dynamixel_sdk-3.8.4-py3.10.egg-info/top_level.txt
[3.379s] -- Installing: /home/hb/Git/Embedded/install/dynamixel_sdk/local/lib/python3.10/dist-packages/dynamixel_sdk-3.8.4-py3.10.egg-info/SOURCES.txt
[3.380s] -- Installing: /home/hb/Git/Embedded/install/dynamixel_sdk/local/lib/python3.10/dist-packages/dynamixel_sdk
[3.380s] -- Installing: /home/hb/Git/Embedded/install/dynamixel_sdk/local/lib/python3.10/dist-packages/dynamixel_sdk/group_sync_read.py
[3.380s] -- Installing: /home/hb/Git/Embedded/install/dynamixel_sdk/local/lib/python3.10/dist-packages/dynamixel_sdk/packet_handler.cpp
[3.380s] -- Installing: /home/hb/Git/Embedded/install/dynamixel_sdk/local/lib/python3.10/dist-packages/dynamixel_sdk/group_sync_write.py
[3.380s] -- Installing: /home/hb/Git/Embedded/install/dynamixel_sdk/local/lib/python3.10/dist-packages/dynamixel_sdk/port_handler_mac.cpp
[3.380s] -- Installing: /home/hb/Git/Embedded/install/dynamixel_sdk/local/lib/python3.10/dist-packages/dynamixel_sdk/packet_handler.py
[3.380s] -- Installing: /home/hb/Git/Embedded/install/dynamixel_sdk/local/lib/python3.10/dist-packages/dynamixel_sdk/group_bulk_read.py
[3.380s] -- Installing: /home/hb/Git/Embedded/install/dynamixel_sdk/local/lib/python3.10/dist-packages/dynamixel_sdk/port_handler_windows.cpp
[3.380s] -- Installing: /home/hb/Git/Embedded/install/dynamixel_sdk/local/lib/python3.10/dist-packages/dynamixel_sdk/group_handler.cpp
[3.380s] -- Installing: /home/hb/Git/Embedded/install/dynamixel_sdk/local/lib/python3.10/dist-packages/dynamixel_sdk/robotis_def.py
[3.381s] -- Installing: /home/hb/Git/Embedded/install/dynamixel_sdk/local/lib/python3.10/dist-packages/dynamixel_sdk/port_handler.py
[3.381s] -- Installing: /home/hb/Git/Embedded/install/dynamixel_sdk/local/lib/python3.10/dist-packages/dynamixel_sdk/group_bulk_read.cpp
[3.381s] -- Installing: /home/hb/Git/Embedded/install/dynamixel_sdk/local/lib/python3.10/dist-packages/dynamixel_sdk/group_bulk_write.py
[3.381s] -- Installing: /home/hb/Git/Embedded/install/dynamixel_sdk/local/lib/python3.10/dist-packages/dynamixel_sdk/group_fast_bulk_read.cpp
[3.381s] -- Installing: /home/hb/Git/Embedded/install/dynamixel_sdk/local/lib/python3.10/dist-packages/dynamixel_sdk/protocol1_packet_handler.cpp
[3.381s] -- Installing: /home/hb/Git/Embedded/install/dynamixel_sdk/local/lib/python3.10/dist-packages/dynamixel_sdk/protocol1_packet_handler.py
[3.381s] -- Installing: /home/hb/Git/Embedded/install/dynamixel_sdk/local/lib/python3.10/dist-packages/dynamixel_sdk/group_fast_sync_read.cpp
[3.381s] -- Installing: /home/hb/Git/Embedded/install/dynamixel_sdk/local/lib/python3.10/dist-packages/dynamixel_sdk/group_sync_write.cpp
[3.381s] -- Installing: /home/hb/Git/Embedded/install/dynamixel_sdk/local/lib/python3.10/dist-packages/dynamixel_sdk/port_handler_linux.cpp
[3.383s] -- Installing: /home/hb/Git/Embedded/install/dynamixel_sdk/local/lib/python3.10/dist-packages/dynamixel_sdk/port_handler_arduino.cpp
[3.383s] -- Installing: /home/hb/Git/Embedded/install/dynamixel_sdk/local/lib/python3.10/dist-packages/dynamixel_sdk/protocol2_packet_handler.py
[3.383s] -- Installing: /home/hb/Git/Embedded/install/dynamixel_sdk/local/lib/python3.10/dist-packages/dynamixel_sdk/port_handler.cpp
[3.384s] -- Installing: /home/hb/Git/Embedded/install/dynamixel_sdk/local/lib/python3.10/dist-packages/dynamixel_sdk/protocol2_packet_handler.cpp
[3.384s] -- Installing: /home/hb/Git/Embedded/install/dynamixel_sdk/local/lib/python3.10/dist-packages/dynamixel_sdk/group_bulk_write.cpp
[3.384s] -- Installing: /home/hb/Git/Embedded/install/dynamixel_sdk/local/lib/python3.10/dist-packages/dynamixel_sdk/__init__.py
[3.384s] -- Installing: /home/hb/Git/Embedded/install/dynamixel_sdk/local/lib/python3.10/dist-packages/dynamixel_sdk/group_sync_read.cpp
[3.420s] Listing '/home/hb/Git/Embedded/install/dynamixel_sdk/local/lib/python3.10/dist-packages/dynamixel_sdk'...
[3.420s] Compiling '/home/hb/Git/Embedded/install/dynamixel_sdk/local/lib/python3.10/dist-packages/dynamixel_sdk/__init__.py'...
[3.420s] Compiling '/home/hb/Git/Embedded/install/dynamixel_sdk/local/lib/python3.10/dist-packages/dynamixel_sdk/group_bulk_read.py'...
[3.420s] Compiling '/home/hb/Git/Embedded/install/dynamixel_sdk/local/lib/python3.10/dist-packages/dynamixel_sdk/group_bulk_write.py'...
[3.420s] Compiling '/home/hb/Git/Embedded/install/dynamixel_sdk/local/lib/python3.10/dist-packages/dynamixel_sdk/group_sync_read.py'...
[3.420s] Compiling '/home/hb/Git/Embedded/install/dynamixel_sdk/local/lib/python3.10/dist-packages/dynamixel_sdk/group_sync_write.py'...
[3.420s] Compiling '/home/hb/Git/Embedded/install/dynamixel_sdk/local/lib/python3.10/dist-packages/dynamixel_sdk/packet_handler.py'...
[3.420s] Compiling '/home/hb/Git/Embedded/install/dynamixel_sdk/local/lib/python3.10/dist-packages/dynamixel_sdk/port_handler.py'...
[3.421s] Compiling '/home/hb/Git/Embedded/install/dynamixel_sdk/local/lib/python3.10/dist-packages/dynamixel_sdk/protocol1_packet_handler.py'...
[3.421s] Compiling '/home/hb/Git/Embedded/install/dynamixel_sdk/local/lib/python3.10/dist-packages/dynamixel_sdk/protocol2_packet_handler.py'...
[3.421s] Compiling '/home/hb/Git/Embedded/install/dynamixel_sdk/local/lib/python3.10/dist-packages/dynamixel_sdk/robotis_def.py'...
[3.430s] -- Installing: /home/hb/Git/Embedded/install/dynamixel_sdk/share/dynamixel_sdk/environment/library_path.sh
[3.431s] -- Installing: /home/hb/Git/Embedded/install/dynamixel_sdk/share/dynamixel_sdk/environment/library_path.dsv
[3.433s] -- Installing: /home/hb/Git/Embedded/install/dynamixel_sdk/share/ament_index/resource_index/package_run_dependencies/dynamixel_sdk
[3.433s] -- Installing: /home/hb/Git/Embedded/install/dynamixel_sdk/share/ament_index/resource_index/parent_prefix_path/dynamixel_sdk
[3.434s] -- Installing: /home/hb/Git/Embedded/install/dynamixel_sdk/share/dynamixel_sdk/environment/ament_prefix_path.sh
[3.435s] -- Installing: /home/hb/Git/Embedded/install/dynamixel_sdk/share/dynamixel_sdk/environment/ament_prefix_path.dsv
[3.435s] -- Installing: /home/hb/Git/Embedded/install/dynamixel_sdk/share/dynamixel_sdk/environment/path.sh
[3.436s] -- Installing: /home/hb/Git/Embedded/install/dynamixel_sdk/share/dynamixel_sdk/environment/path.dsv
[3.436s] -- Installing: /home/hb/Git/Embedded/install/dynamixel_sdk/share/dynamixel_sdk/local_setup.bash
[3.436s] -- Installing: /home/hb/Git/Embedded/install/dynamixel_sdk/share/dynamixel_sdk/local_setup.sh
[3.437s] -- Installing: /home/hb/Git/Embedded/install/dynamixel_sdk/share/dynamixel_sdk/local_setup.zsh
[3.437s] -- Installing: /home/hb/Git/Embedded/install/dynamixel_sdk/share/dynamixel_sdk/local_setup.dsv
[3.438s] -- Installing: /home/hb/Git/Embedded/install/dynamixel_sdk/share/dynamixel_sdk/package.dsv
[3.439s] -- Installing: /home/hb/Git/Embedded/install/dynamixel_sdk/share/ament_index/resource_index/packages/dynamixel_sdk
[3.439s] -- Installing: /home/hb/Git/Embedded/install/dynamixel_sdk/share/dynamixel_sdk/cmake/dynamixel_sdkExport.cmake
[3.440s] -- Installing: /home/hb/Git/Embedded/install/dynamixel_sdk/share/dynamixel_sdk/cmake/dynamixel_sdkExport-noconfig.cmake
[3.440s] -- Installing: /home/hb/Git/Embedded/install/dynamixel_sdk/share/dynamixel_sdk/cmake/ament_cmake_export_targets-extras.cmake
[3.440s] -- Installing: /home/hb/Git/Embedded/install/dynamixel_sdk/share/dynamixel_sdk/cmake/ament_cmake_export_include_directories-extras.cmake
[3.441s] -- Installing: /home/hb/Git/Embedded/install/dynamixel_sdk/share/dynamixel_sdk/cmake/ament_cmake_export_libraries-extras.cmake
[3.441s] -- Installing: /home/hb/Git/Embedded/install/dynamixel_sdk/share/dynamixel_sdk/cmake/dynamixel_sdkConfig.cmake
[3.441s] -- Installing: /home/hb/Git/Embedded/install/dynamixel_sdk/share/dynamixel_sdk/cmake/dynamixel_sdkConfig-version.cmake
[3.441s] -- Installing: /home/hb/Git/Embedded/install/dynamixel_sdk/share/dynamixel_sdk/package.xml
[3.460s] Invoked command in '/home/hb/Git/Embedded/build/dynamixel_sdk' returned '0': CMAKE_PREFIX_PATH=${CMAKE_PREFIX_PATH}:/home/hb/Git/Embedded/install/turtlebot3_teleop:/home/hb/Git/Embedded/install/turtlebot3_example:/home/hb/Git/Embedded/install/robot_web_interface:/home/hb/Git/Embedded/install/delivery_interface:/home/hb/Git/Embedded/install/app_navigation:/opt/ros/humble /usr/bin/cmake --install /home/hb/Git/Embedded/build/dynamixel_sdk
