[0.052s] Invoking command in '/home/hb/Git/Embedded/build/turtlebot3_gazebo': CMAKE_PREFIX_PATH=${CMAKE_PREFIX_PATH}:/home/hb/Git/Embedded/install/turtlebot3_teleop:/home/hb/Git/Embedded/install/turtlebot3_example:/home/hb/Git/Embedded/install/robot_web_interface:/home/hb/Git/Embedded/install/delivery_interface:/home/hb/Git/Embedded/install/app_navigation:/opt/ros/humble /usr/bin/cmake /home/hb/Git/Embedded/src/turtlebot3_simulations/turtlebot3_gazebo -DCMAKE_INSTALL_PREFIX=/home/hb/Git/Embedded/install/turtlebot3_gazebo
[1.779s] -- The C compiler identification is GNU 11.4.0
[1.780s] -- The CXX compiler identification is GNU 11.4.0
[1.780s] -- Detecting C compiler ABI info
[1.780s] -- Detecting C compiler ABI info - done
[1.780s] -- Check for working C compiler: /usr/bin/cc - skipped
[1.780s] -- Detecting C compile features
[1.780s] -- Detecting C compile features - done
[1.780s] -- Detecting CXX compiler ABI info
[1.780s] -- Detecting CXX compiler ABI info - done
[1.780s] -- Check for working CXX compiler: /usr/bin/c++ - skipped
[1.780s] -- Detecting CXX compile features
[1.780s] -- Detecting CXX compile features - done
[1.780s] -- Found ament_cmake: 1.3.12 (/opt/ros/humble/share/ament_cmake/cmake)
[1.780s] -- Found Python3: /usr/bin/python3 (found version "3.10.12") found components: Interpreter 
[1.780s] -- Found PkgConfig: /usr/bin/pkg-config (found version "0.29.2") 
[1.780s] -- Checking for module 'bullet>=2.82'
[1.780s] --   Found bullet, version 3.05
[1.780s] -- Found fcl: /usr/include (found suitable version "0.7.0", minimum required is "0.5.0") 
[1.781s] -- Found assimp: /usr/include (found version "5.2.0") 
[1.781s] -- Found DART: /usr/include (Required is at least version "6.6") found components: dart 
[1.781s] -- Found Boost: /usr/lib/x86_64-linux-gnu/cmake/Boost-1.74.0/BoostConfig.cmake (found suitable version "1.74.0", minimum required is "1.40.0") found components: thread system filesystem program_options regex iostreams date_time 
[1.781s] -- Found Protobuf: /usr/lib/x86_64-linux-gnu/libprotobuf.so (found version "3.12.4") 
[1.781s] -- Looking for ignition-math6 -- found version 6.15.1
[1.781s] -- Searching for dependencies of ignition-math6
[1.781s] -- Looking for OGRE...
[1.781s] -- OGRE_PREFIX_WATCH changed.
[1.781s] -- Checking for module 'OGRE'
[1.781s] --   Found OGRE, version 1.9.0
[1.781s] -- Found Ogre Ghadamon (1.9.0)
[1.781s] -- Found OGRE: optimized;/usr/lib/x86_64-linux-gnu/libOgreMain.so;debug;/usr/lib/x86_64-linux-gnu/libOgreMain.so
[1.781s] -- Looking for OGRE_Paging...
[1.781s] -- Found OGRE_Paging: optimized;/usr/lib/x86_64-linux-gnu/libOgrePaging.so;debug;/usr/lib/x86_64-linux-gnu/libOgrePaging.so
[1.781s] -- Looking for OGRE_Terrain...
[1.781s] -- Found OGRE_Terrain: optimized;/usr/lib/x86_64-linux-gnu/libOgreTerrain.so;debug;/usr/lib/x86_64-linux-gnu/libOgreTerrain.so
[1.782s] -- Looking for OGRE_Property...
[1.782s] -- Found OGRE_Property: optimized;/usr/lib/x86_64-linux-gnu/libOgreProperty.so;debug;/usr/lib/x86_64-linux-gnu/libOgreProperty.so
[1.782s] -- Looking for OGRE_RTShaderSystem...
[1.782s] -- Found OGRE_RTShaderSystem: optimized;/usr/lib/x86_64-linux-gnu/libOgreRTShaderSystem.so;debug;/usr/lib/x86_64-linux-gnu/libOgreRTShaderSystem.so
[1.782s] -- Looking for OGRE_Volume...
[1.782s] -- Found OGRE_Volume: optimized;/usr/lib/x86_64-linux-gnu/libOgreVolume.so;debug;/usr/lib/x86_64-linux-gnu/libOgreVolume.so
[1.782s] -- Looking for OGRE_Overlay...
[1.782s] -- Found OGRE_Overlay: optimized;/usr/lib/x86_64-linux-gnu/libOgreOverlay.so;debug;/usr/lib/x86_64-linux-gnu/libOgreOverlay.so
[1.782s] [33mCMake Warning (dev) at /usr/share/cmake-3.22/Modules/FindPackageHandleStandardArgs.cmake:438 (message):
[1.782s]   The package name passed to `find_package_handle_standard_args` (PkgConfig)
[1.782s]   does not match the name of the calling package (gazebo).  This can lead to
[1.782s]   problems in calling code that expects `find_package` result variables
[1.782s]   (e.g., `_FOUND`) to follow a certain pattern.
[1.782s] Call Stack (most recent call first):
[1.782s]   /usr/share/cmake-3.22/Modules/FindPkgConfig.cmake:99 (find_package_handle_standard_args)
[1.782s]   /usr/lib/x86_64-linux-gnu/cmake/gazebo/gazebo-config.cmake:72 (include)
[1.782s]   CMakeLists.txt:23 (find_package)
[1.782s] This warning is for project developers.  Use -Wno-dev to suppress it.
[1.782s] [0m
[2.105s] -- Looking for ignition-math6 -- found version 6.15.1
[2.116s] -- Looking for ignition-transport8 -- found version 8.2.1
[2.117s] -- Searching for dependencies of ignition-transport8
[2.191s] -- Found Protobuf: /usr/lib/x86_64-linux-gnu/libprotobuf.so (found suitable version "3.12.4", minimum required is "3") 
[2.253s] -- Config-file not installed for ZeroMQ -- checking for pkg-config
[2.253s] -- Checking for module 'libzmq >= 4'
[2.304s] --   Found libzmq , version 4.3.4
[2.417s] -- Found ZeroMQ: TRUE (Required is at least version "4") 
[2.443s] -- Checking for module 'uuid'
[2.477s] --   Found uuid, version 2.37.2
[2.572s] -- Found UUID: TRUE  
[2.584s] -- Looking for ignition-msgs5 -- found version 5.8.1
[2.584s] -- Searching for dependencies of ignition-msgs5
[2.621s] -- Looking for ignition-math6 -- found version 6.15.1
[2.637s] -- Checking for module 'tinyxml2'
[2.669s] --   Found tinyxml2, version 9.0.0
[2.741s] -- Looking for ignition-msgs5 -- found version 5.8.1
[2.750s] -- Looking for ignition-common3 -- found version 3.14.0
[2.751s] -- Searching for dependencies of ignition-common3
[2.755s] -- Looking for dlfcn.h - found
[2.757s] -- Looking for libdl - found
[2.758s] -- Found DL: TRUE  
[2.786s] -- Found tinyobjloader: /usr/lib/x86_64-linux-gnu/cmake/tinyobjloader/tinyobjloader-config.cmake (found version "2.0.0") 
[2.790s] -- Searching for <ignition-common3> component [graphics]
[2.800s] -- Looking for ignition-common3-graphics -- found version 3.14.0
[2.803s] -- Searching for dependencies of ignition-common3-graphics
[2.804s] -- Looking for ignition-math6 -- found version 6.15.1
[2.818s] -- Looking for ignition-fuel_tools4 -- found version 4.4.0
[2.818s] -- Searching for dependencies of ignition-fuel_tools4
[3.051s] -- Found CURL: /usr/lib/x86_64-linux-gnu/libcurl.so (found version "7.81.0")  
[3.076s] -- Checking for module 'jsoncpp'
[3.119s] --   Found jsoncpp, version 1.9.5
[3.223s] -- Found JSONCPP: TRUE  
[3.234s] -- Checking for module 'libzip'
[3.264s] --   Found libzip, version 1.7.3
[3.324s] -- Found ZIP: TRUE  
[3.324s] -- Looking for ignition-common3 -- found version 3.14.0
[3.325s] -- Looking for ignition-math6 -- found version 6.15.1
[3.325s] -- Looking for ignition-msgs5 -- found version 5.8.1
[3.340s] -- Found gazebo_ros_pkgs: 3.9.0 (/opt/ros/humble/share/gazebo_ros_pkgs/cmake)
[3.347s] -- Found geometry_msgs: 4.9.0 (/opt/ros/humble/share/geometry_msgs/cmake)
[3.424s] -- Found rosidl_generator_c: 3.1.7 (/opt/ros/humble/share/rosidl_generator_c/cmake)
[3.437s] -- Found rosidl_adapter: 3.1.7 (/opt/ros/humble/share/rosidl_adapter/cmake)
[3.457s] -- Found rosidl_generator_cpp: 3.1.7 (/opt/ros/humble/share/rosidl_generator_cpp/cmake)
[3.484s] -- Using all available rosidl_typesupport_c: rosidl_typesupport_fastrtps_c;rosidl_typesupport_introspection_c
[3.513s] -- Using all available rosidl_typesupport_cpp: rosidl_typesupport_fastrtps_cpp;rosidl_typesupport_introspection_cpp
[3.586s] -- Found nav_msgs: 4.9.0 (/opt/ros/humble/share/nav_msgs/cmake)
[3.616s] -- Found rclcpp: 16.0.14 (/opt/ros/humble/share/rclcpp/cmake)
[3.712s] -- Found rmw_implementation_cmake: 6.1.2 (/opt/ros/humble/share/rmw_implementation_cmake/cmake)
[3.719s] -- Found rmw_fastrtps_cpp: 6.2.8 (/opt/ros/humble/share/rmw_fastrtps_cpp/cmake)
[3.980s] -- Found OpenSSL: /usr/lib/x86_64-linux-gnu/libcrypto.so (found version "3.0.2")  
[4.067s] -- Found FastRTPS: /opt/ros/humble/include  
[4.261s] -- Using RMW implementation 'rmw_fastrtps_cpp' as default
[4.286s] -- Found Threads: TRUE  
[4.379s] -- Found sensor_msgs: 4.9.0 (/opt/ros/humble/share/sensor_msgs/cmake)
[4.418s] -- Found tf2: 0.25.16 (/opt/ros/humble/share/tf2/cmake)
[4.575s] -- Configuring done
[4.712s] -- Generating done
[4.750s] -- Build files have been written to: /home/hb/Git/Embedded/build/turtlebot3_gazebo
[4.805s] Invoked command in '/home/hb/Git/Embedded/build/turtlebot3_gazebo' returned '0': CMAKE_PREFIX_PATH=${CMAKE_PREFIX_PATH}:/home/hb/Git/Embedded/install/turtlebot3_teleop:/home/hb/Git/Embedded/install/turtlebot3_example:/home/hb/Git/Embedded/install/robot_web_interface:/home/hb/Git/Embedded/install/delivery_interface:/home/hb/Git/Embedded/install/app_navigation:/opt/ros/humble /usr/bin/cmake /home/hb/Git/Embedded/src/turtlebot3_simulations/turtlebot3_gazebo -DCMAKE_INSTALL_PREFIX=/home/hb/Git/Embedded/install/turtlebot3_gazebo
[4.806s] Invoking command in '/home/hb/Git/Embedded/build/turtlebot3_gazebo': CMAKE_PREFIX_PATH=${CMAKE_PREFIX_PATH}:/home/hb/Git/Embedded/install/turtlebot3_teleop:/home/hb/Git/Embedded/install/turtlebot3_example:/home/hb/Git/Embedded/install/robot_web_interface:/home/hb/Git/Embedded/install/delivery_interface:/home/hb/Git/Embedded/install/app_navigation:/opt/ros/humble /usr/bin/cmake --build /home/hb/Git/Embedded/build/turtlebot3_gazebo -- -j16 -l16
[4.930s] [  8%] [32mBuilding CXX object CMakeFiles/turtlebot3_drive.dir/src/turtlebot3_drive.cpp.o[0m
[4.932s] [ 16%] [32mBuilding CXX object CMakeFiles/traffic_light_plugin.dir/src/traffic_light_plugin.cpp.o[0m
[4.941s] [ 25%] [32mBuilding CXX object CMakeFiles/obstacles.dir/src/obstacles.cpp.o[0m
[4.955s] [ 33%] [32mBuilding CXX object CMakeFiles/obstacle1.dir/src/obstacle1.cpp.o[0m
[4.955s] [ 41%] [32mBuilding CXX object CMakeFiles/obstacle2.dir/src/obstacle2.cpp.o[0m
[4.989s] [ 50%] [32mBuilding CXX object CMakeFiles/traffic_bar_plugin.dir/src/traffic_bar_plugin.cpp.o[0m
[28.741s] [ 58%] [32m[1mLinking CXX executable turtlebot3_drive[0m
[31.738s] [ 58%] Built target turtlebot3_drive
[38.082s] [ 66%] [32m[1mLinking CXX shared library libobstacles.so[0m
[38.216s] [ 75%] [32m[1mLinking CXX shared library libobstacle2.so[0m
[38.506s] [ 83%] [32m[1mLinking CXX shared library libobstacle1.so[0m
[38.752s] [ 91%] [32m[1mLinking CXX shared library libtraffic_bar_plugin.so[0m
[39.298s] [ 91%] Built target traffic_bar_plugin
[39.313s] [ 91%] Built target obstacles
[39.345s] [ 91%] Built target obstacle1
[39.406s] [ 91%] Built target obstacle2
[39.768s] [100%] [32m[1mLinking CXX shared library libtraffic_light_plugin.so[0m
[40.426s] [100%] Built target traffic_light_plugin
[40.454s] Invoked command in '/home/hb/Git/Embedded/build/turtlebot3_gazebo' returned '0': CMAKE_PREFIX_PATH=${CMAKE_PREFIX_PATH}:/home/hb/Git/Embedded/install/turtlebot3_teleop:/home/hb/Git/Embedded/install/turtlebot3_example:/home/hb/Git/Embedded/install/robot_web_interface:/home/hb/Git/Embedded/install/delivery_interface:/home/hb/Git/Embedded/install/app_navigation:/opt/ros/humble /usr/bin/cmake --build /home/hb/Git/Embedded/build/turtlebot3_gazebo -- -j16 -l16
[40.464s] Invoking command in '/home/hb/Git/Embedded/build/turtlebot3_gazebo': CMAKE_PREFIX_PATH=${CMAKE_PREFIX_PATH}:/home/hb/Git/Embedded/install/turtlebot3_teleop:/home/hb/Git/Embedded/install/turtlebot3_example:/home/hb/Git/Embedded/install/robot_web_interface:/home/hb/Git/Embedded/install/delivery_interface:/home/hb/Git/Embedded/install/app_navigation:/opt/ros/humble /usr/bin/cmake --install /home/hb/Git/Embedded/build/turtlebot3_gazebo
[40.495s] -- Install configuration: ""
[40.496s] -- Installing: /home/hb/Git/Embedded/install/turtlebot3_gazebo/lib/turtlebot3_gazebo/turtlebot3_drive
[40.505s] -- Set runtime path of "/home/hb/Git/Embedded/install/turtlebot3_gazebo/lib/turtlebot3_gazebo/turtlebot3_drive" to ""
[40.508s] -- Installing: /home/hb/Git/Embedded/install/turtlebot3_gazebo/share/turtlebot3_gazebo//launch
[40.508s] -- Installing: /home/hb/Git/Embedded/install/turtlebot3_gazebo/share/turtlebot3_gazebo//launch/empty_world.launch.py
[40.509s] -- Installing: /home/hb/Git/Embedded/install/turtlebot3_gazebo/share/turtlebot3_gazebo//launch/multi_spawn_turtlebot3.launch.py
[40.509s] -- Installing: /home/hb/Git/Embedded/install/turtlebot3_gazebo/share/turtlebot3_gazebo//launch/multi_robot.launch.py
[40.509s] -- Installing: /home/hb/Git/Embedded/install/turtlebot3_gazebo/share/turtlebot3_gazebo//launch/spawn_turtlebot3.launch.py
[40.509s] -- Installing: /home/hb/Git/Embedded/install/turtlebot3_gazebo/share/turtlebot3_gazebo//launch/turtlebot3_dqn_stage4.launch.py
[40.510s] -- Installing: /home/hb/Git/Embedded/install/turtlebot3_gazebo/share/turtlebot3_gazebo//launch/turtlebot3_dqn_stage2.launch.py
[40.510s] -- Installing: /home/hb/Git/Embedded/install/turtlebot3_gazebo/share/turtlebot3_gazebo//launch/turtlebot3_outerworld.launch.py
[40.510s] -- Installing: /home/hb/Git/Embedded/install/turtlebot3_gazebo/share/turtlebot3_gazebo//launch/turtlebot3_aptcomplexworld.launch.py
[40.510s] -- Installing: /home/hb/Git/Embedded/install/turtlebot3_gazebo/share/turtlebot3_gazebo//launch/turtlebot3_duworld.launch.py
[40.511s] -- Installing: /home/hb/Git/Embedded/install/turtlebot3_gazebo/share/turtlebot3_gazebo//launch/turtlebot3_autorace_2020.launch.py
[40.511s] -- Installing: /home/hb/Git/Embedded/install/turtlebot3_gazebo/share/turtlebot3_gazebo//launch/robot_state_publisher.launch.py
[40.513s] -- Installing: /home/hb/Git/Embedded/install/turtlebot3_gazebo/share/turtlebot3_gazebo//launch/turtlebot3_aptcomplexworld_scaled.launch.py
[40.514s] -- Installing: /home/hb/Git/Embedded/install/turtlebot3_gazebo/share/turtlebot3_gazebo//launch/turtlebot3_dqn_stage1.launch.py
[40.514s] -- Installing: /home/hb/Git/Embedded/install/turtlebot3_gazebo/share/turtlebot3_gazebo//launch/turtlebot3_house.launch.py
[40.515s] -- Installing: /home/hb/Git/Embedded/install/turtlebot3_gazebo/share/turtlebot3_gazebo//launch/turtlebot3_nav2_auto.launch.py
[40.517s] -- Installing: /home/hb/Git/Embedded/install/turtlebot3_gazebo/share/turtlebot3_gazebo//launch/turtlebot3_world.launch.py
[40.517s] -- Installing: /home/hb/Git/Embedded/install/turtlebot3_gazebo/share/turtlebot3_gazebo//launch/turtlebot3_dqn_stage3.launch.py
[40.517s] -- Installing: /home/hb/Git/Embedded/install/turtlebot3_gazebo/share/turtlebot3_gazebo//models
[40.517s] -- Installing: /home/hb/Git/Embedded/install/turtlebot3_gazebo/share/turtlebot3_gazebo//models/turtlebot3_autorace_2020
[40.518s] -- Installing: /home/hb/Git/Embedded/install/turtlebot3_gazebo/share/turtlebot3_gazebo//models/turtlebot3_autorace_2020/traffic_left
[40.518s] -- Installing: /home/hb/Git/Embedded/install/turtlebot3_gazebo/share/turtlebot3_gazebo//models/turtlebot3_autorace_2020/traffic_left/model.config
[40.518s] -- Installing: /home/hb/Git/Embedded/install/turtlebot3_gazebo/share/turtlebot3_gazebo//models/turtlebot3_autorace_2020/traffic_left/model.sdf
[40.519s] -- Installing: /home/hb/Git/Embedded/install/turtlebot3_gazebo/share/turtlebot3_gazebo//models/turtlebot3_autorace_2020/traffic_left/materials
[40.519s] -- Installing: /home/hb/Git/Embedded/install/turtlebot3_gazebo/share/turtlebot3_gazebo//models/turtlebot3_autorace_2020/traffic_left/materials/scripts
[40.520s] -- Installing: /home/hb/Git/Embedded/install/turtlebot3_gazebo/share/turtlebot3_gazebo//models/turtlebot3_autorace_2020/traffic_left/materials/scripts/traffic_is_left.material
[40.520s] -- Installing: /home/hb/Git/Embedded/install/turtlebot3_gazebo/share/turtlebot3_gazebo//models/turtlebot3_autorace_2020/traffic_left/materials/textures
[40.520s] -- Installing: /home/hb/Git/Embedded/install/turtlebot3_gazebo/share/turtlebot3_gazebo//models/turtlebot3_autorace_2020/traffic_left/materials/textures/traffic_left.png
[40.522s] -- Installing: /home/hb/Git/Embedded/install/turtlebot3_gazebo/share/turtlebot3_gazebo//models/turtlebot3_autorace_2020/traffic_right
[40.522s] -- Installing: /home/hb/Git/Embedded/install/turtlebot3_gazebo/share/turtlebot3_gazebo//models/turtlebot3_autorace_2020/traffic_right/model.config
[40.523s] -- Installing: /home/hb/Git/Embedded/install/turtlebot3_gazebo/share/turtlebot3_gazebo//models/turtlebot3_autorace_2020/traffic_right/model.sdf
[40.524s] -- Installing: /home/hb/Git/Embedded/install/turtlebot3_gazebo/share/turtlebot3_gazebo//models/turtlebot3_autorace_2020/traffic_right/materials
[40.524s] -- Installing: /home/hb/Git/Embedded/install/turtlebot3_gazebo/share/turtlebot3_gazebo//models/turtlebot3_autorace_2020/traffic_right/materials/scripts
[40.524s] -- Installing: /home/hb/Git/Embedded/install/turtlebot3_gazebo/share/turtlebot3_gazebo//models/turtlebot3_autorace_2020/traffic_right/materials/scripts/traffic_right.material
[40.524s] -- Installing: /home/hb/Git/Embedded/install/turtlebot3_gazebo/share/turtlebot3_gazebo//models/turtlebot3_autorace_2020/traffic_right/materials/textures
[40.525s] -- Installing: /home/hb/Git/Embedded/install/turtlebot3_gazebo/share/turtlebot3_gazebo//models/turtlebot3_autorace_2020/traffic_right/materials/textures/traffic_right.png
[40.526s] -- Installing: /home/hb/Git/Embedded/install/turtlebot3_gazebo/share/turtlebot3_gazebo//models/turtlebot3_autorace_2020/checker
[40.526s] -- Installing: /home/hb/Git/Embedded/install/turtlebot3_gazebo/share/turtlebot3_gazebo//models/turtlebot3_autorace_2020/checker/model.config
[40.527s] -- Installing: /home/hb/Git/Embedded/install/turtlebot3_gazebo/share/turtlebot3_gazebo//models/turtlebot3_autorace_2020/checker/model.sdf
[40.527s] -- Installing: /home/hb/Git/Embedded/install/turtlebot3_gazebo/share/turtlebot3_gazebo//models/turtlebot3_autorace_2020/checker/materials
[40.528s] -- Installing: /home/hb/Git/Embedded/install/turtlebot3_gazebo/share/turtlebot3_gazebo//models/turtlebot3_autorace_2020/checker/materials/scripts
[40.528s] -- Installing: /home/hb/Git/Embedded/install/turtlebot3_gazebo/share/turtlebot3_gazebo//models/turtlebot3_autorace_2020/checker/materials/scripts/checker.material
[40.529s] -- Installing: /home/hb/Git/Embedded/install/turtlebot3_gazebo/share/turtlebot3_gazebo//models/turtlebot3_autorace_2020/checker/materials/checker.png
[40.529s] -- Installing: /home/hb/Git/Embedded/install/turtlebot3_gazebo/share/turtlebot3_gazebo//models/turtlebot3_autorace_2020/checker/materials/textures
[40.530s] -- Installing: /home/hb/Git/Embedded/install/turtlebot3_gazebo/share/turtlebot3_gazebo//models/turtlebot3_autorace_2020/checker/materials/textures/checker.png
[40.530s] -- Installing: /home/hb/Git/Embedded/install/turtlebot3_gazebo/share/turtlebot3_gazebo//models/turtlebot3_autorace_2020/traffic_stop
[40.530s] -- Installing: /home/hb/Git/Embedded/install/turtlebot3_gazebo/share/turtlebot3_gazebo//models/turtlebot3_autorace_2020/traffic_stop/model.config
[40.531s] -- Installing: /home/hb/Git/Embedded/install/turtlebot3_gazebo/share/turtlebot3_gazebo//models/turtlebot3_autorace_2020/traffic_stop/model.sdf
[40.531s] -- Installing: /home/hb/Git/Embedded/install/turtlebot3_gazebo/share/turtlebot3_gazebo//models/turtlebot3_autorace_2020/traffic_stop/materials
[40.532s] -- Installing: /home/hb/Git/Embedded/install/turtlebot3_gazebo/share/turtlebot3_gazebo//models/turtlebot3_autorace_2020/traffic_stop/materials/scripts
[40.532s] -- Installing: /home/hb/Git/Embedded/install/turtlebot3_gazebo/share/turtlebot3_gazebo//models/turtlebot3_autorace_2020/traffic_stop/materials/scripts/traffic_stop.material
[40.533s] -- Installing: /home/hb/Git/Embedded/install/turtlebot3_gazebo/share/turtlebot3_gazebo//models/turtlebot3_autorace_2020/traffic_stop/materials/textures
[40.533s] -- Installing: /home/hb/Git/Embedded/install/turtlebot3_gazebo/share/turtlebot3_gazebo//models/turtlebot3_autorace_2020/traffic_stop/materials/textures/traffic_stop.png
[40.535s] -- Installing: /home/hb/Git/Embedded/install/turtlebot3_gazebo/share/turtlebot3_gazebo//models/turtlebot3_autorace_2020/traffic_tunnel
[40.535s] -- Installing: /home/hb/Git/Embedded/install/turtlebot3_gazebo/share/turtlebot3_gazebo//models/turtlebot3_autorace_2020/traffic_tunnel/model.config
[40.535s] -- Installing: /home/hb/Git/Embedded/install/turtlebot3_gazebo/share/turtlebot3_gazebo//models/turtlebot3_autorace_2020/traffic_tunnel/model.sdf
[40.536s] -- Installing: /home/hb/Git/Embedded/install/turtlebot3_gazebo/share/turtlebot3_gazebo//models/turtlebot3_autorace_2020/traffic_tunnel/materials
[40.537s] -- Installing: /home/hb/Git/Embedded/install/turtlebot3_gazebo/share/turtlebot3_gazebo//models/turtlebot3_autorace_2020/traffic_tunnel/materials/scripts
[40.537s] -- Installing: /home/hb/Git/Embedded/install/turtlebot3_gazebo/share/turtlebot3_gazebo//models/turtlebot3_autorace_2020/traffic_tunnel/materials/scripts/tunnel.material
[40.539s] -- Installing: /home/hb/Git/Embedded/install/turtlebot3_gazebo/share/turtlebot3_gazebo//models/turtlebot3_autorace_2020/traffic_tunnel/materials/textures
[40.539s] -- Installing: /home/hb/Git/Embedded/install/turtlebot3_gazebo/share/turtlebot3_gazebo//models/turtlebot3_autorace_2020/traffic_tunnel/materials/textures/tunnel.png
[40.540s] -- Installing: /home/hb/Git/Embedded/install/turtlebot3_gazebo/share/turtlebot3_gazebo//models/turtlebot3_autorace_2020/traffic_intersection
[40.541s] -- Installing: /home/hb/Git/Embedded/install/turtlebot3_gazebo/share/turtlebot3_gazebo//models/turtlebot3_autorace_2020/traffic_intersection/model.config
[40.541s] -- Installing: /home/hb/Git/Embedded/install/turtlebot3_gazebo/share/turtlebot3_gazebo//models/turtlebot3_autorace_2020/traffic_intersection/model.sdf
[40.542s] -- Installing: /home/hb/Git/Embedded/install/turtlebot3_gazebo/share/turtlebot3_gazebo//models/turtlebot3_autorace_2020/traffic_intersection/materials
[40.542s] -- Installing: /home/hb/Git/Embedded/install/turtlebot3_gazebo/share/turtlebot3_gazebo//models/turtlebot3_autorace_2020/traffic_intersection/materials/scripts
[40.542s] -- Installing: /home/hb/Git/Embedded/install/turtlebot3_gazebo/share/turtlebot3_gazebo//models/turtlebot3_autorace_2020/traffic_intersection/materials/scripts/traffic_intersection.material
[40.543s] -- Installing: /home/hb/Git/Embedded/install/turtlebot3_gazebo/share/turtlebot3_gazebo//models/turtlebot3_autorace_2020/traffic_intersection/materials/textures
[40.543s] -- Installing: /home/hb/Git/Embedded/install/turtlebot3_gazebo/share/turtlebot3_gazebo//models/turtlebot3_autorace_2020/traffic_intersection/materials/textures/traffic_intersection.png
[40.544s] -- Installing: /home/hb/Git/Embedded/install/turtlebot3_gazebo/share/turtlebot3_gazebo//models/turtlebot3_autorace_2020/traffic_construction
[40.545s] -- Installing: /home/hb/Git/Embedded/install/turtlebot3_gazebo/share/turtlebot3_gazebo//models/turtlebot3_autorace_2020/traffic_construction/model.config
[40.545s] -- Installing: /home/hb/Git/Embedded/install/turtlebot3_gazebo/share/turtlebot3_gazebo//models/turtlebot3_autorace_2020/traffic_construction/model.sdf
[40.546s] -- Installing: /home/hb/Git/Embedded/install/turtlebot3_gazebo/share/turtlebot3_gazebo//models/turtlebot3_autorace_2020/traffic_construction/materials
[40.546s] -- Installing: /home/hb/Git/Embedded/install/turtlebot3_gazebo/share/turtlebot3_gazebo//models/turtlebot3_autorace_2020/traffic_construction/materials/scripts
[40.546s] -- Installing: /home/hb/Git/Embedded/install/turtlebot3_gazebo/share/turtlebot3_gazebo//models/turtlebot3_autorace_2020/traffic_construction/materials/scripts/traffic_construction.material
[40.547s] -- Installing: /home/hb/Git/Embedded/install/turtlebot3_gazebo/share/turtlebot3_gazebo//models/turtlebot3_autorace_2020/traffic_construction/materials/textures
[40.548s] -- Installing: /home/hb/Git/Embedded/install/turtlebot3_gazebo/share/turtlebot3_gazebo//models/turtlebot3_autorace_2020/traffic_construction/materials/textures/traffic_construction.png
[40.550s] -- Installing: /home/hb/Git/Embedded/install/turtlebot3_gazebo/share/turtlebot3_gazebo//models/turtlebot3_autorace_2020/course
[40.550s] -- Installing: /home/hb/Git/Embedded/install/turtlebot3_gazebo/share/turtlebot3_gazebo//models/turtlebot3_autorace_2020/course/model.config
[40.550s] -- Installing: /home/hb/Git/Embedded/install/turtlebot3_gazebo/share/turtlebot3_gazebo//models/turtlebot3_autorace_2020/course/model.sdf
[40.551s] -- Installing: /home/hb/Git/Embedded/install/turtlebot3_gazebo/share/turtlebot3_gazebo//models/turtlebot3_autorace_2020/course/materials
[40.551s] -- Installing: /home/hb/Git/Embedded/install/turtlebot3_gazebo/share/turtlebot3_gazebo//models/turtlebot3_autorace_2020/course/materials/scripts
[40.551s] -- Installing: /home/hb/Git/Embedded/install/turtlebot3_gazebo/share/turtlebot3_gazebo//models/turtlebot3_autorace_2020/course/materials/scripts/course.material
[40.552s] -- Installing: /home/hb/Git/Embedded/install/turtlebot3_gazebo/share/turtlebot3_gazebo//models/turtlebot3_autorace_2020/course/materials/textures
[40.552s] -- Installing: /home/hb/Git/Embedded/install/turtlebot3_gazebo/share/turtlebot3_gazebo//models/turtlebot3_autorace_2020/course/materials/textures/course.png
[40.553s] -- Installing: /home/hb/Git/Embedded/install/turtlebot3_gazebo/share/turtlebot3_gazebo//models/turtlebot3_autorace_2020/traffic_parking
[40.553s] -- Installing: /home/hb/Git/Embedded/install/turtlebot3_gazebo/share/turtlebot3_gazebo//models/turtlebot3_autorace_2020/traffic_parking/model.config
[40.555s] -- Installing: /home/hb/Git/Embedded/install/turtlebot3_gazebo/share/turtlebot3_gazebo//models/turtlebot3_autorace_2020/traffic_parking/model.sdf
[40.556s] -- Installing: /home/hb/Git/Embedded/install/turtlebot3_gazebo/share/turtlebot3_gazebo//models/turtlebot3_autorace_2020/traffic_parking/materials
[40.556s] -- Installing: /home/hb/Git/Embedded/install/turtlebot3_gazebo/share/turtlebot3_gazebo//models/turtlebot3_autorace_2020/traffic_parking/materials/scripts
[40.556s] -- Installing: /home/hb/Git/Embedded/install/turtlebot3_gazebo/share/turtlebot3_gazebo//models/turtlebot3_autorace_2020/traffic_parking/materials/scripts/traffic_parking.material
[40.557s] -- Installing: /home/hb/Git/Embedded/install/turtlebot3_gazebo/share/turtlebot3_gazebo//models/turtlebot3_autorace_2020/traffic_parking/materials/textures
[40.557s] -- Installing: /home/hb/Git/Embedded/install/turtlebot3_gazebo/share/turtlebot3_gazebo//models/turtlebot3_autorace_2020/traffic_parking/materials/textures/traffic_parking.png
[40.558s] -- Installing: /home/hb/Git/Embedded/install/turtlebot3_gazebo/share/turtlebot3_gazebo//models/turtlebot3_autorace_2020/traffic_light
[40.558s] -- Installing: /home/hb/Git/Embedded/install/turtlebot3_gazebo/share/turtlebot3_gazebo//models/turtlebot3_autorace_2020/traffic_light/model.config
[40.559s] -- Installing: /home/hb/Git/Embedded/install/turtlebot3_gazebo/share/turtlebot3_gazebo//models/turtlebot3_autorace_2020/traffic_light/model.sdf
[40.559s] -- Installing: /home/hb/Git/Embedded/install/turtlebot3_gazebo/share/turtlebot3_gazebo//models/turtlebot3_autorace_2020/traffic_light/materials
[40.559s] -- Installing: /home/hb/Git/Embedded/install/turtlebot3_gazebo/share/turtlebot3_gazebo//models/turtlebot3_autorace_2020/traffic_light/materials/scripts
[40.560s] -- Installing: /home/hb/Git/Embedded/install/turtlebot3_gazebo/share/turtlebot3_gazebo//models/turtlebot3_autorace_2020/traffic_light/materials/scripts/traffic_light.material
[40.560s] -- Installing: /home/hb/Git/Embedded/install/turtlebot3_gazebo/share/turtlebot3_gazebo//models/turtlebot3_autorace_2020/traffic_light/materials/textures
[40.561s] -- Installing: /home/hb/Git/Embedded/install/turtlebot3_gazebo/share/turtlebot3_gazebo//models/turtlebot3_autorace_2020/traffic_light/materials/textures/traffic_light_yellow.png
[40.561s] -- Installing: /home/hb/Git/Embedded/install/turtlebot3_gazebo/share/turtlebot3_gazebo//models/turtlebot3_autorace_2020/traffic_light/materials/textures/traffic_light_red.png
[40.562s] -- Installing: /home/hb/Git/Embedded/install/turtlebot3_gazebo/share/turtlebot3_gazebo//models/turtlebot3_autorace_2020/traffic_light/materials/textures/traffic_light_green.png
[40.562s] -- Installing: /home/hb/Git/Embedded/install/turtlebot3_gazebo/share/turtlebot3_gazebo//models/turtlebot3_autorace_2020/traffic_light/materials/textures/traffic_light.png
[40.563s] -- Installing: /home/hb/Git/Embedded/install/turtlebot3_gazebo/share/turtlebot3_gazebo//models/turtlebot3_autorace_2020/traffic_bar
[40.564s] -- Installing: /home/hb/Git/Embedded/install/turtlebot3_gazebo/share/turtlebot3_gazebo//models/turtlebot3_autorace_2020/traffic_bar/model.config
[40.564s] -- Installing: /home/hb/Git/Embedded/install/turtlebot3_gazebo/share/turtlebot3_gazebo//models/turtlebot3_autorace_2020/traffic_bar/model.sdf
[40.564s] -- Installing: /home/hb/Git/Embedded/install/turtlebot3_gazebo/share/turtlebot3_gazebo//models/turtlebot3_autorace_2020/traffic_bar/materials
[40.565s] -- Installing: /home/hb/Git/Embedded/install/turtlebot3_gazebo/share/turtlebot3_gazebo//models/turtlebot3_autorace_2020/traffic_bar/materials/scripts
[40.565s] -- Installing: /home/hb/Git/Embedded/install/turtlebot3_gazebo/share/turtlebot3_gazebo//models/turtlebot3_autorace_2020/traffic_bar/materials/scripts/traffic_bar.material
[40.566s] -- Installing: /home/hb/Git/Embedded/install/turtlebot3_gazebo/share/turtlebot3_gazebo//models/turtlebot3_autorace_2020/traffic_bar/materials/textures
[40.567s] -- Installing: /home/hb/Git/Embedded/install/turtlebot3_gazebo/share/turtlebot3_gazebo//models/turtlebot3_autorace_2020/traffic_bar/materials/textures/traffic_bar.png
[40.567s] -- Installing: /home/hb/Git/Embedded/install/turtlebot3_gazebo/share/turtlebot3_gazebo//models/turtlebot3_autorace_2020/traffic_noentry
[40.567s] -- Installing: /home/hb/Git/Embedded/install/turtlebot3_gazebo/share/turtlebot3_gazebo//models/turtlebot3_autorace_2020/traffic_noentry/model.config
[40.568s] -- Installing: /home/hb/Git/Embedded/install/turtlebot3_gazebo/share/turtlebot3_gazebo//models/turtlebot3_autorace_2020/traffic_noentry/model.sdf
[40.568s] -- Installing: /home/hb/Git/Embedded/install/turtlebot3_gazebo/share/turtlebot3_gazebo//models/turtlebot3_autorace_2020/traffic_noentry/materials
[40.569s] -- Installing: /home/hb/Git/Embedded/install/turtlebot3_gazebo/share/turtlebot3_gazebo//models/turtlebot3_autorace_2020/traffic_noentry/materials/scripts
[40.569s] -- Installing: /home/hb/Git/Embedded/install/turtlebot3_gazebo/share/turtlebot3_gazebo//models/turtlebot3_autorace_2020/traffic_noentry/materials/scripts/traffic_noentry.material
[40.570s] -- Installing: /home/hb/Git/Embedded/install/turtlebot3_gazebo/share/turtlebot3_gazebo//models/turtlebot3_autorace_2020/traffic_noentry/materials/textures
[40.572s] -- Installing: /home/hb/Git/Embedded/install/turtlebot3_gazebo/share/turtlebot3_gazebo//models/turtlebot3_autorace_2020/traffic_noentry/materials/textures/traffic_noentry.png
[40.573s] -- Installing: /home/hb/Git/Embedded/install/turtlebot3_gazebo/share/turtlebot3_gazebo//models/turtlebot3_autorace_2020/traffic_pl_left
[40.573s] -- Installing: /home/hb/Git/Embedded/install/turtlebot3_gazebo/share/turtlebot3_gazebo//models/turtlebot3_autorace_2020/traffic_pl_left/model.config
[40.573s] -- Installing: /home/hb/Git/Embedded/install/turtlebot3_gazebo/share/turtlebot3_gazebo//models/turtlebot3_autorace_2020/traffic_pl_left/model.sdf
[40.574s] -- Installing: /home/hb/Git/Embedded/install/turtlebot3_gazebo/share/turtlebot3_gazebo//models/turtlebot3_autorace_2020/traffic_pl_left/materials
[40.574s] -- Installing: /home/hb/Git/Embedded/install/turtlebot3_gazebo/share/turtlebot3_gazebo//models/turtlebot3_autorace_2020/traffic_pl_left/materials/scripts
[40.575s] -- Installing: /home/hb/Git/Embedded/install/turtlebot3_gazebo/share/turtlebot3_gazebo//models/turtlebot3_autorace_2020/traffic_pl_left/materials/scripts/traffic_pl_left.material
[40.575s] -- Installing: /home/hb/Git/Embedded/install/turtlebot3_gazebo/share/turtlebot3_gazebo//models/turtlebot3_autorace_2020/traffic_pl_left/materials/textures
[40.575s] -- Installing: /home/hb/Git/Embedded/install/turtlebot3_gazebo/share/turtlebot3_gazebo//models/turtlebot3_autorace_2020/traffic_pl_left/materials/textures/traffic_pl_left.png
[40.576s] -- Installing: /home/hb/Git/Embedded/install/turtlebot3_gazebo/share/turtlebot3_gazebo//models/turtlebot3_house
[40.576s] -- Installing: /home/hb/Git/Embedded/install/turtlebot3_gazebo/share/turtlebot3_gazebo//models/turtlebot3_house/model.config
[40.577s] -- Installing: /home/hb/Git/Embedded/install/turtlebot3_gazebo/share/turtlebot3_gazebo//models/turtlebot3_house/model.sdf
[40.578s] -- Installing: /home/hb/Git/Embedded/install/turtlebot3_gazebo/share/turtlebot3_gazebo//models/turtlebot3_waffle_pi
[40.579s] -- Installing: /home/hb/Git/Embedded/install/turtlebot3_gazebo/share/turtlebot3_gazebo//models/turtlebot3_waffle_pi/model.config
[40.579s] -- Installing: /home/hb/Git/Embedded/install/turtlebot3_gazebo/share/turtlebot3_gazebo//models/turtlebot3_waffle_pi/model-1_4_.sdf
[40.583s] -- Installing: /home/hb/Git/Embedded/install/turtlebot3_gazebo/share/turtlebot3_gazebo//models/turtlebot3_waffle_pi/model.sdf
[40.585s] -- Installing: /home/hb/Git/Embedded/install/turtlebot3_gazebo/share/turtlebot3_gazebo//models/turtlebot3_waffle
[40.585s] -- Installing: /home/hb/Git/Embedded/install/turtlebot3_gazebo/share/turtlebot3_gazebo//models/turtlebot3_waffle/model.config
[40.585s] -- Installing: /home/hb/Git/Embedded/install/turtlebot3_gazebo/share/turtlebot3_gazebo//models/turtlebot3_waffle/model-1_4.sdf
[40.586s] -- Installing: /home/hb/Git/Embedded/install/turtlebot3_gazebo/share/turtlebot3_gazebo//models/turtlebot3_waffle/model.sdf
[40.586s] -- Installing: /home/hb/Git/Embedded/install/turtlebot3_gazebo/share/turtlebot3_gazebo//models/turtlebot3_world
[40.588s] -- Installing: /home/hb/Git/Embedded/install/turtlebot3_gazebo/share/turtlebot3_gazebo//models/turtlebot3_world/model.config
[40.588s] -- Installing: /home/hb/Git/Embedded/install/turtlebot3_gazebo/share/turtlebot3_gazebo//models/turtlebot3_world/model-1_4.sdf
[40.589s] -- Installing: /home/hb/Git/Embedded/install/turtlebot3_gazebo/share/turtlebot3_gazebo//models/turtlebot3_world/model.sdf
[40.589s] -- Installing: /home/hb/Git/Embedded/install/turtlebot3_gazebo/share/turtlebot3_gazebo//models/turtlebot3_world/meshes
[40.589s] -- Installing: /home/hb/Git/Embedded/install/turtlebot3_gazebo/share/turtlebot3_gazebo//models/turtlebot3_world/meshes/wall.dae
[40.590s] -- Installing: /home/hb/Git/Embedded/install/turtlebot3_gazebo/share/turtlebot3_gazebo//models/turtlebot3_world/meshes/hexagon.dae
[40.590s] -- Installing: /home/hb/Git/Embedded/install/turtlebot3_gazebo/share/turtlebot3_gazebo//models/turtlebot3_burger
[40.591s] -- Installing: /home/hb/Git/Embedded/install/turtlebot3_gazebo/share/turtlebot3_gazebo//models/turtlebot3_burger/model.config
[40.591s] -- Installing: /home/hb/Git/Embedded/install/turtlebot3_gazebo/share/turtlebot3_gazebo//models/turtlebot3_burger/model-1_4.sdf
[40.592s] -- Installing: /home/hb/Git/Embedded/install/turtlebot3_gazebo/share/turtlebot3_gazebo//models/turtlebot3_burger/model.sdf
[40.592s] -- Installing: /home/hb/Git/Embedded/install/turtlebot3_gazebo/share/turtlebot3_gazebo//models/turtlebot3_common
[40.592s] -- Installing: /home/hb/Git/Embedded/install/turtlebot3_gazebo/share/turtlebot3_gazebo//models/turtlebot3_common/model.config
[40.593s] -- Installing: /home/hb/Git/Embedded/install/turtlebot3_gazebo/share/turtlebot3_gazebo//models/turtlebot3_common/meshes
[40.593s] -- Installing: /home/hb/Git/Embedded/install/turtlebot3_gazebo/share/turtlebot3_gazebo//models/turtlebot3_common/meshes/burger_base.dae
[40.594s] -- Installing: /home/hb/Git/Embedded/install/turtlebot3_gazebo/share/turtlebot3_gazebo//models/turtlebot3_common/meshes/bases
[40.594s] -- Installing: /home/hb/Git/Embedded/install/turtlebot3_gazebo/share/turtlebot3_gazebo//models/turtlebot3_common/meshes/bases/waffle_pi_base.stl
[40.612s] -- Installing: /home/hb/Git/Embedded/install/turtlebot3_gazebo/share/turtlebot3_gazebo//models/turtlebot3_common/meshes/bases/burger_base.stl
[40.622s] -- Installing: /home/hb/Git/Embedded/install/turtlebot3_gazebo/share/turtlebot3_gazebo//models/turtlebot3_common/meshes/bases/waffle_base.stl
[40.653s] -- Installing: /home/hb/Git/Embedded/install/turtlebot3_gazebo/share/turtlebot3_gazebo//models/turtlebot3_common/meshes/tire.dae
[40.654s] -- Installing: /home/hb/Git/Embedded/install/turtlebot3_gazebo/share/turtlebot3_gazebo//models/turtlebot3_common/meshes/r200.dae
[40.655s] -- Installing: /home/hb/Git/Embedded/install/turtlebot3_gazebo/share/turtlebot3_gazebo//models/turtlebot3_common/meshes/waffle_pi_base.dae
[40.656s] -- Installing: /home/hb/Git/Embedded/install/turtlebot3_gazebo/share/turtlebot3_gazebo//models/turtlebot3_common/meshes/sensors
[40.656s] -- Installing: /home/hb/Git/Embedded/install/turtlebot3_gazebo/share/turtlebot3_gazebo//models/turtlebot3_common/meshes/sensors/lds.stl
[40.658s] -- Installing: /home/hb/Git/Embedded/install/turtlebot3_gazebo/share/turtlebot3_gazebo//models/turtlebot3_common/meshes/sensors/r200.dae
[40.659s] -- Installing: /home/hb/Git/Embedded/install/turtlebot3_gazebo/share/turtlebot3_gazebo//models/turtlebot3_common/meshes/sensors/astra.dae
[40.677s] -- Installing: /home/hb/Git/Embedded/install/turtlebot3_gazebo/share/turtlebot3_gazebo//models/turtlebot3_common/meshes/sensors/r200.jpg
[40.677s] -- Installing: /home/hb/Git/Embedded/install/turtlebot3_gazebo/share/turtlebot3_gazebo//models/turtlebot3_common/meshes/sensors/astra.jpg
[40.678s] -- Installing: /home/hb/Git/Embedded/install/turtlebot3_gazebo/share/turtlebot3_gazebo//models/turtlebot3_common/meshes/wheels
[40.678s] -- Installing: /home/hb/Git/Embedded/install/turtlebot3_gazebo/share/turtlebot3_gazebo//models/turtlebot3_common/meshes/wheels/right_tire.stl
[40.681s] -- Installing: /home/hb/Git/Embedded/install/turtlebot3_gazebo/share/turtlebot3_gazebo//models/turtlebot3_common/meshes/wheels/left_tire.stl
[40.684s] -- Installing: /home/hb/Git/Embedded/install/turtlebot3_gazebo/share/turtlebot3_gazebo//models/turtlebot3_common/meshes/waffle_base.dae
[40.685s] -- Installing: /home/hb/Git/Embedded/install/turtlebot3_gazebo/share/turtlebot3_gazebo//models/turtlebot3_common/meshes/lds.dae
[40.685s] -- Installing: /home/hb/Git/Embedded/install/turtlebot3_gazebo/share/turtlebot3_gazebo//models/turtlebot3_burger_cam
[40.686s] -- Installing: /home/hb/Git/Embedded/install/turtlebot3_gazebo/share/turtlebot3_gazebo//models/turtlebot3_burger_cam/model.config
[40.686s] -- Installing: /home/hb/Git/Embedded/install/turtlebot3_gazebo/share/turtlebot3_gazebo//models/turtlebot3_burger_cam/model-1_4.sdf
[40.686s] -- Installing: /home/hb/Git/Embedded/install/turtlebot3_gazebo/share/turtlebot3_gazebo//models/turtlebot3_burger_cam/model.sdf
[40.687s] -- Installing: /home/hb/Git/Embedded/install/turtlebot3_gazebo/share/turtlebot3_gazebo//models/turtlebot3_dqn_world
[40.688s] -- Installing: /home/hb/Git/Embedded/install/turtlebot3_gazebo/share/turtlebot3_gazebo//models/turtlebot3_dqn_world/model.config
[40.688s] -- Installing: /home/hb/Git/Embedded/install/turtlebot3_gazebo/share/turtlebot3_gazebo//models/turtlebot3_dqn_world/obstacle2
[40.689s] -- Installing: /home/hb/Git/Embedded/install/turtlebot3_gazebo/share/turtlebot3_gazebo//models/turtlebot3_dqn_world/obstacle2/model.config
[40.689s] -- Installing: /home/hb/Git/Embedded/install/turtlebot3_gazebo/share/turtlebot3_gazebo//models/turtlebot3_dqn_world/obstacle2/model.sdf
[40.690s] -- Installing: /home/hb/Git/Embedded/install/turtlebot3_gazebo/share/turtlebot3_gazebo//models/turtlebot3_dqn_world/model.sdf
[40.690s] -- Installing: /home/hb/Git/Embedded/install/turtlebot3_gazebo/share/turtlebot3_gazebo//models/turtlebot3_dqn_world/goal_box
[40.691s] -- Installing: /home/hb/Git/Embedded/install/turtlebot3_gazebo/share/turtlebot3_gazebo//models/turtlebot3_dqn_world/goal_box/model.config
[40.691s] -- Installing: /home/hb/Git/Embedded/install/turtlebot3_gazebo/share/turtlebot3_gazebo//models/turtlebot3_dqn_world/goal_box/model.sdf
[40.691s] -- Installing: /home/hb/Git/Embedded/install/turtlebot3_gazebo/share/turtlebot3_gazebo//models/turtlebot3_dqn_world/inner_walls
[40.692s] -- Installing: /home/hb/Git/Embedded/install/turtlebot3_gazebo/share/turtlebot3_gazebo//models/turtlebot3_dqn_world/inner_walls/model.config
[40.692s] -- Installing: /home/hb/Git/Embedded/install/turtlebot3_gazebo/share/turtlebot3_gazebo//models/turtlebot3_dqn_world/inner_walls/model.sdf
[40.693s] -- Installing: /home/hb/Git/Embedded/install/turtlebot3_gazebo/share/turtlebot3_gazebo//models/turtlebot3_dqn_world/obstacle1
[40.693s] -- Installing: /home/hb/Git/Embedded/install/turtlebot3_gazebo/share/turtlebot3_gazebo//models/turtlebot3_dqn_world/obstacle1/model.config
[40.694s] -- Installing: /home/hb/Git/Embedded/install/turtlebot3_gazebo/share/turtlebot3_gazebo//models/turtlebot3_dqn_world/obstacle1/model.sdf
[40.694s] -- Installing: /home/hb/Git/Embedded/install/turtlebot3_gazebo/share/turtlebot3_gazebo//models/turtlebot3_dqn_world/obstacles
[40.694s] -- Installing: /home/hb/Git/Embedded/install/turtlebot3_gazebo/share/turtlebot3_gazebo//models/turtlebot3_dqn_world/obstacles/model.config
[40.695s] -- Installing: /home/hb/Git/Embedded/install/turtlebot3_gazebo/share/turtlebot3_gazebo//models/turtlebot3_dqn_world/obstacles/model.sdf
[40.696s] -- Installing: /home/hb/Git/Embedded/install/turtlebot3_gazebo/share/turtlebot3_gazebo//rviz
[40.696s] -- Installing: /home/hb/Git/Embedded/install/turtlebot3_gazebo/share/turtlebot3_gazebo//rviz/tb3_gazebo.rviz
[40.697s] -- Installing: /home/hb/Git/Embedded/install/turtlebot3_gazebo/share/turtlebot3_gazebo//urdf
[40.697s] -- Installing: /home/hb/Git/Embedded/install/turtlebot3_gazebo/share/turtlebot3_gazebo//urdf/turtlebot3_burger_cam.urdf
[40.698s] -- Installing: /home/hb/Git/Embedded/install/turtlebot3_gazebo/share/turtlebot3_gazebo//urdf/common_properties.urdf
[40.698s] -- Installing: /home/hb/Git/Embedded/install/turtlebot3_gazebo/share/turtlebot3_gazebo//urdf/turtlebot3_waffle.urdf
[40.699s] -- Installing: /home/hb/Git/Embedded/install/turtlebot3_gazebo/share/turtlebot3_gazebo//urdf/turtlebot3_waffle_pi.urdf
[40.699s] -- Installing: /home/hb/Git/Embedded/install/turtlebot3_gazebo/share/turtlebot3_gazebo//urdf/turtlebot3_burger.urdf
[40.700s] -- Installing: /home/hb/Git/Embedded/install/turtlebot3_gazebo/share/turtlebot3_gazebo//worlds
[40.700s] -- Installing: /home/hb/Git/Embedded/install/turtlebot3_gazebo/share/turtlebot3_gazebo//worlds/realworld.world
[40.701s] -- Installing: /home/hb/Git/Embedded/install/turtlebot3_gazebo/share/turtlebot3_gazebo//worlds/outer.world
[40.702s] -- Installing: /home/hb/Git/Embedded/install/turtlebot3_gazebo/share/turtlebot3_gazebo//worlds/outer.world.realpath_only_backup
[40.704s] -- Installing: /home/hb/Git/Embedded/install/turtlebot3_gazebo/share/turtlebot3_gazebo//worlds/outer.world.backup
[40.705s] -- Installing: /home/hb/Git/Embedded/install/turtlebot3_gazebo/share/turtlebot3_gazebo//worlds/outer.world.realpath_backup
[40.706s] -- Installing: /home/hb/Git/Embedded/install/turtlebot3_gazebo/share/turtlebot3_gazebo//worlds/apt_complex_scaled.world
[40.708s] -- Installing: /home/hb/Git/Embedded/install/turtlebot3_gazebo/share/turtlebot3_gazebo//worlds/apt_complex.world
[40.708s] -- Installing: /home/hb/Git/Embedded/install/turtlebot3_gazebo/share/turtlebot3_gazebo//worlds/turtlebot3_dqn_stage4.world
[40.709s] -- Installing: /home/hb/Git/Embedded/install/turtlebot3_gazebo/share/turtlebot3_gazebo//worlds/empty_world.world
[40.709s] -- Installing: /home/hb/Git/Embedded/install/turtlebot3_gazebo/share/turtlebot3_gazebo//worlds/turtlebot3_autorace_2020.world
[40.710s] -- Installing: /home/hb/Git/Embedded/install/turtlebot3_gazebo/share/turtlebot3_gazebo//worlds/turtlebot3_dqn_stage1.world
[40.710s] -- Installing: /home/hb/Git/Embedded/install/turtlebot3_gazebo/share/turtlebot3_gazebo//worlds/turtlebot3_dqn_stage2.world
[40.711s] -- Installing: /home/hb/Git/Embedded/install/turtlebot3_gazebo/share/turtlebot3_gazebo//worlds/outer.world.correct_realpath_backup
[40.712s] -- Installing: /home/hb/Git/Embedded/install/turtlebot3_gazebo/share/turtlebot3_gazebo//worlds/outer.world.selective_backup
[40.714s] -- Installing: /home/hb/Git/Embedded/install/turtlebot3_gazebo/share/turtlebot3_gazebo//worlds/turtlebot3_dqn_stage3.world
[40.715s] -- Installing: /home/hb/Git/Embedded/install/turtlebot3_gazebo/share/turtlebot3_gazebo//worlds/duworld.world
[40.718s] -- Installing: /home/hb/Git/Embedded/install/turtlebot3_gazebo/share/turtlebot3_gazebo//worlds/turtlebot3_world.world
[40.719s] -- Installing: /home/hb/Git/Embedded/install/turtlebot3_gazebo/share/turtlebot3_gazebo//worlds/myworld.world
[40.719s] -- Installing: /home/hb/Git/Embedded/install/turtlebot3_gazebo/share/turtlebot3_gazebo//worlds/turtlebot3_house.world
[40.719s] -- Installing: /home/hb/Git/Embedded/install/turtlebot3_gazebo/include/
[40.719s] -- Installing: /home/hb/Git/Embedded/install/turtlebot3_gazebo/include//turtlebot3_gazebo
[40.720s] -- Installing: /home/hb/Git/Embedded/install/turtlebot3_gazebo/include//turtlebot3_gazebo/turtlebot3_drive.hpp
[40.722s] -- Installing: /home/hb/Git/Embedded/install/turtlebot3_gazebo/include//turtlebot3_gazebo/obstacles.hpp
[40.722s] -- Installing: /home/hb/Git/Embedded/install/turtlebot3_gazebo/include//turtlebot3_gazebo/obstacle1.hpp
[40.722s] -- Installing: /home/hb/Git/Embedded/install/turtlebot3_gazebo/include//turtlebot3_gazebo/obstacle2.hpp
[40.722s] -- Installing: /home/hb/Git/Embedded/install/turtlebot3_gazebo/include//turtlebot3_gazebo/traffic_light_plugin.hpp
[40.723s] -- Installing: /home/hb/Git/Embedded/install/turtlebot3_gazebo/include//turtlebot3_gazebo/traffic_bar_plugin.hpp
[40.723s] -- Installing: /home/hb/Git/Embedded/install/turtlebot3_gazebo/share/ament_index/resource_index/package_run_dependencies/turtlebot3_gazebo
[40.723s] -- Installing: /home/hb/Git/Embedded/install/turtlebot3_gazebo/share/ament_index/resource_index/parent_prefix_path/turtlebot3_gazebo
[40.731s] -- Installing: /home/hb/Git/Embedded/install/turtlebot3_gazebo/share/turtlebot3_gazebo/environment/ament_prefix_path.sh
[40.734s] -- Installing: /home/hb/Git/Embedded/install/turtlebot3_gazebo/share/turtlebot3_gazebo/environment/ament_prefix_path.dsv
[40.734s] -- Installing: /home/hb/Git/Embedded/install/turtlebot3_gazebo/share/turtlebot3_gazebo/environment/path.sh
[40.734s] -- Installing: /home/hb/Git/Embedded/install/turtlebot3_gazebo/share/turtlebot3_gazebo/environment/path.dsv
[40.735s] -- Installing: /home/hb/Git/Embedded/install/turtlebot3_gazebo/share/turtlebot3_gazebo/local_setup.bash
[40.735s] -- Installing: /home/hb/Git/Embedded/install/turtlebot3_gazebo/share/turtlebot3_gazebo/local_setup.sh
[40.738s] -- Installing: /home/hb/Git/Embedded/install/turtlebot3_gazebo/share/turtlebot3_gazebo/local_setup.zsh
[40.738s] -- Installing: /home/hb/Git/Embedded/install/turtlebot3_gazebo/share/turtlebot3_gazebo/local_setup.dsv
[40.738s] -- Installing: /home/hb/Git/Embedded/install/turtlebot3_gazebo/share/turtlebot3_gazebo/package.dsv
[40.739s] -- Installing: /home/hb/Git/Embedded/install/turtlebot3_gazebo/share/ament_index/resource_index/packages/turtlebot3_gazebo
[40.739s] -- Installing: /home/hb/Git/Embedded/install/turtlebot3_gazebo/share/turtlebot3_gazebo/cmake/ament_cmake_export_include_directories-extras.cmake
[40.739s] -- Installing: /home/hb/Git/Embedded/install/turtlebot3_gazebo/share/turtlebot3_gazebo/cmake/ament_cmake_export_dependencies-extras.cmake
[40.739s] -- Installing: /home/hb/Git/Embedded/install/turtlebot3_gazebo/share/turtlebot3_gazebo/cmake/turtlebot3_gazeboConfig.cmake
[40.739s] -- Installing: /home/hb/Git/Embedded/install/turtlebot3_gazebo/share/turtlebot3_gazebo/cmake/turtlebot3_gazeboConfig-version.cmake
[40.743s] -- Installing: /home/hb/Git/Embedded/install/turtlebot3_gazebo/share/turtlebot3_gazebo/package.xml
[40.745s] Invoked command in '/home/hb/Git/Embedded/build/turtlebot3_gazebo' returned '0': CMAKE_PREFIX_PATH=${CMAKE_PREFIX_PATH}:/home/hb/Git/Embedded/install/turtlebot3_teleop:/home/hb/Git/Embedded/install/turtlebot3_example:/home/hb/Git/Embedded/install/robot_web_interface:/home/hb/Git/Embedded/install/delivery_interface:/home/hb/Git/Embedded/install/app_navigation:/opt/ros/humble /usr/bin/cmake --install /home/hb/Git/Embedded/build/turtlebot3_gazebo
