[2.226s] Invoking command in '/home/hb/Git/Embedded/src/src/src': PYTHONPATH=/home/hb/Git/Embedded/build/delivery_interface/prefix_override:/usr/lib/python3/dist-packages/colcon_core/task/python/colcon_distutils_commands:/home/hb/Git/Embedded/install/delivery_interface/lib/python3.10/site-packages:${PYTHONPATH} /usr/bin/python3 -W ignore:setup.py install is deprecated -W ignore:easy_install command is deprecated setup.py egg_info --egg-base ../../../build/delivery_interface build --build-base /home/hb/Git/Embedded/build/delivery_interface/build install --record /home/hb/Git/Embedded/build/delivery_interface/install.log --single-version-externally-managed install_data
[2.704s] running egg_info
[2.705s] writing ../../../build/delivery_interface/delivery_interface.egg-info/PKG-INFO
[2.705s] writing dependency_links to ../../../build/delivery_interface/delivery_interface.egg-info/dependency_links.txt
[2.706s] writing entry points to ../../../build/delivery_interface/delivery_interface.egg-info/entry_points.txt
[2.706s] writing requirements to ../../../build/delivery_interface/delivery_interface.egg-info/requires.txt
[2.706s] writing top-level names to ../../../build/delivery_interface/delivery_interface.egg-info/top_level.txt
[2.709s] reading manifest file '../../../build/delivery_interface/delivery_interface.egg-info/SOURCES.txt'
[2.709s] writing manifest file '../../../build/delivery_interface/delivery_interface.egg-info/SOURCES.txt'
[2.710s] running build
[2.710s] running build_py
[2.710s] running install
[2.710s] running install_lib
[2.712s] running install_data
[2.712s] running install_egg_info
[2.715s] removing '/home/hb/Git/Embedded/install/delivery_interface/lib/python3.10/site-packages/delivery_interface-0.0.0-py3.10.egg-info' (and everything under it)
[2.715s] Copying ../../../build/delivery_interface/delivery_interface.egg-info to /home/hb/Git/Embedded/install/delivery_interface/lib/python3.10/site-packages/delivery_interface-0.0.0-py3.10.egg-info
[2.718s] running install_scripts
[2.753s] writing list of installed files to '/home/hb/Git/Embedded/build/delivery_interface/install.log'
[2.796s] Invoked command in '/home/hb/Git/Embedded/src/src/src' returned '0': PYTHONPATH=/home/hb/Git/Embedded/build/delivery_interface/prefix_override:/usr/lib/python3/dist-packages/colcon_core/task/python/colcon_distutils_commands:/home/hb/Git/Embedded/install/delivery_interface/lib/python3.10/site-packages:${PYTHONPATH} /usr/bin/python3 -W ignore:setup.py install is deprecated -W ignore:easy_install command is deprecated setup.py egg_info --egg-base ../../../build/delivery_interface build --build-base /home/hb/Git/Embedded/build/delivery_interface/build install --record /home/hb/Git/Embedded/build/delivery_interface/install.log --single-version-externally-managed install_data
