[0.147s] Invoking command in '/home/donggun/S13P21A501/Embedded/build/turtlebot3_manipulation_bringup': AMENT_PREFIX_PATH=/home/donggun/S13P21A501/Embedded/install/turtlebot3_manipulation_description:${AMENT_PREFIX_PATH} CMAKE_PREFIX_PATH=/home/donggun/S13P21A501/Embedded/install/turtlebot3_manipulation_description:/opt/ros/humble /usr/bin/cmake /home/donggun/S13P21A501/Embedded/src/turtlebot3_manipulation/turtlebot3_manipulation_bringup -DCMAKE_INSTALL_PREFIX=/home/donggun/S13P21A501/Embedded/install/turtlebot3_manipulation_bringup
[0.243s] -- The C compiler identification is GNU 11.4.0
[0.362s] -- The CXX compiler identification is GNU 11.4.0
[0.373s] -- Detecting C compiler ABI info
[0.494s] -- Detecting C compiler ABI info - done
[0.510s] -- Check for working C compiler: /usr/bin/cc - skipped
[0.511s] -- Detecting C compile features
[0.512s] -- Detecting C compile features - done
[0.519s] -- Detecting CXX compiler ABI info
[0.651s] -- Detecting CXX compiler ABI info - done
[0.666s] -- Check for working CXX compiler: /usr/bin/c++ - skipped
[0.666s] -- Detecting CXX compile features
[0.668s] -- Detecting CXX compile features - done
[0.674s] -- Found ament_cmake: 1.3.12 (/opt/ros/humble/share/ament_cmake/cmake)
[2.777s] -- Found Python3: /usr/bin/python3 (found version "3.10.12") found components: Interpreter 
[3.290s] -- Configuring done
[3.295s] -- Generating done
[3.299s] -- Build files have been written to: /home/donggun/S13P21A501/Embedded/build/turtlebot3_manipulation_bringup
[3.324s] Invoked command in '/home/donggun/S13P21A501/Embedded/build/turtlebot3_manipulation_bringup' returned '0': AMENT_PREFIX_PATH=/home/donggun/S13P21A501/Embedded/install/turtlebot3_manipulation_description:${AMENT_PREFIX_PATH} CMAKE_PREFIX_PATH=/home/donggun/S13P21A501/Embedded/install/turtlebot3_manipulation_description:/opt/ros/humble /usr/bin/cmake /home/donggun/S13P21A501/Embedded/src/turtlebot3_manipulation/turtlebot3_manipulation_bringup -DCMAKE_INSTALL_PREFIX=/home/donggun/S13P21A501/Embedded/install/turtlebot3_manipulation_bringup
[3.325s] Invoking command in '/home/donggun/S13P21A501/Embedded/build/turtlebot3_manipulation_bringup': AMENT_PREFIX_PATH=/home/donggun/S13P21A501/Embedded/install/turtlebot3_manipulation_description:${AMENT_PREFIX_PATH} CMAKE_PREFIX_PATH=/home/donggun/S13P21A501/Embedded/install/turtlebot3_manipulation_description:/opt/ros/humble /usr/bin/cmake --build /home/donggun/S13P21A501/Embedded/build/turtlebot3_manipulation_bringup -- -j16 -l16
[3.442s] Invoked command in '/home/donggun/S13P21A501/Embedded/build/turtlebot3_manipulation_bringup' returned '0': AMENT_PREFIX_PATH=/home/donggun/S13P21A501/Embedded/install/turtlebot3_manipulation_description:${AMENT_PREFIX_PATH} CMAKE_PREFIX_PATH=/home/donggun/S13P21A501/Embedded/install/turtlebot3_manipulation_description:/opt/ros/humble /usr/bin/cmake --build /home/donggun/S13P21A501/Embedded/build/turtlebot3_manipulation_bringup -- -j16 -l16
[3.442s] Invoking command in '/home/donggun/S13P21A501/Embedded/build/turtlebot3_manipulation_bringup': AMENT_PREFIX_PATH=/home/donggun/S13P21A501/Embedded/install/turtlebot3_manipulation_description:${AMENT_PREFIX_PATH} CMAKE_PREFIX_PATH=/home/donggun/S13P21A501/Embedded/install/turtlebot3_manipulation_description:/opt/ros/humble /usr/bin/cmake --install /home/donggun/S13P21A501/Embedded/build/turtlebot3_manipulation_bringup
[3.461s] -- Install configuration: ""
[3.461s] -- Installing: /home/donggun/S13P21A501/Embedded/install/turtlebot3_manipulation_bringup/share/turtlebot3_manipulation_bringup/launch
[3.461s] -- Installing: /home/donggun/S13P21A501/Embedded/install/turtlebot3_manipulation_bringup/share/turtlebot3_manipulation_bringup/launch/base.launch.py
[3.461s] -- Installing: /home/donggun/S13P21A501/Embedded/install/turtlebot3_manipulation_bringup/share/turtlebot3_manipulation_bringup/launch/hardware.launch.py
[3.462s] -- Installing: /home/donggun/S13P21A501/Embedded/install/turtlebot3_manipulation_bringup/share/turtlebot3_manipulation_bringup/config
[3.462s] -- Installing: /home/donggun/S13P21A501/Embedded/install/turtlebot3_manipulation_bringup/share/turtlebot3_manipulation_bringup/config/hardware_controller_manager.yaml
[3.462s] -- Installing: /home/donggun/S13P21A501/Embedded/install/turtlebot3_manipulation_bringup/share/turtlebot3_manipulation_bringup/config/gazebo_controller_manager.yaml
[3.462s] -- Installing: /home/donggun/S13P21A501/Embedded/install/turtlebot3_manipulation_bringup/share/turtlebot3_manipulation_bringup/rviz
[3.462s] -- Installing: /home/donggun/S13P21A501/Embedded/install/turtlebot3_manipulation_bringup/share/turtlebot3_manipulation_bringup/rviz/turtlebot3_manipulation.rviz
[3.466s] -- Installing: /home/donggun/S13P21A501/Embedded/install/turtlebot3_manipulation_bringup/share/ament_index/resource_index/package_run_dependencies/turtlebot3_manipulation_bringup
[3.466s] -- Installing: /home/donggun/S13P21A501/Embedded/install/turtlebot3_manipulation_bringup/share/ament_index/resource_index/parent_prefix_path/turtlebot3_manipulation_bringup
[3.466s] -- Installing: /home/donggun/S13P21A501/Embedded/install/turtlebot3_manipulation_bringup/share/turtlebot3_manipulation_bringup/environment/ament_prefix_path.sh
[3.466s] -- Installing: /home/donggun/S13P21A501/Embedded/install/turtlebot3_manipulation_bringup/share/turtlebot3_manipulation_bringup/environment/ament_prefix_path.dsv
[3.466s] -- Installing: /home/donggun/S13P21A501/Embedded/install/turtlebot3_manipulation_bringup/share/turtlebot3_manipulation_bringup/environment/path.sh
[3.467s] -- Installing: /home/donggun/S13P21A501/Embedded/install/turtlebot3_manipulation_bringup/share/turtlebot3_manipulation_bringup/environment/path.dsv
[3.467s] -- Installing: /home/donggun/S13P21A501/Embedded/install/turtlebot3_manipulation_bringup/share/turtlebot3_manipulation_bringup/local_setup.bash
[3.467s] -- Installing: /home/donggun/S13P21A501/Embedded/install/turtlebot3_manipulation_bringup/share/turtlebot3_manipulation_bringup/local_setup.sh
[3.467s] -- Installing: /home/donggun/S13P21A501/Embedded/install/turtlebot3_manipulation_bringup/share/turtlebot3_manipulation_bringup/local_setup.zsh
[3.467s] -- Installing: /home/donggun/S13P21A501/Embedded/install/turtlebot3_manipulation_bringup/share/turtlebot3_manipulation_bringup/local_setup.dsv
[3.467s] -- Installing: /home/donggun/S13P21A501/Embedded/install/turtlebot3_manipulation_bringup/share/turtlebot3_manipulation_bringup/package.dsv
[3.467s] -- Installing: /home/donggun/S13P21A501/Embedded/install/turtlebot3_manipulation_bringup/share/ament_index/resource_index/packages/turtlebot3_manipulation_bringup
[3.467s] -- Installing: /home/donggun/S13P21A501/Embedded/install/turtlebot3_manipulation_bringup/share/turtlebot3_manipulation_bringup/cmake/turtlebot3_manipulation_bringupConfig.cmake
[3.467s] -- Installing: /home/donggun/S13P21A501/Embedded/install/turtlebot3_manipulation_bringup/share/turtlebot3_manipulation_bringup/cmake/turtlebot3_manipulation_bringupConfig-version.cmake
[3.467s] -- Installing: /home/donggun/S13P21A501/Embedded/install/turtlebot3_manipulation_bringup/share/turtlebot3_manipulation_bringup/package.xml
[3.475s] Invoked command in '/home/donggun/S13P21A501/Embedded/build/turtlebot3_manipulation_bringup' returned '0': AMENT_PREFIX_PATH=/home/donggun/S13P21A501/Embedded/install/turtlebot3_manipulation_description:${AMENT_PREFIX_PATH} CMAKE_PREFIX_PATH=/home/donggun/S13P21A501/Embedded/install/turtlebot3_manipulation_description:/opt/ros/humble /usr/bin/cmake --install /home/donggun/S13P21A501/Embedded/build/turtlebot3_manipulation_bringup
