[0.076s] Invoking command in '/home/donggun/S13P21A501/Embedded/build/turtlebot3_manipulation_cartographer': CMAKE_PREFIX_PATH=/opt/ros/humble /usr/bin/cmake --build /home/donggun/S13P21A501/Embedded/build/turtlebot3_manipulation_cartographer -- -j16 -l16
[2.034s] Invoked command in '/home/donggun/S13P21A501/Embedded/build/turtlebot3_manipulation_cartographer' returned '0': CMAKE_PREFIX_PATH=/opt/ros/humble /usr/bin/cmake --build /home/donggun/S13P21A501/Embedded/build/turtlebot3_manipulation_cartographer -- -j16 -l16
[2.035s] Invoking command in '/home/donggun/S13P21A501/Embedded/build/turtlebot3_manipulation_cartographer': CMAKE_PREFIX_PATH=/opt/ros/humble /usr/bin/cmake --install /home/donggun/S13P21A501/Embedded/build/turtlebot3_manipulation_cartographer
[2.085s] -- Install configuration: ""
[2.085s] -- Up-to-date: /home/donggun/S13P21A501/Embedded/install/turtlebot3_manipulation_cartographer/share/turtlebot3_manipulation_cartographer/config
[2.085s] -- Up-to-date: /home/donggun/S13P21A501/Embedded/install/turtlebot3_manipulation_cartographer/share/turtlebot3_manipulation_cartographer/config/turtlebot3_2d.lua
[2.085s] -- Up-to-date: /home/donggun/S13P21A501/Embedded/install/turtlebot3_manipulation_cartographer/share/turtlebot3_manipulation_cartographer/launch
[2.085s] -- Up-to-date: /home/donggun/S13P21A501/Embedded/install/turtlebot3_manipulation_cartographer/share/turtlebot3_manipulation_cartographer/launch/cartographer.launch.py
[2.086s] -- Up-to-date: /home/donggun/S13P21A501/Embedded/install/turtlebot3_manipulation_cartographer/share/turtlebot3_manipulation_cartographer/rviz
[2.086s] -- Up-to-date: /home/donggun/S13P21A501/Embedded/install/turtlebot3_manipulation_cartographer/share/turtlebot3_manipulation_cartographer/rviz/cartographer.rviz
[2.086s] -- Up-to-date: /home/donggun/S13P21A501/Embedded/install/turtlebot3_manipulation_cartographer/share/ament_index/resource_index/package_run_dependencies/turtlebot3_manipulation_cartographer
[2.086s] -- Up-to-date: /home/donggun/S13P21A501/Embedded/install/turtlebot3_manipulation_cartographer/share/ament_index/resource_index/parent_prefix_path/turtlebot3_manipulation_cartographer
[2.086s] -- Up-to-date: /home/donggun/S13P21A501/Embedded/install/turtlebot3_manipulation_cartographer/share/turtlebot3_manipulation_cartographer/environment/ament_prefix_path.sh
[2.086s] -- Up-to-date: /home/donggun/S13P21A501/Embedded/install/turtlebot3_manipulation_cartographer/share/turtlebot3_manipulation_cartographer/environment/ament_prefix_path.dsv
[2.086s] -- Up-to-date: /home/donggun/S13P21A501/Embedded/install/turtlebot3_manipulation_cartographer/share/turtlebot3_manipulation_cartographer/environment/path.sh
[2.086s] -- Up-to-date: /home/donggun/S13P21A501/Embedded/install/turtlebot3_manipulation_cartographer/share/turtlebot3_manipulation_cartographer/environment/path.dsv
[2.087s] -- Up-to-date: /home/donggun/S13P21A501/Embedded/install/turtlebot3_manipulation_cartographer/share/turtlebot3_manipulation_cartographer/local_setup.bash
[2.087s] -- Up-to-date: /home/donggun/S13P21A501/Embedded/install/turtlebot3_manipulation_cartographer/share/turtlebot3_manipulation_cartographer/local_setup.sh
[2.087s] -- Up-to-date: /home/donggun/S13P21A501/Embedded/install/turtlebot3_manipulation_cartographer/share/turtlebot3_manipulation_cartographer/local_setup.zsh
[2.087s] -- Up-to-date: /home/donggun/S13P21A501/Embedded/install/turtlebot3_manipulation_cartographer/share/turtlebot3_manipulation_cartographer/local_setup.dsv
[2.087s] -- Up-to-date: /home/donggun/S13P21A501/Embedded/install/turtlebot3_manipulation_cartographer/share/turtlebot3_manipulation_cartographer/package.dsv
[2.088s] -- Up-to-date: /home/donggun/S13P21A501/Embedded/install/turtlebot3_manipulation_cartographer/share/ament_index/resource_index/packages/turtlebot3_manipulation_cartographer
[2.088s] -- Up-to-date: /home/donggun/S13P21A501/Embedded/install/turtlebot3_manipulation_cartographer/share/turtlebot3_manipulation_cartographer/cmake/turtlebot3_manipulation_cartographerConfig.cmake
[2.088s] -- Up-to-date: /home/donggun/S13P21A501/Embedded/install/turtlebot3_manipulation_cartographer/share/turtlebot3_manipulation_cartographer/cmake/turtlebot3_manipulation_cartographerConfig-version.cmake
[2.089s] -- Up-to-date: /home/donggun/S13P21A501/Embedded/install/turtlebot3_manipulation_cartographer/share/turtlebot3_manipulation_cartographer/package.xml
[2.271s] Invoked command in '/home/donggun/S13P21A501/Embedded/build/turtlebot3_manipulation_cartographer' returned '0': CMAKE_PREFIX_PATH=/opt/ros/humble /usr/bin/cmake --install /home/donggun/S13P21A501/Embedded/build/turtlebot3_manipulation_cartographer
