[0.550s] Invoking command in '/home/donggun/S13P21A501/Embedded/src/robot_web_interface': PYTHONPATH=/home/donggun/S13P21A501/Embedded/src/build/robot_web_interface/prefix_override:/usr/lib/python3/dist-packages/colcon_core/task/python/colcon_distutils_commands:/home/donggun/S13P21A501/Embedded/src/install/robot_web_interface/lib/python3.10/site-packages: VIRTUAL_ENV_PROMPT=(.venv) /usr/bin/python3 -W ignore:setup.py install is deprecated -W ignore:easy_install command is deprecated setup.py egg_info --egg-base ../build/robot_web_interface build --build-base /home/donggun/S13P21A501/Embedded/src/build/robot_web_interface/build install --record /home/donggun/S13P21A501/Embedded/src/build/robot_web_interface/install.log --single-version-externally-managed install_data
[0.761s] running egg_info
[0.768s] writing ../build/robot_web_interface/robot_web_interface.egg-info/PKG-INFO
[0.768s] writing dependency_links to ../build/robot_web_interface/robot_web_interface.egg-info/dependency_links.txt
[0.768s] writing entry points to ../build/robot_web_interface/robot_web_interface.egg-info/entry_points.txt
[0.768s] writing requirements to ../build/robot_web_interface/robot_web_interface.egg-info/requires.txt
[0.768s] writing top-level names to ../build/robot_web_interface/robot_web_interface.egg-info/top_level.txt
[0.782s] reading manifest file '../build/robot_web_interface/robot_web_interface.egg-info/SOURCES.txt'
[0.783s] writing manifest file '../build/robot_web_interface/robot_web_interface.egg-info/SOURCES.txt'
[0.783s] running build
[0.783s] running build_py
[0.783s] running install
[0.786s] running install_lib
[0.794s] running install_data
[0.794s] creating /home/donggun/S13P21A501/Embedded/src/install/robot_web_interface/share/robot_web_interface/launch
[0.794s] copying launch/robot_web_interface.launch.py -> /home/donggun/S13P21A501/Embedded/src/install/robot_web_interface/share/robot_web_interface/launch
[0.794s] running install_egg_info
[0.803s] removing '/home/donggun/S13P21A501/Embedded/src/install/robot_web_interface/lib/python3.10/site-packages/robot_web_interface-0.0.0-py3.10.egg-info' (and everything under it)
[0.803s] Copying ../build/robot_web_interface/robot_web_interface.egg-info to /home/donggun/S13P21A501/Embedded/src/install/robot_web_interface/lib/python3.10/site-packages/robot_web_interface-0.0.0-py3.10.egg-info
[0.804s] running install_scripts
[0.848s] Installing robot_status_client script to /home/donggun/S13P21A501/Embedded/src/install/robot_web_interface/lib/robot_web_interface
[0.848s] Installing robot_status_monitor script to /home/donggun/S13P21A501/Embedded/src/install/robot_web_interface/lib/robot_web_interface
[0.848s] writing list of installed files to '/home/donggun/S13P21A501/Embedded/src/build/robot_web_interface/install.log'
[0.868s] Invoked command in '/home/donggun/S13P21A501/Embedded/src/robot_web_interface' returned '0': PYTHONPATH=/home/donggun/S13P21A501/Embedded/src/build/robot_web_interface/prefix_override:/usr/lib/python3/dist-packages/colcon_core/task/python/colcon_distutils_commands:/home/donggun/S13P21A501/Embedded/src/install/robot_web_interface/lib/python3.10/site-packages: VIRTUAL_ENV_PROMPT=(.venv) /usr/bin/python3 -W ignore:setup.py install is deprecated -W ignore:easy_install command is deprecated setup.py egg_info --egg-base ../build/robot_web_interface build --build-base /home/donggun/S13P21A501/Embedded/src/build/robot_web_interface/build install --record /home/donggun/S13P21A501/Embedded/src/build/robot_web_interface/install.log --single-version-externally-managed install_data
