[0.128s] Invoking command in '/home/donggun/S13P21A501/Embedded/build/turtlebot3_manipulation_bringup': AMENT_PREFIX_PATH=/home/donggun/S13P21A501/Embedded/install/turtlebot3_manipulation_description:${AMENT_PREFIX_PATH} CMAKE_PREFIX_PATH=/home/donggun/S13P21A501/Embedded/install/turtlebot3_manipulation_description:/opt/ros/humble /usr/bin/cmake --build /home/donggun/S13P21A501/Embedded/build/turtlebot3_manipulation_bringup -- -j16 -l16
[0.690s] Invoked command in '/home/donggun/S13P21A501/Embedded/build/turtlebot3_manipulation_bringup' returned '0': AMENT_PREFIX_PATH=/home/donggun/S13P21A501/Embedded/install/turtlebot3_manipulation_description:${AMENT_PREFIX_PATH} CMAKE_PREFIX_PATH=/home/donggun/S13P21A501/Embedded/install/turtlebot3_manipulation_description:/opt/ros/humble /usr/bin/cmake --build /home/donggun/S13P21A501/Embedded/build/turtlebot3_manipulation_bringup -- -j16 -l16
[0.692s] Invoking command in '/home/donggun/S13P21A501/Embedded/build/turtlebot3_manipulation_bringup': AMENT_PREFIX_PATH=/home/donggun/S13P21A501/Embedded/install/turtlebot3_manipulation_description:${AMENT_PREFIX_PATH} CMAKE_PREFIX_PATH=/home/donggun/S13P21A501/Embedded/install/turtlebot3_manipulation_description:/opt/ros/humble /usr/bin/cmake --install /home/donggun/S13P21A501/Embedded/build/turtlebot3_manipulation_bringup
[0.722s] -- Install configuration: ""
[0.723s] -- Up-to-date: /home/donggun/S13P21A501/Embedded/install/turtlebot3_manipulation_bringup/share/turtlebot3_manipulation_bringup/launch
[0.723s] -- Up-to-date: /home/donggun/S13P21A501/Embedded/install/turtlebot3_manipulation_bringup/share/turtlebot3_manipulation_bringup/launch/base.launch.py
[0.723s] -- Up-to-date: /home/donggun/S13P21A501/Embedded/install/turtlebot3_manipulation_bringup/share/turtlebot3_manipulation_bringup/launch/hardware.launch.py
[0.724s] -- Up-to-date: /home/donggun/S13P21A501/Embedded/install/turtlebot3_manipulation_bringup/share/turtlebot3_manipulation_bringup/config
[0.724s] -- Up-to-date: /home/donggun/S13P21A501/Embedded/install/turtlebot3_manipulation_bringup/share/turtlebot3_manipulation_bringup/config/hardware_controller_manager.yaml
[0.724s] -- Up-to-date: /home/donggun/S13P21A501/Embedded/install/turtlebot3_manipulation_bringup/share/turtlebot3_manipulation_bringup/config/gazebo_controller_manager.yaml
[0.724s] -- Up-to-date: /home/donggun/S13P21A501/Embedded/install/turtlebot3_manipulation_bringup/share/turtlebot3_manipulation_bringup/rviz
[0.724s] -- Up-to-date: /home/donggun/S13P21A501/Embedded/install/turtlebot3_manipulation_bringup/share/turtlebot3_manipulation_bringup/rviz/turtlebot3_manipulation.rviz
[0.724s] -- Up-to-date: /home/donggun/S13P21A501/Embedded/install/turtlebot3_manipulation_bringup/share/ament_index/resource_index/package_run_dependencies/turtlebot3_manipulation_bringup
[0.724s] -- Up-to-date: /home/donggun/S13P21A501/Embedded/install/turtlebot3_manipulation_bringup/share/ament_index/resource_index/parent_prefix_path/turtlebot3_manipulation_bringup
[0.725s] -- Up-to-date: /home/donggun/S13P21A501/Embedded/install/turtlebot3_manipulation_bringup/share/turtlebot3_manipulation_bringup/environment/ament_prefix_path.sh
[0.725s] -- Up-to-date: /home/donggun/S13P21A501/Embedded/install/turtlebot3_manipulation_bringup/share/turtlebot3_manipulation_bringup/environment/ament_prefix_path.dsv
[0.725s] -- Up-to-date: /home/donggun/S13P21A501/Embedded/install/turtlebot3_manipulation_bringup/share/turtlebot3_manipulation_bringup/environment/path.sh
[0.725s] -- Up-to-date: /home/donggun/S13P21A501/Embedded/install/turtlebot3_manipulation_bringup/share/turtlebot3_manipulation_bringup/environment/path.dsv
[0.725s] -- Up-to-date: /home/donggun/S13P21A501/Embedded/install/turtlebot3_manipulation_bringup/share/turtlebot3_manipulation_bringup/local_setup.bash
[0.725s] -- Up-to-date: /home/donggun/S13P21A501/Embedded/install/turtlebot3_manipulation_bringup/share/turtlebot3_manipulation_bringup/local_setup.sh
[0.726s] -- Up-to-date: /home/donggun/S13P21A501/Embedded/install/turtlebot3_manipulation_bringup/share/turtlebot3_manipulation_bringup/local_setup.zsh
[0.726s] -- Up-to-date: /home/donggun/S13P21A501/Embedded/install/turtlebot3_manipulation_bringup/share/turtlebot3_manipulation_bringup/local_setup.dsv
[0.726s] -- Up-to-date: /home/donggun/S13P21A501/Embedded/install/turtlebot3_manipulation_bringup/share/turtlebot3_manipulation_bringup/package.dsv
[0.726s] -- Up-to-date: /home/donggun/S13P21A501/Embedded/install/turtlebot3_manipulation_bringup/share/ament_index/resource_index/packages/turtlebot3_manipulation_bringup
[0.726s] -- Up-to-date: /home/donggun/S13P21A501/Embedded/install/turtlebot3_manipulation_bringup/share/turtlebot3_manipulation_bringup/cmake/turtlebot3_manipulation_bringupConfig.cmake
[0.726s] -- Up-to-date: /home/donggun/S13P21A501/Embedded/install/turtlebot3_manipulation_bringup/share/turtlebot3_manipulation_bringup/cmake/turtlebot3_manipulation_bringupConfig-version.cmake
[0.726s] -- Up-to-date: /home/donggun/S13P21A501/Embedded/install/turtlebot3_manipulation_bringup/share/turtlebot3_manipulation_bringup/package.xml
[0.732s] Invoked command in '/home/donggun/S13P21A501/Embedded/build/turtlebot3_manipulation_bringup' returned '0': AMENT_PREFIX_PATH=/home/donggun/S13P21A501/Embedded/install/turtlebot3_manipulation_description:${AMENT_PREFIX_PATH} CMAKE_PREFIX_PATH=/home/donggun/S13P21A501/Embedded/install/turtlebot3_manipulation_description:/opt/ros/humble /usr/bin/cmake --install /home/donggun/S13P21A501/Embedded/build/turtlebot3_manipulation_bringup
