[3.005s] Invoking command in '/home/donggun/S13P21A501/Embedded/src/app_navigation': PYTHONPATH=/home/donggun/S13P21A501/Embedded/build/app_navigation/prefix_override:/usr/lib/python3/dist-packages/colcon_core/task/python/colcon_distutils_commands:/home/donggun/S13P21A501/Embedded/install/app_navigation/lib/python3.10/site-packages:${PYTHONPATH} /usr/bin/python3 -W ignore:setup.py install is deprecated -W ignore:easy_install command is deprecated setup.py egg_info --egg-base ../../build/app_navigation build --build-base /home/donggun/S13P21A501/Embedded/build/app_navigation/build install --record /home/donggun/S13P21A501/Embedded/build/app_navigation/install.log --single-version-externally-managed install_data
[3.592s] running egg_info
[3.615s] writing ../../build/app_navigation/app_navigation.egg-info/PKG-INFO
[3.616s] writing dependency_links to ../../build/app_navigation/app_navigation.egg-info/dependency_links.txt
[3.616s] writing entry points to ../../build/app_navigation/app_navigation.egg-info/entry_points.txt
[3.616s] writing requirements to ../../build/app_navigation/app_navigation.egg-info/requires.txt
[3.616s] writing top-level names to ../../build/app_navigation/app_navigation.egg-info/top_level.txt
[3.661s] reading manifest file '../../build/app_navigation/app_navigation.egg-info/SOURCES.txt'
[3.662s] writing manifest file '../../build/app_navigation/app_navigation.egg-info/SOURCES.txt'
[3.662s] running build
[3.662s] running build_py
[3.662s] running install
[3.669s] running install_lib
[3.690s] running install_data
[3.691s] running install_egg_info
[3.714s] removing '/home/donggun/S13P21A501/Embedded/install/app_navigation/lib/python3.10/site-packages/app_navigation-0.0.0-py3.10.egg-info' (and everything under it)
[3.715s] Copying ../../build/app_navigation/app_navigation.egg-info to /home/donggun/S13P21A501/Embedded/install/app_navigation/lib/python3.10/site-packages/app_navigation-0.0.0-py3.10.egg-info
[3.715s] running install_scripts
[3.830s] Installing app_navigator script to /home/donggun/S13P21A501/Embedded/install/app_navigation/bin
[3.830s] writing list of installed files to '/home/donggun/S13P21A501/Embedded/build/app_navigation/install.log'
[3.883s] Invoked command in '/home/donggun/S13P21A501/Embedded/src/app_navigation' returned '0': PYTHONPATH=/home/donggun/S13P21A501/Embedded/build/app_navigation/prefix_override:/usr/lib/python3/dist-packages/colcon_core/task/python/colcon_distutils_commands:/home/donggun/S13P21A501/Embedded/install/app_navigation/lib/python3.10/site-packages:${PYTHONPATH} /usr/bin/python3 -W ignore:setup.py install is deprecated -W ignore:easy_install command is deprecated setup.py egg_info --egg-base ../../build/app_navigation build --build-base /home/donggun/S13P21A501/Embedded/build/app_navigation/build install --record /home/donggun/S13P21A501/Embedded/build/app_navigation/install.log --single-version-externally-managed install_data
