[0.079s] Invoking command in '/home/hb/Git/Embedded/build/turtlebot3_manipulation_description': CMAKE_PREFIX_PATH=${CMAKE_PREFIX_PATH}:/home/hb/Git/Embedded/install/turtlebot3_teleop:/home/hb/Git/Embedded/install/turtlebot3_example:/home/hb/Git/Embedded/install/robot_web_interface:/home/hb/Git/Embedded/install/delivery_interface:/home/hb/Git/Embedded/install/app_navigation:/opt/ros/humble /usr/bin/cmake --build /home/hb/Git/Embedded/build/turtlebot3_manipulation_description -- -j16 -l16
[1.338s] Invoked command in '/home/hb/Git/Embedded/build/turtlebot3_manipulation_description' returned '0': CMAKE_PREFIX_PATH=${CMAKE_PREFIX_PATH}:/home/hb/Git/Embedded/install/turtlebot3_teleop:/home/hb/Git/Embedded/install/turtlebot3_example:/home/hb/Git/Embedded/install/robot_web_interface:/home/hb/Git/Embedded/install/delivery_interface:/home/hb/Git/Embedded/install/app_navigation:/opt/ros/humble /usr/bin/cmake --build /home/hb/Git/Embedded/build/turtlebot3_manipulation_description -- -j16 -l16
[1.348s] Invoking command in '/home/hb/Git/Embedded/build/turtlebot3_manipulation_description': CMAKE_PREFIX_PATH=${CMAKE_PREFIX_PATH}:/home/hb/Git/Embedded/install/turtlebot3_teleop:/home/hb/Git/Embedded/install/turtlebot3_example:/home/hb/Git/Embedded/install/robot_web_interface:/home/hb/Git/Embedded/install/delivery_interface:/home/hb/Git/Embedded/install/app_navigation:/opt/ros/humble /usr/bin/cmake --install /home/hb/Git/Embedded/build/turtlebot3_manipulation_description
[1.396s] -- Install configuration: ""
[1.396s] -- Up-to-date: /home/hb/Git/Embedded/install/turtlebot3_manipulation_description/share/turtlebot3_manipulation_description/launch
[1.396s] -- Up-to-date: /home/hb/Git/Embedded/install/turtlebot3_manipulation_description/share/turtlebot3_manipulation_description/launch/model.launch.py
[1.397s] -- Up-to-date: /home/hb/Git/Embedded/install/turtlebot3_manipulation_description/share/turtlebot3_manipulation_description/rviz
[1.398s] -- Up-to-date: /home/hb/Git/Embedded/install/turtlebot3_manipulation_description/share/turtlebot3_manipulation_description/rviz/model.rviz
[1.398s] -- Up-to-date: /home/hb/Git/Embedded/install/turtlebot3_manipulation_description/share/turtlebot3_manipulation_description/urdf
[1.398s] -- Up-to-date: /home/hb/Git/Embedded/install/turtlebot3_manipulation_description/share/turtlebot3_manipulation_description/urdf/turtlebot3_manipulation.urdf.xacro
[1.399s] -- Up-to-date: /home/hb/Git/Embedded/install/turtlebot3_manipulation_description/share/turtlebot3_manipulation_description/urdf/open_manipulator_x.urdf.xacro
[1.399s] -- Up-to-date: /home/hb/Git/Embedded/install/turtlebot3_manipulation_description/share/turtlebot3_manipulation_description/urdf/turtlebot3_waffle_pi.urdf.xacro
[1.399s] -- Up-to-date: /home/hb/Git/Embedded/install/turtlebot3_manipulation_description/share/turtlebot3_manipulation_description/meshes
[1.399s] -- Up-to-date: /home/hb/Git/Embedded/install/turtlebot3_manipulation_description/share/turtlebot3_manipulation_description/meshes/turtlebot3_waffle_pi
[1.400s] -- Up-to-date: /home/hb/Git/Embedded/install/turtlebot3_manipulation_description/share/turtlebot3_manipulation_description/meshes/turtlebot3_waffle_pi/right_tire.stl
[1.400s] -- Up-to-date: /home/hb/Git/Embedded/install/turtlebot3_manipulation_description/share/turtlebot3_manipulation_description/meshes/turtlebot3_waffle_pi/left_tire.stl
[1.400s] -- Up-to-date: /home/hb/Git/Embedded/install/turtlebot3_manipulation_description/share/turtlebot3_manipulation_description/meshes/turtlebot3_waffle_pi/ladar.stl
[1.401s] -- Up-to-date: /home/hb/Git/Embedded/install/turtlebot3_manipulation_description/share/turtlebot3_manipulation_description/meshes/turtlebot3_waffle_pi/base.stl
[1.401s] -- Up-to-date: /home/hb/Git/Embedded/install/turtlebot3_manipulation_description/share/turtlebot3_manipulation_description/meshes/open_manipulator_x
[1.401s] -- Up-to-date: /home/hb/Git/Embedded/install/turtlebot3_manipulation_description/share/turtlebot3_manipulation_description/meshes/open_manipulator_x/link3.stl
[1.401s] -- Up-to-date: /home/hb/Git/Embedded/install/turtlebot3_manipulation_description/share/turtlebot3_manipulation_description/meshes/open_manipulator_x/link5.stl
[1.401s] -- Up-to-date: /home/hb/Git/Embedded/install/turtlebot3_manipulation_description/share/turtlebot3_manipulation_description/meshes/open_manipulator_x/link2.stl
[1.401s] -- Up-to-date: /home/hb/Git/Embedded/install/turtlebot3_manipulation_description/share/turtlebot3_manipulation_description/meshes/open_manipulator_x/gripper_right_palm.stl
[1.402s] -- Up-to-date: /home/hb/Git/Embedded/install/turtlebot3_manipulation_description/share/turtlebot3_manipulation_description/meshes/open_manipulator_x/link1.stl
[1.402s] -- Up-to-date: /home/hb/Git/Embedded/install/turtlebot3_manipulation_description/share/turtlebot3_manipulation_description/meshes/open_manipulator_x/gripper_left_palm.stl
[1.402s] -- Up-to-date: /home/hb/Git/Embedded/install/turtlebot3_manipulation_description/share/turtlebot3_manipulation_description/meshes/open_manipulator_x/link4.stl
[1.402s] -- Up-to-date: /home/hb/Git/Embedded/install/turtlebot3_manipulation_description/share/turtlebot3_manipulation_description/ros2_control
[1.402s] -- Up-to-date: /home/hb/Git/Embedded/install/turtlebot3_manipulation_description/share/turtlebot3_manipulation_description/ros2_control/turtlebot3_manipulation_system.ros2_control.xacro
[1.402s] -- Up-to-date: /home/hb/Git/Embedded/install/turtlebot3_manipulation_description/share/turtlebot3_manipulation_description/gazebo
[1.403s] -- Up-to-date: /home/hb/Git/Embedded/install/turtlebot3_manipulation_description/share/turtlebot3_manipulation_description/gazebo/open_manipulator_x.gazebo.xacro
[1.409s] -- Up-to-date: /home/hb/Git/Embedded/install/turtlebot3_manipulation_description/share/turtlebot3_manipulation_description/gazebo/turtlebot3_waffle_pi.gazebo.xacro
[1.409s] -- Up-to-date: /home/hb/Git/Embedded/install/turtlebot3_manipulation_description/share/turtlebot3_manipulation_description/gazebo/materials.xacro
[1.409s] -- Up-to-date: /home/hb/Git/Embedded/install/turtlebot3_manipulation_description/share/ament_index/resource_index/package_run_dependencies/turtlebot3_manipulation_description
[1.409s] -- Up-to-date: /home/hb/Git/Embedded/install/turtlebot3_manipulation_description/share/ament_index/resource_index/parent_prefix_path/turtlebot3_manipulation_description
[1.409s] -- Up-to-date: /home/hb/Git/Embedded/install/turtlebot3_manipulation_description/share/turtlebot3_manipulation_description/environment/ament_prefix_path.sh
[1.409s] -- Up-to-date: /home/hb/Git/Embedded/install/turtlebot3_manipulation_description/share/turtlebot3_manipulation_description/environment/ament_prefix_path.dsv
[1.410s] -- Up-to-date: /home/hb/Git/Embedded/install/turtlebot3_manipulation_description/share/turtlebot3_manipulation_description/environment/path.sh
[1.410s] -- Up-to-date: /home/hb/Git/Embedded/install/turtlebot3_manipulation_description/share/turtlebot3_manipulation_description/environment/path.dsv
[1.410s] -- Up-to-date: /home/hb/Git/Embedded/install/turtlebot3_manipulation_description/share/turtlebot3_manipulation_description/local_setup.bash
[1.410s] -- Up-to-date: /home/hb/Git/Embedded/install/turtlebot3_manipulation_description/share/turtlebot3_manipulation_description/local_setup.sh
[1.410s] -- Up-to-date: /home/hb/Git/Embedded/install/turtlebot3_manipulation_description/share/turtlebot3_manipulation_description/local_setup.zsh
[1.410s] -- Up-to-date: /home/hb/Git/Embedded/install/turtlebot3_manipulation_description/share/turtlebot3_manipulation_description/local_setup.dsv
[1.410s] -- Installing: /home/hb/Git/Embedded/install/turtlebot3_manipulation_description/share/turtlebot3_manipulation_description/package.dsv
[1.411s] -- Up-to-date: /home/hb/Git/Embedded/install/turtlebot3_manipulation_description/share/ament_index/resource_index/packages/turtlebot3_manipulation_description
[1.411s] -- Up-to-date: /home/hb/Git/Embedded/install/turtlebot3_manipulation_description/share/turtlebot3_manipulation_description/cmake/turtlebot3_manipulation_descriptionConfig.cmake
[1.411s] -- Up-to-date: /home/hb/Git/Embedded/install/turtlebot3_manipulation_description/share/turtlebot3_manipulation_description/cmake/turtlebot3_manipulation_descriptionConfig-version.cmake
[1.411s] -- Up-to-date: /home/hb/Git/Embedded/install/turtlebot3_manipulation_description/share/turtlebot3_manipulation_description/package.xml
[1.539s] Invoked command in '/home/hb/Git/Embedded/build/turtlebot3_manipulation_description' returned '0': CMAKE_PREFIX_PATH=${CMAKE_PREFIX_PATH}:/home/hb/Git/Embedded/install/turtlebot3_teleop:/home/hb/Git/Embedded/install/turtlebot3_example:/home/hb/Git/Embedded/install/robot_web_interface:/home/hb/Git/Embedded/install/delivery_interface:/home/hb/Git/Embedded/install/app_navigation:/opt/ros/humble /usr/bin/cmake --install /home/hb/Git/Embedded/build/turtlebot3_manipulation_description
