[1.140s] Invoking command in '/home/hb/Git/Embedded/src/turtlebot3/turtlebot3_example': CMAKE_PREFIX_PATH=/home/hb/Git/Embedded/install/turtlebot3_msgs:/home/hb/Git/Embedded/install/turtlebot3:/home/hb/Git/Embedded/install/turtlebot3_simulations:/home/hb/Git/Embedded/install/turtlebot3_bringup:/home/hb/Git/Embedded/install/turtlebot3_node:/home/hb/Git/Embedded/install/turtlebot3_navigation2:/home/hb/Git/Embedded/install/turtlebot3_fake_node:/home/hb/Git/Embedded/install/turtlebot3_manipulation:/home/hb/Git/Embedded/install/turtlebot3_manipulation_teleop:/home/hb/Git/Embedded/install/turtlebot3_manipulation_navigation2:/home/hb/Git/Embedded/install/turtlebot3_manipulation_moveit_config:/home/hb/Git/Embedded/install/turtlebot3_manipulation_hardware:/home/hb/Git/Embedded/install/turtlebot3_manipulation_gazebo:/home/hb/Git/Embedded/install/turtlebot3_manipulation_bringup:/home/hb/Git/Embedded/install/turtlebot3_manipulation_description:/home/hb/Git/Embedded/install/turtlebot3_manipulation_cartographer:/home/hb/Git/Embedded/install/turtlebot3_gazebo:/home/hb/Git/Embedded/install/turtlebot3_description:/home/hb/Git/Embedded/install/turtlebot3_cartographer:/home/hb/Git/Embedded/install/dynamixel_sdk_examples:/home/hb/Git/Embedded/install/dynamixel_sdk_custom_interfaces:/home/hb/Git/Embedded/install/dynamixel_sdk:/home/hb/gazebo/install/elevator PYTHONPATH=/home/hb/Git/Embedded/build/turtlebot3_example/prefix_override:/usr/lib/python3/dist-packages/colcon_core/task/python/colcon_distutils_commands:/home/hb/Git/Embedded/install/turtlebot3_example/lib/python3.10/site-packages:${PYTHONPATH} /usr/bin/python3 -W ignore:setup.py install is deprecated -W ignore:easy_install command is deprecated setup.py egg_info --egg-base ../../../build/turtlebot3_example build --build-base /home/hb/Git/Embedded/build/turtlebot3_example/build install --record /home/hb/Git/Embedded/build/turtlebot3_example/install.log --single-version-externally-managed install_data
[1.401s] running egg_info
[1.401s] writing ../../../build/turtlebot3_example/turtlebot3_example.egg-info/PKG-INFO
[1.402s] writing dependency_links to ../../../build/turtlebot3_example/turtlebot3_example.egg-info/dependency_links.txt
[1.402s] writing entry points to ../../../build/turtlebot3_example/turtlebot3_example.egg-info/entry_points.txt
[1.402s] writing requirements to ../../../build/turtlebot3_example/turtlebot3_example.egg-info/requires.txt
[1.402s] writing top-level names to ../../../build/turtlebot3_example/turtlebot3_example.egg-info/top_level.txt
[1.404s] reading manifest file '../../../build/turtlebot3_example/turtlebot3_example.egg-info/SOURCES.txt'
[1.405s] writing manifest file '../../../build/turtlebot3_example/turtlebot3_example.egg-info/SOURCES.txt'
[1.405s] running build
[1.405s] running build_py
[1.407s] running install
[1.407s] running install_lib
[1.409s] running install_data
[1.409s] running install_egg_info
[1.411s] removing '/home/hb/Git/Embedded/install/turtlebot3_example/lib/python3.10/site-packages/turtlebot3_example-2.3.3-py3.10.egg-info' (and everything under it)
[1.411s] Copying ../../../build/turtlebot3_example/turtlebot3_example.egg-info to /home/hb/Git/Embedded/install/turtlebot3_example/lib/python3.10/site-packages/turtlebot3_example-2.3.3-py3.10.egg-info
[1.412s] running install_scripts
[1.433s] Installing turtlebot3_absolute_move script to /home/hb/Git/Embedded/install/turtlebot3_example/lib/turtlebot3_example
[1.433s] Installing turtlebot3_interactive_marker script to /home/hb/Git/Embedded/install/turtlebot3_example/lib/turtlebot3_example
[1.433s] Installing turtlebot3_obstacle_detection script to /home/hb/Git/Embedded/install/turtlebot3_example/lib/turtlebot3_example
[1.433s] Installing turtlebot3_patrol_client script to /home/hb/Git/Embedded/install/turtlebot3_example/lib/turtlebot3_example
[1.433s] Installing turtlebot3_patrol_server script to /home/hb/Git/Embedded/install/turtlebot3_example/lib/turtlebot3_example
[1.433s] Installing turtlebot3_relative_move script to /home/hb/Git/Embedded/install/turtlebot3_example/lib/turtlebot3_example
[1.434s] writing list of installed files to '/home/hb/Git/Embedded/build/turtlebot3_example/install.log'
[1.457s] Invoked command in '/home/hb/Git/Embedded/src/turtlebot3/turtlebot3_example' returned '0': CMAKE_PREFIX_PATH=/home/hb/Git/Embedded/install/turtlebot3_msgs:/home/hb/Git/Embedded/install/turtlebot3:/home/hb/Git/Embedded/install/turtlebot3_simulations:/home/hb/Git/Embedded/install/turtlebot3_bringup:/home/hb/Git/Embedded/install/turtlebot3_node:/home/hb/Git/Embedded/install/turtlebot3_navigation2:/home/hb/Git/Embedded/install/turtlebot3_fake_node:/home/hb/Git/Embedded/install/turtlebot3_manipulation:/home/hb/Git/Embedded/install/turtlebot3_manipulation_teleop:/home/hb/Git/Embedded/install/turtlebot3_manipulation_navigation2:/home/hb/Git/Embedded/install/turtlebot3_manipulation_moveit_config:/home/hb/Git/Embedded/install/turtlebot3_manipulation_hardware:/home/hb/Git/Embedded/install/turtlebot3_manipulation_gazebo:/home/hb/Git/Embedded/install/turtlebot3_manipulation_bringup:/home/hb/Git/Embedded/install/turtlebot3_manipulation_description:/home/hb/Git/Embedded/install/turtlebot3_manipulation_cartographer:/home/hb/Git/Embedded/install/turtlebot3_gazebo:/home/hb/Git/Embedded/install/turtlebot3_description:/home/hb/Git/Embedded/install/turtlebot3_cartographer:/home/hb/Git/Embedded/install/dynamixel_sdk_examples:/home/hb/Git/Embedded/install/dynamixel_sdk_custom_interfaces:/home/hb/Git/Embedded/install/dynamixel_sdk:/home/hb/gazebo/install/elevator PYTHONPATH=/home/hb/Git/Embedded/build/turtlebot3_example/prefix_override:/usr/lib/python3/dist-packages/colcon_core/task/python/colcon_distutils_commands:/home/hb/Git/Embedded/install/turtlebot3_example/lib/python3.10/site-packages:${PYTHONPATH} /usr/bin/python3 -W ignore:setup.py install is deprecated -W ignore:easy_install command is deprecated setup.py egg_info --egg-base ../../../build/turtlebot3_example build --build-base /home/hb/Git/Embedded/build/turtlebot3_example/build install --record /home/hb/Git/Embedded/build/turtlebot3_example/install.log --single-version-externally-managed install_data
