[0.079s] Invoking command in '/home/hb/Git/Embedded/build/turtlebot3_node': CMAKE_PREFIX_PATH=/home/hb/Git/Embedded/install/turtlebot3_msgs:/home/hb/Git/Embedded/install/dynamixel_sdk:/home/hb/Git/Embedded/install/turtlebot3:/home/hb/Git/Embedded/install/turtlebot3_simulations:/home/hb/Git/Embedded/install/turtlebot3_bringup:/home/hb/Git/Embedded/install/turtlebot3_node:/home/hb/Git/Embedded/install/turtlebot3_navigation2:/home/hb/Git/Embedded/install/turtlebot3_fake_node:/home/hb/Git/Embedded/install/turtlebot3_manipulation:/home/hb/Git/Embedded/install/turtlebot3_manipulation_teleop:/home/hb/Git/Embedded/install/turtlebot3_manipulation_navigation2:/home/hb/Git/Embedded/install/turtlebot3_manipulation_moveit_config:/home/hb/Git/Embedded/install/turtlebot3_manipulation_hardware:/home/hb/Git/Embedded/install/turtlebot3_manipulation_gazebo:/home/hb/Git/Embedded/install/turtlebot3_manipulation_bringup:/home/hb/Git/Embedded/install/turtlebot3_manipulation_description:/home/hb/Git/Embedded/install/turtlebot3_manipulation_cartographer:/home/hb/Git/Embedded/install/turtlebot3_gazebo:/home/hb/Git/Embedded/install/turtlebot3_description:/home/hb/Git/Embedded/install/turtlebot3_cartographer:/home/hb/Git/Embedded/install/dynamixel_sdk_examples:/home/hb/Git/Embedded/install/dynamixel_sdk_custom_interfaces:/home/hb/gazebo/install/elevator:/home/hb/Git/Embedded/install/turtlebot3_teleop:/home/hb/Git/Embedded/install/turtlebot3_example:/home/hb/Git/Embedded/install/robot_web_interface:/home/hb/Git/Embedded/install/delivery_interface:/home/hb/Git/Embedded/install/app_navigation:/opt/ros/humble LD_LIBRARY_PATH=/home/hb/Git/Embedded/install/turtlebot3_msgs/lib:/home/hb/Git/Embedded/install/dynamixel_sdk/lib:/home/hb/Git/Embedded/install/turtlebot3_manipulation_hardware/lib:/home/hb/Git/Embedded/install/turtlebot3_manipulation_gazebo/lib:/home/hb/Git/Embedded/install/dynamixel_sdk_custom_interfaces/lib:/home/hb/gazebo/install/elevator/lib:/usr/lib/x86_64-linux-gnu/gazebo-11/plugins:/opt/ros/humble/opt/rviz_ogre_vendor/lib:/opt/ros/humble/lib/x86_64-linux-gnu:/opt/ros/humble/lib /usr/bin/cmake /home/hb/Git/Embedded/src/turtlebot3/turtlebot3_node -DCMAKE_INSTALL_PREFIX=/home/hb/Git/Embedded/install/turtlebot3_node
[1.792s] -- The C compiler identification is GNU 11.4.0
[1.792s] -- The CXX compiler identification is GNU 11.4.0
[1.792s] -- Detecting C compiler ABI info
[1.792s] -- Detecting C compiler ABI info - done
[1.792s] -- Check for working C compiler: /usr/bin/cc - skipped
[1.793s] -- Detecting C compile features
[1.793s] -- Detecting C compile features - done
[1.793s] -- Detecting CXX compiler ABI info
[1.793s] -- Detecting CXX compiler ABI info - done
[1.793s] -- Check for working CXX compiler: /usr/bin/c++ - skipped
[1.793s] -- Detecting CXX compile features
[1.793s] -- Detecting CXX compile features - done
[1.793s] -- Found ament_cmake: 1.3.12 (/opt/ros/humble/share/ament_cmake/cmake)
[1.793s] -- Found Python3: /usr/bin/python3 (found version "3.10.12") found components: Interpreter 
[1.900s] -- Found dynamixel_sdk: 3.8.4 (/home/hb/Git/Embedded/install/dynamixel_sdk/share/dynamixel_sdk/cmake)
[1.920s] -- Found geometry_msgs: 4.9.0 (/opt/ros/humble/share/geometry_msgs/cmake)
[2.252s] -- Found rosidl_generator_c: 3.1.7 (/opt/ros/humble/share/rosidl_generator_c/cmake)
[2.288s] -- Found rosidl_adapter: 3.1.7 (/opt/ros/humble/share/rosidl_adapter/cmake)
[2.358s] -- Found rosidl_generator_cpp: 3.1.7 (/opt/ros/humble/share/rosidl_generator_cpp/cmake)
[2.471s] -- Using all available rosidl_typesupport_c: rosidl_typesupport_fastrtps_c;rosidl_typesupport_introspection_c
[2.584s] -- Using all available rosidl_typesupport_cpp: rosidl_typesupport_fastrtps_cpp;rosidl_typesupport_introspection_cpp
[2.798s] -- Found message_filters: 4.3.8 (/opt/ros/humble/share/message_filters/cmake)
[3.088s] -- Found rmw_implementation_cmake: 6.1.2 (/opt/ros/humble/share/rmw_implementation_cmake/cmake)
[3.116s] -- Found rmw_fastrtps_cpp: 6.2.8 (/opt/ros/humble/share/rmw_fastrtps_cpp/cmake)
[3.561s] -- Found OpenSSL: /usr/lib/x86_64-linux-gnu/libcrypto.so (found version "3.0.2")  
[3.721s] -- Found FastRTPS: /opt/ros/humble/include  
[3.953s] -- Using RMW implementation 'rmw_fastrtps_cpp' as default
[4.042s] -- Looking for pthread.h
[4.361s] -- Looking for pthread.h - found
[4.362s] -- Performing Test CMAKE_HAVE_LIBC_PTHREAD
[4.600s] -- Performing Test CMAKE_HAVE_LIBC_PTHREAD - Success
[4.602s] -- Found Threads: TRUE  
[4.804s] -- Found nav_msgs: 4.9.0 (/opt/ros/humble/share/nav_msgs/cmake)
[4.889s] -- Found sensor_msgs: 4.9.0 (/opt/ros/humble/share/sensor_msgs/cmake)
[4.997s] -- Found std_srvs: 4.9.0 (/opt/ros/humble/share/std_srvs/cmake)
[5.075s] -- Found tf2: 0.25.16 (/opt/ros/humble/share/tf2/cmake)
[5.131s] -- Found tf2_ros: 0.25.16 (/opt/ros/humble/share/tf2_ros/cmake)
[5.570s] -- Found turtlebot3_msgs: 2.4.0 (/home/hb/Git/Embedded/install/turtlebot3_msgs/share/turtlebot3_msgs/cmake)
[5.959s] -- Configuring done
[6.078s] -- Generating done
[6.103s] -- Build files have been written to: /home/hb/Git/Embedded/build/turtlebot3_node
[6.152s] Invoked command in '/home/hb/Git/Embedded/build/turtlebot3_node' returned '0': CMAKE_PREFIX_PATH=/home/hb/Git/Embedded/install/turtlebot3_msgs:/home/hb/Git/Embedded/install/dynamixel_sdk:/home/hb/Git/Embedded/install/turtlebot3:/home/hb/Git/Embedded/install/turtlebot3_simulations:/home/hb/Git/Embedded/install/turtlebot3_bringup:/home/hb/Git/Embedded/install/turtlebot3_node:/home/hb/Git/Embedded/install/turtlebot3_navigation2:/home/hb/Git/Embedded/install/turtlebot3_fake_node:/home/hb/Git/Embedded/install/turtlebot3_manipulation:/home/hb/Git/Embedded/install/turtlebot3_manipulation_teleop:/home/hb/Git/Embedded/install/turtlebot3_manipulation_navigation2:/home/hb/Git/Embedded/install/turtlebot3_manipulation_moveit_config:/home/hb/Git/Embedded/install/turtlebot3_manipulation_hardware:/home/hb/Git/Embedded/install/turtlebot3_manipulation_gazebo:/home/hb/Git/Embedded/install/turtlebot3_manipulation_bringup:/home/hb/Git/Embedded/install/turtlebot3_manipulation_description:/home/hb/Git/Embedded/install/turtlebot3_manipulation_cartographer:/home/hb/Git/Embedded/install/turtlebot3_gazebo:/home/hb/Git/Embedded/install/turtlebot3_description:/home/hb/Git/Embedded/install/turtlebot3_cartographer:/home/hb/Git/Embedded/install/dynamixel_sdk_examples:/home/hb/Git/Embedded/install/dynamixel_sdk_custom_interfaces:/home/hb/gazebo/install/elevator:/home/hb/Git/Embedded/install/turtlebot3_teleop:/home/hb/Git/Embedded/install/turtlebot3_example:/home/hb/Git/Embedded/install/robot_web_interface:/home/hb/Git/Embedded/install/delivery_interface:/home/hb/Git/Embedded/install/app_navigation:/opt/ros/humble LD_LIBRARY_PATH=/home/hb/Git/Embedded/install/turtlebot3_msgs/lib:/home/hb/Git/Embedded/install/dynamixel_sdk/lib:/home/hb/Git/Embedded/install/turtlebot3_manipulation_hardware/lib:/home/hb/Git/Embedded/install/turtlebot3_manipulation_gazebo/lib:/home/hb/Git/Embedded/install/dynamixel_sdk_custom_interfaces/lib:/home/hb/gazebo/install/elevator/lib:/usr/lib/x86_64-linux-gnu/gazebo-11/plugins:/opt/ros/humble/opt/rviz_ogre_vendor/lib:/opt/ros/humble/lib/x86_64-linux-gnu:/opt/ros/humble/lib /usr/bin/cmake /home/hb/Git/Embedded/src/turtlebot3/turtlebot3_node -DCMAKE_INSTALL_PREFIX=/home/hb/Git/Embedded/install/turtlebot3_node
[6.159s] Invoking command in '/home/hb/Git/Embedded/build/turtlebot3_node': CMAKE_PREFIX_PATH=/home/hb/Git/Embedded/install/turtlebot3_msgs:/home/hb/Git/Embedded/install/dynamixel_sdk:/home/hb/Git/Embedded/install/turtlebot3:/home/hb/Git/Embedded/install/turtlebot3_simulations:/home/hb/Git/Embedded/install/turtlebot3_bringup:/home/hb/Git/Embedded/install/turtlebot3_node:/home/hb/Git/Embedded/install/turtlebot3_navigation2:/home/hb/Git/Embedded/install/turtlebot3_fake_node:/home/hb/Git/Embedded/install/turtlebot3_manipulation:/home/hb/Git/Embedded/install/turtlebot3_manipulation_teleop:/home/hb/Git/Embedded/install/turtlebot3_manipulation_navigation2:/home/hb/Git/Embedded/install/turtlebot3_manipulation_moveit_config:/home/hb/Git/Embedded/install/turtlebot3_manipulation_hardware:/home/hb/Git/Embedded/install/turtlebot3_manipulation_gazebo:/home/hb/Git/Embedded/install/turtlebot3_manipulation_bringup:/home/hb/Git/Embedded/install/turtlebot3_manipulation_description:/home/hb/Git/Embedded/install/turtlebot3_manipulation_cartographer:/home/hb/Git/Embedded/install/turtlebot3_gazebo:/home/hb/Git/Embedded/install/turtlebot3_description:/home/hb/Git/Embedded/install/turtlebot3_cartographer:/home/hb/Git/Embedded/install/dynamixel_sdk_examples:/home/hb/Git/Embedded/install/dynamixel_sdk_custom_interfaces:/home/hb/gazebo/install/elevator:/home/hb/Git/Embedded/install/turtlebot3_teleop:/home/hb/Git/Embedded/install/turtlebot3_example:/home/hb/Git/Embedded/install/robot_web_interface:/home/hb/Git/Embedded/install/delivery_interface:/home/hb/Git/Embedded/install/app_navigation:/opt/ros/humble LD_LIBRARY_PATH=/home/hb/Git/Embedded/install/turtlebot3_msgs/lib:/home/hb/Git/Embedded/install/dynamixel_sdk/lib:/home/hb/Git/Embedded/install/turtlebot3_manipulation_hardware/lib:/home/hb/Git/Embedded/install/turtlebot3_manipulation_gazebo/lib:/home/hb/Git/Embedded/install/dynamixel_sdk_custom_interfaces/lib:/home/hb/gazebo/install/elevator/lib:/usr/lib/x86_64-linux-gnu/gazebo-11/plugins:/opt/ros/humble/opt/rviz_ogre_vendor/lib:/opt/ros/humble/lib/x86_64-linux-gnu:/opt/ros/humble/lib /usr/bin/cmake --build /home/hb/Git/Embedded/build/turtlebot3_node -- -j16 -l16
[6.346s] [  7%] [32mBuilding CXX object CMakeFiles/turtlebot3_node_lib.dir/src/devices/motor_power.cpp.o[0m
[6.370s] [ 14%] [32mBuilding CXX object CMakeFiles/turtlebot3_node_lib.dir/src/odometry.cpp.o[0m
[6.373s] [ 21%] [32mBuilding CXX object CMakeFiles/turtlebot3_node_lib.dir/src/diff_drive_controller.cpp.o[0m
[6.373s] [ 28%] [32mBuilding CXX object CMakeFiles/turtlebot3_node_lib.dir/src/turtlebot3.cpp.o[0m
[6.373s] [ 35%] [32mBuilding CXX object CMakeFiles/turtlebot3_node_lib.dir/src/sensors/battery_state.cpp.o[0m
[6.373s] [ 42%] [32mBuilding CXX object CMakeFiles/turtlebot3_node_lib.dir/src/sensors/imu.cpp.o[0m
[6.377s] [ 57%] [32mBuilding CXX object CMakeFiles/turtlebot3_node_lib.dir/src/sensors/sensor_state.cpp.o[0m
[6.377s] [ 64%] [32mBuilding CXX object CMakeFiles/turtlebot3_node_lib.dir/src/devices/reset.cpp.o[0m
[6.383s] [ 57%] [32mBuilding CXX object CMakeFiles/turtlebot3_node_lib.dir/src/dynamixel_sdk_wrapper.cpp.o[0m
[6.389s] [ 71%] [32mBuilding CXX object CMakeFiles/turtlebot3_node_lib.dir/src/devices/sound.cpp.o[0m
[6.449s] [ 78%] [32mBuilding CXX object CMakeFiles/turtlebot3_node_lib.dir/src/sensors/joint_state.cpp.o[0m
[33.794s] [ 85%] [32m[1mLinking CXX static library libturtlebot3_node_lib.a[0m
[34.560s] [ 85%] Built target turtlebot3_node_lib
[34.592s] [ 92%] [32mBuilding CXX object CMakeFiles/turtlebot3_ros.dir/src/node_main.cpp.o[0m
[40.231s] [100%] [32m[1mLinking CXX executable turtlebot3_ros[0m
[42.738s] [100%] Built target turtlebot3_ros
[42.752s] Invoked command in '/home/hb/Git/Embedded/build/turtlebot3_node' returned '0': CMAKE_PREFIX_PATH=/home/hb/Git/Embedded/install/turtlebot3_msgs:/home/hb/Git/Embedded/install/dynamixel_sdk:/home/hb/Git/Embedded/install/turtlebot3:/home/hb/Git/Embedded/install/turtlebot3_simulations:/home/hb/Git/Embedded/install/turtlebot3_bringup:/home/hb/Git/Embedded/install/turtlebot3_node:/home/hb/Git/Embedded/install/turtlebot3_navigation2:/home/hb/Git/Embedded/install/turtlebot3_fake_node:/home/hb/Git/Embedded/install/turtlebot3_manipulation:/home/hb/Git/Embedded/install/turtlebot3_manipulation_teleop:/home/hb/Git/Embedded/install/turtlebot3_manipulation_navigation2:/home/hb/Git/Embedded/install/turtlebot3_manipulation_moveit_config:/home/hb/Git/Embedded/install/turtlebot3_manipulation_hardware:/home/hb/Git/Embedded/install/turtlebot3_manipulation_gazebo:/home/hb/Git/Embedded/install/turtlebot3_manipulation_bringup:/home/hb/Git/Embedded/install/turtlebot3_manipulation_description:/home/hb/Git/Embedded/install/turtlebot3_manipulation_cartographer:/home/hb/Git/Embedded/install/turtlebot3_gazebo:/home/hb/Git/Embedded/install/turtlebot3_description:/home/hb/Git/Embedded/install/turtlebot3_cartographer:/home/hb/Git/Embedded/install/dynamixel_sdk_examples:/home/hb/Git/Embedded/install/dynamixel_sdk_custom_interfaces:/home/hb/gazebo/install/elevator:/home/hb/Git/Embedded/install/turtlebot3_teleop:/home/hb/Git/Embedded/install/turtlebot3_example:/home/hb/Git/Embedded/install/robot_web_interface:/home/hb/Git/Embedded/install/delivery_interface:/home/hb/Git/Embedded/install/app_navigation:/opt/ros/humble LD_LIBRARY_PATH=/home/hb/Git/Embedded/install/turtlebot3_msgs/lib:/home/hb/Git/Embedded/install/dynamixel_sdk/lib:/home/hb/Git/Embedded/install/turtlebot3_manipulation_hardware/lib:/home/hb/Git/Embedded/install/turtlebot3_manipulation_gazebo/lib:/home/hb/Git/Embedded/install/dynamixel_sdk_custom_interfaces/lib:/home/hb/gazebo/install/elevator/lib:/usr/lib/x86_64-linux-gnu/gazebo-11/plugins:/opt/ros/humble/opt/rviz_ogre_vendor/lib:/opt/ros/humble/lib/x86_64-linux-gnu:/opt/ros/humble/lib /usr/bin/cmake --build /home/hb/Git/Embedded/build/turtlebot3_node -- -j16 -l16
[42.755s] Invoking command in '/home/hb/Git/Embedded/build/turtlebot3_node': CMAKE_PREFIX_PATH=/home/hb/Git/Embedded/install/turtlebot3_msgs:/home/hb/Git/Embedded/install/dynamixel_sdk:/home/hb/Git/Embedded/install/turtlebot3:/home/hb/Git/Embedded/install/turtlebot3_simulations:/home/hb/Git/Embedded/install/turtlebot3_bringup:/home/hb/Git/Embedded/install/turtlebot3_node:/home/hb/Git/Embedded/install/turtlebot3_navigation2:/home/hb/Git/Embedded/install/turtlebot3_fake_node:/home/hb/Git/Embedded/install/turtlebot3_manipulation:/home/hb/Git/Embedded/install/turtlebot3_manipulation_teleop:/home/hb/Git/Embedded/install/turtlebot3_manipulation_navigation2:/home/hb/Git/Embedded/install/turtlebot3_manipulation_moveit_config:/home/hb/Git/Embedded/install/turtlebot3_manipulation_hardware:/home/hb/Git/Embedded/install/turtlebot3_manipulation_gazebo:/home/hb/Git/Embedded/install/turtlebot3_manipulation_bringup:/home/hb/Git/Embedded/install/turtlebot3_manipulation_description:/home/hb/Git/Embedded/install/turtlebot3_manipulation_cartographer:/home/hb/Git/Embedded/install/turtlebot3_gazebo:/home/hb/Git/Embedded/install/turtlebot3_description:/home/hb/Git/Embedded/install/turtlebot3_cartographer:/home/hb/Git/Embedded/install/dynamixel_sdk_examples:/home/hb/Git/Embedded/install/dynamixel_sdk_custom_interfaces:/home/hb/gazebo/install/elevator:/home/hb/Git/Embedded/install/turtlebot3_teleop:/home/hb/Git/Embedded/install/turtlebot3_example:/home/hb/Git/Embedded/install/robot_web_interface:/home/hb/Git/Embedded/install/delivery_interface:/home/hb/Git/Embedded/install/app_navigation:/opt/ros/humble LD_LIBRARY_PATH=/home/hb/Git/Embedded/install/turtlebot3_msgs/lib:/home/hb/Git/Embedded/install/dynamixel_sdk/lib:/home/hb/Git/Embedded/install/turtlebot3_manipulation_hardware/lib:/home/hb/Git/Embedded/install/turtlebot3_manipulation_gazebo/lib:/home/hb/Git/Embedded/install/dynamixel_sdk_custom_interfaces/lib:/home/hb/gazebo/install/elevator/lib:/usr/lib/x86_64-linux-gnu/gazebo-11/plugins:/opt/ros/humble/opt/rviz_ogre_vendor/lib:/opt/ros/humble/lib/x86_64-linux-gnu:/opt/ros/humble/lib /usr/bin/cmake --install /home/hb/Git/Embedded/build/turtlebot3_node
[42.764s] -- Install configuration: ""
[42.764s] -- Installing: /home/hb/Git/Embedded/install/turtlebot3_node/share/turtlebot3_node/param
[42.764s] -- Installing: /home/hb/Git/Embedded/install/turtlebot3_node/share/turtlebot3_node/param/burger.yaml
[42.764s] -- Installing: /home/hb/Git/Embedded/install/turtlebot3_node/share/turtlebot3_node/param/waffle.yaml
[42.764s] -- Installing: /home/hb/Git/Embedded/install/turtlebot3_node/share/turtlebot3_node/param/waffle_pi.yaml
[42.765s] -- Installing: /home/hb/Git/Embedded/install/turtlebot3_node/lib/turtlebot3_node/turtlebot3_ros
[42.778s] -- Set runtime path of "/home/hb/Git/Embedded/install/turtlebot3_node/lib/turtlebot3_node/turtlebot3_ros" to ""
[42.778s] -- Installing: /home/hb/Git/Embedded/install/turtlebot3_node/share/ament_index/resource_index/package_run_dependencies/turtlebot3_node
[42.778s] -- Installing: /home/hb/Git/Embedded/install/turtlebot3_node/share/ament_index/resource_index/parent_prefix_path/turtlebot3_node
[42.778s] -- Installing: /home/hb/Git/Embedded/install/turtlebot3_node/share/turtlebot3_node/environment/ament_prefix_path.sh
[42.778s] -- Installing: /home/hb/Git/Embedded/install/turtlebot3_node/share/turtlebot3_node/environment/ament_prefix_path.dsv
[42.779s] -- Installing: /home/hb/Git/Embedded/install/turtlebot3_node/share/turtlebot3_node/environment/path.sh
[42.779s] -- Installing: /home/hb/Git/Embedded/install/turtlebot3_node/share/turtlebot3_node/environment/path.dsv
[42.779s] -- Installing: /home/hb/Git/Embedded/install/turtlebot3_node/share/turtlebot3_node/local_setup.bash
[42.779s] -- Installing: /home/hb/Git/Embedded/install/turtlebot3_node/share/turtlebot3_node/local_setup.sh
[42.779s] -- Installing: /home/hb/Git/Embedded/install/turtlebot3_node/share/turtlebot3_node/local_setup.zsh
[42.780s] -- Installing: /home/hb/Git/Embedded/install/turtlebot3_node/share/turtlebot3_node/local_setup.dsv
[42.780s] -- Installing: /home/hb/Git/Embedded/install/turtlebot3_node/share/turtlebot3_node/package.dsv
[42.780s] -- Installing: /home/hb/Git/Embedded/install/turtlebot3_node/share/ament_index/resource_index/packages/turtlebot3_node
[42.781s] -- Installing: /home/hb/Git/Embedded/install/turtlebot3_node/share/turtlebot3_node/cmake/ament_cmake_export_dependencies-extras.cmake
[42.781s] -- Installing: /home/hb/Git/Embedded/install/turtlebot3_node/share/turtlebot3_node/cmake/ament_cmake_export_include_directories-extras.cmake
[42.781s] -- Installing: /home/hb/Git/Embedded/install/turtlebot3_node/share/turtlebot3_node/cmake/turtlebot3_nodeConfig.cmake
[42.781s] -- Installing: /home/hb/Git/Embedded/install/turtlebot3_node/share/turtlebot3_node/cmake/turtlebot3_nodeConfig-version.cmake
[42.782s] -- Installing: /home/hb/Git/Embedded/install/turtlebot3_node/share/turtlebot3_node/package.xml
[42.785s] Invoked command in '/home/hb/Git/Embedded/build/turtlebot3_node' returned '0': CMAKE_PREFIX_PATH=/home/hb/Git/Embedded/install/turtlebot3_msgs:/home/hb/Git/Embedded/install/dynamixel_sdk:/home/hb/Git/Embedded/install/turtlebot3:/home/hb/Git/Embedded/install/turtlebot3_simulations:/home/hb/Git/Embedded/install/turtlebot3_bringup:/home/hb/Git/Embedded/install/turtlebot3_node:/home/hb/Git/Embedded/install/turtlebot3_navigation2:/home/hb/Git/Embedded/install/turtlebot3_fake_node:/home/hb/Git/Embedded/install/turtlebot3_manipulation:/home/hb/Git/Embedded/install/turtlebot3_manipulation_teleop:/home/hb/Git/Embedded/install/turtlebot3_manipulation_navigation2:/home/hb/Git/Embedded/install/turtlebot3_manipulation_moveit_config:/home/hb/Git/Embedded/install/turtlebot3_manipulation_hardware:/home/hb/Git/Embedded/install/turtlebot3_manipulation_gazebo:/home/hb/Git/Embedded/install/turtlebot3_manipulation_bringup:/home/hb/Git/Embedded/install/turtlebot3_manipulation_description:/home/hb/Git/Embedded/install/turtlebot3_manipulation_cartographer:/home/hb/Git/Embedded/install/turtlebot3_gazebo:/home/hb/Git/Embedded/install/turtlebot3_description:/home/hb/Git/Embedded/install/turtlebot3_cartographer:/home/hb/Git/Embedded/install/dynamixel_sdk_examples:/home/hb/Git/Embedded/install/dynamixel_sdk_custom_interfaces:/home/hb/gazebo/install/elevator:/home/hb/Git/Embedded/install/turtlebot3_teleop:/home/hb/Git/Embedded/install/turtlebot3_example:/home/hb/Git/Embedded/install/robot_web_interface:/home/hb/Git/Embedded/install/delivery_interface:/home/hb/Git/Embedded/install/app_navigation:/opt/ros/humble LD_LIBRARY_PATH=/home/hb/Git/Embedded/install/turtlebot3_msgs/lib:/home/hb/Git/Embedded/install/dynamixel_sdk/lib:/home/hb/Git/Embedded/install/turtlebot3_manipulation_hardware/lib:/home/hb/Git/Embedded/install/turtlebot3_manipulation_gazebo/lib:/home/hb/Git/Embedded/install/dynamixel_sdk_custom_interfaces/lib:/home/hb/gazebo/install/elevator/lib:/usr/lib/x86_64-linux-gnu/gazebo-11/plugins:/opt/ros/humble/opt/rviz_ogre_vendor/lib:/opt/ros/humble/lib/x86_64-linux-gnu:/opt/ros/humble/lib /usr/bin/cmake --install /home/hb/Git/Embedded/build/turtlebot3_node
