[2.275s] Invoking command in '/home/hb/Git/Embedded/src/robot_web_interface': PYTHONPATH=/home/hb/Git/Embedded/build/robot_web_interface/prefix_override:/usr/lib/python3/dist-packages/colcon_core/task/python/colcon_distutils_commands:/home/hb/Git/Embedded/install/robot_web_interface/lib/python3.10/site-packages:${PYTHONPATH} /usr/bin/python3 -W ignore:setup.py install is deprecated -W ignore:easy_install command is deprecated setup.py egg_info --egg-base ../../build/robot_web_interface build --build-base /home/hb/Git/Embedded/build/robot_web_interface/build install --record /home/hb/Git/Embedded/build/robot_web_interface/install.log --single-version-externally-managed install_data
[2.804s] running egg_info
[2.805s] writing ../../build/robot_web_interface/robot_web_interface.egg-info/PKG-INFO
[2.805s] writing dependency_links to ../../build/robot_web_interface/robot_web_interface.egg-info/dependency_links.txt
[2.805s] writing entry points to ../../build/robot_web_interface/robot_web_interface.egg-info/entry_points.txt
[2.805s] writing requirements to ../../build/robot_web_interface/robot_web_interface.egg-info/requires.txt
[2.805s] writing top-level names to ../../build/robot_web_interface/robot_web_interface.egg-info/top_level.txt
[2.807s] reading manifest file '../../build/robot_web_interface/robot_web_interface.egg-info/SOURCES.txt'
[2.808s] writing manifest file '../../build/robot_web_interface/robot_web_interface.egg-info/SOURCES.txt'
[2.808s] running build
[2.809s] running build_py
[2.809s] running install
[2.809s] running install_lib
[2.811s] running install_data
[2.811s] running install_egg_info
[2.813s] removing '/home/hb/Git/Embedded/install/robot_web_interface/lib/python3.10/site-packages/robot_web_interface-0.0.0-py3.10.egg-info' (and everything under it)
[2.814s] Copying ../../build/robot_web_interface/robot_web_interface.egg-info to /home/hb/Git/Embedded/install/robot_web_interface/lib/python3.10/site-packages/robot_web_interface-0.0.0-py3.10.egg-info
[2.814s] running install_scripts
[2.840s] Installing delivery_address_client script to /home/hb/Git/Embedded/install/robot_web_interface/lib/robot_web_interface
[2.840s] Installing robot_http_server script to /home/hb/Git/Embedded/install/robot_web_interface/lib/robot_web_interface
[2.840s] Installing robot_status_client script to /home/hb/Git/Embedded/install/robot_web_interface/lib/robot_web_interface
[2.840s] Installing robot_status_monitor script to /home/hb/Git/Embedded/install/robot_web_interface/lib/robot_web_interface
[2.840s] Installing turtlebot_status_monitor script to /home/hb/Git/Embedded/install/robot_web_interface/lib/robot_web_interface
[2.841s] writing list of installed files to '/home/hb/Git/Embedded/build/robot_web_interface/install.log'
[3.208s] Invoked command in '/home/hb/Git/Embedded/src/robot_web_interface' returned '0': PYTHONPATH=/home/hb/Git/Embedded/build/robot_web_interface/prefix_override:/usr/lib/python3/dist-packages/colcon_core/task/python/colcon_distutils_commands:/home/hb/Git/Embedded/install/robot_web_interface/lib/python3.10/site-packages:${PYTHONPATH} /usr/bin/python3 -W ignore:setup.py install is deprecated -W ignore:easy_install command is deprecated setup.py egg_info --egg-base ../../build/robot_web_interface build --build-base /home/hb/Git/Embedded/build/robot_web_interface/build install --record /home/hb/Git/Embedded/build/robot_web_interface/install.log --single-version-externally-managed install_data
