[0.057s] Invoking command in '/home/donggun/S13P21A501/Embedded/build/turtlebot3_manipulation_description': CMAKE_PREFIX_PATH=/opt/ros/humble /usr/bin/cmake --build /home/donggun/S13P21A501/Embedded/build/turtlebot3_manipulation_description -- -j16 -l16
[2.030s] Invoked command in '/home/donggun/S13P21A501/Embedded/build/turtlebot3_manipulation_description' returned '0': CMAKE_PREFIX_PATH=/opt/ros/humble /usr/bin/cmake --build /home/donggun/S13P21A501/Embedded/build/turtlebot3_manipulation_description -- -j16 -l16
[2.041s] Invoking command in '/home/donggun/S13P21A501/Embedded/build/turtlebot3_manipulation_description': CMAKE_PREFIX_PATH=/opt/ros/humble /usr/bin/cmake --install /home/donggun/S13P21A501/Embedded/build/turtlebot3_manipulation_description
[2.072s] -- Install configuration: ""
[2.076s] -- Up-to-date: /home/donggun/S13P21A501/Embedded/install/turtlebot3_manipulation_description/share/turtlebot3_manipulation_description/launch
[2.077s] -- Up-to-date: /home/donggun/S13P21A501/Embedded/install/turtlebot3_manipulation_description/share/turtlebot3_manipulation_description/launch/model.launch.py
[2.077s] -- Up-to-date: /home/donggun/S13P21A501/Embedded/install/turtlebot3_manipulation_description/share/turtlebot3_manipulation_description/rviz
[2.078s] -- Up-to-date: /home/donggun/S13P21A501/Embedded/install/turtlebot3_manipulation_description/share/turtlebot3_manipulation_description/rviz/model.rviz
[2.079s] -- Up-to-date: /home/donggun/S13P21A501/Embedded/install/turtlebot3_manipulation_description/share/turtlebot3_manipulation_description/urdf
[2.079s] -- Up-to-date: /home/donggun/S13P21A501/Embedded/install/turtlebot3_manipulation_description/share/turtlebot3_manipulation_description/urdf/turtlebot3_manipulation.urdf.xacro
[2.079s] -- Up-to-date: /home/donggun/S13P21A501/Embedded/install/turtlebot3_manipulation_description/share/turtlebot3_manipulation_description/urdf/turtlebot3_waffle_pi.urdf.xacro
[2.079s] -- Up-to-date: /home/donggun/S13P21A501/Embedded/install/turtlebot3_manipulation_description/share/turtlebot3_manipulation_description/urdf/open_manipulator_x.urdf.xacro
[2.079s] -- Up-to-date: /home/donggun/S13P21A501/Embedded/install/turtlebot3_manipulation_description/share/turtlebot3_manipulation_description/meshes
[2.080s] -- Up-to-date: /home/donggun/S13P21A501/Embedded/install/turtlebot3_manipulation_description/share/turtlebot3_manipulation_description/meshes/turtlebot3_waffle_pi
[2.080s] -- Up-to-date: /home/donggun/S13P21A501/Embedded/install/turtlebot3_manipulation_description/share/turtlebot3_manipulation_description/meshes/turtlebot3_waffle_pi/ladar.stl
[2.080s] -- Up-to-date: /home/donggun/S13P21A501/Embedded/install/turtlebot3_manipulation_description/share/turtlebot3_manipulation_description/meshes/turtlebot3_waffle_pi/base.stl
[2.080s] -- Up-to-date: /home/donggun/S13P21A501/Embedded/install/turtlebot3_manipulation_description/share/turtlebot3_manipulation_description/meshes/turtlebot3_waffle_pi/left_tire.stl
[2.080s] -- Up-to-date: /home/donggun/S13P21A501/Embedded/install/turtlebot3_manipulation_description/share/turtlebot3_manipulation_description/meshes/turtlebot3_waffle_pi/right_tire.stl
[2.080s] -- Up-to-date: /home/donggun/S13P21A501/Embedded/install/turtlebot3_manipulation_description/share/turtlebot3_manipulation_description/meshes/open_manipulator_x
[2.081s] -- Up-to-date: /home/donggun/S13P21A501/Embedded/install/turtlebot3_manipulation_description/share/turtlebot3_manipulation_description/meshes/open_manipulator_x/link4.stl
[2.081s] -- Up-to-date: /home/donggun/S13P21A501/Embedded/install/turtlebot3_manipulation_description/share/turtlebot3_manipulation_description/meshes/open_manipulator_x/gripper_left_palm.stl
[2.081s] -- Up-to-date: /home/donggun/S13P21A501/Embedded/install/turtlebot3_manipulation_description/share/turtlebot3_manipulation_description/meshes/open_manipulator_x/link1.stl
[2.081s] -- Up-to-date: /home/donggun/S13P21A501/Embedded/install/turtlebot3_manipulation_description/share/turtlebot3_manipulation_description/meshes/open_manipulator_x/link3.stl
[2.081s] -- Up-to-date: /home/donggun/S13P21A501/Embedded/install/turtlebot3_manipulation_description/share/turtlebot3_manipulation_description/meshes/open_manipulator_x/link2.stl
[2.081s] -- Up-to-date: /home/donggun/S13P21A501/Embedded/install/turtlebot3_manipulation_description/share/turtlebot3_manipulation_description/meshes/open_manipulator_x/gripper_right_palm.stl
[2.081s] -- Up-to-date: /home/donggun/S13P21A501/Embedded/install/turtlebot3_manipulation_description/share/turtlebot3_manipulation_description/meshes/open_manipulator_x/link5.stl
[2.082s] -- Up-to-date: /home/donggun/S13P21A501/Embedded/install/turtlebot3_manipulation_description/share/turtlebot3_manipulation_description/ros2_control
[2.082s] -- Up-to-date: /home/donggun/S13P21A501/Embedded/install/turtlebot3_manipulation_description/share/turtlebot3_manipulation_description/ros2_control/turtlebot3_manipulation_system.ros2_control.xacro
[2.083s] -- Up-to-date: /home/donggun/S13P21A501/Embedded/install/turtlebot3_manipulation_description/share/turtlebot3_manipulation_description/gazebo
[2.083s] -- Up-to-date: /home/donggun/S13P21A501/Embedded/install/turtlebot3_manipulation_description/share/turtlebot3_manipulation_description/gazebo/open_manipulator_x.gazebo.xacro
[2.084s] -- Up-to-date: /home/donggun/S13P21A501/Embedded/install/turtlebot3_manipulation_description/share/turtlebot3_manipulation_description/gazebo/turtlebot3_waffle_pi.gazebo.xacro
[2.084s] -- Up-to-date: /home/donggun/S13P21A501/Embedded/install/turtlebot3_manipulation_description/share/turtlebot3_manipulation_description/gazebo/materials.xacro
[2.084s] -- Up-to-date: /home/donggun/S13P21A501/Embedded/install/turtlebot3_manipulation_description/share/ament_index/resource_index/package_run_dependencies/turtlebot3_manipulation_description
[2.085s] -- Up-to-date: /home/donggun/S13P21A501/Embedded/install/turtlebot3_manipulation_description/share/ament_index/resource_index/parent_prefix_path/turtlebot3_manipulation_description
[2.085s] -- Up-to-date: /home/donggun/S13P21A501/Embedded/install/turtlebot3_manipulation_description/share/turtlebot3_manipulation_description/environment/ament_prefix_path.sh
[2.085s] -- Up-to-date: /home/donggun/S13P21A501/Embedded/install/turtlebot3_manipulation_description/share/turtlebot3_manipulation_description/environment/ament_prefix_path.dsv
[2.085s] -- Up-to-date: /home/donggun/S13P21A501/Embedded/install/turtlebot3_manipulation_description/share/turtlebot3_manipulation_description/environment/path.sh
[2.085s] -- Up-to-date: /home/donggun/S13P21A501/Embedded/install/turtlebot3_manipulation_description/share/turtlebot3_manipulation_description/environment/path.dsv
[2.085s] -- Up-to-date: /home/donggun/S13P21A501/Embedded/install/turtlebot3_manipulation_description/share/turtlebot3_manipulation_description/local_setup.bash
[2.085s] -- Up-to-date: /home/donggun/S13P21A501/Embedded/install/turtlebot3_manipulation_description/share/turtlebot3_manipulation_description/local_setup.sh
[2.085s] -- Up-to-date: /home/donggun/S13P21A501/Embedded/install/turtlebot3_manipulation_description/share/turtlebot3_manipulation_description/local_setup.zsh
[2.085s] -- Up-to-date: /home/donggun/S13P21A501/Embedded/install/turtlebot3_manipulation_description/share/turtlebot3_manipulation_description/local_setup.dsv
[2.085s] -- Up-to-date: /home/donggun/S13P21A501/Embedded/install/turtlebot3_manipulation_description/share/turtlebot3_manipulation_description/package.dsv
[2.085s] -- Up-to-date: /home/donggun/S13P21A501/Embedded/install/turtlebot3_manipulation_description/share/ament_index/resource_index/packages/turtlebot3_manipulation_description
[2.085s] -- Up-to-date: /home/donggun/S13P21A501/Embedded/install/turtlebot3_manipulation_description/share/turtlebot3_manipulation_description/cmake/turtlebot3_manipulation_descriptionConfig.cmake
[2.085s] -- Up-to-date: /home/donggun/S13P21A501/Embedded/install/turtlebot3_manipulation_description/share/turtlebot3_manipulation_description/cmake/turtlebot3_manipulation_descriptionConfig-version.cmake
[2.086s] -- Up-to-date: /home/donggun/S13P21A501/Embedded/install/turtlebot3_manipulation_description/share/turtlebot3_manipulation_description/package.xml
[2.212s] Invoked command in '/home/donggun/S13P21A501/Embedded/build/turtlebot3_manipulation_description' returned '0': CMAKE_PREFIX_PATH=/opt/ros/humble /usr/bin/cmake --install /home/donggun/S13P21A501/Embedded/build/turtlebot3_manipulation_description
