[0.015s] Invoking command in '/home/donggun/S13P21A501/Embedded/build/turtlebot3_manipulation_hardware': AMENT_PREFIX_PATH=/home/donggun/S13P21A501/Embedded/install/dynamixel_sdk:${AMENT_PREFIX_PATH} CMAKE_PREFIX_PATH=/home/donggun/S13P21A501/Embedded/install/dynamixel_sdk:/opt/ros/humble LD_LIBRARY_PATH=/home/donggun/S13P21A501/Embedded/install/dynamixel_sdk/lib:${LD_LIBRARY_PATH} PYTHONPATH=/home/donggun/S13P21A501/Embedded/install/dynamixel_sdk/local/lib/python3.10/dist-packages:${PYTHONPATH} /usr/bin/cmake /home/donggun/S13P21A501/Embedded/src/turtlebot3_manipulation/turtlebot3_manipulation_hardware -DCMAKE_INSTALL_PREFIX=/home/donggun/S13P21A501/Embedded/install/turtlebot3_manipulation_hardware
[0.105s] -- The C compiler identification is GNU 11.4.0
[0.220s] -- The CXX compiler identification is GNU 11.4.0
[0.237s] -- Detecting C compiler ABI info
[0.421s] -- Detecting C compiler ABI info - done
[0.452s] -- Check for working C compiler: /usr/bin/cc - skipped
[0.452s] -- Detecting C compile features
[0.453s] -- Detecting C compile features - done
[0.466s] -- Detecting CXX compiler ABI info
[0.716s] -- Detecting CXX compiler ABI info - done
[0.759s] -- Check for working CXX compiler: /usr/bin/c++ - skipped
[0.759s] -- Detecting CXX compile features
[0.760s] -- Detecting CXX compile features - done
[0.765s] -- Found ament_cmake: 1.3.12 (/opt/ros/humble/share/ament_cmake/cmake)
[2.849s] -- Found Python3: /usr/bin/python3 (found version "3.10.12") found components: Interpreter 
[3.099s] -- Found dynamixel_sdk: 3.8.4 (/home/donggun/S13P21A501/Embedded/install/dynamixel_sdk/share/dynamixel_sdk/cmake)
[3.109s] -- Found hardware_interface: 2.51.0 (/opt/ros/humble/share/hardware_interface/cmake)
[3.237s] -- Found rosidl_generator_c: 3.1.7 (/opt/ros/humble/share/rosidl_generator_c/cmake)
[3.248s] -- Found rosidl_adapter: 3.1.7 (/opt/ros/humble/share/rosidl_adapter/cmake)
[3.264s] -- Found rosidl_generator_cpp: 3.1.7 (/opt/ros/humble/share/rosidl_generator_cpp/cmake)
[3.290s] -- Using all available rosidl_typesupport_c: rosidl_typesupport_fastrtps_c;rosidl_typesupport_introspection_c
[3.322s] -- Using all available rosidl_typesupport_cpp: rosidl_typesupport_fastrtps_cpp;rosidl_typesupport_introspection_cpp
[3.899s] -- Found rmw_implementation_cmake: 6.1.2 (/opt/ros/humble/share/rmw_implementation_cmake/cmake)
[3.905s] -- Found rmw_fastrtps_cpp: 6.2.8 (/opt/ros/humble/share/rmw_fastrtps_cpp/cmake)
[3.956s] -- Found TinyXML2 via Config file: TinyXML2_DIR-NOTFOUND
[4.141s] -- Found OpenSSL: /usr/lib/x86_64-linux-gnu/libcrypto.so (found version "3.0.2")  
[4.150s] -- Found TinyXML2 via Config file: TinyXML2_DIR-NOTFOUND
[4.184s] -- Found FastRTPS: /opt/ros/humble/include  
[4.189s] -- Found TinyXML2 via Config file: TinyXML2_DIR-NOTFOUND
[4.219s] -- Found TinyXML2 via Config file: TinyXML2_DIR-NOTFOUND
[4.257s] -- Using RMW implementation 'rmw_fastrtps_cpp' as default
[4.290s] -- Looking for pthread.h
[4.529s] -- Looking for pthread.h - found
[4.529s] -- Performing Test CMAKE_HAVE_LIBC_PTHREAD
[4.778s] -- Performing Test CMAKE_HAVE_LIBC_PTHREAD - Success
[4.779s] -- Found Threads: TRUE  
[5.348s] -- Configuring done
[5.487s] -- Generating done
[5.502s] -- Build files have been written to: /home/donggun/S13P21A501/Embedded/build/turtlebot3_manipulation_hardware
[5.553s] Invoked command in '/home/donggun/S13P21A501/Embedded/build/turtlebot3_manipulation_hardware' returned '0': AMENT_PREFIX_PATH=/home/donggun/S13P21A501/Embedded/install/dynamixel_sdk:${AMENT_PREFIX_PATH} CMAKE_PREFIX_PATH=/home/donggun/S13P21A501/Embedded/install/dynamixel_sdk:/opt/ros/humble LD_LIBRARY_PATH=/home/donggun/S13P21A501/Embedded/install/dynamixel_sdk/lib:${LD_LIBRARY_PATH} PYTHONPATH=/home/donggun/S13P21A501/Embedded/install/dynamixel_sdk/local/lib/python3.10/dist-packages:${PYTHONPATH} /usr/bin/cmake /home/donggun/S13P21A501/Embedded/src/turtlebot3_manipulation/turtlebot3_manipulation_hardware -DCMAKE_INSTALL_PREFIX=/home/donggun/S13P21A501/Embedded/install/turtlebot3_manipulation_hardware
[5.554s] Invoking command in '/home/donggun/S13P21A501/Embedded/build/turtlebot3_manipulation_hardware': AMENT_PREFIX_PATH=/home/donggun/S13P21A501/Embedded/install/dynamixel_sdk:${AMENT_PREFIX_PATH} CMAKE_PREFIX_PATH=/home/donggun/S13P21A501/Embedded/install/dynamixel_sdk:/opt/ros/humble LD_LIBRARY_PATH=/home/donggun/S13P21A501/Embedded/install/dynamixel_sdk/lib:${LD_LIBRARY_PATH} PYTHONPATH=/home/donggun/S13P21A501/Embedded/install/dynamixel_sdk/local/lib/python3.10/dist-packages:${PYTHONPATH} /usr/bin/cmake --build /home/donggun/S13P21A501/Embedded/build/turtlebot3_manipulation_hardware -- -j16 -l16
[5.708s] [ 25%] [32mBuilding CXX object CMakeFiles/turtlebot3_manipulation_hardware.dir/src/dynamixel_sdk_wrapper.cpp.o[0m
[5.717s] [ 50%] [32mBuilding CXX object CMakeFiles/turtlebot3_manipulation_hardware.dir/src/opencr.cpp.o[0m
[5.730s] [ 75%] [32mBuilding CXX object CMakeFiles/turtlebot3_manipulation_hardware.dir/src/turtlebot3_manipulation_system.cpp.o[0m
[13.367s] [100%] [32m[1mLinking CXX shared library libturtlebot3_manipulation_hardware.so[0m
[13.684s] [100%] Built target turtlebot3_manipulation_hardware
[14.087s] Invoked command in '/home/donggun/S13P21A501/Embedded/build/turtlebot3_manipulation_hardware' returned '0': AMENT_PREFIX_PATH=/home/donggun/S13P21A501/Embedded/install/dynamixel_sdk:${AMENT_PREFIX_PATH} CMAKE_PREFIX_PATH=/home/donggun/S13P21A501/Embedded/install/dynamixel_sdk:/opt/ros/humble LD_LIBRARY_PATH=/home/donggun/S13P21A501/Embedded/install/dynamixel_sdk/lib:${LD_LIBRARY_PATH} PYTHONPATH=/home/donggun/S13P21A501/Embedded/install/dynamixel_sdk/local/lib/python3.10/dist-packages:${PYTHONPATH} /usr/bin/cmake --build /home/donggun/S13P21A501/Embedded/build/turtlebot3_manipulation_hardware -- -j16 -l16
[14.087s] Invoking command in '/home/donggun/S13P21A501/Embedded/build/turtlebot3_manipulation_hardware': AMENT_PREFIX_PATH=/home/donggun/S13P21A501/Embedded/install/dynamixel_sdk:${AMENT_PREFIX_PATH} CMAKE_PREFIX_PATH=/home/donggun/S13P21A501/Embedded/install/dynamixel_sdk:/opt/ros/humble LD_LIBRARY_PATH=/home/donggun/S13P21A501/Embedded/install/dynamixel_sdk/lib:${LD_LIBRARY_PATH} PYTHONPATH=/home/donggun/S13P21A501/Embedded/install/dynamixel_sdk/local/lib/python3.10/dist-packages:${PYTHONPATH} /usr/bin/cmake --install /home/donggun/S13P21A501/Embedded/build/turtlebot3_manipulation_hardware
[14.098s] -- Install configuration: ""
[14.098s] -- Installing: /home/donggun/S13P21A501/Embedded/install/turtlebot3_manipulation_hardware/share/turtlebot3_manipulation_hardware/turtlebot3_manipulation_hardware.xml
[14.100s] -- Installing: /home/donggun/S13P21A501/Embedded/install/turtlebot3_manipulation_hardware/include
[14.100s] -- Installing: /home/donggun/S13P21A501/Embedded/install/turtlebot3_manipulation_hardware/include/turtlebot3_manipulation_hardware
[14.100s] -- Installing: /home/donggun/S13P21A501/Embedded/install/turtlebot3_manipulation_hardware/include/turtlebot3_manipulation_hardware/turtlebot3_manipulation_system.hpp
[14.100s] -- Installing: /home/donggun/S13P21A501/Embedded/install/turtlebot3_manipulation_hardware/include/turtlebot3_manipulation_hardware/opencr_definitions.hpp
[14.100s] -- Installing: /home/donggun/S13P21A501/Embedded/install/turtlebot3_manipulation_hardware/include/turtlebot3_manipulation_hardware/opencr_control_table.hpp
[14.101s] -- Installing: /home/donggun/S13P21A501/Embedded/install/turtlebot3_manipulation_hardware/include/turtlebot3_manipulation_hardware/opencr.hpp
[14.101s] -- Installing: /home/donggun/S13P21A501/Embedded/install/turtlebot3_manipulation_hardware/include/turtlebot3_manipulation_hardware/visibility_control.h
[14.102s] -- Installing: /home/donggun/S13P21A501/Embedded/install/turtlebot3_manipulation_hardware/include/turtlebot3_manipulation_hardware/dynamixel_sdk_wrapper.hpp
[14.102s] -- Installing: /home/donggun/S13P21A501/Embedded/install/turtlebot3_manipulation_hardware/lib/libturtlebot3_manipulation_hardware.so
[14.104s] -- Set runtime path of "/home/donggun/S13P21A501/Embedded/install/turtlebot3_manipulation_hardware/lib/libturtlebot3_manipulation_hardware.so" to ""
[14.104s] -- Installing: /home/donggun/S13P21A501/Embedded/install/turtlebot3_manipulation_hardware/share/turtlebot3_manipulation_hardware/environment/library_path.sh
[14.105s] -- Installing: /home/donggun/S13P21A501/Embedded/install/turtlebot3_manipulation_hardware/share/turtlebot3_manipulation_hardware/environment/library_path.dsv
[14.105s] -- Installing: /home/donggun/S13P21A501/Embedded/install/turtlebot3_manipulation_hardware/share/ament_index/resource_index/package_run_dependencies/turtlebot3_manipulation_hardware
[14.106s] -- Installing: /home/donggun/S13P21A501/Embedded/install/turtlebot3_manipulation_hardware/share/ament_index/resource_index/parent_prefix_path/turtlebot3_manipulation_hardware
[14.106s] -- Installing: /home/donggun/S13P21A501/Embedded/install/turtlebot3_manipulation_hardware/share/turtlebot3_manipulation_hardware/environment/ament_prefix_path.sh
[14.107s] -- Installing: /home/donggun/S13P21A501/Embedded/install/turtlebot3_manipulation_hardware/share/turtlebot3_manipulation_hardware/environment/ament_prefix_path.dsv
[14.107s] -- Installing: /home/donggun/S13P21A501/Embedded/install/turtlebot3_manipulation_hardware/share/turtlebot3_manipulation_hardware/environment/path.sh
[14.108s] -- Installing: /home/donggun/S13P21A501/Embedded/install/turtlebot3_manipulation_hardware/share/turtlebot3_manipulation_hardware/environment/path.dsv
[14.108s] -- Installing: /home/donggun/S13P21A501/Embedded/install/turtlebot3_manipulation_hardware/share/turtlebot3_manipulation_hardware/local_setup.bash
[14.108s] -- Installing: /home/donggun/S13P21A501/Embedded/install/turtlebot3_manipulation_hardware/share/turtlebot3_manipulation_hardware/local_setup.sh
[14.109s] -- Installing: /home/donggun/S13P21A501/Embedded/install/turtlebot3_manipulation_hardware/share/turtlebot3_manipulation_hardware/local_setup.zsh
[14.109s] -- Installing: /home/donggun/S13P21A501/Embedded/install/turtlebot3_manipulation_hardware/share/turtlebot3_manipulation_hardware/local_setup.dsv
[14.110s] -- Installing: /home/donggun/S13P21A501/Embedded/install/turtlebot3_manipulation_hardware/share/turtlebot3_manipulation_hardware/package.dsv
[14.110s] -- Installing: /home/donggun/S13P21A501/Embedded/install/turtlebot3_manipulation_hardware/share/ament_index/resource_index/packages/turtlebot3_manipulation_hardware
[14.111s] -- Installing: /home/donggun/S13P21A501/Embedded/install/turtlebot3_manipulation_hardware/share/ament_index/resource_index/hardware_interface__pluginlib__plugin/turtlebot3_manipulation_hardware
[14.112s] -- Installing: /home/donggun/S13P21A501/Embedded/install/turtlebot3_manipulation_hardware/share/turtlebot3_manipulation_hardware/cmake/ament_cmake_export_include_directories-extras.cmake
[14.112s] -- Installing: /home/donggun/S13P21A501/Embedded/install/turtlebot3_manipulation_hardware/share/turtlebot3_manipulation_hardware/cmake/ament_cmake_export_libraries-extras.cmake
[14.113s] -- Installing: /home/donggun/S13P21A501/Embedded/install/turtlebot3_manipulation_hardware/share/turtlebot3_manipulation_hardware/cmake/ament_cmake_export_dependencies-extras.cmake
[14.113s] -- Installing: /home/donggun/S13P21A501/Embedded/install/turtlebot3_manipulation_hardware/share/turtlebot3_manipulation_hardware/cmake/turtlebot3_manipulation_hardwareConfig.cmake
[14.113s] -- Installing: /home/donggun/S13P21A501/Embedded/install/turtlebot3_manipulation_hardware/share/turtlebot3_manipulation_hardware/cmake/turtlebot3_manipulation_hardwareConfig-version.cmake
[14.114s] -- Installing: /home/donggun/S13P21A501/Embedded/install/turtlebot3_manipulation_hardware/share/turtlebot3_manipulation_hardware/package.xml
[14.118s] Invoked command in '/home/donggun/S13P21A501/Embedded/build/turtlebot3_manipulation_hardware' returned '0': AMENT_PREFIX_PATH=/home/donggun/S13P21A501/Embedded/install/dynamixel_sdk:${AMENT_PREFIX_PATH} CMAKE_PREFIX_PATH=/home/donggun/S13P21A501/Embedded/install/dynamixel_sdk:/opt/ros/humble LD_LIBRARY_PATH=/home/donggun/S13P21A501/Embedded/install/dynamixel_sdk/lib:${LD_LIBRARY_PATH} PYTHONPATH=/home/donggun/S13P21A501/Embedded/install/dynamixel_sdk/local/lib/python3.10/dist-packages:${PYTHONPATH} /usr/bin/cmake --install /home/donggun/S13P21A501/Embedded/build/turtlebot3_manipulation_hardware
