[0.061s] Invoking command in '/home/donggun/S13P21A501/Embedded/build/dynamixel_sdk': CMAKE_PREFIX_PATH=/opt/ros/humble /usr/bin/cmake /home/donggun/S13P21A501/Embedded/src/DynamixelSDK/ros/dynamixel_sdk -DCMAKE_INSTALL_PREFIX=/home/donggun/S13P21A501/Embedded/install/dynamixel_sdk
[2.680s] -- The C compiler identification is GNU 11.4.0
[2.681s] -- The CXX compiler identification is GNU 11.4.0
[2.682s] -- Detecting C compiler ABI info
[2.682s] -- Detecting C compiler ABI info - done
[2.682s] -- Check for working C compiler: /usr/bin/cc - skipped
[2.682s] -- Detecting C compile features
[2.682s] -- Detecting C compile features - done
[2.682s] -- Detecting CXX compiler ABI info
[2.683s] -- Detecting CXX compiler ABI info - done
[2.684s] -- Check for working CXX compiler: /usr/bin/c++ - skipped
[2.684s] -- Detecting CXX compile features
[2.684s] -- Detecting CXX compile features - done
[2.684s] -- Found ament_cmake: 1.3.12 (/opt/ros/humble/share/ament_cmake/cmake)
[2.684s] -- Found Python3: /usr/bin/python3 (found version "3.10.12") found components: Interpreter 
[2.685s] -- Configuring done
[2.685s] -- Generating done
[2.685s] -- Build files have been written to: /home/donggun/S13P21A501/Embedded/build/dynamixel_sdk
[2.728s] Invoked command in '/home/donggun/S13P21A501/Embedded/build/dynamixel_sdk' returned '0': CMAKE_PREFIX_PATH=/opt/ros/humble /usr/bin/cmake /home/donggun/S13P21A501/Embedded/src/DynamixelSDK/ros/dynamixel_sdk -DCMAKE_INSTALL_PREFIX=/home/donggun/S13P21A501/Embedded/install/dynamixel_sdk
[2.729s] Invoking command in '/home/donggun/S13P21A501/Embedded/build/dynamixel_sdk': CMAKE_PREFIX_PATH=/opt/ros/humble /usr/bin/cmake --build /home/donggun/S13P21A501/Embedded/build/dynamixel_sdk -- -j16 -l16
[2.800s] [  7%] [32mBuilding CXX object CMakeFiles/dynamixel_sdk.dir/src/dynamixel_sdk/packet_handler.cpp.o[0m
[2.800s] [ 15%] [32mBuilding CXX object CMakeFiles/dynamixel_sdk.dir/src/dynamixel_sdk/protocol2_packet_handler.cpp.o[0m
[2.800s] [ 23%] [32mBuilding CXX object CMakeFiles/dynamixel_sdk.dir/src/dynamixel_sdk/group_sync_read.cpp.o[0m
[2.800s] [ 30%] [32mBuilding CXX object CMakeFiles/dynamixel_sdk.dir/src/dynamixel_sdk/group_sync_write.cpp.o[0m
[2.807s] [ 38%] [32mBuilding CXX object CMakeFiles/dynamixel_sdk.dir/src/dynamixel_sdk/group_fast_bulk_read.cpp.o[0m
[2.807s] [ 53%] [32mBuilding CXX object CMakeFiles/dynamixel_sdk.dir/src/dynamixel_sdk/group_bulk_write.cpp.o[0m
[2.807s] [ 46%] [32mBuilding CXX object CMakeFiles/dynamixel_sdk.dir/src/dynamixel_sdk/group_bulk_read.cpp.o[0m
[2.807s] [ 61%] [32mBuilding CXX object CMakeFiles/dynamixel_sdk.dir/src/dynamixel_sdk/group_handler.cpp.o[0m
[2.808s] [ 69%] [32mBuilding CXX object CMakeFiles/dynamixel_sdk.dir/src/dynamixel_sdk/protocol1_packet_handler.cpp.o[0m
[2.808s] [ 76%] [32mBuilding CXX object CMakeFiles/dynamixel_sdk.dir/src/dynamixel_sdk/group_fast_sync_read.cpp.o[0m
[2.811s] [ 84%] [32mBuilding CXX object CMakeFiles/dynamixel_sdk.dir/src/dynamixel_sdk/port_handler.cpp.o[0m
[2.811s] [ 84%] Built target ament_cmake_python_copy_dynamixel_sdk
[2.844s] [ 92%] [32mBuilding CXX object CMakeFiles/dynamixel_sdk.dir/src/dynamixel_sdk/port_handler_linux.cpp.o[0m
[3.653s] running egg_info
[3.654s] creating dynamixel_sdk.egg-info
[3.709s] writing dynamixel_sdk.egg-info/PKG-INFO
[3.709s] writing dependency_links to dynamixel_sdk.egg-info/dependency_links.txt
[3.709s] writing top-level names to dynamixel_sdk.egg-info/top_level.txt
[3.709s] writing manifest file 'dynamixel_sdk.egg-info/SOURCES.txt'
[3.754s] [100%] [32m[1mLinking CXX shared library libdynamixel_sdk.so[0m
[3.817s] reading manifest file 'dynamixel_sdk.egg-info/SOURCES.txt'
[3.818s] writing manifest file 'dynamixel_sdk.egg-info/SOURCES.txt'
[3.884s] [100%] Built target ament_cmake_python_build_dynamixel_sdk_egg
[3.907s] [100%] Built target dynamixel_sdk
[3.929s] Invoked command in '/home/donggun/S13P21A501/Embedded/build/dynamixel_sdk' returned '0': CMAKE_PREFIX_PATH=/opt/ros/humble /usr/bin/cmake --build /home/donggun/S13P21A501/Embedded/build/dynamixel_sdk -- -j16 -l16
[3.933s] Invoking command in '/home/donggun/S13P21A501/Embedded/build/dynamixel_sdk': CMAKE_PREFIX_PATH=/opt/ros/humble /usr/bin/cmake --install /home/donggun/S13P21A501/Embedded/build/dynamixel_sdk
[3.941s] -- Install configuration: ""
[3.941s] -- Installing: /home/donggun/S13P21A501/Embedded/install/dynamixel_sdk/include/
[3.941s] -- Installing: /home/donggun/S13P21A501/Embedded/install/dynamixel_sdk/include//dynamixel_sdk
[3.941s] -- Installing: /home/donggun/S13P21A501/Embedded/install/dynamixel_sdk/include//dynamixel_sdk/packet_handler.h
[3.942s] -- Installing: /home/donggun/S13P21A501/Embedded/install/dynamixel_sdk/include//dynamixel_sdk/group_fast_bulk_read.h
[3.942s] -- Installing: /home/donggun/S13P21A501/Embedded/install/dynamixel_sdk/include//dynamixel_sdk/group_sync_write.h
[3.942s] -- Installing: /home/donggun/S13P21A501/Embedded/install/dynamixel_sdk/include//dynamixel_sdk/port_handler_windows.h
[3.942s] -- Installing: /home/donggun/S13P21A501/Embedded/install/dynamixel_sdk/include//dynamixel_sdk/group_sync_read.h
[3.942s] -- Installing: /home/donggun/S13P21A501/Embedded/install/dynamixel_sdk/include//dynamixel_sdk/port_handler_arduino.h
[3.943s] -- Installing: /home/donggun/S13P21A501/Embedded/install/dynamixel_sdk/include//dynamixel_sdk/port_handler_linux.h
[3.943s] -- Installing: /home/donggun/S13P21A501/Embedded/install/dynamixel_sdk/include//dynamixel_sdk/port_handler.h
[3.943s] -- Installing: /home/donggun/S13P21A501/Embedded/install/dynamixel_sdk/include//dynamixel_sdk/group_handler.h
[3.943s] -- Installing: /home/donggun/S13P21A501/Embedded/install/dynamixel_sdk/include//dynamixel_sdk/group_bulk_read.h
[3.943s] -- Installing: /home/donggun/S13P21A501/Embedded/install/dynamixel_sdk/include//dynamixel_sdk/dynamixel_sdk.h
[3.943s] -- Installing: /home/donggun/S13P21A501/Embedded/install/dynamixel_sdk/include//dynamixel_sdk/protocol1_packet_handler.h
[3.943s] -- Installing: /home/donggun/S13P21A501/Embedded/install/dynamixel_sdk/include//dynamixel_sdk/group_fast_sync_read.h
[3.944s] -- Installing: /home/donggun/S13P21A501/Embedded/install/dynamixel_sdk/include//dynamixel_sdk/protocol2_packet_handler.h
[3.944s] -- Installing: /home/donggun/S13P21A501/Embedded/install/dynamixel_sdk/include//dynamixel_sdk/port_handler_mac.h
[3.944s] -- Installing: /home/donggun/S13P21A501/Embedded/install/dynamixel_sdk/include//dynamixel_sdk/group_bulk_write.h
[3.944s] -- Installing: /home/donggun/S13P21A501/Embedded/install/dynamixel_sdk/lib/libdynamixel_sdk.so
[3.945s] -- Installing: /home/donggun/S13P21A501/Embedded/install/dynamixel_sdk/share/dynamixel_sdk/environment/pythonpath.sh
[3.945s] -- Installing: /home/donggun/S13P21A501/Embedded/install/dynamixel_sdk/share/dynamixel_sdk/environment/pythonpath.dsv
[3.945s] -- Installing: /home/donggun/S13P21A501/Embedded/install/dynamixel_sdk/local/lib/python3.10/dist-packages/dynamixel_sdk-3.8.4-py3.10.egg-info
[3.946s] -- Installing: /home/donggun/S13P21A501/Embedded/install/dynamixel_sdk/local/lib/python3.10/dist-packages/dynamixel_sdk-3.8.4-py3.10.egg-info/top_level.txt
[3.946s] -- Installing: /home/donggun/S13P21A501/Embedded/install/dynamixel_sdk/local/lib/python3.10/dist-packages/dynamixel_sdk-3.8.4-py3.10.egg-info/dependency_links.txt
[3.947s] -- Installing: /home/donggun/S13P21A501/Embedded/install/dynamixel_sdk/local/lib/python3.10/dist-packages/dynamixel_sdk-3.8.4-py3.10.egg-info/PKG-INFO
[3.947s] -- Installing: /home/donggun/S13P21A501/Embedded/install/dynamixel_sdk/local/lib/python3.10/dist-packages/dynamixel_sdk-3.8.4-py3.10.egg-info/SOURCES.txt
[3.947s] -- Installing: /home/donggun/S13P21A501/Embedded/install/dynamixel_sdk/local/lib/python3.10/dist-packages/dynamixel_sdk
[3.947s] -- Installing: /home/donggun/S13P21A501/Embedded/install/dynamixel_sdk/local/lib/python3.10/dist-packages/dynamixel_sdk/group_sync_write.cpp
[3.947s] -- Installing: /home/donggun/S13P21A501/Embedded/install/dynamixel_sdk/local/lib/python3.10/dist-packages/dynamixel_sdk/robotis_def.py
[3.947s] -- Installing: /home/donggun/S13P21A501/Embedded/install/dynamixel_sdk/local/lib/python3.10/dist-packages/dynamixel_sdk/port_handler.cpp
[3.947s] -- Installing: /home/donggun/S13P21A501/Embedded/install/dynamixel_sdk/local/lib/python3.10/dist-packages/dynamixel_sdk/group_bulk_read.cpp
[3.948s] -- Installing: /home/donggun/S13P21A501/Embedded/install/dynamixel_sdk/local/lib/python3.10/dist-packages/dynamixel_sdk/protocol1_packet_handler.cpp
[3.948s] -- Installing: /home/donggun/S13P21A501/Embedded/install/dynamixel_sdk/local/lib/python3.10/dist-packages/dynamixel_sdk/packet_handler.py
[3.948s] -- Installing: /home/donggun/S13P21A501/Embedded/install/dynamixel_sdk/local/lib/python3.10/dist-packages/dynamixel_sdk/port_handler_linux.cpp
[3.948s] -- Installing: /home/donggun/S13P21A501/Embedded/install/dynamixel_sdk/local/lib/python3.10/dist-packages/dynamixel_sdk/group_bulk_read.py
[3.948s] -- Installing: /home/donggun/S13P21A501/Embedded/install/dynamixel_sdk/local/lib/python3.10/dist-packages/dynamixel_sdk/__init__.py
[3.949s] -- Installing: /home/donggun/S13P21A501/Embedded/install/dynamixel_sdk/local/lib/python3.10/dist-packages/dynamixel_sdk/group_handler.cpp
[3.949s] -- Installing: /home/donggun/S13P21A501/Embedded/install/dynamixel_sdk/local/lib/python3.10/dist-packages/dynamixel_sdk/group_bulk_write.cpp
[3.949s] -- Installing: /home/donggun/S13P21A501/Embedded/install/dynamixel_sdk/local/lib/python3.10/dist-packages/dynamixel_sdk/protocol2_packet_handler.cpp
[3.949s] -- Installing: /home/donggun/S13P21A501/Embedded/install/dynamixel_sdk/local/lib/python3.10/dist-packages/dynamixel_sdk/port_handler_windows.cpp
[3.949s] -- Installing: /home/donggun/S13P21A501/Embedded/install/dynamixel_sdk/local/lib/python3.10/dist-packages/dynamixel_sdk/port_handler_mac.cpp
[3.950s] -- Installing: /home/donggun/S13P21A501/Embedded/install/dynamixel_sdk/local/lib/python3.10/dist-packages/dynamixel_sdk/port_handler_arduino.cpp
[3.950s] -- Installing: /home/donggun/S13P21A501/Embedded/install/dynamixel_sdk/local/lib/python3.10/dist-packages/dynamixel_sdk/group_fast_sync_read.cpp
[3.950s] -- Installing: /home/donggun/S13P21A501/Embedded/install/dynamixel_sdk/local/lib/python3.10/dist-packages/dynamixel_sdk/group_bulk_write.py
[3.950s] -- Installing: /home/donggun/S13P21A501/Embedded/install/dynamixel_sdk/local/lib/python3.10/dist-packages/dynamixel_sdk/packet_handler.cpp
[3.950s] -- Installing: /home/donggun/S13P21A501/Embedded/install/dynamixel_sdk/local/lib/python3.10/dist-packages/dynamixel_sdk/port_handler.py
[3.950s] -- Installing: /home/donggun/S13P21A501/Embedded/install/dynamixel_sdk/local/lib/python3.10/dist-packages/dynamixel_sdk/group_fast_bulk_read.cpp
[3.950s] -- Installing: /home/donggun/S13P21A501/Embedded/install/dynamixel_sdk/local/lib/python3.10/dist-packages/dynamixel_sdk/group_sync_read.py
[3.950s] -- Installing: /home/donggun/S13P21A501/Embedded/install/dynamixel_sdk/local/lib/python3.10/dist-packages/dynamixel_sdk/group_sync_write.py
[3.951s] -- Installing: /home/donggun/S13P21A501/Embedded/install/dynamixel_sdk/local/lib/python3.10/dist-packages/dynamixel_sdk/group_sync_read.cpp
[3.951s] -- Installing: /home/donggun/S13P21A501/Embedded/install/dynamixel_sdk/local/lib/python3.10/dist-packages/dynamixel_sdk/protocol2_packet_handler.py
[3.952s] -- Installing: /home/donggun/S13P21A501/Embedded/install/dynamixel_sdk/local/lib/python3.10/dist-packages/dynamixel_sdk/protocol1_packet_handler.py
[4.034s] Listing '/home/donggun/S13P21A501/Embedded/install/dynamixel_sdk/local/lib/python3.10/dist-packages/dynamixel_sdk'...
[4.034s] Compiling '/home/donggun/S13P21A501/Embedded/install/dynamixel_sdk/local/lib/python3.10/dist-packages/dynamixel_sdk/__init__.py'...
[4.034s] Compiling '/home/donggun/S13P21A501/Embedded/install/dynamixel_sdk/local/lib/python3.10/dist-packages/dynamixel_sdk/group_bulk_read.py'...
[4.035s] Compiling '/home/donggun/S13P21A501/Embedded/install/dynamixel_sdk/local/lib/python3.10/dist-packages/dynamixel_sdk/group_bulk_write.py'...
[4.035s] Compiling '/home/donggun/S13P21A501/Embedded/install/dynamixel_sdk/local/lib/python3.10/dist-packages/dynamixel_sdk/group_sync_read.py'...
[4.035s] Compiling '/home/donggun/S13P21A501/Embedded/install/dynamixel_sdk/local/lib/python3.10/dist-packages/dynamixel_sdk/group_sync_write.py'...
[4.035s] Compiling '/home/donggun/S13P21A501/Embedded/install/dynamixel_sdk/local/lib/python3.10/dist-packages/dynamixel_sdk/packet_handler.py'...
[4.035s] Compiling '/home/donggun/S13P21A501/Embedded/install/dynamixel_sdk/local/lib/python3.10/dist-packages/dynamixel_sdk/port_handler.py'...
[4.035s] Compiling '/home/donggun/S13P21A501/Embedded/install/dynamixel_sdk/local/lib/python3.10/dist-packages/dynamixel_sdk/protocol1_packet_handler.py'...
[4.035s] Compiling '/home/donggun/S13P21A501/Embedded/install/dynamixel_sdk/local/lib/python3.10/dist-packages/dynamixel_sdk/protocol2_packet_handler.py'...
[4.035s] Compiling '/home/donggun/S13P21A501/Embedded/install/dynamixel_sdk/local/lib/python3.10/dist-packages/dynamixel_sdk/robotis_def.py'...
[4.043s] -- Installing: /home/donggun/S13P21A501/Embedded/install/dynamixel_sdk/share/dynamixel_sdk/environment/library_path.sh
[4.043s] -- Installing: /home/donggun/S13P21A501/Embedded/install/dynamixel_sdk/share/dynamixel_sdk/environment/library_path.dsv
[4.044s] -- Installing: /home/donggun/S13P21A501/Embedded/install/dynamixel_sdk/share/ament_index/resource_index/package_run_dependencies/dynamixel_sdk
[4.047s] -- Installing: /home/donggun/S13P21A501/Embedded/install/dynamixel_sdk/share/ament_index/resource_index/parent_prefix_path/dynamixel_sdk
[4.048s] -- Installing: /home/donggun/S13P21A501/Embedded/install/dynamixel_sdk/share/dynamixel_sdk/environment/ament_prefix_path.sh
[4.048s] -- Installing: /home/donggun/S13P21A501/Embedded/install/dynamixel_sdk/share/dynamixel_sdk/environment/ament_prefix_path.dsv
[4.049s] -- Installing: /home/donggun/S13P21A501/Embedded/install/dynamixel_sdk/share/dynamixel_sdk/environment/path.sh
[4.049s] -- Installing: /home/donggun/S13P21A501/Embedded/install/dynamixel_sdk/share/dynamixel_sdk/environment/path.dsv
[4.049s] -- Installing: /home/donggun/S13P21A501/Embedded/install/dynamixel_sdk/share/dynamixel_sdk/local_setup.bash
[4.049s] -- Installing: /home/donggun/S13P21A501/Embedded/install/dynamixel_sdk/share/dynamixel_sdk/local_setup.sh
[4.049s] -- Installing: /home/donggun/S13P21A501/Embedded/install/dynamixel_sdk/share/dynamixel_sdk/local_setup.zsh
[4.049s] -- Installing: /home/donggun/S13P21A501/Embedded/install/dynamixel_sdk/share/dynamixel_sdk/local_setup.dsv
[4.052s] -- Installing: /home/donggun/S13P21A501/Embedded/install/dynamixel_sdk/share/dynamixel_sdk/package.dsv
[4.052s] -- Installing: /home/donggun/S13P21A501/Embedded/install/dynamixel_sdk/share/ament_index/resource_index/packages/dynamixel_sdk
[4.052s] -- Installing: /home/donggun/S13P21A501/Embedded/install/dynamixel_sdk/share/dynamixel_sdk/cmake/dynamixel_sdkExport.cmake
[4.052s] -- Installing: /home/donggun/S13P21A501/Embedded/install/dynamixel_sdk/share/dynamixel_sdk/cmake/dynamixel_sdkExport-noconfig.cmake
[4.053s] -- Installing: /home/donggun/S13P21A501/Embedded/install/dynamixel_sdk/share/dynamixel_sdk/cmake/ament_cmake_export_targets-extras.cmake
[4.053s] -- Installing: /home/donggun/S13P21A501/Embedded/install/dynamixel_sdk/share/dynamixel_sdk/cmake/ament_cmake_export_include_directories-extras.cmake
[4.053s] -- Installing: /home/donggun/S13P21A501/Embedded/install/dynamixel_sdk/share/dynamixel_sdk/cmake/ament_cmake_export_libraries-extras.cmake
[4.053s] -- Installing: /home/donggun/S13P21A501/Embedded/install/dynamixel_sdk/share/dynamixel_sdk/cmake/dynamixel_sdkConfig.cmake
[4.053s] -- Installing: /home/donggun/S13P21A501/Embedded/install/dynamixel_sdk/share/dynamixel_sdk/cmake/dynamixel_sdkConfig-version.cmake
[4.053s] -- Installing: /home/donggun/S13P21A501/Embedded/install/dynamixel_sdk/share/dynamixel_sdk/package.xml
[4.056s] Invoked command in '/home/donggun/S13P21A501/Embedded/build/dynamixel_sdk' returned '0': CMAKE_PREFIX_PATH=/opt/ros/humble /usr/bin/cmake --install /home/donggun/S13P21A501/Embedded/build/dynamixel_sdk
