[0.638s] Invoking command in '/home/donggun/S13P21A501/Embedded/src/robot_web_interface': PYTHONPATH=/home/donggun/S13P21A501/Embedded/src/build/robot_web_interface/prefix_override:/usr/lib/python3/dist-packages/colcon_core/task/python/colcon_distutils_commands:/home/donggun/S13P21A501/Embedded/src/install/robot_web_interface/lib/python3.10/site-packages: VIRTUAL_ENV_PROMPT=(.venv) /usr/bin/python3 -W ignore:setup.py install is deprecated -W ignore:easy_install command is deprecated setup.py egg_info --egg-base ../build/robot_web_interface build --build-base /home/donggun/S13P21A501/Embedded/src/build/robot_web_interface/build install --record /home/donggun/S13P21A501/Embedded/src/build/robot_web_interface/install.log --single-version-externally-managed install_data
[0.850s] running egg_info
[0.850s] creating ../build/robot_web_interface/robot_web_interface.egg-info
[0.857s] writing ../build/robot_web_interface/robot_web_interface.egg-info/PKG-INFO
[0.857s] writing dependency_links to ../build/robot_web_interface/robot_web_interface.egg-info/dependency_links.txt
[0.857s] writing entry points to ../build/robot_web_interface/robot_web_interface.egg-info/entry_points.txt
[0.857s] writing requirements to ../build/robot_web_interface/robot_web_interface.egg-info/requires.txt
[0.857s] writing top-level names to ../build/robot_web_interface/robot_web_interface.egg-info/top_level.txt
[0.857s] writing manifest file '../build/robot_web_interface/robot_web_interface.egg-info/SOURCES.txt'
[0.871s] reading manifest file '../build/robot_web_interface/robot_web_interface.egg-info/SOURCES.txt'
[0.871s] writing manifest file '../build/robot_web_interface/robot_web_interface.egg-info/SOURCES.txt'
[0.871s] running build
[0.872s] running build_py
[0.872s] creating /home/donggun/S13P21A501/Embedded/src/build/robot_web_interface/build
[0.872s] creating /home/donggun/S13P21A501/Embedded/src/build/robot_web_interface/build/lib
[0.872s] creating /home/donggun/S13P21A501/Embedded/src/build/robot_web_interface/build/lib/robot_web_interface
[0.872s] copying robot_web_interface/robot_status_client.py -> /home/donggun/S13P21A501/Embedded/src/build/robot_web_interface/build/lib/robot_web_interface
[0.872s] copying robot_web_interface/__init__.py -> /home/donggun/S13P21A501/Embedded/src/build/robot_web_interface/build/lib/robot_web_interface
[0.872s] copying robot_web_interface/robot_status_monitor.py -> /home/donggun/S13P21A501/Embedded/src/build/robot_web_interface/build/lib/robot_web_interface
[0.872s] running install
[0.876s] running install_lib
[0.883s] creating /home/donggun/S13P21A501/Embedded/src/install/robot_web_interface/lib/python3.10/site-packages/robot_web_interface
[0.883s] copying /home/donggun/S13P21A501/Embedded/src/build/robot_web_interface/build/lib/robot_web_interface/robot_status_client.py -> /home/donggun/S13P21A501/Embedded/src/install/robot_web_interface/lib/python3.10/site-packages/robot_web_interface
[0.883s] copying /home/donggun/S13P21A501/Embedded/src/build/robot_web_interface/build/lib/robot_web_interface/__init__.py -> /home/donggun/S13P21A501/Embedded/src/install/robot_web_interface/lib/python3.10/site-packages/robot_web_interface
[0.883s] copying /home/donggun/S13P21A501/Embedded/src/build/robot_web_interface/build/lib/robot_web_interface/robot_status_monitor.py -> /home/donggun/S13P21A501/Embedded/src/install/robot_web_interface/lib/python3.10/site-packages/robot_web_interface
[0.883s] byte-compiling /home/donggun/S13P21A501/Embedded/src/install/robot_web_interface/lib/python3.10/site-packages/robot_web_interface/robot_status_client.py to robot_status_client.cpython-310.pyc
[0.884s] byte-compiling /home/donggun/S13P21A501/Embedded/src/install/robot_web_interface/lib/python3.10/site-packages/robot_web_interface/__init__.py to __init__.cpython-310.pyc
[0.884s] byte-compiling /home/donggun/S13P21A501/Embedded/src/install/robot_web_interface/lib/python3.10/site-packages/robot_web_interface/robot_status_monitor.py to robot_status_monitor.cpython-310.pyc
[0.884s] running install_data
[0.884s] creating /home/donggun/S13P21A501/Embedded/src/install/robot_web_interface/share/ament_index
[0.884s] creating /home/donggun/S13P21A501/Embedded/src/install/robot_web_interface/share/ament_index/resource_index
[0.884s] creating /home/donggun/S13P21A501/Embedded/src/install/robot_web_interface/share/ament_index/resource_index/packages
[0.884s] copying resource/robot_web_interface -> /home/donggun/S13P21A501/Embedded/src/install/robot_web_interface/share/ament_index/resource_index/packages
[0.885s] copying package.xml -> /home/donggun/S13P21A501/Embedded/src/install/robot_web_interface/share/robot_web_interface
[0.885s] running install_egg_info
[0.893s] Copying ../build/robot_web_interface/robot_web_interface.egg-info to /home/donggun/S13P21A501/Embedded/src/install/robot_web_interface/lib/python3.10/site-packages/robot_web_interface-0.0.0-py3.10.egg-info
[0.893s] running install_scripts
[0.935s] Installing robot_status_client script to /home/donggun/S13P21A501/Embedded/src/install/robot_web_interface/lib/robot_web_interface
[0.935s] Installing robot_status_monitor script to /home/donggun/S13P21A501/Embedded/src/install/robot_web_interface/lib/robot_web_interface
[0.935s] writing list of installed files to '/home/donggun/S13P21A501/Embedded/src/build/robot_web_interface/install.log'
[0.958s] Invoked command in '/home/donggun/S13P21A501/Embedded/src/robot_web_interface' returned '0': PYTHONPATH=/home/donggun/S13P21A501/Embedded/src/build/robot_web_interface/prefix_override:/usr/lib/python3/dist-packages/colcon_core/task/python/colcon_distutils_commands:/home/donggun/S13P21A501/Embedded/src/install/robot_web_interface/lib/python3.10/site-packages: VIRTUAL_ENV_PROMPT=(.venv) /usr/bin/python3 -W ignore:setup.py install is deprecated -W ignore:easy_install command is deprecated setup.py egg_info --egg-base ../build/robot_web_interface build --build-base /home/donggun/S13P21A501/Embedded/src/build/robot_web_interface/build install --record /home/donggun/S13P21A501/Embedded/src/build/robot_web_interface/install.log --single-version-externally-managed install_data
