[2.283s] Invoking command in '/home/hb/Git/Embedded/src/turtlebot3/turtlebot3_teleop': PYTHONPATH=/home/hb/Git/Embedded/build/turtlebot3_teleop/prefix_override:/usr/lib/python3/dist-packages/colcon_core/task/python/colcon_distutils_commands:/home/hb/Git/Embedded/install/turtlebot3_teleop/lib/python3.10/site-packages:${PYTHONPATH} /usr/bin/python3 -W ignore:setup.py install is deprecated -W ignore:easy_install command is deprecated setup.py egg_info --egg-base ../../../build/turtlebot3_teleop build --build-base /home/hb/Git/Embedded/build/turtlebot3_teleop/build install --record /home/hb/Git/Embedded/build/turtlebot3_teleop/install.log --single-version-externally-managed install_data
[2.721s] running egg_info
[2.722s] writing ../../../build/turtlebot3_teleop/turtlebot3_teleop.egg-info/PKG-INFO
[2.722s] writing dependency_links to ../../../build/turtlebot3_teleop/turtlebot3_teleop.egg-info/dependency_links.txt
[2.722s] writing entry points to ../../../build/turtlebot3_teleop/turtlebot3_teleop.egg-info/entry_points.txt
[2.722s] writing requirements to ../../../build/turtlebot3_teleop/turtlebot3_teleop.egg-info/requires.txt
[2.722s] writing top-level names to ../../../build/turtlebot3_teleop/turtlebot3_teleop.egg-info/top_level.txt
[2.725s] reading manifest file '../../../build/turtlebot3_teleop/turtlebot3_teleop.egg-info/SOURCES.txt'
[2.725s] writing manifest file '../../../build/turtlebot3_teleop/turtlebot3_teleop.egg-info/SOURCES.txt'
[2.726s] running build
[2.726s] running build_py
[2.726s] running install
[2.726s] running install_lib
[2.728s] running install_data
[2.728s] running install_egg_info
[2.730s] removing '/home/hb/Git/Embedded/install/turtlebot3_teleop/lib/python3.10/site-packages/turtlebot3_teleop-2.3.3-py3.10.egg-info' (and everything under it)
[2.731s] Copying ../../../build/turtlebot3_teleop/turtlebot3_teleop.egg-info to /home/hb/Git/Embedded/install/turtlebot3_teleop/lib/python3.10/site-packages/turtlebot3_teleop-2.3.3-py3.10.egg-info
[2.731s] running install_scripts
[2.760s] Installing teleop_keyboard script to /home/hb/Git/Embedded/install/turtlebot3_teleop/lib/turtlebot3_teleop
[2.761s] writing list of installed files to '/home/hb/Git/Embedded/build/turtlebot3_teleop/install.log'
[3.216s] Invoked command in '/home/hb/Git/Embedded/src/turtlebot3/turtlebot3_teleop' returned '0': PYTHONPATH=/home/hb/Git/Embedded/build/turtlebot3_teleop/prefix_override:/usr/lib/python3/dist-packages/colcon_core/task/python/colcon_distutils_commands:/home/hb/Git/Embedded/install/turtlebot3_teleop/lib/python3.10/site-packages:${PYTHONPATH} /usr/bin/python3 -W ignore:setup.py install is deprecated -W ignore:easy_install command is deprecated setup.py egg_info --egg-base ../../../build/turtlebot3_teleop build --build-base /home/hb/Git/Embedded/build/turtlebot3_teleop/build install --record /home/hb/Git/Embedded/build/turtlebot3_teleop/install.log --single-version-externally-managed install_data
