[0.036s] Invoking command in '/home/donggun/S13P21A501/Embedded/build/turtlebot3_node': AMENT_PREFIX_PATH=/home/donggun/S13P21A501/Embedded/install/turtlebot3_msgs:/home/donggun/S13P21A501/Embedded/install/dynamixel_sdk:${AMENT_PREFIX_PATH} CMAKE_PREFIX_PATH=/home/donggun/S13P21A501/Embedded/install/turtlebot3_msgs:/home/donggun/S13P21A501/Embedded/install/dynamixel_sdk:/opt/ros/humble LD_LIBRARY_PATH=/home/donggun/S13P21A501/Embedded/install/turtlebot3_msgs/lib:/home/donggun/S13P21A501/Embedded/install/dynamixel_sdk/lib:${LD_LIBRARY_PATH} PYTHONPATH=/home/donggun/S13P21A501/Embedded/install/turtlebot3_msgs/local/lib/python3.10/dist-packages:/home/donggun/S13P21A501/Embedded/install/dynamixel_sdk/local/lib/python3.10/dist-packages:${PYTHONPATH} /usr/bin/cmake --build /home/donggun/S13P21A501/Embedded/build/turtlebot3_node -- -j16 -l16
[0.588s] [35m[1mConsolidate compiler generated dependencies of target turtlebot3_node_lib[0m
[0.588s] [ 85%] Built target turtlebot3_node_lib
[0.588s] [35m[1mConsolidate compiler generated dependencies of target turtlebot3_ros[0m
[0.588s] [100%] Built target turtlebot3_ros
[0.615s] Invoked command in '/home/donggun/S13P21A501/Embedded/build/turtlebot3_node' returned '0': AMENT_PREFIX_PATH=/home/donggun/S13P21A501/Embedded/install/turtlebot3_msgs:/home/donggun/S13P21A501/Embedded/install/dynamixel_sdk:${AMENT_PREFIX_PATH} CMAKE_PREFIX_PATH=/home/donggun/S13P21A501/Embedded/install/turtlebot3_msgs:/home/donggun/S13P21A501/Embedded/install/dynamixel_sdk:/opt/ros/humble LD_LIBRARY_PATH=/home/donggun/S13P21A501/Embedded/install/turtlebot3_msgs/lib:/home/donggun/S13P21A501/Embedded/install/dynamixel_sdk/lib:${LD_LIBRARY_PATH} PYTHONPATH=/home/donggun/S13P21A501/Embedded/install/turtlebot3_msgs/local/lib/python3.10/dist-packages:/home/donggun/S13P21A501/Embedded/install/dynamixel_sdk/local/lib/python3.10/dist-packages:${PYTHONPATH} /usr/bin/cmake --build /home/donggun/S13P21A501/Embedded/build/turtlebot3_node -- -j16 -l16
[0.616s] Invoking command in '/home/donggun/S13P21A501/Embedded/build/turtlebot3_node': AMENT_PREFIX_PATH=/home/donggun/S13P21A501/Embedded/install/turtlebot3_msgs:/home/donggun/S13P21A501/Embedded/install/dynamixel_sdk:${AMENT_PREFIX_PATH} CMAKE_PREFIX_PATH=/home/donggun/S13P21A501/Embedded/install/turtlebot3_msgs:/home/donggun/S13P21A501/Embedded/install/dynamixel_sdk:/opt/ros/humble LD_LIBRARY_PATH=/home/donggun/S13P21A501/Embedded/install/turtlebot3_msgs/lib:/home/donggun/S13P21A501/Embedded/install/dynamixel_sdk/lib:${LD_LIBRARY_PATH} PYTHONPATH=/home/donggun/S13P21A501/Embedded/install/turtlebot3_msgs/local/lib/python3.10/dist-packages:/home/donggun/S13P21A501/Embedded/install/dynamixel_sdk/local/lib/python3.10/dist-packages:${PYTHONPATH} /usr/bin/cmake --install /home/donggun/S13P21A501/Embedded/build/turtlebot3_node
[0.630s] -- Install configuration: ""
[0.630s] -- Up-to-date: /home/donggun/S13P21A501/Embedded/install/turtlebot3_node/share/turtlebot3_node/param
[0.630s] -- Up-to-date: /home/donggun/S13P21A501/Embedded/install/turtlebot3_node/share/turtlebot3_node/param/waffle.yaml
[0.630s] -- Up-to-date: /home/donggun/S13P21A501/Embedded/install/turtlebot3_node/share/turtlebot3_node/param/waffle_pi.yaml
[0.630s] -- Up-to-date: /home/donggun/S13P21A501/Embedded/install/turtlebot3_node/share/turtlebot3_node/param/burger.yaml
[0.631s] -- Up-to-date: /home/donggun/S13P21A501/Embedded/install/turtlebot3_node/lib/turtlebot3_node/turtlebot3_ros
[0.632s] -- Up-to-date: /home/donggun/S13P21A501/Embedded/install/turtlebot3_node/share/ament_index/resource_index/package_run_dependencies/turtlebot3_node
[0.632s] -- Up-to-date: /home/donggun/S13P21A501/Embedded/install/turtlebot3_node/share/ament_index/resource_index/parent_prefix_path/turtlebot3_node
[0.632s] -- Up-to-date: /home/donggun/S13P21A501/Embedded/install/turtlebot3_node/share/turtlebot3_node/environment/ament_prefix_path.sh
[0.632s] -- Up-to-date: /home/donggun/S13P21A501/Embedded/install/turtlebot3_node/share/turtlebot3_node/environment/ament_prefix_path.dsv
[0.632s] -- Up-to-date: /home/donggun/S13P21A501/Embedded/install/turtlebot3_node/share/turtlebot3_node/environment/path.sh
[0.633s] -- Up-to-date: /home/donggun/S13P21A501/Embedded/install/turtlebot3_node/share/turtlebot3_node/environment/path.dsv
[0.633s] -- Up-to-date: /home/donggun/S13P21A501/Embedded/install/turtlebot3_node/share/turtlebot3_node/local_setup.bash
[0.633s] -- Up-to-date: /home/donggun/S13P21A501/Embedded/install/turtlebot3_node/share/turtlebot3_node/local_setup.sh
[0.633s] -- Up-to-date: /home/donggun/S13P21A501/Embedded/install/turtlebot3_node/share/turtlebot3_node/local_setup.zsh
[0.633s] -- Up-to-date: /home/donggun/S13P21A501/Embedded/install/turtlebot3_node/share/turtlebot3_node/local_setup.dsv
[0.633s] -- Installing: /home/donggun/S13P21A501/Embedded/install/turtlebot3_node/share/turtlebot3_node/package.dsv
[0.633s] -- Up-to-date: /home/donggun/S13P21A501/Embedded/install/turtlebot3_node/share/ament_index/resource_index/packages/turtlebot3_node
[0.634s] -- Up-to-date: /home/donggun/S13P21A501/Embedded/install/turtlebot3_node/share/turtlebot3_node/cmake/ament_cmake_export_dependencies-extras.cmake
[0.634s] -- Up-to-date: /home/donggun/S13P21A501/Embedded/install/turtlebot3_node/share/turtlebot3_node/cmake/ament_cmake_export_include_directories-extras.cmake
[0.634s] -- Up-to-date: /home/donggun/S13P21A501/Embedded/install/turtlebot3_node/share/turtlebot3_node/cmake/turtlebot3_nodeConfig.cmake
[0.634s] -- Up-to-date: /home/donggun/S13P21A501/Embedded/install/turtlebot3_node/share/turtlebot3_node/cmake/turtlebot3_nodeConfig-version.cmake
[0.634s] -- Up-to-date: /home/donggun/S13P21A501/Embedded/install/turtlebot3_node/share/turtlebot3_node/package.xml
[0.679s] Invoked command in '/home/donggun/S13P21A501/Embedded/build/turtlebot3_node' returned '0': AMENT_PREFIX_PATH=/home/donggun/S13P21A501/Embedded/install/turtlebot3_msgs:/home/donggun/S13P21A501/Embedded/install/dynamixel_sdk:${AMENT_PREFIX_PATH} CMAKE_PREFIX_PATH=/home/donggun/S13P21A501/Embedded/install/turtlebot3_msgs:/home/donggun/S13P21A501/Embedded/install/dynamixel_sdk:/opt/ros/humble LD_LIBRARY_PATH=/home/donggun/S13P21A501/Embedded/install/turtlebot3_msgs/lib:/home/donggun/S13P21A501/Embedded/install/dynamixel_sdk/lib:${LD_LIBRARY_PATH} PYTHONPATH=/home/donggun/S13P21A501/Embedded/install/turtlebot3_msgs/local/lib/python3.10/dist-packages:/home/donggun/S13P21A501/Embedded/install/dynamixel_sdk/local/lib/python3.10/dist-packages:${PYTHONPATH} /usr/bin/cmake --install /home/donggun/S13P21A501/Embedded/build/turtlebot3_node
