[0.090s] Invoking command in '/home/hb/Git/Embedded/build/dynamixel_sdk': CMAKE_PREFIX_PATH=${CMAKE_PREFIX_PATH}:/home/hb/Git/Embedded/install/turtlebot3_teleop:/home/hb/Git/Embedded/install/turtlebot3_example:/home/hb/Git/Embedded/install/robot_web_interface:/home/hb/Git/Embedded/install/delivery_interface:/home/hb/Git/Embedded/install/app_navigation:/opt/ros/humble /usr/bin/cmake --build /home/hb/Git/Embedded/build/dynamixel_sdk -- -j16 -l16
[1.472s] [100%] Built target dynamixel_sdk
[1.473s] [100%] Built target ament_cmake_python_copy_dynamixel_sdk
[1.473s] running egg_info
[1.473s] writing dynamixel_sdk.egg-info/PKG-INFO
[1.473s] writing dependency_links to dynamixel_sdk.egg-info/dependency_links.txt
[1.473s] writing top-level names to dynamixel_sdk.egg-info/top_level.txt
[1.474s] reading manifest file 'dynamixel_sdk.egg-info/SOURCES.txt'
[1.474s] writing manifest file 'dynamixel_sdk.egg-info/SOURCES.txt'
[1.474s] [100%] Built target ament_cmake_python_build_dynamixel_sdk_egg
[1.509s] Invoked command in '/home/hb/Git/Embedded/build/dynamixel_sdk' returned '0': CMAKE_PREFIX_PATH=${CMAKE_PREFIX_PATH}:/home/hb/Git/Embedded/install/turtlebot3_teleop:/home/hb/Git/Embedded/install/turtlebot3_example:/home/hb/Git/Embedded/install/robot_web_interface:/home/hb/Git/Embedded/install/delivery_interface:/home/hb/Git/Embedded/install/app_navigation:/opt/ros/humble /usr/bin/cmake --build /home/hb/Git/Embedded/build/dynamixel_sdk -- -j16 -l16
[1.511s] Invoking command in '/home/hb/Git/Embedded/build/dynamixel_sdk': CMAKE_PREFIX_PATH=${CMAKE_PREFIX_PATH}:/home/hb/Git/Embedded/install/turtlebot3_teleop:/home/hb/Git/Embedded/install/turtlebot3_example:/home/hb/Git/Embedded/install/robot_web_interface:/home/hb/Git/Embedded/install/delivery_interface:/home/hb/Git/Embedded/install/app_navigation:/opt/ros/humble /usr/bin/cmake --install /home/hb/Git/Embedded/build/dynamixel_sdk
[1.593s] -- Install configuration: ""
[1.593s] -- Up-to-date: /home/hb/Git/Embedded/install/dynamixel_sdk/include/
[1.593s] -- Up-to-date: /home/hb/Git/Embedded/install/dynamixel_sdk/include//dynamixel_sdk
[1.593s] -- Up-to-date: /home/hb/Git/Embedded/install/dynamixel_sdk/include//dynamixel_sdk/group_fast_sync_read.h
[1.593s] -- Up-to-date: /home/hb/Git/Embedded/install/dynamixel_sdk/include//dynamixel_sdk/group_sync_read.h
[1.594s] -- Up-to-date: /home/hb/Git/Embedded/install/dynamixel_sdk/include//dynamixel_sdk/group_handler.h
[1.594s] -- Up-to-date: /home/hb/Git/Embedded/install/dynamixel_sdk/include//dynamixel_sdk/protocol1_packet_handler.h
[1.594s] -- Up-to-date: /home/hb/Git/Embedded/install/dynamixel_sdk/include//dynamixel_sdk/port_handler_mac.h
[1.594s] -- Up-to-date: /home/hb/Git/Embedded/install/dynamixel_sdk/include//dynamixel_sdk/group_sync_write.h
[1.594s] -- Up-to-date: /home/hb/Git/Embedded/install/dynamixel_sdk/include//dynamixel_sdk/protocol2_packet_handler.h
[1.594s] -- Up-to-date: /home/hb/Git/Embedded/install/dynamixel_sdk/include//dynamixel_sdk/port_handler_arduino.h
[1.594s] -- Up-to-date: /home/hb/Git/Embedded/install/dynamixel_sdk/include//dynamixel_sdk/group_bulk_read.h
[1.594s] -- Up-to-date: /home/hb/Git/Embedded/install/dynamixel_sdk/include//dynamixel_sdk/group_fast_bulk_read.h
[1.594s] -- Up-to-date: /home/hb/Git/Embedded/install/dynamixel_sdk/include//dynamixel_sdk/dynamixel_sdk.h
[1.595s] -- Up-to-date: /home/hb/Git/Embedded/install/dynamixel_sdk/include//dynamixel_sdk/port_handler.h
[1.595s] -- Up-to-date: /home/hb/Git/Embedded/install/dynamixel_sdk/include//dynamixel_sdk/packet_handler.h
[1.595s] -- Up-to-date: /home/hb/Git/Embedded/install/dynamixel_sdk/include//dynamixel_sdk/group_bulk_write.h
[1.595s] -- Up-to-date: /home/hb/Git/Embedded/install/dynamixel_sdk/include//dynamixel_sdk/port_handler_windows.h
[1.595s] -- Up-to-date: /home/hb/Git/Embedded/install/dynamixel_sdk/include//dynamixel_sdk/port_handler_linux.h
[1.595s] -- Up-to-date: /home/hb/Git/Embedded/install/dynamixel_sdk/lib/libdynamixel_sdk.so
[1.595s] -- Up-to-date: /home/hb/Git/Embedded/install/dynamixel_sdk/share/dynamixel_sdk/environment/pythonpath.sh
[1.595s] -- Up-to-date: /home/hb/Git/Embedded/install/dynamixel_sdk/share/dynamixel_sdk/environment/pythonpath.dsv
[1.595s] -- Up-to-date: /home/hb/Git/Embedded/install/dynamixel_sdk/local/lib/python3.10/dist-packages/dynamixel_sdk-3.8.4-py3.10.egg-info
[1.596s] -- Installing: /home/hb/Git/Embedded/install/dynamixel_sdk/local/lib/python3.10/dist-packages/dynamixel_sdk-3.8.4-py3.10.egg-info/PKG-INFO
[1.596s] -- Installing: /home/hb/Git/Embedded/install/dynamixel_sdk/local/lib/python3.10/dist-packages/dynamixel_sdk-3.8.4-py3.10.egg-info/dependency_links.txt
[1.596s] -- Installing: /home/hb/Git/Embedded/install/dynamixel_sdk/local/lib/python3.10/dist-packages/dynamixel_sdk-3.8.4-py3.10.egg-info/top_level.txt
[1.596s] -- Installing: /home/hb/Git/Embedded/install/dynamixel_sdk/local/lib/python3.10/dist-packages/dynamixel_sdk-3.8.4-py3.10.egg-info/SOURCES.txt
[1.596s] -- Up-to-date: /home/hb/Git/Embedded/install/dynamixel_sdk/local/lib/python3.10/dist-packages/dynamixel_sdk
[1.596s] -- Up-to-date: /home/hb/Git/Embedded/install/dynamixel_sdk/local/lib/python3.10/dist-packages/dynamixel_sdk/group_sync_read.py
[1.596s] -- Up-to-date: /home/hb/Git/Embedded/install/dynamixel_sdk/local/lib/python3.10/dist-packages/dynamixel_sdk/packet_handler.cpp
[1.596s] -- Up-to-date: /home/hb/Git/Embedded/install/dynamixel_sdk/local/lib/python3.10/dist-packages/dynamixel_sdk/group_sync_write.py
[1.596s] -- Up-to-date: /home/hb/Git/Embedded/install/dynamixel_sdk/local/lib/python3.10/dist-packages/dynamixel_sdk/port_handler_mac.cpp
[1.597s] -- Up-to-date: /home/hb/Git/Embedded/install/dynamixel_sdk/local/lib/python3.10/dist-packages/dynamixel_sdk/packet_handler.py
[1.597s] -- Up-to-date: /home/hb/Git/Embedded/install/dynamixel_sdk/local/lib/python3.10/dist-packages/dynamixel_sdk/group_bulk_read.py
[1.597s] -- Up-to-date: /home/hb/Git/Embedded/install/dynamixel_sdk/local/lib/python3.10/dist-packages/dynamixel_sdk/port_handler_windows.cpp
[1.597s] -- Up-to-date: /home/hb/Git/Embedded/install/dynamixel_sdk/local/lib/python3.10/dist-packages/dynamixel_sdk/group_handler.cpp
[1.597s] -- Up-to-date: /home/hb/Git/Embedded/install/dynamixel_sdk/local/lib/python3.10/dist-packages/dynamixel_sdk/robotis_def.py
[1.598s] -- Up-to-date: /home/hb/Git/Embedded/install/dynamixel_sdk/local/lib/python3.10/dist-packages/dynamixel_sdk/port_handler.py
[1.598s] -- Up-to-date: /home/hb/Git/Embedded/install/dynamixel_sdk/local/lib/python3.10/dist-packages/dynamixel_sdk/group_bulk_read.cpp
[1.598s] -- Up-to-date: /home/hb/Git/Embedded/install/dynamixel_sdk/local/lib/python3.10/dist-packages/dynamixel_sdk/group_bulk_write.py
[1.598s] -- Up-to-date: /home/hb/Git/Embedded/install/dynamixel_sdk/local/lib/python3.10/dist-packages/dynamixel_sdk/group_fast_bulk_read.cpp
[1.598s] -- Up-to-date: /home/hb/Git/Embedded/install/dynamixel_sdk/local/lib/python3.10/dist-packages/dynamixel_sdk/protocol1_packet_handler.cpp
[1.598s] -- Up-to-date: /home/hb/Git/Embedded/install/dynamixel_sdk/local/lib/python3.10/dist-packages/dynamixel_sdk/protocol1_packet_handler.py
[1.598s] -- Up-to-date: /home/hb/Git/Embedded/install/dynamixel_sdk/local/lib/python3.10/dist-packages/dynamixel_sdk/group_fast_sync_read.cpp
[1.598s] -- Up-to-date: /home/hb/Git/Embedded/install/dynamixel_sdk/local/lib/python3.10/dist-packages/dynamixel_sdk/group_sync_write.cpp
[1.598s] -- Up-to-date: /home/hb/Git/Embedded/install/dynamixel_sdk/local/lib/python3.10/dist-packages/dynamixel_sdk/port_handler_linux.cpp
[1.599s] -- Up-to-date: /home/hb/Git/Embedded/install/dynamixel_sdk/local/lib/python3.10/dist-packages/dynamixel_sdk/port_handler_arduino.cpp
[1.599s] -- Up-to-date: /home/hb/Git/Embedded/install/dynamixel_sdk/local/lib/python3.10/dist-packages/dynamixel_sdk/protocol2_packet_handler.py
[1.599s] -- Up-to-date: /home/hb/Git/Embedded/install/dynamixel_sdk/local/lib/python3.10/dist-packages/dynamixel_sdk/port_handler.cpp
[1.599s] -- Up-to-date: /home/hb/Git/Embedded/install/dynamixel_sdk/local/lib/python3.10/dist-packages/dynamixel_sdk/protocol2_packet_handler.cpp
[1.599s] -- Up-to-date: /home/hb/Git/Embedded/install/dynamixel_sdk/local/lib/python3.10/dist-packages/dynamixel_sdk/group_bulk_write.cpp
[1.599s] -- Up-to-date: /home/hb/Git/Embedded/install/dynamixel_sdk/local/lib/python3.10/dist-packages/dynamixel_sdk/__init__.py
[1.599s] -- Up-to-date: /home/hb/Git/Embedded/install/dynamixel_sdk/local/lib/python3.10/dist-packages/dynamixel_sdk/group_sync_read.cpp
[1.648s] Listing '/home/hb/Git/Embedded/install/dynamixel_sdk/local/lib/python3.10/dist-packages/dynamixel_sdk'...
[1.648s] -- Up-to-date: /home/hb/Git/Embedded/install/dynamixel_sdk/share/dynamixel_sdk/environment/library_path.sh
[1.648s] -- Up-to-date: /home/hb/Git/Embedded/install/dynamixel_sdk/share/dynamixel_sdk/environment/library_path.dsv
[1.648s] -- Up-to-date: /home/hb/Git/Embedded/install/dynamixel_sdk/share/ament_index/resource_index/package_run_dependencies/dynamixel_sdk
[1.649s] -- Up-to-date: /home/hb/Git/Embedded/install/dynamixel_sdk/share/ament_index/resource_index/parent_prefix_path/dynamixel_sdk
[1.649s] -- Up-to-date: /home/hb/Git/Embedded/install/dynamixel_sdk/share/dynamixel_sdk/environment/ament_prefix_path.sh
[1.649s] -- Up-to-date: /home/hb/Git/Embedded/install/dynamixel_sdk/share/dynamixel_sdk/environment/ament_prefix_path.dsv
[1.649s] -- Up-to-date: /home/hb/Git/Embedded/install/dynamixel_sdk/share/dynamixel_sdk/environment/path.sh
[1.649s] -- Up-to-date: /home/hb/Git/Embedded/install/dynamixel_sdk/share/dynamixel_sdk/environment/path.dsv
[1.649s] -- Up-to-date: /home/hb/Git/Embedded/install/dynamixel_sdk/share/dynamixel_sdk/local_setup.bash
[1.649s] -- Up-to-date: /home/hb/Git/Embedded/install/dynamixel_sdk/share/dynamixel_sdk/local_setup.sh
[1.649s] -- Up-to-date: /home/hb/Git/Embedded/install/dynamixel_sdk/share/dynamixel_sdk/local_setup.zsh
[1.650s] -- Up-to-date: /home/hb/Git/Embedded/install/dynamixel_sdk/share/dynamixel_sdk/local_setup.dsv
[1.650s] -- Installing: /home/hb/Git/Embedded/install/dynamixel_sdk/share/dynamixel_sdk/package.dsv
[1.650s] -- Up-to-date: /home/hb/Git/Embedded/install/dynamixel_sdk/share/ament_index/resource_index/packages/dynamixel_sdk
[1.650s] -- Up-to-date: /home/hb/Git/Embedded/install/dynamixel_sdk/share/dynamixel_sdk/cmake/dynamixel_sdkExport.cmake
[1.650s] -- Up-to-date: /home/hb/Git/Embedded/install/dynamixel_sdk/share/dynamixel_sdk/cmake/dynamixel_sdkExport-noconfig.cmake
[1.650s] -- Up-to-date: /home/hb/Git/Embedded/install/dynamixel_sdk/share/dynamixel_sdk/cmake/ament_cmake_export_targets-extras.cmake
[1.650s] -- Up-to-date: /home/hb/Git/Embedded/install/dynamixel_sdk/share/dynamixel_sdk/cmake/ament_cmake_export_include_directories-extras.cmake
[1.650s] -- Up-to-date: /home/hb/Git/Embedded/install/dynamixel_sdk/share/dynamixel_sdk/cmake/ament_cmake_export_libraries-extras.cmake
[1.650s] -- Up-to-date: /home/hb/Git/Embedded/install/dynamixel_sdk/share/dynamixel_sdk/cmake/dynamixel_sdkConfig.cmake
[1.650s] -- Up-to-date: /home/hb/Git/Embedded/install/dynamixel_sdk/share/dynamixel_sdk/cmake/dynamixel_sdkConfig-version.cmake
[1.651s] -- Up-to-date: /home/hb/Git/Embedded/install/dynamixel_sdk/share/dynamixel_sdk/package.xml
[1.868s] Invoked command in '/home/hb/Git/Embedded/build/dynamixel_sdk' returned '0': CMAKE_PREFIX_PATH=${CMAKE_PREFIX_PATH}:/home/hb/Git/Embedded/install/turtlebot3_teleop:/home/hb/Git/Embedded/install/turtlebot3_example:/home/hb/Git/Embedded/install/robot_web_interface:/home/hb/Git/Embedded/install/delivery_interface:/home/hb/Git/Embedded/install/app_navigation:/opt/ros/humble /usr/bin/cmake --install /home/hb/Git/Embedded/build/dynamixel_sdk
