[0.052s] Invoking command in '/home/donggun/S13P21A501/Embedded/build/turtlebot3_cartographer': CMAKE_PREFIX_PATH=/opt/ros/humble /usr/bin/cmake /home/donggun/S13P21A501/Embedded/src/turtlebot3/turtlebot3_cartographer -DCMAKE_INSTALL_PREFIX=/home/donggun/S13P21A501/Embedded/install/turtlebot3_cartographer
[2.677s] -- The C compiler identification is GNU 11.4.0
[2.677s] -- The CXX compiler identification is GNU 11.4.0
[2.677s] -- Detecting C compiler ABI info
[2.677s] -- Detecting C compiler ABI info - done
[2.677s] -- Check for working C compiler: /usr/bin/cc - skipped
[2.677s] -- Detecting C compile features
[2.677s] -- Detecting C compile features - done
[2.677s] -- Detecting CXX compiler ABI info
[2.677s] -- Detecting CXX compiler ABI info - done
[2.677s] -- Check for working CXX compiler: /usr/bin/c++ - skipped
[2.678s] -- Detecting CXX compile features
[2.678s] -- Detecting CXX compile features - done
[2.678s] -- Found ament_cmake: 1.3.12 (/opt/ros/humble/share/ament_cmake/cmake)
[2.678s] -- Found Python3: /usr/bin/python3 (found version "3.10.12") found components: Interpreter 
[2.678s] -- Configuring done
[2.678s] -- Generating done
[2.678s] -- Build files have been written to: /home/donggun/S13P21A501/Embedded/build/turtlebot3_cartographer
[2.711s] Invoked command in '/home/donggun/S13P21A501/Embedded/build/turtlebot3_cartographer' returned '0': CMAKE_PREFIX_PATH=/opt/ros/humble /usr/bin/cmake /home/donggun/S13P21A501/Embedded/src/turtlebot3/turtlebot3_cartographer -DCMAKE_INSTALL_PREFIX=/home/donggun/S13P21A501/Embedded/install/turtlebot3_cartographer
[2.712s] Invoking command in '/home/donggun/S13P21A501/Embedded/build/turtlebot3_cartographer': CMAKE_PREFIX_PATH=/opt/ros/humble /usr/bin/cmake --build /home/donggun/S13P21A501/Embedded/build/turtlebot3_cartographer -- -j16 -l16
[2.798s] Invoked command in '/home/donggun/S13P21A501/Embedded/build/turtlebot3_cartographer' returned '0': CMAKE_PREFIX_PATH=/opt/ros/humble /usr/bin/cmake --build /home/donggun/S13P21A501/Embedded/build/turtlebot3_cartographer -- -j16 -l16
[2.804s] Invoking command in '/home/donggun/S13P21A501/Embedded/build/turtlebot3_cartographer': CMAKE_PREFIX_PATH=/opt/ros/humble /usr/bin/cmake --install /home/donggun/S13P21A501/Embedded/build/turtlebot3_cartographer
[2.825s] -- Install configuration: ""
[2.825s] -- Installing: /home/donggun/S13P21A501/Embedded/install/turtlebot3_cartographer/share/turtlebot3_cartographer/config
[2.825s] -- Installing: /home/donggun/S13P21A501/Embedded/install/turtlebot3_cartographer/share/turtlebot3_cartographer/config/turtlebot3_lds_2d.lua
[2.826s] -- Installing: /home/donggun/S13P21A501/Embedded/install/turtlebot3_cartographer/share/turtlebot3_cartographer/launch
[2.826s] -- Installing: /home/donggun/S13P21A501/Embedded/install/turtlebot3_cartographer/share/turtlebot3_cartographer/launch/cartographer.launch.py
[2.827s] -- Installing: /home/donggun/S13P21A501/Embedded/install/turtlebot3_cartographer/share/turtlebot3_cartographer/launch/occupancy_grid.launch.py
[2.829s] -- Installing: /home/donggun/S13P21A501/Embedded/install/turtlebot3_cartographer/share/turtlebot3_cartographer/rviz
[2.830s] -- Installing: /home/donggun/S13P21A501/Embedded/install/turtlebot3_cartographer/share/turtlebot3_cartographer/rviz/tb3_cartographer.rviz
[2.831s] -- Installing: /home/donggun/S13P21A501/Embedded/install/turtlebot3_cartographer/share/ament_index/resource_index/package_run_dependencies/turtlebot3_cartographer
[2.831s] -- Installing: /home/donggun/S13P21A501/Embedded/install/turtlebot3_cartographer/share/ament_index/resource_index/parent_prefix_path/turtlebot3_cartographer
[2.831s] -- Installing: /home/donggun/S13P21A501/Embedded/install/turtlebot3_cartographer/share/turtlebot3_cartographer/environment/ament_prefix_path.sh
[2.832s] -- Installing: /home/donggun/S13P21A501/Embedded/install/turtlebot3_cartographer/share/turtlebot3_cartographer/environment/ament_prefix_path.dsv
[2.835s] -- Installing: /home/donggun/S13P21A501/Embedded/install/turtlebot3_cartographer/share/turtlebot3_cartographer/environment/path.sh
[2.835s] -- Installing: /home/donggun/S13P21A501/Embedded/install/turtlebot3_cartographer/share/turtlebot3_cartographer/environment/path.dsv
[2.835s] -- Installing: /home/donggun/S13P21A501/Embedded/install/turtlebot3_cartographer/share/turtlebot3_cartographer/local_setup.bash
[2.836s] -- Installing: /home/donggun/S13P21A501/Embedded/install/turtlebot3_cartographer/share/turtlebot3_cartographer/local_setup.sh
[2.836s] -- Installing: /home/donggun/S13P21A501/Embedded/install/turtlebot3_cartographer/share/turtlebot3_cartographer/local_setup.zsh
[2.836s] -- Installing: /home/donggun/S13P21A501/Embedded/install/turtlebot3_cartographer/share/turtlebot3_cartographer/local_setup.dsv
[2.847s] -- Installing: /home/donggun/S13P21A501/Embedded/install/turtlebot3_cartographer/share/turtlebot3_cartographer/package.dsv
[2.847s] -- Installing: /home/donggun/S13P21A501/Embedded/install/turtlebot3_cartographer/share/ament_index/resource_index/packages/turtlebot3_cartographer
[2.847s] -- Installing: /home/donggun/S13P21A501/Embedded/install/turtlebot3_cartographer/share/turtlebot3_cartographer/cmake/turtlebot3_cartographerConfig.cmake
[2.847s] -- Installing: /home/donggun/S13P21A501/Embedded/install/turtlebot3_cartographer/share/turtlebot3_cartographer/cmake/turtlebot3_cartographerConfig-version.cmake
[2.849s] -- Installing: /home/donggun/S13P21A501/Embedded/install/turtlebot3_cartographer/share/turtlebot3_cartographer/package.xml
[2.990s] Invoked command in '/home/donggun/S13P21A501/Embedded/build/turtlebot3_cartographer' returned '0': CMAKE_PREFIX_PATH=/opt/ros/humble /usr/bin/cmake --install /home/donggun/S13P21A501/Embedded/build/turtlebot3_cartographer
