[0.064s] Invoking command in '/home/hb/Git/Embedded/build/dynamixel_sdk_examples': CMAKE_PREFIX_PATH=/home/hb/Git/Embedded/install/dynamixel_sdk_custom_interfaces:/home/hb/Git/Embedded/install/dynamixel_sdk:/home/hb/Git/Embedded/install/turtlebot3:/home/hb/Git/Embedded/install/turtlebot3_simulations:/home/hb/Git/Embedded/install/turtlebot3_bringup:/home/hb/Git/Embedded/install/turtlebot3_node:/home/hb/Git/Embedded/install/turtlebot3_navigation2:/home/hb/Git/Embedded/install/turtlebot3_fake_node:/home/hb/Git/Embedded/install/turtlebot3_msgs:/home/hb/Git/Embedded/install/turtlebot3_manipulation:/home/hb/Git/Embedded/install/turtlebot3_manipulation_teleop:/home/hb/Git/Embedded/install/turtlebot3_manipulation_navigation2:/home/hb/Git/Embedded/install/turtlebot3_manipulation_moveit_config:/home/hb/Git/Embedded/install/turtlebot3_manipulation_hardware:/home/hb/Git/Embedded/install/turtlebot3_manipulation_gazebo:/home/hb/Git/Embedded/install/turtlebot3_manipulation_bringup:/home/hb/Git/Embedded/install/turtlebot3_manipulation_description:/home/hb/Git/Embedded/install/turtlebot3_manipulation_cartographer:/home/hb/Git/Embedded/install/turtlebot3_gazebo:/home/hb/Git/Embedded/install/turtlebot3_description:/home/hb/Git/Embedded/install/turtlebot3_cartographer:/home/hb/Git/Embedded/install/dynamixel_sdk_examples:/home/hb/gazebo/install/elevator:/home/hb/Git/Embedded/install/turtlebot3_teleop:/home/hb/Git/Embedded/install/turtlebot3_example:/home/hb/Git/Embedded/install/robot_web_interface:/home/hb/Git/Embedded/install/delivery_interface:/home/hb/Git/Embedded/install/app_navigation:/opt/ros/humble LD_LIBRARY_PATH=/home/hb/Git/Embedded/install/dynamixel_sdk_custom_interfaces/lib:/home/hb/Git/Embedded/install/dynamixel_sdk/lib:/home/hb/Git/Embedded/install/turtlebot3_msgs/lib:/home/hb/Git/Embedded/install/turtlebot3_manipulation_hardware/lib:/home/hb/Git/Embedded/install/turtlebot3_manipulation_gazebo/lib:/home/hb/gazebo/install/elevator/lib:/usr/lib/x86_64-linux-gnu/gazebo-11/plugins:/opt/ros/humble/opt/rviz_ogre_vendor/lib:/opt/ros/humble/lib/x86_64-linux-gnu:/opt/ros/humble/lib /usr/bin/cmake /home/hb/Git/Embedded/src/DynamixelSDK/ros/dynamixel_sdk_examples -DCMAKE_INSTALL_PREFIX=/home/hb/Git/Embedded/install/dynamixel_sdk_examples
[0.268s] -- The C compiler identification is GNU 11.4.0
[0.422s] -- The CXX compiler identification is GNU 11.4.0
[0.446s] -- Detecting C compiler ABI info
[0.751s] -- Detecting C compiler ABI info - done
[0.799s] -- Check for working C compiler: /usr/bin/cc - skipped
[0.800s] -- Detecting C compile features
[0.800s] -- Detecting C compile features - done
[0.811s] -- Detecting CXX compiler ABI info
[1.143s] -- Detecting CXX compiler ABI info - done
[1.159s] -- Check for working CXX compiler: /usr/bin/c++ - skipped
[1.160s] -- Detecting CXX compile features
[1.161s] -- Detecting CXX compile features - done
[1.171s] -- Found ament_cmake: 1.3.12 (/opt/ros/humble/share/ament_cmake/cmake)
[1.928s] -- Found Python3: /usr/bin/python3 (found version "3.10.12") found components: Interpreter 
[2.911s] -- Found dynamixel_sdk: 3.8.4 (/home/hb/Git/Embedded/install/dynamixel_sdk/share/dynamixel_sdk/cmake)
[2.922s] -- Found dynamixel_sdk_custom_interfaces: 3.8.4 (/home/hb/Git/Embedded/install/dynamixel_sdk_custom_interfaces/share/dynamixel_sdk_custom_interfaces/cmake)
[3.271s] -- Found rosidl_generator_c: 3.1.7 (/opt/ros/humble/share/rosidl_generator_c/cmake)
[3.346s] -- Found rosidl_adapter: 3.1.7 (/opt/ros/humble/share/rosidl_adapter/cmake)
[3.420s] -- Found rosidl_generator_cpp: 3.1.7 (/opt/ros/humble/share/rosidl_generator_cpp/cmake)
[3.558s] -- Using all available rosidl_typesupport_c: rosidl_typesupport_fastrtps_c;rosidl_typesupport_introspection_c
[3.652s] -- Using all available rosidl_typesupport_cpp: rosidl_typesupport_fastrtps_cpp;rosidl_typesupport_introspection_cpp
[3.825s] -- Found rclcpp: 16.0.14 (/opt/ros/humble/share/rclcpp/cmake)
[4.044s] -- Found rmw_implementation_cmake: 6.1.2 (/opt/ros/humble/share/rmw_implementation_cmake/cmake)
[4.054s] -- Found rmw_fastrtps_cpp: 6.2.8 (/opt/ros/humble/share/rmw_fastrtps_cpp/cmake)
[4.328s] -- Found OpenSSL: /usr/lib/x86_64-linux-gnu/libcrypto.so (found version "3.0.2")  
[4.402s] -- Found FastRTPS: /opt/ros/humble/include  
[4.507s] -- Using RMW implementation 'rmw_fastrtps_cpp' as default
[4.539s] -- Looking for pthread.h
[4.801s] -- Looking for pthread.h - found
[4.802s] -- Performing Test CMAKE_HAVE_LIBC_PTHREAD
[5.005s] -- Performing Test CMAKE_HAVE_LIBC_PTHREAD - Success
[5.010s] -- Found Threads: TRUE  
[5.152s] -- Found rclpy: 3.3.17 (/opt/ros/humble/share/rclpy/cmake)
[5.165s] -- Found ament_lint_auto: 0.12.14 (/opt/ros/humble/share/ament_lint_auto/cmake)
[5.635s] -- Added test 'copyright' to check source files copyright and LICENSE
[5.637s] -- Added test 'cppcheck' to perform static code analysis on C / C++ code
[5.638s] -- Configured cppcheck include dirs: /home/hb/Git/Embedded/src/DynamixelSDK/ros/dynamixel_sdk_examples/include
[5.638s] -- Configured cppcheck exclude dirs and/or files: 
[5.645s] -- Added test 'cpplint' to check C / C++ code against the Google style
[5.645s] -- Configured cpplint exclude dirs and/or files: 
[5.648s] -- Added test 'flake8' to check Python code syntax and style conventions
[5.653s] -- Added test 'lint_cmake' to check CMake code style
[5.659s] -- Added test 'pep257' to check Python code against some of the docstring style conventions in PEP 257
[5.666s] -- Added test 'uncrustify' to check C / C++ code style
[5.667s] -- Configured uncrustify additional arguments: 
[5.670s] -- Added test 'xmllint' to check XML markup files
[5.678s] -- Configuring done
[5.717s] -- Generating done
[5.740s] -- Build files have been written to: /home/hb/Git/Embedded/build/dynamixel_sdk_examples
[5.758s] Invoked command in '/home/hb/Git/Embedded/build/dynamixel_sdk_examples' returned '0': CMAKE_PREFIX_PATH=/home/hb/Git/Embedded/install/dynamixel_sdk_custom_interfaces:/home/hb/Git/Embedded/install/dynamixel_sdk:/home/hb/Git/Embedded/install/turtlebot3:/home/hb/Git/Embedded/install/turtlebot3_simulations:/home/hb/Git/Embedded/install/turtlebot3_bringup:/home/hb/Git/Embedded/install/turtlebot3_node:/home/hb/Git/Embedded/install/turtlebot3_navigation2:/home/hb/Git/Embedded/install/turtlebot3_fake_node:/home/hb/Git/Embedded/install/turtlebot3_msgs:/home/hb/Git/Embedded/install/turtlebot3_manipulation:/home/hb/Git/Embedded/install/turtlebot3_manipulation_teleop:/home/hb/Git/Embedded/install/turtlebot3_manipulation_navigation2:/home/hb/Git/Embedded/install/turtlebot3_manipulation_moveit_config:/home/hb/Git/Embedded/install/turtlebot3_manipulation_hardware:/home/hb/Git/Embedded/install/turtlebot3_manipulation_gazebo:/home/hb/Git/Embedded/install/turtlebot3_manipulation_bringup:/home/hb/Git/Embedded/install/turtlebot3_manipulation_description:/home/hb/Git/Embedded/install/turtlebot3_manipulation_cartographer:/home/hb/Git/Embedded/install/turtlebot3_gazebo:/home/hb/Git/Embedded/install/turtlebot3_description:/home/hb/Git/Embedded/install/turtlebot3_cartographer:/home/hb/Git/Embedded/install/dynamixel_sdk_examples:/home/hb/gazebo/install/elevator:/home/hb/Git/Embedded/install/turtlebot3_teleop:/home/hb/Git/Embedded/install/turtlebot3_example:/home/hb/Git/Embedded/install/robot_web_interface:/home/hb/Git/Embedded/install/delivery_interface:/home/hb/Git/Embedded/install/app_navigation:/opt/ros/humble LD_LIBRARY_PATH=/home/hb/Git/Embedded/install/dynamixel_sdk_custom_interfaces/lib:/home/hb/Git/Embedded/install/dynamixel_sdk/lib:/home/hb/Git/Embedded/install/turtlebot3_msgs/lib:/home/hb/Git/Embedded/install/turtlebot3_manipulation_hardware/lib:/home/hb/Git/Embedded/install/turtlebot3_manipulation_gazebo/lib:/home/hb/gazebo/install/elevator/lib:/usr/lib/x86_64-linux-gnu/gazebo-11/plugins:/opt/ros/humble/opt/rviz_ogre_vendor/lib:/opt/ros/humble/lib/x86_64-linux-gnu:/opt/ros/humble/lib /usr/bin/cmake /home/hb/Git/Embedded/src/DynamixelSDK/ros/dynamixel_sdk_examples -DCMAKE_INSTALL_PREFIX=/home/hb/Git/Embedded/install/dynamixel_sdk_examples
[5.764s] Invoking command in '/home/hb/Git/Embedded/build/dynamixel_sdk_examples': CMAKE_PREFIX_PATH=/home/hb/Git/Embedded/install/dynamixel_sdk_custom_interfaces:/home/hb/Git/Embedded/install/dynamixel_sdk:/home/hb/Git/Embedded/install/turtlebot3:/home/hb/Git/Embedded/install/turtlebot3_simulations:/home/hb/Git/Embedded/install/turtlebot3_bringup:/home/hb/Git/Embedded/install/turtlebot3_node:/home/hb/Git/Embedded/install/turtlebot3_navigation2:/home/hb/Git/Embedded/install/turtlebot3_fake_node:/home/hb/Git/Embedded/install/turtlebot3_msgs:/home/hb/Git/Embedded/install/turtlebot3_manipulation:/home/hb/Git/Embedded/install/turtlebot3_manipulation_teleop:/home/hb/Git/Embedded/install/turtlebot3_manipulation_navigation2:/home/hb/Git/Embedded/install/turtlebot3_manipulation_moveit_config:/home/hb/Git/Embedded/install/turtlebot3_manipulation_hardware:/home/hb/Git/Embedded/install/turtlebot3_manipulation_gazebo:/home/hb/Git/Embedded/install/turtlebot3_manipulation_bringup:/home/hb/Git/Embedded/install/turtlebot3_manipulation_description:/home/hb/Git/Embedded/install/turtlebot3_manipulation_cartographer:/home/hb/Git/Embedded/install/turtlebot3_gazebo:/home/hb/Git/Embedded/install/turtlebot3_description:/home/hb/Git/Embedded/install/turtlebot3_cartographer:/home/hb/Git/Embedded/install/dynamixel_sdk_examples:/home/hb/gazebo/install/elevator:/home/hb/Git/Embedded/install/turtlebot3_teleop:/home/hb/Git/Embedded/install/turtlebot3_example:/home/hb/Git/Embedded/install/robot_web_interface:/home/hb/Git/Embedded/install/delivery_interface:/home/hb/Git/Embedded/install/app_navigation:/opt/ros/humble LD_LIBRARY_PATH=/home/hb/Git/Embedded/install/dynamixel_sdk_custom_interfaces/lib:/home/hb/Git/Embedded/install/dynamixel_sdk/lib:/home/hb/Git/Embedded/install/turtlebot3_msgs/lib:/home/hb/Git/Embedded/install/turtlebot3_manipulation_hardware/lib:/home/hb/Git/Embedded/install/turtlebot3_manipulation_gazebo/lib:/home/hb/gazebo/install/elevator/lib:/usr/lib/x86_64-linux-gnu/gazebo-11/plugins:/opt/ros/humble/opt/rviz_ogre_vendor/lib:/opt/ros/humble/lib/x86_64-linux-gnu:/opt/ros/humble/lib /usr/bin/cmake --build /home/hb/Git/Embedded/build/dynamixel_sdk_examples -- -j16 -l16
[5.993s] [ 50%] [32mBuilding CXX object CMakeFiles/read_write_node.dir/src/read_write_node.cpp.o[0m
[30.060s] [100%] [32m[1mLinking CXX executable read_write_node[0m
[30.699s] [100%] Built target read_write_node
[30.714s] Invoked command in '/home/hb/Git/Embedded/build/dynamixel_sdk_examples' returned '0': CMAKE_PREFIX_PATH=/home/hb/Git/Embedded/install/dynamixel_sdk_custom_interfaces:/home/hb/Git/Embedded/install/dynamixel_sdk:/home/hb/Git/Embedded/install/turtlebot3:/home/hb/Git/Embedded/install/turtlebot3_simulations:/home/hb/Git/Embedded/install/turtlebot3_bringup:/home/hb/Git/Embedded/install/turtlebot3_node:/home/hb/Git/Embedded/install/turtlebot3_navigation2:/home/hb/Git/Embedded/install/turtlebot3_fake_node:/home/hb/Git/Embedded/install/turtlebot3_msgs:/home/hb/Git/Embedded/install/turtlebot3_manipulation:/home/hb/Git/Embedded/install/turtlebot3_manipulation_teleop:/home/hb/Git/Embedded/install/turtlebot3_manipulation_navigation2:/home/hb/Git/Embedded/install/turtlebot3_manipulation_moveit_config:/home/hb/Git/Embedded/install/turtlebot3_manipulation_hardware:/home/hb/Git/Embedded/install/turtlebot3_manipulation_gazebo:/home/hb/Git/Embedded/install/turtlebot3_manipulation_bringup:/home/hb/Git/Embedded/install/turtlebot3_manipulation_description:/home/hb/Git/Embedded/install/turtlebot3_manipulation_cartographer:/home/hb/Git/Embedded/install/turtlebot3_gazebo:/home/hb/Git/Embedded/install/turtlebot3_description:/home/hb/Git/Embedded/install/turtlebot3_cartographer:/home/hb/Git/Embedded/install/dynamixel_sdk_examples:/home/hb/gazebo/install/elevator:/home/hb/Git/Embedded/install/turtlebot3_teleop:/home/hb/Git/Embedded/install/turtlebot3_example:/home/hb/Git/Embedded/install/robot_web_interface:/home/hb/Git/Embedded/install/delivery_interface:/home/hb/Git/Embedded/install/app_navigation:/opt/ros/humble LD_LIBRARY_PATH=/home/hb/Git/Embedded/install/dynamixel_sdk_custom_interfaces/lib:/home/hb/Git/Embedded/install/dynamixel_sdk/lib:/home/hb/Git/Embedded/install/turtlebot3_msgs/lib:/home/hb/Git/Embedded/install/turtlebot3_manipulation_hardware/lib:/home/hb/Git/Embedded/install/turtlebot3_manipulation_gazebo/lib:/home/hb/gazebo/install/elevator/lib:/usr/lib/x86_64-linux-gnu/gazebo-11/plugins:/opt/ros/humble/opt/rviz_ogre_vendor/lib:/opt/ros/humble/lib/x86_64-linux-gnu:/opt/ros/humble/lib /usr/bin/cmake --build /home/hb/Git/Embedded/build/dynamixel_sdk_examples -- -j16 -l16
[30.717s] Invoking command in '/home/hb/Git/Embedded/build/dynamixel_sdk_examples': CMAKE_PREFIX_PATH=/home/hb/Git/Embedded/install/dynamixel_sdk_custom_interfaces:/home/hb/Git/Embedded/install/dynamixel_sdk:/home/hb/Git/Embedded/install/turtlebot3:/home/hb/Git/Embedded/install/turtlebot3_simulations:/home/hb/Git/Embedded/install/turtlebot3_bringup:/home/hb/Git/Embedded/install/turtlebot3_node:/home/hb/Git/Embedded/install/turtlebot3_navigation2:/home/hb/Git/Embedded/install/turtlebot3_fake_node:/home/hb/Git/Embedded/install/turtlebot3_msgs:/home/hb/Git/Embedded/install/turtlebot3_manipulation:/home/hb/Git/Embedded/install/turtlebot3_manipulation_teleop:/home/hb/Git/Embedded/install/turtlebot3_manipulation_navigation2:/home/hb/Git/Embedded/install/turtlebot3_manipulation_moveit_config:/home/hb/Git/Embedded/install/turtlebot3_manipulation_hardware:/home/hb/Git/Embedded/install/turtlebot3_manipulation_gazebo:/home/hb/Git/Embedded/install/turtlebot3_manipulation_bringup:/home/hb/Git/Embedded/install/turtlebot3_manipulation_description:/home/hb/Git/Embedded/install/turtlebot3_manipulation_cartographer:/home/hb/Git/Embedded/install/turtlebot3_gazebo:/home/hb/Git/Embedded/install/turtlebot3_description:/home/hb/Git/Embedded/install/turtlebot3_cartographer:/home/hb/Git/Embedded/install/dynamixel_sdk_examples:/home/hb/gazebo/install/elevator:/home/hb/Git/Embedded/install/turtlebot3_teleop:/home/hb/Git/Embedded/install/turtlebot3_example:/home/hb/Git/Embedded/install/robot_web_interface:/home/hb/Git/Embedded/install/delivery_interface:/home/hb/Git/Embedded/install/app_navigation:/opt/ros/humble LD_LIBRARY_PATH=/home/hb/Git/Embedded/install/dynamixel_sdk_custom_interfaces/lib:/home/hb/Git/Embedded/install/dynamixel_sdk/lib:/home/hb/Git/Embedded/install/turtlebot3_msgs/lib:/home/hb/Git/Embedded/install/turtlebot3_manipulation_hardware/lib:/home/hb/Git/Embedded/install/turtlebot3_manipulation_gazebo/lib:/home/hb/gazebo/install/elevator/lib:/usr/lib/x86_64-linux-gnu/gazebo-11/plugins:/opt/ros/humble/opt/rviz_ogre_vendor/lib:/opt/ros/humble/lib/x86_64-linux-gnu:/opt/ros/humble/lib /usr/bin/cmake --install /home/hb/Git/Embedded/build/dynamixel_sdk_examples
[30.728s] -- Install configuration: ""
[30.728s] -- Installing: /home/hb/Git/Embedded/install/dynamixel_sdk_examples/lib/dynamixel_sdk_examples/read_write_node
[30.731s] -- Set runtime path of "/home/hb/Git/Embedded/install/dynamixel_sdk_examples/lib/dynamixel_sdk_examples/read_write_node" to ""
[30.733s] -- Installing: /home/hb/Git/Embedded/install/dynamixel_sdk_examples/lib/dynamixel_sdk_examples/read_write_node.py
[30.734s] -- Installing: /home/hb/Git/Embedded/install/dynamixel_sdk_examples/share/ament_index/resource_index/package_run_dependencies/dynamixel_sdk_examples
[30.734s] -- Installing: /home/hb/Git/Embedded/install/dynamixel_sdk_examples/share/ament_index/resource_index/parent_prefix_path/dynamixel_sdk_examples
[30.735s] -- Installing: /home/hb/Git/Embedded/install/dynamixel_sdk_examples/share/dynamixel_sdk_examples/environment/ament_prefix_path.sh
[30.735s] -- Installing: /home/hb/Git/Embedded/install/dynamixel_sdk_examples/share/dynamixel_sdk_examples/environment/ament_prefix_path.dsv
[30.735s] -- Installing: /home/hb/Git/Embedded/install/dynamixel_sdk_examples/share/dynamixel_sdk_examples/environment/path.sh
[30.735s] -- Installing: /home/hb/Git/Embedded/install/dynamixel_sdk_examples/share/dynamixel_sdk_examples/environment/path.dsv
[30.735s] -- Installing: /home/hb/Git/Embedded/install/dynamixel_sdk_examples/share/dynamixel_sdk_examples/local_setup.bash
[30.736s] -- Installing: /home/hb/Git/Embedded/install/dynamixel_sdk_examples/share/dynamixel_sdk_examples/local_setup.sh
[30.736s] -- Installing: /home/hb/Git/Embedded/install/dynamixel_sdk_examples/share/dynamixel_sdk_examples/local_setup.zsh
[30.736s] -- Installing: /home/hb/Git/Embedded/install/dynamixel_sdk_examples/share/dynamixel_sdk_examples/local_setup.dsv
[30.736s] -- Installing: /home/hb/Git/Embedded/install/dynamixel_sdk_examples/share/dynamixel_sdk_examples/package.dsv
[30.737s] -- Installing: /home/hb/Git/Embedded/install/dynamixel_sdk_examples/share/ament_index/resource_index/packages/dynamixel_sdk_examples
[30.737s] -- Installing: /home/hb/Git/Embedded/install/dynamixel_sdk_examples/share/dynamixel_sdk_examples/cmake/dynamixel_sdk_examplesConfig.cmake
[30.737s] -- Installing: /home/hb/Git/Embedded/install/dynamixel_sdk_examples/share/dynamixel_sdk_examples/cmake/dynamixel_sdk_examplesConfig-version.cmake
[30.738s] -- Installing: /home/hb/Git/Embedded/install/dynamixel_sdk_examples/share/dynamixel_sdk_examples/package.xml
[30.741s] Invoked command in '/home/hb/Git/Embedded/build/dynamixel_sdk_examples' returned '0': CMAKE_PREFIX_PATH=/home/hb/Git/Embedded/install/dynamixel_sdk_custom_interfaces:/home/hb/Git/Embedded/install/dynamixel_sdk:/home/hb/Git/Embedded/install/turtlebot3:/home/hb/Git/Embedded/install/turtlebot3_simulations:/home/hb/Git/Embedded/install/turtlebot3_bringup:/home/hb/Git/Embedded/install/turtlebot3_node:/home/hb/Git/Embedded/install/turtlebot3_navigation2:/home/hb/Git/Embedded/install/turtlebot3_fake_node:/home/hb/Git/Embedded/install/turtlebot3_msgs:/home/hb/Git/Embedded/install/turtlebot3_manipulation:/home/hb/Git/Embedded/install/turtlebot3_manipulation_teleop:/home/hb/Git/Embedded/install/turtlebot3_manipulation_navigation2:/home/hb/Git/Embedded/install/turtlebot3_manipulation_moveit_config:/home/hb/Git/Embedded/install/turtlebot3_manipulation_hardware:/home/hb/Git/Embedded/install/turtlebot3_manipulation_gazebo:/home/hb/Git/Embedded/install/turtlebot3_manipulation_bringup:/home/hb/Git/Embedded/install/turtlebot3_manipulation_description:/home/hb/Git/Embedded/install/turtlebot3_manipulation_cartographer:/home/hb/Git/Embedded/install/turtlebot3_gazebo:/home/hb/Git/Embedded/install/turtlebot3_description:/home/hb/Git/Embedded/install/turtlebot3_cartographer:/home/hb/Git/Embedded/install/dynamixel_sdk_examples:/home/hb/gazebo/install/elevator:/home/hb/Git/Embedded/install/turtlebot3_teleop:/home/hb/Git/Embedded/install/turtlebot3_example:/home/hb/Git/Embedded/install/robot_web_interface:/home/hb/Git/Embedded/install/delivery_interface:/home/hb/Git/Embedded/install/app_navigation:/opt/ros/humble LD_LIBRARY_PATH=/home/hb/Git/Embedded/install/dynamixel_sdk_custom_interfaces/lib:/home/hb/Git/Embedded/install/dynamixel_sdk/lib:/home/hb/Git/Embedded/install/turtlebot3_msgs/lib:/home/hb/Git/Embedded/install/turtlebot3_manipulation_hardware/lib:/home/hb/Git/Embedded/install/turtlebot3_manipulation_gazebo/lib:/home/hb/gazebo/install/elevator/lib:/usr/lib/x86_64-linux-gnu/gazebo-11/plugins:/opt/ros/humble/opt/rviz_ogre_vendor/lib:/opt/ros/humble/lib/x86_64-linux-gnu:/opt/ros/humble/lib /usr/bin/cmake --install /home/hb/Git/Embedded/build/dynamixel_sdk_examples
