[0.077s] Invoking command in '/home/hb/Git/Embedded/build/turtlebot3_manipulation_gazebo': CMAKE_PREFIX_PATH=${CMAKE_PREFIX_PATH}:/home/hb/Git/Embedded/install/turtlebot3_teleop:/home/hb/Git/Embedded/install/turtlebot3_example:/home/hb/Git/Embedded/install/robot_web_interface:/home/hb/Git/Embedded/install/delivery_interface:/home/hb/Git/Embedded/install/app_navigation:/opt/ros/humble /usr/bin/cmake --build /home/hb/Git/Embedded/build/turtlebot3_manipulation_gazebo -- -j16 -l16
[1.274s] [ 20%] Built target StorageDoorRos2Plugin
[1.274s] [ 40%] Built target ElevatorRos2Plugin
[1.274s] [ 60%] Built target CoordinatorRos2Plugin
[1.275s] [ 80%] Built target AptDoorRos2Plugin
[1.275s] [100%] Built target BoxControlPlugin
[1.298s] Invoked command in '/home/hb/Git/Embedded/build/turtlebot3_manipulation_gazebo' returned '0': CMAKE_PREFIX_PATH=${CMAKE_PREFIX_PATH}:/home/hb/Git/Embedded/install/turtlebot3_teleop:/home/hb/Git/Embedded/install/turtlebot3_example:/home/hb/Git/Embedded/install/robot_web_interface:/home/hb/Git/Embedded/install/delivery_interface:/home/hb/Git/Embedded/install/app_navigation:/opt/ros/humble /usr/bin/cmake --build /home/hb/Git/Embedded/build/turtlebot3_manipulation_gazebo -- -j16 -l16
[1.300s] Invoking command in '/home/hb/Git/Embedded/build/turtlebot3_manipulation_gazebo': CMAKE_PREFIX_PATH=${CMAKE_PREFIX_PATH}:/home/hb/Git/Embedded/install/turtlebot3_teleop:/home/hb/Git/Embedded/install/turtlebot3_example:/home/hb/Git/Embedded/install/robot_web_interface:/home/hb/Git/Embedded/install/delivery_interface:/home/hb/Git/Embedded/install/app_navigation:/opt/ros/humble /usr/bin/cmake --install /home/hb/Git/Embedded/build/turtlebot3_manipulation_gazebo
[1.334s] -- Install configuration: ""
[1.334s] -- Up-to-date: /home/hb/Git/Embedded/install/turtlebot3_manipulation_gazebo/lib/libElevatorRos2Plugin.so
[1.334s] -- Up-to-date: /home/hb/Git/Embedded/install/turtlebot3_manipulation_gazebo/lib/libAptDoorRos2Plugin.so
[1.334s] -- Up-to-date: /home/hb/Git/Embedded/install/turtlebot3_manipulation_gazebo/lib/libCoordinatorRos2Plugin.so
[1.334s] -- Up-to-date: /home/hb/Git/Embedded/install/turtlebot3_manipulation_gazebo/lib/libStorageDoorRos2Plugin.so
[1.334s] -- Up-to-date: /home/hb/Git/Embedded/install/turtlebot3_manipulation_gazebo/lib/libBoxControlPlugin.so
[1.334s] -- Up-to-date: /home/hb/Git/Embedded/install/turtlebot3_manipulation_gazebo/share/turtlebot3_manipulation_gazebo/config
[1.334s] -- Up-to-date: /home/hb/Git/Embedded/install/turtlebot3_manipulation_gazebo/share/turtlebot3_manipulation_gazebo/config/gazebo_controller_manager.yaml
[1.334s] -- Up-to-date: /home/hb/Git/Embedded/install/turtlebot3_manipulation_gazebo/share/turtlebot3_manipulation_gazebo/config/hardware_controller_manager.yaml
[1.334s] -- Up-to-date: /home/hb/Git/Embedded/install/turtlebot3_manipulation_gazebo/share/turtlebot3_manipulation_gazebo/gazebo
[1.334s] -- Up-to-date: /home/hb/Git/Embedded/install/turtlebot3_manipulation_gazebo/share/turtlebot3_manipulation_gazebo/gazebo/open_manipulator_x.gazebo.xacro
[1.334s] -- Up-to-date: /home/hb/Git/Embedded/install/turtlebot3_manipulation_gazebo/share/turtlebot3_manipulation_gazebo/gazebo/turtlebot3_waffle_pi.gazebo.xacro
[1.334s] -- Up-to-date: /home/hb/Git/Embedded/install/turtlebot3_manipulation_gazebo/share/turtlebot3_manipulation_gazebo/gazebo/materials.xacro
[1.334s] -- Up-to-date: /home/hb/Git/Embedded/install/turtlebot3_manipulation_gazebo/share/turtlebot3_manipulation_gazebo/launch
[1.334s] -- Up-to-date: /home/hb/Git/Embedded/install/turtlebot3_manipulation_gazebo/share/turtlebot3_manipulation_gazebo/launch/gazebo.launch.py
[1.334s] -- Up-to-date: /home/hb/Git/Embedded/install/turtlebot3_manipulation_gazebo/share/turtlebot3_manipulation_gazebo/launch/gazebo.launch_backup.py
[1.335s] -- Up-to-date: /home/hb/Git/Embedded/install/turtlebot3_manipulation_gazebo/share/turtlebot3_manipulation_gazebo/launch/fake.launch.py
[1.335s] -- Up-to-date: /home/hb/Git/Embedded/install/turtlebot3_manipulation_gazebo/share/turtlebot3_manipulation_gazebo/launch/turtlebot3_home_service_challenge.launch_backup.py
[1.335s] -- Up-to-date: /home/hb/Git/Embedded/install/turtlebot3_manipulation_gazebo/share/turtlebot3_manipulation_gazebo/launch/turtlebot3_home_service_challenge.launch.py
[1.335s] -- Up-to-date: /home/hb/Git/Embedded/install/turtlebot3_manipulation_gazebo/share/turtlebot3_manipulation_gazebo/launch/base.launch.py
[1.335s] -- Up-to-date: /home/hb/Git/Embedded/install/turtlebot3_manipulation_gazebo/share/turtlebot3_manipulation_gazebo/ros2_control
[1.335s] -- Up-to-date: /home/hb/Git/Embedded/install/turtlebot3_manipulation_gazebo/share/turtlebot3_manipulation_gazebo/ros2_control/turtlebot3_manipulation_system.ros2_control.xacro
[1.335s] -- Up-to-date: /home/hb/Git/Embedded/install/turtlebot3_manipulation_gazebo/share/turtlebot3_manipulation_gazebo/rviz
[1.335s] -- Up-to-date: /home/hb/Git/Embedded/install/turtlebot3_manipulation_gazebo/share/turtlebot3_manipulation_gazebo/rviz/turtlebot3_manipulation.rviz
[1.335s] -- Up-to-date: /home/hb/Git/Embedded/install/turtlebot3_manipulation_gazebo/share/turtlebot3_manipulation_gazebo/urdf
[1.335s] -- Up-to-date: /home/hb/Git/Embedded/install/turtlebot3_manipulation_gazebo/share/turtlebot3_manipulation_gazebo/urdf/turtlebot3_manipulation.urdf.xacro
[1.335s] -- Up-to-date: /home/hb/Git/Embedded/install/turtlebot3_manipulation_gazebo/share/turtlebot3_manipulation_gazebo/urdf/open_manipulator_x.urdf.xacro
[1.335s] -- Installing: /home/hb/Git/Embedded/install/turtlebot3_manipulation_gazebo/share/turtlebot3_manipulation_gazebo/urdf/turtlebot3_waffle_pi.urdf.xacro
[1.335s] -- Up-to-date: /home/hb/Git/Embedded/install/turtlebot3_manipulation_gazebo/share/turtlebot3_manipulation_gazebo/worlds
[1.336s] -- Up-to-date: /home/hb/Git/Embedded/install/turtlebot3_manipulation_gazebo/share/turtlebot3_manipulation_gazebo/worlds/outer.world
[1.336s] -- Up-to-date: /home/hb/Git/Embedded/install/turtlebot3_manipulation_gazebo/share/turtlebot3_manipulation_gazebo/worlds/turtlebot3_home_service_challenge.world
[1.336s] -- Up-to-date: /home/hb/Git/Embedded/install/turtlebot3_manipulation_gazebo/share/turtlebot3_manipulation_gazebo/models
[1.337s] -- Up-to-date: /home/hb/Git/Embedded/install/turtlebot3_manipulation_gazebo/share/turtlebot3_manipulation_gazebo/models/turtlebot3_home_service_challenge
[1.337s] -- Up-to-date: /home/hb/Git/Embedded/install/turtlebot3_manipulation_gazebo/share/turtlebot3_manipulation_gazebo/models/turtlebot3_home_service_challenge/marker6
[1.337s] -- Up-to-date: /home/hb/Git/Embedded/install/turtlebot3_manipulation_gazebo/share/turtlebot3_manipulation_gazebo/models/turtlebot3_home_service_challenge/marker6/model.config
[1.337s] -- Up-to-date: /home/hb/Git/Embedded/install/turtlebot3_manipulation_gazebo/share/turtlebot3_manipulation_gazebo/models/turtlebot3_home_service_challenge/marker6/model-1_4.sdf
[1.337s] -- Up-to-date: /home/hb/Git/Embedded/install/turtlebot3_manipulation_gazebo/share/turtlebot3_manipulation_gazebo/models/turtlebot3_home_service_challenge/marker6/model.sdf
[1.337s] -- Up-to-date: /home/hb/Git/Embedded/install/turtlebot3_manipulation_gazebo/share/turtlebot3_manipulation_gazebo/models/turtlebot3_home_service_challenge/marker6/meshes
[1.337s] -- Up-to-date: /home/hb/Git/Embedded/install/turtlebot3_manipulation_gazebo/share/turtlebot3_manipulation_gazebo/models/turtlebot3_home_service_challenge/marker6/meshes/Marker6.dae
[1.337s] -- Up-to-date: /home/hb/Git/Embedded/install/turtlebot3_manipulation_gazebo/share/turtlebot3_manipulation_gazebo/models/turtlebot3_home_service_challenge/marker6/model-1_5.sdf
[1.338s] -- Up-to-date: /home/hb/Git/Embedded/install/turtlebot3_manipulation_gazebo/share/turtlebot3_manipulation_gazebo/models/turtlebot3_home_service_challenge/marker6/materials
[1.338s] -- Up-to-date: /home/hb/Git/Embedded/install/turtlebot3_manipulation_gazebo/share/turtlebot3_manipulation_gazebo/models/turtlebot3_home_service_challenge/marker6/materials/textures
[1.338s] -- Up-to-date: /home/hb/Git/Embedded/install/turtlebot3_manipulation_gazebo/share/turtlebot3_manipulation_gazebo/models/turtlebot3_home_service_challenge/marker6/materials/textures/Marker6.png
[1.338s] -- Up-to-date: /home/hb/Git/Embedded/install/turtlebot3_manipulation_gazebo/share/turtlebot3_manipulation_gazebo/models/turtlebot3_home_service_challenge/marker1
[1.339s] -- Up-to-date: /home/hb/Git/Embedded/install/turtlebot3_manipulation_gazebo/share/turtlebot3_manipulation_gazebo/models/turtlebot3_home_service_challenge/marker1/model.config
[1.339s] -- Up-to-date: /home/hb/Git/Embedded/install/turtlebot3_manipulation_gazebo/share/turtlebot3_manipulation_gazebo/models/turtlebot3_home_service_challenge/marker1/model-1_4.sdf
[1.339s] -- Up-to-date: /home/hb/Git/Embedded/install/turtlebot3_manipulation_gazebo/share/turtlebot3_manipulation_gazebo/models/turtlebot3_home_service_challenge/marker1/model.sdf
[1.340s] -- Up-to-date: /home/hb/Git/Embedded/install/turtlebot3_manipulation_gazebo/share/turtlebot3_manipulation_gazebo/models/turtlebot3_home_service_challenge/marker1/meshes
[1.341s] -- Up-to-date: /home/hb/Git/Embedded/install/turtlebot3_manipulation_gazebo/share/turtlebot3_manipulation_gazebo/models/turtlebot3_home_service_challenge/marker1/meshes/Marker1.dae
[1.342s] -- Up-to-date: /home/hb/Git/Embedded/install/turtlebot3_manipulation_gazebo/share/turtlebot3_manipulation_gazebo/models/turtlebot3_home_service_challenge/marker1/model-1_5.sdf
[1.342s] -- Up-to-date: /home/hb/Git/Embedded/install/turtlebot3_manipulation_gazebo/share/turtlebot3_manipulation_gazebo/models/turtlebot3_home_service_challenge/marker1/materials
[1.342s] -- Up-to-date: /home/hb/Git/Embedded/install/turtlebot3_manipulation_gazebo/share/turtlebot3_manipulation_gazebo/models/turtlebot3_home_service_challenge/marker1/materials/textures
[1.342s] -- Up-to-date: /home/hb/Git/Embedded/install/turtlebot3_manipulation_gazebo/share/turtlebot3_manipulation_gazebo/models/turtlebot3_home_service_challenge/marker1/materials/textures/Marker1.png
[1.343s] -- Up-to-date: /home/hb/Git/Embedded/install/turtlebot3_manipulation_gazebo/share/turtlebot3_manipulation_gazebo/models/turtlebot3_home_service_challenge/marker8
[1.344s] -- Up-to-date: /home/hb/Git/Embedded/install/turtlebot3_manipulation_gazebo/share/turtlebot3_manipulation_gazebo/models/turtlebot3_home_service_challenge/marker8/model.config
[1.344s] -- Up-to-date: /home/hb/Git/Embedded/install/turtlebot3_manipulation_gazebo/share/turtlebot3_manipulation_gazebo/models/turtlebot3_home_service_challenge/marker8/model-1_4.sdf
[1.344s] -- Up-to-date: /home/hb/Git/Embedded/install/turtlebot3_manipulation_gazebo/share/turtlebot3_manipulation_gazebo/models/turtlebot3_home_service_challenge/marker8/model.sdf
[1.344s] -- Up-to-date: /home/hb/Git/Embedded/install/turtlebot3_manipulation_gazebo/share/turtlebot3_manipulation_gazebo/models/turtlebot3_home_service_challenge/marker8/meshes
[1.344s] -- Up-to-date: /home/hb/Git/Embedded/install/turtlebot3_manipulation_gazebo/share/turtlebot3_manipulation_gazebo/models/turtlebot3_home_service_challenge/marker8/meshes/Marker8.dae
[1.344s] -- Up-to-date: /home/hb/Git/Embedded/install/turtlebot3_manipulation_gazebo/share/turtlebot3_manipulation_gazebo/models/turtlebot3_home_service_challenge/marker8/model-1_5.sdf
[1.344s] -- Up-to-date: /home/hb/Git/Embedded/install/turtlebot3_manipulation_gazebo/share/turtlebot3_manipulation_gazebo/models/turtlebot3_home_service_challenge/marker8/materials
[1.344s] -- Up-to-date: /home/hb/Git/Embedded/install/turtlebot3_manipulation_gazebo/share/turtlebot3_manipulation_gazebo/models/turtlebot3_home_service_challenge/marker8/materials/textures
[1.344s] -- Up-to-date: /home/hb/Git/Embedded/install/turtlebot3_manipulation_gazebo/share/turtlebot3_manipulation_gazebo/models/turtlebot3_home_service_challenge/marker8/materials/textures/Marker8.png
[1.345s] -- Up-to-date: /home/hb/Git/Embedded/install/turtlebot3_manipulation_gazebo/share/turtlebot3_manipulation_gazebo/models/turtlebot3_home_service_challenge/marker0
[1.345s] -- Up-to-date: /home/hb/Git/Embedded/install/turtlebot3_manipulation_gazebo/share/turtlebot3_manipulation_gazebo/models/turtlebot3_home_service_challenge/marker0/model.config
[1.345s] -- Up-to-date: /home/hb/Git/Embedded/install/turtlebot3_manipulation_gazebo/share/turtlebot3_manipulation_gazebo/models/turtlebot3_home_service_challenge/marker0/model-1_4.sdf
[1.345s] -- Up-to-date: /home/hb/Git/Embedded/install/turtlebot3_manipulation_gazebo/share/turtlebot3_manipulation_gazebo/models/turtlebot3_home_service_challenge/marker0/model.sdf
[1.345s] -- Up-to-date: /home/hb/Git/Embedded/install/turtlebot3_manipulation_gazebo/share/turtlebot3_manipulation_gazebo/models/turtlebot3_home_service_challenge/marker0/meshes
[1.345s] -- Up-to-date: /home/hb/Git/Embedded/install/turtlebot3_manipulation_gazebo/share/turtlebot3_manipulation_gazebo/models/turtlebot3_home_service_challenge/marker0/meshes/Marker0.dae
[1.346s] -- Up-to-date: /home/hb/Git/Embedded/install/turtlebot3_manipulation_gazebo/share/turtlebot3_manipulation_gazebo/models/turtlebot3_home_service_challenge/marker0/model-1_5.sdf
[1.346s] -- Up-to-date: /home/hb/Git/Embedded/install/turtlebot3_manipulation_gazebo/share/turtlebot3_manipulation_gazebo/models/turtlebot3_home_service_challenge/marker0/materials
[1.346s] -- Up-to-date: /home/hb/Git/Embedded/install/turtlebot3_manipulation_gazebo/share/turtlebot3_manipulation_gazebo/models/turtlebot3_home_service_challenge/marker0/materials/textures
[1.346s] -- Up-to-date: /home/hb/Git/Embedded/install/turtlebot3_manipulation_gazebo/share/turtlebot3_manipulation_gazebo/models/turtlebot3_home_service_challenge/marker0/materials/textures/Marker0.png
[1.346s] -- Up-to-date: /home/hb/Git/Embedded/install/turtlebot3_manipulation_gazebo/share/turtlebot3_manipulation_gazebo/models/turtlebot3_home_service_challenge/marker3
[1.346s] -- Up-to-date: /home/hb/Git/Embedded/install/turtlebot3_manipulation_gazebo/share/turtlebot3_manipulation_gazebo/models/turtlebot3_home_service_challenge/marker3/model.config
[1.346s] -- Up-to-date: /home/hb/Git/Embedded/install/turtlebot3_manipulation_gazebo/share/turtlebot3_manipulation_gazebo/models/turtlebot3_home_service_challenge/marker3/model-1_4.sdf
[1.346s] -- Up-to-date: /home/hb/Git/Embedded/install/turtlebot3_manipulation_gazebo/share/turtlebot3_manipulation_gazebo/models/turtlebot3_home_service_challenge/marker3/model.sdf
[1.347s] -- Up-to-date: /home/hb/Git/Embedded/install/turtlebot3_manipulation_gazebo/share/turtlebot3_manipulation_gazebo/models/turtlebot3_home_service_challenge/marker3/meshes
[1.347s] -- Up-to-date: /home/hb/Git/Embedded/install/turtlebot3_manipulation_gazebo/share/turtlebot3_manipulation_gazebo/models/turtlebot3_home_service_challenge/marker3/meshes/Marker3.dae
[1.348s] -- Up-to-date: /home/hb/Git/Embedded/install/turtlebot3_manipulation_gazebo/share/turtlebot3_manipulation_gazebo/models/turtlebot3_home_service_challenge/marker3/model-1_5.sdf
[1.348s] -- Up-to-date: /home/hb/Git/Embedded/install/turtlebot3_manipulation_gazebo/share/turtlebot3_manipulation_gazebo/models/turtlebot3_home_service_challenge/marker3/materials
[1.348s] -- Up-to-date: /home/hb/Git/Embedded/install/turtlebot3_manipulation_gazebo/share/turtlebot3_manipulation_gazebo/models/turtlebot3_home_service_challenge/marker3/materials/textures
[1.348s] -- Up-to-date: /home/hb/Git/Embedded/install/turtlebot3_manipulation_gazebo/share/turtlebot3_manipulation_gazebo/models/turtlebot3_home_service_challenge/marker3/materials/textures/Marker3.png
[1.348s] -- Up-to-date: /home/hb/Git/Embedded/install/turtlebot3_manipulation_gazebo/share/turtlebot3_manipulation_gazebo/models/turtlebot3_home_service_challenge/marker2
[1.348s] -- Up-to-date: /home/hb/Git/Embedded/install/turtlebot3_manipulation_gazebo/share/turtlebot3_manipulation_gazebo/models/turtlebot3_home_service_challenge/marker2/model.config
[1.348s] -- Up-to-date: /home/hb/Git/Embedded/install/turtlebot3_manipulation_gazebo/share/turtlebot3_manipulation_gazebo/models/turtlebot3_home_service_challenge/marker2/model-1_4.sdf
[1.348s] -- Up-to-date: /home/hb/Git/Embedded/install/turtlebot3_manipulation_gazebo/share/turtlebot3_manipulation_gazebo/models/turtlebot3_home_service_challenge/marker2/model.sdf
[1.348s] -- Up-to-date: /home/hb/Git/Embedded/install/turtlebot3_manipulation_gazebo/share/turtlebot3_manipulation_gazebo/models/turtlebot3_home_service_challenge/marker2/meshes
[1.348s] -- Up-to-date: /home/hb/Git/Embedded/install/turtlebot3_manipulation_gazebo/share/turtlebot3_manipulation_gazebo/models/turtlebot3_home_service_challenge/marker2/meshes/Marker2.dae
[1.349s] -- Up-to-date: /home/hb/Git/Embedded/install/turtlebot3_manipulation_gazebo/share/turtlebot3_manipulation_gazebo/models/turtlebot3_home_service_challenge/marker2/model-1_5.sdf
[1.349s] -- Up-to-date: /home/hb/Git/Embedded/install/turtlebot3_manipulation_gazebo/share/turtlebot3_manipulation_gazebo/models/turtlebot3_home_service_challenge/marker2/materials
[1.349s] -- Up-to-date: /home/hb/Git/Embedded/install/turtlebot3_manipulation_gazebo/share/turtlebot3_manipulation_gazebo/models/turtlebot3_home_service_challenge/marker2/materials/textures
[1.350s] -- Up-to-date: /home/hb/Git/Embedded/install/turtlebot3_manipulation_gazebo/share/turtlebot3_manipulation_gazebo/models/turtlebot3_home_service_challenge/marker2/materials/textures/Marker2.png
[1.351s] -- Up-to-date: /home/hb/Git/Embedded/install/turtlebot3_manipulation_gazebo/share/turtlebot3_manipulation_gazebo/models/turtlebot3_home_service_challenge/marker7
[1.351s] -- Up-to-date: /home/hb/Git/Embedded/install/turtlebot3_manipulation_gazebo/share/turtlebot3_manipulation_gazebo/models/turtlebot3_home_service_challenge/marker7/model.config
[1.352s] -- Up-to-date: /home/hb/Git/Embedded/install/turtlebot3_manipulation_gazebo/share/turtlebot3_manipulation_gazebo/models/turtlebot3_home_service_challenge/marker7/model-1_4.sdf
[1.352s] -- Up-to-date: /home/hb/Git/Embedded/install/turtlebot3_manipulation_gazebo/share/turtlebot3_manipulation_gazebo/models/turtlebot3_home_service_challenge/marker7/model.sdf
[1.353s] -- Up-to-date: /home/hb/Git/Embedded/install/turtlebot3_manipulation_gazebo/share/turtlebot3_manipulation_gazebo/models/turtlebot3_home_service_challenge/marker7/meshes
[1.353s] -- Up-to-date: /home/hb/Git/Embedded/install/turtlebot3_manipulation_gazebo/share/turtlebot3_manipulation_gazebo/models/turtlebot3_home_service_challenge/marker7/meshes/Marker7.dae
[1.353s] -- Up-to-date: /home/hb/Git/Embedded/install/turtlebot3_manipulation_gazebo/share/turtlebot3_manipulation_gazebo/models/turtlebot3_home_service_challenge/marker7/model-1_5.sdf
[1.353s] -- Up-to-date: /home/hb/Git/Embedded/install/turtlebot3_manipulation_gazebo/share/turtlebot3_manipulation_gazebo/models/turtlebot3_home_service_challenge/marker7/materials
[1.354s] -- Up-to-date: /home/hb/Git/Embedded/install/turtlebot3_manipulation_gazebo/share/turtlebot3_manipulation_gazebo/models/turtlebot3_home_service_challenge/marker7/materials/textures
[1.354s] -- Up-to-date: /home/hb/Git/Embedded/install/turtlebot3_manipulation_gazebo/share/turtlebot3_manipulation_gazebo/models/turtlebot3_home_service_challenge/marker7/materials/textures/Marker7.png
[1.354s] -- Up-to-date: /home/hb/Git/Embedded/install/turtlebot3_manipulation_gazebo/share/turtlebot3_manipulation_gazebo/models/turtlebot3_home_service_challenge/marker9
[1.354s] -- Up-to-date: /home/hb/Git/Embedded/install/turtlebot3_manipulation_gazebo/share/turtlebot3_manipulation_gazebo/models/turtlebot3_home_service_challenge/marker9/model.config
[1.354s] -- Up-to-date: /home/hb/Git/Embedded/install/turtlebot3_manipulation_gazebo/share/turtlebot3_manipulation_gazebo/models/turtlebot3_home_service_challenge/marker9/model-1_4.sdf
[1.354s] -- Up-to-date: /home/hb/Git/Embedded/install/turtlebot3_manipulation_gazebo/share/turtlebot3_manipulation_gazebo/models/turtlebot3_home_service_challenge/marker9/model.sdf
[1.354s] -- Up-to-date: /home/hb/Git/Embedded/install/turtlebot3_manipulation_gazebo/share/turtlebot3_manipulation_gazebo/models/turtlebot3_home_service_challenge/marker9/meshes
[1.355s] -- Up-to-date: /home/hb/Git/Embedded/install/turtlebot3_manipulation_gazebo/share/turtlebot3_manipulation_gazebo/models/turtlebot3_home_service_challenge/marker9/meshes/Marker9.dae
[1.355s] -- Up-to-date: /home/hb/Git/Embedded/install/turtlebot3_manipulation_gazebo/share/turtlebot3_manipulation_gazebo/models/turtlebot3_home_service_challenge/marker9/model-1_5.sdf
[1.355s] -- Up-to-date: /home/hb/Git/Embedded/install/turtlebot3_manipulation_gazebo/share/turtlebot3_manipulation_gazebo/models/turtlebot3_home_service_challenge/marker9/materials
[1.355s] -- Up-to-date: /home/hb/Git/Embedded/install/turtlebot3_manipulation_gazebo/share/turtlebot3_manipulation_gazebo/models/turtlebot3_home_service_challenge/marker9/materials/textures
[1.355s] -- Up-to-date: /home/hb/Git/Embedded/install/turtlebot3_manipulation_gazebo/share/turtlebot3_manipulation_gazebo/models/turtlebot3_home_service_challenge/marker9/materials/textures/Marker9.png
[1.355s] -- Up-to-date: /home/hb/Git/Embedded/install/turtlebot3_manipulation_gazebo/share/turtlebot3_manipulation_gazebo/models/turtlebot3_home_service_challenge/marker5
[1.356s] -- Up-to-date: /home/hb/Git/Embedded/install/turtlebot3_manipulation_gazebo/share/turtlebot3_manipulation_gazebo/models/turtlebot3_home_service_challenge/marker5/model.config
[1.356s] -- Up-to-date: /home/hb/Git/Embedded/install/turtlebot3_manipulation_gazebo/share/turtlebot3_manipulation_gazebo/models/turtlebot3_home_service_challenge/marker5/model-1_4.sdf
[1.356s] -- Up-to-date: /home/hb/Git/Embedded/install/turtlebot3_manipulation_gazebo/share/turtlebot3_manipulation_gazebo/models/turtlebot3_home_service_challenge/marker5/model.sdf
[1.356s] -- Up-to-date: /home/hb/Git/Embedded/install/turtlebot3_manipulation_gazebo/share/turtlebot3_manipulation_gazebo/models/turtlebot3_home_service_challenge/marker5/meshes
[1.356s] -- Up-to-date: /home/hb/Git/Embedded/install/turtlebot3_manipulation_gazebo/share/turtlebot3_manipulation_gazebo/models/turtlebot3_home_service_challenge/marker5/meshes/Marker5.dae
[1.356s] -- Up-to-date: /home/hb/Git/Embedded/install/turtlebot3_manipulation_gazebo/share/turtlebot3_manipulation_gazebo/models/turtlebot3_home_service_challenge/marker5/model-1_5.sdf
[1.356s] -- Up-to-date: /home/hb/Git/Embedded/install/turtlebot3_manipulation_gazebo/share/turtlebot3_manipulation_gazebo/models/turtlebot3_home_service_challenge/marker5/materials
[1.356s] -- Up-to-date: /home/hb/Git/Embedded/install/turtlebot3_manipulation_gazebo/share/turtlebot3_manipulation_gazebo/models/turtlebot3_home_service_challenge/marker5/materials/textures
[1.356s] -- Up-to-date: /home/hb/Git/Embedded/install/turtlebot3_manipulation_gazebo/share/turtlebot3_manipulation_gazebo/models/turtlebot3_home_service_challenge/marker5/materials/textures/Marker5.png
[1.357s] -- Up-to-date: /home/hb/Git/Embedded/install/turtlebot3_manipulation_gazebo/share/turtlebot3_manipulation_gazebo/models/turtlebot3_home_service_challenge/marker4
[1.357s] -- Up-to-date: /home/hb/Git/Embedded/install/turtlebot3_manipulation_gazebo/share/turtlebot3_manipulation_gazebo/models/turtlebot3_home_service_challenge/marker4/model.config
[1.357s] -- Up-to-date: /home/hb/Git/Embedded/install/turtlebot3_manipulation_gazebo/share/turtlebot3_manipulation_gazebo/models/turtlebot3_home_service_challenge/marker4/model-1_4.sdf
[1.357s] -- Up-to-date: /home/hb/Git/Embedded/install/turtlebot3_manipulation_gazebo/share/turtlebot3_manipulation_gazebo/models/turtlebot3_home_service_challenge/marker4/model.sdf
[1.357s] -- Up-to-date: /home/hb/Git/Embedded/install/turtlebot3_manipulation_gazebo/share/turtlebot3_manipulation_gazebo/models/turtlebot3_home_service_challenge/marker4/meshes
[1.357s] -- Up-to-date: /home/hb/Git/Embedded/install/turtlebot3_manipulation_gazebo/share/turtlebot3_manipulation_gazebo/models/turtlebot3_home_service_challenge/marker4/meshes/Marker4.dae
[1.357s] -- Up-to-date: /home/hb/Git/Embedded/install/turtlebot3_manipulation_gazebo/share/turtlebot3_manipulation_gazebo/models/turtlebot3_home_service_challenge/marker4/model-1_5.sdf
[1.357s] -- Up-to-date: /home/hb/Git/Embedded/install/turtlebot3_manipulation_gazebo/share/turtlebot3_manipulation_gazebo/models/turtlebot3_home_service_challenge/marker4/materials
[1.357s] -- Up-to-date: /home/hb/Git/Embedded/install/turtlebot3_manipulation_gazebo/share/turtlebot3_manipulation_gazebo/models/turtlebot3_home_service_challenge/marker4/materials/textures
[1.358s] -- Up-to-date: /home/hb/Git/Embedded/install/turtlebot3_manipulation_gazebo/share/turtlebot3_manipulation_gazebo/models/turtlebot3_home_service_challenge/marker4/materials/textures/Marker4.png
[1.358s] -- Up-to-date: /home/hb/Git/Embedded/install/turtlebot3_manipulation_gazebo/share/turtlebot3_manipulation_gazebo/models/small_red_box
[1.358s] -- Up-to-date: /home/hb/Git/Embedded/install/turtlebot3_manipulation_gazebo/share/turtlebot3_manipulation_gazebo/models/small_red_box/model.config
[1.358s] -- Up-to-date: /home/hb/Git/Embedded/install/turtlebot3_manipulation_gazebo/share/turtlebot3_manipulation_gazebo/models/small_red_box/model.sdf
[1.358s] -- Up-to-date: /home/hb/Git/Embedded/install/turtlebot3_manipulation_gazebo/share/turtlebot3_manipulation_gazebo/meshes
[1.358s] -- Up-to-date: /home/hb/Git/Embedded/install/turtlebot3_manipulation_gazebo/share/turtlebot3_manipulation_gazebo/meshes/turtlebot3_waffle_pi
[1.365s] -- Up-to-date: /home/hb/Git/Embedded/install/turtlebot3_manipulation_gazebo/share/turtlebot3_manipulation_gazebo/meshes/turtlebot3_waffle_pi/right_tire.stl
[1.365s] -- Up-to-date: /home/hb/Git/Embedded/install/turtlebot3_manipulation_gazebo/share/turtlebot3_manipulation_gazebo/meshes/turtlebot3_waffle_pi/left_tire.stl
[1.365s] -- Up-to-date: /home/hb/Git/Embedded/install/turtlebot3_manipulation_gazebo/share/turtlebot3_manipulation_gazebo/meshes/turtlebot3_waffle_pi/ladar.stl
[1.365s] -- Up-to-date: /home/hb/Git/Embedded/install/turtlebot3_manipulation_gazebo/share/turtlebot3_manipulation_gazebo/meshes/turtlebot3_waffle_pi/base.stl
[1.365s] -- Up-to-date: /home/hb/Git/Embedded/install/turtlebot3_manipulation_gazebo/share/turtlebot3_manipulation_gazebo/meshes/open_manipulator_x
[1.387s] -- Up-to-date: /home/hb/Git/Embedded/install/turtlebot3_manipulation_gazebo/share/turtlebot3_manipulation_gazebo/meshes/open_manipulator_x/link3.stl
[1.387s] -- Up-to-date: /home/hb/Git/Embedded/install/turtlebot3_manipulation_gazebo/share/turtlebot3_manipulation_gazebo/meshes/open_manipulator_x/link5.stl
[1.387s] -- Up-to-date: /home/hb/Git/Embedded/install/turtlebot3_manipulation_gazebo/share/turtlebot3_manipulation_gazebo/meshes/open_manipulator_x/link2.stl
[1.388s] -- Up-to-date: /home/hb/Git/Embedded/install/turtlebot3_manipulation_gazebo/share/turtlebot3_manipulation_gazebo/meshes/open_manipulator_x/gripper_right_palm.stl
[1.388s] -- Up-to-date: /home/hb/Git/Embedded/install/turtlebot3_manipulation_gazebo/share/turtlebot3_manipulation_gazebo/meshes/open_manipulator_x/link1.stl
[1.388s] -- Up-to-date: /home/hb/Git/Embedded/install/turtlebot3_manipulation_gazebo/share/turtlebot3_manipulation_gazebo/meshes/open_manipulator_x/gripper_left_palm.stl
[1.388s] -- Up-to-date: /home/hb/Git/Embedded/install/turtlebot3_manipulation_gazebo/share/turtlebot3_manipulation_gazebo/meshes/open_manipulator_x/link4.stl
[1.388s] -- Up-to-date: /home/hb/Git/Embedded/install/turtlebot3_manipulation_gazebo/share/ament_index/resource_index/package_run_dependencies/turtlebot3_manipulation_gazebo
[1.388s] -- Up-to-date: /home/hb/Git/Embedded/install/turtlebot3_manipulation_gazebo/share/ament_index/resource_index/parent_prefix_path/turtlebot3_manipulation_gazebo
[1.388s] -- Up-to-date: /home/hb/Git/Embedded/install/turtlebot3_manipulation_gazebo/share/turtlebot3_manipulation_gazebo/environment/ament_prefix_path.sh
[1.388s] -- Up-to-date: /home/hb/Git/Embedded/install/turtlebot3_manipulation_gazebo/share/turtlebot3_manipulation_gazebo/environment/ament_prefix_path.dsv
[1.389s] -- Up-to-date: /home/hb/Git/Embedded/install/turtlebot3_manipulation_gazebo/share/turtlebot3_manipulation_gazebo/environment/path.sh
[1.389s] -- Up-to-date: /home/hb/Git/Embedded/install/turtlebot3_manipulation_gazebo/share/turtlebot3_manipulation_gazebo/environment/path.dsv
[1.389s] -- Up-to-date: /home/hb/Git/Embedded/install/turtlebot3_manipulation_gazebo/share/turtlebot3_manipulation_gazebo/local_setup.bash
[1.389s] -- Up-to-date: /home/hb/Git/Embedded/install/turtlebot3_manipulation_gazebo/share/turtlebot3_manipulation_gazebo/local_setup.sh
[1.389s] -- Up-to-date: /home/hb/Git/Embedded/install/turtlebot3_manipulation_gazebo/share/turtlebot3_manipulation_gazebo/local_setup.zsh
[1.389s] -- Up-to-date: /home/hb/Git/Embedded/install/turtlebot3_manipulation_gazebo/share/turtlebot3_manipulation_gazebo/local_setup.dsv
[1.389s] -- Installing: /home/hb/Git/Embedded/install/turtlebot3_manipulation_gazebo/share/turtlebot3_manipulation_gazebo/package.dsv
[1.390s] -- Up-to-date: /home/hb/Git/Embedded/install/turtlebot3_manipulation_gazebo/share/ament_index/resource_index/packages/turtlebot3_manipulation_gazebo
[1.390s] -- Up-to-date: /home/hb/Git/Embedded/install/turtlebot3_manipulation_gazebo/share/turtlebot3_manipulation_gazebo/cmake/turtlebot3_manipulation_gazeboConfig.cmake
[1.390s] -- Up-to-date: /home/hb/Git/Embedded/install/turtlebot3_manipulation_gazebo/share/turtlebot3_manipulation_gazebo/cmake/turtlebot3_manipulation_gazeboConfig-version.cmake
[1.390s] -- Up-to-date: /home/hb/Git/Embedded/install/turtlebot3_manipulation_gazebo/share/turtlebot3_manipulation_gazebo/package.xml
[1.617s] Invoked command in '/home/hb/Git/Embedded/build/turtlebot3_manipulation_gazebo' returned '0': CMAKE_PREFIX_PATH=${CMAKE_PREFIX_PATH}:/home/hb/Git/Embedded/install/turtlebot3_teleop:/home/hb/Git/Embedded/install/turtlebot3_example:/home/hb/Git/Embedded/install/robot_web_interface:/home/hb/Git/Embedded/install/delivery_interface:/home/hb/Git/Embedded/install/app_navigation:/opt/ros/humble /usr/bin/cmake --install /home/hb/Git/Embedded/build/turtlebot3_manipulation_gazebo
