[2.283s] Invoking command in '/home/hb/Git/Embedded/src/robot_web_interface': PYTHONPATH=/home/hb/Git/Embedded/build/robot_web_interface/prefix_override:/usr/lib/python3/dist-packages/colcon_core/task/python/colcon_distutils_commands:/home/hb/Git/Embedded/install/robot_web_interface/lib/python3.10/site-packages:${PYTHONPATH} /usr/bin/python3 -W ignore:setup.py install is deprecated -W ignore:easy_install command is deprecated setup.py egg_info --egg-base ../../build/robot_web_interface build --build-base /home/hb/Git/Embedded/build/robot_web_interface/build install --record /home/hb/Git/Embedded/build/robot_web_interface/install.log --single-version-externally-managed install_data
[2.757s] running egg_info
[2.759s] writing ../../build/robot_web_interface/robot_web_interface.egg-info/PKG-INFO
[2.759s] writing dependency_links to ../../build/robot_web_interface/robot_web_interface.egg-info/dependency_links.txt
[2.759s] writing entry points to ../../build/robot_web_interface/robot_web_interface.egg-info/entry_points.txt
[2.759s] writing requirements to ../../build/robot_web_interface/robot_web_interface.egg-info/requires.txt
[2.760s] writing top-level names to ../../build/robot_web_interface/robot_web_interface.egg-info/top_level.txt
[2.762s] reading manifest file '../../build/robot_web_interface/robot_web_interface.egg-info/SOURCES.txt'
[2.764s] writing manifest file '../../build/robot_web_interface/robot_web_interface.egg-info/SOURCES.txt'
[2.764s] running build
[2.765s] running build_py
[2.765s] running install
[2.765s] running install_lib
[2.766s] running install_data
[2.766s] running install_egg_info
[2.769s] removing '/home/hb/Git/Embedded/install/robot_web_interface/lib/python3.10/site-packages/robot_web_interface-0.0.0-py3.10.egg-info' (and everything under it)
[2.770s] Copying ../../build/robot_web_interface/robot_web_interface.egg-info to /home/hb/Git/Embedded/install/robot_web_interface/lib/python3.10/site-packages/robot_web_interface-0.0.0-py3.10.egg-info
[2.771s] running install_scripts
[2.810s] Installing delivery_address_client script to /home/hb/Git/Embedded/install/robot_web_interface/lib/robot_web_interface
[2.810s] Installing robot_http_server script to /home/hb/Git/Embedded/install/robot_web_interface/lib/robot_web_interface
[2.810s] Installing robot_status_client script to /home/hb/Git/Embedded/install/robot_web_interface/lib/robot_web_interface
[2.810s] Installing robot_status_monitor script to /home/hb/Git/Embedded/install/robot_web_interface/lib/robot_web_interface
[2.810s] Installing turtlebot_status_monitor script to /home/hb/Git/Embedded/install/robot_web_interface/lib/robot_web_interface
[2.811s] writing list of installed files to '/home/hb/Git/Embedded/build/robot_web_interface/install.log'
[2.863s] Invoked command in '/home/hb/Git/Embedded/src/robot_web_interface' returned '0': PYTHONPATH=/home/hb/Git/Embedded/build/robot_web_interface/prefix_override:/usr/lib/python3/dist-packages/colcon_core/task/python/colcon_distutils_commands:/home/hb/Git/Embedded/install/robot_web_interface/lib/python3.10/site-packages:${PYTHONPATH} /usr/bin/python3 -W ignore:setup.py install is deprecated -W ignore:easy_install command is deprecated setup.py egg_info --egg-base ../../build/robot_web_interface build --build-base /home/hb/Git/Embedded/build/robot_web_interface/build install --record /home/hb/Git/Embedded/build/robot_web_interface/install.log --single-version-externally-managed install_data
