[0.057s] Invoking command in '/home/donggun/S13P21A501/Embedded/build/turtlebot3_msgs': CMAKE_PREFIX_PATH=/opt/ros/humble /usr/bin/cmake /home/donggun/S13P21A501/Embedded/src/turtlebot3_msgs -DCMAKE_INSTALL_PREFIX=/home/donggun/S13P21A501/Embedded/install/turtlebot3_msgs
[2.679s] -- The C compiler identification is GNU 11.4.0
[2.680s] -- The CXX compiler identification is GNU 11.4.0
[2.680s] -- Detecting C compiler ABI info
[2.680s] -- Detecting C compiler ABI info - done
[2.680s] -- Check for working C compiler: /usr/bin/cc - skipped
[2.680s] -- Detecting C compile features
[2.680s] -- Detecting C compile features - done
[2.681s] -- Detecting CXX compiler ABI info
[2.681s] -- Detecting CXX compiler ABI info - done
[2.681s] -- Check for working CXX compiler: /usr/bin/c++ - skipped
[2.681s] -- Detecting CXX compile features
[2.681s] -- Detecting CXX compile features - done
[2.681s] -- Found action_msgs: 1.2.2 (/opt/ros/humble/share/action_msgs/cmake)
[2.681s] -- Found Python3: /usr/bin/python3 (found version "3.10.12") found components: Interpreter 
[2.681s] -- Found rosidl_generator_c: 3.1.7 (/opt/ros/humble/share/rosidl_generator_c/cmake)
[2.681s] -- Found rosidl_adapter: 3.1.7 (/opt/ros/humble/share/rosidl_adapter/cmake)
[2.681s] -- Found rosidl_generator_cpp: 3.1.7 (/opt/ros/humble/share/rosidl_generator_cpp/cmake)
[2.681s] -- Using all available rosidl_typesupport_c: rosidl_typesupport_fastrtps_c;rosidl_typesupport_introspection_c
[2.681s] -- Using all available rosidl_typesupport_cpp: rosidl_typesupport_fastrtps_cpp;rosidl_typesupport_introspection_cpp
[2.681s] -- Found rosidl_default_generators: 1.2.0 (/opt/ros/humble/share/rosidl_default_generators/cmake)
[2.682s] -- Found std_msgs: 4.9.0 (/opt/ros/humble/share/std_msgs/cmake)
[2.682s] -- Found geometry_msgs: 4.9.0 (/opt/ros/humble/share/geometry_msgs/cmake)
[2.682s] -- Found ament_cmake_cppcheck: 0.12.14 (/opt/ros/humble/share/ament_cmake_cppcheck/cmake)
[2.682s] -- Found ament_cmake_cpplint: 0.12.14 (/opt/ros/humble/share/ament_cmake_cpplint/cmake)
[2.682s] -- Found ament_cmake_uncrustify: 0.12.14 (/opt/ros/humble/share/ament_cmake_uncrustify/cmake)
[2.683s] -- Found ament_cmake_ros: 0.10.0 (/opt/ros/humble/share/ament_cmake_ros/cmake)
[3.505s] -- Using all available rosidl_typesupport_c: rosidl_typesupport_fastrtps_c;rosidl_typesupport_introspection_c
[3.825s] -- Using all available rosidl_typesupport_cpp: rosidl_typesupport_fastrtps_cpp;rosidl_typesupport_introspection_cpp
[3.856s] -- Found PythonInterp: /usr/bin/python3 (found suitable version "3.10.12", minimum required is "3.6") 
[3.858s] -- Found python_cmake_module: 0.10.0 (/opt/ros/humble/share/python_cmake_module/cmake)
[3.904s] -- Found PythonLibs: /usr/lib/x86_64-linux-gnu/libpython3.10.so (found suitable version "3.10.12", minimum required is "3.5") 
[3.904s] -- Using PYTHON_EXECUTABLE: /usr/bin/python3
[3.904s] -- Using PYTHON_INCLUDE_DIRS: /usr/include/python3.10
[3.904s] -- Using PYTHON_LIBRARIES: /usr/lib/x86_64-linux-gnu/libpython3.10.so
[3.944s] -- Found PythonExtra: .so  
[4.058s] -- Found ament_cmake_flake8: 0.12.14 (/opt/ros/humble/share/ament_cmake_flake8/cmake)
[4.060s] -- Found ament_cmake_pep257: 0.12.14 (/opt/ros/humble/share/ament_cmake_pep257/cmake)
[4.077s] -- Configuring done
[4.160s] -- Generating done
[4.186s] -- Build files have been written to: /home/donggun/S13P21A501/Embedded/build/turtlebot3_msgs
[4.213s] Invoked command in '/home/donggun/S13P21A501/Embedded/build/turtlebot3_msgs' returned '0': CMAKE_PREFIX_PATH=/opt/ros/humble /usr/bin/cmake /home/donggun/S13P21A501/Embedded/src/turtlebot3_msgs -DCMAKE_INSTALL_PREFIX=/home/donggun/S13P21A501/Embedded/install/turtlebot3_msgs
[4.214s] Invoking command in '/home/donggun/S13P21A501/Embedded/build/turtlebot3_msgs': CMAKE_PREFIX_PATH=/opt/ros/humble /usr/bin/cmake --build /home/donggun/S13P21A501/Embedded/build/turtlebot3_msgs -- -j16 -l16
[4.292s] [  1%] [34m[1mGenerating C code for ROS interfaces[0m
[4.309s] [  2%] [34m[1mGenerating C++ code for ROS interfaces[0m
[4.336s] [  2%] Built target ament_cmake_python_copy_turtlebot3_msgs
[5.358s] running egg_info
[5.370s] creating turtlebot3_msgs.egg-info
[5.543s] writing turtlebot3_msgs.egg-info/PKG-INFO
[5.543s] writing dependency_links to turtlebot3_msgs.egg-info/dependency_links.txt
[5.543s] writing top-level names to turtlebot3_msgs.egg-info/top_level.txt
[5.546s] writing manifest file 'turtlebot3_msgs.egg-info/SOURCES.txt'
[5.875s] reading manifest file 'turtlebot3_msgs.egg-info/SOURCES.txt'
[5.879s] writing manifest file 'turtlebot3_msgs.egg-info/SOURCES.txt'
[6.070s] [  2%] Built target ament_cmake_python_build_turtlebot3_msgs_egg
[7.100s] [  3%] [32mBuilding C object CMakeFiles/turtlebot3_msgs__rosidl_generator_c.dir/rosidl_generator_c/turtlebot3_msgs/msg/detail/sensor_state__functions.c.o[0m
[7.105s] [  5%] [32mBuilding C object CMakeFiles/turtlebot3_msgs__rosidl_generator_c.dir/rosidl_generator_c/turtlebot3_msgs/msg/detail/sound__functions.c.o[0m
[7.111s] [  6%] [32mBuilding C object CMakeFiles/turtlebot3_msgs__rosidl_generator_c.dir/rosidl_generator_c/turtlebot3_msgs/msg/detail/version_info__functions.c.o[0m
[7.111s] [  7%] [32mBuilding C object CMakeFiles/turtlebot3_msgs__rosidl_generator_c.dir/rosidl_generator_c/turtlebot3_msgs/srv/detail/dqn__functions.c.o[0m
[7.112s] [  8%] [32mBuilding C object CMakeFiles/turtlebot3_msgs__rosidl_generator_c.dir/rosidl_generator_c/turtlebot3_msgs/action/detail/patrol__functions.c.o[0m
[7.112s] [ 10%] [32mBuilding C object CMakeFiles/turtlebot3_msgs__rosidl_generator_c.dir/rosidl_generator_c/turtlebot3_msgs/srv/detail/sound__functions.c.o[0m
[7.114s] [ 11%] [32mBuilding C object CMakeFiles/turtlebot3_msgs__rosidl_generator_c.dir/rosidl_generator_c/turtlebot3_msgs/srv/detail/goal__functions.c.o[0m
[7.421s] [ 12%] [32m[1mLinking C shared library libturtlebot3_msgs__rosidl_generator_c.so[0m
[7.496s] [ 12%] Built target turtlebot3_msgs__rosidl_generator_c
[7.513s] [ 13%] [34m[1mGenerating C type support dispatch for ROS interfaces[0m
[7.513s] [ 15%] [34m[1mGenerating C introspection for ROS interfaces[0m
[7.523s] [ 16%] [34m[1mGenerating C type support for eProsima Fast-RTPS[0m
[7.707s] [ 16%] Built target turtlebot3_msgs__cpp
[7.729s] [ 17%] [34m[1mGenerating C++ type support for eProsima Fast-RTPS[0m
[7.730s] [ 18%] [34m[1mGenerating C++ type support dispatch for ROS interfaces[0m
[7.750s] [ 20%] [34m[1mGenerating C++ introspection for ROS interfaces[0m
[9.124s] [ 21%] [32mBuilding CXX object CMakeFiles/turtlebot3_msgs__rosidl_typesupport_c.dir/rosidl_typesupport_c/turtlebot3_msgs/msg/sensor_state__type_support.cpp.o[0m
[9.130s] [ 22%] [32mBuilding CXX object CMakeFiles/turtlebot3_msgs__rosidl_typesupport_c.dir/rosidl_typesupport_c/turtlebot3_msgs/msg/sound__type_support.cpp.o[0m
[9.137s] [ 25%] [32mBuilding CXX object CMakeFiles/turtlebot3_msgs__rosidl_typesupport_c.dir/rosidl_typesupport_c/turtlebot3_msgs/msg/version_info__type_support.cpp.o[0m
[9.138s] [ 25%] [32mBuilding CXX object CMakeFiles/turtlebot3_msgs__rosidl_typesupport_c.dir/rosidl_typesupport_c/turtlebot3_msgs/srv/sound__type_support.cpp.o[0m
[9.139s] [ 26%] [32mBuilding CXX object CMakeFiles/turtlebot3_msgs__rosidl_typesupport_c.dir/rosidl_typesupport_c/turtlebot3_msgs/srv/dqn__type_support.cpp.o[0m
[9.142s] [ 27%] [32mBuilding CXX object CMakeFiles/turtlebot3_msgs__rosidl_typesupport_c.dir/rosidl_typesupport_c/turtlebot3_msgs/action/patrol__type_support.cpp.o[0m
[9.147s] [ 29%] [32mBuilding CXX object CMakeFiles/turtlebot3_msgs__rosidl_typesupport_c.dir/rosidl_typesupport_c/turtlebot3_msgs/srv/goal__type_support.cpp.o[0m
[9.349s] [ 30%] [32m[1mLinking CXX shared library libturtlebot3_msgs__rosidl_typesupport_c.so[0m
[9.427s] [ 31%] [32mBuilding CXX object CMakeFiles/turtlebot3_msgs__rosidl_typesupport_cpp.dir/rosidl_typesupport_cpp/turtlebot3_msgs/msg/sensor_state__type_support.cpp.o[0m
[9.427s] [ 32%] [32mBuilding CXX object CMakeFiles/turtlebot3_msgs__rosidl_typesupport_cpp.dir/rosidl_typesupport_cpp/turtlebot3_msgs/msg/sound__type_support.cpp.o[0m
[9.427s] [ 34%] [32mBuilding CXX object CMakeFiles/turtlebot3_msgs__rosidl_typesupport_cpp.dir/rosidl_typesupport_cpp/turtlebot3_msgs/msg/version_info__type_support.cpp.o[0m
[9.428s] [ 35%] [32mBuilding CXX object CMakeFiles/turtlebot3_msgs__rosidl_typesupport_cpp.dir/rosidl_typesupport_cpp/turtlebot3_msgs/srv/sound__type_support.cpp.o[0m
[9.428s] [ 36%] [32mBuilding CXX object CMakeFiles/turtlebot3_msgs__rosidl_typesupport_cpp.dir/rosidl_typesupport_cpp/turtlebot3_msgs/srv/dqn__type_support.cpp.o[0m
[9.428s] [ 37%] [32mBuilding CXX object CMakeFiles/turtlebot3_msgs__rosidl_typesupport_cpp.dir/rosidl_typesupport_cpp/turtlebot3_msgs/srv/goal__type_support.cpp.o[0m
[9.429s] [ 39%] [32mBuilding CXX object CMakeFiles/turtlebot3_msgs__rosidl_typesupport_cpp.dir/rosidl_typesupport_cpp/turtlebot3_msgs/action/patrol__type_support.cpp.o[0m
[9.495s] [ 39%] Built target turtlebot3_msgs__rosidl_typesupport_c
[9.507s] [ 40%] [32mBuilding CXX object CMakeFiles/turtlebot3_msgs__rosidl_typesupport_fastrtps_c.dir/rosidl_typesupport_fastrtps_c/turtlebot3_msgs/msg/detail/version_info__type_support_c.cpp.o[0m
[9.507s] [ 41%] [32mBuilding CXX object CMakeFiles/turtlebot3_msgs__rosidl_typesupport_fastrtps_c.dir/rosidl_typesupport_fastrtps_c/turtlebot3_msgs/msg/detail/sensor_state__type_support_c.cpp.o[0m
[9.511s] [ 43%] [32mBuilding CXX object CMakeFiles/turtlebot3_msgs__rosidl_typesupport_fastrtps_c.dir/rosidl_typesupport_fastrtps_c/turtlebot3_msgs/msg/detail/sound__type_support_c.cpp.o[0m
[9.515s] [ 44%] [32mBuilding CXX object CMakeFiles/turtlebot3_msgs__rosidl_typesupport_fastrtps_c.dir/rosidl_typesupport_fastrtps_c/turtlebot3_msgs/srv/detail/sound__type_support_c.cpp.o[0m
[9.521s] [ 45%] [32mBuilding CXX object CMakeFiles/turtlebot3_msgs__rosidl_typesupport_fastrtps_c.dir/rosidl_typesupport_fastrtps_c/turtlebot3_msgs/srv/detail/goal__type_support_c.cpp.o[0m
[9.533s] [ 46%] [32mBuilding CXX object CMakeFiles/turtlebot3_msgs__rosidl_typesupport_fastrtps_c.dir/rosidl_typesupport_fastrtps_c/turtlebot3_msgs/srv/detail/dqn__type_support_c.cpp.o[0m
[9.960s] [ 48%] [32mBuilding C object CMakeFiles/turtlebot3_msgs__rosidl_typesupport_introspection_c.dir/rosidl_typesupport_introspection_c/turtlebot3_msgs/msg/detail/sensor_state__type_support.c.o[0m
[10.086s] [ 49%] [32mBuilding C object CMakeFiles/turtlebot3_msgs__rosidl_typesupport_introspection_c.dir/rosidl_typesupport_introspection_c/turtlebot3_msgs/msg/detail/version_info__type_support.c.o[0m
[10.087s] [ 50%] [32mBuilding C object CMakeFiles/turtlebot3_msgs__rosidl_typesupport_introspection_c.dir/rosidl_typesupport_introspection_c/turtlebot3_msgs/msg/detail/sound__type_support.c.o[0m
[10.203s] [ 51%] [32mBuilding C object CMakeFiles/turtlebot3_msgs__rosidl_typesupport_introspection_c.dir/rosidl_typesupport_introspection_c/turtlebot3_msgs/srv/detail/sound__type_support.c.o[0m
[10.208s] [ 53%] [32mBuilding CXX object CMakeFiles/turtlebot3_msgs__rosidl_typesupport_fastrtps_c.dir/rosidl_typesupport_fastrtps_c/turtlebot3_msgs/action/detail/patrol__type_support_c.cpp.o[0m
[10.216s] [ 54%] [32mBuilding C object CMakeFiles/turtlebot3_msgs__rosidl_typesupport_introspection_c.dir/rosidl_typesupport_introspection_c/turtlebot3_msgs/srv/detail/dqn__type_support.c.o[0m
[10.268s] [ 55%] [32mBuilding C object CMakeFiles/turtlebot3_msgs__rosidl_typesupport_introspection_c.dir/rosidl_typesupport_introspection_c/turtlebot3_msgs/srv/detail/goal__type_support.c.o[0m
[10.314s] [ 56%] [32mBuilding C object CMakeFiles/turtlebot3_msgs__rosidl_typesupport_introspection_c.dir/rosidl_typesupport_introspection_c/turtlebot3_msgs/action/detail/patrol__type_support.c.o[0m
[10.486s] [ 58%] [32m[1mLinking C shared library libturtlebot3_msgs__rosidl_typesupport_introspection_c.so[0m
[10.596s] [ 58%] Built target turtlebot3_msgs__rosidl_typesupport_introspection_c
[10.691s] [ 59%] [32mBuilding CXX object CMakeFiles/turtlebot3_msgs__rosidl_typesupport_fastrtps_cpp.dir/rosidl_typesupport_fastrtps_cpp/turtlebot3_msgs/msg/detail/dds_fastrtps/sensor_state__type_support.cpp.o[0m
[10.700s] [ 60%] [32mBuilding CXX object CMakeFiles/turtlebot3_msgs__rosidl_typesupport_fastrtps_cpp.dir/rosidl_typesupport_fastrtps_cpp/turtlebot3_msgs/msg/detail/dds_fastrtps/sound__type_support.cpp.o[0m
[10.700s] [ 62%] [32mBuilding CXX object CMakeFiles/turtlebot3_msgs__rosidl_typesupport_fastrtps_cpp.dir/rosidl_typesupport_fastrtps_cpp/turtlebot3_msgs/msg/detail/dds_fastrtps/version_info__type_support.cpp.o[0m
[10.704s] [ 63%] [32mBuilding CXX object CMakeFiles/turtlebot3_msgs__rosidl_typesupport_fastrtps_cpp.dir/rosidl_typesupport_fastrtps_cpp/turtlebot3_msgs/srv/detail/dds_fastrtps/dqn__type_support.cpp.o[0m
[10.710s] [ 64%] [32mBuilding CXX object CMakeFiles/turtlebot3_msgs__rosidl_typesupport_fastrtps_cpp.dir/rosidl_typesupport_fastrtps_cpp/turtlebot3_msgs/action/detail/dds_fastrtps/patrol__type_support.cpp.o[0m
[10.710s] [ 65%] [32mBuilding CXX object CMakeFiles/turtlebot3_msgs__rosidl_typesupport_fastrtps_cpp.dir/rosidl_typesupport_fastrtps_cpp/turtlebot3_msgs/srv/detail/dds_fastrtps/sound__type_support.cpp.o[0m
[10.717s] [ 67%] [32mBuilding CXX object CMakeFiles/turtlebot3_msgs__rosidl_typesupport_fastrtps_cpp.dir/rosidl_typesupport_fastrtps_cpp/turtlebot3_msgs/srv/detail/dds_fastrtps/goal__type_support.cpp.o[0m
[10.744s] [ 68%] [32mBuilding CXX object CMakeFiles/turtlebot3_msgs__rosidl_typesupport_introspection_cpp.dir/rosidl_typesupport_introspection_cpp/turtlebot3_msgs/msg/detail/sensor_state__type_support.cpp.o[0m
[10.760s] [ 69%] [32mBuilding CXX object CMakeFiles/turtlebot3_msgs__rosidl_typesupport_introspection_cpp.dir/rosidl_typesupport_introspection_cpp/turtlebot3_msgs/msg/detail/sound__type_support.cpp.o[0m
[10.765s] [ 70%] [32mBuilding CXX object CMakeFiles/turtlebot3_msgs__rosidl_typesupport_introspection_cpp.dir/rosidl_typesupport_introspection_cpp/turtlebot3_msgs/msg/detail/version_info__type_support.cpp.o[0m
[10.767s] [ 72%] [32mBuilding CXX object CMakeFiles/turtlebot3_msgs__rosidl_typesupport_introspection_cpp.dir/rosidl_typesupport_introspection_cpp/turtlebot3_msgs/srv/detail/sound__type_support.cpp.o[0m
[10.783s] [ 73%] [32mBuilding CXX object CMakeFiles/turtlebot3_msgs__rosidl_typesupport_introspection_cpp.dir/rosidl_typesupport_introspection_cpp/turtlebot3_msgs/srv/detail/dqn__type_support.cpp.o[0m
[10.788s] [ 74%] [32m[1mLinking CXX shared library libturtlebot3_msgs__rosidl_typesupport_cpp.so[0m
[10.930s] [ 74%] Built target turtlebot3_msgs__rosidl_typesupport_cpp
[10.958s] [ 75%] [32mBuilding CXX object CMakeFiles/turtlebot3_msgs__rosidl_typesupport_introspection_cpp.dir/rosidl_typesupport_introspection_cpp/turtlebot3_msgs/srv/detail/goal__type_support.cpp.o[0m
[11.026s] [ 77%] [32mBuilding CXX object CMakeFiles/turtlebot3_msgs__rosidl_typesupport_introspection_cpp.dir/rosidl_typesupport_introspection_cpp/turtlebot3_msgs/action/detail/patrol__type_support.cpp.o[0m
[11.292s] [ 78%] [32m[1mLinking CXX shared library libturtlebot3_msgs__rosidl_typesupport_fastrtps_c.so[0m
[11.710s] [ 78%] Built target turtlebot3_msgs__rosidl_typesupport_fastrtps_c
[12.365s] [ 79%] [32m[1mLinking CXX shared library libturtlebot3_msgs__rosidl_typesupport_fastrtps_cpp.so[0m
[12.376s] [ 81%] [32m[1mLinking CXX shared library libturtlebot3_msgs__rosidl_typesupport_introspection_cpp.so[0m
[12.502s] [ 81%] Built target turtlebot3_msgs__rosidl_typesupport_fastrtps_cpp
[12.508s] [ 81%] Built target turtlebot3_msgs__rosidl_typesupport_introspection_cpp
[12.542s] [ 81%] Built target turtlebot3_msgs
[12.574s] [ 82%] [34m[1mGenerating Python code for ROS interfaces[0m
[16.327s] [ 82%] Built target turtlebot3_msgs__py
[16.361s] [ 84%] [32mBuilding C object CMakeFiles/turtlebot3_msgs__rosidl_generator_py.dir/rosidl_generator_py/turtlebot3_msgs/msg/_sound_s.c.o[0m
[16.363s] [ 84%] [32mBuilding C object CMakeFiles/turtlebot3_msgs__rosidl_generator_py.dir/rosidl_generator_py/turtlebot3_msgs/msg/_sensor_state_s.c.o[0m
[16.364s] [ 86%] [32mBuilding C object CMakeFiles/turtlebot3_msgs__rosidl_generator_py.dir/rosidl_generator_py/turtlebot3_msgs/srv/_dqn_s.c.o[0m
[16.369s] [ 87%] [32mBuilding C object CMakeFiles/turtlebot3_msgs__rosidl_generator_py.dir/rosidl_generator_py/turtlebot3_msgs/srv/_sound_s.c.o[0m
[16.370s] [ 88%] [32mBuilding C object CMakeFiles/turtlebot3_msgs__rosidl_generator_py.dir/rosidl_generator_py/turtlebot3_msgs/srv/_goal_s.c.o[0m
[16.372s] [ 89%] [32mBuilding C object CMakeFiles/turtlebot3_msgs__rosidl_generator_py.dir/rosidl_generator_py/turtlebot3_msgs/msg/_version_info_s.c.o[0m
[16.373s] [ 91%] [32mBuilding C object CMakeFiles/turtlebot3_msgs__rosidl_generator_py.dir/rosidl_generator_py/turtlebot3_msgs/action/_patrol_s.c.o[0m
[16.746s] [ 92%] [32m[1mLinking C shared library rosidl_generator_py/turtlebot3_msgs/libturtlebot3_msgs__rosidl_generator_py.so[0m
[16.822s] [ 92%] Built target turtlebot3_msgs__rosidl_generator_py
[16.857s] [ 93%] [32mBuilding C object CMakeFiles/turtlebot3_msgs__rosidl_typesupport_fastrtps_c__pyext.dir/rosidl_generator_py/turtlebot3_msgs/_turtlebot3_msgs_s.ep.rosidl_typesupport_fastrtps_c.c.o[0m
[16.857s] [ 94%] [32mBuilding C object CMakeFiles/turtlebot3_msgs__rosidl_typesupport_introspection_c__pyext.dir/rosidl_generator_py/turtlebot3_msgs/_turtlebot3_msgs_s.ep.rosidl_typesupport_introspection_c.c.o[0m
[16.858s] [ 96%] [32mBuilding C object CMakeFiles/turtlebot3_msgs__rosidl_typesupport_c__pyext.dir/rosidl_generator_py/turtlebot3_msgs/_turtlebot3_msgs_s.ep.rosidl_typesupport_c.c.o[0m
[17.132s] [ 97%] [32m[1mLinking C shared library rosidl_generator_py/turtlebot3_msgs/turtlebot3_msgs_s__rosidl_typesupport_introspection_c.cpython-310-x86_64-linux-gnu.so[0m
[17.134s] [ 98%] [32m[1mLinking C shared library rosidl_generator_py/turtlebot3_msgs/turtlebot3_msgs_s__rosidl_typesupport_fastrtps_c.cpython-310-x86_64-linux-gnu.so[0m
[17.159s] [100%] [32m[1mLinking C shared library rosidl_generator_py/turtlebot3_msgs/turtlebot3_msgs_s__rosidl_typesupport_c.cpython-310-x86_64-linux-gnu.so[0m
[17.212s] [100%] Built target turtlebot3_msgs__rosidl_typesupport_fastrtps_c__pyext
[17.221s] [100%] Built target turtlebot3_msgs__rosidl_typesupport_introspection_c__pyext
[17.237s] [100%] Built target turtlebot3_msgs__rosidl_typesupport_c__pyext
[17.271s] Invoked command in '/home/donggun/S13P21A501/Embedded/build/turtlebot3_msgs' returned '0': CMAKE_PREFIX_PATH=/opt/ros/humble /usr/bin/cmake --build /home/donggun/S13P21A501/Embedded/build/turtlebot3_msgs -- -j16 -l16
[17.272s] Invoking command in '/home/donggun/S13P21A501/Embedded/build/turtlebot3_msgs': CMAKE_PREFIX_PATH=/opt/ros/humble /usr/bin/cmake --install /home/donggun/S13P21A501/Embedded/build/turtlebot3_msgs
[17.283s] -- Install configuration: ""
[17.284s] -- Installing: /home/donggun/S13P21A501/Embedded/install/turtlebot3_msgs/share/ament_index/resource_index/rosidl_interfaces/turtlebot3_msgs
[17.284s] -- Installing: /home/donggun/S13P21A501/Embedded/install/turtlebot3_msgs/include/turtlebot3_msgs/turtlebot3_msgs
[17.285s] -- Installing: /home/donggun/S13P21A501/Embedded/install/turtlebot3_msgs/include/turtlebot3_msgs/turtlebot3_msgs/srv
[17.285s] -- Installing: /home/donggun/S13P21A501/Embedded/install/turtlebot3_msgs/include/turtlebot3_msgs/turtlebot3_msgs/srv/detail
[17.285s] -- Installing: /home/donggun/S13P21A501/Embedded/install/turtlebot3_msgs/include/turtlebot3_msgs/turtlebot3_msgs/srv/detail/sound__type_support.h
[17.285s] -- Installing: /home/donggun/S13P21A501/Embedded/install/turtlebot3_msgs/include/turtlebot3_msgs/turtlebot3_msgs/srv/detail/sound__struct.h
[17.285s] -- Installing: /home/donggun/S13P21A501/Embedded/install/turtlebot3_msgs/include/turtlebot3_msgs/turtlebot3_msgs/srv/detail/goal__functions.h
[17.288s] -- Installing: /home/donggun/S13P21A501/Embedded/install/turtlebot3_msgs/include/turtlebot3_msgs/turtlebot3_msgs/srv/detail/dqn__functions.c
[17.288s] -- Installing: /home/donggun/S13P21A501/Embedded/install/turtlebot3_msgs/include/turtlebot3_msgs/turtlebot3_msgs/srv/detail/goal__struct.h
[17.288s] -- Installing: /home/donggun/S13P21A501/Embedded/install/turtlebot3_msgs/include/turtlebot3_msgs/turtlebot3_msgs/srv/detail/sound__functions.h
[17.288s] -- Installing: /home/donggun/S13P21A501/Embedded/install/turtlebot3_msgs/include/turtlebot3_msgs/turtlebot3_msgs/srv/detail/dqn__type_support.h
[17.288s] -- Installing: /home/donggun/S13P21A501/Embedded/install/turtlebot3_msgs/include/turtlebot3_msgs/turtlebot3_msgs/srv/detail/goal__type_support.h
[17.288s] -- Installing: /home/donggun/S13P21A501/Embedded/install/turtlebot3_msgs/include/turtlebot3_msgs/turtlebot3_msgs/srv/detail/dqn__struct.h
[17.288s] -- Installing: /home/donggun/S13P21A501/Embedded/install/turtlebot3_msgs/include/turtlebot3_msgs/turtlebot3_msgs/srv/detail/sound__functions.c
[17.288s] -- Installing: /home/donggun/S13P21A501/Embedded/install/turtlebot3_msgs/include/turtlebot3_msgs/turtlebot3_msgs/srv/detail/dqn__functions.h
[17.289s] -- Installing: /home/donggun/S13P21A501/Embedded/install/turtlebot3_msgs/include/turtlebot3_msgs/turtlebot3_msgs/srv/detail/goal__functions.c
[17.289s] -- Installing: /home/donggun/S13P21A501/Embedded/install/turtlebot3_msgs/include/turtlebot3_msgs/turtlebot3_msgs/srv/goal.h
[17.289s] -- Installing: /home/donggun/S13P21A501/Embedded/install/turtlebot3_msgs/include/turtlebot3_msgs/turtlebot3_msgs/srv/sound.h
[17.289s] -- Installing: /home/donggun/S13P21A501/Embedded/install/turtlebot3_msgs/include/turtlebot3_msgs/turtlebot3_msgs/srv/dqn.h
[17.289s] -- Installing: /home/donggun/S13P21A501/Embedded/install/turtlebot3_msgs/include/turtlebot3_msgs/turtlebot3_msgs/msg
[17.289s] -- Installing: /home/donggun/S13P21A501/Embedded/install/turtlebot3_msgs/include/turtlebot3_msgs/turtlebot3_msgs/msg/detail
[17.289s] -- Installing: /home/donggun/S13P21A501/Embedded/install/turtlebot3_msgs/include/turtlebot3_msgs/turtlebot3_msgs/msg/detail/sound__type_support.h
[17.289s] -- Installing: /home/donggun/S13P21A501/Embedded/install/turtlebot3_msgs/include/turtlebot3_msgs/turtlebot3_msgs/msg/detail/sound__struct.h
[17.289s] -- Installing: /home/donggun/S13P21A501/Embedded/install/turtlebot3_msgs/include/turtlebot3_msgs/turtlebot3_msgs/msg/detail/sensor_state__struct.h
[17.290s] -- Installing: /home/donggun/S13P21A501/Embedded/install/turtlebot3_msgs/include/turtlebot3_msgs/turtlebot3_msgs/msg/detail/version_info__functions.c
[17.290s] -- Installing: /home/donggun/S13P21A501/Embedded/install/turtlebot3_msgs/include/turtlebot3_msgs/turtlebot3_msgs/msg/detail/version_info__functions.h
[17.290s] -- Installing: /home/donggun/S13P21A501/Embedded/install/turtlebot3_msgs/include/turtlebot3_msgs/turtlebot3_msgs/msg/detail/sensor_state__type_support.h
[17.290s] -- Installing: /home/donggun/S13P21A501/Embedded/install/turtlebot3_msgs/include/turtlebot3_msgs/turtlebot3_msgs/msg/detail/sensor_state__functions.c
[17.290s] -- Installing: /home/donggun/S13P21A501/Embedded/install/turtlebot3_msgs/include/turtlebot3_msgs/turtlebot3_msgs/msg/detail/version_info__type_support.h
[17.290s] -- Installing: /home/donggun/S13P21A501/Embedded/install/turtlebot3_msgs/include/turtlebot3_msgs/turtlebot3_msgs/msg/detail/sound__functions.h
[17.290s] -- Installing: /home/donggun/S13P21A501/Embedded/install/turtlebot3_msgs/include/turtlebot3_msgs/turtlebot3_msgs/msg/detail/version_info__struct.h
[17.291s] -- Installing: /home/donggun/S13P21A501/Embedded/install/turtlebot3_msgs/include/turtlebot3_msgs/turtlebot3_msgs/msg/detail/sound__functions.c
[17.291s] -- Installing: /home/donggun/S13P21A501/Embedded/install/turtlebot3_msgs/include/turtlebot3_msgs/turtlebot3_msgs/msg/detail/sensor_state__functions.h
[17.291s] -- Installing: /home/donggun/S13P21A501/Embedded/install/turtlebot3_msgs/include/turtlebot3_msgs/turtlebot3_msgs/msg/sound.h
[17.291s] -- Installing: /home/donggun/S13P21A501/Embedded/install/turtlebot3_msgs/include/turtlebot3_msgs/turtlebot3_msgs/msg/rosidl_generator_c__visibility_control.h
[17.291s] -- Installing: /home/donggun/S13P21A501/Embedded/install/turtlebot3_msgs/include/turtlebot3_msgs/turtlebot3_msgs/msg/sensor_state.h
[17.291s] -- Installing: /home/donggun/S13P21A501/Embedded/install/turtlebot3_msgs/include/turtlebot3_msgs/turtlebot3_msgs/msg/version_info.h
[17.291s] -- Installing: /home/donggun/S13P21A501/Embedded/install/turtlebot3_msgs/include/turtlebot3_msgs/turtlebot3_msgs/action
[17.292s] -- Installing: /home/donggun/S13P21A501/Embedded/install/turtlebot3_msgs/include/turtlebot3_msgs/turtlebot3_msgs/action/detail
[17.292s] -- Installing: /home/donggun/S13P21A501/Embedded/install/turtlebot3_msgs/include/turtlebot3_msgs/turtlebot3_msgs/action/detail/patrol__functions.c
[17.292s] -- Installing: /home/donggun/S13P21A501/Embedded/install/turtlebot3_msgs/include/turtlebot3_msgs/turtlebot3_msgs/action/detail/patrol__functions.h
[17.292s] -- Installing: /home/donggun/S13P21A501/Embedded/install/turtlebot3_msgs/include/turtlebot3_msgs/turtlebot3_msgs/action/detail/patrol__struct.h
[17.292s] -- Installing: /home/donggun/S13P21A501/Embedded/install/turtlebot3_msgs/include/turtlebot3_msgs/turtlebot3_msgs/action/detail/patrol__type_support.h
[17.292s] -- Installing: /home/donggun/S13P21A501/Embedded/install/turtlebot3_msgs/include/turtlebot3_msgs/turtlebot3_msgs/action/patrol.h
[17.293s] -- Installing: /home/donggun/S13P21A501/Embedded/install/turtlebot3_msgs/share/turtlebot3_msgs/environment/library_path.sh
[17.293s] -- Installing: /home/donggun/S13P21A501/Embedded/install/turtlebot3_msgs/share/turtlebot3_msgs/environment/library_path.dsv
[17.293s] -- Installing: /home/donggun/S13P21A501/Embedded/install/turtlebot3_msgs/lib/libturtlebot3_msgs__rosidl_generator_c.so
[17.293s] -- Set runtime path of "/home/donggun/S13P21A501/Embedded/install/turtlebot3_msgs/lib/libturtlebot3_msgs__rosidl_generator_c.so" to ""
[17.293s] -- Up-to-date: /home/donggun/S13P21A501/Embedded/install/turtlebot3_msgs/include/turtlebot3_msgs/turtlebot3_msgs
[17.293s] -- Up-to-date: /home/donggun/S13P21A501/Embedded/install/turtlebot3_msgs/include/turtlebot3_msgs/turtlebot3_msgs/srv
[17.293s] -- Up-to-date: /home/donggun/S13P21A501/Embedded/install/turtlebot3_msgs/include/turtlebot3_msgs/turtlebot3_msgs/srv/detail
[17.294s] -- Installing: /home/donggun/S13P21A501/Embedded/install/turtlebot3_msgs/include/turtlebot3_msgs/turtlebot3_msgs/srv/detail/dqn__rosidl_typesupport_fastrtps_c.h
[17.294s] -- Installing: /home/donggun/S13P21A501/Embedded/install/turtlebot3_msgs/include/turtlebot3_msgs/turtlebot3_msgs/srv/detail/goal__rosidl_typesupport_fastrtps_c.h
[17.294s] -- Installing: /home/donggun/S13P21A501/Embedded/install/turtlebot3_msgs/include/turtlebot3_msgs/turtlebot3_msgs/srv/detail/sound__rosidl_typesupport_fastrtps_c.h
[17.294s] -- Up-to-date: /home/donggun/S13P21A501/Embedded/install/turtlebot3_msgs/include/turtlebot3_msgs/turtlebot3_msgs/msg
[17.294s] -- Up-to-date: /home/donggun/S13P21A501/Embedded/install/turtlebot3_msgs/include/turtlebot3_msgs/turtlebot3_msgs/msg/detail
[17.301s] -- Installing: /home/donggun/S13P21A501/Embedded/install/turtlebot3_msgs/include/turtlebot3_msgs/turtlebot3_msgs/msg/detail/version_info__rosidl_typesupport_fastrtps_c.h
[17.302s] -- Installing: /home/donggun/S13P21A501/Embedded/install/turtlebot3_msgs/include/turtlebot3_msgs/turtlebot3_msgs/msg/detail/sensor_state__rosidl_typesupport_fastrtps_c.h
[17.302s] -- Installing: /home/donggun/S13P21A501/Embedded/install/turtlebot3_msgs/include/turtlebot3_msgs/turtlebot3_msgs/msg/detail/sound__rosidl_typesupport_fastrtps_c.h
[17.302s] -- Installing: /home/donggun/S13P21A501/Embedded/install/turtlebot3_msgs/include/turtlebot3_msgs/turtlebot3_msgs/msg/rosidl_typesupport_fastrtps_c__visibility_control.h
[17.302s] -- Up-to-date: /home/donggun/S13P21A501/Embedded/install/turtlebot3_msgs/include/turtlebot3_msgs/turtlebot3_msgs/action
[17.302s] -- Up-to-date: /home/donggun/S13P21A501/Embedded/install/turtlebot3_msgs/include/turtlebot3_msgs/turtlebot3_msgs/action/detail
[17.303s] -- Installing: /home/donggun/S13P21A501/Embedded/install/turtlebot3_msgs/include/turtlebot3_msgs/turtlebot3_msgs/action/detail/patrol__rosidl_typesupport_fastrtps_c.h
[17.303s] -- Installing: /home/donggun/S13P21A501/Embedded/install/turtlebot3_msgs/lib/libturtlebot3_msgs__rosidl_typesupport_fastrtps_c.so
[17.303s] -- Set runtime path of "/home/donggun/S13P21A501/Embedded/install/turtlebot3_msgs/lib/libturtlebot3_msgs__rosidl_typesupport_fastrtps_c.so" to ""
[17.303s] -- Up-to-date: /home/donggun/S13P21A501/Embedded/install/turtlebot3_msgs/include/turtlebot3_msgs/turtlebot3_msgs
[17.303s] -- Up-to-date: /home/donggun/S13P21A501/Embedded/install/turtlebot3_msgs/include/turtlebot3_msgs/turtlebot3_msgs/srv
[17.304s] -- Up-to-date: /home/donggun/S13P21A501/Embedded/install/turtlebot3_msgs/include/turtlebot3_msgs/turtlebot3_msgs/srv/detail
[17.304s] -- Installing: /home/donggun/S13P21A501/Embedded/install/turtlebot3_msgs/include/turtlebot3_msgs/turtlebot3_msgs/srv/detail/dqn__traits.hpp
[17.304s] -- Installing: /home/donggun/S13P21A501/Embedded/install/turtlebot3_msgs/include/turtlebot3_msgs/turtlebot3_msgs/srv/detail/goal__struct.hpp
[17.304s] -- Installing: /home/donggun/S13P21A501/Embedded/install/turtlebot3_msgs/include/turtlebot3_msgs/turtlebot3_msgs/srv/detail/sound__type_support.hpp
[17.304s] -- Installing: /home/donggun/S13P21A501/Embedded/install/turtlebot3_msgs/include/turtlebot3_msgs/turtlebot3_msgs/srv/detail/dqn__type_support.hpp
[17.305s] -- Installing: /home/donggun/S13P21A501/Embedded/install/turtlebot3_msgs/include/turtlebot3_msgs/turtlebot3_msgs/srv/detail/sound__traits.hpp
[17.305s] -- Installing: /home/donggun/S13P21A501/Embedded/install/turtlebot3_msgs/include/turtlebot3_msgs/turtlebot3_msgs/srv/detail/dqn__builder.hpp
[17.305s] -- Installing: /home/donggun/S13P21A501/Embedded/install/turtlebot3_msgs/include/turtlebot3_msgs/turtlebot3_msgs/srv/detail/goal__traits.hpp
[17.305s] -- Installing: /home/donggun/S13P21A501/Embedded/install/turtlebot3_msgs/include/turtlebot3_msgs/turtlebot3_msgs/srv/detail/dqn__struct.hpp
[17.305s] -- Installing: /home/donggun/S13P21A501/Embedded/install/turtlebot3_msgs/include/turtlebot3_msgs/turtlebot3_msgs/srv/detail/goal__type_support.hpp
[17.306s] -- Installing: /home/donggun/S13P21A501/Embedded/install/turtlebot3_msgs/include/turtlebot3_msgs/turtlebot3_msgs/srv/detail/sound__builder.hpp
[17.306s] -- Installing: /home/donggun/S13P21A501/Embedded/install/turtlebot3_msgs/include/turtlebot3_msgs/turtlebot3_msgs/srv/detail/sound__struct.hpp
[17.306s] -- Installing: /home/donggun/S13P21A501/Embedded/install/turtlebot3_msgs/include/turtlebot3_msgs/turtlebot3_msgs/srv/detail/goal__builder.hpp
[17.306s] -- Installing: /home/donggun/S13P21A501/Embedded/install/turtlebot3_msgs/include/turtlebot3_msgs/turtlebot3_msgs/srv/goal.hpp
[17.306s] -- Installing: /home/donggun/S13P21A501/Embedded/install/turtlebot3_msgs/include/turtlebot3_msgs/turtlebot3_msgs/srv/sound.hpp
[17.306s] -- Installing: /home/donggun/S13P21A501/Embedded/install/turtlebot3_msgs/include/turtlebot3_msgs/turtlebot3_msgs/srv/dqn.hpp
[17.307s] -- Up-to-date: /home/donggun/S13P21A501/Embedded/install/turtlebot3_msgs/include/turtlebot3_msgs/turtlebot3_msgs/msg
[17.307s] -- Installing: /home/donggun/S13P21A501/Embedded/install/turtlebot3_msgs/include/turtlebot3_msgs/turtlebot3_msgs/msg/rosidl_generator_cpp__visibility_control.hpp
[17.307s] -- Up-to-date: /home/donggun/S13P21A501/Embedded/install/turtlebot3_msgs/include/turtlebot3_msgs/turtlebot3_msgs/msg/detail
[17.307s] -- Installing: /home/donggun/S13P21A501/Embedded/install/turtlebot3_msgs/include/turtlebot3_msgs/turtlebot3_msgs/msg/detail/sensor_state__traits.hpp
[17.307s] -- Installing: /home/donggun/S13P21A501/Embedded/install/turtlebot3_msgs/include/turtlebot3_msgs/turtlebot3_msgs/msg/detail/version_info__type_support.hpp
[17.307s] -- Installing: /home/donggun/S13P21A501/Embedded/install/turtlebot3_msgs/include/turtlebot3_msgs/turtlebot3_msgs/msg/detail/sound__type_support.hpp
[17.307s] -- Installing: /home/donggun/S13P21A501/Embedded/install/turtlebot3_msgs/include/turtlebot3_msgs/turtlebot3_msgs/msg/detail/sensor_state__type_support.hpp
[17.308s] -- Installing: /home/donggun/S13P21A501/Embedded/install/turtlebot3_msgs/include/turtlebot3_msgs/turtlebot3_msgs/msg/detail/sensor_state__builder.hpp
[17.308s] -- Installing: /home/donggun/S13P21A501/Embedded/install/turtlebot3_msgs/include/turtlebot3_msgs/turtlebot3_msgs/msg/detail/version_info__struct.hpp
[17.308s] -- Installing: /home/donggun/S13P21A501/Embedded/install/turtlebot3_msgs/include/turtlebot3_msgs/turtlebot3_msgs/msg/detail/version_info__builder.hpp
[17.308s] -- Installing: /home/donggun/S13P21A501/Embedded/install/turtlebot3_msgs/include/turtlebot3_msgs/turtlebot3_msgs/msg/detail/sound__traits.hpp
[17.308s] -- Installing: /home/donggun/S13P21A501/Embedded/install/turtlebot3_msgs/include/turtlebot3_msgs/turtlebot3_msgs/msg/detail/version_info__traits.hpp
[17.308s] -- Installing: /home/donggun/S13P21A501/Embedded/install/turtlebot3_msgs/include/turtlebot3_msgs/turtlebot3_msgs/msg/detail/sound__builder.hpp
[17.308s] -- Installing: /home/donggun/S13P21A501/Embedded/install/turtlebot3_msgs/include/turtlebot3_msgs/turtlebot3_msgs/msg/detail/sound__struct.hpp
[17.308s] -- Installing: /home/donggun/S13P21A501/Embedded/install/turtlebot3_msgs/include/turtlebot3_msgs/turtlebot3_msgs/msg/detail/sensor_state__struct.hpp
[17.308s] -- Installing: /home/donggun/S13P21A501/Embedded/install/turtlebot3_msgs/include/turtlebot3_msgs/turtlebot3_msgs/msg/version_info.hpp
[17.309s] -- Installing: /home/donggun/S13P21A501/Embedded/install/turtlebot3_msgs/include/turtlebot3_msgs/turtlebot3_msgs/msg/sensor_state.hpp
[17.309s] -- Installing: /home/donggun/S13P21A501/Embedded/install/turtlebot3_msgs/include/turtlebot3_msgs/turtlebot3_msgs/msg/sound.hpp
[17.309s] -- Up-to-date: /home/donggun/S13P21A501/Embedded/install/turtlebot3_msgs/include/turtlebot3_msgs/turtlebot3_msgs/action
[17.309s] -- Up-to-date: /home/donggun/S13P21A501/Embedded/install/turtlebot3_msgs/include/turtlebot3_msgs/turtlebot3_msgs/action/detail
[17.309s] -- Installing: /home/donggun/S13P21A501/Embedded/install/turtlebot3_msgs/include/turtlebot3_msgs/turtlebot3_msgs/action/detail/patrol__struct.hpp
[17.309s] -- Installing: /home/donggun/S13P21A501/Embedded/install/turtlebot3_msgs/include/turtlebot3_msgs/turtlebot3_msgs/action/detail/patrol__type_support.hpp
[17.309s] -- Installing: /home/donggun/S13P21A501/Embedded/install/turtlebot3_msgs/include/turtlebot3_msgs/turtlebot3_msgs/action/detail/patrol__builder.hpp
[17.309s] -- Installing: /home/donggun/S13P21A501/Embedded/install/turtlebot3_msgs/include/turtlebot3_msgs/turtlebot3_msgs/action/detail/patrol__traits.hpp
[17.310s] -- Installing: /home/donggun/S13P21A501/Embedded/install/turtlebot3_msgs/include/turtlebot3_msgs/turtlebot3_msgs/action/patrol.hpp
[17.310s] -- Up-to-date: /home/donggun/S13P21A501/Embedded/install/turtlebot3_msgs/include/turtlebot3_msgs/turtlebot3_msgs
[17.310s] -- Up-to-date: /home/donggun/S13P21A501/Embedded/install/turtlebot3_msgs/include/turtlebot3_msgs/turtlebot3_msgs/srv
[17.310s] -- Up-to-date: /home/donggun/S13P21A501/Embedded/install/turtlebot3_msgs/include/turtlebot3_msgs/turtlebot3_msgs/srv/detail
[17.310s] -- Installing: /home/donggun/S13P21A501/Embedded/install/turtlebot3_msgs/include/turtlebot3_msgs/turtlebot3_msgs/srv/detail/dds_fastrtps
[17.310s] -- Installing: /home/donggun/S13P21A501/Embedded/install/turtlebot3_msgs/include/turtlebot3_msgs/turtlebot3_msgs/srv/detail/sound__rosidl_typesupport_fastrtps_cpp.hpp
[17.311s] -- Installing: /home/donggun/S13P21A501/Embedded/install/turtlebot3_msgs/include/turtlebot3_msgs/turtlebot3_msgs/srv/detail/dqn__rosidl_typesupport_fastrtps_cpp.hpp
[17.311s] -- Installing: /home/donggun/S13P21A501/Embedded/install/turtlebot3_msgs/include/turtlebot3_msgs/turtlebot3_msgs/srv/detail/goal__rosidl_typesupport_fastrtps_cpp.hpp
[17.311s] -- Up-to-date: /home/donggun/S13P21A501/Embedded/install/turtlebot3_msgs/include/turtlebot3_msgs/turtlebot3_msgs/msg
[17.311s] -- Up-to-date: /home/donggun/S13P21A501/Embedded/install/turtlebot3_msgs/include/turtlebot3_msgs/turtlebot3_msgs/msg/detail
[17.311s] -- Installing: /home/donggun/S13P21A501/Embedded/install/turtlebot3_msgs/include/turtlebot3_msgs/turtlebot3_msgs/msg/detail/dds_fastrtps
[17.311s] -- Installing: /home/donggun/S13P21A501/Embedded/install/turtlebot3_msgs/include/turtlebot3_msgs/turtlebot3_msgs/msg/detail/sound__rosidl_typesupport_fastrtps_cpp.hpp
[17.311s] -- Installing: /home/donggun/S13P21A501/Embedded/install/turtlebot3_msgs/include/turtlebot3_msgs/turtlebot3_msgs/msg/detail/version_info__rosidl_typesupport_fastrtps_cpp.hpp
[17.312s] -- Installing: /home/donggun/S13P21A501/Embedded/install/turtlebot3_msgs/include/turtlebot3_msgs/turtlebot3_msgs/msg/detail/sensor_state__rosidl_typesupport_fastrtps_cpp.hpp
[17.312s] -- Installing: /home/donggun/S13P21A501/Embedded/install/turtlebot3_msgs/include/turtlebot3_msgs/turtlebot3_msgs/msg/rosidl_typesupport_fastrtps_cpp__visibility_control.h
[17.313s] -- Up-to-date: /home/donggun/S13P21A501/Embedded/install/turtlebot3_msgs/include/turtlebot3_msgs/turtlebot3_msgs/action
[17.313s] -- Up-to-date: /home/donggun/S13P21A501/Embedded/install/turtlebot3_msgs/include/turtlebot3_msgs/turtlebot3_msgs/action/detail
[17.313s] -- Installing: /home/donggun/S13P21A501/Embedded/install/turtlebot3_msgs/include/turtlebot3_msgs/turtlebot3_msgs/action/detail/dds_fastrtps
[17.313s] -- Installing: /home/donggun/S13P21A501/Embedded/install/turtlebot3_msgs/include/turtlebot3_msgs/turtlebot3_msgs/action/detail/patrol__rosidl_typesupport_fastrtps_cpp.hpp
[17.313s] -- Installing: /home/donggun/S13P21A501/Embedded/install/turtlebot3_msgs/lib/libturtlebot3_msgs__rosidl_typesupport_fastrtps_cpp.so
[17.313s] -- Set runtime path of "/home/donggun/S13P21A501/Embedded/install/turtlebot3_msgs/lib/libturtlebot3_msgs__rosidl_typesupport_fastrtps_cpp.so" to ""
[17.314s] -- Up-to-date: /home/donggun/S13P21A501/Embedded/install/turtlebot3_msgs/include/turtlebot3_msgs/turtlebot3_msgs
[17.314s] -- Up-to-date: /home/donggun/S13P21A501/Embedded/install/turtlebot3_msgs/include/turtlebot3_msgs/turtlebot3_msgs/srv
[17.314s] -- Up-to-date: /home/donggun/S13P21A501/Embedded/install/turtlebot3_msgs/include/turtlebot3_msgs/turtlebot3_msgs/srv/detail
[17.314s] -- Installing: /home/donggun/S13P21A501/Embedded/install/turtlebot3_msgs/include/turtlebot3_msgs/turtlebot3_msgs/srv/detail/goal__type_support.c
[17.314s] -- Installing: /home/donggun/S13P21A501/Embedded/install/turtlebot3_msgs/include/turtlebot3_msgs/turtlebot3_msgs/srv/detail/dqn__rosidl_typesupport_introspection_c.h
[17.314s] -- Installing: /home/donggun/S13P21A501/Embedded/install/turtlebot3_msgs/include/turtlebot3_msgs/turtlebot3_msgs/srv/detail/goal__rosidl_typesupport_introspection_c.h
[17.315s] -- Installing: /home/donggun/S13P21A501/Embedded/install/turtlebot3_msgs/include/turtlebot3_msgs/turtlebot3_msgs/srv/detail/dqn__type_support.c
[17.315s] -- Installing: /home/donggun/S13P21A501/Embedded/install/turtlebot3_msgs/include/turtlebot3_msgs/turtlebot3_msgs/srv/detail/sound__rosidl_typesupport_introspection_c.h
[17.315s] -- Installing: /home/donggun/S13P21A501/Embedded/install/turtlebot3_msgs/include/turtlebot3_msgs/turtlebot3_msgs/srv/detail/sound__type_support.c
[17.315s] -- Up-to-date: /home/donggun/S13P21A501/Embedded/install/turtlebot3_msgs/include/turtlebot3_msgs/turtlebot3_msgs/msg
[17.315s] -- Up-to-date: /home/donggun/S13P21A501/Embedded/install/turtlebot3_msgs/include/turtlebot3_msgs/turtlebot3_msgs/msg/detail
[17.315s] -- Installing: /home/donggun/S13P21A501/Embedded/install/turtlebot3_msgs/include/turtlebot3_msgs/turtlebot3_msgs/msg/detail/sensor_state__type_support.c
[17.317s] -- Installing: /home/donggun/S13P21A501/Embedded/install/turtlebot3_msgs/include/turtlebot3_msgs/turtlebot3_msgs/msg/detail/version_info__rosidl_typesupport_introspection_c.h
[17.317s] -- Installing: /home/donggun/S13P21A501/Embedded/install/turtlebot3_msgs/include/turtlebot3_msgs/turtlebot3_msgs/msg/detail/sound__rosidl_typesupport_introspection_c.h
[17.317s] -- Installing: /home/donggun/S13P21A501/Embedded/install/turtlebot3_msgs/include/turtlebot3_msgs/turtlebot3_msgs/msg/detail/version_info__type_support.c
[17.317s] -- Installing: /home/donggun/S13P21A501/Embedded/install/turtlebot3_msgs/include/turtlebot3_msgs/turtlebot3_msgs/msg/detail/sound__type_support.c
[17.317s] -- Installing: /home/donggun/S13P21A501/Embedded/install/turtlebot3_msgs/include/turtlebot3_msgs/turtlebot3_msgs/msg/detail/sensor_state__rosidl_typesupport_introspection_c.h
[17.317s] -- Installing: /home/donggun/S13P21A501/Embedded/install/turtlebot3_msgs/include/turtlebot3_msgs/turtlebot3_msgs/msg/rosidl_typesupport_introspection_c__visibility_control.h
[17.317s] -- Up-to-date: /home/donggun/S13P21A501/Embedded/install/turtlebot3_msgs/include/turtlebot3_msgs/turtlebot3_msgs/action
[17.317s] -- Up-to-date: /home/donggun/S13P21A501/Embedded/install/turtlebot3_msgs/include/turtlebot3_msgs/turtlebot3_msgs/action/detail
[17.317s] -- Installing: /home/donggun/S13P21A501/Embedded/install/turtlebot3_msgs/include/turtlebot3_msgs/turtlebot3_msgs/action/detail/patrol__type_support.c
[17.318s] -- Installing: /home/donggun/S13P21A501/Embedded/install/turtlebot3_msgs/include/turtlebot3_msgs/turtlebot3_msgs/action/detail/patrol__rosidl_typesupport_introspection_c.h
[17.318s] -- Installing: /home/donggun/S13P21A501/Embedded/install/turtlebot3_msgs/lib/libturtlebot3_msgs__rosidl_typesupport_introspection_c.so
[17.318s] -- Set runtime path of "/home/donggun/S13P21A501/Embedded/install/turtlebot3_msgs/lib/libturtlebot3_msgs__rosidl_typesupport_introspection_c.so" to ""
[17.318s] -- Installing: /home/donggun/S13P21A501/Embedded/install/turtlebot3_msgs/lib/libturtlebot3_msgs__rosidl_typesupport_c.so
[17.318s] -- Set runtime path of "/home/donggun/S13P21A501/Embedded/install/turtlebot3_msgs/lib/libturtlebot3_msgs__rosidl_typesupport_c.so" to ""
[17.318s] -- Up-to-date: /home/donggun/S13P21A501/Embedded/install/turtlebot3_msgs/include/turtlebot3_msgs/turtlebot3_msgs
[17.318s] -- Up-to-date: /home/donggun/S13P21A501/Embedded/install/turtlebot3_msgs/include/turtlebot3_msgs/turtlebot3_msgs/srv
[17.318s] -- Up-to-date: /home/donggun/S13P21A501/Embedded/install/turtlebot3_msgs/include/turtlebot3_msgs/turtlebot3_msgs/srv/detail
[17.319s] -- Installing: /home/donggun/S13P21A501/Embedded/install/turtlebot3_msgs/include/turtlebot3_msgs/turtlebot3_msgs/srv/detail/dqn__type_support.cpp
[17.319s] -- Installing: /home/donggun/S13P21A501/Embedded/install/turtlebot3_msgs/include/turtlebot3_msgs/turtlebot3_msgs/srv/detail/dqn__rosidl_typesupport_introspection_cpp.hpp
[17.319s] -- Installing: /home/donggun/S13P21A501/Embedded/install/turtlebot3_msgs/include/turtlebot3_msgs/turtlebot3_msgs/srv/detail/goal__rosidl_typesupport_introspection_cpp.hpp
[17.319s] -- Installing: /home/donggun/S13P21A501/Embedded/install/turtlebot3_msgs/include/turtlebot3_msgs/turtlebot3_msgs/srv/detail/sound__rosidl_typesupport_introspection_cpp.hpp
[17.319s] -- Installing: /home/donggun/S13P21A501/Embedded/install/turtlebot3_msgs/include/turtlebot3_msgs/turtlebot3_msgs/srv/detail/goal__type_support.cpp
[17.319s] -- Installing: /home/donggun/S13P21A501/Embedded/install/turtlebot3_msgs/include/turtlebot3_msgs/turtlebot3_msgs/srv/detail/sound__type_support.cpp
[17.319s] -- Up-to-date: /home/donggun/S13P21A501/Embedded/install/turtlebot3_msgs/include/turtlebot3_msgs/turtlebot3_msgs/msg
[17.319s] -- Up-to-date: /home/donggun/S13P21A501/Embedded/install/turtlebot3_msgs/include/turtlebot3_msgs/turtlebot3_msgs/msg/detail
[17.319s] -- Installing: /home/donggun/S13P21A501/Embedded/install/turtlebot3_msgs/include/turtlebot3_msgs/turtlebot3_msgs/msg/detail/version_info__rosidl_typesupport_introspection_cpp.hpp
[17.319s] -- Installing: /home/donggun/S13P21A501/Embedded/install/turtlebot3_msgs/include/turtlebot3_msgs/turtlebot3_msgs/msg/detail/sound__rosidl_typesupport_introspection_cpp.hpp
[17.320s] -- Installing: /home/donggun/S13P21A501/Embedded/install/turtlebot3_msgs/include/turtlebot3_msgs/turtlebot3_msgs/msg/detail/sensor_state__rosidl_typesupport_introspection_cpp.hpp
[17.320s] -- Installing: /home/donggun/S13P21A501/Embedded/install/turtlebot3_msgs/include/turtlebot3_msgs/turtlebot3_msgs/msg/detail/version_info__type_support.cpp
[17.320s] -- Installing: /home/donggun/S13P21A501/Embedded/install/turtlebot3_msgs/include/turtlebot3_msgs/turtlebot3_msgs/msg/detail/sound__type_support.cpp
[17.320s] -- Installing: /home/donggun/S13P21A501/Embedded/install/turtlebot3_msgs/include/turtlebot3_msgs/turtlebot3_msgs/msg/detail/sensor_state__type_support.cpp
[17.320s] -- Up-to-date: /home/donggun/S13P21A501/Embedded/install/turtlebot3_msgs/include/turtlebot3_msgs/turtlebot3_msgs/action
[17.320s] -- Up-to-date: /home/donggun/S13P21A501/Embedded/install/turtlebot3_msgs/include/turtlebot3_msgs/turtlebot3_msgs/action/detail
[17.320s] -- Installing: /home/donggun/S13P21A501/Embedded/install/turtlebot3_msgs/include/turtlebot3_msgs/turtlebot3_msgs/action/detail/patrol__rosidl_typesupport_introspection_cpp.hpp
[17.320s] -- Installing: /home/donggun/S13P21A501/Embedded/install/turtlebot3_msgs/include/turtlebot3_msgs/turtlebot3_msgs/action/detail/patrol__type_support.cpp
[17.320s] -- Installing: /home/donggun/S13P21A501/Embedded/install/turtlebot3_msgs/lib/libturtlebot3_msgs__rosidl_typesupport_introspection_cpp.so
[17.321s] -- Set runtime path of "/home/donggun/S13P21A501/Embedded/install/turtlebot3_msgs/lib/libturtlebot3_msgs__rosidl_typesupport_introspection_cpp.so" to ""
[17.321s] -- Installing: /home/donggun/S13P21A501/Embedded/install/turtlebot3_msgs/lib/libturtlebot3_msgs__rosidl_typesupport_cpp.so
[17.321s] -- Set runtime path of "/home/donggun/S13P21A501/Embedded/install/turtlebot3_msgs/lib/libturtlebot3_msgs__rosidl_typesupport_cpp.so" to ""
[17.321s] -- Installing: /home/donggun/S13P21A501/Embedded/install/turtlebot3_msgs/share/turtlebot3_msgs/environment/pythonpath.sh
[17.321s] -- Installing: /home/donggun/S13P21A501/Embedded/install/turtlebot3_msgs/share/turtlebot3_msgs/environment/pythonpath.dsv
[17.321s] -- Installing: /home/donggun/S13P21A501/Embedded/install/turtlebot3_msgs/local/lib/python3.10/dist-packages/turtlebot3_msgs-2.4.0-py3.10.egg-info
[17.321s] -- Installing: /home/donggun/S13P21A501/Embedded/install/turtlebot3_msgs/local/lib/python3.10/dist-packages/turtlebot3_msgs-2.4.0-py3.10.egg-info/top_level.txt
[17.321s] -- Installing: /home/donggun/S13P21A501/Embedded/install/turtlebot3_msgs/local/lib/python3.10/dist-packages/turtlebot3_msgs-2.4.0-py3.10.egg-info/dependency_links.txt
[17.321s] -- Installing: /home/donggun/S13P21A501/Embedded/install/turtlebot3_msgs/local/lib/python3.10/dist-packages/turtlebot3_msgs-2.4.0-py3.10.egg-info/PKG-INFO
[17.321s] -- Installing: /home/donggun/S13P21A501/Embedded/install/turtlebot3_msgs/local/lib/python3.10/dist-packages/turtlebot3_msgs-2.4.0-py3.10.egg-info/SOURCES.txt
[17.322s] -- Installing: /home/donggun/S13P21A501/Embedded/install/turtlebot3_msgs/local/lib/python3.10/dist-packages/turtlebot3_msgs
[17.322s] -- Installing: /home/donggun/S13P21A501/Embedded/install/turtlebot3_msgs/local/lib/python3.10/dist-packages/turtlebot3_msgs/turtlebot3_msgs_s__rosidl_typesupport_fastrtps_c.cpython-310-x86_64-linux-gnu.so
[17.322s] -- Installing: /home/donggun/S13P21A501/Embedded/install/turtlebot3_msgs/local/lib/python3.10/dist-packages/turtlebot3_msgs/srv
[17.322s] -- Installing: /home/donggun/S13P21A501/Embedded/install/turtlebot3_msgs/local/lib/python3.10/dist-packages/turtlebot3_msgs/srv/_goal_s.c
[17.322s] -- Installing: /home/donggun/S13P21A501/Embedded/install/turtlebot3_msgs/local/lib/python3.10/dist-packages/turtlebot3_msgs/srv/_sound.py
[17.322s] -- Installing: /home/donggun/S13P21A501/Embedded/install/turtlebot3_msgs/local/lib/python3.10/dist-packages/turtlebot3_msgs/srv/__init__.py
[17.322s] -- Installing: /home/donggun/S13P21A501/Embedded/install/turtlebot3_msgs/local/lib/python3.10/dist-packages/turtlebot3_msgs/srv/_dqn_s.c
[17.322s] -- Installing: /home/donggun/S13P21A501/Embedded/install/turtlebot3_msgs/local/lib/python3.10/dist-packages/turtlebot3_msgs/srv/_goal.py
[17.322s] -- Installing: /home/donggun/S13P21A501/Embedded/install/turtlebot3_msgs/local/lib/python3.10/dist-packages/turtlebot3_msgs/srv/_dqn.py
[17.323s] -- Installing: /home/donggun/S13P21A501/Embedded/install/turtlebot3_msgs/local/lib/python3.10/dist-packages/turtlebot3_msgs/srv/_sound_s.c
[17.323s] -- Installing: /home/donggun/S13P21A501/Embedded/install/turtlebot3_msgs/local/lib/python3.10/dist-packages/turtlebot3_msgs/msg
[17.323s] -- Installing: /home/donggun/S13P21A501/Embedded/install/turtlebot3_msgs/local/lib/python3.10/dist-packages/turtlebot3_msgs/msg/_sound.py
[17.323s] -- Installing: /home/donggun/S13P21A501/Embedded/install/turtlebot3_msgs/local/lib/python3.10/dist-packages/turtlebot3_msgs/msg/_version_info_s.c
[17.323s] -- Installing: /home/donggun/S13P21A501/Embedded/install/turtlebot3_msgs/local/lib/python3.10/dist-packages/turtlebot3_msgs/msg/_sensor_state.py
[17.323s] -- Installing: /home/donggun/S13P21A501/Embedded/install/turtlebot3_msgs/local/lib/python3.10/dist-packages/turtlebot3_msgs/msg/__init__.py
[17.323s] -- Installing: /home/donggun/S13P21A501/Embedded/install/turtlebot3_msgs/local/lib/python3.10/dist-packages/turtlebot3_msgs/msg/_version_info.py
[17.323s] -- Installing: /home/donggun/S13P21A501/Embedded/install/turtlebot3_msgs/local/lib/python3.10/dist-packages/turtlebot3_msgs/msg/_sensor_state_s.c
[17.323s] -- Installing: /home/donggun/S13P21A501/Embedded/install/turtlebot3_msgs/local/lib/python3.10/dist-packages/turtlebot3_msgs/msg/_sound_s.c
[17.323s] -- Installing: /home/donggun/S13P21A501/Embedded/install/turtlebot3_msgs/local/lib/python3.10/dist-packages/turtlebot3_msgs/action
[17.324s] -- Installing: /home/donggun/S13P21A501/Embedded/install/turtlebot3_msgs/local/lib/python3.10/dist-packages/turtlebot3_msgs/action/_patrol_s.c
[17.324s] -- Installing: /home/donggun/S13P21A501/Embedded/install/turtlebot3_msgs/local/lib/python3.10/dist-packages/turtlebot3_msgs/action/__init__.py
[17.324s] -- Installing: /home/donggun/S13P21A501/Embedded/install/turtlebot3_msgs/local/lib/python3.10/dist-packages/turtlebot3_msgs/action/_patrol.py
[17.324s] -- Installing: /home/donggun/S13P21A501/Embedded/install/turtlebot3_msgs/local/lib/python3.10/dist-packages/turtlebot3_msgs/libturtlebot3_msgs__rosidl_generator_py.so
[17.324s] -- Installing: /home/donggun/S13P21A501/Embedded/install/turtlebot3_msgs/local/lib/python3.10/dist-packages/turtlebot3_msgs/__init__.py
[17.324s] -- Installing: /home/donggun/S13P21A501/Embedded/install/turtlebot3_msgs/local/lib/python3.10/dist-packages/turtlebot3_msgs/_turtlebot3_msgs_s.ep.rosidl_typesupport_c.c
[17.324s] -- Installing: /home/donggun/S13P21A501/Embedded/install/turtlebot3_msgs/local/lib/python3.10/dist-packages/turtlebot3_msgs/_turtlebot3_msgs_s.ep.rosidl_typesupport_introspection_c.c
[17.324s] -- Installing: /home/donggun/S13P21A501/Embedded/install/turtlebot3_msgs/local/lib/python3.10/dist-packages/turtlebot3_msgs/turtlebot3_msgs_s__rosidl_typesupport_introspection_c.cpython-310-x86_64-linux-gnu.so
[17.324s] -- Installing: /home/donggun/S13P21A501/Embedded/install/turtlebot3_msgs/local/lib/python3.10/dist-packages/turtlebot3_msgs/_turtlebot3_msgs_s.ep.rosidl_typesupport_fastrtps_c.c
[17.325s] -- Installing: /home/donggun/S13P21A501/Embedded/install/turtlebot3_msgs/local/lib/python3.10/dist-packages/turtlebot3_msgs/turtlebot3_msgs_s__rosidl_typesupport_c.cpython-310-x86_64-linux-gnu.so
[17.403s] Listing '/home/donggun/S13P21A501/Embedded/install/turtlebot3_msgs/local/lib/python3.10/dist-packages/turtlebot3_msgs'...
[17.403s] Compiling '/home/donggun/S13P21A501/Embedded/install/turtlebot3_msgs/local/lib/python3.10/dist-packages/turtlebot3_msgs/__init__.py'...
[17.403s] Listing '/home/donggun/S13P21A501/Embedded/install/turtlebot3_msgs/local/lib/python3.10/dist-packages/turtlebot3_msgs/action'...
[17.403s] Compiling '/home/donggun/S13P21A501/Embedded/install/turtlebot3_msgs/local/lib/python3.10/dist-packages/turtlebot3_msgs/action/__init__.py'...
[17.403s] Compiling '/home/donggun/S13P21A501/Embedded/install/turtlebot3_msgs/local/lib/python3.10/dist-packages/turtlebot3_msgs/action/_patrol.py'...
[17.403s] Listing '/home/donggun/S13P21A501/Embedded/install/turtlebot3_msgs/local/lib/python3.10/dist-packages/turtlebot3_msgs/msg'...
[17.403s] Compiling '/home/donggun/S13P21A501/Embedded/install/turtlebot3_msgs/local/lib/python3.10/dist-packages/turtlebot3_msgs/msg/__init__.py'...
[17.403s] Compiling '/home/donggun/S13P21A501/Embedded/install/turtlebot3_msgs/local/lib/python3.10/dist-packages/turtlebot3_msgs/msg/_sensor_state.py'...
[17.404s] Compiling '/home/donggun/S13P21A501/Embedded/install/turtlebot3_msgs/local/lib/python3.10/dist-packages/turtlebot3_msgs/msg/_sound.py'...
[17.404s] Compiling '/home/donggun/S13P21A501/Embedded/install/turtlebot3_msgs/local/lib/python3.10/dist-packages/turtlebot3_msgs/msg/_version_info.py'...
[17.404s] Listing '/home/donggun/S13P21A501/Embedded/install/turtlebot3_msgs/local/lib/python3.10/dist-packages/turtlebot3_msgs/srv'...
[17.404s] Compiling '/home/donggun/S13P21A501/Embedded/install/turtlebot3_msgs/local/lib/python3.10/dist-packages/turtlebot3_msgs/srv/__init__.py'...
[17.404s] Compiling '/home/donggun/S13P21A501/Embedded/install/turtlebot3_msgs/local/lib/python3.10/dist-packages/turtlebot3_msgs/srv/_dqn.py'...
[17.404s] Compiling '/home/donggun/S13P21A501/Embedded/install/turtlebot3_msgs/local/lib/python3.10/dist-packages/turtlebot3_msgs/srv/_goal.py'...
[17.404s] Compiling '/home/donggun/S13P21A501/Embedded/install/turtlebot3_msgs/local/lib/python3.10/dist-packages/turtlebot3_msgs/srv/_sound.py'...
[17.411s] -- Installing: /home/donggun/S13P21A501/Embedded/install/turtlebot3_msgs/local/lib/python3.10/dist-packages/turtlebot3_msgs/turtlebot3_msgs_s__rosidl_typesupport_fastrtps_c.cpython-310-x86_64-linux-gnu.so
[17.411s] -- Set runtime path of "/home/donggun/S13P21A501/Embedded/install/turtlebot3_msgs/local/lib/python3.10/dist-packages/turtlebot3_msgs/turtlebot3_msgs_s__rosidl_typesupport_fastrtps_c.cpython-310-x86_64-linux-gnu.so" to ""
[17.412s] -- Installing: /home/donggun/S13P21A501/Embedded/install/turtlebot3_msgs/local/lib/python3.10/dist-packages/turtlebot3_msgs/turtlebot3_msgs_s__rosidl_typesupport_introspection_c.cpython-310-x86_64-linux-gnu.so
[17.412s] -- Set runtime path of "/home/donggun/S13P21A501/Embedded/install/turtlebot3_msgs/local/lib/python3.10/dist-packages/turtlebot3_msgs/turtlebot3_msgs_s__rosidl_typesupport_introspection_c.cpython-310-x86_64-linux-gnu.so" to ""
[17.413s] -- Installing: /home/donggun/S13P21A501/Embedded/install/turtlebot3_msgs/local/lib/python3.10/dist-packages/turtlebot3_msgs/turtlebot3_msgs_s__rosidl_typesupport_c.cpython-310-x86_64-linux-gnu.so
[17.413s] -- Set runtime path of "/home/donggun/S13P21A501/Embedded/install/turtlebot3_msgs/local/lib/python3.10/dist-packages/turtlebot3_msgs/turtlebot3_msgs_s__rosidl_typesupport_c.cpython-310-x86_64-linux-gnu.so" to ""
[17.414s] -- Installing: /home/donggun/S13P21A501/Embedded/install/turtlebot3_msgs/lib/libturtlebot3_msgs__rosidl_generator_py.so
[17.415s] -- Set runtime path of "/home/donggun/S13P21A501/Embedded/install/turtlebot3_msgs/lib/libturtlebot3_msgs__rosidl_generator_py.so" to ""
[17.415s] -- Installing: /home/donggun/S13P21A501/Embedded/install/turtlebot3_msgs/share/turtlebot3_msgs/msg/SensorState.idl
[17.415s] -- Installing: /home/donggun/S13P21A501/Embedded/install/turtlebot3_msgs/share/turtlebot3_msgs/msg/Sound.idl
[17.416s] -- Installing: /home/donggun/S13P21A501/Embedded/install/turtlebot3_msgs/share/turtlebot3_msgs/msg/VersionInfo.idl
[17.417s] -- Installing: /home/donggun/S13P21A501/Embedded/install/turtlebot3_msgs/share/turtlebot3_msgs/srv/Sound.idl
[17.417s] -- Installing: /home/donggun/S13P21A501/Embedded/install/turtlebot3_msgs/share/turtlebot3_msgs/srv/Dqn.idl
[17.417s] -- Installing: /home/donggun/S13P21A501/Embedded/install/turtlebot3_msgs/share/turtlebot3_msgs/srv/Goal.idl
[17.418s] -- Installing: /home/donggun/S13P21A501/Embedded/install/turtlebot3_msgs/share/turtlebot3_msgs/action/Patrol.idl
[17.418s] -- Installing: /home/donggun/S13P21A501/Embedded/install/turtlebot3_msgs/share/turtlebot3_msgs/msg/SensorState.msg
[17.419s] -- Installing: /home/donggun/S13P21A501/Embedded/install/turtlebot3_msgs/share/turtlebot3_msgs/msg/Sound.msg
[17.419s] -- Installing: /home/donggun/S13P21A501/Embedded/install/turtlebot3_msgs/share/turtlebot3_msgs/msg/VersionInfo.msg
[17.419s] -- Installing: /home/donggun/S13P21A501/Embedded/install/turtlebot3_msgs/share/turtlebot3_msgs/srv/Sound.srv
[17.419s] -- Installing: /home/donggun/S13P21A501/Embedded/install/turtlebot3_msgs/share/turtlebot3_msgs/srv/Sound_Request.msg
[17.420s] -- Installing: /home/donggun/S13P21A501/Embedded/install/turtlebot3_msgs/share/turtlebot3_msgs/srv/Sound_Response.msg
[17.420s] -- Installing: /home/donggun/S13P21A501/Embedded/install/turtlebot3_msgs/share/turtlebot3_msgs/srv/Dqn.srv
[17.421s] -- Installing: /home/donggun/S13P21A501/Embedded/install/turtlebot3_msgs/share/turtlebot3_msgs/srv/Dqn_Request.msg
[17.421s] -- Installing: /home/donggun/S13P21A501/Embedded/install/turtlebot3_msgs/share/turtlebot3_msgs/srv/Dqn_Response.msg
[17.421s] -- Installing: /home/donggun/S13P21A501/Embedded/install/turtlebot3_msgs/share/turtlebot3_msgs/srv/Goal.srv
[17.422s] -- Installing: /home/donggun/S13P21A501/Embedded/install/turtlebot3_msgs/share/turtlebot3_msgs/srv/Goal_Request.msg
[17.422s] -- Installing: /home/donggun/S13P21A501/Embedded/install/turtlebot3_msgs/share/turtlebot3_msgs/srv/Goal_Response.msg
[17.423s] -- Installing: /home/donggun/S13P21A501/Embedded/install/turtlebot3_msgs/share/turtlebot3_msgs/action/Patrol.action
[17.423s] -- Installing: /home/donggun/S13P21A501/Embedded/install/turtlebot3_msgs/share/ament_index/resource_index/package_run_dependencies/turtlebot3_msgs
[17.423s] -- Installing: /home/donggun/S13P21A501/Embedded/install/turtlebot3_msgs/share/ament_index/resource_index/parent_prefix_path/turtlebot3_msgs
[17.424s] -- Installing: /home/donggun/S13P21A501/Embedded/install/turtlebot3_msgs/share/turtlebot3_msgs/environment/ament_prefix_path.sh
[17.424s] -- Installing: /home/donggun/S13P21A501/Embedded/install/turtlebot3_msgs/share/turtlebot3_msgs/environment/ament_prefix_path.dsv
[17.425s] -- Installing: /home/donggun/S13P21A501/Embedded/install/turtlebot3_msgs/share/turtlebot3_msgs/environment/path.sh
[17.425s] -- Installing: /home/donggun/S13P21A501/Embedded/install/turtlebot3_msgs/share/turtlebot3_msgs/environment/path.dsv
[17.425s] -- Installing: /home/donggun/S13P21A501/Embedded/install/turtlebot3_msgs/share/turtlebot3_msgs/local_setup.bash
[17.426s] -- Installing: /home/donggun/S13P21A501/Embedded/install/turtlebot3_msgs/share/turtlebot3_msgs/local_setup.sh
[17.426s] -- Installing: /home/donggun/S13P21A501/Embedded/install/turtlebot3_msgs/share/turtlebot3_msgs/local_setup.zsh
[17.427s] -- Installing: /home/donggun/S13P21A501/Embedded/install/turtlebot3_msgs/share/turtlebot3_msgs/local_setup.dsv
[17.427s] -- Installing: /home/donggun/S13P21A501/Embedded/install/turtlebot3_msgs/share/turtlebot3_msgs/package.dsv
[17.428s] -- Installing: /home/donggun/S13P21A501/Embedded/install/turtlebot3_msgs/share/ament_index/resource_index/packages/turtlebot3_msgs
[17.428s] -- Installing: /home/donggun/S13P21A501/Embedded/install/turtlebot3_msgs/share/turtlebot3_msgs/cmake/export_turtlebot3_msgs__rosidl_generator_cExport.cmake
[17.428s] -- Installing: /home/donggun/S13P21A501/Embedded/install/turtlebot3_msgs/share/turtlebot3_msgs/cmake/export_turtlebot3_msgs__rosidl_generator_cExport-noconfig.cmake
[17.429s] -- Installing: /home/donggun/S13P21A501/Embedded/install/turtlebot3_msgs/share/turtlebot3_msgs/cmake/export_turtlebot3_msgs__rosidl_typesupport_fastrtps_cExport.cmake
[17.429s] -- Installing: /home/donggun/S13P21A501/Embedded/install/turtlebot3_msgs/share/turtlebot3_msgs/cmake/export_turtlebot3_msgs__rosidl_typesupport_fastrtps_cExport-noconfig.cmake
[17.430s] -- Installing: /home/donggun/S13P21A501/Embedded/install/turtlebot3_msgs/share/turtlebot3_msgs/cmake/export_turtlebot3_msgs__rosidl_generator_cppExport.cmake
[17.430s] -- Installing: /home/donggun/S13P21A501/Embedded/install/turtlebot3_msgs/share/turtlebot3_msgs/cmake/export_turtlebot3_msgs__rosidl_typesupport_fastrtps_cppExport.cmake
[17.431s] -- Installing: /home/donggun/S13P21A501/Embedded/install/turtlebot3_msgs/share/turtlebot3_msgs/cmake/export_turtlebot3_msgs__rosidl_typesupport_fastrtps_cppExport-noconfig.cmake
[17.431s] -- Installing: /home/donggun/S13P21A501/Embedded/install/turtlebot3_msgs/share/turtlebot3_msgs/cmake/turtlebot3_msgs__rosidl_typesupport_introspection_cExport.cmake
[17.432s] -- Installing: /home/donggun/S13P21A501/Embedded/install/turtlebot3_msgs/share/turtlebot3_msgs/cmake/turtlebot3_msgs__rosidl_typesupport_introspection_cExport-noconfig.cmake
[17.432s] -- Installing: /home/donggun/S13P21A501/Embedded/install/turtlebot3_msgs/share/turtlebot3_msgs/cmake/turtlebot3_msgs__rosidl_typesupport_cExport.cmake
[17.433s] -- Installing: /home/donggun/S13P21A501/Embedded/install/turtlebot3_msgs/share/turtlebot3_msgs/cmake/turtlebot3_msgs__rosidl_typesupport_cExport-noconfig.cmake
[17.433s] -- Installing: /home/donggun/S13P21A501/Embedded/install/turtlebot3_msgs/share/turtlebot3_msgs/cmake/turtlebot3_msgs__rosidl_typesupport_introspection_cppExport.cmake
[17.433s] -- Installing: /home/donggun/S13P21A501/Embedded/install/turtlebot3_msgs/share/turtlebot3_msgs/cmake/turtlebot3_msgs__rosidl_typesupport_introspection_cppExport-noconfig.cmake
[17.434s] -- Installing: /home/donggun/S13P21A501/Embedded/install/turtlebot3_msgs/share/turtlebot3_msgs/cmake/turtlebot3_msgs__rosidl_typesupport_cppExport.cmake
[17.435s] -- Installing: /home/donggun/S13P21A501/Embedded/install/turtlebot3_msgs/share/turtlebot3_msgs/cmake/turtlebot3_msgs__rosidl_typesupport_cppExport-noconfig.cmake
[17.435s] -- Installing: /home/donggun/S13P21A501/Embedded/install/turtlebot3_msgs/share/turtlebot3_msgs/cmake/export_turtlebot3_msgs__rosidl_generator_pyExport.cmake
[17.435s] -- Installing: /home/donggun/S13P21A501/Embedded/install/turtlebot3_msgs/share/turtlebot3_msgs/cmake/export_turtlebot3_msgs__rosidl_generator_pyExport-noconfig.cmake
[17.436s] -- Installing: /home/donggun/S13P21A501/Embedded/install/turtlebot3_msgs/share/turtlebot3_msgs/cmake/rosidl_cmake-extras.cmake
[17.436s] -- Installing: /home/donggun/S13P21A501/Embedded/install/turtlebot3_msgs/share/turtlebot3_msgs/cmake/ament_cmake_export_dependencies-extras.cmake
[17.437s] -- Installing: /home/donggun/S13P21A501/Embedded/install/turtlebot3_msgs/share/turtlebot3_msgs/cmake/ament_cmake_export_include_directories-extras.cmake
[17.438s] -- Installing: /home/donggun/S13P21A501/Embedded/install/turtlebot3_msgs/share/turtlebot3_msgs/cmake/ament_cmake_export_libraries-extras.cmake
[17.442s] -- Installing: /home/donggun/S13P21A501/Embedded/install/turtlebot3_msgs/share/turtlebot3_msgs/cmake/ament_cmake_export_targets-extras.cmake
[17.442s] -- Installing: /home/donggun/S13P21A501/Embedded/install/turtlebot3_msgs/share/turtlebot3_msgs/cmake/rosidl_cmake_export_typesupport_targets-extras.cmake
[17.442s] -- Installing: /home/donggun/S13P21A501/Embedded/install/turtlebot3_msgs/share/turtlebot3_msgs/cmake/rosidl_cmake_export_typesupport_libraries-extras.cmake
[17.442s] -- Installing: /home/donggun/S13P21A501/Embedded/install/turtlebot3_msgs/share/turtlebot3_msgs/cmake/turtlebot3_msgsConfig.cmake
[17.442s] -- Installing: /home/donggun/S13P21A501/Embedded/install/turtlebot3_msgs/share/turtlebot3_msgs/cmake/turtlebot3_msgsConfig-version.cmake
[17.442s] -- Installing: /home/donggun/S13P21A501/Embedded/install/turtlebot3_msgs/share/turtlebot3_msgs/package.xml
[17.446s] Invoked command in '/home/donggun/S13P21A501/Embedded/build/turtlebot3_msgs' returned '0': CMAKE_PREFIX_PATH=/opt/ros/humble /usr/bin/cmake --install /home/donggun/S13P21A501/Embedded/build/turtlebot3_msgs
