[0.570s] Invoking command in '/home/donggun/S13P21A501/Embedded/build/turtlebot3_manipulation_hardware': AMENT_PREFIX_PATH=/home/donggun/S13P21A501/Embedded/install/dynamixel_sdk:${AMENT_PREFIX_PATH} CMAKE_PREFIX_PATH=/home/donggun/S13P21A501/Embedded/install/dynamixel_sdk:/opt/ros/humble LD_LIBRARY_PATH=/home/donggun/S13P21A501/Embedded/install/dynamixel_sdk/lib:${LD_LIBRARY_PATH} PYTHONPATH=/home/donggun/S13P21A501/Embedded/install/dynamixel_sdk/local/lib/python3.10/dist-packages:${PYTHONPATH} /usr/bin/cmake --build /home/donggun/S13P21A501/Embedded/build/turtlebot3_manipulation_hardware -- -j16 -l16
[0.622s] [35m[1mConsolidate compiler generated dependencies of target turtlebot3_manipulation_hardware[0m
[0.638s] [100%] Built target turtlebot3_manipulation_hardware
[0.698s] Invoked command in '/home/donggun/S13P21A501/Embedded/build/turtlebot3_manipulation_hardware' returned '0': AMENT_PREFIX_PATH=/home/donggun/S13P21A501/Embedded/install/dynamixel_sdk:${AMENT_PREFIX_PATH} CMAKE_PREFIX_PATH=/home/donggun/S13P21A501/Embedded/install/dynamixel_sdk:/opt/ros/humble LD_LIBRARY_PATH=/home/donggun/S13P21A501/Embedded/install/dynamixel_sdk/lib:${LD_LIBRARY_PATH} PYTHONPATH=/home/donggun/S13P21A501/Embedded/install/dynamixel_sdk/local/lib/python3.10/dist-packages:${PYTHONPATH} /usr/bin/cmake --build /home/donggun/S13P21A501/Embedded/build/turtlebot3_manipulation_hardware -- -j16 -l16
[0.700s] Invoking command in '/home/donggun/S13P21A501/Embedded/build/turtlebot3_manipulation_hardware': AMENT_PREFIX_PATH=/home/donggun/S13P21A501/Embedded/install/dynamixel_sdk:${AMENT_PREFIX_PATH} CMAKE_PREFIX_PATH=/home/donggun/S13P21A501/Embedded/install/dynamixel_sdk:/opt/ros/humble LD_LIBRARY_PATH=/home/donggun/S13P21A501/Embedded/install/dynamixel_sdk/lib:${LD_LIBRARY_PATH} PYTHONPATH=/home/donggun/S13P21A501/Embedded/install/dynamixel_sdk/local/lib/python3.10/dist-packages:${PYTHONPATH} /usr/bin/cmake --install /home/donggun/S13P21A501/Embedded/build/turtlebot3_manipulation_hardware
[0.711s] -- Install configuration: ""
[0.713s] -- Up-to-date: /home/donggun/S13P21A501/Embedded/install/turtlebot3_manipulation_hardware/share/turtlebot3_manipulation_hardware/turtlebot3_manipulation_hardware.xml
[0.713s] -- Up-to-date: /home/donggun/S13P21A501/Embedded/install/turtlebot3_manipulation_hardware/include
[0.713s] -- Up-to-date: /home/donggun/S13P21A501/Embedded/install/turtlebot3_manipulation_hardware/include/turtlebot3_manipulation_hardware
[0.713s] -- Up-to-date: /home/donggun/S13P21A501/Embedded/install/turtlebot3_manipulation_hardware/include/turtlebot3_manipulation_hardware/turtlebot3_manipulation_system.hpp
[0.714s] -- Up-to-date: /home/donggun/S13P21A501/Embedded/install/turtlebot3_manipulation_hardware/include/turtlebot3_manipulation_hardware/opencr_definitions.hpp
[0.714s] -- Up-to-date: /home/donggun/S13P21A501/Embedded/install/turtlebot3_manipulation_hardware/include/turtlebot3_manipulation_hardware/opencr_control_table.hpp
[0.715s] -- Up-to-date: /home/donggun/S13P21A501/Embedded/install/turtlebot3_manipulation_hardware/include/turtlebot3_manipulation_hardware/opencr.hpp
[0.716s] -- Up-to-date: /home/donggun/S13P21A501/Embedded/install/turtlebot3_manipulation_hardware/include/turtlebot3_manipulation_hardware/visibility_control.h
[0.716s] -- Up-to-date: /home/donggun/S13P21A501/Embedded/install/turtlebot3_manipulation_hardware/include/turtlebot3_manipulation_hardware/dynamixel_sdk_wrapper.hpp
[0.716s] -- Up-to-date: /home/donggun/S13P21A501/Embedded/install/turtlebot3_manipulation_hardware/lib/libturtlebot3_manipulation_hardware.so
[0.716s] -- Up-to-date: /home/donggun/S13P21A501/Embedded/install/turtlebot3_manipulation_hardware/share/turtlebot3_manipulation_hardware/environment/library_path.sh
[0.716s] -- Up-to-date: /home/donggun/S13P21A501/Embedded/install/turtlebot3_manipulation_hardware/share/turtlebot3_manipulation_hardware/environment/library_path.dsv
[0.716s] -- Up-to-date: /home/donggun/S13P21A501/Embedded/install/turtlebot3_manipulation_hardware/share/ament_index/resource_index/package_run_dependencies/turtlebot3_manipulation_hardware
[0.716s] -- Up-to-date: /home/donggun/S13P21A501/Embedded/install/turtlebot3_manipulation_hardware/share/ament_index/resource_index/parent_prefix_path/turtlebot3_manipulation_hardware
[0.717s] -- Up-to-date: /home/donggun/S13P21A501/Embedded/install/turtlebot3_manipulation_hardware/share/turtlebot3_manipulation_hardware/environment/ament_prefix_path.sh
[0.717s] -- Up-to-date: /home/donggun/S13P21A501/Embedded/install/turtlebot3_manipulation_hardware/share/turtlebot3_manipulation_hardware/environment/ament_prefix_path.dsv
[0.717s] -- Up-to-date: /home/donggun/S13P21A501/Embedded/install/turtlebot3_manipulation_hardware/share/turtlebot3_manipulation_hardware/environment/path.sh
[0.717s] -- Up-to-date: /home/donggun/S13P21A501/Embedded/install/turtlebot3_manipulation_hardware/share/turtlebot3_manipulation_hardware/environment/path.dsv
[0.717s] -- Up-to-date: /home/donggun/S13P21A501/Embedded/install/turtlebot3_manipulation_hardware/share/turtlebot3_manipulation_hardware/local_setup.bash
[0.717s] -- Up-to-date: /home/donggun/S13P21A501/Embedded/install/turtlebot3_manipulation_hardware/share/turtlebot3_manipulation_hardware/local_setup.sh
[0.717s] -- Up-to-date: /home/donggun/S13P21A501/Embedded/install/turtlebot3_manipulation_hardware/share/turtlebot3_manipulation_hardware/local_setup.zsh
[0.717s] -- Up-to-date: /home/donggun/S13P21A501/Embedded/install/turtlebot3_manipulation_hardware/share/turtlebot3_manipulation_hardware/local_setup.dsv
[0.717s] -- Installing: /home/donggun/S13P21A501/Embedded/install/turtlebot3_manipulation_hardware/share/turtlebot3_manipulation_hardware/package.dsv
[0.718s] -- Up-to-date: /home/donggun/S13P21A501/Embedded/install/turtlebot3_manipulation_hardware/share/ament_index/resource_index/packages/turtlebot3_manipulation_hardware
[0.718s] -- Up-to-date: /home/donggun/S13P21A501/Embedded/install/turtlebot3_manipulation_hardware/share/ament_index/resource_index/hardware_interface__pluginlib__plugin/turtlebot3_manipulation_hardware
[0.718s] -- Up-to-date: /home/donggun/S13P21A501/Embedded/install/turtlebot3_manipulation_hardware/share/turtlebot3_manipulation_hardware/cmake/ament_cmake_export_include_directories-extras.cmake
[0.719s] -- Up-to-date: /home/donggun/S13P21A501/Embedded/install/turtlebot3_manipulation_hardware/share/turtlebot3_manipulation_hardware/cmake/ament_cmake_export_libraries-extras.cmake
[0.719s] -- Up-to-date: /home/donggun/S13P21A501/Embedded/install/turtlebot3_manipulation_hardware/share/turtlebot3_manipulation_hardware/cmake/ament_cmake_export_dependencies-extras.cmake
[0.719s] -- Up-to-date: /home/donggun/S13P21A501/Embedded/install/turtlebot3_manipulation_hardware/share/turtlebot3_manipulation_hardware/cmake/turtlebot3_manipulation_hardwareConfig.cmake
[0.719s] -- Up-to-date: /home/donggun/S13P21A501/Embedded/install/turtlebot3_manipulation_hardware/share/turtlebot3_manipulation_hardware/cmake/turtlebot3_manipulation_hardwareConfig-version.cmake
[0.719s] -- Up-to-date: /home/donggun/S13P21A501/Embedded/install/turtlebot3_manipulation_hardware/share/turtlebot3_manipulation_hardware/package.xml
[0.769s] Invoked command in '/home/donggun/S13P21A501/Embedded/build/turtlebot3_manipulation_hardware' returned '0': AMENT_PREFIX_PATH=/home/donggun/S13P21A501/Embedded/install/dynamixel_sdk:${AMENT_PREFIX_PATH} CMAKE_PREFIX_PATH=/home/donggun/S13P21A501/Embedded/install/dynamixel_sdk:/opt/ros/humble LD_LIBRARY_PATH=/home/donggun/S13P21A501/Embedded/install/dynamixel_sdk/lib:${LD_LIBRARY_PATH} PYTHONPATH=/home/donggun/S13P21A501/Embedded/install/dynamixel_sdk/local/lib/python3.10/dist-packages:${PYTHONPATH} /usr/bin/cmake --install /home/donggun/S13P21A501/Embedded/build/turtlebot3_manipulation_hardware
