[0.089s] Invoking command in '/home/hb/Git/Embedded/build/turtlebot3_cartographer': CMAKE_PREFIX_PATH=${CMAKE_PREFIX_PATH}:/home/hb/Git/Embedded/install/turtlebot3_teleop:/home/hb/Git/Embedded/install/turtlebot3_example:/home/hb/Git/Embedded/install/robot_web_interface:/home/hb/Git/Embedded/install/delivery_interface:/home/hb/Git/Embedded/install/app_navigation:/opt/ros/humble /usr/bin/cmake /home/hb/Git/Embedded/src/turtlebot3/turtlebot3_cartographer -DCMAKE_INSTALL_PREFIX=/home/hb/Git/Embedded/install/turtlebot3_cartographer
[1.763s] -- The C compiler identification is GNU 11.4.0
[1.763s] -- The CXX compiler identification is GNU 11.4.0
[1.763s] -- Detecting C compiler ABI info
[1.763s] -- Detecting C compiler ABI info - done
[1.763s] -- Check for working C compiler: /usr/bin/cc - skipped
[1.763s] -- Detecting C compile features
[1.763s] -- Detecting C compile features - done
[1.763s] -- Detecting CXX compiler ABI info
[1.763s] -- Detecting CXX compiler ABI info - done
[1.763s] -- Check for working CXX compiler: /usr/bin/c++ - skipped
[1.763s] -- Detecting CXX compile features
[1.763s] -- Detecting CXX compile features - done
[1.764s] -- Found ament_cmake: 1.3.12 (/opt/ros/humble/share/ament_cmake/cmake)
[1.764s] -- Found Python3: /usr/bin/python3 (found version "3.10.12") found components: Interpreter 
[1.765s] -- Configuring done
[1.765s] -- Generating done
[1.765s] -- Build files have been written to: /home/hb/Git/Embedded/build/turtlebot3_cartographer
[1.785s] Invoked command in '/home/hb/Git/Embedded/build/turtlebot3_cartographer' returned '0': CMAKE_PREFIX_PATH=${CMAKE_PREFIX_PATH}:/home/hb/Git/Embedded/install/turtlebot3_teleop:/home/hb/Git/Embedded/install/turtlebot3_example:/home/hb/Git/Embedded/install/robot_web_interface:/home/hb/Git/Embedded/install/delivery_interface:/home/hb/Git/Embedded/install/app_navigation:/opt/ros/humble /usr/bin/cmake /home/hb/Git/Embedded/src/turtlebot3/turtlebot3_cartographer -DCMAKE_INSTALL_PREFIX=/home/hb/Git/Embedded/install/turtlebot3_cartographer
[1.787s] Invoking command in '/home/hb/Git/Embedded/build/turtlebot3_cartographer': CMAKE_PREFIX_PATH=${CMAKE_PREFIX_PATH}:/home/hb/Git/Embedded/install/turtlebot3_teleop:/home/hb/Git/Embedded/install/turtlebot3_example:/home/hb/Git/Embedded/install/robot_web_interface:/home/hb/Git/Embedded/install/delivery_interface:/home/hb/Git/Embedded/install/app_navigation:/opt/ros/humble /usr/bin/cmake --build /home/hb/Git/Embedded/build/turtlebot3_cartographer -- -j16 -l16
[1.867s] Invoked command in '/home/hb/Git/Embedded/build/turtlebot3_cartographer' returned '0': CMAKE_PREFIX_PATH=${CMAKE_PREFIX_PATH}:/home/hb/Git/Embedded/install/turtlebot3_teleop:/home/hb/Git/Embedded/install/turtlebot3_example:/home/hb/Git/Embedded/install/robot_web_interface:/home/hb/Git/Embedded/install/delivery_interface:/home/hb/Git/Embedded/install/app_navigation:/opt/ros/humble /usr/bin/cmake --build /home/hb/Git/Embedded/build/turtlebot3_cartographer -- -j16 -l16
[1.868s] Invoking command in '/home/hb/Git/Embedded/build/turtlebot3_cartographer': CMAKE_PREFIX_PATH=${CMAKE_PREFIX_PATH}:/home/hb/Git/Embedded/install/turtlebot3_teleop:/home/hb/Git/Embedded/install/turtlebot3_example:/home/hb/Git/Embedded/install/robot_web_interface:/home/hb/Git/Embedded/install/delivery_interface:/home/hb/Git/Embedded/install/app_navigation:/opt/ros/humble /usr/bin/cmake --install /home/hb/Git/Embedded/build/turtlebot3_cartographer
[1.929s] -- Install configuration: ""
[1.929s] -- Installing: /home/hb/Git/Embedded/install/turtlebot3_cartographer/share/turtlebot3_cartographer/config
[1.929s] -- Installing: /home/hb/Git/Embedded/install/turtlebot3_cartographer/share/turtlebot3_cartographer/config/turtlebot3_lds_2d.lua
[1.929s] -- Installing: /home/hb/Git/Embedded/install/turtlebot3_cartographer/share/turtlebot3_cartographer/launch
[1.929s] -- Installing: /home/hb/Git/Embedded/install/turtlebot3_cartographer/share/turtlebot3_cartographer/launch/cartographer.launch.py
[1.929s] -- Installing: /home/hb/Git/Embedded/install/turtlebot3_cartographer/share/turtlebot3_cartographer/launch/occupancy_grid.launch.py
[1.929s] -- Installing: /home/hb/Git/Embedded/install/turtlebot3_cartographer/share/turtlebot3_cartographer/rviz
[1.929s] -- Installing: /home/hb/Git/Embedded/install/turtlebot3_cartographer/share/turtlebot3_cartographer/rviz/tb3_cartographer.rviz
[1.930s] -- Installing: /home/hb/Git/Embedded/install/turtlebot3_cartographer/share/ament_index/resource_index/package_run_dependencies/turtlebot3_cartographer
[1.930s] -- Installing: /home/hb/Git/Embedded/install/turtlebot3_cartographer/share/ament_index/resource_index/parent_prefix_path/turtlebot3_cartographer
[1.930s] -- Installing: /home/hb/Git/Embedded/install/turtlebot3_cartographer/share/turtlebot3_cartographer/environment/ament_prefix_path.sh
[1.930s] -- Installing: /home/hb/Git/Embedded/install/turtlebot3_cartographer/share/turtlebot3_cartographer/environment/ament_prefix_path.dsv
[1.930s] -- Installing: /home/hb/Git/Embedded/install/turtlebot3_cartographer/share/turtlebot3_cartographer/environment/path.sh
[1.930s] -- Installing: /home/hb/Git/Embedded/install/turtlebot3_cartographer/share/turtlebot3_cartographer/environment/path.dsv
[1.930s] -- Installing: /home/hb/Git/Embedded/install/turtlebot3_cartographer/share/turtlebot3_cartographer/local_setup.bash
[1.930s] -- Installing: /home/hb/Git/Embedded/install/turtlebot3_cartographer/share/turtlebot3_cartographer/local_setup.sh
[1.930s] -- Installing: /home/hb/Git/Embedded/install/turtlebot3_cartographer/share/turtlebot3_cartographer/local_setup.zsh
[1.930s] -- Installing: /home/hb/Git/Embedded/install/turtlebot3_cartographer/share/turtlebot3_cartographer/local_setup.dsv
[1.931s] -- Installing: /home/hb/Git/Embedded/install/turtlebot3_cartographer/share/turtlebot3_cartographer/package.dsv
[1.936s] -- Installing: /home/hb/Git/Embedded/install/turtlebot3_cartographer/share/ament_index/resource_index/packages/turtlebot3_cartographer
[1.936s] -- Installing: /home/hb/Git/Embedded/install/turtlebot3_cartographer/share/turtlebot3_cartographer/cmake/turtlebot3_cartographerConfig.cmake
[1.937s] -- Installing: /home/hb/Git/Embedded/install/turtlebot3_cartographer/share/turtlebot3_cartographer/cmake/turtlebot3_cartographerConfig-version.cmake
[1.937s] -- Installing: /home/hb/Git/Embedded/install/turtlebot3_cartographer/share/turtlebot3_cartographer/package.xml
[2.011s] Invoked command in '/home/hb/Git/Embedded/build/turtlebot3_cartographer' returned '0': CMAKE_PREFIX_PATH=${CMAKE_PREFIX_PATH}:/home/hb/Git/Embedded/install/turtlebot3_teleop:/home/hb/Git/Embedded/install/turtlebot3_example:/home/hb/Git/Embedded/install/robot_web_interface:/home/hb/Git/Embedded/install/delivery_interface:/home/hb/Git/Embedded/install/app_navigation:/opt/ros/humble /usr/bin/cmake --install /home/hb/Git/Embedded/build/turtlebot3_cartographer
