[1.449s] Invoking command in '/home/donggun/S13P21A501/Embedded/src/turtlebot3/turtlebot3_example': AMENT_PREFIX_PATH=/home/donggun/S13P21A501/Embedded/install/turtlebot3_msgs:${AMENT_PREFIX_PATH} CMAKE_PREFIX_PATH=/home/donggun/S13P21A501/Embedded/install/turtlebot3_msgs LD_LIBRARY_PATH=/home/donggun/S13P21A501/Embedded/install/turtlebot3_msgs/lib:${LD_LIBRARY_PATH} PYTHONPATH=/home/donggun/S13P21A501/Embedded/build/turtlebot3_example/prefix_override:/usr/lib/python3/dist-packages/colcon_core/task/python/colcon_distutils_commands:/home/donggun/S13P21A501/Embedded/install/turtlebot3_example/lib/python3.10/site-packages:/home/donggun/S13P21A501/Embedded/install/turtlebot3_msgs/local/lib/python3.10/dist-packages:${PYTHONPATH} /usr/bin/python3 -W ignore:setup.py install is deprecated -W ignore:easy_install command is deprecated setup.py egg_info --egg-base ../../../build/turtlebot3_example build --build-base /home/donggun/S13P21A501/Embedded/build/turtlebot3_example/build install --record /home/donggun/S13P21A501/Embedded/build/turtlebot3_example/install.log --single-version-externally-managed install_data
[1.998s] running egg_info
[2.022s] writing ../../../build/turtlebot3_example/turtlebot3_example.egg-info/PKG-INFO
[2.022s] writing dependency_links to ../../../build/turtlebot3_example/turtlebot3_example.egg-info/dependency_links.txt
[2.022s] writing entry points to ../../../build/turtlebot3_example/turtlebot3_example.egg-info/entry_points.txt
[2.023s] writing requirements to ../../../build/turtlebot3_example/turtlebot3_example.egg-info/requires.txt
[2.023s] writing top-level names to ../../../build/turtlebot3_example/turtlebot3_example.egg-info/top_level.txt
[2.067s] reading manifest file '../../../build/turtlebot3_example/turtlebot3_example.egg-info/SOURCES.txt'
[2.068s] writing manifest file '../../../build/turtlebot3_example/turtlebot3_example.egg-info/SOURCES.txt'
[2.069s] running build
[2.069s] running build_py
[2.070s] running install
[2.077s] running install_lib
[2.100s] running install_data
[2.100s] running install_egg_info
[2.123s] removing '/home/donggun/S13P21A501/Embedded/install/turtlebot3_example/lib/python3.10/site-packages/turtlebot3_example-2.3.3-py3.10.egg-info' (and everything under it)
[2.124s] Copying ../../../build/turtlebot3_example/turtlebot3_example.egg-info to /home/donggun/S13P21A501/Embedded/install/turtlebot3_example/lib/python3.10/site-packages/turtlebot3_example-2.3.3-py3.10.egg-info
[2.124s] running install_scripts
[2.208s] Installing turtlebot3_absolute_move script to /home/donggun/S13P21A501/Embedded/install/turtlebot3_example/lib/turtlebot3_example
[2.208s] Installing turtlebot3_interactive_marker script to /home/donggun/S13P21A501/Embedded/install/turtlebot3_example/lib/turtlebot3_example
[2.208s] Installing turtlebot3_obstacle_detection script to /home/donggun/S13P21A501/Embedded/install/turtlebot3_example/lib/turtlebot3_example
[2.209s] Installing turtlebot3_patrol_client script to /home/donggun/S13P21A501/Embedded/install/turtlebot3_example/lib/turtlebot3_example
[2.209s] Installing turtlebot3_patrol_server script to /home/donggun/S13P21A501/Embedded/install/turtlebot3_example/lib/turtlebot3_example
[2.209s] Installing turtlebot3_relative_move script to /home/donggun/S13P21A501/Embedded/install/turtlebot3_example/lib/turtlebot3_example
[2.210s] writing list of installed files to '/home/donggun/S13P21A501/Embedded/build/turtlebot3_example/install.log'
[2.255s] Invoked command in '/home/donggun/S13P21A501/Embedded/src/turtlebot3/turtlebot3_example' returned '0': AMENT_PREFIX_PATH=/home/donggun/S13P21A501/Embedded/install/turtlebot3_msgs:${AMENT_PREFIX_PATH} CMAKE_PREFIX_PATH=/home/donggun/S13P21A501/Embedded/install/turtlebot3_msgs LD_LIBRARY_PATH=/home/donggun/S13P21A501/Embedded/install/turtlebot3_msgs/lib:${LD_LIBRARY_PATH} PYTHONPATH=/home/donggun/S13P21A501/Embedded/build/turtlebot3_example/prefix_override:/usr/lib/python3/dist-packages/colcon_core/task/python/colcon_distutils_commands:/home/donggun/S13P21A501/Embedded/install/turtlebot3_example/lib/python3.10/site-packages:/home/donggun/S13P21A501/Embedded/install/turtlebot3_msgs/local/lib/python3.10/dist-packages:${PYTHONPATH} /usr/bin/python3 -W ignore:setup.py install is deprecated -W ignore:easy_install command is deprecated setup.py egg_info --egg-base ../../../build/turtlebot3_example build --build-base /home/donggun/S13P21A501/Embedded/build/turtlebot3_example/build install --record /home/donggun/S13P21A501/Embedded/build/turtlebot3_example/install.log --single-version-externally-managed install_data
