[0.012s] Invoking command in '/home/donggun/S13P21A501/Embedded/build/turtlebot3_simulations': AMENT_PREFIX_PATH=/home/donggun/S13P21A501/Embedded/install/turtlebot3_fake_node:/home/donggun/S13P21A501/Embedded/install/turtlebot3_msgs:/home/donggun/S13P21A501/Embedded/install/turtlebot3_manipulation_gazebo:/home/donggun/S13P21A501/Embedded/install/turtlebot3_gazebo:${AMENT_PREFIX_PATH} CMAKE_PREFIX_PATH=/home/donggun/S13P21A501/Embedded/install/turtlebot3_fake_node:/home/donggun/S13P21A501/Embedded/install/turtlebot3_msgs:/home/donggun/S13P21A501/Embedded/install/turtlebot3_manipulation_gazebo:/home/donggun/S13P21A501/Embedded/install/turtlebot3_gazebo:/opt/ros/humble LD_LIBRARY_PATH=/home/donggun/S13P21A501/Embedded/install/turtlebot3_msgs/lib:/home/donggun/S13P21A501/Embedded/install/turtlebot3_manipulation_gazebo/lib:${LD_LIBRARY_PATH} PYTHONPATH=/home/donggun/S13P21A501/Embedded/install/turtlebot3_msgs/local/lib/python3.10/dist-packages:${PYTHONPATH} /usr/bin/cmake /home/donggun/S13P21A501/Embedded/src/turtlebot3_simulations/turtlebot3_simulations -DCMAKE_INSTALL_PREFIX=/home/donggun/S13P21A501/Embedded/install/turtlebot3_simulations
[0.071s] -- The C compiler identification is GNU 11.4.0
[0.131s] -- The CXX compiler identification is GNU 11.4.0
[0.139s] -- Detecting C compiler ABI info
[0.212s] -- Detecting C compiler ABI info - done
[0.220s] -- Check for working C compiler: /usr/bin/cc - skipped
[0.220s] -- Detecting C compile features
[0.221s] -- Detecting C compile features - done
[0.224s] -- Detecting CXX compiler ABI info
[0.311s] -- Detecting CXX compiler ABI info - done
[0.319s] -- Check for working CXX compiler: /usr/bin/c++ - skipped
[0.319s] -- Detecting CXX compile features
[0.320s] -- Detecting CXX compile features - done
[0.323s] -- Found ament_cmake: 1.3.12 (/opt/ros/humble/share/ament_cmake/cmake)
[1.169s] -- Found Python3: /usr/bin/python3 (found version "3.10.12") found components: Interpreter 
[1.371s] -- Configuring done
[1.374s] -- Generating done
[1.376s] -- Build files have been written to: /home/donggun/S13P21A501/Embedded/build/turtlebot3_simulations
[1.381s] Invoked command in '/home/donggun/S13P21A501/Embedded/build/turtlebot3_simulations' returned '0': AMENT_PREFIX_PATH=/home/donggun/S13P21A501/Embedded/install/turtlebot3_fake_node:/home/donggun/S13P21A501/Embedded/install/turtlebot3_msgs:/home/donggun/S13P21A501/Embedded/install/turtlebot3_manipulation_gazebo:/home/donggun/S13P21A501/Embedded/install/turtlebot3_gazebo:${AMENT_PREFIX_PATH} CMAKE_PREFIX_PATH=/home/donggun/S13P21A501/Embedded/install/turtlebot3_fake_node:/home/donggun/S13P21A501/Embedded/install/turtlebot3_msgs:/home/donggun/S13P21A501/Embedded/install/turtlebot3_manipulation_gazebo:/home/donggun/S13P21A501/Embedded/install/turtlebot3_gazebo:/opt/ros/humble LD_LIBRARY_PATH=/home/donggun/S13P21A501/Embedded/install/turtlebot3_msgs/lib:/home/donggun/S13P21A501/Embedded/install/turtlebot3_manipulation_gazebo/lib:${LD_LIBRARY_PATH} PYTHONPATH=/home/donggun/S13P21A501/Embedded/install/turtlebot3_msgs/local/lib/python3.10/dist-packages:${PYTHONPATH} /usr/bin/cmake /home/donggun/S13P21A501/Embedded/src/turtlebot3_simulations/turtlebot3_simulations -DCMAKE_INSTALL_PREFIX=/home/donggun/S13P21A501/Embedded/install/turtlebot3_simulations
[1.382s] Invoking command in '/home/donggun/S13P21A501/Embedded/build/turtlebot3_simulations': AMENT_PREFIX_PATH=/home/donggun/S13P21A501/Embedded/install/turtlebot3_fake_node:/home/donggun/S13P21A501/Embedded/install/turtlebot3_msgs:/home/donggun/S13P21A501/Embedded/install/turtlebot3_manipulation_gazebo:/home/donggun/S13P21A501/Embedded/install/turtlebot3_gazebo:${AMENT_PREFIX_PATH} CMAKE_PREFIX_PATH=/home/donggun/S13P21A501/Embedded/install/turtlebot3_fake_node:/home/donggun/S13P21A501/Embedded/install/turtlebot3_msgs:/home/donggun/S13P21A501/Embedded/install/turtlebot3_manipulation_gazebo:/home/donggun/S13P21A501/Embedded/install/turtlebot3_gazebo:/opt/ros/humble LD_LIBRARY_PATH=/home/donggun/S13P21A501/Embedded/install/turtlebot3_msgs/lib:/home/donggun/S13P21A501/Embedded/install/turtlebot3_manipulation_gazebo/lib:${LD_LIBRARY_PATH} PYTHONPATH=/home/donggun/S13P21A501/Embedded/install/turtlebot3_msgs/local/lib/python3.10/dist-packages:${PYTHONPATH} /usr/bin/cmake --build /home/donggun/S13P21A501/Embedded/build/turtlebot3_simulations -- -j16 -l16
[1.422s] Invoked command in '/home/donggun/S13P21A501/Embedded/build/turtlebot3_simulations' returned '0': AMENT_PREFIX_PATH=/home/donggun/S13P21A501/Embedded/install/turtlebot3_fake_node:/home/donggun/S13P21A501/Embedded/install/turtlebot3_msgs:/home/donggun/S13P21A501/Embedded/install/turtlebot3_manipulation_gazebo:/home/donggun/S13P21A501/Embedded/install/turtlebot3_gazebo:${AMENT_PREFIX_PATH} CMAKE_PREFIX_PATH=/home/donggun/S13P21A501/Embedded/install/turtlebot3_fake_node:/home/donggun/S13P21A501/Embedded/install/turtlebot3_msgs:/home/donggun/S13P21A501/Embedded/install/turtlebot3_manipulation_gazebo:/home/donggun/S13P21A501/Embedded/install/turtlebot3_gazebo:/opt/ros/humble LD_LIBRARY_PATH=/home/donggun/S13P21A501/Embedded/install/turtlebot3_msgs/lib:/home/donggun/S13P21A501/Embedded/install/turtlebot3_manipulation_gazebo/lib:${LD_LIBRARY_PATH} PYTHONPATH=/home/donggun/S13P21A501/Embedded/install/turtlebot3_msgs/local/lib/python3.10/dist-packages:${PYTHONPATH} /usr/bin/cmake --build /home/donggun/S13P21A501/Embedded/build/turtlebot3_simulations -- -j16 -l16
[1.424s] Invoking command in '/home/donggun/S13P21A501/Embedded/build/turtlebot3_simulations': AMENT_PREFIX_PATH=/home/donggun/S13P21A501/Embedded/install/turtlebot3_fake_node:/home/donggun/S13P21A501/Embedded/install/turtlebot3_msgs:/home/donggun/S13P21A501/Embedded/install/turtlebot3_manipulation_gazebo:/home/donggun/S13P21A501/Embedded/install/turtlebot3_gazebo:${AMENT_PREFIX_PATH} CMAKE_PREFIX_PATH=/home/donggun/S13P21A501/Embedded/install/turtlebot3_fake_node:/home/donggun/S13P21A501/Embedded/install/turtlebot3_msgs:/home/donggun/S13P21A501/Embedded/install/turtlebot3_manipulation_gazebo:/home/donggun/S13P21A501/Embedded/install/turtlebot3_gazebo:/opt/ros/humble LD_LIBRARY_PATH=/home/donggun/S13P21A501/Embedded/install/turtlebot3_msgs/lib:/home/donggun/S13P21A501/Embedded/install/turtlebot3_manipulation_gazebo/lib:${LD_LIBRARY_PATH} PYTHONPATH=/home/donggun/S13P21A501/Embedded/install/turtlebot3_msgs/local/lib/python3.10/dist-packages:${PYTHONPATH} /usr/bin/cmake --install /home/donggun/S13P21A501/Embedded/build/turtlebot3_simulations
[1.431s] -- Install configuration: ""
[1.431s] -- Installing: /home/donggun/S13P21A501/Embedded/install/turtlebot3_simulations/share/ament_index/resource_index/package_run_dependencies/turtlebot3_simulations
[1.431s] -- Installing: /home/donggun/S13P21A501/Embedded/install/turtlebot3_simulations/share/ament_index/resource_index/parent_prefix_path/turtlebot3_simulations
[1.431s] -- Installing: /home/donggun/S13P21A501/Embedded/install/turtlebot3_simulations/share/turtlebot3_simulations/environment/ament_prefix_path.sh
[1.431s] -- Installing: /home/donggun/S13P21A501/Embedded/install/turtlebot3_simulations/share/turtlebot3_simulations/environment/ament_prefix_path.dsv
[1.431s] -- Installing: /home/donggun/S13P21A501/Embedded/install/turtlebot3_simulations/share/turtlebot3_simulations/environment/path.sh
[1.431s] -- Installing: /home/donggun/S13P21A501/Embedded/install/turtlebot3_simulations/share/turtlebot3_simulations/environment/path.dsv
[1.431s] -- Installing: /home/donggun/S13P21A501/Embedded/install/turtlebot3_simulations/share/turtlebot3_simulations/local_setup.bash
[1.432s] -- Installing: /home/donggun/S13P21A501/Embedded/install/turtlebot3_simulations/share/turtlebot3_simulations/local_setup.sh
[1.432s] -- Installing: /home/donggun/S13P21A501/Embedded/install/turtlebot3_simulations/share/turtlebot3_simulations/local_setup.zsh
[1.432s] -- Installing: /home/donggun/S13P21A501/Embedded/install/turtlebot3_simulations/share/turtlebot3_simulations/local_setup.dsv
[1.432s] -- Installing: /home/donggun/S13P21A501/Embedded/install/turtlebot3_simulations/share/turtlebot3_simulations/package.dsv
[1.432s] -- Installing: /home/donggun/S13P21A501/Embedded/install/turtlebot3_simulations/share/ament_index/resource_index/packages/turtlebot3_simulations
[1.432s] -- Installing: /home/donggun/S13P21A501/Embedded/install/turtlebot3_simulations/share/turtlebot3_simulations/cmake/turtlebot3_simulationsConfig.cmake
[1.432s] -- Installing: /home/donggun/S13P21A501/Embedded/install/turtlebot3_simulations/share/turtlebot3_simulations/cmake/turtlebot3_simulationsConfig-version.cmake
[1.432s] -- Installing: /home/donggun/S13P21A501/Embedded/install/turtlebot3_simulations/share/turtlebot3_simulations/package.xml
[1.435s] Invoked command in '/home/donggun/S13P21A501/Embedded/build/turtlebot3_simulations' returned '0': AMENT_PREFIX_PATH=/home/donggun/S13P21A501/Embedded/install/turtlebot3_fake_node:/home/donggun/S13P21A501/Embedded/install/turtlebot3_msgs:/home/donggun/S13P21A501/Embedded/install/turtlebot3_manipulation_gazebo:/home/donggun/S13P21A501/Embedded/install/turtlebot3_gazebo:${AMENT_PREFIX_PATH} CMAKE_PREFIX_PATH=/home/donggun/S13P21A501/Embedded/install/turtlebot3_fake_node:/home/donggun/S13P21A501/Embedded/install/turtlebot3_msgs:/home/donggun/S13P21A501/Embedded/install/turtlebot3_manipulation_gazebo:/home/donggun/S13P21A501/Embedded/install/turtlebot3_gazebo:/opt/ros/humble LD_LIBRARY_PATH=/home/donggun/S13P21A501/Embedded/install/turtlebot3_msgs/lib:/home/donggun/S13P21A501/Embedded/install/turtlebot3_manipulation_gazebo/lib:${LD_LIBRARY_PATH} PYTHONPATH=/home/donggun/S13P21A501/Embedded/install/turtlebot3_msgs/local/lib/python3.10/dist-packages:${PYTHONPATH} /usr/bin/cmake --install /home/donggun/S13P21A501/Embedded/build/turtlebot3_simulations
