[1.703s] Invoking command in '/home/hb/Git/Embedded/src/turtlebot3/turtlebot3_example': CMAKE_PREFIX_PATH=/home/hb/Git/Embedded/install/turtlebot3_msgs:/home/hb/Git/Embedded/install/turtlebot3:/home/hb/Git/Embedded/install/turtlebot3_simulations:/home/hb/Git/Embedded/install/turtlebot3_bringup:/home/hb/Git/Embedded/install/turtlebot3_node:/home/hb/Git/Embedded/install/turtlebot3_navigation2:/home/hb/Git/Embedded/install/turtlebot3_fake_node:/home/hb/Git/Embedded/install/turtlebot3_manipulation:/home/hb/Git/Embedded/install/turtlebot3_manipulation_teleop:/home/hb/Git/Embedded/install/turtlebot3_manipulation_navigation2:/home/hb/Git/Embedded/install/turtlebot3_manipulation_moveit_config:/home/hb/Git/Embedded/install/turtlebot3_manipulation_hardware:/home/hb/Git/Embedded/install/turtlebot3_manipulation_gazebo:/home/hb/Git/Embedded/install/turtlebot3_manipulation_bringup:/home/hb/Git/Embedded/install/turtlebot3_manipulation_description:/home/hb/Git/Embedded/install/turtlebot3_manipulation_cartographer:/home/hb/Git/Embedded/install/turtlebot3_gazebo:/home/hb/Git/Embedded/install/turtlebot3_description:/home/hb/Git/Embedded/install/turtlebot3_cartographer:/home/hb/Git/Embedded/install/dynamixel_sdk_examples:/home/hb/Git/Embedded/install/dynamixel_sdk_custom_interfaces:/home/hb/Git/Embedded/install/dynamixel_sdk PYTHONPATH=/home/hb/Git/Embedded/build/turtlebot3_example/prefix_override:/usr/lib/python3/dist-packages/colcon_core/task/python/colcon_distutils_commands:/home/hb/Git/Embedded/install/turtlebot3_example/lib/python3.10/site-packages:${PYTHONPATH} /usr/bin/python3 -W ignore:setup.py install is deprecated -W ignore:easy_install command is deprecated setup.py egg_info --egg-base ../../../build/turtlebot3_example build --build-base /home/hb/Git/Embedded/build/turtlebot3_example/build install --record /home/hb/Git/Embedded/build/turtlebot3_example/install.log --single-version-externally-managed install_data
[2.398s] running egg_info
[2.400s] creating ../../../build/turtlebot3_example/turtlebot3_example.egg-info
[2.401s] writing ../../../build/turtlebot3_example/turtlebot3_example.egg-info/PKG-INFO
[2.402s] writing dependency_links to ../../../build/turtlebot3_example/turtlebot3_example.egg-info/dependency_links.txt
[2.403s] writing entry points to ../../../build/turtlebot3_example/turtlebot3_example.egg-info/entry_points.txt
[2.404s] writing requirements to ../../../build/turtlebot3_example/turtlebot3_example.egg-info/requires.txt
[2.404s] writing top-level names to ../../../build/turtlebot3_example/turtlebot3_example.egg-info/top_level.txt
[2.405s] writing manifest file '../../../build/turtlebot3_example/turtlebot3_example.egg-info/SOURCES.txt'
[2.410s] reading manifest file '../../../build/turtlebot3_example/turtlebot3_example.egg-info/SOURCES.txt'
[2.412s] writing manifest file '../../../build/turtlebot3_example/turtlebot3_example.egg-info/SOURCES.txt'
[2.412s] running build
[2.413s] running build_py
[2.413s] creating /home/hb/Git/Embedded/build/turtlebot3_example/build
[2.413s] creating /home/hb/Git/Embedded/build/turtlebot3_example/build/lib
[2.413s] creating /home/hb/Git/Embedded/build/turtlebot3_example/build/lib/turtlebot3_example
[2.413s] copying turtlebot3_example/__init__.py -> /home/hb/Git/Embedded/build/turtlebot3_example/build/lib/turtlebot3_example
[2.414s] creating /home/hb/Git/Embedded/build/turtlebot3_example/build/lib/turtlebot3_example/turtlebot3_absolute_move
[2.414s] copying turtlebot3_example/turtlebot3_absolute_move/turtlebot3_absolute_move.py -> /home/hb/Git/Embedded/build/turtlebot3_example/build/lib/turtlebot3_example/turtlebot3_absolute_move
[2.415s] copying turtlebot3_example/turtlebot3_absolute_move/__init__.py -> /home/hb/Git/Embedded/build/turtlebot3_example/build/lib/turtlebot3_example/turtlebot3_absolute_move
[2.416s] creating /home/hb/Git/Embedded/build/turtlebot3_example/build/lib/turtlebot3_example/turtlebot3_relative_move
[2.417s] copying turtlebot3_example/turtlebot3_relative_move/turtlebot3_relative_move.py -> /home/hb/Git/Embedded/build/turtlebot3_example/build/lib/turtlebot3_example/turtlebot3_relative_move
[2.418s] copying turtlebot3_example/turtlebot3_relative_move/__init__.py -> /home/hb/Git/Embedded/build/turtlebot3_example/build/lib/turtlebot3_example/turtlebot3_relative_move
[2.418s] creating /home/hb/Git/Embedded/build/turtlebot3_example/build/lib/turtlebot3_example/turtlebot3_interactive_marker
[2.419s] copying turtlebot3_example/turtlebot3_interactive_marker/turtlebot3_interactive_marker.py -> /home/hb/Git/Embedded/build/turtlebot3_example/build/lib/turtlebot3_example/turtlebot3_interactive_marker
[2.423s] copying turtlebot3_example/turtlebot3_interactive_marker/__init__.py -> /home/hb/Git/Embedded/build/turtlebot3_example/build/lib/turtlebot3_example/turtlebot3_interactive_marker
[2.423s] creating /home/hb/Git/Embedded/build/turtlebot3_example/build/lib/turtlebot3_example/turtlebot3_patrol
[2.424s] copying turtlebot3_example/turtlebot3_patrol/turtlebot3_patrol_client.py -> /home/hb/Git/Embedded/build/turtlebot3_example/build/lib/turtlebot3_example/turtlebot3_patrol
[2.424s] copying turtlebot3_example/turtlebot3_patrol/turtlebot3_patrol_server.py -> /home/hb/Git/Embedded/build/turtlebot3_example/build/lib/turtlebot3_example/turtlebot3_patrol
[2.424s] copying turtlebot3_example/turtlebot3_patrol/__init__.py -> /home/hb/Git/Embedded/build/turtlebot3_example/build/lib/turtlebot3_example/turtlebot3_patrol
[2.424s] creating /home/hb/Git/Embedded/build/turtlebot3_example/build/lib/turtlebot3_example/turtlebot3_obstacle_detection
[2.424s] copying turtlebot3_example/turtlebot3_obstacle_detection/turtlebot3_obstacle_detection.py -> /home/hb/Git/Embedded/build/turtlebot3_example/build/lib/turtlebot3_example/turtlebot3_obstacle_detection
[2.426s] copying turtlebot3_example/turtlebot3_obstacle_detection/__init__.py -> /home/hb/Git/Embedded/build/turtlebot3_example/build/lib/turtlebot3_example/turtlebot3_obstacle_detection
[2.431s] running install
[2.431s] running install_lib
[2.431s] creating /home/hb/Git/Embedded/install/turtlebot3_example/lib/python3.10/site-packages/turtlebot3_example
[2.431s] creating /home/hb/Git/Embedded/install/turtlebot3_example/lib/python3.10/site-packages/turtlebot3_example/turtlebot3_absolute_move
[2.432s] copying /home/hb/Git/Embedded/build/turtlebot3_example/build/lib/turtlebot3_example/turtlebot3_absolute_move/turtlebot3_absolute_move.py -> /home/hb/Git/Embedded/install/turtlebot3_example/lib/python3.10/site-packages/turtlebot3_example/turtlebot3_absolute_move
[2.433s] copying /home/hb/Git/Embedded/build/turtlebot3_example/build/lib/turtlebot3_example/turtlebot3_absolute_move/__init__.py -> /home/hb/Git/Embedded/install/turtlebot3_example/lib/python3.10/site-packages/turtlebot3_example/turtlebot3_absolute_move
[2.434s] creating /home/hb/Git/Embedded/install/turtlebot3_example/lib/python3.10/site-packages/turtlebot3_example/turtlebot3_relative_move
[2.434s] copying /home/hb/Git/Embedded/build/turtlebot3_example/build/lib/turtlebot3_example/turtlebot3_relative_move/turtlebot3_relative_move.py -> /home/hb/Git/Embedded/install/turtlebot3_example/lib/python3.10/site-packages/turtlebot3_example/turtlebot3_relative_move
[2.435s] copying /home/hb/Git/Embedded/build/turtlebot3_example/build/lib/turtlebot3_example/turtlebot3_relative_move/__init__.py -> /home/hb/Git/Embedded/install/turtlebot3_example/lib/python3.10/site-packages/turtlebot3_example/turtlebot3_relative_move
[2.436s] creating /home/hb/Git/Embedded/install/turtlebot3_example/lib/python3.10/site-packages/turtlebot3_example/turtlebot3_interactive_marker
[2.436s] copying /home/hb/Git/Embedded/build/turtlebot3_example/build/lib/turtlebot3_example/turtlebot3_interactive_marker/turtlebot3_interactive_marker.py -> /home/hb/Git/Embedded/install/turtlebot3_example/lib/python3.10/site-packages/turtlebot3_example/turtlebot3_interactive_marker
[2.438s] copying /home/hb/Git/Embedded/build/turtlebot3_example/build/lib/turtlebot3_example/turtlebot3_interactive_marker/__init__.py -> /home/hb/Git/Embedded/install/turtlebot3_example/lib/python3.10/site-packages/turtlebot3_example/turtlebot3_interactive_marker
[2.438s] creating /home/hb/Git/Embedded/install/turtlebot3_example/lib/python3.10/site-packages/turtlebot3_example/turtlebot3_patrol
[2.439s] copying /home/hb/Git/Embedded/build/turtlebot3_example/build/lib/turtlebot3_example/turtlebot3_patrol/turtlebot3_patrol_client.py -> /home/hb/Git/Embedded/install/turtlebot3_example/lib/python3.10/site-packages/turtlebot3_example/turtlebot3_patrol
[2.440s] copying /home/hb/Git/Embedded/build/turtlebot3_example/build/lib/turtlebot3_example/turtlebot3_patrol/turtlebot3_patrol_server.py -> /home/hb/Git/Embedded/install/turtlebot3_example/lib/python3.10/site-packages/turtlebot3_example/turtlebot3_patrol
[2.441s] copying /home/hb/Git/Embedded/build/turtlebot3_example/build/lib/turtlebot3_example/turtlebot3_patrol/__init__.py -> /home/hb/Git/Embedded/install/turtlebot3_example/lib/python3.10/site-packages/turtlebot3_example/turtlebot3_patrol
[2.442s] creating /home/hb/Git/Embedded/install/turtlebot3_example/lib/python3.10/site-packages/turtlebot3_example/turtlebot3_obstacle_detection
[2.442s] copying /home/hb/Git/Embedded/build/turtlebot3_example/build/lib/turtlebot3_example/turtlebot3_obstacle_detection/turtlebot3_obstacle_detection.py -> /home/hb/Git/Embedded/install/turtlebot3_example/lib/python3.10/site-packages/turtlebot3_example/turtlebot3_obstacle_detection
[2.445s] copying /home/hb/Git/Embedded/build/turtlebot3_example/build/lib/turtlebot3_example/turtlebot3_obstacle_detection/__init__.py -> /home/hb/Git/Embedded/install/turtlebot3_example/lib/python3.10/site-packages/turtlebot3_example/turtlebot3_obstacle_detection
[2.445s] copying /home/hb/Git/Embedded/build/turtlebot3_example/build/lib/turtlebot3_example/__init__.py -> /home/hb/Git/Embedded/install/turtlebot3_example/lib/python3.10/site-packages/turtlebot3_example
[2.446s] byte-compiling /home/hb/Git/Embedded/install/turtlebot3_example/lib/python3.10/site-packages/turtlebot3_example/turtlebot3_absolute_move/turtlebot3_absolute_move.py to turtlebot3_absolute_move.cpython-310.pyc
[2.450s] byte-compiling /home/hb/Git/Embedded/install/turtlebot3_example/lib/python3.10/site-packages/turtlebot3_example/turtlebot3_absolute_move/__init__.py to __init__.cpython-310.pyc
[2.452s] byte-compiling /home/hb/Git/Embedded/install/turtlebot3_example/lib/python3.10/site-packages/turtlebot3_example/turtlebot3_relative_move/turtlebot3_relative_move.py to turtlebot3_relative_move.cpython-310.pyc
[2.456s] byte-compiling /home/hb/Git/Embedded/install/turtlebot3_example/lib/python3.10/site-packages/turtlebot3_example/turtlebot3_relative_move/__init__.py to __init__.cpython-310.pyc
[2.459s] byte-compiling /home/hb/Git/Embedded/install/turtlebot3_example/lib/python3.10/site-packages/turtlebot3_example/turtlebot3_interactive_marker/turtlebot3_interactive_marker.py to turtlebot3_interactive_marker.cpython-310.pyc
[2.461s] byte-compiling /home/hb/Git/Embedded/install/turtlebot3_example/lib/python3.10/site-packages/turtlebot3_example/turtlebot3_interactive_marker/__init__.py to __init__.cpython-310.pyc
[2.463s] byte-compiling /home/hb/Git/Embedded/install/turtlebot3_example/lib/python3.10/site-packages/turtlebot3_example/turtlebot3_patrol/turtlebot3_patrol_client.py to turtlebot3_patrol_client.cpython-310.pyc
[2.466s] byte-compiling /home/hb/Git/Embedded/install/turtlebot3_example/lib/python3.10/site-packages/turtlebot3_example/turtlebot3_patrol/turtlebot3_patrol_server.py to turtlebot3_patrol_server.cpython-310.pyc
[2.469s] byte-compiling /home/hb/Git/Embedded/install/turtlebot3_example/lib/python3.10/site-packages/turtlebot3_example/turtlebot3_patrol/__init__.py to __init__.cpython-310.pyc
[2.471s] byte-compiling /home/hb/Git/Embedded/install/turtlebot3_example/lib/python3.10/site-packages/turtlebot3_example/turtlebot3_obstacle_detection/turtlebot3_obstacle_detection.py to turtlebot3_obstacle_detection.cpython-310.pyc
[2.478s] byte-compiling /home/hb/Git/Embedded/install/turtlebot3_example/lib/python3.10/site-packages/turtlebot3_example/turtlebot3_obstacle_detection/__init__.py to __init__.cpython-310.pyc
[2.479s] byte-compiling /home/hb/Git/Embedded/install/turtlebot3_example/lib/python3.10/site-packages/turtlebot3_example/__init__.py to __init__.cpython-310.pyc
[2.479s] running install_data
[2.480s] creating /home/hb/Git/Embedded/install/turtlebot3_example/share/ament_index
[2.481s] creating /home/hb/Git/Embedded/install/turtlebot3_example/share/ament_index/resource_index
[2.481s] creating /home/hb/Git/Embedded/install/turtlebot3_example/share/ament_index/resource_index/packages
[2.481s] copying resource/turtlebot3_example -> /home/hb/Git/Embedded/install/turtlebot3_example/share/ament_index/resource_index/packages
[2.481s] copying package.xml -> /home/hb/Git/Embedded/install/turtlebot3_example/share/turtlebot3_example
[2.481s] running install_egg_info
[2.488s] Copying ../../../build/turtlebot3_example/turtlebot3_example.egg-info to /home/hb/Git/Embedded/install/turtlebot3_example/lib/python3.10/site-packages/turtlebot3_example-2.3.3-py3.10.egg-info
[2.497s] running install_scripts
[2.536s] Installing turtlebot3_absolute_move script to /home/hb/Git/Embedded/install/turtlebot3_example/lib/turtlebot3_example
[2.537s] Installing turtlebot3_interactive_marker script to /home/hb/Git/Embedded/install/turtlebot3_example/lib/turtlebot3_example
[2.537s] Installing turtlebot3_obstacle_detection script to /home/hb/Git/Embedded/install/turtlebot3_example/lib/turtlebot3_example
[2.537s] Installing turtlebot3_patrol_client script to /home/hb/Git/Embedded/install/turtlebot3_example/lib/turtlebot3_example
[2.537s] Installing turtlebot3_patrol_server script to /home/hb/Git/Embedded/install/turtlebot3_example/lib/turtlebot3_example
[2.537s] Installing turtlebot3_relative_move script to /home/hb/Git/Embedded/install/turtlebot3_example/lib/turtlebot3_example
[2.542s] writing list of installed files to '/home/hb/Git/Embedded/build/turtlebot3_example/install.log'
[2.596s] Invoked command in '/home/hb/Git/Embedded/src/turtlebot3/turtlebot3_example' returned '0': CMAKE_PREFIX_PATH=/home/hb/Git/Embedded/install/turtlebot3_msgs:/home/hb/Git/Embedded/install/turtlebot3:/home/hb/Git/Embedded/install/turtlebot3_simulations:/home/hb/Git/Embedded/install/turtlebot3_bringup:/home/hb/Git/Embedded/install/turtlebot3_node:/home/hb/Git/Embedded/install/turtlebot3_navigation2:/home/hb/Git/Embedded/install/turtlebot3_fake_node:/home/hb/Git/Embedded/install/turtlebot3_manipulation:/home/hb/Git/Embedded/install/turtlebot3_manipulation_teleop:/home/hb/Git/Embedded/install/turtlebot3_manipulation_navigation2:/home/hb/Git/Embedded/install/turtlebot3_manipulation_moveit_config:/home/hb/Git/Embedded/install/turtlebot3_manipulation_hardware:/home/hb/Git/Embedded/install/turtlebot3_manipulation_gazebo:/home/hb/Git/Embedded/install/turtlebot3_manipulation_bringup:/home/hb/Git/Embedded/install/turtlebot3_manipulation_description:/home/hb/Git/Embedded/install/turtlebot3_manipulation_cartographer:/home/hb/Git/Embedded/install/turtlebot3_gazebo:/home/hb/Git/Embedded/install/turtlebot3_description:/home/hb/Git/Embedded/install/turtlebot3_cartographer:/home/hb/Git/Embedded/install/dynamixel_sdk_examples:/home/hb/Git/Embedded/install/dynamixel_sdk_custom_interfaces:/home/hb/Git/Embedded/install/dynamixel_sdk PYTHONPATH=/home/hb/Git/Embedded/build/turtlebot3_example/prefix_override:/usr/lib/python3/dist-packages/colcon_core/task/python/colcon_distutils_commands:/home/hb/Git/Embedded/install/turtlebot3_example/lib/python3.10/site-packages:${PYTHONPATH} /usr/bin/python3 -W ignore:setup.py install is deprecated -W ignore:easy_install command is deprecated setup.py egg_info --egg-base ../../../build/turtlebot3_example build --build-base /home/hb/Git/Embedded/build/turtlebot3_example/build install --record /home/hb/Git/Embedded/build/turtlebot3_example/install.log --single-version-externally-managed install_data
