[0.569s] Invoking command in '/home/donggun/S13P21A501/Embedded/build/dynamixel_sdk_examples': AMENT_PREFIX_PATH=/home/donggun/S13P21A501/Embedded/install/dynamixel_sdk_custom_interfaces:/home/donggun/S13P21A501/Embedded/install/dynamixel_sdk:${AMENT_PREFIX_PATH} CMAKE_PREFIX_PATH=/home/donggun/S13P21A501/Embedded/install/dynamixel_sdk_custom_interfaces:/home/donggun/S13P21A501/Embedded/install/dynamixel_sdk:/opt/ros/humble LD_LIBRARY_PATH=/home/donggun/S13P21A501/Embedded/install/dynamixel_sdk_custom_interfaces/lib:/home/donggun/S13P21A501/Embedded/install/dynamixel_sdk/lib:${LD_LIBRARY_PATH} PYTHONPATH=/home/donggun/S13P21A501/Embedded/install/dynamixel_sdk_custom_interfaces/local/lib/python3.10/dist-packages:/home/donggun/S13P21A501/Embedded/install/dynamixel_sdk/local/lib/python3.10/dist-packages:${PYTHONPATH} /usr/bin/cmake --build /home/donggun/S13P21A501/Embedded/build/dynamixel_sdk_examples -- -j16 -l16
[0.618s] [35m[1mConsolidate compiler generated dependencies of target read_write_node[0m
[0.629s] [100%] Built target read_write_node
[0.687s] Invoked command in '/home/donggun/S13P21A501/Embedded/build/dynamixel_sdk_examples' returned '0': AMENT_PREFIX_PATH=/home/donggun/S13P21A501/Embedded/install/dynamixel_sdk_custom_interfaces:/home/donggun/S13P21A501/Embedded/install/dynamixel_sdk:${AMENT_PREFIX_PATH} CMAKE_PREFIX_PATH=/home/donggun/S13P21A501/Embedded/install/dynamixel_sdk_custom_interfaces:/home/donggun/S13P21A501/Embedded/install/dynamixel_sdk:/opt/ros/humble LD_LIBRARY_PATH=/home/donggun/S13P21A501/Embedded/install/dynamixel_sdk_custom_interfaces/lib:/home/donggun/S13P21A501/Embedded/install/dynamixel_sdk/lib:${LD_LIBRARY_PATH} PYTHONPATH=/home/donggun/S13P21A501/Embedded/install/dynamixel_sdk_custom_interfaces/local/lib/python3.10/dist-packages:/home/donggun/S13P21A501/Embedded/install/dynamixel_sdk/local/lib/python3.10/dist-packages:${PYTHONPATH} /usr/bin/cmake --build /home/donggun/S13P21A501/Embedded/build/dynamixel_sdk_examples -- -j16 -l16
[0.690s] Invoking command in '/home/donggun/S13P21A501/Embedded/build/dynamixel_sdk_examples': AMENT_PREFIX_PATH=/home/donggun/S13P21A501/Embedded/install/dynamixel_sdk_custom_interfaces:/home/donggun/S13P21A501/Embedded/install/dynamixel_sdk:${AMENT_PREFIX_PATH} CMAKE_PREFIX_PATH=/home/donggun/S13P21A501/Embedded/install/dynamixel_sdk_custom_interfaces:/home/donggun/S13P21A501/Embedded/install/dynamixel_sdk:/opt/ros/humble LD_LIBRARY_PATH=/home/donggun/S13P21A501/Embedded/install/dynamixel_sdk_custom_interfaces/lib:/home/donggun/S13P21A501/Embedded/install/dynamixel_sdk/lib:${LD_LIBRARY_PATH} PYTHONPATH=/home/donggun/S13P21A501/Embedded/install/dynamixel_sdk_custom_interfaces/local/lib/python3.10/dist-packages:/home/donggun/S13P21A501/Embedded/install/dynamixel_sdk/local/lib/python3.10/dist-packages:${PYTHONPATH} /usr/bin/cmake --install /home/donggun/S13P21A501/Embedded/build/dynamixel_sdk_examples
[0.699s] -- Install configuration: ""
[0.700s] -- Up-to-date: /home/donggun/S13P21A501/Embedded/install/dynamixel_sdk_examples/lib/dynamixel_sdk_examples/read_write_node
[0.700s] -- Up-to-date: /home/donggun/S13P21A501/Embedded/install/dynamixel_sdk_examples/lib/dynamixel_sdk_examples/read_write_node.py
[0.700s] -- Up-to-date: /home/donggun/S13P21A501/Embedded/install/dynamixel_sdk_examples/share/ament_index/resource_index/package_run_dependencies/dynamixel_sdk_examples
[0.700s] -- Up-to-date: /home/donggun/S13P21A501/Embedded/install/dynamixel_sdk_examples/share/ament_index/resource_index/parent_prefix_path/dynamixel_sdk_examples
[0.700s] -- Up-to-date: /home/donggun/S13P21A501/Embedded/install/dynamixel_sdk_examples/share/dynamixel_sdk_examples/environment/ament_prefix_path.sh
[0.700s] -- Up-to-date: /home/donggun/S13P21A501/Embedded/install/dynamixel_sdk_examples/share/dynamixel_sdk_examples/environment/ament_prefix_path.dsv
[0.701s] -- Up-to-date: /home/donggun/S13P21A501/Embedded/install/dynamixel_sdk_examples/share/dynamixel_sdk_examples/environment/path.sh
[0.701s] -- Up-to-date: /home/donggun/S13P21A501/Embedded/install/dynamixel_sdk_examples/share/dynamixel_sdk_examples/environment/path.dsv
[0.701s] -- Up-to-date: /home/donggun/S13P21A501/Embedded/install/dynamixel_sdk_examples/share/dynamixel_sdk_examples/local_setup.bash
[0.701s] -- Up-to-date: /home/donggun/S13P21A501/Embedded/install/dynamixel_sdk_examples/share/dynamixel_sdk_examples/local_setup.sh
[0.701s] -- Up-to-date: /home/donggun/S13P21A501/Embedded/install/dynamixel_sdk_examples/share/dynamixel_sdk_examples/local_setup.zsh
[0.701s] -- Up-to-date: /home/donggun/S13P21A501/Embedded/install/dynamixel_sdk_examples/share/dynamixel_sdk_examples/local_setup.dsv
[0.702s] -- Installing: /home/donggun/S13P21A501/Embedded/install/dynamixel_sdk_examples/share/dynamixel_sdk_examples/package.dsv
[0.702s] -- Up-to-date: /home/donggun/S13P21A501/Embedded/install/dynamixel_sdk_examples/share/ament_index/resource_index/packages/dynamixel_sdk_examples
[0.702s] -- Up-to-date: /home/donggun/S13P21A501/Embedded/install/dynamixel_sdk_examples/share/dynamixel_sdk_examples/cmake/dynamixel_sdk_examplesConfig.cmake
[0.703s] -- Up-to-date: /home/donggun/S13P21A501/Embedded/install/dynamixel_sdk_examples/share/dynamixel_sdk_examples/cmake/dynamixel_sdk_examplesConfig-version.cmake
[0.703s] -- Up-to-date: /home/donggun/S13P21A501/Embedded/install/dynamixel_sdk_examples/share/dynamixel_sdk_examples/package.xml
[0.721s] Invoked command in '/home/donggun/S13P21A501/Embedded/build/dynamixel_sdk_examples' returned '0': AMENT_PREFIX_PATH=/home/donggun/S13P21A501/Embedded/install/dynamixel_sdk_custom_interfaces:/home/donggun/S13P21A501/Embedded/install/dynamixel_sdk:${AMENT_PREFIX_PATH} CMAKE_PREFIX_PATH=/home/donggun/S13P21A501/Embedded/install/dynamixel_sdk_custom_interfaces:/home/donggun/S13P21A501/Embedded/install/dynamixel_sdk:/opt/ros/humble LD_LIBRARY_PATH=/home/donggun/S13P21A501/Embedded/install/dynamixel_sdk_custom_interfaces/lib:/home/donggun/S13P21A501/Embedded/install/dynamixel_sdk/lib:${LD_LIBRARY_PATH} PYTHONPATH=/home/donggun/S13P21A501/Embedded/install/dynamixel_sdk_custom_interfaces/local/lib/python3.10/dist-packages:/home/donggun/S13P21A501/Embedded/install/dynamixel_sdk/local/lib/python3.10/dist-packages:${PYTHONPATH} /usr/bin/cmake --install /home/donggun/S13P21A501/Embedded/build/dynamixel_sdk_examples
