[0.100s] Invoking command in '/home/hb/Git/Embedded/build/turtlebot3_manipulation_cartographer': CMAKE_PREFIX_PATH=${CMAKE_PREFIX_PATH}:/home/hb/Git/Embedded/install/turtlebot3_teleop:/home/hb/Git/Embedded/install/turtlebot3_example:/home/hb/Git/Embedded/install/robot_web_interface:/home/hb/Git/Embedded/install/delivery_interface:/home/hb/Git/Embedded/install/app_navigation:/opt/ros/humble /usr/bin/cmake --build /home/hb/Git/Embedded/build/turtlebot3_manipulation_cartographer -- -j16 -l16
[1.461s] Invoked command in '/home/hb/Git/Embedded/build/turtlebot3_manipulation_cartographer' returned '0': CMAKE_PREFIX_PATH=${CMAKE_PREFIX_PATH}:/home/hb/Git/Embedded/install/turtlebot3_teleop:/home/hb/Git/Embedded/install/turtlebot3_example:/home/hb/Git/Embedded/install/robot_web_interface:/home/hb/Git/Embedded/install/delivery_interface:/home/hb/Git/Embedded/install/app_navigation:/opt/ros/humble /usr/bin/cmake --build /home/hb/Git/Embedded/build/turtlebot3_manipulation_cartographer -- -j16 -l16
[1.463s] Invoking command in '/home/hb/Git/Embedded/build/turtlebot3_manipulation_cartographer': CMAKE_PREFIX_PATH=${CMAKE_PREFIX_PATH}:/home/hb/Git/Embedded/install/turtlebot3_teleop:/home/hb/Git/Embedded/install/turtlebot3_example:/home/hb/Git/Embedded/install/robot_web_interface:/home/hb/Git/Embedded/install/delivery_interface:/home/hb/Git/Embedded/install/app_navigation:/opt/ros/humble /usr/bin/cmake --install /home/hb/Git/Embedded/build/turtlebot3_manipulation_cartographer
[1.507s] -- Install configuration: ""
[1.508s] -- Up-to-date: /home/hb/Git/Embedded/install/turtlebot3_manipulation_cartographer/share/turtlebot3_manipulation_cartographer/config
[1.508s] -- Up-to-date: /home/hb/Git/Embedded/install/turtlebot3_manipulation_cartographer/share/turtlebot3_manipulation_cartographer/config/turtlebot3_2d.lua
[1.508s] -- Up-to-date: /home/hb/Git/Embedded/install/turtlebot3_manipulation_cartographer/share/turtlebot3_manipulation_cartographer/launch
[1.508s] -- Up-to-date: /home/hb/Git/Embedded/install/turtlebot3_manipulation_cartographer/share/turtlebot3_manipulation_cartographer/launch/cartographer.launch.py
[1.508s] -- Up-to-date: /home/hb/Git/Embedded/install/turtlebot3_manipulation_cartographer/share/turtlebot3_manipulation_cartographer/rviz
[1.509s] -- Up-to-date: /home/hb/Git/Embedded/install/turtlebot3_manipulation_cartographer/share/turtlebot3_manipulation_cartographer/rviz/cartographer.rviz
[1.509s] -- Up-to-date: /home/hb/Git/Embedded/install/turtlebot3_manipulation_cartographer/share/ament_index/resource_index/package_run_dependencies/turtlebot3_manipulation_cartographer
[1.509s] -- Up-to-date: /home/hb/Git/Embedded/install/turtlebot3_manipulation_cartographer/share/ament_index/resource_index/parent_prefix_path/turtlebot3_manipulation_cartographer
[1.509s] -- Up-to-date: /home/hb/Git/Embedded/install/turtlebot3_manipulation_cartographer/share/turtlebot3_manipulation_cartographer/environment/ament_prefix_path.sh
[1.509s] -- Up-to-date: /home/hb/Git/Embedded/install/turtlebot3_manipulation_cartographer/share/turtlebot3_manipulation_cartographer/environment/ament_prefix_path.dsv
[1.510s] -- Up-to-date: /home/hb/Git/Embedded/install/turtlebot3_manipulation_cartographer/share/turtlebot3_manipulation_cartographer/environment/path.sh
[1.510s] -- Up-to-date: /home/hb/Git/Embedded/install/turtlebot3_manipulation_cartographer/share/turtlebot3_manipulation_cartographer/environment/path.dsv
[1.510s] -- Up-to-date: /home/hb/Git/Embedded/install/turtlebot3_manipulation_cartographer/share/turtlebot3_manipulation_cartographer/local_setup.bash
[1.510s] -- Up-to-date: /home/hb/Git/Embedded/install/turtlebot3_manipulation_cartographer/share/turtlebot3_manipulation_cartographer/local_setup.sh
[1.510s] -- Up-to-date: /home/hb/Git/Embedded/install/turtlebot3_manipulation_cartographer/share/turtlebot3_manipulation_cartographer/local_setup.zsh
[1.512s] -- Up-to-date: /home/hb/Git/Embedded/install/turtlebot3_manipulation_cartographer/share/turtlebot3_manipulation_cartographer/local_setup.dsv
[1.512s] -- Installing: /home/hb/Git/Embedded/install/turtlebot3_manipulation_cartographer/share/turtlebot3_manipulation_cartographer/package.dsv
[1.512s] -- Up-to-date: /home/hb/Git/Embedded/install/turtlebot3_manipulation_cartographer/share/ament_index/resource_index/packages/turtlebot3_manipulation_cartographer
[1.512s] -- Up-to-date: /home/hb/Git/Embedded/install/turtlebot3_manipulation_cartographer/share/turtlebot3_manipulation_cartographer/cmake/turtlebot3_manipulation_cartographerConfig.cmake
[1.512s] -- Up-to-date: /home/hb/Git/Embedded/install/turtlebot3_manipulation_cartographer/share/turtlebot3_manipulation_cartographer/cmake/turtlebot3_manipulation_cartographerConfig-version.cmake
[1.512s] -- Up-to-date: /home/hb/Git/Embedded/install/turtlebot3_manipulation_cartographer/share/turtlebot3_manipulation_cartographer/package.xml
[1.678s] Invoked command in '/home/hb/Git/Embedded/build/turtlebot3_manipulation_cartographer' returned '0': CMAKE_PREFIX_PATH=${CMAKE_PREFIX_PATH}:/home/hb/Git/Embedded/install/turtlebot3_teleop:/home/hb/Git/Embedded/install/turtlebot3_example:/home/hb/Git/Embedded/install/robot_web_interface:/home/hb/Git/Embedded/install/delivery_interface:/home/hb/Git/Embedded/install/app_navigation:/opt/ros/humble /usr/bin/cmake --install /home/hb/Git/Embedded/build/turtlebot3_manipulation_cartographer
