[0.065s] Invoking command in '/home/donggun/S13P21A501/Embedded/build/turtlebot3_manipulation_gazebo': CMAKE_PREFIX_PATH=/opt/ros/humble /usr/bin/cmake /home/donggun/S13P21A501/Embedded/src/turtlebot3_simulations/turtlebot3_manipulation_gazebo -DCMAKE_INSTALL_PREFIX=/home/donggun/S13P21A501/Embedded/install/turtlebot3_manipulation_gazebo
[2.678s] -- The C compiler identification is GNU 11.4.0
[2.678s] -- The CXX compiler identification is GNU 11.4.0
[2.679s] -- Detecting C compiler ABI info
[2.679s] -- Detecting C compiler ABI info - done
[2.679s] -- Check for working C compiler: /usr/bin/cc - skipped
[2.679s] -- Detecting C compile features
[2.679s] -- Detecting C compile features - done
[2.679s] -- Detecting CXX compiler ABI info
[2.679s] -- Detecting CXX compiler ABI info - done
[2.679s] -- Check for working CXX compiler: /usr/bin/c++ - skipped
[2.679s] -- Detecting CXX compile features
[2.679s] -- Detecting CXX compile features - done
[2.679s] -- Found ament_cmake: 1.3.12 (/opt/ros/humble/share/ament_cmake/cmake)
[2.679s] -- Found Python3: /usr/bin/python3 (found version "3.10.12") found components: Interpreter 
[2.679s] -- Found rclcpp: 16.0.14 (/opt/ros/humble/share/rclcpp/cmake)
[2.679s] -- Found rosidl_generator_c: 3.1.7 (/opt/ros/humble/share/rosidl_generator_c/cmake)
[2.680s] -- Found rosidl_adapter: 3.1.7 (/opt/ros/humble/share/rosidl_adapter/cmake)
[2.680s] -- Found rosidl_generator_cpp: 3.1.7 (/opt/ros/humble/share/rosidl_generator_cpp/cmake)
[2.680s] -- Using all available rosidl_typesupport_c: rosidl_typesupport_fastrtps_c;rosidl_typesupport_introspection_c
[2.680s] -- Using all available rosidl_typesupport_cpp: rosidl_typesupport_fastrtps_cpp;rosidl_typesupport_introspection_cpp
[2.680s] -- Found rmw_implementation_cmake: 6.1.2 (/opt/ros/humble/share/rmw_implementation_cmake/cmake)
[2.680s] -- Found rmw_fastrtps_cpp: 6.2.8 (/opt/ros/humble/share/rmw_fastrtps_cpp/cmake)
[2.680s] -- Found OpenSSL: /usr/lib/x86_64-linux-gnu/libcrypto.so (found version "3.0.2")  
[2.680s] -- Found FastRTPS: /opt/ros/humble/include  
[2.680s] -- Using RMW implementation 'rmw_fastrtps_cpp' as default
[2.680s] -- Looking for pthread.h
[2.680s] -- Looking for pthread.h - found
[2.680s] -- Performing Test CMAKE_HAVE_LIBC_PTHREAD
[2.680s] -- Performing Test CMAKE_HAVE_LIBC_PTHREAD - Success
[2.680s] -- Found Threads: TRUE  
[2.680s] -- Found PkgConfig: /usr/bin/pkg-config (found version "0.29.2") 
[2.681s] -- Checking for module 'bullet>=2.82'
[2.681s] --   Found bullet, version 3.05
[2.688s] -- Found fcl: /usr/include (found suitable version "0.7.0", minimum required is "0.5.0") 
[2.736s] -- Found assimp: /usr/include (found version "5.2.0") 
[2.780s] -- Found DART: /usr/include (Required is at least version "6.6") found components: dart 
[2.843s] -- Found Boost: /usr/lib/x86_64-linux-gnu/cmake/Boost-1.74.0/BoostConfig.cmake (found suitable version "1.74.0", minimum required is "1.40.0") found components: thread system filesystem program_options regex iostreams date_time 
[2.866s] -- Found Protobuf: /usr/lib/x86_64-linux-gnu/libprotobuf.so (found version "3.12.4") 
[2.907s] -- Looking for ignition-math6 -- found version 6.15.1
[2.930s] -- Searching for dependencies of ignition-math6
[2.931s] -- Looking for OGRE...
[2.931s] -- OGRE_PREFIX_WATCH changed.
[2.942s] -- Checking for module 'OGRE'
[2.961s] --   Found OGRE, version 1.9.0
[3.033s] -- Found Ogre Ghadamon (1.9.0)
[3.086s] -- Found OGRE: optimized;/usr/lib/x86_64-linux-gnu/libOgreMain.so;debug;/usr/lib/x86_64-linux-gnu/libOgreMain.so
[3.111s] -- Looking for OGRE_Paging...
[3.117s] -- Found OGRE_Paging: optimized;/usr/lib/x86_64-linux-gnu/libOgrePaging.so;debug;/usr/lib/x86_64-linux-gnu/libOgrePaging.so
[3.117s] -- Looking for OGRE_Terrain...
[3.134s] -- Found OGRE_Terrain: optimized;/usr/lib/x86_64-linux-gnu/libOgreTerrain.so;debug;/usr/lib/x86_64-linux-gnu/libOgreTerrain.so
[3.136s] -- Looking for OGRE_Property...
[3.143s] -- Found OGRE_Property: optimized;/usr/lib/x86_64-linux-gnu/libOgreProperty.so;debug;/usr/lib/x86_64-linux-gnu/libOgreProperty.so
[3.144s] -- Looking for OGRE_RTShaderSystem...
[3.158s] -- Found OGRE_RTShaderSystem: optimized;/usr/lib/x86_64-linux-gnu/libOgreRTShaderSystem.so;debug;/usr/lib/x86_64-linux-gnu/libOgreRTShaderSystem.so
[3.158s] -- Looking for OGRE_Volume...
[3.166s] -- Found OGRE_Volume: optimized;/usr/lib/x86_64-linux-gnu/libOgreVolume.so;debug;/usr/lib/x86_64-linux-gnu/libOgreVolume.so
[3.167s] -- Looking for OGRE_Overlay...
[3.180s] -- Found OGRE_Overlay: optimized;/usr/lib/x86_64-linux-gnu/libOgreOverlay.so;debug;/usr/lib/x86_64-linux-gnu/libOgreOverlay.so
[3.448s] -- Looking for ignition-math6 -- found version 6.15.1
[3.452s] -- Looking for ignition-transport8 -- found version 8.2.1
[3.457s] -- Searching for dependencies of ignition-transport8
[3.483s] -- Found Protobuf: /usr/lib/x86_64-linux-gnu/libprotobuf.so (found suitable version "3.12.4", minimum required is "3") 
[3.506s] -- Config-file not installed for ZeroMQ -- checking for pkg-config
[3.511s] -- Checking for module 'libzmq >= 4'
[3.531s] --   Found libzmq , version 4.3.4
[3.599s] -- Found ZeroMQ: TRUE (Required is at least version "4") 
[3.611s] -- Checking for module 'uuid'
[3.633s] --   Found uuid, version 2.37.2
[3.678s] -- Found UUID: TRUE  
[3.683s] -- Looking for ignition-msgs5 -- found version 5.8.1
[3.683s] -- Searching for dependencies of ignition-msgs5
[3.720s] -- Looking for ignition-math6 -- found version 6.15.1
[3.727s] -- Checking for module 'tinyxml2'
[3.747s] --   Found tinyxml2, version 9.0.0
[3.797s] -- Looking for ignition-msgs5 -- found version 5.8.1
[3.801s] -- Looking for ignition-common3 -- found version 3.14.0
[3.804s] -- Searching for dependencies of ignition-common3
[3.804s] -- Looking for dlfcn.h - found
[3.805s] -- Looking for libdl - found
[3.807s] -- Found DL: TRUE  
[3.827s] -- Found tinyobjloader: /usr/lib/x86_64-linux-gnu/cmake/tinyobjloader/tinyobjloader-config.cmake (found version "2.0.0") 
[3.830s] -- Searching for <ignition-common3> component [graphics]
[3.832s] -- Looking for ignition-common3-graphics -- found version 3.14.0
[3.833s] -- Searching for dependencies of ignition-common3-graphics
[3.834s] -- Looking for ignition-math6 -- found version 6.15.1
[3.839s] -- Looking for ignition-fuel_tools4 -- found version 4.4.0
[3.840s] -- Searching for dependencies of ignition-fuel_tools4
[3.983s] -- Found CURL: /usr/lib/x86_64-linux-gnu/libcurl.so (found version "7.81.0")  
[3.997s] -- Checking for module 'jsoncpp'
[4.018s] --   Found jsoncpp, version 1.9.5
[4.068s] -- Found JSONCPP: TRUE  
[4.077s] -- Checking for module 'libzip'
[4.097s] --   Found libzip, version 1.7.3
[4.159s] -- Found ZIP: TRUE  
[4.160s] -- Looking for ignition-common3 -- found version 3.14.0
[4.162s] -- Looking for ignition-math6 -- found version 6.15.1
[4.163s] -- Looking for ignition-msgs5 -- found version 5.8.1
[4.173s] -- Found gazebo_dev: 3.9.0 (/opt/ros/humble/share/gazebo_dev/cmake)
[4.176s] -- Gazebo version: 11.10
[4.176s] -- Checking for module 'tbb'
[4.201s] --   Found tbb, version 2021.5.0
[4.284s] -- Found gazebo_ros: 3.9.0 (/opt/ros/humble/share/gazebo_ros/cmake)
[4.602s] -- Configuring done
[4.758s] -- Generating done
[4.783s] -- Build files have been written to: /home/donggun/S13P21A501/Embedded/build/turtlebot3_manipulation_gazebo
[4.811s] Invoked command in '/home/donggun/S13P21A501/Embedded/build/turtlebot3_manipulation_gazebo' returned '0': CMAKE_PREFIX_PATH=/opt/ros/humble /usr/bin/cmake /home/donggun/S13P21A501/Embedded/src/turtlebot3_simulations/turtlebot3_manipulation_gazebo -DCMAKE_INSTALL_PREFIX=/home/donggun/S13P21A501/Embedded/install/turtlebot3_manipulation_gazebo
[4.821s] Invoking command in '/home/donggun/S13P21A501/Embedded/build/turtlebot3_manipulation_gazebo': CMAKE_PREFIX_PATH=/opt/ros/humble /usr/bin/cmake --build /home/donggun/S13P21A501/Embedded/build/turtlebot3_manipulation_gazebo -- -j16 -l16
[4.991s] [ 16%] [32mBuilding CXX object CMakeFiles/AptDoorRos2Plugin.dir/home/donggun/S13P21A501/Embedded/src/Plugin/AptDoorRos2Plugin.cpp.o[0m
[4.994s] [ 33%] [32mBuilding CXX object CMakeFiles/ElevatorRos2Plugin.dir/home/donggun/S13P21A501/Embedded/src/Plugin/ElevatorRos2Plugin.cpp.o[0m
[5.002s] [ 50%] [32mBuilding CXX object CMakeFiles/CoordinatorRos2Plugin.dir/home/donggun/S13P21A501/Embedded/src/Plugin/CoordinatorRos2Plugin.cpp.o[0m
[38.252s] [ 66%] [32m[1mLinking CXX shared library libAptDoorRos2Plugin.so[0m
[38.381s] [ 83%] [32m[1mLinking CXX shared library libElevatorRos2Plugin.so[0m
[39.104s] [ 83%] Built target AptDoorRos2Plugin
[39.273s] [ 83%] Built target ElevatorRos2Plugin
[45.291s] [100%] [32m[1mLinking CXX shared library libCoordinatorRos2Plugin.so[0m
[46.404s] [100%] Built target CoordinatorRos2Plugin
[46.416s] Invoked command in '/home/donggun/S13P21A501/Embedded/build/turtlebot3_manipulation_gazebo' returned '0': CMAKE_PREFIX_PATH=/opt/ros/humble /usr/bin/cmake --build /home/donggun/S13P21A501/Embedded/build/turtlebot3_manipulation_gazebo -- -j16 -l16
[46.418s] Invoking command in '/home/donggun/S13P21A501/Embedded/build/turtlebot3_manipulation_gazebo': CMAKE_PREFIX_PATH=/opt/ros/humble /usr/bin/cmake --install /home/donggun/S13P21A501/Embedded/build/turtlebot3_manipulation_gazebo
[46.426s] -- Install configuration: ""
[46.426s] -- Installing: /home/donggun/S13P21A501/Embedded/install/turtlebot3_manipulation_gazebo/lib/libElevatorRos2Plugin.so
[46.432s] -- Set runtime path of "/home/donggun/S13P21A501/Embedded/install/turtlebot3_manipulation_gazebo/lib/libElevatorRos2Plugin.so" to ""
[46.432s] -- Installing: /home/donggun/S13P21A501/Embedded/install/turtlebot3_manipulation_gazebo/lib/libAptDoorRos2Plugin.so
[46.438s] -- Set runtime path of "/home/donggun/S13P21A501/Embedded/install/turtlebot3_manipulation_gazebo/lib/libAptDoorRos2Plugin.so" to ""
[46.438s] -- Installing: /home/donggun/S13P21A501/Embedded/install/turtlebot3_manipulation_gazebo/lib/libCoordinatorRos2Plugin.so
[46.448s] -- Set runtime path of "/home/donggun/S13P21A501/Embedded/install/turtlebot3_manipulation_gazebo/lib/libCoordinatorRos2Plugin.so" to ""
[46.448s] -- Installing: /home/donggun/S13P21A501/Embedded/install/turtlebot3_manipulation_gazebo/share/turtlebot3_manipulation_gazebo/config
[46.448s] -- Installing: /home/donggun/S13P21A501/Embedded/install/turtlebot3_manipulation_gazebo/share/turtlebot3_manipulation_gazebo/config/hardware_controller_manager.yaml
[46.448s] -- Installing: /home/donggun/S13P21A501/Embedded/install/turtlebot3_manipulation_gazebo/share/turtlebot3_manipulation_gazebo/config/gazebo_controller_manager.yaml
[46.448s] -- Installing: /home/donggun/S13P21A501/Embedded/install/turtlebot3_manipulation_gazebo/share/turtlebot3_manipulation_gazebo/gazebo
[46.448s] -- Installing: /home/donggun/S13P21A501/Embedded/install/turtlebot3_manipulation_gazebo/share/turtlebot3_manipulation_gazebo/gazebo/open_manipulator_x.gazebo.xacro
[46.448s] -- Installing: /home/donggun/S13P21A501/Embedded/install/turtlebot3_manipulation_gazebo/share/turtlebot3_manipulation_gazebo/gazebo/turtlebot3_waffle_pi.gazebo.xacro
[46.449s] -- Installing: /home/donggun/S13P21A501/Embedded/install/turtlebot3_manipulation_gazebo/share/turtlebot3_manipulation_gazebo/gazebo/materials.xacro
[46.449s] -- Installing: /home/donggun/S13P21A501/Embedded/install/turtlebot3_manipulation_gazebo/share/turtlebot3_manipulation_gazebo/launch
[46.449s] -- Installing: /home/donggun/S13P21A501/Embedded/install/turtlebot3_manipulation_gazebo/share/turtlebot3_manipulation_gazebo/launch/turtlebot3_home_service_challenge.launch_backup.py
[46.449s] -- Installing: /home/donggun/S13P21A501/Embedded/install/turtlebot3_manipulation_gazebo/share/turtlebot3_manipulation_gazebo/launch/gazebo.launch_backup.py
[46.449s] -- Installing: /home/donggun/S13P21A501/Embedded/install/turtlebot3_manipulation_gazebo/share/turtlebot3_manipulation_gazebo/launch/base.launch.py
[46.449s] -- Installing: /home/donggun/S13P21A501/Embedded/install/turtlebot3_manipulation_gazebo/share/turtlebot3_manipulation_gazebo/launch/fake.launch.py
[46.449s] -- Installing: /home/donggun/S13P21A501/Embedded/install/turtlebot3_manipulation_gazebo/share/turtlebot3_manipulation_gazebo/launch/turtlebot3_home_service_challenge.launch.py
[46.449s] -- Installing: /home/donggun/S13P21A501/Embedded/install/turtlebot3_manipulation_gazebo/share/turtlebot3_manipulation_gazebo/launch/gazebo.launch.py
[46.449s] -- Installing: /home/donggun/S13P21A501/Embedded/install/turtlebot3_manipulation_gazebo/share/turtlebot3_manipulation_gazebo/ros2_control
[46.449s] -- Installing: /home/donggun/S13P21A501/Embedded/install/turtlebot3_manipulation_gazebo/share/turtlebot3_manipulation_gazebo/ros2_control/turtlebot3_manipulation_system.ros2_control.xacro
[46.449s] -- Installing: /home/donggun/S13P21A501/Embedded/install/turtlebot3_manipulation_gazebo/share/turtlebot3_manipulation_gazebo/rviz
[46.449s] -- Installing: /home/donggun/S13P21A501/Embedded/install/turtlebot3_manipulation_gazebo/share/turtlebot3_manipulation_gazebo/rviz/turtlebot3_manipulation.rviz
[46.449s] -- Installing: /home/donggun/S13P21A501/Embedded/install/turtlebot3_manipulation_gazebo/share/turtlebot3_manipulation_gazebo/urdf
[46.449s] -- Installing: /home/donggun/S13P21A501/Embedded/install/turtlebot3_manipulation_gazebo/share/turtlebot3_manipulation_gazebo/urdf/turtlebot3_manipulation.urdf.xacro
[46.450s] -- Installing: /home/donggun/S13P21A501/Embedded/install/turtlebot3_manipulation_gazebo/share/turtlebot3_manipulation_gazebo/urdf/turtlebot3_waffle_pi.urdf.xacro
[46.450s] -- Installing: /home/donggun/S13P21A501/Embedded/install/turtlebot3_manipulation_gazebo/share/turtlebot3_manipulation_gazebo/urdf/open_manipulator_x.urdf.xacro
[46.450s] -- Installing: /home/donggun/S13P21A501/Embedded/install/turtlebot3_manipulation_gazebo/share/turtlebot3_manipulation_gazebo/worlds
[46.450s] -- Installing: /home/donggun/S13P21A501/Embedded/install/turtlebot3_manipulation_gazebo/share/turtlebot3_manipulation_gazebo/worlds/turtlebot3_home_service_challenge.world
[46.450s] -- Installing: /home/donggun/S13P21A501/Embedded/install/turtlebot3_manipulation_gazebo/share/turtlebot3_manipulation_gazebo/worlds/outer.world
[46.450s] -- Installing: /home/donggun/S13P21A501/Embedded/install/turtlebot3_manipulation_gazebo/share/turtlebot3_manipulation_gazebo/models
[46.450s] -- Installing: /home/donggun/S13P21A501/Embedded/install/turtlebot3_manipulation_gazebo/share/turtlebot3_manipulation_gazebo/models/turtlebot3_home_service_challenge
[46.450s] -- Installing: /home/donggun/S13P21A501/Embedded/install/turtlebot3_manipulation_gazebo/share/turtlebot3_manipulation_gazebo/models/turtlebot3_home_service_challenge/marker9
[46.450s] -- Installing: /home/donggun/S13P21A501/Embedded/install/turtlebot3_manipulation_gazebo/share/turtlebot3_manipulation_gazebo/models/turtlebot3_home_service_challenge/marker9/meshes
[46.450s] -- Installing: /home/donggun/S13P21A501/Embedded/install/turtlebot3_manipulation_gazebo/share/turtlebot3_manipulation_gazebo/models/turtlebot3_home_service_challenge/marker9/meshes/Marker9.dae
[46.451s] -- Installing: /home/donggun/S13P21A501/Embedded/install/turtlebot3_manipulation_gazebo/share/turtlebot3_manipulation_gazebo/models/turtlebot3_home_service_challenge/marker9/materials
[46.451s] -- Installing: /home/donggun/S13P21A501/Embedded/install/turtlebot3_manipulation_gazebo/share/turtlebot3_manipulation_gazebo/models/turtlebot3_home_service_challenge/marker9/materials/textures
[46.451s] -- Installing: /home/donggun/S13P21A501/Embedded/install/turtlebot3_manipulation_gazebo/share/turtlebot3_manipulation_gazebo/models/turtlebot3_home_service_challenge/marker9/materials/textures/Marker9.png
[46.451s] -- Installing: /home/donggun/S13P21A501/Embedded/install/turtlebot3_manipulation_gazebo/share/turtlebot3_manipulation_gazebo/models/turtlebot3_home_service_challenge/marker9/model-1_4.sdf
[46.451s] -- Installing: /home/donggun/S13P21A501/Embedded/install/turtlebot3_manipulation_gazebo/share/turtlebot3_manipulation_gazebo/models/turtlebot3_home_service_challenge/marker9/model.sdf
[46.451s] -- Installing: /home/donggun/S13P21A501/Embedded/install/turtlebot3_manipulation_gazebo/share/turtlebot3_manipulation_gazebo/models/turtlebot3_home_service_challenge/marker9/model.config
[46.451s] -- Installing: /home/donggun/S13P21A501/Embedded/install/turtlebot3_manipulation_gazebo/share/turtlebot3_manipulation_gazebo/models/turtlebot3_home_service_challenge/marker9/model-1_5.sdf
[46.451s] -- Installing: /home/donggun/S13P21A501/Embedded/install/turtlebot3_manipulation_gazebo/share/turtlebot3_manipulation_gazebo/models/turtlebot3_home_service_challenge/marker0
[46.451s] -- Installing: /home/donggun/S13P21A501/Embedded/install/turtlebot3_manipulation_gazebo/share/turtlebot3_manipulation_gazebo/models/turtlebot3_home_service_challenge/marker0/meshes
[46.451s] -- Installing: /home/donggun/S13P21A501/Embedded/install/turtlebot3_manipulation_gazebo/share/turtlebot3_manipulation_gazebo/models/turtlebot3_home_service_challenge/marker0/meshes/Marker0.dae
[46.451s] -- Installing: /home/donggun/S13P21A501/Embedded/install/turtlebot3_manipulation_gazebo/share/turtlebot3_manipulation_gazebo/models/turtlebot3_home_service_challenge/marker0/materials
[46.451s] -- Installing: /home/donggun/S13P21A501/Embedded/install/turtlebot3_manipulation_gazebo/share/turtlebot3_manipulation_gazebo/models/turtlebot3_home_service_challenge/marker0/materials/textures
[46.451s] -- Installing: /home/donggun/S13P21A501/Embedded/install/turtlebot3_manipulation_gazebo/share/turtlebot3_manipulation_gazebo/models/turtlebot3_home_service_challenge/marker0/materials/textures/Marker0.png
[46.451s] -- Installing: /home/donggun/S13P21A501/Embedded/install/turtlebot3_manipulation_gazebo/share/turtlebot3_manipulation_gazebo/models/turtlebot3_home_service_challenge/marker0/model-1_4.sdf
[46.452s] -- Installing: /home/donggun/S13P21A501/Embedded/install/turtlebot3_manipulation_gazebo/share/turtlebot3_manipulation_gazebo/models/turtlebot3_home_service_challenge/marker0/model.sdf
[46.452s] -- Installing: /home/donggun/S13P21A501/Embedded/install/turtlebot3_manipulation_gazebo/share/turtlebot3_manipulation_gazebo/models/turtlebot3_home_service_challenge/marker0/model.config
[46.452s] -- Installing: /home/donggun/S13P21A501/Embedded/install/turtlebot3_manipulation_gazebo/share/turtlebot3_manipulation_gazebo/models/turtlebot3_home_service_challenge/marker0/model-1_5.sdf
[46.452s] -- Installing: /home/donggun/S13P21A501/Embedded/install/turtlebot3_manipulation_gazebo/share/turtlebot3_manipulation_gazebo/models/turtlebot3_home_service_challenge/marker8
[46.452s] -- Installing: /home/donggun/S13P21A501/Embedded/install/turtlebot3_manipulation_gazebo/share/turtlebot3_manipulation_gazebo/models/turtlebot3_home_service_challenge/marker8/meshes
[46.452s] -- Installing: /home/donggun/S13P21A501/Embedded/install/turtlebot3_manipulation_gazebo/share/turtlebot3_manipulation_gazebo/models/turtlebot3_home_service_challenge/marker8/meshes/Marker8.dae
[46.452s] -- Installing: /home/donggun/S13P21A501/Embedded/install/turtlebot3_manipulation_gazebo/share/turtlebot3_manipulation_gazebo/models/turtlebot3_home_service_challenge/marker8/materials
[46.452s] -- Installing: /home/donggun/S13P21A501/Embedded/install/turtlebot3_manipulation_gazebo/share/turtlebot3_manipulation_gazebo/models/turtlebot3_home_service_challenge/marker8/materials/textures
[46.452s] -- Installing: /home/donggun/S13P21A501/Embedded/install/turtlebot3_manipulation_gazebo/share/turtlebot3_manipulation_gazebo/models/turtlebot3_home_service_challenge/marker8/materials/textures/Marker8.png
[46.452s] -- Installing: /home/donggun/S13P21A501/Embedded/install/turtlebot3_manipulation_gazebo/share/turtlebot3_manipulation_gazebo/models/turtlebot3_home_service_challenge/marker8/model-1_4.sdf
[46.452s] -- Installing: /home/donggun/S13P21A501/Embedded/install/turtlebot3_manipulation_gazebo/share/turtlebot3_manipulation_gazebo/models/turtlebot3_home_service_challenge/marker8/model.sdf
[46.452s] -- Installing: /home/donggun/S13P21A501/Embedded/install/turtlebot3_manipulation_gazebo/share/turtlebot3_manipulation_gazebo/models/turtlebot3_home_service_challenge/marker8/model.config
[46.452s] -- Installing: /home/donggun/S13P21A501/Embedded/install/turtlebot3_manipulation_gazebo/share/turtlebot3_manipulation_gazebo/models/turtlebot3_home_service_challenge/marker8/model-1_5.sdf
[46.453s] -- Installing: /home/donggun/S13P21A501/Embedded/install/turtlebot3_manipulation_gazebo/share/turtlebot3_manipulation_gazebo/models/turtlebot3_home_service_challenge/marker5
[46.453s] -- Installing: /home/donggun/S13P21A501/Embedded/install/turtlebot3_manipulation_gazebo/share/turtlebot3_manipulation_gazebo/models/turtlebot3_home_service_challenge/marker5/meshes
[46.453s] -- Installing: /home/donggun/S13P21A501/Embedded/install/turtlebot3_manipulation_gazebo/share/turtlebot3_manipulation_gazebo/models/turtlebot3_home_service_challenge/marker5/meshes/Marker5.dae
[46.453s] -- Installing: /home/donggun/S13P21A501/Embedded/install/turtlebot3_manipulation_gazebo/share/turtlebot3_manipulation_gazebo/models/turtlebot3_home_service_challenge/marker5/materials
[46.453s] -- Installing: /home/donggun/S13P21A501/Embedded/install/turtlebot3_manipulation_gazebo/share/turtlebot3_manipulation_gazebo/models/turtlebot3_home_service_challenge/marker5/materials/textures
[46.453s] -- Installing: /home/donggun/S13P21A501/Embedded/install/turtlebot3_manipulation_gazebo/share/turtlebot3_manipulation_gazebo/models/turtlebot3_home_service_challenge/marker5/materials/textures/Marker5.png
[46.453s] -- Installing: /home/donggun/S13P21A501/Embedded/install/turtlebot3_manipulation_gazebo/share/turtlebot3_manipulation_gazebo/models/turtlebot3_home_service_challenge/marker5/model-1_4.sdf
[46.453s] -- Installing: /home/donggun/S13P21A501/Embedded/install/turtlebot3_manipulation_gazebo/share/turtlebot3_manipulation_gazebo/models/turtlebot3_home_service_challenge/marker5/model.sdf
[46.453s] -- Installing: /home/donggun/S13P21A501/Embedded/install/turtlebot3_manipulation_gazebo/share/turtlebot3_manipulation_gazebo/models/turtlebot3_home_service_challenge/marker5/model.config
[46.453s] -- Installing: /home/donggun/S13P21A501/Embedded/install/turtlebot3_manipulation_gazebo/share/turtlebot3_manipulation_gazebo/models/turtlebot3_home_service_challenge/marker5/model-1_5.sdf
[46.453s] -- Installing: /home/donggun/S13P21A501/Embedded/install/turtlebot3_manipulation_gazebo/share/turtlebot3_manipulation_gazebo/models/turtlebot3_home_service_challenge/marker6
[46.453s] -- Installing: /home/donggun/S13P21A501/Embedded/install/turtlebot3_manipulation_gazebo/share/turtlebot3_manipulation_gazebo/models/turtlebot3_home_service_challenge/marker6/meshes
[46.453s] -- Installing: /home/donggun/S13P21A501/Embedded/install/turtlebot3_manipulation_gazebo/share/turtlebot3_manipulation_gazebo/models/turtlebot3_home_service_challenge/marker6/meshes/Marker6.dae
[46.454s] -- Installing: /home/donggun/S13P21A501/Embedded/install/turtlebot3_manipulation_gazebo/share/turtlebot3_manipulation_gazebo/models/turtlebot3_home_service_challenge/marker6/materials
[46.454s] -- Installing: /home/donggun/S13P21A501/Embedded/install/turtlebot3_manipulation_gazebo/share/turtlebot3_manipulation_gazebo/models/turtlebot3_home_service_challenge/marker6/materials/textures
[46.454s] -- Installing: /home/donggun/S13P21A501/Embedded/install/turtlebot3_manipulation_gazebo/share/turtlebot3_manipulation_gazebo/models/turtlebot3_home_service_challenge/marker6/materials/textures/Marker6.png
[46.454s] -- Installing: /home/donggun/S13P21A501/Embedded/install/turtlebot3_manipulation_gazebo/share/turtlebot3_manipulation_gazebo/models/turtlebot3_home_service_challenge/marker6/model-1_4.sdf
[46.454s] -- Installing: /home/donggun/S13P21A501/Embedded/install/turtlebot3_manipulation_gazebo/share/turtlebot3_manipulation_gazebo/models/turtlebot3_home_service_challenge/marker6/model.sdf
[46.454s] -- Installing: /home/donggun/S13P21A501/Embedded/install/turtlebot3_manipulation_gazebo/share/turtlebot3_manipulation_gazebo/models/turtlebot3_home_service_challenge/marker6/model.config
[46.454s] -- Installing: /home/donggun/S13P21A501/Embedded/install/turtlebot3_manipulation_gazebo/share/turtlebot3_manipulation_gazebo/models/turtlebot3_home_service_challenge/marker6/model-1_5.sdf
[46.454s] -- Installing: /home/donggun/S13P21A501/Embedded/install/turtlebot3_manipulation_gazebo/share/turtlebot3_manipulation_gazebo/models/turtlebot3_home_service_challenge/marker2
[46.454s] -- Installing: /home/donggun/S13P21A501/Embedded/install/turtlebot3_manipulation_gazebo/share/turtlebot3_manipulation_gazebo/models/turtlebot3_home_service_challenge/marker2/meshes
[46.454s] -- Installing: /home/donggun/S13P21A501/Embedded/install/turtlebot3_manipulation_gazebo/share/turtlebot3_manipulation_gazebo/models/turtlebot3_home_service_challenge/marker2/meshes/Marker2.dae
[46.454s] -- Installing: /home/donggun/S13P21A501/Embedded/install/turtlebot3_manipulation_gazebo/share/turtlebot3_manipulation_gazebo/models/turtlebot3_home_service_challenge/marker2/materials
[46.454s] -- Installing: /home/donggun/S13P21A501/Embedded/install/turtlebot3_manipulation_gazebo/share/turtlebot3_manipulation_gazebo/models/turtlebot3_home_service_challenge/marker2/materials/textures
[46.454s] -- Installing: /home/donggun/S13P21A501/Embedded/install/turtlebot3_manipulation_gazebo/share/turtlebot3_manipulation_gazebo/models/turtlebot3_home_service_challenge/marker2/materials/textures/Marker2.png
[46.454s] -- Installing: /home/donggun/S13P21A501/Embedded/install/turtlebot3_manipulation_gazebo/share/turtlebot3_manipulation_gazebo/models/turtlebot3_home_service_challenge/marker2/model-1_4.sdf
[46.455s] -- Installing: /home/donggun/S13P21A501/Embedded/install/turtlebot3_manipulation_gazebo/share/turtlebot3_manipulation_gazebo/models/turtlebot3_home_service_challenge/marker2/model.sdf
[46.455s] -- Installing: /home/donggun/S13P21A501/Embedded/install/turtlebot3_manipulation_gazebo/share/turtlebot3_manipulation_gazebo/models/turtlebot3_home_service_challenge/marker2/model.config
[46.455s] -- Installing: /home/donggun/S13P21A501/Embedded/install/turtlebot3_manipulation_gazebo/share/turtlebot3_manipulation_gazebo/models/turtlebot3_home_service_challenge/marker2/model-1_5.sdf
[46.455s] -- Installing: /home/donggun/S13P21A501/Embedded/install/turtlebot3_manipulation_gazebo/share/turtlebot3_manipulation_gazebo/models/turtlebot3_home_service_challenge/marker3
[46.455s] -- Installing: /home/donggun/S13P21A501/Embedded/install/turtlebot3_manipulation_gazebo/share/turtlebot3_manipulation_gazebo/models/turtlebot3_home_service_challenge/marker3/meshes
[46.455s] -- Installing: /home/donggun/S13P21A501/Embedded/install/turtlebot3_manipulation_gazebo/share/turtlebot3_manipulation_gazebo/models/turtlebot3_home_service_challenge/marker3/meshes/Marker3.dae
[46.455s] -- Installing: /home/donggun/S13P21A501/Embedded/install/turtlebot3_manipulation_gazebo/share/turtlebot3_manipulation_gazebo/models/turtlebot3_home_service_challenge/marker3/materials
[46.455s] -- Installing: /home/donggun/S13P21A501/Embedded/install/turtlebot3_manipulation_gazebo/share/turtlebot3_manipulation_gazebo/models/turtlebot3_home_service_challenge/marker3/materials/textures
[46.455s] -- Installing: /home/donggun/S13P21A501/Embedded/install/turtlebot3_manipulation_gazebo/share/turtlebot3_manipulation_gazebo/models/turtlebot3_home_service_challenge/marker3/materials/textures/Marker3.png
[46.455s] -- Installing: /home/donggun/S13P21A501/Embedded/install/turtlebot3_manipulation_gazebo/share/turtlebot3_manipulation_gazebo/models/turtlebot3_home_service_challenge/marker3/model-1_4.sdf
[46.455s] -- Installing: /home/donggun/S13P21A501/Embedded/install/turtlebot3_manipulation_gazebo/share/turtlebot3_manipulation_gazebo/models/turtlebot3_home_service_challenge/marker3/model.sdf
[46.455s] -- Installing: /home/donggun/S13P21A501/Embedded/install/turtlebot3_manipulation_gazebo/share/turtlebot3_manipulation_gazebo/models/turtlebot3_home_service_challenge/marker3/model.config
[46.455s] -- Installing: /home/donggun/S13P21A501/Embedded/install/turtlebot3_manipulation_gazebo/share/turtlebot3_manipulation_gazebo/models/turtlebot3_home_service_challenge/marker3/model-1_5.sdf
[46.456s] -- Installing: /home/donggun/S13P21A501/Embedded/install/turtlebot3_manipulation_gazebo/share/turtlebot3_manipulation_gazebo/models/turtlebot3_home_service_challenge/marker1
[46.456s] -- Installing: /home/donggun/S13P21A501/Embedded/install/turtlebot3_manipulation_gazebo/share/turtlebot3_manipulation_gazebo/models/turtlebot3_home_service_challenge/marker1/meshes
[46.456s] -- Installing: /home/donggun/S13P21A501/Embedded/install/turtlebot3_manipulation_gazebo/share/turtlebot3_manipulation_gazebo/models/turtlebot3_home_service_challenge/marker1/meshes/Marker1.dae
[46.456s] -- Installing: /home/donggun/S13P21A501/Embedded/install/turtlebot3_manipulation_gazebo/share/turtlebot3_manipulation_gazebo/models/turtlebot3_home_service_challenge/marker1/materials
[46.456s] -- Installing: /home/donggun/S13P21A501/Embedded/install/turtlebot3_manipulation_gazebo/share/turtlebot3_manipulation_gazebo/models/turtlebot3_home_service_challenge/marker1/materials/textures
[46.456s] -- Installing: /home/donggun/S13P21A501/Embedded/install/turtlebot3_manipulation_gazebo/share/turtlebot3_manipulation_gazebo/models/turtlebot3_home_service_challenge/marker1/materials/textures/Marker1.png
[46.456s] -- Installing: /home/donggun/S13P21A501/Embedded/install/turtlebot3_manipulation_gazebo/share/turtlebot3_manipulation_gazebo/models/turtlebot3_home_service_challenge/marker1/model-1_4.sdf
[46.456s] -- Installing: /home/donggun/S13P21A501/Embedded/install/turtlebot3_manipulation_gazebo/share/turtlebot3_manipulation_gazebo/models/turtlebot3_home_service_challenge/marker1/model.sdf
[46.456s] -- Installing: /home/donggun/S13P21A501/Embedded/install/turtlebot3_manipulation_gazebo/share/turtlebot3_manipulation_gazebo/models/turtlebot3_home_service_challenge/marker1/model.config
[46.456s] -- Installing: /home/donggun/S13P21A501/Embedded/install/turtlebot3_manipulation_gazebo/share/turtlebot3_manipulation_gazebo/models/turtlebot3_home_service_challenge/marker1/model-1_5.sdf
[46.457s] -- Installing: /home/donggun/S13P21A501/Embedded/install/turtlebot3_manipulation_gazebo/share/turtlebot3_manipulation_gazebo/models/turtlebot3_home_service_challenge/marker7
[46.457s] -- Installing: /home/donggun/S13P21A501/Embedded/install/turtlebot3_manipulation_gazebo/share/turtlebot3_manipulation_gazebo/models/turtlebot3_home_service_challenge/marker7/meshes
[46.457s] -- Installing: /home/donggun/S13P21A501/Embedded/install/turtlebot3_manipulation_gazebo/share/turtlebot3_manipulation_gazebo/models/turtlebot3_home_service_challenge/marker7/meshes/Marker7.dae
[46.457s] -- Installing: /home/donggun/S13P21A501/Embedded/install/turtlebot3_manipulation_gazebo/share/turtlebot3_manipulation_gazebo/models/turtlebot3_home_service_challenge/marker7/materials
[46.457s] -- Installing: /home/donggun/S13P21A501/Embedded/install/turtlebot3_manipulation_gazebo/share/turtlebot3_manipulation_gazebo/models/turtlebot3_home_service_challenge/marker7/materials/textures
[46.457s] -- Installing: /home/donggun/S13P21A501/Embedded/install/turtlebot3_manipulation_gazebo/share/turtlebot3_manipulation_gazebo/models/turtlebot3_home_service_challenge/marker7/materials/textures/Marker7.png
[46.457s] -- Installing: /home/donggun/S13P21A501/Embedded/install/turtlebot3_manipulation_gazebo/share/turtlebot3_manipulation_gazebo/models/turtlebot3_home_service_challenge/marker7/model-1_4.sdf
[46.457s] -- Installing: /home/donggun/S13P21A501/Embedded/install/turtlebot3_manipulation_gazebo/share/turtlebot3_manipulation_gazebo/models/turtlebot3_home_service_challenge/marker7/model.sdf
[46.457s] -- Installing: /home/donggun/S13P21A501/Embedded/install/turtlebot3_manipulation_gazebo/share/turtlebot3_manipulation_gazebo/models/turtlebot3_home_service_challenge/marker7/model.config
[46.457s] -- Installing: /home/donggun/S13P21A501/Embedded/install/turtlebot3_manipulation_gazebo/share/turtlebot3_manipulation_gazebo/models/turtlebot3_home_service_challenge/marker7/model-1_5.sdf
[46.457s] -- Installing: /home/donggun/S13P21A501/Embedded/install/turtlebot3_manipulation_gazebo/share/turtlebot3_manipulation_gazebo/models/turtlebot3_home_service_challenge/marker4
[46.457s] -- Installing: /home/donggun/S13P21A501/Embedded/install/turtlebot3_manipulation_gazebo/share/turtlebot3_manipulation_gazebo/models/turtlebot3_home_service_challenge/marker4/meshes
[46.457s] -- Installing: /home/donggun/S13P21A501/Embedded/install/turtlebot3_manipulation_gazebo/share/turtlebot3_manipulation_gazebo/models/turtlebot3_home_service_challenge/marker4/meshes/Marker4.dae
[46.457s] -- Installing: /home/donggun/S13P21A501/Embedded/install/turtlebot3_manipulation_gazebo/share/turtlebot3_manipulation_gazebo/models/turtlebot3_home_service_challenge/marker4/materials
[46.458s] -- Installing: /home/donggun/S13P21A501/Embedded/install/turtlebot3_manipulation_gazebo/share/turtlebot3_manipulation_gazebo/models/turtlebot3_home_service_challenge/marker4/materials/textures
[46.458s] -- Installing: /home/donggun/S13P21A501/Embedded/install/turtlebot3_manipulation_gazebo/share/turtlebot3_manipulation_gazebo/models/turtlebot3_home_service_challenge/marker4/materials/textures/Marker4.png
[46.458s] -- Installing: /home/donggun/S13P21A501/Embedded/install/turtlebot3_manipulation_gazebo/share/turtlebot3_manipulation_gazebo/models/turtlebot3_home_service_challenge/marker4/model-1_4.sdf
[46.458s] -- Installing: /home/donggun/S13P21A501/Embedded/install/turtlebot3_manipulation_gazebo/share/turtlebot3_manipulation_gazebo/models/turtlebot3_home_service_challenge/marker4/model.sdf
[46.458s] -- Installing: /home/donggun/S13P21A501/Embedded/install/turtlebot3_manipulation_gazebo/share/turtlebot3_manipulation_gazebo/models/turtlebot3_home_service_challenge/marker4/model.config
[46.458s] -- Installing: /home/donggun/S13P21A501/Embedded/install/turtlebot3_manipulation_gazebo/share/turtlebot3_manipulation_gazebo/models/turtlebot3_home_service_challenge/marker4/model-1_5.sdf
[46.458s] -- Installing: /home/donggun/S13P21A501/Embedded/install/turtlebot3_manipulation_gazebo/share/turtlebot3_manipulation_gazebo/meshes
[46.458s] -- Installing: /home/donggun/S13P21A501/Embedded/install/turtlebot3_manipulation_gazebo/share/turtlebot3_manipulation_gazebo/meshes/turtlebot3_waffle_pi
[46.458s] -- Installing: /home/donggun/S13P21A501/Embedded/install/turtlebot3_manipulation_gazebo/share/turtlebot3_manipulation_gazebo/meshes/turtlebot3_waffle_pi/ladar.stl
[46.458s] -- Installing: /home/donggun/S13P21A501/Embedded/install/turtlebot3_manipulation_gazebo/share/turtlebot3_manipulation_gazebo/meshes/turtlebot3_waffle_pi/base.stl
[46.464s] -- Installing: /home/donggun/S13P21A501/Embedded/install/turtlebot3_manipulation_gazebo/share/turtlebot3_manipulation_gazebo/meshes/turtlebot3_waffle_pi/left_tire.stl
[46.465s] -- Installing: /home/donggun/S13P21A501/Embedded/install/turtlebot3_manipulation_gazebo/share/turtlebot3_manipulation_gazebo/meshes/turtlebot3_waffle_pi/right_tire.stl
[46.466s] -- Installing: /home/donggun/S13P21A501/Embedded/install/turtlebot3_manipulation_gazebo/share/turtlebot3_manipulation_gazebo/meshes/open_manipulator_x
[46.466s] -- Installing: /home/donggun/S13P21A501/Embedded/install/turtlebot3_manipulation_gazebo/share/turtlebot3_manipulation_gazebo/meshes/open_manipulator_x/link4.stl
[46.467s] -- Installing: /home/donggun/S13P21A501/Embedded/install/turtlebot3_manipulation_gazebo/share/turtlebot3_manipulation_gazebo/meshes/open_manipulator_x/gripper_left_palm.stl
[46.467s] -- Installing: /home/donggun/S13P21A501/Embedded/install/turtlebot3_manipulation_gazebo/share/turtlebot3_manipulation_gazebo/meshes/open_manipulator_x/link1.stl
[46.468s] -- Installing: /home/donggun/S13P21A501/Embedded/install/turtlebot3_manipulation_gazebo/share/turtlebot3_manipulation_gazebo/meshes/open_manipulator_x/link3.stl
[46.468s] -- Installing: /home/donggun/S13P21A501/Embedded/install/turtlebot3_manipulation_gazebo/share/turtlebot3_manipulation_gazebo/meshes/open_manipulator_x/link2.stl
[46.469s] -- Installing: /home/donggun/S13P21A501/Embedded/install/turtlebot3_manipulation_gazebo/share/turtlebot3_manipulation_gazebo/meshes/open_manipulator_x/gripper_right_palm.stl
[46.469s] -- Installing: /home/donggun/S13P21A501/Embedded/install/turtlebot3_manipulation_gazebo/share/turtlebot3_manipulation_gazebo/meshes/open_manipulator_x/link5.stl
[46.470s] -- Installing: /home/donggun/S13P21A501/Embedded/install/turtlebot3_manipulation_gazebo/share/ament_index/resource_index/package_run_dependencies/turtlebot3_manipulation_gazebo
[46.470s] -- Installing: /home/donggun/S13P21A501/Embedded/install/turtlebot3_manipulation_gazebo/share/ament_index/resource_index/parent_prefix_path/turtlebot3_manipulation_gazebo
[46.470s] -- Installing: /home/donggun/S13P21A501/Embedded/install/turtlebot3_manipulation_gazebo/share/turtlebot3_manipulation_gazebo/environment/ament_prefix_path.sh
[46.470s] -- Installing: /home/donggun/S13P21A501/Embedded/install/turtlebot3_manipulation_gazebo/share/turtlebot3_manipulation_gazebo/environment/ament_prefix_path.dsv
[46.470s] -- Installing: /home/donggun/S13P21A501/Embedded/install/turtlebot3_manipulation_gazebo/share/turtlebot3_manipulation_gazebo/environment/path.sh
[46.471s] -- Installing: /home/donggun/S13P21A501/Embedded/install/turtlebot3_manipulation_gazebo/share/turtlebot3_manipulation_gazebo/environment/path.dsv
[46.471s] -- Installing: /home/donggun/S13P21A501/Embedded/install/turtlebot3_manipulation_gazebo/share/turtlebot3_manipulation_gazebo/local_setup.bash
[46.471s] -- Installing: /home/donggun/S13P21A501/Embedded/install/turtlebot3_manipulation_gazebo/share/turtlebot3_manipulation_gazebo/local_setup.sh
[46.471s] -- Installing: /home/donggun/S13P21A501/Embedded/install/turtlebot3_manipulation_gazebo/share/turtlebot3_manipulation_gazebo/local_setup.zsh
[46.471s] -- Installing: /home/donggun/S13P21A501/Embedded/install/turtlebot3_manipulation_gazebo/share/turtlebot3_manipulation_gazebo/local_setup.dsv
[46.471s] -- Installing: /home/donggun/S13P21A501/Embedded/install/turtlebot3_manipulation_gazebo/share/turtlebot3_manipulation_gazebo/package.dsv
[46.471s] -- Installing: /home/donggun/S13P21A501/Embedded/install/turtlebot3_manipulation_gazebo/share/ament_index/resource_index/packages/turtlebot3_manipulation_gazebo
[46.471s] -- Installing: /home/donggun/S13P21A501/Embedded/install/turtlebot3_manipulation_gazebo/share/turtlebot3_manipulation_gazebo/cmake/turtlebot3_manipulation_gazeboConfig.cmake
[46.472s] -- Installing: /home/donggun/S13P21A501/Embedded/install/turtlebot3_manipulation_gazebo/share/turtlebot3_manipulation_gazebo/cmake/turtlebot3_manipulation_gazeboConfig-version.cmake
[46.472s] -- Installing: /home/donggun/S13P21A501/Embedded/install/turtlebot3_manipulation_gazebo/share/turtlebot3_manipulation_gazebo/package.xml
[46.474s] Invoked command in '/home/donggun/S13P21A501/Embedded/build/turtlebot3_manipulation_gazebo' returned '0': CMAKE_PREFIX_PATH=/opt/ros/humble /usr/bin/cmake --install /home/donggun/S13P21A501/Embedded/build/turtlebot3_manipulation_gazebo
