[0.085s] Invoking command in '/home/hb/Git/Embedded/build/turtlebot3_navigation2': CMAKE_PREFIX_PATH=${CMAKE_PREFIX_PATH}:/home/hb/Git/Embedded/install/turtlebot3_teleop:/home/hb/Git/Embedded/install/turtlebot3_example:/home/hb/Git/Embedded/install/robot_web_interface:/home/hb/Git/Embedded/install/delivery_interface:/home/hb/Git/Embedded/install/app_navigation:/opt/ros/humble /usr/bin/cmake /home/hb/Git/Embedded/src/turtlebot3/turtlebot3_navigation2 -DCMAKE_INSTALL_PREFIX=/home/hb/Git/Embedded/install/turtlebot3_navigation2
[1.748s] -- The C compiler identification is GNU 11.4.0
[1.748s] -- The CXX compiler identification is GNU 11.4.0
[1.748s] -- Detecting C compiler ABI info
[1.748s] -- Detecting C compiler ABI info - done
[1.748s] -- Check for working C compiler: /usr/bin/cc - skipped
[1.748s] -- Detecting C compile features
[1.748s] -- Detecting C compile features - done
[1.749s] -- Detecting CXX compiler ABI info
[1.750s] -- Detecting CXX compiler ABI info - done
[1.751s] -- Check for working CXX compiler: /usr/bin/c++ - skipped
[1.751s] -- Detecting CXX compile features
[1.751s] -- Detecting CXX compile features - done
[1.751s] -- Found ament_cmake: 1.3.12 (/opt/ros/humble/share/ament_cmake/cmake)
[1.751s] -- Found Python3: /usr/bin/python3 (found version "3.10.12") found components: Interpreter 
[1.751s] -- Configuring done
[1.751s] -- Generating done
[1.751s] -- Build files have been written to: /home/hb/Git/Embedded/build/turtlebot3_navigation2
[1.759s] Invoked command in '/home/hb/Git/Embedded/build/turtlebot3_navigation2' returned '0': CMAKE_PREFIX_PATH=${CMAKE_PREFIX_PATH}:/home/hb/Git/Embedded/install/turtlebot3_teleop:/home/hb/Git/Embedded/install/turtlebot3_example:/home/hb/Git/Embedded/install/robot_web_interface:/home/hb/Git/Embedded/install/delivery_interface:/home/hb/Git/Embedded/install/app_navigation:/opt/ros/humble /usr/bin/cmake /home/hb/Git/Embedded/src/turtlebot3/turtlebot3_navigation2 -DCMAKE_INSTALL_PREFIX=/home/hb/Git/Embedded/install/turtlebot3_navigation2
[1.761s] Invoking command in '/home/hb/Git/Embedded/build/turtlebot3_navigation2': CMAKE_PREFIX_PATH=${CMAKE_PREFIX_PATH}:/home/hb/Git/Embedded/install/turtlebot3_teleop:/home/hb/Git/Embedded/install/turtlebot3_example:/home/hb/Git/Embedded/install/robot_web_interface:/home/hb/Git/Embedded/install/delivery_interface:/home/hb/Git/Embedded/install/app_navigation:/opt/ros/humble /usr/bin/cmake --build /home/hb/Git/Embedded/build/turtlebot3_navigation2 -- -j16 -l16
[1.851s] Invoked command in '/home/hb/Git/Embedded/build/turtlebot3_navigation2' returned '0': CMAKE_PREFIX_PATH=${CMAKE_PREFIX_PATH}:/home/hb/Git/Embedded/install/turtlebot3_teleop:/home/hb/Git/Embedded/install/turtlebot3_example:/home/hb/Git/Embedded/install/robot_web_interface:/home/hb/Git/Embedded/install/delivery_interface:/home/hb/Git/Embedded/install/app_navigation:/opt/ros/humble /usr/bin/cmake --build /home/hb/Git/Embedded/build/turtlebot3_navigation2 -- -j16 -l16
[1.857s] Invoking command in '/home/hb/Git/Embedded/build/turtlebot3_navigation2': CMAKE_PREFIX_PATH=${CMAKE_PREFIX_PATH}:/home/hb/Git/Embedded/install/turtlebot3_teleop:/home/hb/Git/Embedded/install/turtlebot3_example:/home/hb/Git/Embedded/install/robot_web_interface:/home/hb/Git/Embedded/install/delivery_interface:/home/hb/Git/Embedded/install/app_navigation:/opt/ros/humble /usr/bin/cmake --install /home/hb/Git/Embedded/build/turtlebot3_navigation2
[1.880s] -- Install configuration: ""
[1.880s] -- Installing: /home/hb/Git/Embedded/install/turtlebot3_navigation2/share/turtlebot3_navigation2/launch
[1.880s] -- Installing: /home/hb/Git/Embedded/install/turtlebot3_navigation2/share/turtlebot3_navigation2/launch/navigation2.launch.py
[1.880s] -- Installing: /home/hb/Git/Embedded/install/turtlebot3_navigation2/share/turtlebot3_navigation2/map
[1.880s] -- Installing: /home/hb/Git/Embedded/install/turtlebot3_navigation2/share/turtlebot3_navigation2/map/map.pgm
[1.881s] -- Installing: /home/hb/Git/Embedded/install/turtlebot3_navigation2/share/turtlebot3_navigation2/map/map.yaml
[1.881s] -- Installing: /home/hb/Git/Embedded/install/turtlebot3_navigation2/share/turtlebot3_navigation2/param
[1.884s] -- Installing: /home/hb/Git/Embedded/install/turtlebot3_navigation2/share/turtlebot3_navigation2/param/burger_cam.yaml
[1.884s] -- Installing: /home/hb/Git/Embedded/install/turtlebot3_navigation2/share/turtlebot3_navigation2/param/humble
[1.884s] -- Installing: /home/hb/Git/Embedded/install/turtlebot3_navigation2/share/turtlebot3_navigation2/param/humble/burger_cam.yaml
[1.884s] -- Installing: /home/hb/Git/Embedded/install/turtlebot3_navigation2/share/turtlebot3_navigation2/param/humble/burger.yaml
[1.884s] -- Installing: /home/hb/Git/Embedded/install/turtlebot3_navigation2/share/turtlebot3_navigation2/param/humble/waffle.yaml
[1.885s] -- Installing: /home/hb/Git/Embedded/install/turtlebot3_navigation2/share/turtlebot3_navigation2/param/humble/waffle_pi.yaml
[1.885s] -- Installing: /home/hb/Git/Embedded/install/turtlebot3_navigation2/share/turtlebot3_navigation2/param/burger.yaml
[1.885s] -- Installing: /home/hb/Git/Embedded/install/turtlebot3_navigation2/share/turtlebot3_navigation2/param/waffle.yaml
[1.889s] -- Installing: /home/hb/Git/Embedded/install/turtlebot3_navigation2/share/turtlebot3_navigation2/param/waffle_pi.yaml
[1.889s] -- Installing: /home/hb/Git/Embedded/install/turtlebot3_navigation2/share/turtlebot3_navigation2/rviz
[1.890s] -- Installing: /home/hb/Git/Embedded/install/turtlebot3_navigation2/share/turtlebot3_navigation2/rviz/tb3_navigation2.rviz
[1.890s] -- Installing: /home/hb/Git/Embedded/install/turtlebot3_navigation2/share/ament_index/resource_index/package_run_dependencies/turtlebot3_navigation2
[1.890s] -- Installing: /home/hb/Git/Embedded/install/turtlebot3_navigation2/share/ament_index/resource_index/parent_prefix_path/turtlebot3_navigation2
[1.890s] -- Installing: /home/hb/Git/Embedded/install/turtlebot3_navigation2/share/turtlebot3_navigation2/environment/ament_prefix_path.sh
[1.890s] -- Installing: /home/hb/Git/Embedded/install/turtlebot3_navigation2/share/turtlebot3_navigation2/environment/ament_prefix_path.dsv
[1.890s] -- Installing: /home/hb/Git/Embedded/install/turtlebot3_navigation2/share/turtlebot3_navigation2/environment/path.sh
[1.890s] -- Installing: /home/hb/Git/Embedded/install/turtlebot3_navigation2/share/turtlebot3_navigation2/environment/path.dsv
[1.890s] -- Installing: /home/hb/Git/Embedded/install/turtlebot3_navigation2/share/turtlebot3_navigation2/local_setup.bash
[1.890s] -- Installing: /home/hb/Git/Embedded/install/turtlebot3_navigation2/share/turtlebot3_navigation2/local_setup.sh
[1.890s] -- Installing: /home/hb/Git/Embedded/install/turtlebot3_navigation2/share/turtlebot3_navigation2/local_setup.zsh
[1.891s] -- Installing: /home/hb/Git/Embedded/install/turtlebot3_navigation2/share/turtlebot3_navigation2/local_setup.dsv
[1.891s] -- Installing: /home/hb/Git/Embedded/install/turtlebot3_navigation2/share/turtlebot3_navigation2/package.dsv
[1.891s] -- Installing: /home/hb/Git/Embedded/install/turtlebot3_navigation2/share/ament_index/resource_index/packages/turtlebot3_navigation2
[1.895s] -- Installing: /home/hb/Git/Embedded/install/turtlebot3_navigation2/share/turtlebot3_navigation2/cmake/turtlebot3_navigation2Config.cmake
[1.895s] -- Installing: /home/hb/Git/Embedded/install/turtlebot3_navigation2/share/turtlebot3_navigation2/cmake/turtlebot3_navigation2Config-version.cmake
[1.895s] -- Installing: /home/hb/Git/Embedded/install/turtlebot3_navigation2/share/turtlebot3_navigation2/package.xml
[2.029s] Invoked command in '/home/hb/Git/Embedded/build/turtlebot3_navigation2' returned '0': CMAKE_PREFIX_PATH=${CMAKE_PREFIX_PATH}:/home/hb/Git/Embedded/install/turtlebot3_teleop:/home/hb/Git/Embedded/install/turtlebot3_example:/home/hb/Git/Embedded/install/robot_web_interface:/home/hb/Git/Embedded/install/delivery_interface:/home/hb/Git/Embedded/install/app_navigation:/opt/ros/humble /usr/bin/cmake --install /home/hb/Git/Embedded/build/turtlebot3_navigation2
