[0.063s] Invoking command in '/home/donggun/S13P21A501/Embedded/build/turtlebot3_navigation2': CMAKE_PREFIX_PATH=/opt/ros/humble /usr/bin/cmake /home/donggun/S13P21A501/Embedded/src/turtlebot3/turtlebot3_navigation2 -DCMAKE_INSTALL_PREFIX=/home/donggun/S13P21A501/Embedded/install/turtlebot3_navigation2
[2.678s] -- The C compiler identification is GNU 11.4.0
[2.678s] -- The CXX compiler identification is GNU 11.4.0
[2.678s] -- Detecting C compiler ABI info
[2.678s] -- Detecting C compiler ABI info - done
[2.678s] -- Check for working C compiler: /usr/bin/cc - skipped
[2.678s] -- Detecting C compile features
[2.678s] -- Detecting C compile features - done
[2.678s] -- Detecting CXX compiler ABI info
[2.678s] -- Detecting CXX compiler ABI info - done
[2.678s] -- Check for working CXX compiler: /usr/bin/c++ - skipped
[2.678s] -- Detecting CXX compile features
[2.678s] -- Detecting CXX compile features - done
[2.678s] -- Found ament_cmake: 1.3.12 (/opt/ros/humble/share/ament_cmake/cmake)
[2.679s] -- Found Python3: /usr/bin/python3 (found version "3.10.12") found components: Interpreter 
[2.679s] -- Configuring done
[2.679s] -- Generating done
[2.679s] -- Build files have been written to: /home/donggun/S13P21A501/Embedded/build/turtlebot3_navigation2
[2.684s] Invoked command in '/home/donggun/S13P21A501/Embedded/build/turtlebot3_navigation2' returned '0': CMAKE_PREFIX_PATH=/opt/ros/humble /usr/bin/cmake /home/donggun/S13P21A501/Embedded/src/turtlebot3/turtlebot3_navigation2 -DCMAKE_INSTALL_PREFIX=/home/donggun/S13P21A501/Embedded/install/turtlebot3_navigation2
[2.686s] Invoking command in '/home/donggun/S13P21A501/Embedded/build/turtlebot3_navigation2': CMAKE_PREFIX_PATH=/opt/ros/humble /usr/bin/cmake --build /home/donggun/S13P21A501/Embedded/build/turtlebot3_navigation2 -- -j16 -l16
[2.765s] Invoked command in '/home/donggun/S13P21A501/Embedded/build/turtlebot3_navigation2' returned '0': CMAKE_PREFIX_PATH=/opt/ros/humble /usr/bin/cmake --build /home/donggun/S13P21A501/Embedded/build/turtlebot3_navigation2 -- -j16 -l16
[2.771s] Invoking command in '/home/donggun/S13P21A501/Embedded/build/turtlebot3_navigation2': CMAKE_PREFIX_PATH=/opt/ros/humble /usr/bin/cmake --install /home/donggun/S13P21A501/Embedded/build/turtlebot3_navigation2
[2.780s] -- Install configuration: ""
[2.780s] -- Installing: /home/donggun/S13P21A501/Embedded/install/turtlebot3_navigation2/share/turtlebot3_navigation2/launch
[2.780s] -- Installing: /home/donggun/S13P21A501/Embedded/install/turtlebot3_navigation2/share/turtlebot3_navigation2/launch/navigation2.launch.py
[2.780s] -- Installing: /home/donggun/S13P21A501/Embedded/install/turtlebot3_navigation2/share/turtlebot3_navigation2/map
[2.780s] -- Installing: /home/donggun/S13P21A501/Embedded/install/turtlebot3_navigation2/share/turtlebot3_navigation2/map/map.pgm
[2.780s] -- Installing: /home/donggun/S13P21A501/Embedded/install/turtlebot3_navigation2/share/turtlebot3_navigation2/map/map.yaml
[2.781s] -- Installing: /home/donggun/S13P21A501/Embedded/install/turtlebot3_navigation2/share/turtlebot3_navigation2/param
[2.781s] -- Installing: /home/donggun/S13P21A501/Embedded/install/turtlebot3_navigation2/share/turtlebot3_navigation2/param/waffle.yaml
[2.781s] -- Installing: /home/donggun/S13P21A501/Embedded/install/turtlebot3_navigation2/share/turtlebot3_navigation2/param/waffle_pi.yaml
[2.781s] -- Installing: /home/donggun/S13P21A501/Embedded/install/turtlebot3_navigation2/share/turtlebot3_navigation2/param/burger_cam.yaml
[2.781s] -- Installing: /home/donggun/S13P21A501/Embedded/install/turtlebot3_navigation2/share/turtlebot3_navigation2/param/humble
[2.781s] -- Installing: /home/donggun/S13P21A501/Embedded/install/turtlebot3_navigation2/share/turtlebot3_navigation2/param/humble/waffle.yaml
[2.781s] -- Installing: /home/donggun/S13P21A501/Embedded/install/turtlebot3_navigation2/share/turtlebot3_navigation2/param/humble/waffle_pi.yaml
[2.781s] -- Installing: /home/donggun/S13P21A501/Embedded/install/turtlebot3_navigation2/share/turtlebot3_navigation2/param/humble/burger_cam.yaml
[2.781s] -- Installing: /home/donggun/S13P21A501/Embedded/install/turtlebot3_navigation2/share/turtlebot3_navigation2/param/humble/burger.yaml
[2.782s] -- Installing: /home/donggun/S13P21A501/Embedded/install/turtlebot3_navigation2/share/turtlebot3_navigation2/param/burger.yaml
[2.782s] -- Installing: /home/donggun/S13P21A501/Embedded/install/turtlebot3_navigation2/share/turtlebot3_navigation2/rviz
[2.782s] -- Installing: /home/donggun/S13P21A501/Embedded/install/turtlebot3_navigation2/share/turtlebot3_navigation2/rviz/tb3_navigation2.rviz
[2.782s] -- Installing: /home/donggun/S13P21A501/Embedded/install/turtlebot3_navigation2/share/ament_index/resource_index/package_run_dependencies/turtlebot3_navigation2
[2.783s] -- Installing: /home/donggun/S13P21A501/Embedded/install/turtlebot3_navigation2/share/ament_index/resource_index/parent_prefix_path/turtlebot3_navigation2
[2.785s] -- Installing: /home/donggun/S13P21A501/Embedded/install/turtlebot3_navigation2/share/turtlebot3_navigation2/environment/ament_prefix_path.sh
[2.786s] -- Installing: /home/donggun/S13P21A501/Embedded/install/turtlebot3_navigation2/share/turtlebot3_navigation2/environment/ament_prefix_path.dsv
[2.787s] -- Installing: /home/donggun/S13P21A501/Embedded/install/turtlebot3_navigation2/share/turtlebot3_navigation2/environment/path.sh
[2.787s] -- Installing: /home/donggun/S13P21A501/Embedded/install/turtlebot3_navigation2/share/turtlebot3_navigation2/environment/path.dsv
[2.788s] -- Installing: /home/donggun/S13P21A501/Embedded/install/turtlebot3_navigation2/share/turtlebot3_navigation2/local_setup.bash
[2.788s] -- Installing: /home/donggun/S13P21A501/Embedded/install/turtlebot3_navigation2/share/turtlebot3_navigation2/local_setup.sh
[2.788s] -- Installing: /home/donggun/S13P21A501/Embedded/install/turtlebot3_navigation2/share/turtlebot3_navigation2/local_setup.zsh
[2.788s] -- Installing: /home/donggun/S13P21A501/Embedded/install/turtlebot3_navigation2/share/turtlebot3_navigation2/local_setup.dsv
[2.788s] -- Installing: /home/donggun/S13P21A501/Embedded/install/turtlebot3_navigation2/share/turtlebot3_navigation2/package.dsv
[2.788s] -- Installing: /home/donggun/S13P21A501/Embedded/install/turtlebot3_navigation2/share/ament_index/resource_index/packages/turtlebot3_navigation2
[2.789s] -- Installing: /home/donggun/S13P21A501/Embedded/install/turtlebot3_navigation2/share/turtlebot3_navigation2/cmake/turtlebot3_navigation2Config.cmake
[2.789s] -- Installing: /home/donggun/S13P21A501/Embedded/install/turtlebot3_navigation2/share/turtlebot3_navigation2/cmake/turtlebot3_navigation2Config-version.cmake
[2.789s] -- Installing: /home/donggun/S13P21A501/Embedded/install/turtlebot3_navigation2/share/turtlebot3_navigation2/package.xml
[2.885s] Invoked command in '/home/donggun/S13P21A501/Embedded/build/turtlebot3_navigation2' returned '0': CMAKE_PREFIX_PATH=/opt/ros/humble /usr/bin/cmake --install /home/donggun/S13P21A501/Embedded/build/turtlebot3_navigation2
